 Panda Version: 2.0.3
Namespace(batch_size=128, cat_dims=None, cat_idx=None, config='config/allstate.yml', data_parallel=False, dataset='Allstate_Claims', direction='minimize', dropna_idx=[0], early_stopping_rounds=20, epochs=100, gpu_ids=[0, 1], logging_period=100, miss_cat_idx=None, miss_num_idx=None, model_name='NODE', n_trials=5, nominal_idx=[1, 2, 3, 4, 5, 6, 7, 8, 9, 10, 11, 12, 13, 14, 15, 16, 17, 18, 19, 20, 21, 22, 23, 24, 25, 26, 27, 28, 29, 30, 31, 32, 33, 34, 35, 36, 37, 38, 39, 40, 41, 42, 43, 44, 45, 46, 47, 48, 49, 50, 51, 52, 53, 54, 55, 56, 57, 58, 59, 60, 61, 62, 63, 64, 65, 66, 67, 68, 69, 70, 71, 72, 73, 74, 75, 76, 77, 78, 79, 80, 81, 82, 83, 84, 85, 86, 87, 88, 89, 90, 91, 92, 93, 94, 95, 96, 97, 98, 99, 100, 101, 102, 103, 104, 105, 106, 107, 108, 109, 110, 111, 112, 113, 114, 115, 116], num_classes=1, num_features=131, num_idx=None, num_splits=5, objective='regression', one_hot_encode=True, optimize_hyperparameters=True, ordinal_encode=False, ordinal_idx=None, scale=True, seed=221, shuffle=True, target_encode=False, use_gpu=True, val_batch_size=256)
Start hyperparameter optimization
 Panda Version: 2.0.3
Loading dataset Allstate_Claims...
Dataset loaded! 

X b4 encoding : ['A' 'B' 'A' 'B' 'A' 'A' 'A' 'A' 'B' 'A' 'B' 'A' 'A' 'A' 'A' 'A' 'A' 'A'
 'A' 'A' 'A' 'A' 'B' 'A' 'A' 'A' 'A' 'A' 'A' 'A' 'A' 'A' 'A' 'A' 'A' 'A'
 'A' 'A' 'A' 'A' 'A' 'A' 'A' 'A' 'A' 'A' 'A' 'A' 'A' 'A' 'A' 'A' 'A' 'A'
 'A' 'A' 'A' 'A' 'A' 'A' 'A' 'A' 'A' 'A' 'A' 'A' 'A' 'A' 'A' 'A' 'A' 'A'
 'A' 'A' 'B' 'A' 'D' 'B' 'B' 'D' 'D' 'B' 'D' 'C' 'B' 'D' 'B' 'A' 'A' 'A'
 'A' 'A' 'D' 'B' 'C' 'E' 'A' 'C' 'T' 'B' 'G' 'A' 'A' 'I' 'E' 'G' 'J' 'G'
 'BU' 'BC' 'C' 'AS' 'S' 'A' 'O' 'LB' 0.7263 0.245921 0.187583 0.789639
 0.310061 0.718367 0.3350599999999999 0.3026 0.67135 0.8351 0.569745
 0.594646 0.822493 0.714843] 

(188318, 130)
Data Type of X: <class 'numpy.ndarray'>
Nominal Idx: [0, 1, 2, 3, 4, 5, 6, 7, 8, 9, 10, 11, 12, 13, 14, 15, 16, 17, 18, 19, 20, 21, 22, 23, 24, 25, 26, 27, 28, 29, 30, 31, 32, 33, 34, 35, 36, 37, 38, 39, 40, 41, 42, 43, 44, 45, 46, 47, 48, 49, 50, 51, 52, 53, 54, 55, 56, 57, 58, 59, 60, 61, 62, 63, 64, 65, 66, 67, 68, 69, 70, 71, 72, 73, 74, 75, 76, 77, 78, 79, 80, 81, 82, 83, 84, 85, 86, 87, 88, 89, 90, 91, 92, 93, 94, 95, 96, 97, 98, 99, 100, 101, 102, 103, 104, 105, 106, 107, 108, 109, 110, 111, 112, 113, 114, 115]
Ordinal Idx: None
Cat Dims: None 
 

Normonal Idx: [0, 1, 2, 3, 4, 5, 6, 7, 8, 9, 10, 11, 12, 13, 14, 15, 16, 17, 18, 19, 20, 21, 22, 23, 24, 25, 26, 27, 28, 29, 30, 31, 32, 33, 34, 35, 36, 37, 38, 39, 40, 41, 42, 43, 44, 45, 46, 47, 48, 49, 50, 51, 52, 53, 54, 55, 56, 57, 58, 59, 60, 61, 62, 63, 64, 65, 66, 67, 68, 69, 70, 71, 72, 73, 74, 75, 76, 77, 78, 79, 80, 81, 82, 83, 84, 85, 86, 87, 88, 89, 90, 91, 92, 93, 94, 95, 96, 97, 98, 99, 100, 101, 102, 103, 104, 105, 106, 107, 108, 109, 110, 111, 112, 113, 114, 115]
Cat Idx Part II: [0, 1, 2, 3, 4, 5, 6, 7, 8, 9, 10, 11, 12, 13, 14, 15, 16, 17, 18, 19, 20, 21, 22, 23, 24, 25, 26, 27, 28, 29, 30, 31, 32, 33, 34, 35, 36, 37, 38, 39, 40, 41, 42, 43, 44, 45, 46, 47, 48, 49, 50, 51, 52, 53, 54, 55, 56, 57, 58, 59, 60, 61, 62, 63, 64, 65, 66, 67, 68, 69, 70, 71, 72, 73, 74, 75, 76, 77, 78, 79, 80, 81, 82, 83, 84, 85, 86, 87, 88, 89, 90, 91, 92, 93, 94, 95, 96, 97, 98, 99, 100, 101, 102, 103, 104, 105, 106, 107, 108, 109, 110, 111, 112, 113, 114, 115] 
ENDE 
 

X after Nominal Encoding: ['A' 'B' 'A' 'B' 'A' 'A' 'A' 'A' 'B' 'A' 'B' 'A' 'A' 'A' 'A' 'A' 'A' 'A'
 'A' 'A' 'A' 'A' 'B' 'A' 'A' 'A' 'A' 'A' 'A' 'A' 'A' 'A' 'A' 'A' 'A' 'A'
 'A' 'A' 'A' 'A' 'A' 'A' 'A' 'A' 'A' 'A' 'A' 'A' 'A' 'A' 'A' 'A' 'A' 'A'
 'A' 'A' 'A' 'A' 'A' 'A' 'A' 'A' 'A' 'A' 'A' 'A' 'A' 'A' 'A' 'A' 'A' 'A'
 'A' 'A' 'B' 'A' 'D' 'B' 'B' 'D' 'D' 'B' 'D' 'C' 'B' 'D' 'B' 'A' 'A' 'A'
 'A' 'A' 'D' 'B' 'C' 'E' 'A' 'C' 'T' 'B' 'G' 'A' 'A' 'I' 'E' 'G' 'J' 'G'
 'BU' 'BC' 'C' 'AS' 'S' 'A' 'O' 'LB' 0.7263 0.245921 0.187583 0.789639
 0.310061 0.718367 0.3350599999999999 0.3026 0.67135 0.8351 0.569745
 0.594646 0.822493 0.714843] 
 

Scaling the data...
X after Scaling: ['A' 'B' 'A' 'B' 'A' 'A' 'A' 'A' 'B' 'A' 'B' 'A' 'A' 'A' 'A' 'A' 'A' 'A'
 'A' 'A' 'A' 'A' 'B' 'A' 'A' 'A' 'A' 'A' 'A' 'A' 'A' 'A' 'A' 'A' 'A' 'A'
 'A' 'A' 'A' 'A' 'A' 'A' 'A' 'A' 'A' 'A' 'A' 'A' 'A' 'A' 'A' 'A' 'A' 'A'
 'A' 'A' 'A' 'A' 'A' 'A' 'A' 'A' 'A' 'A' 'A' 'A' 'A' 'A' 'A' 'A' 'A' 'A'
 'A' 'A' 'B' 'A' 'D' 'B' 'B' 'D' 'D' 'B' 'D' 'C' 'B' 'D' 'B' 'A' 'A' 'A'
 'A' 'A' 'D' 'B' 'C' 'E' 'A' 'C' 'T' 'B' 'G' 'A' 'A' 'I' 'E' 'G' 'J' 'G'
 'BU' 'BC' 'C' 'AS' 'S' 'A' 'O' 'LB' 1.238749914994374 -1.2609356061477353
 -1.5404709478398098 1.4095526019295532 -0.8485379649282767
 1.1079077456610602 -0.8400698534898288 -0.9220915124049341
 1.0230320281848326 1.8132181032572763 0.36347602679004504
 0.4846367827213369 1.547892317048025 0.9848936450970709] 
 

One Hot Encoding...
X after One Hot Encoding: [1.0 0.0 0.0 ... 0.4846367827213369 1.547892317048025 0.9848936450970709] 
 

args.num_features: 1153
args.cat_idx: None
Cat Dims: []
New Shape: (188318, 1153)
False 
 

