

----------------------------------------------------------------------------
Training NODE Vesion 1 with Dataset: config/boston.yml 



----------------------------------------------------------------------------
 Panda Version: 2.0.3


----------------------------------------------------------------------------
Training NODE Vesion 1 with Dataset: config/socmob.yml 



----------------------------------------------------------------------------
 Panda Version: 2.0.3


----------------------------------------------------------------------------
Training NODE Vesion 1 with Dataset: config/sensory.yml 



----------------------------------------------------------------------------
 Panda Version: 2.0.3


----------------------------------------------------------------------------
Training NODE Vesion 1 with Dataset: config/moneyball.yml 



----------------------------------------------------------------------------
 Panda Version: 2.0.3


----------------------------------------------------------------------------
Training NODE Vesion 1 with Dataset: config/black_friday.yml 



----------------------------------------------------------------------------
 Panda Version: 2.0.3
