usage: train.py [-h] [-config CONFIG] --model_name MODEL_NAME --dataset
                DATASET --objective {regression,classification,binary}
                [--use_gpu] [--gpu_ids GPU_IDS] [--data_parallel]
                [--optimize_hyperparameters] [--n_trials N_TRIALS]
                [--direction {minimize,maximize}] [--num_splits NUM_SPLITS]
                [--shuffle] [--seed SEED] [--scale] [--target_encode]
                [--one_hot_encode] [--ordinal_encode]
                [--batch_size BATCH_SIZE] [--val_batch_size VAL_BATCH_SIZE]
                [--early_stopping_rounds EARLY_STOPPING_ROUNDS]
                [--epochs EPOCHS] [--logging_period LOGGING_PERIOD]
                --num_features NUM_FEATURES [--num_classes NUM_CLASSES]
                [--cat_idx CAT_IDX] [--nominal_idx NOMINAL_IDX]
                [--ordinal_idx ORDINAL_IDX] [--cat_dims CAT_DIMS]
                [--dropna_idx DROPNA_IDX] [--miss_cat_idx MISS_CAT_IDX]
                [--miss_num_idx MISS_NUM_IDX]
train.py: error: argument --epochs: expected one argument
srun: error: stud-000: task 0: Exited with exit code 2
usage: train.py [-h] [-config CONFIG] --model_name MODEL_NAME --dataset
                DATASET --objective {regression,classification,binary}
                [--use_gpu] [--gpu_ids GPU_IDS] [--data_parallel]
                [--optimize_hyperparameters] [--n_trials N_TRIALS]
                [--direction {minimize,maximize}] [--num_splits NUM_SPLITS]
                [--shuffle] [--seed SEED] [--scale] [--target_encode]
                [--one_hot_encode] [--ordinal_encode]
                [--batch_size BATCH_SIZE] [--val_batch_size VAL_BATCH_SIZE]
                [--early_stopping_rounds EARLY_STOPPING_ROUNDS]
                [--epochs EPOCHS] [--logging_period LOGGING_PERIOD]
                --num_features NUM_FEATURES [--num_classes NUM_CLASSES]
                [--cat_idx CAT_IDX] [--nominal_idx NOMINAL_IDX]
                [--ordinal_idx ORDINAL_IDX] [--cat_dims CAT_DIMS]
                [--dropna_idx DROPNA_IDX] [--miss_cat_idx MISS_CAT_IDX]
                [--miss_num_idx MISS_NUM_IDX]
train.py: error: argument --epochs: expected one argument
srun: error: stud-000: task 0: Exited with exit code 2
usage: train.py [-h] [-config CONFIG] --model_name MODEL_NAME --dataset
                DATASET --objective {regression,classification,binary}
                [--use_gpu] [--gpu_ids GPU_IDS] [--data_parallel]
                [--optimize_hyperparameters] [--n_trials N_TRIALS]
                [--direction {minimize,maximize}] [--num_splits NUM_SPLITS]
                [--shuffle] [--seed SEED] [--scale] [--target_encode]
                [--one_hot_encode] [--ordinal_encode]
                [--batch_size BATCH_SIZE] [--val_batch_size VAL_BATCH_SIZE]
                [--early_stopping_rounds EARLY_STOPPING_ROUNDS]
                [--epochs EPOCHS] [--logging_period LOGGING_PERIOD]
                --num_features NUM_FEATURES [--num_classes NUM_CLASSES]
                [--cat_idx CAT_IDX] [--nominal_idx NOMINAL_IDX]
                [--ordinal_idx ORDINAL_IDX] [--cat_dims CAT_DIMS]
                [--dropna_idx DROPNA_IDX] [--miss_cat_idx MISS_CAT_IDX]
                [--miss_num_idx MISS_NUM_IDX]
train.py: error: argument --epochs: expected one argument
srun: error: stud-000: task 0: Exited with exit code 2
usage: train.py [-h] [-config CONFIG] --model_name MODEL_NAME --dataset
                DATASET --objective {regression,classification,binary}
                [--use_gpu] [--gpu_ids GPU_IDS] [--data_parallel]
                [--optimize_hyperparameters] [--n_trials N_TRIALS]
                [--direction {minimize,maximize}] [--num_splits NUM_SPLITS]
                [--shuffle] [--seed SEED] [--scale] [--target_encode]
                [--one_hot_encode] [--ordinal_encode]
                [--batch_size BATCH_SIZE] [--val_batch_size VAL_BATCH_SIZE]
                [--early_stopping_rounds EARLY_STOPPING_ROUNDS]
                [--epochs EPOCHS] [--logging_period LOGGING_PERIOD]
                --num_features NUM_FEATURES [--num_classes NUM_CLASSES]
                [--cat_idx CAT_IDX] [--nominal_idx NOMINAL_IDX]
                [--ordinal_idx ORDINAL_IDX] [--cat_dims CAT_DIMS]
                [--dropna_idx DROPNA_IDX] [--miss_cat_idx MISS_CAT_IDX]
                [--miss_num_idx MISS_NUM_IDX]
train.py: error: argument --epochs: expected one argument
srun: error: stud-000: task 0: Exited with exit code 2
usage: train.py [-h] [-config CONFIG] --model_name MODEL_NAME --dataset
                DATASET --objective {regression,classification,binary}
                [--use_gpu] [--gpu_ids GPU_IDS] [--data_parallel]
                [--optimize_hyperparameters] [--n_trials N_TRIALS]
                [--direction {minimize,maximize}] [--num_splits NUM_SPLITS]
                [--shuffle] [--seed SEED] [--scale] [--target_encode]
                [--one_hot_encode] [--ordinal_encode]
                [--batch_size BATCH_SIZE] [--val_batch_size VAL_BATCH_SIZE]
                [--early_stopping_rounds EARLY_STOPPING_ROUNDS]
                [--epochs EPOCHS] [--logging_period LOGGING_PERIOD]
                --num_features NUM_FEATURES [--num_classes NUM_CLASSES]
                [--cat_idx CAT_IDX] [--nominal_idx NOMINAL_IDX]
                [--ordinal_idx ORDINAL_IDX] [--cat_dims CAT_DIMS]
                [--dropna_idx DROPNA_IDX] [--miss_cat_idx MISS_CAT_IDX]
                [--miss_num_idx MISS_NUM_IDX]
train.py: error: argument --epochs: expected one argument
srun: error: stud-000: task 0: Exited with exit code 2
