Traceback (most recent call last):
  File "train.py", line 185, in <module>
    main(arguments)
  File "train.py", line 146, in main
    model_name = str2model(args.model_name)
  File "/home/mburu/Master_Thesis/master-thesis-da/DNN_Trial/models/__init__.py", line 61, in str2model
    from models.node import NODE
  File "/home/mburu/Master_Thesis/master-thesis-da/DNN_Trial/models/node.py", line 3, in <module>
    from models import node_lib
  File "/home/mburu/Master_Thesis/master-thesis-da/DNN_Trial/models/node_lib/__init__.py", line 2, in <module>
    from .odst import *
  File "/home/mburu/Master_Thesis/master-thesis-da/DNN_Trial/models/node_lib/odst.py", line 7, in <module>
    from .utils import check_numpy
  File "/home/mburu/Master_Thesis/master-thesis-da/DNN_Trial/models/node_lib/utils.py", line 7, in <module>
    import requests
  File "/home/mburu/.local/lib/python3.8/site-packages/requests/__init__.py", line 151, in <module>
    from . import packages, utils
  File "/home/mburu/.local/lib/python3.8/site-packages/requests/packages.py", line 9, in <module>
    locals()[package] = __import__(package)
ModuleNotFoundError: No module named 'idna'
srun: error: stud-000: task 0: Exited with exit code 1
Traceback (most recent call last):
  File "train.py", line 185, in <module>
    main(arguments)
  File "train.py", line 146, in main
    model_name = str2model(args.model_name)
  File "/home/mburu/Master_Thesis/master-thesis-da/DNN_Trial/models/__init__.py", line 61, in str2model
    from models.node import NODE
  File "/home/mburu/Master_Thesis/master-thesis-da/DNN_Trial/models/node.py", line 3, in <module>
    from models import node_lib
  File "/home/mburu/Master_Thesis/master-thesis-da/DNN_Trial/models/node_lib/__init__.py", line 2, in <module>
    from .odst import *
  File "/home/mburu/Master_Thesis/master-thesis-da/DNN_Trial/models/node_lib/odst.py", line 7, in <module>
    from .utils import check_numpy
  File "/home/mburu/Master_Thesis/master-thesis-da/DNN_Trial/models/node_lib/utils.py", line 7, in <module>
    import requests
  File "/home/mburu/.local/lib/python3.8/site-packages/requests/__init__.py", line 151, in <module>
    from . import packages, utils
  File "/home/mburu/.local/lib/python3.8/site-packages/requests/packages.py", line 9, in <module>
    locals()[package] = __import__(package)
ModuleNotFoundError: No module named 'idna'
srun: error: stud-000: task 0: Exited with exit code 1
