In Dataset : 42688-Brazilian_houses
      Training  Testing
rmse       0.0      0.0
r2         1.0      1.0


In Dataset : 42563-house_prices_nominal
      Training  Testing
rmse    0.0326    0.089
r2      0.8600   -0.160


In Dataset : 42729-nyc-taxi-green-dec-2016
      Training  Testing
rmse       0.0      0.0
r2         1.0      1.0


In Dataset : 42726-abalone
      Training  Testing
rmse       0.0      0.0
r2         1.0      1.0


In Dataset : 42225-diamonds
      Training  Testing
rmse    0.0482   0.4202
r2      1.0000   0.8400


In Dataset : 42570-Mercedes_Benz_Greener_Manufacturing
      Training  Testing
rmse    0.0601   0.1507
r2      0.8700   0.0700


In Dataset : 42571-Allstate_Claims_Severity
      Training  Testing
rmse    0.0019   0.0024
r2      0.9400   0.7900


In Dataset : 531-boston
      Training  Testing
rmse       0.0      0.0
r2         1.0      1.0


In Dataset : 42731-house_sales
      Training  Testing
rmse    0.0024   0.0153
r2      1.0000   0.9800


In Dataset : 541-socmob
      Training  Testing
rmse       0.0      0.0
r2         1.0      1.0


In Dataset : 546-sensory
      Training  Testing
rmse       0.0      0.0
r2         1.0      1.0


In Dataset : 41540-black_friday
      Training  Testing
rmse    0.0022    0.007
r2      1.0000    1.000


In Dataset : 41980-SAT11-HAND-runtime-regression
      Training  Testing
rmse    0.1075    0.305
r2      0.8000   -0.170


In Dataset : 41021-Moneyball
      Training  Testing
rmse    0.0125    0.056
r2      0.8500    0.220


In Dataset : 43071-MIP-2016-regression
      Training  Testing
rmse       0.0      0.0
r2         1.0      1.0


