[I 2025-01-04 04:33:59,761] Using an existing study with name 'VIME_House_Sales' instead of creating a new one.
[I 2025-01-04 05:02:52,006] Trial 20 finished with value: 19641580949.513573 and parameters: {'p_m': 0.42700973771641826, 'alpha': 0.9282976941998086, 'K': 3, 'beta': 2.7886113561215677}. Best is trial 3 with value: 15168875776.899242.
[I 2025-01-04 05:21:47,680] Trial 21 finished with value: 15954070718.646143 and parameters: {'p_m': 0.5706035497746242, 'alpha': 8.383574068986977, 'K': 2, 'beta': 0.374142916618157}. Best is trial 3 with value: 15168875776.899242.
[I 2025-01-04 05:41:53,971] Trial 22 finished with value: 14995031152.351624 and parameters: {'p_m': 0.7427184645298543, 'alpha': 5.965646894511213, 'K': 2, 'beta': 0.13754665710960343}. Best is trial 22 with value: 14995031152.351624.
[I 2025-01-04 06:23:32,164] Trial 23 finished with value: 16769510896.705322 and parameters: {'p_m': 0.15756739415286125, 'alpha': 5.949993673487435, 'K': 5, 'beta': 1.200629303786874}. Best is trial 22 with value: 14995031152.351624.
[I 2025-01-04 08:03:42,436] Trial 24 finished with value: 18166312564.95525 and parameters: {'p_m': 0.39780036724900003, 'alpha': 2.6273700536024593, 'K': 20, 'beta': 1.1679676360389981}. Best is trial 22 with value: 14995031152.351624.
[I 2025-01-04 09:07:38,245] Trial 25 finished with value: 26016272673.61617 and parameters: {'p_m': 0.2759869853499849, 'alpha': 5.727213664056498, 'K': 15, 'beta': 4.014970403981191}. Best is trial 22 with value: 14995031152.351624.
[I 2025-01-04 10:13:29,045] Trial 26 finished with value: 15403247111.718983 and parameters: {'p_m': 0.7658835483783468, 'alpha': 4.47853685508531, 'K': 10, 'beta': 0.1446934986299341}. Best is trial 22 with value: 14995031152.351624.
[I 2025-01-04 11:20:55,199] Trial 27 finished with value: 17245748457.90946 and parameters: {'p_m': 0.750507176735528, 'alpha': 6.131021535117922, 'K': 10, 'beta': 2.1355146556803164}. Best is trial 22 with value: 14995031152.351624.
[I 2025-01-04 12:28:40,528] Trial 28 finished with value: 16366291057.20339 and parameters: {'p_m': 0.8984878489066279, 'alpha': 4.256363797359771, 'K': 10, 'beta': 0.96393138376819}. Best is trial 22 with value: 14995031152.351624.
[I 2025-01-04 13:36:09,867] Trial 29 finished with value: 18467862005.12332 and parameters: {'p_m': 0.714247130780528, 'alpha': 8.386900054458373, 'K': 10, 'beta': 3.291078615587468}. Best is trial 22 with value: 14995031152.351624.
[I 2025-01-04 15:18:23,133] Trial 30 finished with value: 20774704046.408985 and parameters: {'p_m': 0.6541572863382168, 'alpha': 5.332786471475278, 'K': 20, 'beta': 4.916248778452505}. Best is trial 22 with value: 14995031152.351624.
[I 2025-01-04 15:38:23,486] Trial 31 finished with value: 14927011671.4301 and parameters: {'p_m': 0.5947367391828347, 'alpha': 0.5119049368440656, 'K': 2, 'beta': 0.22422357596955864}. Best is trial 31 with value: 14927011671.4301.
[I 2025-01-04 15:58:51,401] Trial 32 finished with value: 17887644478.74561 and parameters: {'p_m': 0.5980457553928212, 'alpha': 2.1211330096925, 'K': 2, 'beta': 0.9319933419356392}. Best is trial 31 with value: 14927011671.4301.
[I 2025-01-04 16:19:29,257] Trial 33 finished with value: 17157844552.784185 and parameters: {'p_m': 0.7778116083199259, 'alpha': 1.026295208629488, 'K': 2, 'beta': 1.6575896697702301}. Best is trial 31 with value: 14927011671.4301.
[I 2025-01-04 17:25:30,292] Trial 34 finished with value: 16545495579.830982 and parameters: {'p_m': 0.5346257290884848, 'alpha': 6.628325466587639, 'K': 10, 'beta': 0.6797172260753358}. Best is trial 31 with value: 14927011671.4301.
[I 2025-01-04 17:45:22,139] Trial 35 finished with value: 17153981580.5746 and parameters: {'p_m': 0.7464036295842125, 'alpha': 7.7331079159658005, 'K': 2, 'beta': 1.634424458844912}. Best is trial 31 with value: 14927011671.4301.
[I 2025-01-04 18:14:11,993] Trial 36 finished with value: 20732040266.7229 and parameters: {'p_m': 0.809085869116394, 'alpha': 3.9213214722080822, 'K': 3, 'beta': 6.35174865846667}. Best is trial 31 with value: 14927011671.4301.
[I 2025-01-04 18:34:23,803] Trial 37 finished with value: 16523078488.149017 and parameters: {'p_m': 0.48665075862488794, 'alpha': 0.7688245562745922, 'K': 2, 'beta': 0.6913875224783034}. Best is trial 31 with value: 14927011671.4301.
[I 2025-01-04 19:42:50,218] Trial 38 finished with value: 15081694919.936304 and parameters: {'p_m': 0.6558899173354594, 'alpha': 6.550448123416245, 'K': 10, 'beta': 0.14772886439985555}. Best is trial 31 with value: 14927011671.4301.
[I 2025-01-04 20:11:39,327] Trial 39 finished with value: 21331121298.227184 and parameters: {'p_m': 0.6420055434058617, 'alpha': 6.690469107136495, 'K': 3, 'beta': 2.7382263307618606}. Best is trial 31 with value: 14927011671.4301.
[I 2025-01-04 21:34:49,940] Trial 40 finished with value: 18386038228.660477 and parameters: {'p_m': 0.5566192908095323, 'alpha': 1.946647477056164, 'K': 15, 'beta': 2.0658921096836114}. Best is trial 31 with value: 14927011671.4301.
[I 2025-01-04 22:41:18,913] Trial 41 finished with value: 14978790609.995438 and parameters: {'p_m': 0.7085871376946531, 'alpha': 4.952773518607272, 'K': 10, 'beta': 0.18263625449632473}. Best is trial 31 with value: 14927011671.4301.
[I 2025-01-04 23:50:13,041] Trial 42 finished with value: 16290294004.67662 and parameters: {'p_m': 0.6980809492042657, 'alpha': 5.519219073943634, 'K': 10, 'beta': 0.6429189509552425}. Best is trial 31 with value: 14927011671.4301.
[I 2025-01-05 00:59:13,950] Trial 43 finished with value: 15276549735.215628 and parameters: {'p_m': 0.601942961305839, 'alpha': 6.283103573960118, 'K': 10, 'beta': 0.16778346246700038}. Best is trial 31 with value: 14927011671.4301.
[I 2025-01-05 01:20:02,513] Trial 44 finished with value: 17085671695.347336 and parameters: {'p_m': 0.8457906869599269, 'alpha': 7.261805008812733, 'K': 2, 'beta': 1.5636053601780002}. Best is trial 31 with value: 14927011671.4301.
[I 2025-01-05 02:28:36,124] Trial 45 finished with value: 17029555869.394983 and parameters: {'p_m': 0.7085833812458433, 'alpha': 5.134617695340114, 'K': 10, 'beta': 1.325810312290689}. Best is trial 31 with value: 14927011671.4301.
[I 2025-01-05 04:11:58,846] Trial 46 finished with value: 16595062119.85962 and parameters: {'p_m': 0.6660687246649967, 'alpha': 7.74444368304781, 'K': 20, 'beta': 0.6988230788816341}. Best is trial 31 with value: 14927011671.4301.
[I 2025-01-05 04:31:06,941] Trial 47 finished with value: 15820126425.022854 and parameters: {'p_m': 0.6342734951315637, 'alpha': 4.876634711767222, 'K': 2, 'beta': 0.15399296890245887}. Best is trial 31 with value: 14927011671.4301.
[I 2025-01-05 05:00:43,813] Trial 48 finished with value: 29409344687.030334 and parameters: {'p_m': 0.5181746560337925, 'alpha': 0.5558266926619052, 'K': 3, 'beta': 9.87193617709948}. Best is trial 31 with value: 14927011671.4301.
[I 2025-01-05 06:09:46,098] Trial 49 finished with value: 23589722636.680325 and parameters: {'p_m': 0.5761681867204367, 'alpha': 2.3892327932412383, 'K': 10, 'beta': 7.741165438011581}. Best is trial 31 with value: 14927011671.4301.
[I 2025-01-05 06:30:34,436] Trial 50 finished with value: 17996526314.907295 and parameters: {'p_m': 0.7246283960554261, 'alpha': 6.983636978697304, 'K': 2, 'beta': 2.0408275089419767}. Best is trial 31 with value: 14927011671.4301.
[I 2025-01-05 07:37:59,098] Trial 51 finished with value: 15247116153.88789 and parameters: {'p_m': 0.6074151076336981, 'alpha': 6.662521720778828, 'K': 10, 'beta': 0.12941658929039854}. Best is trial 31 with value: 14927011671.4301.
[I 2025-01-05 08:46:43,099] Trial 52 finished with value: 16016874893.983105 and parameters: {'p_m': 0.6735710544459551, 'alpha': 6.5408391857167265, 'K': 10, 'beta': 0.6032486860771897}. Best is trial 31 with value: 14927011671.4301.
[I 2025-01-05 09:53:23,086] Trial 53 finished with value: 17951412415.707336 and parameters: {'p_m': 0.4520293117085127, 'alpha': 3.2665705031745005, 'K': 10, 'beta': 1.0871125638576997}. Best is trial 31 with value: 14927011671.4301.
srun: Job step aborted: Waiting up to 32 seconds for job step to finish.
slurmstepd: error: *** STEP 944482.0 ON stud-000 CANCELLED AT 2025-01-05T10:51:59 ***
srun: error: stud-000: task 0: Killed
