[I 2025-01-04 11:58:53,198] A new study created in RDB with name: VIME_SAT11
[I 2025-01-04 12:23:37,792] Trial 0 finished with value: 2111598.6556668254 and parameters: {'p_m': 0.1493969253996327, 'alpha': 9.327488718168642, 'K': 20, 'beta': 2.7186578123277045}. Best is trial 0 with value: 2111598.6556668254.
[I 2025-01-04 12:48:52,831] Trial 1 finished with value: 1989212.8382447716 and parameters: {'p_m': 0.4716568758786154, 'alpha': 1.9297883820302155, 'K': 20, 'beta': 3.5810621009343264}. Best is trial 1 with value: 1989212.8382447716.
[I 2025-01-04 12:56:51,619] Trial 2 finished with value: 1934141.7845390798 and parameters: {'p_m': 0.8716426259996494, 'alpha': 5.377869346716635, 'K': 3, 'beta': 5.724633591654599}. Best is trial 2 with value: 1934141.7845390798.
[I 2025-01-04 13:04:44,507] Trial 3 finished with value: 2248324.978546812 and parameters: {'p_m': 0.23400248796767312, 'alpha': 2.975547789250467, 'K': 3, 'beta': 5.299777266030225}. Best is trial 2 with value: 1934141.7845390798.
[I 2025-01-04 13:25:02,579] Trial 4 finished with value: 2065852.6587091226 and parameters: {'p_m': 0.6532385422145973, 'alpha': 9.36514012820422, 'K': 15, 'beta': 3.6199061564978368}. Best is trial 2 with value: 1934141.7845390798.
[I 2025-01-04 13:49:39,333] Trial 5 finished with value: 2354269.3048548237 and parameters: {'p_m': 0.17445282095460624, 'alpha': 7.396056434455099, 'K': 20, 'beta': 8.981479178026186}. Best is trial 2 with value: 1934141.7845390798.
[I 2025-01-04 14:14:32,288] Trial 6 finished with value: 2134878.1581518077 and parameters: {'p_m': 0.2957290054333835, 'alpha': 5.290918014912493, 'K': 20, 'beta': 2.6587177155607047}. Best is trial 2 with value: 1934141.7845390798.
[I 2025-01-04 14:20:58,483] Trial 7 finished with value: 2068131.1073990017 and parameters: {'p_m': 0.1974864991798631, 'alpha': 5.800584132426533, 'K': 2, 'beta': 1.2805729489853337}. Best is trial 2 with value: 1934141.7845390798.
[I 2025-01-04 14:41:18,670] Trial 8 finished with value: 2077565.9682548426 and parameters: {'p_m': 0.4580972842117149, 'alpha': 4.123173631923995, 'K': 15, 'beta': 1.4976022865700815}. Best is trial 2 with value: 1934141.7845390798.
[I 2025-01-04 14:47:47,361] Trial 9 finished with value: 1952399.8923573005 and parameters: {'p_m': 0.6193512794788851, 'alpha': 0.4281241297068581, 'K': 2, 'beta': 5.538717699370578}. Best is trial 2 with value: 1934141.7845390798.
[I 2025-01-04 14:55:40,600] Trial 10 finished with value: 1965124.1907897994 and parameters: {'p_m': 0.8792955054537382, 'alpha': 7.078897002879284, 'K': 3, 'beta': 7.957666318356827}. Best is trial 2 with value: 1934141.7845390798.
[I 2025-01-04 15:02:06,013] Trial 11 finished with value: 1627517.394509629 and parameters: {'p_m': 0.8790447735431397, 'alpha': 0.23146672458938436, 'K': 2, 'beta': 6.132959812436501}. Best is trial 11 with value: 1627517.394509629.
[I 2025-01-04 15:12:33,153] Trial 12 finished with value: 1549957.8181118346 and parameters: {'p_m': 0.8984722897697535, 'alpha': 0.4002131297326459, 'K': 5, 'beta': 6.7941818120642665}. Best is trial 12 with value: 1549957.8181118346.
[I 2025-01-04 15:23:04,765] Trial 13 finished with value: 1691997.6398531254 and parameters: {'p_m': 0.753428513007121, 'alpha': 0.1016866965543376, 'K': 5, 'beta': 7.10752465266386}. Best is trial 12 with value: 1549957.8181118346.
[I 2025-01-04 15:33:37,741] Trial 14 finished with value: 1979292.4045346864 and parameters: {'p_m': 0.7529343229484293, 'alpha': 1.377651598428111, 'K': 5, 'beta': 7.118884272294393}. Best is trial 12 with value: 1549957.8181118346.
[I 2025-01-04 15:49:14,079] Trial 15 finished with value: 2018670.354737447 and parameters: {'p_m': 0.7621930762983663, 'alpha': 2.8184082710736456, 'K': 10, 'beta': 9.949578207893058}. Best is trial 12 with value: 1549957.8181118346.
[I 2025-01-04 15:59:53,166] Trial 16 finished with value: 1870283.6564787186 and parameters: {'p_m': 0.8937885927152303, 'alpha': 1.324740943121611, 'K': 5, 'beta': 6.989743692193365}. Best is trial 12 with value: 1549957.8181118346.
[I 2025-01-04 16:06:24,824] Trial 17 finished with value: 2017170.7426659688 and parameters: {'p_m': 0.5813818621779225, 'alpha': 3.6698761516125833, 'K': 2, 'beta': 4.3527761058608885}. Best is trial 12 with value: 1549957.8181118346.
[I 2025-01-04 16:22:20,947] Trial 18 finished with value: 1926753.8028025995 and parameters: {'p_m': 0.7894969509309129, 'alpha': 1.9369791573044535, 'K': 10, 'beta': 8.207323080586963}. Best is trial 12 with value: 1549957.8181118346.
[I 2025-01-04 16:32:55,012] Trial 19 finished with value: 2143165.7889335114 and parameters: {'p_m': 0.3758806595431107, 'alpha': 0.7378425369395665, 'K': 5, 'beta': 6.035925509313869}. Best is trial 12 with value: 1549957.8181118346.
[I 2025-01-04 16:39:16,163] Trial 20 finished with value: 1985553.300848635 and parameters: {'p_m': 0.6669627476128701, 'alpha': 2.5701668479800293, 'K': 2, 'beta': 0.13727682930855067}. Best is trial 12 with value: 1549957.8181118346.
[I 2025-01-04 16:49:46,694] Trial 21 finished with value: 1732187.8380747759 and parameters: {'p_m': 0.8117011560968798, 'alpha': 0.29196660571256794, 'K': 5, 'beta': 6.768345734506702}. Best is trial 12 with value: 1549957.8181118346.
[I 2025-01-04 17:00:19,806] Trial 22 finished with value: 1804581.6459093294 and parameters: {'p_m': 0.7236251560462136, 'alpha': 0.2656199889813596, 'K': 5, 'beta': 7.981097251611059}. Best is trial 12 with value: 1549957.8181118346.
[I 2025-01-04 17:10:52,354] Trial 23 finished with value: 1925071.4508012824 and parameters: {'p_m': 0.8365102366842174, 'alpha': 1.4383295196885024, 'K': 5, 'beta': 6.644781757452427}. Best is trial 12 with value: 1549957.8181118346.
[I 2025-01-04 17:21:21,823] Trial 24 finished with value: 1570807.8963360577 and parameters: {'p_m': 0.706811181060953, 'alpha': 0.10212921724094429, 'K': 5, 'beta': 4.401797095094311}. Best is trial 12 with value: 1549957.8181118346.
[I 2025-01-04 17:27:52,982] Trial 25 finished with value: 2031864.1912411712 and parameters: {'p_m': 0.540633259324211, 'alpha': 4.127922447253116, 'K': 2, 'beta': 4.418800341453261}. Best is trial 12 with value: 1549957.8181118346.
[I 2025-01-04 17:38:33,523] Trial 26 finished with value: 1984552.6253630929 and parameters: {'p_m': 0.6986419424568199, 'alpha': 0.9612316446330602, 'K': 5, 'beta': 4.425932294079915}. Best is trial 12 with value: 1549957.8181118346.
[I 2025-01-04 17:54:22,966] Trial 27 finished with value: 1933167.6254163894 and parameters: {'p_m': 0.8226062721787665, 'alpha': 2.025559961086887, 'K': 10, 'beta': 4.831892530254877}. Best is trial 12 with value: 1549957.8181118346.
[I 2025-01-04 18:14:31,555] Trial 28 finished with value: 1914715.7784091313 and parameters: {'p_m': 0.8968121572622345, 'alpha': 3.4233517168507492, 'K': 15, 'beta': 6.2110054588518215}. Best is trial 12 with value: 1549957.8181118346.
[I 2025-01-04 18:20:58,239] Trial 29 finished with value: 1881991.1848981485 and parameters: {'p_m': 0.8397936414552304, 'alpha': 0.9959047422320487, 'K': 2, 'beta': 3.373732249503929}. Best is trial 12 with value: 1549957.8181118346.
[I 2025-01-04 18:31:35,844] Trial 30 finished with value: 2022998.2060037304 and parameters: {'p_m': 0.6919518819991762, 'alpha': 8.438708283030412, 'K': 5, 'beta': 8.720690929578732}. Best is trial 12 with value: 1549957.8181118346.
[I 2025-01-04 18:42:12,726] Trial 31 finished with value: 1652698.0684422448 and parameters: {'p_m': 0.7685399450057242, 'alpha': 0.12073545207182024, 'K': 5, 'beta': 7.749777634878732}. Best is trial 12 with value: 1549957.8181118346.
[I 2025-01-04 18:52:39,706] Trial 32 finished with value: 1980174.3936299626 and parameters: {'p_m': 0.7897931352478125, 'alpha': 2.0452708604112315, 'K': 5, 'beta': 7.595234974004614}. Best is trial 12 with value: 1549957.8181118346.
[I 2025-01-04 19:03:15,485] Trial 33 finished with value: 1960163.9824048013 and parameters: {'p_m': 0.7280464852918567, 'alpha': 0.9520592917207622, 'K': 5, 'beta': 6.070388770891706}. Best is trial 12 with value: 1549957.8181118346.
[I 2025-01-04 19:11:12,608] Trial 34 finished with value: 1568193.3003927297 and parameters: {'p_m': 0.8426983661718404, 'alpha': 0.1150555230962681, 'K': 3, 'beta': 5.095634934401649}. Best is trial 12 with value: 1549957.8181118346.
[I 2025-01-04 19:19:09,061] Trial 35 finished with value: 1923382.8262011367 and parameters: {'p_m': 0.8641493347052158, 'alpha': 1.7269390951840295, 'K': 3, 'beta': 5.087404184048202}. Best is trial 12 with value: 1549957.8181118346.
[I 2025-01-04 19:27:02,680] Trial 36 finished with value: 1947475.7296805768 and parameters: {'p_m': 0.845036098010279, 'alpha': 2.516254872915498, 'K': 3, 'beta': 3.906379546128476}. Best is trial 12 with value: 1549957.8181118346.
[I 2025-01-04 19:34:59,100] Trial 37 finished with value: 1953857.056822631 and parameters: {'p_m': 0.6164123782049498, 'alpha': 0.8782339460698911, 'K': 3, 'beta': 2.860383647753573}. Best is trial 12 with value: 1549957.8181118346.
[I 2025-01-04 19:59:44,550] Trial 38 finished with value: 2177929.9759219373 and parameters: {'p_m': 0.12150382632540707, 'alpha': 0.7734871442067501, 'K': 20, 'beta': 5.6993217480875975}. Best is trial 12 with value: 1549957.8181118346.
[I 2025-01-04 20:07:44,059] Trial 39 finished with value: 2036101.6696935422 and parameters: {'p_m': 0.5031136679125708, 'alpha': 4.62746690087718, 'K': 3, 'beta': 5.020313039144424}. Best is trial 12 with value: 1549957.8181118346.
[I 2025-01-04 20:27:42,400] Trial 40 finished with value: 1917842.999980852 and parameters: {'p_m': 0.8998863834887176, 'alpha': 6.201331922240475, 'K': 15, 'beta': 2.352134866754856}. Best is trial 12 with value: 1549957.8181118346.
[I 2025-01-04 20:52:30,302] Trial 41 finished with value: 1541601.5388302635 and parameters: {'p_m': 0.7909460990507781, 'alpha': 0.10266854647884482, 'K': 20, 'beta': 6.4493948312382985}. Best is trial 41 with value: 1541601.5388302635.
[I 2025-01-04 21:17:09,688] Trial 42 finished with value: 1722351.4352452909 and parameters: {'p_m': 0.805033380224614, 'alpha': 0.5234071833219931, 'K': 20, 'beta': 6.426561013126737}. Best is trial 41 with value: 1541601.5388302635.
[I 2025-01-04 21:41:50,822] Trial 43 finished with value: 1930727.0317377779 and parameters: {'p_m': 0.8582603739706486, 'alpha': 1.2647399122117169, 'K': 20, 'beta': 5.424320282754368}. Best is trial 41 with value: 1541601.5388302635.
[I 2025-01-04 22:07:07,925] Trial 44 finished with value: 1522232.3574206817 and parameters: {'p_m': 0.8067141481324922, 'alpha': 0.11509726666022435, 'K': 20, 'beta': 5.846469309025466}. Best is trial 44 with value: 1522232.3574206817.
[I 2025-01-04 22:32:37,502] Trial 45 finished with value: 1990160.0103440396 and parameters: {'p_m': 0.64999027543885, 'alpha': 1.6742974525115597, 'K': 20, 'beta': 3.8330400556887794}. Best is trial 44 with value: 1522232.3574206817.
[I 2025-01-04 22:57:47,286] Trial 46 finished with value: 1899916.5193475136 and parameters: {'p_m': 0.7054338546547528, 'alpha': 0.587586269871589, 'K': 20, 'beta': 4.7363107996566285}. Best is trial 44 with value: 1522232.3574206817.
[I 2025-01-04 23:23:22,374] Trial 47 finished with value: 1954702.041682542 and parameters: {'p_m': 0.7885232543410781, 'alpha': 2.292649485467833, 'K': 20, 'beta': 7.34807360517556}. Best is trial 44 with value: 1522232.3574206817.
[I 2025-01-04 23:49:03,776] Trial 48 finished with value: 1591198.4480964807 and parameters: {'p_m': 0.7377395161965319, 'alpha': 0.1171122984828876, 'K': 20, 'beta': 5.776445194725366}. Best is trial 44 with value: 1522232.3574206817.
[I 2025-01-04 23:57:15,714] Trial 49 finished with value: 1944048.8477162432 and parameters: {'p_m': 0.8225166437267412, 'alpha': 1.3255948758142897, 'K': 3, 'beta': 5.339028572047903}. Best is trial 44 with value: 1522232.3574206817.
[I 2025-01-05 00:22:58,068] Trial 50 finished with value: 2214207.2933755913 and parameters: {'p_m': 0.345968750125413, 'alpha': 3.2038489569595403, 'K': 20, 'beta': 8.576144846490953}. Best is trial 44 with value: 1522232.3574206817.
[I 2025-01-05 00:48:26,952] Trial 51 finished with value: 1574782.6463561319 and parameters: {'p_m': 0.7497827228872036, 'alpha': 0.13305382435527255, 'K': 20, 'beta': 5.7558986038842015}. Best is trial 44 with value: 1522232.3574206817.
[I 2025-01-05 01:14:26,332] Trial 52 finished with value: 1879816.7300464218 and parameters: {'p_m': 0.7655467891082697, 'alpha': 0.5042266832115798, 'K': 20, 'beta': 6.527979255594323}. Best is trial 44 with value: 1522232.3574206817.
[I 2025-01-05 01:39:58,269] Trial 53 finished with value: 1647733.8310193575 and parameters: {'p_m': 0.859816520387478, 'alpha': 0.5963789874872367, 'K': 20, 'beta': 5.872432388168923}. Best is trial 44 with value: 1522232.3574206817.
[I 2025-01-05 02:05:41,728] Trial 54 finished with value: 1974418.360527975 and parameters: {'p_m': 0.6475827426846431, 'alpha': 1.128569599167038, 'K': 20, 'beta': 5.371109028782017}. Best is trial 44 with value: 1522232.3574206817.
[I 2025-01-05 02:21:54,006] Trial 55 finished with value: 1941797.4968025684 and parameters: {'p_m': 0.42241282761800425, 'alpha': 0.11078571522366178, 'K': 10, 'beta': 6.928826070395024}. Best is trial 44 with value: 1522232.3574206817.
[I 2025-01-05 02:42:26,671] Trial 56 finished with value: 1943468.6540934579 and parameters: {'p_m': 0.7879891105148278, 'alpha': 1.5827931334110794, 'K': 15, 'beta': 3.2590074758991}. Best is trial 44 with value: 1522232.3574206817.
[I 2025-01-05 03:07:59,862] Trial 57 finished with value: 2213514.481581876 and parameters: {'p_m': 0.2590043855316073, 'alpha': 0.785239664420716, 'K': 20, 'beta': 4.211553734686993}. Best is trial 44 with value: 1522232.3574206817.
[I 2025-01-05 03:16:23,971] Trial 58 finished with value: 1943954.6653485291 and parameters: {'p_m': 0.6729316994291579, 'alpha': 0.5018856016574111, 'K': 3, 'beta': 6.3707748265650705}. Best is trial 44 with value: 1522232.3574206817.
[I 2025-01-05 03:41:44,873] Trial 59 finished with value: 2006066.17379881 and parameters: {'p_m': 0.5954572179137044, 'alpha': 8.122432208813706, 'K': 20, 'beta': 4.796971365743985}. Best is trial 44 with value: 1522232.3574206817.
[I 2025-01-05 03:52:24,415] Trial 60 finished with value: 2030841.4198215702 and parameters: {'p_m': 0.7412949256486985, 'alpha': 6.260892439932976, 'K': 5, 'beta': 7.289704478946446}. Best is trial 44 with value: 1522232.3574206817.
[I 2025-01-05 04:17:23,601] Trial 61 finished with value: 1687345.1281463057 and parameters: {'p_m': 0.7172848741896259, 'alpha': 0.20043316763126567, 'K': 20, 'beta': 5.682534683131049}. Best is trial 44 with value: 1522232.3574206817.
[I 2025-01-05 04:42:33,910] Trial 62 finished with value: 1939776.2464376416 and parameters: {'p_m': 0.7467324418545506, 'alpha': 1.142144578664481, 'K': 20, 'beta': 5.915549979806714}. Best is trial 44 with value: 1522232.3574206817.
[I 2025-01-05 05:08:21,420] Trial 63 finished with value: 1628976.674270353 and parameters: {'p_m': 0.8208539988190092, 'alpha': 0.12242049252055873, 'K': 20, 'beta': 6.665716360676945}. Best is trial 44 with value: 1522232.3574206817.
[I 2025-01-05 05:33:44,141] Trial 64 finished with value: 1655656.3765245643 and parameters: {'p_m': 0.876385648053058, 'alpha': 0.4780625416718641, 'K': 20, 'beta': 5.11821474001703}. Best is trial 44 with value: 1522232.3574206817.
[I 2025-01-05 05:50:24,735] Trial 65 finished with value: 1878704.383255431 and parameters: {'p_m': 0.7749431950032841, 'alpha': 0.7598887229920411, 'K': 10, 'beta': 4.536397853627002}. Best is trial 44 with value: 1522232.3574206817.
[I 2025-01-05 06:02:31,602] Trial 66 finished with value: 1827850.016795627 and parameters: {'p_m': 0.6830838928063069, 'alpha': 0.3681954344963062, 'K': 5, 'beta': 5.589445757250938}. Best is trial 44 with value: 1522232.3574206817.
[I 2025-01-05 06:28:30,384] Trial 67 finished with value: 1906154.3297826082 and parameters: {'p_m': 0.8101658459845708, 'alpha': 1.0426877006435604, 'K': 20, 'beta': 4.096330371443779}. Best is trial 44 with value: 1522232.3574206817.
[I 2025-01-05 06:39:14,748] Trial 68 finished with value: 1909475.5055223524 and parameters: {'p_m': 0.8416945325474093, 'alpha': 1.31802268800722, 'K': 5, 'beta': 6.197593085918718}. Best is trial 44 with value: 1522232.3574206817.
[I 2025-01-05 06:47:30,342] Trial 69 finished with value: 2019251.995209961 and parameters: {'p_m': 0.7366737219146413, 'alpha': 1.8424371184232582, 'K': 3, 'beta': 6.990646848657407}. Best is trial 44 with value: 1522232.3574206817.
[I 2025-01-05 07:08:33,457] Trial 70 finished with value: 2016178.4646135985 and parameters: {'p_m': 0.5401240913200209, 'alpha': 0.7201472597728811, 'K': 15, 'beta': 9.752410521190438}. Best is trial 44 with value: 1522232.3574206817.
[I 2025-01-05 07:19:11,302] Trial 71 finished with value: 1631601.5687053385 and parameters: {'p_m': 0.876030513777837, 'alpha': 0.33865740175735026, 'K': 5, 'beta': 6.179952712614007}. Best is trial 44 with value: 1522232.3574206817.
[I 2025-01-05 07:25:47,262] Trial 72 finished with value: 1629631.5258495694 and parameters: {'p_m': 0.8490607306827458, 'alpha': 0.13384556230889205, 'K': 2, 'beta': 5.717487969799549}. Best is trial 44 with value: 1522232.3574206817.
[I 2025-01-05 07:32:23,288] Trial 73 finished with value: 1706048.7257301186 and parameters: {'p_m': 0.8897411895332287, 'alpha': 0.3969060963746477, 'K': 2, 'beta': 6.740499389193503}. Best is trial 44 with value: 1522232.3574206817.
[I 2025-01-05 07:39:04,565] Trial 74 finished with value: 1855003.015197821 and parameters: {'p_m': 0.8099229045833385, 'alpha': 0.8545757825528969, 'K': 2, 'beta': 5.142744131749158}. Best is trial 44 with value: 1522232.3574206817.
[I 2025-01-05 08:04:32,960] Trial 75 finished with value: 1936831.3873778202 and parameters: {'p_m': 0.7677542824329064, 'alpha': 1.5301617700891823, 'K': 20, 'beta': 4.60664458237076}. Best is trial 44 with value: 1522232.3574206817.
[I 2025-01-05 08:11:11,078] Trial 76 finished with value: 1660441.417570984 and parameters: {'p_m': 0.8339450224424556, 'alpha': 0.11442643590095783, 'K': 2, 'beta': 7.626092812375502}. Best is trial 44 with value: 1522232.3574206817.
[I 2025-01-05 08:17:51,189] Trial 77 finished with value: 1951494.4814291305 and parameters: {'p_m': 0.7939057798414924, 'alpha': 0.9809244657437947, 'K': 2, 'beta': 5.998500374620137}. Best is trial 44 with value: 1522232.3574206817.
[I 2025-01-05 08:25:58,042] Trial 78 finished with value: 1987723.4010168859 and parameters: {'p_m': 0.869996572308634, 'alpha': 9.734922562389105, 'K': 3, 'beta': 6.291799655381313}. Best is trial 44 with value: 1522232.3574206817.
[I 2025-01-05 08:36:41,976] Trial 79 finished with value: 1916492.838795524 and parameters: {'p_m': 0.701902304279289, 'alpha': 0.626317830850738, 'K': 5, 'beta': 4.908224475407574}. Best is trial 44 with value: 1522232.3574206817.
[I 2025-01-05 08:52:51,205] Trial 80 finished with value: 1887904.7085197426 and parameters: {'p_m': 0.6323360297168321, 'alpha': 0.35963431559185965, 'K': 10, 'beta': 5.4041810871687375}. Best is trial 44 with value: 1522232.3574206817.
[I 2025-01-05 09:18:18,543] Trial 81 finished with value: 1633422.5167656583 and parameters: {'p_m': 0.8255554442587231, 'alpha': 0.3001144831229843, 'K': 20, 'beta': 7.432301502265939}. Best is trial 44 with value: 1522232.3574206817.
[I 2025-01-05 09:43:49,864] Trial 82 finished with value: 1471995.8921042653 and parameters: {'p_m': 0.8537536712438457, 'alpha': 0.11047685312602139, 'K': 20, 'beta': 6.833123020518896}. Best is trial 82 with value: 1471995.8921042653.
[I 2025-01-05 10:09:14,059] Trial 83 finished with value: 1795280.2890192256 and parameters: {'p_m': 0.8588544902073707, 'alpha': 0.6310084738367653, 'K': 20, 'beta': 6.886589746324833}. Best is trial 82 with value: 1471995.8921042653.
[I 2025-01-05 10:34:45,799] Trial 84 finished with value: 1934187.376763437 and parameters: {'p_m': 0.7590244727343031, 'alpha': 1.0366168588475302, 'K': 20, 'beta': 7.9611851153838895}. Best is trial 82 with value: 1471995.8921042653.
srun: error: IO: Node 0 already established stream!
srun: error: IO: Node 0 already established stream!
srun: error: IO: Node 0 already established stream!
srun: error: IO: Node 0 already established stream!
srun: Job step aborted: Waiting up to 32 seconds for job step to finish.
slurmstepd: error: *** STEP 944486.0 ON stud-000 CANCELLED AT 2025-01-05T10:51:59 ***
srun: error: IO: Node 0 already established stream!
srun: error: stud-000: task 0: Killed
