[I 2025-01-31 08:29:27,113] A new study created in RDB with name: VIME_House_Sales
[I 2025-01-31 10:03:43,240] Trial 0 finished with value: 19399479854.8803 and parameters: {'p_m': 0.7207573483082428, 'alpha': 8.586045817786012, 'K': 20, 'beta': 3.541089973624293}. Best is trial 0 with value: 19399479854.8803.
[I 2025-01-31 10:43:23,542] Trial 1 finished with value: 21036799185.405148 and parameters: {'p_m': 0.7836015582338127, 'alpha': 9.772609771595334, 'K': 5, 'beta': 7.2438113235845}. Best is trial 0 with value: 19399479854.8803.
[I 2025-01-31 11:23:19,387] Trial 2 finished with value: 20695286300.98689 and parameters: {'p_m': 0.7087933115108597, 'alpha': 8.220153830745321, 'K': 5, 'beta': 4.924327946111328}. Best is trial 0 with value: 19399479854.8803.
[I 2025-01-31 11:37:54,323] Trial 3 finished with value: 42481561874.85921 and parameters: {'p_m': 0.29999322930797856, 'alpha': 8.63103134483622, 'K': 2, 'beta': 8.299159502227589}. Best is trial 0 with value: 19399479854.8803.
[I 2025-01-31 11:55:17,962] Trial 4 finished with value: 28397499300.799366 and parameters: {'p_m': 0.1123165739471964, 'alpha': 7.462368992980733, 'K': 2, 'beta': 9.915089513642434}. Best is trial 0 with value: 19399479854.8803.
[I 2025-01-31 12:20:42,664] Trial 5 finished with value: 36710965279.27241 and parameters: {'p_m': 0.539593920979438, 'alpha': 3.6307816057053013, 'K': 3, 'beta': 8.84546019296368}. Best is trial 0 with value: 19399479854.8803.
[I 2025-01-31 13:20:31,608] Trial 6 finished with value: 29322680279.450584 and parameters: {'p_m': 0.23358077644703468, 'alpha': 7.458358885920192, 'K': 10, 'beta': 6.703463997897561}. Best is trial 0 with value: 19399479854.8803.
[I 2025-01-31 13:55:01,985] Trial 7 finished with value: 34555465408.42901 and parameters: {'p_m': 0.4503976592951937, 'alpha': 6.536858444579857, 'K': 5, 'beta': 6.446049838398441}. Best is trial 0 with value: 19399479854.8803.
[I 2025-01-31 15:29:58,293] Trial 8 finished with value: 15294068214.088257 and parameters: {'p_m': 0.8662782282763074, 'alpha': 7.568025384305154, 'K': 20, 'beta': 0.4179857304086456}. Best is trial 8 with value: 15294068214.088257.
[I 2025-01-31 17:03:45,060] Trial 9 finished with value: 18810905486.201225 and parameters: {'p_m': 0.1004812414908603, 'alpha': 0.5378759044724358, 'K': 20, 'beta': 4.499395081499682}. Best is trial 8 with value: 15294068214.088257.
[I 2025-01-31 18:15:01,065] Trial 10 finished with value: 15699145842.058186 and parameters: {'p_m': 0.8891949646968912, 'alpha': 5.015921167392373, 'K': 15, 'beta': 0.29001645840752366}. Best is trial 8 with value: 15294068214.088257.
[I 2025-01-31 19:31:49,314] Trial 11 finished with value: 14836062984.989542 and parameters: {'p_m': 0.8650048025347675, 'alpha': 4.0342862624847236, 'K': 15, 'beta': 0.11581982177777395}. Best is trial 11 with value: 14836062984.989542.
[I 2025-01-31 20:51:10,271] Trial 12 finished with value: 16670355023.92812 and parameters: {'p_m': 0.8759204626561301, 'alpha': 3.0137343805775036, 'K': 15, 'beta': 1.0684029470459118}. Best is trial 11 with value: 14836062984.989542.
[I 2025-01-31 22:11:30,807] Trial 13 finished with value: 18842805306.31674 and parameters: {'p_m': 0.5954066034775787, 'alpha': 5.643567508016625, 'K': 15, 'beta': 2.3769879825450344}. Best is trial 11 with value: 14836062984.989542.
[I 2025-01-31 23:43:30,152] Trial 14 finished with value: 18588773801.291023 and parameters: {'p_m': 0.6429310872882755, 'alpha': 3.5189061533757875, 'K': 20, 'beta': 1.895622293205664}. Best is trial 11 with value: 14836062984.989542.
[I 2025-02-01 00:45:35,394] Trial 15 finished with value: 15462529089.321423 and parameters: {'p_m': 0.776864629321297, 'alpha': 1.7110755028200448, 'K': 10, 'beta': 0.17118277502310325}. Best is trial 11 with value: 14836062984.989542.
[I 2025-02-01 01:12:52,691] Trial 16 finished with value: 17973100236.644806 and parameters: {'p_m': 0.8978455582487497, 'alpha': 5.291641549327116, 'K': 3, 'beta': 2.8403871525284625}. Best is trial 11 with value: 14836062984.989542.
[I 2025-02-01 02:45:22,797] Trial 17 finished with value: 17863058953.417915 and parameters: {'p_m': 0.42566238335324474, 'alpha': 4.14219468781373, 'K': 20, 'beta': 1.3806198221967971}. Best is trial 11 with value: 14836062984.989542.
[I 2025-02-01 04:05:37,375] Trial 18 finished with value: 18508458738.13772 and parameters: {'p_m': 0.8055250647486648, 'alpha': 2.32946241913684, 'K': 15, 'beta': 3.5602079493463066}. Best is trial 11 with value: 14836062984.989542.
[I 2025-02-01 05:25:16,809] Trial 19 finished with value: 17236084584.855392 and parameters: {'p_m': 0.6497753939952828, 'alpha': 6.381917382021351, 'K': 15, 'beta': 0.9111891590783721}. Best is trial 11 with value: 14836062984.989542.
[I 2025-02-01 06:57:52,609] Trial 20 finished with value: 22802108609.152527 and parameters: {'p_m': 0.36417035700307687, 'alpha': 4.575215302095741, 'K': 20, 'beta': 3.1844311084342163}. Best is trial 11 with value: 14836062984.989542.
[I 2025-02-01 08:02:12,975] Trial 21 finished with value: 14891422585.887955 and parameters: {'p_m': 0.8026995812998691, 'alpha': 2.291115932092814, 'K': 10, 'beta': 0.10876985922516964}. Best is trial 11 with value: 14836062984.989542.
[I 2025-02-01 09:02:43,121] Trial 22 finished with value: 15239097282.026627 and parameters: {'p_m': 0.8377125556106431, 'alpha': 1.2640815120994509, 'K': 10, 'beta': 0.19120388609260536}. Best is trial 11 with value: 14836062984.989542.
[I 2025-02-01 10:07:01,943] Trial 23 finished with value: 18110087484.38434 and parameters: {'p_m': 0.7247630849598954, 'alpha': 0.2946683662520796, 'K': 10, 'beta': 1.937657985069978}. Best is trial 11 with value: 14836062984.989542.
[I 2025-02-01 11:11:18,383] Trial 24 finished with value: 16989896976.945057 and parameters: {'p_m': 0.8138115999825842, 'alpha': 1.4927192930381525, 'K': 10, 'beta': 1.6068179013692856}. Best is trial 11 with value: 14836062984.989542.
[I 2025-02-01 12:13:25,072] Trial 25 finished with value: 15034550996.886337 and parameters: {'p_m': 0.8236446729142517, 'alpha': 2.410139076242489, 'K': 10, 'beta': 0.10128955028580888}. Best is trial 11 with value: 14836062984.989542.
[I 2025-02-01 13:17:55,869] Trial 26 finished with value: 18013245656.787113 and parameters: {'p_m': 0.7489393817649898, 'alpha': 2.657870762921518, 'K': 10, 'beta': 2.3970866268110838}. Best is trial 11 with value: 14836062984.989542.
[I 2025-02-01 14:22:31,820] Trial 27 finished with value: 16513225895.322674 and parameters: {'p_m': 0.6398669261030826, 'alpha': 2.2417203140368303, 'K': 10, 'beta': 0.9766488554259133}. Best is trial 11 with value: 14836062984.989542.
[I 2025-02-01 15:27:07,479] Trial 28 finished with value: 16301107932.606268 and parameters: {'p_m': 0.5622786495325593, 'alpha': 3.335618677424141, 'K': 10, 'beta': 0.854612541074526}. Best is trial 11 with value: 14836062984.989542.
[I 2025-02-01 15:46:05,545] Trial 29 finished with value: 21575862106.007957 and parameters: {'p_m': 0.6876783845053415, 'alpha': 4.492985113172846, 'K': 2, 'beta': 4.008177221296416}. Best is trial 11 with value: 14836062984.989542.
[I 2025-02-01 16:13:02,615] Trial 30 finished with value: 20261761417.512592 and parameters: {'p_m': 0.8348432446999086, 'alpha': 0.9974469224594551, 'K': 3, 'beta': 5.8894671684183715}. Best is trial 11 with value: 14836062984.989542.
[I 2025-02-01 17:13:24,217] Trial 31 finished with value: 15194941855.000942 and parameters: {'p_m': 0.8370432525811214, 'alpha': 1.670165850735024, 'K': 10, 'beta': 0.228297421454346}. Best is trial 11 with value: 14836062984.989542.
[I 2025-02-01 18:17:53,729] Trial 32 finished with value: 16622186286.00648 and parameters: {'p_m': 0.7636426321283463, 'alpha': 2.085194303767795, 'K': 10, 'beta': 0.7891084808203619}. Best is trial 11 with value: 14836062984.989542.
[I 2025-02-01 19:21:41,805] Trial 33 finished with value: 15572596520.36471 and parameters: {'p_m': 0.694691385896464, 'alpha': 2.640881086487303, 'K': 10, 'beta': 0.10877196849533427}. Best is trial 11 with value: 14836062984.989542.
[I 2025-02-01 20:01:23,959] Trial 34 finished with value: 16150215833.26698 and parameters: {'p_m': 0.8067294294243289, 'alpha': 3.9813487112415884, 'K': 5, 'beta': 1.3965451005283636}. Best is trial 11 with value: 14836062984.989542.
[I 2025-02-01 21:06:09,759] Trial 35 finished with value: 17092995890.055172 and parameters: {'p_m': 0.7459853028882577, 'alpha': 0.8069971152750739, 'K': 10, 'beta': 2.3001247708183095}. Best is trial 11 with value: 14836062984.989542.
[I 2025-02-01 22:24:39,182] Trial 36 finished with value: 16573308045.29975 and parameters: {'p_m': 0.8541699360991101, 'alpha': 3.1112745276313225, 'K': 15, 'beta': 0.757742470327121}. Best is trial 11 with value: 14836062984.989542.
[I 2025-02-01 22:43:31,578] Trial 37 finished with value: 17970320290.136852 and parameters: {'p_m': 0.7871082599558885, 'alpha': 9.954732475150088, 'K': 2, 'beta': 1.5493646841198792}. Best is trial 11 with value: 14836062984.989542.
[I 2025-02-01 23:44:57,575] Trial 38 finished with value: 18268899102.826805 and parameters: {'p_m': 0.699256176663957, 'alpha': 1.660427338080837, 'K': 10, 'beta': 2.974037910841285}. Best is trial 11 with value: 14836062984.989542.
[I 2025-02-02 00:24:18,952] Trial 39 finished with value: 24926205402.51478 and parameters: {'p_m': 0.49338976658977857, 'alpha': 1.9515216894006449, 'K': 5, 'beta': 5.237525647257104}. Best is trial 11 with value: 14836062984.989542.
[I 2025-02-02 00:48:24,542] Trial 40 finished with value: 34473894907.8518 and parameters: {'p_m': 0.22787450847935836, 'alpha': 0.12493226747385489, 'K': 3, 'beta': 7.792769683737694}. Best is trial 11 with value: 14836062984.989542.
[I 2025-02-02 01:51:23,211] Trial 41 finished with value: 15938546261.786816 and parameters: {'p_m': 0.8470330203293026, 'alpha': 1.2099299700209725, 'K': 10, 'beta': 0.5266656986700275}. Best is trial 11 with value: 14836062984.989542.
[I 2025-02-02 02:52:31,400] Trial 42 finished with value: 14747059432.147894 and parameters: {'p_m': 0.8349571147261718, 'alpha': 1.1486354321751875, 'K': 10, 'beta': 0.1369417364416217}. Best is trial 42 with value: 14747059432.147894.
[I 2025-02-02 03:55:27,108] Trial 43 finished with value: 15391960199.468699 and parameters: {'p_m': 0.8906744314292946, 'alpha': 2.740250632904333, 'K': 10, 'beta': 0.5652142606571932}. Best is trial 42 with value: 14747059432.147894.
[I 2025-02-02 04:58:25,435] Trial 44 finished with value: 19194409389.58718 and parameters: {'p_m': 0.8232633279711667, 'alpha': 0.8236735380848048, 'K': 10, 'beta': 9.827843499491351}. Best is trial 42 with value: 14747059432.147894.
[I 2025-02-02 06:13:37,436] Trial 45 finished with value: 16595505011.88966 and parameters: {'p_m': 0.8672782440159476, 'alpha': 3.7387294172813164, 'K': 15, 'beta': 1.2123132816730136}. Best is trial 42 with value: 14747059432.147894.
[I 2025-02-02 07:17:21,730] Trial 46 finished with value: 18142267601.969875 and parameters: {'p_m': 0.7811793292013574, 'alpha': 2.4894962070028916, 'K': 10, 'beta': 1.9227073636872423}. Best is trial 42 with value: 14747059432.147894.
[I 2025-02-02 07:36:28,514] Trial 47 finished with value: 15277611170.810797 and parameters: {'p_m': 0.7326158675565353, 'alpha': 9.1199686436245, 'K': 2, 'beta': 0.10894705579852443}. Best is trial 42 with value: 14747059432.147894.
[I 2025-02-02 08:16:18,203] Trial 48 finished with value: 16080943855.984552 and parameters: {'p_m': 0.77723113165344, 'alpha': 1.8449979589533463, 'K': 5, 'beta': 0.5350081971893942}. Best is trial 42 with value: 14747059432.147894.
[I 2025-02-02 09:20:34,068] Trial 49 finished with value: 17599248308.828472 and parameters: {'p_m': 0.6098909500386275, 'alpha': 3.1055790833091512, 'K': 10, 'beta': 1.183924676834721}. Best is trial 42 with value: 14747059432.147894.
[I 2025-02-02 10:38:28,356] Trial 50 finished with value: 17881472993.89577 and parameters: {'p_m': 0.8943853584457662, 'alpha': 0.5060208044375205, 'K': 15, 'beta': 1.6616327456064055}. Best is trial 42 with value: 14747059432.147894.
[I 2025-02-02 11:41:07,628] Trial 51 finished with value: 14685236904.87673 and parameters: {'p_m': 0.8445657440177444, 'alpha': 1.449200325954423, 'K': 10, 'beta': 0.13356375980978274}. Best is trial 51 with value: 14685236904.87673.
[I 2025-02-02 12:45:22,368] Trial 52 finished with value: 15505252432.222921 and parameters: {'p_m': 0.8539556384545106, 'alpha': 1.4263739474213322, 'K': 10, 'beta': 0.5054079931717665}. Best is trial 51 with value: 14685236904.87673.
[I 2025-02-02 13:48:53,327] Trial 53 finished with value: 15384206474.512783 and parameters: {'p_m': 0.8189637044064488, 'alpha': 0.9845608090131595, 'K': 10, 'beta': 0.48107254638678665}. Best is trial 51 with value: 14685236904.87673.
[I 2025-02-02 14:53:39,756] Trial 54 finished with value: 16216420912.46551 and parameters: {'p_m': 0.8679504305304145, 'alpha': 2.0391591091324375, 'K': 10, 'beta': 1.107378696863635}. Best is trial 51 with value: 14685236904.87673.
[I 2025-02-02 15:57:41,835] Trial 55 finished with value: 15190435595.656301 and parameters: {'p_m': 0.79540801711568, 'alpha': 6.018707680711417, 'K': 10, 'beta': 0.11145888583260105}. Best is trial 51 with value: 14685236904.87673.
[I 2025-02-02 17:18:50,433] Trial 56 finished with value: 16250519323.849289 and parameters: {'p_m': 0.672742082745883, 'alpha': 6.031614790450551, 'K': 15, 'beta': 0.8552948175750651}. Best is trial 51 with value: 14685236904.87673.
[I 2025-02-02 17:46:36,112] Trial 57 finished with value: 18597770876.990593 and parameters: {'p_m': 0.7959499028212067, 'alpha': 4.958094784598542, 'K': 3, 'beta': 2.418780750065522}. Best is trial 51 with value: 14685236904.87673.
[I 2025-02-02 19:23:32,833] Trial 58 finished with value: 15034129715.115864 and parameters: {'p_m': 0.7174887366897907, 'alpha': 8.034243398859317, 'K': 20, 'beta': 0.14821767729370497}. Best is trial 51 with value: 14685236904.87673.
[I 2025-02-02 20:59:29,154] Trial 59 finished with value: 17500836585.095207 and parameters: {'p_m': 0.7273568456203943, 'alpha': 7.9873473818887595, 'K': 20, 'beta': 1.3479785615726014}. Best is trial 51 with value: 14685236904.87673.
[I 2025-02-02 22:35:35,256] Trial 60 finished with value: 17957323011.41388 and parameters: {'p_m': 0.7565101826424597, 'alpha': 7.233471447446302, 'K': 20, 'beta': 1.9268175632490114}. Best is trial 51 with value: 14685236904.87673.
[I 2025-02-03 00:12:50,018] Trial 61 finished with value: 15234396168.212229 and parameters: {'p_m': 0.8110496954285003, 'alpha': 6.95206750626116, 'K': 20, 'beta': 0.15064095192847798}. Best is trial 51 with value: 14685236904.87673.
[I 2025-02-03 01:49:21,748] Trial 62 finished with value: 15699187584.248898 and parameters: {'p_m': 0.8757237805781727, 'alpha': 9.236049832720255, 'K': 20, 'beta': 0.6655499255988109}. Best is trial 51 with value: 14685236904.87673.
[I 2025-02-03 02:55:28,490] Trial 63 finished with value: 16879068016.099018 and parameters: {'p_m': 0.7646125960852653, 'alpha': 5.585590185569542, 'K': 10, 'beta': 0.9829208035130903}. Best is trial 51 with value: 14685236904.87673.
[I 2025-02-03 03:59:43,695] Trial 64 finished with value: 15636414878.917027 and parameters: {'p_m': 0.7155787810342892, 'alpha': 8.12440668174008, 'K': 10, 'beta': 0.38238395675906856}. Best is trial 51 with value: 14685236904.87673.
[I 2025-02-03 05:36:56,010] Trial 65 finished with value: 15981582770.528519 and parameters: {'p_m': 0.8331587618593933, 'alpha': 6.525818235283906, 'K': 20, 'beta': 0.41658053660027966}. Best is trial 51 with value: 14685236904.87673.
[I 2025-02-03 06:54:58,244] Trial 66 finished with value: 16555984287.561176 and parameters: {'p_m': 0.7931786886401061, 'alpha': 4.61463162286607, 'K': 15, 'beta': 0.7554099011894649}. Best is trial 51 with value: 14685236904.87673.
[I 2025-02-03 08:00:41,000] Trial 67 finished with value: 15484800675.73229 and parameters: {'p_m': 0.8977958925681887, 'alpha': 8.61916998848278, 'K': 10, 'beta': 0.13626130723075736}. Best is trial 51 with value: 14685236904.87673.
[I 2025-02-03 08:20:09,271] Trial 68 finished with value: 17099831878.245758 and parameters: {'p_m': 0.18112498999061982, 'alpha': 2.336046943982019, 'K': 2, 'beta': 1.6160534745534203}. Best is trial 51 with value: 14685236904.87673.
srun: Job step aborted: Waiting up to 32 seconds for job step to finish.
slurmstepd: error: *** JOB 984162 ON stud-000 CANCELLED AT 2025-02-03T08:29:25 DUE TO TIME LIMIT ***
slurmstepd: error: *** STEP 984162.0 ON stud-000 CANCELLED AT 2025-02-03T08:29:25 DUE TO TIME LIMIT ***
