[I 2025-01-04 10:49:49,467] Using an existing study with name 'VIME_Mercedes_Benz' instead of creating a new one.
[I 2025-01-04 11:29:41,852] Trial 20 finished with value: 79.56802138974692 and parameters: {'p_m': 0.22112915445319242, 'alpha': 1.0588259794895105, 'K': 10, 'beta': 8.388098720163253}. Best is trial 3 with value: 78.3667380652227.
[I 2025-01-04 11:39:08,619] Trial 21 finished with value: 79.90720381822585 and parameters: {'p_m': 0.6508188393675085, 'alpha': 4.932834241566746, 'K': 3, 'beta': 9.28108020661008}. Best is trial 3 with value: 78.3667380652227.
[I 2025-01-04 11:50:03,267] Trial 22 finished with value: 79.294834009037 and parameters: {'p_m': 0.42458362582753983, 'alpha': 3.9736631822612676, 'K': 3, 'beta': 9.131186649480128}. Best is trial 3 with value: 78.3667380652227.
[I 2025-01-04 12:00:22,098] Trial 23 finished with value: 80.49150375141565 and parameters: {'p_m': 0.3959412916042278, 'alpha': 3.381724860181893, 'K': 3, 'beta': 8.808809024573081}. Best is trial 3 with value: 78.3667380652227.
[I 2025-01-04 12:11:44,629] Trial 24 finished with value: 79.27088697213892 and parameters: {'p_m': 0.43744213850737423, 'alpha': 3.947606454814653, 'K': 3, 'beta': 6.835459451589694}. Best is trial 3 with value: 78.3667380652227.
[I 2025-01-04 12:35:42,669] Trial 25 finished with value: 77.85177176700307 and parameters: {'p_m': 0.20004938218927543, 'alpha': 5.617200231768984, 'K': 5, 'beta': 6.046971185928288}. Best is trial 25 with value: 77.85177176700307.
[I 2025-01-04 12:59:29,308] Trial 26 finished with value: 78.97839467862983 and parameters: {'p_m': 0.23627783144870085, 'alpha': 5.5595392636046865, 'K': 5, 'beta': 5.93772790627427}. Best is trial 25 with value: 77.85177176700307.
[I 2025-01-04 13:16:20,674] Trial 27 finished with value: 83.50997752834567 and parameters: {'p_m': 0.1787048574863213, 'alpha': 6.947755658587189, 'K': 5, 'beta': 3.686407038681347}. Best is trial 25 with value: 77.85177176700307.
[I 2025-01-04 13:37:38,140] Trial 28 finished with value: 77.96536595606167 and parameters: {'p_m': 0.17359612027575835, 'alpha': 8.489660725068093, 'K': 5, 'beta': 5.694448667582565}. Best is trial 25 with value: 77.85177176700307.
[I 2025-01-04 13:59:07,849] Trial 29 finished with value: 78.80537275966837 and parameters: {'p_m': 0.16287152449343195, 'alpha': 9.956647302810504, 'K': 5, 'beta': 5.3849613482486}. Best is trial 25 with value: 77.85177176700307.
[I 2025-01-04 14:16:51,337] Trial 30 finished with value: 83.06514246842978 and parameters: {'p_m': 0.2609394016987665, 'alpha': 8.822877253577817, 'K': 5, 'beta': 4.721631514003219}. Best is trial 25 with value: 77.85177176700307.
[I 2025-01-04 14:36:09,483] Trial 31 finished with value: 79.21534671771153 and parameters: {'p_m': 0.35945856940329457, 'alpha': 7.5666995261033225, 'K': 5, 'beta': 6.107115369515753}. Best is trial 25 with value: 77.85177176700307.
[I 2025-01-04 14:42:52,873] Trial 32 finished with value: 88.64248284082677 and parameters: {'p_m': 0.17333808681271043, 'alpha': 9.166747217091103, 'K': 2, 'beta': 3.219822769243886}. Best is trial 25 with value: 77.85177176700307.
[I 2025-01-04 15:33:59,890] Trial 33 finished with value: 80.74672904474355 and parameters: {'p_m': 0.5745517084699082, 'alpha': 8.044178796945134, 'K': 20, 'beta': 7.492671497921921}. Best is trial 25 with value: 77.85177176700307.
[I 2025-01-04 16:24:18,258] Trial 34 finished with value: 80.84845406651286 and parameters: {'p_m': 0.15299515476264244, 'alpha': 6.574303058022894, 'K': 15, 'beta': 4.353130316616094}. Best is trial 25 with value: 77.85177176700307.
[I 2025-01-04 16:43:27,228] Trial 35 finished with value: 81.46840662227723 and parameters: {'p_m': 0.709082103821515, 'alpha': 5.272384775117592, 'K': 5, 'beta': 6.4711962163768835}. Best is trial 25 with value: 77.85177176700307.
[I 2025-01-04 17:47:54,351] Trial 36 finished with value: 80.15872991271422 and parameters: {'p_m': 0.28543727629290533, 'alpha': 4.67487596518575, 'K': 20, 'beta': 7.678717125038141}. Best is trial 25 with value: 77.85177176700307.
[I 2025-01-04 17:57:11,303] Trial 37 finished with value: 81.59706438734769 and parameters: {'p_m': 0.13118872369474557, 'alpha': 6.207362231057187, 'K': 2, 'beta': 5.643342511163838}. Best is trial 25 with value: 77.85177176700307.
[I 2025-01-04 18:17:41,687] Trial 38 finished with value: 82.9089229947449 and parameters: {'p_m': 0.548187985874851, 'alpha': 7.161166386005423, 'K': 5, 'beta': 2.6951501198109273}. Best is trial 25 with value: 77.85177176700307.
[I 2025-01-04 19:03:35,919] Trial 39 finished with value: 84.1968302093529 and parameters: {'p_m': 0.21273976404130723, 'alpha': 4.543506468710788, 'K': 15, 'beta': 5.029584470484685}. Best is trial 25 with value: 77.85177176700307.
[I 2025-01-04 20:07:22,155] Trial 40 finished with value: 80.80451769619476 and parameters: {'p_m': 0.4751289663532814, 'alpha': 7.938438948498697, 'K': 20, 'beta': 6.342768141720459}. Best is trial 25 with value: 77.85177176700307.
[I 2025-01-04 20:30:19,008] Trial 41 finished with value: 77.75526758879647 and parameters: {'p_m': 0.1818013619907834, 'alpha': 9.92483907611208, 'K': 5, 'beta': 5.319913971632655}. Best is trial 41 with value: 77.75526758879647.
[I 2025-01-04 20:48:09,601] Trial 42 finished with value: 82.16814059931421 and parameters: {'p_m': 0.2652339789328307, 'alpha': 9.30404028588296, 'K': 5, 'beta': 4.411753671629898}. Best is trial 41 with value: 77.75526758879647.
[I 2025-01-04 21:09:47,578] Trial 43 finished with value: 79.38204139263624 and parameters: {'p_m': 0.1351227121344321, 'alpha': 9.476685717219281, 'K': 5, 'beta': 7.038146879669628}. Best is trial 41 with value: 77.75526758879647.
[I 2025-01-04 21:33:18,981] Trial 44 finished with value: 78.5257921896197 and parameters: {'p_m': 0.18640301674422807, 'alpha': 8.814152206382783, 'K': 5, 'beta': 5.390662532328541}. Best is trial 41 with value: 77.75526758879647.
[I 2025-01-04 21:55:08,851] Trial 45 finished with value: 80.52719183459615 and parameters: {'p_m': 0.12072849266114483, 'alpha': 5.298572246507653, 'K': 5, 'beta': 7.62883505686391}. Best is trial 41 with value: 77.75526758879647.
[I 2025-01-04 22:32:40,076] Trial 46 finished with value: 82.7675076743443 and parameters: {'p_m': 0.24995428638587935, 'alpha': 7.964978810093395, 'K': 10, 'beta': 4.713805472326191}. Best is trial 41 with value: 77.75526758879647.
[I 2025-01-04 22:55:25,073] Trial 47 finished with value: 79.47350599988289 and parameters: {'p_m': 0.3536265856224089, 'alpha': 5.9565633276736385, 'K': 5, 'beta': 6.543663522455264}. Best is trial 41 with value: 77.75526758879647.
[I 2025-01-04 23:07:03,992] Trial 48 finished with value: 78.06372837240887 and parameters: {'p_m': 0.29631718745922775, 'alpha': 9.99043102871034, 'K': 2, 'beta': 5.3826802066371675}. Best is trial 41 with value: 77.75526758879647.
[I 2025-01-04 23:18:41,704] Trial 49 finished with value: 78.6215550763092 and parameters: {'p_m': 0.2921517956962912, 'alpha': 9.960355984016271, 'K': 2, 'beta': 5.407882561686133}. Best is trial 41 with value: 77.75526758879647.
[I 2025-01-04 23:27:14,498] Trial 50 finished with value: 84.86131475121805 and parameters: {'p_m': 0.20151924190433046, 'alpha': 2.333247002983965, 'K': 2, 'beta': 3.8541221380707085}. Best is trial 41 with value: 77.75526758879647.
[I 2025-01-04 23:35:51,141] Trial 51 finished with value: 85.15823024323264 and parameters: {'p_m': 0.10371512175335566, 'alpha': 8.664134807032571, 'K': 2, 'beta': 5.923392788095624}. Best is trial 41 with value: 77.75526758879647.
[I 2025-01-05 00:50:23,899] Trial 52 finished with value: 81.37174391774354 and parameters: {'p_m': 0.31722012172112735, 'alpha': 9.030706121222147, 'K': 20, 'beta': 4.682441921139377}. Best is trial 41 with value: 77.75526758879647.
[I 2025-01-05 01:03:38,048] Trial 53 finished with value: 78.17639356270362 and parameters: {'p_m': 0.14952251499443728, 'alpha': 9.598849634858004, 'K': 2, 'beta': 7.323809956501625}. Best is trial 41 with value: 77.75526758879647.
[I 2025-01-05 01:15:49,980] Trial 54 finished with value: 78.15810071343482 and parameters: {'p_m': 0.14640189807098336, 'alpha': 9.613380645959197, 'K': 2, 'beta': 7.261183912027121}. Best is trial 41 with value: 77.75526758879647.
[I 2025-01-05 01:25:39,525] Trial 55 finished with value: 81.49162444997953 and parameters: {'p_m': 0.14972970953528103, 'alpha': 9.574202730481987, 'K': 2, 'beta': 7.304737241768306}. Best is trial 41 with value: 77.75526758879647.
[I 2025-01-05 01:38:44,413] Trial 56 finished with value: 77.02717411419609 and parameters: {'p_m': 0.19543335210332746, 'alpha': 9.619143087097799, 'K': 2, 'beta': 6.291092231131599}. Best is trial 56 with value: 77.02717411419609.
[I 2025-01-05 01:50:56,676] Trial 57 finished with value: 78.16534046608822 and parameters: {'p_m': 0.20105500719309696, 'alpha': 8.246754852238322, 'K': 2, 'beta': 8.044872364502181}. Best is trial 56 with value: 77.02717411419609.
[I 2025-01-05 02:03:47,550] Trial 58 finished with value: 80.68126558616505 and parameters: {'p_m': 0.2756639481168725, 'alpha': 9.121241677109818, 'K': 2, 'beta': 6.711423351381157}. Best is trial 56 with value: 77.02717411419609.
[I 2025-01-05 02:14:57,355] Trial 59 finished with value: 81.90002040409072 and parameters: {'p_m': 0.2248989197947005, 'alpha': 9.960350834925167, 'K': 2, 'beta': 5.558681743165105}. Best is trial 56 with value: 77.02717411419609.
[I 2025-01-05 02:26:30,019] Trial 60 finished with value: 78.32429308881031 and parameters: {'p_m': 0.2448785366597567, 'alpha': 9.432868155661657, 'K': 2, 'beta': 6.121362020997916}. Best is trial 56 with value: 77.02717411419609.
[I 2025-01-05 02:38:09,022] Trial 61 finished with value: 78.22687354720179 and parameters: {'p_m': 0.1991616786391977, 'alpha': 8.492390687884019, 'K': 2, 'beta': 7.94494439585762}. Best is trial 56 with value: 77.02717411419609.
[I 2025-01-05 02:49:31,790] Trial 62 finished with value: 78.10723603987859 and parameters: {'p_m': 0.18858054381373185, 'alpha': 8.219314090269496, 'K': 2, 'beta': 6.304160746547912}. Best is trial 56 with value: 77.02717411419609.
[I 2025-01-05 03:00:50,495] Trial 63 finished with value: 79.67628523550735 and parameters: {'p_m': 0.17670368738252487, 'alpha': 8.856164386828098, 'K': 2, 'beta': 5.1241442881210535}. Best is trial 56 with value: 77.02717411419609.
[I 2025-01-05 03:09:58,070] Trial 64 finished with value: 85.41085002871269 and parameters: {'p_m': 0.10249972291903081, 'alpha': 9.317283941255756, 'K': 2, 'beta': 6.248748563863077}. Best is trial 56 with value: 77.02717411419609.
[I 2025-01-05 03:54:28,915] Trial 65 finished with value: 78.61292856887357 and parameters: {'p_m': 0.135338015251731, 'alpha': 7.612037898322402, 'K': 10, 'beta': 6.917042010548027}. Best is trial 56 with value: 77.02717411419609.
[I 2025-01-05 04:04:55,526] Trial 66 finished with value: 79.48578305059425 and parameters: {'p_m': 0.23352210154681138, 'alpha': 9.731946229196447, 'K': 2, 'beta': 5.743465471897358}. Best is trial 56 with value: 77.02717411419609.
[I 2025-01-05 04:51:17,219] Trial 67 finished with value: 79.77235056713626 and parameters: {'p_m': 0.30808422066375496, 'alpha': 1.1188315584139001, 'K': 15, 'beta': 6.692277669142312}. Best is trial 56 with value: 77.02717411419609.
[I 2025-01-05 05:10:43,611] Trial 68 finished with value: 81.13035118074065 and parameters: {'p_m': 0.8668167891709097, 'alpha': 8.339472754955356, 'K': 5, 'beta': 5.259229176312326}. Best is trial 56 with value: 77.02717411419609.
[I 2025-01-05 05:21:43,367] Trial 69 finished with value: 79.8711814774552 and parameters: {'p_m': 0.17141925622528661, 'alpha': 9.12652619451571, 'K': 2, 'beta': 6.047746552963484}. Best is trial 56 with value: 77.02717411419609.
[I 2025-01-05 05:40:03,620] Trial 70 finished with value: 80.12783621247164 and parameters: {'p_m': 0.3635609796422704, 'alpha': 9.785478832691838, 'K': 5, 'beta': 5.707286166960377}. Best is trial 56 with value: 77.02717411419609.
[I 2025-01-05 05:52:12,810] Trial 71 finished with value: 78.37834487064701 and parameters: {'p_m': 0.20090391418932219, 'alpha': 7.261933219107953, 'K': 2, 'beta': 8.191688614951136}. Best is trial 56 with value: 77.02717411419609.
[I 2025-01-05 06:06:08,195] Trial 72 finished with value: 77.16532593149007 and parameters: {'p_m': 0.19306107676728185, 'alpha': 8.205984988610417, 'K': 2, 'beta': 8.837306557985862}. Best is trial 56 with value: 77.02717411419609.
[I 2025-01-05 06:19:01,237] Trial 73 finished with value: 77.78651007822933 and parameters: {'p_m': 0.1606737400194203, 'alpha': 8.656481913714131, 'K': 2, 'beta': 6.399786649570741}. Best is trial 56 with value: 77.02717411419609.
[I 2025-01-05 06:31:47,419] Trial 74 finished with value: 79.14657570823073 and parameters: {'p_m': 0.22853007795199495, 'alpha': 8.643179262660215, 'K': 2, 'beta': 4.833885888469835}. Best is trial 56 with value: 77.02717411419609.
[I 2025-01-05 06:53:53,427] Trial 75 finished with value: 80.44999067691803 and parameters: {'p_m': 0.25516184328583436, 'alpha': 7.918709530035201, 'K': 5, 'beta': 9.460291412650015}. Best is trial 56 with value: 77.02717411419609.
[I 2025-01-05 07:05:07,367] Trial 76 finished with value: 80.39234858618393 and parameters: {'p_m': 0.16748002019418276, 'alpha': 7.649280959580485, 'K': 2, 'beta': 6.231543877189242}. Best is trial 56 with value: 77.02717411419609.
[I 2025-01-05 07:30:28,112] Trial 77 finished with value: 80.43901490625002 and parameters: {'p_m': 0.18239600832712277, 'alpha': 8.189287056965867, 'K': 5, 'beta': 4.2146629465315915}. Best is trial 56 with value: 77.02717411419609.
[I 2025-01-05 07:59:13,716] Trial 78 finished with value: 86.31514917298082 and parameters: {'p_m': 0.1200613229106498, 'alpha': 8.92674308627214, 'K': 10, 'beta': 6.430569881024528}. Best is trial 56 with value: 77.02717411419609.
[I 2025-01-05 08:54:09,945] Trial 79 finished with value: 80.14669083488573 and parameters: {'p_m': 0.27906908432729105, 'alpha': 8.580248246628077, 'K': 15, 'beta': 8.741824509905467}. Best is trial 56 with value: 77.02717411419609.
[I 2025-01-05 09:03:41,310] Trial 80 finished with value: 84.35968174952265 and parameters: {'p_m': 0.33884544747968337, 'alpha': 6.793120202231729, 'K': 2, 'beta': 1.3909422929781394}. Best is trial 56 with value: 77.02717411419609.
[I 2025-01-05 09:14:47,079] Trial 81 finished with value: 79.19629972427 and parameters: {'p_m': 0.1513281011232179, 'alpha': 9.43086006599853, 'K': 2, 'beta': 5.918739086413522}. Best is trial 56 with value: 77.02717411419609.
[I 2025-01-05 09:27:35,528] Trial 82 finished with value: 77.74003409605997 and parameters: {'p_m': 0.2158140860960735, 'alpha': 9.680756976113194, 'K': 2, 'beta': 7.114427106451592}. Best is trial 56 with value: 77.02717411419609.
[I 2025-01-05 09:39:40,121] Trial 83 finished with value: 78.68161505648582 and parameters: {'p_m': 0.21984002414938758, 'alpha': 9.229314247660161, 'K': 2, 'beta': 5.552903518750264}. Best is trial 56 with value: 77.02717411419609.
[I 2025-01-05 09:51:21,455] Trial 84 finished with value: 77.72926040740285 and parameters: {'p_m': 0.18812106745118518, 'alpha': 3.000682641233104, 'K': 2, 'beta': 8.634089454365835}. Best is trial 56 with value: 77.02717411419609.
[I 2025-01-05 10:12:42,656] Trial 85 finished with value: 79.89989709155284 and parameters: {'p_m': 0.24379974591504056, 'alpha': 3.205055963993749, 'K': 5, 'beta': 9.036515242935494}. Best is trial 56 with value: 77.02717411419609.
[I 2025-01-05 10:24:41,918] Trial 86 finished with value: 78.71558350393569 and parameters: {'p_m': 0.2133112828626138, 'alpha': 1.6521478063152955, 'K': 2, 'beta': 4.957134525149405}. Best is trial 56 with value: 77.02717411419609.
[I 2025-01-05 10:47:42,552] Trial 87 finished with value: 80.57717721425152 and parameters: {'p_m': 0.12261457613145083, 'alpha': 4.354779793262104, 'K': 5, 'beta': 7.855907154538738}. Best is trial 56 with value: 77.02717411419609.
srun: Job step aborted: Waiting up to 32 seconds for job step to finish.
slurmstepd: error: *** STEP 944483.0 ON stud-000 CANCELLED AT 2025-01-05T10:51:59 ***
srun: error: stud-000: task 0: Killed
