 Panda Version: 2.0.3
Namespace(batch_size=128, cat_dims=None, cat_idx=None, config='config/black_friday.yml', data_parallel=False, dataset='Black_Friday', direction='minimize', dropna_idx=None, early_stopping_rounds=20, epochs=100, gpu_ids=[0, 1], logging_period=100, miss_cat_idx=None, miss_num_idx=None, model_name='VIME', n_trials=20, nominal_idx=[0, 2, 3, 5, 6, 7, 8], num_classes=1, num_features=9, num_splits=5, objective='regression', one_hot_encode=True, optimize_hyperparameters=True, ordinal_encode=True, ordinal_idx=[1], scale=True, seed=221, shuffle=True, target_encode=False, use_gpu=True, val_batch_size=256)
Start hyperparameter optimization
 Panda Version: 2.0.3
Loading dataset Black_Friday...
Dataset loaded!
(166821, 9)
Scaling the data...
args.num_features: 71
args.cat_idx: [0]
New Shape: (166821, 71)
A new study created in RDB with name: VIME_Black_Friday
In get_device
On Device: cuda
In get_device
On Device: cuda
Fitted encoder
Epoch 0, Val Loss: 15343340.00000
Epoch 1, Val Loss: 14848759.00000
Epoch 2, Val Loss: 14334039.00000
Epoch 3, Val Loss: 14694417.00000
Epoch 4, Val Loss: 14237577.00000
Epoch 5, Val Loss: 14217556.00000
Epoch 6, Val Loss: 14644884.00000
Epoch 7, Val Loss: 13925483.00000
Epoch 8, Val Loss: 13759687.00000
Epoch 9, Val Loss: 13771123.00000
Epoch 10, Val Loss: 13853439.00000
Epoch 11, Val Loss: 13687479.00000
Epoch 12, Val Loss: 13519471.00000
Epoch 13, Val Loss: 13845042.00000
Epoch 14, Val Loss: 13609104.00000
Epoch 15, Val Loss: 14052367.00000
Epoch 16, Val Loss: 13548270.00000
Epoch 17, Val Loss: 13850806.00000
Epoch 18, Val Loss: 13995010.00000
Epoch 19, Val Loss: 13613167.00000
Epoch 20, Val Loss: 13442835.00000
Epoch 21, Val Loss: 13432812.00000
Epoch 22, Val Loss: 13461604.00000
Epoch 23, Val Loss: 13446091.00000
Epoch 24, Val Loss: 13481016.00000
Epoch 25, Val Loss: 13375917.00000
Epoch 26, Val Loss: 13616657.00000
Epoch 27, Val Loss: 13602627.00000
Epoch 28, Val Loss: 13298763.00000
Epoch 29, Val Loss: 13243969.00000
Epoch 30, Val Loss: 13481818.00000
Epoch 31, Val Loss: 13876478.00000
Epoch 32, Val Loss: 13398719.00000
Epoch 33, Val Loss: 13689160.00000
Epoch 34, Val Loss: 13289729.00000
Epoch 35, Val Loss: 13385772.00000
Epoch 36, Val Loss: 13441246.00000
Epoch 37, Val Loss: 13692323.00000
Epoch 38, Val Loss: 13473668.00000
Epoch 39, Val Loss: 13594408.00000
Epoch 40, Val Loss: 13291273.00000
Epoch 41, Val Loss: 13537485.00000
Epoch 42, Val Loss: 13233088.00000
Epoch 43, Val Loss: 13341899.00000
Epoch 44, Val Loss: 13152749.00000
Epoch 45, Val Loss: 13875468.00000
Epoch 46, Val Loss: 13589209.00000
Epoch 47, Val Loss: 13259065.00000
Epoch 48, Val Loss: 13274869.00000
Epoch 49, Val Loss: 13220515.00000
Epoch 50, Val Loss: 13266272.00000
Epoch 51, Val Loss: 13888394.00000
Epoch 52, Val Loss: 13264098.00000
Epoch 53, Val Loss: 13311529.00000
Epoch 54, Val Loss: 13147518.00000
Epoch 55, Val Loss: 13426623.00000
Epoch 56, Val Loss: 13726726.00000
Epoch 57, Val Loss: 13259812.00000
Epoch 58, Val Loss: 13233881.00000
Epoch 59, Val Loss: 13100090.00000
Epoch 60, Val Loss: 13478669.00000
Epoch 61, Val Loss: 13240620.00000
Epoch 62, Val Loss: 13710070.00000
Epoch 63, Val Loss: 13276471.00000
Epoch 64, Val Loss: 13280237.00000
Epoch 65, Val Loss: 13216517.00000
Epoch 66, Val Loss: 13411228.00000
Epoch 67, Val Loss: 13557565.00000
Epoch 68, Val Loss: 13036703.00000
Epoch 69, Val Loss: 12829069.00000
Epoch 70, Val Loss: 13158515.00000
Epoch 71, Val Loss: 13535319.00000
Epoch 72, Val Loss: 13381937.00000
Epoch 73, Val Loss: 13209496.00000
Epoch 74, Val Loss: 13181235.00000
Epoch 75, Val Loss: 13102489.00000
Epoch 76, Val Loss: 13111068.00000
Epoch 77, Val Loss: 13214234.00000
Epoch 78, Val Loss: 13429091.00000
Epoch 79, Val Loss: 13048362.00000
Epoch 80, Val Loss: 13108602.00000
Epoch 81, Val Loss: 13095555.00000
Epoch 82, Val Loss: 13211208.00000
Epoch 83, Val Loss: 13363449.00000
Epoch 84, Val Loss: 13050318.00000
Epoch 85, Val Loss: 13214549.00000
Epoch 86, Val Loss: 13428035.00000
Epoch 87, Val Loss: 12922692.00000
Epoch 88, Val Loss: 13305088.00000
Epoch 89, Val Loss: 13096568.00000
Epoch 90, Val Loss: 13494784.00000
Early stopping applies.
Saved Losses
{'MSE - mean': 12834422.672418244, 'MSE - std': 0.0, 'R2 - mean': 0.49758415166819925, 'R2 - std': 0.0} 
 

In get_device
On Device: cuda
Fitted encoder
Epoch 0, Val Loss: 15646329.00000
Epoch 1, Val Loss: 14951330.00000
Epoch 2, Val Loss: 14594134.00000
Epoch 3, Val Loss: 14582182.00000
Epoch 4, Val Loss: 14434528.00000
Epoch 5, Val Loss: 14552486.00000
Epoch 6, Val Loss: 14460501.00000
Epoch 7, Val Loss: 14189160.00000
Epoch 8, Val Loss: 14162163.00000
Epoch 9, Val Loss: 13967791.00000
Epoch 10, Val Loss: 14275464.00000
Epoch 11, Val Loss: 13846394.00000
Epoch 12, Val Loss: 13942949.00000
Epoch 13, Val Loss: 13778513.00000
Epoch 14, Val Loss: 14286464.00000
Epoch 15, Val Loss: 13621702.00000
Epoch 16, Val Loss: 13806120.00000
Epoch 17, Val Loss: 13777513.00000
Epoch 18, Val Loss: 13690200.00000
Epoch 19, Val Loss: 13703232.00000
Epoch 20, Val Loss: 13444410.00000
Epoch 21, Val Loss: 13596410.00000
Epoch 22, Val Loss: 14082091.00000
Epoch 23, Val Loss: 13607012.00000
Epoch 24, Val Loss: 13897127.00000
Epoch 25, Val Loss: 13650039.00000
Epoch 26, Val Loss: 13758466.00000
Epoch 27, Val Loss: 13487194.00000
Epoch 28, Val Loss: 13490674.00000
Epoch 29, Val Loss: 13491386.00000
Epoch 30, Val Loss: 13626140.00000
Epoch 31, Val Loss: 13944599.00000
Epoch 32, Val Loss: 13317021.00000
Epoch 33, Val Loss: 13555869.00000
Epoch 34, Val Loss: 13690033.00000
Epoch 35, Val Loss: 13597794.00000
Epoch 36, Val Loss: 13660315.00000
Epoch 37, Val Loss: 13670279.00000
Epoch 38, Val Loss: 13803029.00000
Epoch 39, Val Loss: 13452439.00000
Epoch 40, Val Loss: 13448938.00000
Epoch 41, Val Loss: 13539747.00000
Epoch 42, Val Loss: 13433475.00000
Epoch 43, Val Loss: 13694627.00000
Epoch 44, Val Loss: 13345808.00000
Epoch 45, Val Loss: 13316357.00000
Epoch 46, Val Loss: 13334819.00000
Epoch 47, Val Loss: 13752099.00000
Epoch 48, Val Loss: 13318394.00000
Epoch 49, Val Loss: 13436549.00000
Epoch 50, Val Loss: 13354586.00000
Epoch 51, Val Loss: 13375213.00000
Epoch 52, Val Loss: 13525363.00000
Epoch 53, Val Loss: 13627961.00000
Epoch 54, Val Loss: 13852133.00000
Epoch 55, Val Loss: 13488185.00000
Epoch 56, Val Loss: 13579097.00000
Epoch 57, Val Loss: 13293792.00000
Epoch 58, Val Loss: 13398240.00000
Epoch 59, Val Loss: 13577378.00000
Epoch 60, Val Loss: 13744341.00000
Epoch 61, Val Loss: 13268907.00000
Epoch 62, Val Loss: 13168780.00000
Epoch 63, Val Loss: 13278305.00000
Epoch 64, Val Loss: 13375028.00000
Epoch 65, Val Loss: 13346845.00000
Epoch 66, Val Loss: 13924870.00000
Epoch 67, Val Loss: 13441521.00000
Epoch 68, Val Loss: 13189581.00000
Epoch 69, Val Loss: 13274525.00000
Epoch 70, Val Loss: 13293392.00000
Epoch 71, Val Loss: 13563935.00000
Epoch 72, Val Loss: 13305270.00000
Epoch 73, Val Loss: 13314664.00000
Epoch 74, Val Loss: 13128085.00000
Epoch 75, Val Loss: 13448604.00000
Epoch 76, Val Loss: 13458224.00000
Epoch 77, Val Loss: 13427122.00000
Epoch 78, Val Loss: 13435915.00000
Epoch 79, Val Loss: 14066311.00000
Epoch 80, Val Loss: 13095353.00000
Epoch 81, Val Loss: 12961718.00000
Epoch 82, Val Loss: 13232851.00000
Epoch 83, Val Loss: 13347462.00000
Epoch 84, Val Loss: 13165290.00000
Epoch 85, Val Loss: 12944374.00000
Epoch 86, Val Loss: 13083312.00000
Epoch 87, Val Loss: 13174712.00000
Epoch 88, Val Loss: 13391161.00000
Epoch 89, Val Loss: 13429093.00000
Epoch 90, Val Loss: 13137293.00000
Epoch 91, Val Loss: 13233421.00000
Epoch 92, Val Loss: 13794386.00000
Epoch 93, Val Loss: 13169337.00000
Epoch 94, Val Loss: 13285814.00000
Epoch 95, Val Loss: 13039104.00000
Epoch 96, Val Loss: 13332632.00000
Epoch 97, Val Loss: 13004587.00000
Epoch 98, Val Loss: 13395560.00000
Epoch 99, Val Loss: 13027717.00000
Saved Losses
{'MSE - mean': 12882919.915130034, 'MSE - std': 48497.242711789906, 'R2 - mean': 0.498644486985557, 'R2 - std': 0.0010603353173577745} 
 

In get_device
On Device: cuda
Fitted encoder
Epoch 0, Val Loss: 16419176.00000
Epoch 1, Val Loss: 15497592.00000
Epoch 2, Val Loss: 14702311.00000
Epoch 3, Val Loss: 14427287.00000
Epoch 4, Val Loss: 14637859.00000
Epoch 5, Val Loss: 14063983.00000
Epoch 6, Val Loss: 14212786.00000
Epoch 7, Val Loss: 14054776.00000
Epoch 8, Val Loss: 14054276.00000
Epoch 9, Val Loss: 13934338.00000
Epoch 10, Val Loss: 13924739.00000
Epoch 11, Val Loss: 13997377.00000
Epoch 12, Val Loss: 14157258.00000
Epoch 13, Val Loss: 14132247.00000
Epoch 14, Val Loss: 13720797.00000
Epoch 15, Val Loss: 13687022.00000
Epoch 16, Val Loss: 13742067.00000
Epoch 17, Val Loss: 13664729.00000
Epoch 18, Val Loss: 13653813.00000
Epoch 19, Val Loss: 13658779.00000
Epoch 20, Val Loss: 14200774.00000
Epoch 21, Val Loss: 14457688.00000
Epoch 22, Val Loss: 14496670.00000
Epoch 23, Val Loss: 13561296.00000
Epoch 24, Val Loss: 13853795.00000
Epoch 25, Val Loss: 13921942.00000
Epoch 26, Val Loss: 13751296.00000
Epoch 27, Val Loss: 13369953.00000
Epoch 28, Val Loss: 13596606.00000
Epoch 29, Val Loss: 13375586.00000
Epoch 30, Val Loss: 13619821.00000
Epoch 31, Val Loss: 14260814.00000
Epoch 32, Val Loss: 13908037.00000
Epoch 33, Val Loss: 14243651.00000
Epoch 34, Val Loss: 13426689.00000
Epoch 35, Val Loss: 14023958.00000
Epoch 36, Val Loss: 13858299.00000
Epoch 37, Val Loss: 13703056.00000
Epoch 38, Val Loss: 13756143.00000
Epoch 39, Val Loss: 13584167.00000
Epoch 40, Val Loss: 13318433.00000
Epoch 41, Val Loss: 13576685.00000
Epoch 42, Val Loss: 14101670.00000
Epoch 43, Val Loss: 13198144.00000
Epoch 44, Val Loss: 13499390.00000
Epoch 45, Val Loss: 13380442.00000
Epoch 46, Val Loss: 13270262.00000
Epoch 47, Val Loss: 13472706.00000
Epoch 48, Val Loss: 13771561.00000
Epoch 49, Val Loss: 13774628.00000
Epoch 50, Val Loss: 13404588.00000
Epoch 51, Val Loss: 13606130.00000
Epoch 52, Val Loss: 13583949.00000
Epoch 53, Val Loss: 13515920.00000
Epoch 54, Val Loss: 13502927.00000
Epoch 55, Val Loss: 13802180.00000
Epoch 56, Val Loss: 13767626.00000
Epoch 57, Val Loss: 13829893.00000
Epoch 58, Val Loss: 13424441.00000
Epoch 59, Val Loss: 13558195.00000
Epoch 60, Val Loss: 13627764.00000
Epoch 61, Val Loss: 13600550.00000
Epoch 62, Val Loss: 13584137.00000
Epoch 63, Val Loss: 13303422.00000
Epoch 64, Val Loss: 13703783.00000
Early stopping applies.
Saved Losses
{'MSE - mean': 12990474.02546913, 'MSE - std': 157174.30346200202, 'R2 - mean': 0.49515765513612847, 'R2 - std': 0.005006549045920111} 
 

In get_device
On Device: cuda
Fitted encoder
Epoch 0, Val Loss: 15679405.00000
Epoch 1, Val Loss: 14973064.00000
Epoch 2, Val Loss: 14563784.00000
Epoch 3, Val Loss: 14469715.00000
Epoch 4, Val Loss: 14263260.00000
Epoch 5, Val Loss: 14925151.00000
Epoch 6, Val Loss: 14590029.00000
Epoch 7, Val Loss: 13976700.00000
Epoch 8, Val Loss: 13904210.00000
Epoch 9, Val Loss: 14818619.00000
Epoch 10, Val Loss: 13891168.00000
Epoch 11, Val Loss: 13675429.00000
Epoch 12, Val Loss: 13884760.00000
Epoch 13, Val Loss: 13720926.00000
Epoch 14, Val Loss: 13873325.00000
Epoch 15, Val Loss: 14022092.00000
Epoch 16, Val Loss: 14042174.00000
Epoch 17, Val Loss: 13783383.00000
Epoch 18, Val Loss: 13561894.00000
Epoch 19, Val Loss: 13608282.00000
Epoch 20, Val Loss: 13621430.00000
Epoch 21, Val Loss: 13587031.00000
Epoch 22, Val Loss: 13471973.00000
Epoch 23, Val Loss: 14044740.00000
Epoch 24, Val Loss: 13589602.00000
Epoch 25, Val Loss: 14237896.00000
Epoch 26, Val Loss: 13696492.00000
Epoch 27, Val Loss: 13728800.00000
Epoch 28, Val Loss: 13454196.00000
Epoch 29, Val Loss: 13737227.00000
Epoch 30, Val Loss: 13454041.00000
Epoch 31, Val Loss: 13536961.00000
Epoch 32, Val Loss: 13882271.00000
Epoch 33, Val Loss: 13380510.00000
Epoch 34, Val Loss: 13671943.00000
Epoch 35, Val Loss: 13338718.00000
Epoch 36, Val Loss: 13435823.00000
Epoch 37, Val Loss: 13475950.00000
Epoch 38, Val Loss: 13628640.00000
Epoch 39, Val Loss: 13229729.00000
Epoch 40, Val Loss: 13319774.00000
Epoch 41, Val Loss: 13349383.00000
Epoch 42, Val Loss: 13488781.00000
Epoch 43, Val Loss: 13742818.00000
Epoch 44, Val Loss: 13308948.00000
Epoch 45, Val Loss: 13220179.00000
Epoch 46, Val Loss: 13350555.00000
Epoch 47, Val Loss: 13166732.00000
Epoch 48, Val Loss: 13581817.00000
Epoch 49, Val Loss: 13175244.00000
Epoch 50, Val Loss: 13316054.00000
Epoch 51, Val Loss: 13390327.00000
Epoch 52, Val Loss: 13337270.00000
Epoch 53, Val Loss: 13398205.00000
Epoch 54, Val Loss: 13155896.00000
Epoch 55, Val Loss: 13293610.00000
Epoch 56, Val Loss: 13444234.00000
Epoch 57, Val Loss: 13311169.00000
Epoch 58, Val Loss: 13282822.00000
Epoch 59, Val Loss: 13282079.00000
Epoch 60, Val Loss: 13065506.00000
Epoch 61, Val Loss: 13739892.00000
Epoch 62, Val Loss: 13451132.00000
Epoch 63, Val Loss: 13462679.00000
Epoch 64, Val Loss: 13189323.00000
Epoch 65, Val Loss: 13285695.00000
Epoch 66, Val Loss: 13362625.00000
Epoch 67, Val Loss: 13193460.00000
Epoch 68, Val Loss: 13230667.00000
Epoch 69, Val Loss: 13281343.00000
Epoch 70, Val Loss: 13454922.00000
Epoch 71, Val Loss: 13470907.00000
Epoch 72, Val Loss: 13528120.00000
Epoch 73, Val Loss: 12931125.00000
Epoch 74, Val Loss: 13159033.00000
Epoch 75, Val Loss: 13240183.00000
Epoch 76, Val Loss: 13310264.00000
Epoch 77, Val Loss: 13088074.00000
Epoch 78, Val Loss: 13364308.00000
Epoch 79, Val Loss: 13306946.00000
Epoch 80, Val Loss: 13166955.00000
Epoch 81, Val Loss: 13246667.00000
Epoch 82, Val Loss: 13355107.00000
Epoch 83, Val Loss: 13370033.00000
Epoch 84, Val Loss: 13493269.00000
Epoch 85, Val Loss: 13438146.00000
Epoch 86, Val Loss: 12908173.00000
Epoch 87, Val Loss: 13123030.00000
Epoch 88, Val Loss: 13801282.00000
Epoch 89, Val Loss: 13927039.00000
Epoch 90, Val Loss: 13282520.00000
Epoch 91, Val Loss: 13742116.00000
Epoch 92, Val Loss: 13356101.00000
Epoch 93, Val Loss: 13362302.00000
Epoch 94, Val Loss: 12974962.00000
Epoch 95, Val Loss: 13262830.00000
Epoch 96, Val Loss: 13138283.00000
Epoch 97, Val Loss: 13240655.00000
Epoch 98, Val Loss: 13196923.00000
Epoch 99, Val Loss: 13611998.00000
Saved Losses
{'MSE - mean': 12973672.854936458, 'MSE - std': 139192.88503863168, 'R2 - mean': 0.496472734098121, 'R2 - std': 0.004897698239043398} 
 

In get_device
On Device: cuda
Fitted encoder
Epoch 0, Val Loss: 16664834.00000
Epoch 1, Val Loss: 15667946.00000
Epoch 2, Val Loss: 15096458.00000
Epoch 3, Val Loss: 15124478.00000
Epoch 4, Val Loss: 14886350.00000
Epoch 5, Val Loss: 14651862.00000
Epoch 6, Val Loss: 14766027.00000
Epoch 7, Val Loss: 14281407.00000
Epoch 8, Val Loss: 14503633.00000
Epoch 9, Val Loss: 14923752.00000
Epoch 10, Val Loss: 14214618.00000
Epoch 11, Val Loss: 14079302.00000
Epoch 12, Val Loss: 14023192.00000
Epoch 13, Val Loss: 14001427.00000
Epoch 14, Val Loss: 14014791.00000
Epoch 15, Val Loss: 14143401.00000
Epoch 16, Val Loss: 13819147.00000
Epoch 17, Val Loss: 13698358.00000
Epoch 18, Val Loss: 13806030.00000
Epoch 19, Val Loss: 13720279.00000
Epoch 20, Val Loss: 14019724.00000
Epoch 21, Val Loss: 13916635.00000
Epoch 22, Val Loss: 13702327.00000
Epoch 23, Val Loss: 13771897.00000
Epoch 24, Val Loss: 13542051.00000
Epoch 25, Val Loss: 13564917.00000
Epoch 26, Val Loss: 13598960.00000
Epoch 27, Val Loss: 13634858.00000
Epoch 28, Val Loss: 13441084.00000
Epoch 29, Val Loss: 13258543.00000
Epoch 30, Val Loss: 13324105.00000
Epoch 31, Val Loss: 13735410.00000
Epoch 32, Val Loss: 13892883.00000
Epoch 33, Val Loss: 13341950.00000
Epoch 34, Val Loss: 13407597.00000
Epoch 35, Val Loss: 13440206.00000
Epoch 36, Val Loss: 13689109.00000
Epoch 37, Val Loss: 13594842.00000
Epoch 38, Val Loss: 13367611.00000
Epoch 39, Val Loss: 13674363.00000
Epoch 40, Val Loss: 13758842.00000
Epoch 41, Val Loss: 13469959.00000
Epoch 42, Val Loss: 13463150.00000
Epoch 43, Val Loss: 13418608.00000
Epoch 44, Val Loss: 13991203.00000
Epoch 45, Val Loss: 14143285.00000
Epoch 46, Val Loss: 13476838.00000
Epoch 47, Val Loss: 13394979.00000
Epoch 48, Val Loss: 13434176.00000
Epoch 49, Val Loss: 13347754.00000
Epoch 50, Val Loss: 13262971.00000
Early stopping applies.
Saved Losses
{'MSE - mean': 13032127.2997816, 'MSE - std': 170784.70623834158, 'R2 - mean': 0.49544582857575425, 'R2 - std': 0.004838191629116356} 
 

Results After CV: {'MSE - mean': 13032127.2997816, 'MSE - std': 170784.70623834158, 'R2 - mean': 0.49544582857575425, 'R2 - std': 0.004838191629116356}
Train time: 1788.4860688008005
Inference time: 0.4206164590000753
Finished cross validation
Trial 0 finished with value: 13032127.2997816 and parameters: {'p_m': 0.1657914233335368, 'alpha': 9.564523557741792, 'K': 3, 'beta': 3.6125551837409104}. Best is trial 0 with value: 13032127.2997816.
In get_device
On Device: cuda
In get_device
On Device: cuda
Fitted encoder
Epoch 0, Val Loss: 21026154.00000
Epoch 1, Val Loss: 19389662.00000
Epoch 2, Val Loss: 17830446.00000
Epoch 3, Val Loss: 17493118.00000
Epoch 4, Val Loss: 15822668.00000
Epoch 5, Val Loss: 15601667.00000
Epoch 6, Val Loss: 14616005.00000
Epoch 7, Val Loss: 14066165.00000
Epoch 8, Val Loss: 14140885.00000
Epoch 9, Val Loss: 13996608.00000
Epoch 10, Val Loss: 13308588.00000
Epoch 11, Val Loss: 13481582.00000
Epoch 12, Val Loss: 12974041.00000
Epoch 13, Val Loss: 12693102.00000
Epoch 14, Val Loss: 12856685.00000
Epoch 15, Val Loss: 12724877.00000
Epoch 16, Val Loss: 12640244.00000
Epoch 17, Val Loss: 12861597.00000
Epoch 18, Val Loss: 12655144.00000
Epoch 19, Val Loss: 12785127.00000
Epoch 20, Val Loss: 12573187.00000
Epoch 21, Val Loss: 12519054.00000
Epoch 22, Val Loss: 12640371.00000
Epoch 23, Val Loss: 13171360.00000
Epoch 24, Val Loss: 12682988.00000
Epoch 25, Val Loss: 12424719.00000
Epoch 26, Val Loss: 12450324.00000
Epoch 27, Val Loss: 12433953.00000
Epoch 28, Val Loss: 12668739.00000
Epoch 29, Val Loss: 12627830.00000
Epoch 30, Val Loss: 12635807.00000
Epoch 31, Val Loss: 12538017.00000
Epoch 32, Val Loss: 12601992.00000
Epoch 33, Val Loss: 12708794.00000
Epoch 34, Val Loss: 12382642.00000
Epoch 35, Val Loss: 12425902.00000
Epoch 36, Val Loss: 12339485.00000
Epoch 37, Val Loss: 12355991.00000
Epoch 38, Val Loss: 12582076.00000
Epoch 39, Val Loss: 12360856.00000
Epoch 40, Val Loss: 12373754.00000
Epoch 41, Val Loss: 12380204.00000
Epoch 42, Val Loss: 12303743.00000
Epoch 43, Val Loss: 12469441.00000
Epoch 44, Val Loss: 12383125.00000
Epoch 45, Val Loss: 12329993.00000
Epoch 46, Val Loss: 12287595.00000
Epoch 47, Val Loss: 12548307.00000
Epoch 48, Val Loss: 12245288.00000
Epoch 49, Val Loss: 12514975.00000
Epoch 50, Val Loss: 12246776.00000
Epoch 51, Val Loss: 12459020.00000
Epoch 52, Val Loss: 12270968.00000
Epoch 53, Val Loss: 12522187.00000
Epoch 54, Val Loss: 12285836.00000
Epoch 55, Val Loss: 12391618.00000
Epoch 56, Val Loss: 12537193.00000
Epoch 57, Val Loss: 12278635.00000
Epoch 58, Val Loss: 12395792.00000
Epoch 59, Val Loss: 12285514.00000
Epoch 60, Val Loss: 12303247.00000
Epoch 61, Val Loss: 12229648.00000
Epoch 62, Val Loss: 12270615.00000
Epoch 63, Val Loss: 12570477.00000
Epoch 64, Val Loss: 12281116.00000
Epoch 65, Val Loss: 12306241.00000
Epoch 66, Val Loss: 12351182.00000
Epoch 67, Val Loss: 12357166.00000
Epoch 68, Val Loss: 12206074.00000
Epoch 69, Val Loss: 12393861.00000
Epoch 70, Val Loss: 12282637.00000
Epoch 71, Val Loss: 12246502.00000
Epoch 72, Val Loss: 12240799.00000
Epoch 73, Val Loss: 12250583.00000
Epoch 74, Val Loss: 12253093.00000
Epoch 75, Val Loss: 12188218.00000
Epoch 76, Val Loss: 12221626.00000
Epoch 77, Val Loss: 12253506.00000
Epoch 78, Val Loss: 12340279.00000
Epoch 79, Val Loss: 12369243.00000
Epoch 80, Val Loss: 12218140.00000
Epoch 81, Val Loss: 12358856.00000
Epoch 82, Val Loss: 12283046.00000
Epoch 83, Val Loss: 12295336.00000
Epoch 84, Val Loss: 12242083.00000
Epoch 85, Val Loss: 12266616.00000
Epoch 86, Val Loss: 12313395.00000
Epoch 87, Val Loss: 12171619.00000
Epoch 88, Val Loss: 12193647.00000
Epoch 89, Val Loss: 12272183.00000
Epoch 90, Val Loss: 12323821.00000
Epoch 91, Val Loss: 12261935.00000
Epoch 92, Val Loss: 12240586.00000
Epoch 93, Val Loss: 12197944.00000
Epoch 94, Val Loss: 12279607.00000
Epoch 95, Val Loss: 12175809.00000
Epoch 96, Val Loss: 12357675.00000
Epoch 97, Val Loss: 12219817.00000
Epoch 98, Val Loss: 12250172.00000
Epoch 99, Val Loss: 12365473.00000
Saved Losses
{'MSE - mean': 12183953.096474892, 'MSE - std': 0.0, 'R2 - mean': 0.5230474102932972, 'R2 - std': 0.0} 
 

In get_device
On Device: cuda
Fitted encoder
Epoch 0, Val Loss: 20591154.00000
Epoch 1, Val Loss: 18192046.00000
Epoch 2, Val Loss: 16756986.00000
Epoch 3, Val Loss: 15657368.00000
Epoch 4, Val Loss: 15879664.00000
Epoch 5, Val Loss: 14919923.00000
Epoch 6, Val Loss: 14331743.00000
Epoch 7, Val Loss: 14030046.00000
Epoch 8, Val Loss: 13955872.00000
Epoch 9, Val Loss: 13595412.00000
Epoch 10, Val Loss: 13766814.00000
Epoch 11, Val Loss: 14125193.00000
Epoch 12, Val Loss: 13389320.00000
Epoch 13, Val Loss: 13354381.00000
Epoch 14, Val Loss: 13409277.00000
Epoch 15, Val Loss: 13233695.00000
Epoch 16, Val Loss: 13561224.00000
Epoch 17, Val Loss: 13521117.00000
Epoch 18, Val Loss: 13023212.00000
Epoch 19, Val Loss: 13626827.00000
Epoch 20, Val Loss: 12970886.00000
Epoch 21, Val Loss: 12941949.00000
Epoch 22, Val Loss: 12898500.00000
Epoch 23, Val Loss: 12873794.00000
Epoch 24, Val Loss: 12957079.00000
Epoch 25, Val Loss: 12759505.00000
Epoch 26, Val Loss: 12849952.00000
Epoch 27, Val Loss: 12781008.00000
Epoch 28, Val Loss: 12944671.00000
Epoch 29, Val Loss: 13148524.00000
Epoch 30, Val Loss: 12993811.00000
Epoch 31, Val Loss: 12703277.00000
Epoch 32, Val Loss: 13179378.00000
Epoch 33, Val Loss: 12772094.00000
Epoch 34, Val Loss: 12961068.00000
Epoch 35, Val Loss: 12917999.00000
Epoch 36, Val Loss: 12699235.00000
Epoch 37, Val Loss: 12990037.00000
Epoch 38, Val Loss: 12670328.00000
Epoch 39, Val Loss: 12864278.00000
Epoch 40, Val Loss: 12792043.00000
Epoch 41, Val Loss: 12560282.00000
Epoch 42, Val Loss: 12950227.00000
Epoch 43, Val Loss: 12611332.00000
Epoch 44, Val Loss: 12484897.00000
Epoch 45, Val Loss: 12576656.00000
Epoch 46, Val Loss: 12699759.00000
Epoch 47, Val Loss: 13241341.00000
Epoch 48, Val Loss: 12539534.00000
Epoch 49, Val Loss: 12499746.00000
Epoch 50, Val Loss: 12480108.00000
Epoch 51, Val Loss: 12766987.00000
Epoch 52, Val Loss: 12679330.00000
Epoch 53, Val Loss: 12696375.00000
Epoch 54, Val Loss: 12455142.00000
Epoch 55, Val Loss: 12495365.00000
Epoch 56, Val Loss: 12483651.00000
Epoch 57, Val Loss: 12872903.00000
Epoch 58, Val Loss: 12577342.00000
Epoch 59, Val Loss: 12502687.00000
Epoch 60, Val Loss: 12569518.00000
Epoch 61, Val Loss: 12982964.00000
Epoch 62, Val Loss: 12495629.00000
Epoch 63, Val Loss: 12514359.00000
Epoch 64, Val Loss: 12484542.00000
Epoch 65, Val Loss: 12424487.00000
Epoch 66, Val Loss: 12424970.00000
Epoch 67, Val Loss: 12595891.00000
Epoch 68, Val Loss: 12586998.00000
Epoch 69, Val Loss: 12456363.00000
Epoch 70, Val Loss: 12462457.00000
Epoch 71, Val Loss: 12399554.00000
Epoch 72, Val Loss: 12460181.00000
Epoch 73, Val Loss: 12452109.00000
Epoch 74, Val Loss: 12477978.00000
Epoch 75, Val Loss: 12493265.00000
Epoch 76, Val Loss: 12437225.00000
Epoch 77, Val Loss: 12426521.00000
Epoch 78, Val Loss: 12489494.00000
Epoch 79, Val Loss: 12456872.00000
Epoch 80, Val Loss: 12494293.00000
Epoch 81, Val Loss: 12832714.00000
Epoch 82, Val Loss: 12449699.00000
Epoch 83, Val Loss: 12459861.00000
Epoch 84, Val Loss: 12395731.00000
Epoch 85, Val Loss: 12437941.00000
Epoch 86, Val Loss: 12509640.00000
Epoch 87, Val Loss: 12516566.00000
Epoch 88, Val Loss: 12491402.00000
Epoch 89, Val Loss: 12424832.00000
Epoch 90, Val Loss: 12391106.00000
Epoch 91, Val Loss: 12411739.00000
Epoch 92, Val Loss: 12491175.00000
Epoch 93, Val Loss: 12568520.00000
Epoch 94, Val Loss: 12421515.00000
Epoch 95, Val Loss: 12417205.00000
Epoch 96, Val Loss: 12499338.00000
Epoch 97, Val Loss: 12571244.00000
Epoch 98, Val Loss: 12475211.00000
Epoch 99, Val Loss: 12408343.00000
Saved Losses
{'MSE - mean': 12283821.415528066, 'MSE - std': 99868.319053174, 'R2 - mean': 0.5219714511019, 'R2 - std': 0.001075959191397191} 
 

In get_device
On Device: cuda
Fitted encoder
Epoch 0, Val Loss: 19723186.00000
Epoch 1, Val Loss: 17859058.00000
Epoch 2, Val Loss: 16905522.00000
Epoch 3, Val Loss: 15769994.00000
Epoch 4, Val Loss: 15901014.00000
Epoch 5, Val Loss: 14793716.00000
Epoch 6, Val Loss: 14569400.00000
Epoch 7, Val Loss: 14462608.00000
Epoch 8, Val Loss: 14226207.00000
Epoch 9, Val Loss: 13700001.00000
Epoch 10, Val Loss: 14215653.00000
Epoch 11, Val Loss: 14199769.00000
Epoch 12, Val Loss: 13429600.00000
Epoch 13, Val Loss: 13160432.00000
Epoch 14, Val Loss: 13191894.00000
Epoch 15, Val Loss: 13014072.00000
Epoch 16, Val Loss: 13063819.00000
Epoch 17, Val Loss: 12921381.00000
Epoch 18, Val Loss: 12817572.00000
Epoch 19, Val Loss: 13142430.00000
Epoch 20, Val Loss: 12740571.00000
Epoch 21, Val Loss: 13357377.00000
Epoch 22, Val Loss: 12765624.00000
Epoch 23, Val Loss: 12626249.00000
Epoch 24, Val Loss: 12726682.00000
Epoch 25, Val Loss: 12650916.00000
Epoch 26, Val Loss: 12723534.00000
Epoch 27, Val Loss: 12604205.00000
Epoch 28, Val Loss: 12682539.00000
Epoch 29, Val Loss: 12557877.00000
Epoch 30, Val Loss: 12558635.00000
Epoch 31, Val Loss: 12860395.00000
Epoch 32, Val Loss: 12573705.00000
Epoch 33, Val Loss: 12897402.00000
Epoch 34, Val Loss: 12918724.00000
Epoch 35, Val Loss: 12562048.00000
Epoch 36, Val Loss: 13033822.00000
Epoch 37, Val Loss: 12636908.00000
Epoch 38, Val Loss: 12513964.00000
Epoch 39, Val Loss: 12515010.00000
Epoch 40, Val Loss: 12609844.00000
Epoch 41, Val Loss: 12593843.00000
Epoch 42, Val Loss: 12550238.00000
Epoch 43, Val Loss: 12555335.00000
Epoch 44, Val Loss: 12529624.00000
Epoch 45, Val Loss: 12498236.00000
Epoch 46, Val Loss: 12571445.00000
Epoch 47, Val Loss: 12616190.00000
Epoch 48, Val Loss: 12553065.00000
Epoch 49, Val Loss: 12472765.00000
Epoch 50, Val Loss: 12638213.00000
Epoch 51, Val Loss: 12509956.00000
Epoch 52, Val Loss: 12448455.00000
Epoch 53, Val Loss: 12583095.00000
Epoch 54, Val Loss: 12452200.00000
Epoch 55, Val Loss: 12452198.00000
Epoch 56, Val Loss: 12480139.00000
Epoch 57, Val Loss: 12540030.00000
Epoch 58, Val Loss: 12479803.00000
Epoch 59, Val Loss: 12535888.00000
Epoch 60, Val Loss: 12526953.00000
Epoch 61, Val Loss: 12518282.00000
Epoch 62, Val Loss: 12424905.00000
Epoch 63, Val Loss: 12526897.00000
Epoch 64, Val Loss: 12869557.00000
Epoch 65, Val Loss: 12709555.00000
Epoch 66, Val Loss: 12449620.00000
Epoch 67, Val Loss: 12462973.00000
Epoch 68, Val Loss: 12442228.00000
Epoch 69, Val Loss: 12482042.00000
Epoch 70, Val Loss: 12491691.00000
Epoch 71, Val Loss: 12781921.00000
Epoch 72, Val Loss: 12538821.00000
Epoch 73, Val Loss: 12469373.00000
Epoch 74, Val Loss: 12688882.00000
Epoch 75, Val Loss: 12494514.00000
Epoch 76, Val Loss: 12581014.00000
Epoch 77, Val Loss: 12490473.00000
Epoch 78, Val Loss: 12667827.00000
Epoch 79, Val Loss: 12474775.00000
Epoch 80, Val Loss: 12469319.00000
Epoch 81, Val Loss: 12628157.00000
Epoch 82, Val Loss: 12568071.00000
Epoch 83, Val Loss: 12473626.00000
Early stopping applies.
Saved Losses
{'MSE - mean': 12332346.025756689, 'MSE - std': 106575.77756077536, 'R2 - mean': 0.5207366665899756, 'R2 - std': 0.0019547832879404097} 
 

In get_device
On Device: cuda
Fitted encoder
Epoch 0, Val Loss: 20199116.00000
Epoch 1, Val Loss: 19373086.00000
Epoch 2, Val Loss: 18158976.00000
Epoch 3, Val Loss: 17665994.00000
Epoch 4, Val Loss: 16106760.00000
Epoch 5, Val Loss: 16005890.00000
Epoch 6, Val Loss: 14908121.00000
Epoch 7, Val Loss: 15639873.00000
Epoch 8, Val Loss: 15874717.00000
Epoch 9, Val Loss: 14053829.00000
Epoch 10, Val Loss: 14064635.00000
Epoch 11, Val Loss: 13787663.00000
Epoch 12, Val Loss: 13967230.00000
Epoch 13, Val Loss: 14058869.00000
Epoch 14, Val Loss: 13094786.00000
Epoch 15, Val Loss: 12993726.00000
Epoch 16, Val Loss: 13239575.00000
Epoch 17, Val Loss: 13024203.00000
Epoch 18, Val Loss: 13526875.00000
Epoch 19, Val Loss: 13009159.00000
Epoch 20, Val Loss: 13100956.00000
Epoch 21, Val Loss: 13151628.00000
Epoch 22, Val Loss: 13082706.00000
Epoch 23, Val Loss: 13058934.00000
Epoch 24, Val Loss: 12897349.00000
Epoch 25, Val Loss: 13185369.00000
Epoch 26, Val Loss: 12807592.00000
Epoch 27, Val Loss: 12947033.00000
Epoch 28, Val Loss: 12794115.00000
Epoch 29, Val Loss: 12719260.00000
Epoch 30, Val Loss: 12758317.00000
Epoch 31, Val Loss: 12710371.00000
Epoch 32, Val Loss: 12990455.00000
Epoch 33, Val Loss: 12891853.00000
Epoch 34, Val Loss: 12813847.00000
Epoch 35, Val Loss: 12628134.00000
Epoch 36, Val Loss: 12760054.00000
Epoch 37, Val Loss: 12814534.00000
Epoch 38, Val Loss: 13202316.00000
Epoch 39, Val Loss: 12638362.00000
Epoch 40, Val Loss: 12588295.00000
Epoch 41, Val Loss: 12639542.00000
Epoch 42, Val Loss: 12594739.00000
Epoch 43, Val Loss: 12646385.00000
Epoch 44, Val Loss: 12596767.00000
Epoch 45, Val Loss: 12490057.00000
Epoch 46, Val Loss: 12701240.00000
Epoch 47, Val Loss: 12524850.00000
Epoch 48, Val Loss: 12680247.00000
Epoch 49, Val Loss: 12530404.00000
Epoch 50, Val Loss: 12678630.00000
Epoch 51, Val Loss: 12563745.00000
Epoch 52, Val Loss: 12740130.00000
Epoch 53, Val Loss: 12750897.00000
Epoch 54, Val Loss: 12458341.00000
Epoch 55, Val Loss: 12700202.00000
Epoch 56, Val Loss: 12755038.00000
Epoch 57, Val Loss: 12639346.00000
Epoch 58, Val Loss: 12668725.00000
Epoch 59, Val Loss: 12934816.00000
Epoch 60, Val Loss: 12589615.00000
Epoch 61, Val Loss: 12442354.00000
Epoch 62, Val Loss: 12460161.00000
Epoch 63, Val Loss: 12563289.00000
Epoch 64, Val Loss: 12456106.00000
Epoch 65, Val Loss: 12636376.00000
Epoch 66, Val Loss: 12488674.00000
Epoch 67, Val Loss: 13319723.00000
Epoch 68, Val Loss: 12471663.00000
Epoch 69, Val Loss: 12492462.00000
Epoch 70, Val Loss: 12889037.00000
Epoch 71, Val Loss: 12716696.00000
Epoch 72, Val Loss: 12608595.00000
Epoch 73, Val Loss: 12449890.00000
Epoch 74, Val Loss: 12483153.00000
Epoch 75, Val Loss: 12586288.00000
Epoch 76, Val Loss: 12520391.00000
Epoch 77, Val Loss: 12662097.00000
Epoch 78, Val Loss: 12458413.00000
Epoch 79, Val Loss: 12451654.00000
Epoch 80, Val Loss: 12533571.00000
Epoch 81, Val Loss: 12500080.00000
Epoch 82, Val Loss: 12572446.00000
Early stopping applies.
Saved Losses
{'MSE - mean': 12363126.251011966, 'MSE - std': 106588.29237917988, 'R2 - mean': 0.5201780174043686, 'R2 - std': 0.0019499102581520052} 
 

In get_device
On Device: cuda
Fitted encoder
Epoch 0, Val Loss: 20643506.00000
Epoch 1, Val Loss: 18824154.00000
Epoch 2, Val Loss: 18266134.00000
Epoch 3, Val Loss: 16699378.00000
Epoch 4, Val Loss: 16273679.00000
Epoch 5, Val Loss: 15302864.00000
