Namespace(batch_size=64, cat_dims=None, cat_idx=None, config='config/black_friday.yml', data_parallel=False, dataset='Black_Friday', direction='minimize', dropna_idx=None, early_stopping_rounds=20, epochs=100, gpu_ids=[0, 1], logging_period=100, miss_cat_idx=None, miss_num_idx=None, model_name='VIME', n_trials=7, nominal_idx=[0, 2, 3, 5, 6, 7, 8], num_classes=1, num_features=9, num_idx=None, num_splits=5, objective='regression', one_hot_encode=True, optimize_hyperparameters=True, ordinal_encode=True, ordinal_idx=[1], scale=True, seed=221, shuffle=True, target_encode=False, use_gpu=True, val_batch_size=128)
Start hyperparameter optimization
Loading dataset Black_Friday...
Dataset loaded! 

(166821, 9)
Scaling the data...
Ordinal Idx: [0]
One Hot Encoding...
New Shape: (166821, 71)
A new study created in RDB with name: VIME_Black_Friday
In get_device
On Device: cuda
In get_device
On Device: cuda
Fitted encoder
Epoch 0, Val Loss: 14578655.00000
Epoch 1, Val Loss: 13961936.00000
Epoch 2, Val Loss: 13590122.00000
Epoch 3, Val Loss: 13373649.00000
Epoch 4, Val Loss: 13579550.00000
Epoch 5, Val Loss: 13171740.00000
Epoch 6, Val Loss: 13982786.00000
Epoch 7, Val Loss: 13309793.00000
Epoch 8, Val Loss: 12882689.00000
Epoch 9, Val Loss: 12985550.00000
Epoch 10, Val Loss: 13409424.00000
Epoch 11, Val Loss: 12791578.00000
Epoch 12, Val Loss: 12983741.00000
Epoch 13, Val Loss: 13035918.00000
Epoch 14, Val Loss: 12758410.00000
Epoch 15, Val Loss: 12790244.00000
Epoch 16, Val Loss: 12507961.00000
Epoch 17, Val Loss: 12681370.00000
Epoch 18, Val Loss: 12945872.00000
Epoch 19, Val Loss: 12567760.00000
Epoch 20, Val Loss: 12705341.00000
Epoch 21, Val Loss: 12765059.00000
Epoch 22, Val Loss: 12768427.00000
Epoch 23, Val Loss: 12808467.00000
Epoch 24, Val Loss: 12598649.00000
Epoch 25, Val Loss: 12443134.00000
Epoch 26, Val Loss: 13095706.00000
Epoch 27, Val Loss: 12937575.00000
Epoch 28, Val Loss: 12789271.00000
Epoch 29, Val Loss: 12499174.00000
Epoch 30, Val Loss: 12771374.00000
Epoch 31, Val Loss: 12445946.00000
Epoch 32, Val Loss: 12386714.00000
Epoch 33, Val Loss: 12505989.00000
Epoch 34, Val Loss: 12527766.00000
Epoch 35, Val Loss: 13131170.00000
Epoch 36, Val Loss: 12649214.00000
Epoch 37, Val Loss: 12864947.00000
Epoch 38, Val Loss: 12380703.00000
Epoch 39, Val Loss: 13008991.00000
Epoch 40, Val Loss: 12708715.00000
Epoch 41, Val Loss: 12379299.00000
Epoch 42, Val Loss: 12613527.00000
Epoch 43, Val Loss: 12560018.00000
Epoch 44, Val Loss: 12799353.00000
Epoch 45, Val Loss: 12534499.00000
Epoch 46, Val Loss: 12538071.00000
Epoch 47, Val Loss: 12364799.00000
Epoch 48, Val Loss: 12670609.00000
Epoch 49, Val Loss: 12380775.00000
Epoch 50, Val Loss: 12501231.00000
Epoch 51, Val Loss: 12657633.00000
Epoch 52, Val Loss: 12478165.00000
Epoch 53, Val Loss: 12504230.00000
Epoch 54, Val Loss: 12937301.00000
Epoch 55, Val Loss: 13287535.00000
Epoch 56, Val Loss: 12726029.00000
Epoch 57, Val Loss: 12683650.00000
Epoch 58, Val Loss: 12314262.00000
Epoch 59, Val Loss: 12491906.00000
Epoch 60, Val Loss: 12434458.00000
Epoch 61, Val Loss: 12430592.00000
Epoch 62, Val Loss: 13345224.00000
Epoch 63, Val Loss: 12411380.00000
Epoch 64, Val Loss: 12688951.00000
Epoch 65, Val Loss: 12623142.00000
Epoch 66, Val Loss: 12394356.00000
Epoch 67, Val Loss: 12490647.00000
Epoch 68, Val Loss: 12447981.00000
Epoch 69, Val Loss: 12358228.00000
Epoch 70, Val Loss: 12306156.00000
Epoch 71, Val Loss: 12596671.00000
Epoch 72, Val Loss: 12321023.00000
Epoch 73, Val Loss: 12780572.00000
Epoch 74, Val Loss: 12475222.00000
Epoch 75, Val Loss: 12371261.00000
Epoch 76, Val Loss: 12392738.00000
Epoch 77, Val Loss: 12424598.00000
Epoch 78, Val Loss: 12665812.00000
Epoch 79, Val Loss: 12796077.00000
Epoch 80, Val Loss: 12817698.00000
Epoch 81, Val Loss: 12368652.00000
Epoch 82, Val Loss: 12379256.00000
Epoch 83, Val Loss: 12391400.00000
Epoch 84, Val Loss: 12310008.00000
Epoch 85, Val Loss: 12470528.00000
Epoch 86, Val Loss: 13112662.00000
Epoch 87, Val Loss: 12383367.00000
Epoch 88, Val Loss: 12531938.00000
Epoch 89, Val Loss: 12339173.00000
Epoch 90, Val Loss: 12454428.00000
Epoch 91, Val Loss: 12416134.00000
Early stopping applies.
{'MSE - mean': 12308576.038250381, 'MSE - std': 0.0, 'R2 - mean': 0.518168925096741, 'R2 - std': 0.0} 
 

In get_device
On Device: cuda
Fitted encoder
Epoch 0, Val Loss: 14708949.00000
Epoch 1, Val Loss: 14458592.00000
Epoch 2, Val Loss: 13741302.00000
Epoch 3, Val Loss: 13867040.00000
Epoch 4, Val Loss: 13364181.00000
Epoch 5, Val Loss: 13975243.00000
Epoch 6, Val Loss: 13153212.00000
Epoch 7, Val Loss: 13482492.00000
Epoch 8, Val Loss: 13212026.00000
Epoch 9, Val Loss: 13002386.00000
Epoch 10, Val Loss: 12848920.00000
Epoch 11, Val Loss: 13266651.00000
Epoch 12, Val Loss: 12959848.00000
Epoch 13, Val Loss: 13021316.00000
Epoch 14, Val Loss: 12865118.00000
Epoch 15, Val Loss: 12951778.00000
Epoch 16, Val Loss: 12956738.00000
Epoch 17, Val Loss: 13404489.00000
Epoch 18, Val Loss: 12828181.00000
Epoch 19, Val Loss: 12792616.00000
Epoch 20, Val Loss: 12991107.00000
Epoch 21, Val Loss: 13334486.00000
Epoch 22, Val Loss: 14206702.00000
Epoch 23, Val Loss: 12707751.00000
Epoch 24, Val Loss: 12818085.00000
Epoch 25, Val Loss: 12850056.00000
Epoch 26, Val Loss: 12708798.00000
Epoch 27, Val Loss: 13062380.00000
Epoch 28, Val Loss: 12812879.00000
Epoch 29, Val Loss: 12834520.00000
Epoch 30, Val Loss: 12820774.00000
Epoch 31, Val Loss: 12917079.00000
Epoch 32, Val Loss: 12649277.00000
Epoch 33, Val Loss: 12532945.00000
Epoch 34, Val Loss: 12900310.00000
Epoch 35, Val Loss: 12695410.00000
Epoch 36, Val Loss: 12921171.00000
Epoch 37, Val Loss: 13025490.00000
Epoch 38, Val Loss: 12808038.00000
Epoch 39, Val Loss: 13366478.00000
Epoch 40, Val Loss: 12675840.00000
Epoch 41, Val Loss: 12765016.00000
Epoch 42, Val Loss: 12647900.00000
Epoch 43, Val Loss: 12924499.00000
Epoch 44, Val Loss: 12614221.00000
Epoch 45, Val Loss: 12912598.00000
Epoch 46, Val Loss: 13133675.00000
Epoch 47, Val Loss: 12601349.00000
Epoch 48, Val Loss: 12721811.00000
Epoch 49, Val Loss: 12600830.00000
Epoch 50, Val Loss: 12631711.00000
Epoch 51, Val Loss: 12563859.00000
Epoch 52, Val Loss: 12914563.00000
Epoch 53, Val Loss: 12638017.00000
Epoch 54, Val Loss: 12659754.00000
Early stopping applies.
{'MSE - mean': 12419246.482232973, 'MSE - std': 110670.44398259185, 'R2 - mean': 0.5167035642054029, 'R2 - std': 0.0014653608913380856} 
 

In get_device
On Device: cuda
Fitted encoder
Epoch 0, Val Loss: 14460118.00000
Epoch 1, Val Loss: 14151720.00000
Epoch 2, Val Loss: 14016766.00000
Epoch 3, Val Loss: 13896031.00000
Epoch 4, Val Loss: 13678158.00000
Epoch 5, Val Loss: 14054928.00000
Epoch 6, Val Loss: 13398760.00000
Epoch 7, Val Loss: 13157599.00000
Epoch 8, Val Loss: 13461027.00000
Epoch 9, Val Loss: 13532017.00000
Epoch 10, Val Loss: 13193850.00000
Epoch 11, Val Loss: 13144551.00000
Epoch 12, Val Loss: 13148707.00000
Epoch 13, Val Loss: 14075959.00000
Epoch 14, Val Loss: 13236672.00000
Epoch 15, Val Loss: 13077387.00000
Epoch 16, Val Loss: 13629597.00000
Epoch 17, Val Loss: 13429217.00000
Epoch 18, Val Loss: 13057986.00000
Epoch 19, Val Loss: 13192284.00000
Epoch 20, Val Loss: 13124957.00000
Epoch 21, Val Loss: 13000398.00000
Epoch 22, Val Loss: 13103598.00000
Epoch 23, Val Loss: 13537168.00000
Epoch 24, Val Loss: 13208671.00000
Epoch 25, Val Loss: 12855511.00000
Epoch 26, Val Loss: 12982412.00000
Epoch 27, Val Loss: 13238798.00000
Epoch 28, Val Loss: 12842156.00000
Epoch 29, Val Loss: 13209486.00000
Epoch 30, Val Loss: 13602293.00000
Epoch 31, Val Loss: 12811959.00000
Epoch 32, Val Loss: 13281904.00000
Epoch 33, Val Loss: 12836918.00000
Epoch 34, Val Loss: 13019391.00000
Epoch 35, Val Loss: 12801973.00000
Epoch 36, Val Loss: 13092055.00000
Epoch 37, Val Loss: 12870981.00000
Epoch 38, Val Loss: 13060814.00000
Epoch 39, Val Loss: 13020222.00000
Epoch 40, Val Loss: 12796816.00000
Epoch 41, Val Loss: 12732336.00000
Epoch 42, Val Loss: 13215633.00000
Epoch 43, Val Loss: 12693642.00000
Epoch 44, Val Loss: 12755761.00000
Epoch 45, Val Loss: 13113577.00000
Epoch 46, Val Loss: 12795000.00000
Epoch 47, Val Loss: 12891205.00000
Epoch 48, Val Loss: 12783239.00000
Epoch 49, Val Loss: 12963818.00000
Epoch 50, Val Loss: 12792617.00000
Epoch 51, Val Loss: 12916701.00000
Epoch 52, Val Loss: 12827914.00000
Epoch 53, Val Loss: 13174537.00000
Epoch 54, Val Loss: 12751411.00000
Epoch 55, Val Loss: 12714776.00000
Epoch 56, Val Loss: 13091233.00000
Epoch 57, Val Loss: 12749927.00000
Epoch 58, Val Loss: 12956514.00000
Epoch 59, Val Loss: 14503579.00000
Epoch 60, Val Loss: 13241181.00000
Epoch 61, Val Loss: 12684451.00000
Epoch 62, Val Loss: 12802951.00000
Epoch 63, Val Loss: 12695843.00000
Epoch 64, Val Loss: 13181847.00000
Epoch 65, Val Loss: 12707929.00000
Epoch 66, Val Loss: 12692767.00000
Epoch 67, Val Loss: 13357821.00000
Epoch 68, Val Loss: 12833864.00000
Epoch 69, Val Loss: 13141534.00000
Epoch 70, Val Loss: 12609253.00000
Epoch 71, Val Loss: 12650782.00000
Epoch 72, Val Loss: 12667904.00000
Epoch 73, Val Loss: 12849272.00000
Epoch 74, Val Loss: 12675162.00000
Epoch 75, Val Loss: 12703252.00000
Epoch 76, Val Loss: 13037504.00000
Epoch 77, Val Loss: 12958525.00000
Epoch 78, Val Loss: 12650999.00000
Epoch 79, Val Loss: 12685653.00000
Epoch 80, Val Loss: 12691694.00000
Epoch 81, Val Loss: 12857860.00000
Epoch 82, Val Loss: 12773859.00000
Epoch 83, Val Loss: 12692045.00000
Epoch 84, Val Loss: 12844512.00000
Epoch 85, Val Loss: 12914127.00000
Epoch 86, Val Loss: 12804205.00000
Epoch 87, Val Loss: 13075768.00000
Epoch 88, Val Loss: 12683954.00000
Epoch 89, Val Loss: 12657884.00000
Epoch 90, Val Loss: 12727388.00000
Epoch 91, Val Loss: 12710285.00000
Early stopping applies.
{'MSE - mean': 12483062.396282462, 'MSE - std': 127711.54954093289, 'R2 - mean': 0.5148825072809444, 'R2 - std': 0.0028397215248702665} 
 

In get_device
On Device: cuda
Fitted encoder
Epoch 0, Val Loss: 14399635.00000
Epoch 1, Val Loss: 14841735.00000
Epoch 2, Val Loss: 14169659.00000
Epoch 3, Val Loss: 13874268.00000
Epoch 4, Val Loss: 13668697.00000
Epoch 5, Val Loss: 13364191.00000
Epoch 6, Val Loss: 13638305.00000
Epoch 7, Val Loss: 13109942.00000
Epoch 8, Val Loss: 13110928.00000
Epoch 9, Val Loss: 13077101.00000
Epoch 10, Val Loss: 13339923.00000
Epoch 11, Val Loss: 12970956.00000
Epoch 12, Val Loss: 13323546.00000
Epoch 13, Val Loss: 13236157.00000
Epoch 14, Val Loss: 13809770.00000
Epoch 15, Val Loss: 13095363.00000
Epoch 16, Val Loss: 13129889.00000
Epoch 17, Val Loss: 13339361.00000
Epoch 18, Val Loss: 14238823.00000
Epoch 19, Val Loss: 12880670.00000
Epoch 20, Val Loss: 13109364.00000
Epoch 21, Val Loss: 13730435.00000
Epoch 22, Val Loss: 13023770.00000
Epoch 23, Val Loss: 13191464.00000
Epoch 24, Val Loss: 13035027.00000
Epoch 25, Val Loss: 13046983.00000
Epoch 26, Val Loss: 13213679.00000
Epoch 27, Val Loss: 12963612.00000
Epoch 28, Val Loss: 12984884.00000
Epoch 29, Val Loss: 12868456.00000
Epoch 30, Val Loss: 13199794.00000
Epoch 31, Val Loss: 12944823.00000
Epoch 32, Val Loss: 13717652.00000
Epoch 33, Val Loss: 12788289.00000
Epoch 34, Val Loss: 12994068.00000
Epoch 35, Val Loss: 13010737.00000
Epoch 36, Val Loss: 12741670.00000
Epoch 37, Val Loss: 13155227.00000
Epoch 38, Val Loss: 13018294.00000
Epoch 39, Val Loss: 12939680.00000
Epoch 40, Val Loss: 12825188.00000
Epoch 41, Val Loss: 12786792.00000
Epoch 42, Val Loss: 12737797.00000
Epoch 43, Val Loss: 12737508.00000
Epoch 44, Val Loss: 12712701.00000
Epoch 45, Val Loss: 12943308.00000
Epoch 46, Val Loss: 12635717.00000
Epoch 47, Val Loss: 12672411.00000
Epoch 48, Val Loss: 12833709.00000
Epoch 49, Val Loss: 12822666.00000
Epoch 50, Val Loss: 12805302.00000
Epoch 51, Val Loss: 12895106.00000
Epoch 52, Val Loss: 12776013.00000
Epoch 53, Val Loss: 12642672.00000
Epoch 54, Val Loss: 12626594.00000
Epoch 55, Val Loss: 12712820.00000
Epoch 56, Val Loss: 12714472.00000
Epoch 57, Val Loss: 13123649.00000
Epoch 58, Val Loss: 12771375.00000
Epoch 59, Val Loss: 12873097.00000
Epoch 60, Val Loss: 12844052.00000
Epoch 61, Val Loss: 12674552.00000
Epoch 62, Val Loss: 12662564.00000
Epoch 63, Val Loss: 13437220.00000
Epoch 64, Val Loss: 12829899.00000
Epoch 65, Val Loss: 12701883.00000
Epoch 66, Val Loss: 13113248.00000
Epoch 67, Val Loss: 12679934.00000
Epoch 68, Val Loss: 12694965.00000
Epoch 69, Val Loss: 12550727.00000
Epoch 70, Val Loss: 12769594.00000
Epoch 71, Val Loss: 12720027.00000
Epoch 72, Val Loss: 12698469.00000
Epoch 73, Val Loss: 12619162.00000
Epoch 74, Val Loss: 12629445.00000
Epoch 75, Val Loss: 12847986.00000
Epoch 76, Val Loss: 12782006.00000
Epoch 77, Val Loss: 12714167.00000
Epoch 78, Val Loss: 12977344.00000
Epoch 79, Val Loss: 12815063.00000
Epoch 80, Val Loss: 12930676.00000
Epoch 81, Val Loss: 13102181.00000
Epoch 82, Val Loss: 12679541.00000
Epoch 83, Val Loss: 12630781.00000
Epoch 84, Val Loss: 12673751.00000
Epoch 85, Val Loss: 12855365.00000
Epoch 86, Val Loss: 12633047.00000
Epoch 87, Val Loss: 13257319.00000
Epoch 88, Val Loss: 12617019.00000
Epoch 89, Val Loss: 12502155.00000
Epoch 90, Val Loss: 12719199.00000
Epoch 91, Val Loss: 12742154.00000
Epoch 92, Val Loss: 12597757.00000
Epoch 93, Val Loss: 12813214.00000
Epoch 94, Val Loss: 12785975.00000
Epoch 95, Val Loss: 12590078.00000
Epoch 96, Val Loss: 12511131.00000
Epoch 97, Val Loss: 12616387.00000
Epoch 98, Val Loss: 12580911.00000
Epoch 99, Val Loss: 13044984.00000
{'MSE - mean': 12488592.692338983, 'MSE - std': 111015.46035587981, 'R2 - mean': 0.5153069168212806, 'R2 - std': 0.00256678478410127} 
 

In get_device
On Device: cuda
Fitted encoder
Epoch 0, Val Loss: 14451367.00000
Epoch 1, Val Loss: 13940762.00000
Epoch 2, Val Loss: 13704398.00000
Epoch 3, Val Loss: 14044727.00000
Epoch 4, Val Loss: 13611318.00000
Epoch 5, Val Loss: 13278473.00000
Epoch 6, Val Loss: 13871431.00000
Epoch 7, Val Loss: 13173591.00000
Epoch 8, Val Loss: 14247570.00000
Epoch 9, Val Loss: 13128261.00000
Epoch 10, Val Loss: 13262908.00000
Epoch 11, Val Loss: 13398836.00000
Epoch 12, Val Loss: 13687836.00000
Epoch 13, Val Loss: 13367939.00000
Epoch 14, Val Loss: 13185261.00000
Epoch 15, Val Loss: 12972938.00000
Epoch 16, Val Loss: 13178918.00000
Epoch 17, Val Loss: 12971808.00000
Epoch 18, Val Loss: 13131880.00000
Epoch 19, Val Loss: 13245032.00000
Epoch 20, Val Loss: 12843001.00000
Epoch 21, Val Loss: 13088722.00000
Epoch 22, Val Loss: 13265102.00000
Epoch 23, Val Loss: 12830255.00000
Epoch 24, Val Loss: 13050843.00000
Epoch 25, Val Loss: 12983388.00000
Epoch 26, Val Loss: 13020432.00000
Epoch 27, Val Loss: 14187565.00000
Epoch 28, Val Loss: 12823995.00000
Epoch 29, Val Loss: 13292329.00000
Epoch 30, Val Loss: 13005234.00000
Epoch 31, Val Loss: 12863153.00000
Epoch 32, Val Loss: 12712818.00000
Epoch 33, Val Loss: 13266545.00000
Epoch 34, Val Loss: 12977129.00000
Epoch 35, Val Loss: 12759319.00000
Epoch 36, Val Loss: 12777409.00000
Epoch 37, Val Loss: 12922015.00000
Epoch 38, Val Loss: 13067884.00000
Epoch 39, Val Loss: 12730178.00000
Epoch 40, Val Loss: 13486910.00000
Epoch 41, Val Loss: 13029475.00000
Epoch 42, Val Loss: 12815232.00000
Epoch 43, Val Loss: 12691978.00000
Epoch 44, Val Loss: 12707164.00000
Epoch 45, Val Loss: 12790560.00000
Epoch 46, Val Loss: 13072128.00000
Epoch 47, Val Loss: 12866283.00000
Epoch 48, Val Loss: 13477480.00000
Epoch 49, Val Loss: 12675689.00000
Epoch 50, Val Loss: 12843843.00000
Epoch 51, Val Loss: 12848086.00000
Epoch 52, Val Loss: 12583685.00000
Epoch 53, Val Loss: 12991197.00000
Epoch 54, Val Loss: 12625718.00000
Epoch 55, Val Loss: 13153876.00000
Epoch 56, Val Loss: 12547380.00000
Epoch 57, Val Loss: 12878624.00000
Epoch 58, Val Loss: 12827534.00000
Epoch 59, Val Loss: 12912456.00000
Epoch 60, Val Loss: 12718037.00000
Epoch 61, Val Loss: 12712704.00000
Epoch 62, Val Loss: 12872067.00000
Epoch 63, Val Loss: 12623523.00000
Epoch 64, Val Loss: 12775091.00000
Epoch 65, Val Loss: 12700796.00000
Epoch 66, Val Loss: 12808340.00000
Epoch 67, Val Loss: 12541248.00000
Epoch 68, Val Loss: 12872401.00000
Epoch 69, Val Loss: 12751121.00000
Epoch 70, Val Loss: 12609272.00000
Epoch 71, Val Loss: 12718990.00000
Epoch 72, Val Loss: 12972016.00000
Epoch 73, Val Loss: 12531913.00000
Epoch 74, Val Loss: 12538957.00000
Epoch 75, Val Loss: 12877528.00000
Epoch 76, Val Loss: 12768986.00000
Epoch 77, Val Loss: 12837065.00000
Epoch 78, Val Loss: 12693226.00000
Epoch 79, Val Loss: 12743695.00000
Epoch 80, Val Loss: 13269011.00000
Epoch 81, Val Loss: 12504247.00000
Epoch 82, Val Loss: 12412600.00000
Epoch 83, Val Loss: 12633889.00000
Epoch 84, Val Loss: 12544420.00000
Epoch 85, Val Loss: 12805698.00000
Epoch 86, Val Loss: 12823392.00000
Epoch 87, Val Loss: 12661216.00000
Epoch 88, Val Loss: 12893073.00000
Epoch 89, Val Loss: 12634275.00000
Epoch 90, Val Loss: 12684017.00000
Epoch 91, Val Loss: 12695325.00000
Epoch 92, Val Loss: 12772272.00000
Epoch 93, Val Loss: 12804413.00000
Epoch 94, Val Loss: 12522065.00000
Epoch 95, Val Loss: 12547859.00000
Epoch 96, Val Loss: 12862582.00000
Epoch 97, Val Loss: 12826736.00000
Epoch 98, Val Loss: 12428893.00000
Epoch 99, Val Loss: 12517358.00000
{'MSE - mean': 12473668.15203727, 'MSE - std': 103684.68335917329, 'R2 - mean': 0.5170467036340382, 'R2 - std': 0.004168709622616519} 
 

Finished cross validation
Hyperparam was saved!!! Hurrah!!!
Trial 0 finished with value: 12473668.15203727 and parameters: {'p_m': 0.21886950385350704, 'alpha': 7.511082971161079, 'K': 20, 'beta': 1.837181233710393}. Best is trial 0 with value: 12473668.15203727.
In get_device
On Device: cuda
In get_device
On Device: cuda
Fitted encoder
Epoch 0, Val Loss: 19053940.00000
Epoch 1, Val Loss: 18271818.00000
Epoch 2, Val Loss: 17430114.00000
Epoch 3, Val Loss: 16689950.00000
Epoch 4, Val Loss: 16079173.00000
Epoch 5, Val Loss: 16642163.00000
Epoch 6, Val Loss: 17173614.00000
Epoch 7, Val Loss: 14957558.00000
Epoch 8, Val Loss: 14621579.00000
Epoch 9, Val Loss: 14548360.00000
Epoch 10, Val Loss: 15088472.00000
Epoch 11, Val Loss: 14908800.00000
Epoch 12, Val Loss: 14423601.00000
Epoch 13, Val Loss: 15287436.00000
Epoch 14, Val Loss: 14297918.00000
Epoch 15, Val Loss: 13849023.00000
Epoch 16, Val Loss: 13751912.00000
Epoch 17, Val Loss: 14530277.00000
Epoch 18, Val Loss: 14153533.00000
Epoch 19, Val Loss: 14070399.00000
Epoch 20, Val Loss: 14974208.00000
Epoch 21, Val Loss: 14276213.00000
Epoch 22, Val Loss: 13955488.00000
Epoch 23, Val Loss: 14371060.00000
Epoch 24, Val Loss: 15656949.00000
Epoch 25, Val Loss: 13983849.00000
Epoch 26, Val Loss: 14104501.00000
Epoch 27, Val Loss: 13629342.00000
Epoch 28, Val Loss: 13606591.00000
Epoch 29, Val Loss: 13597546.00000
Epoch 30, Val Loss: 14979695.00000
Epoch 31, Val Loss: 13288190.00000
Epoch 32, Val Loss: 13921585.00000
Epoch 33, Val Loss: 13302256.00000
Epoch 34, Val Loss: 13695344.00000
Epoch 35, Val Loss: 13660724.00000
Epoch 36, Val Loss: 13234902.00000
Epoch 37, Val Loss: 13358087.00000
Epoch 38, Val Loss: 13161042.00000
Epoch 39, Val Loss: 13270406.00000
Epoch 40, Val Loss: 13350780.00000
Epoch 41, Val Loss: 13421628.00000
Epoch 42, Val Loss: 13411521.00000
Epoch 43, Val Loss: 13305024.00000
Epoch 44, Val Loss: 13043311.00000
Epoch 45, Val Loss: 12975211.00000
Epoch 46, Val Loss: 13939282.00000
Epoch 47, Val Loss: 12978980.00000
Epoch 48, Val Loss: 13558001.00000
Epoch 49, Val Loss: 13041749.00000
Epoch 50, Val Loss: 13174219.00000
Epoch 51, Val Loss: 12974780.00000
Epoch 52, Val Loss: 12946963.00000
Epoch 53, Val Loss: 13174508.00000
Epoch 54, Val Loss: 12777811.00000
Epoch 55, Val Loss: 12948987.00000
Epoch 56, Val Loss: 14035005.00000
Epoch 57, Val Loss: 13234697.00000
Epoch 58, Val Loss: 13177563.00000
Epoch 59, Val Loss: 12706380.00000
Epoch 60, Val Loss: 12889146.00000
Epoch 61, Val Loss: 12938706.00000
Epoch 62, Val Loss: 12956299.00000
Epoch 63, Val Loss: 12845863.00000
Epoch 64, Val Loss: 12639502.00000
Epoch 65, Val Loss: 12809562.00000
Epoch 66, Val Loss: 12725600.00000
Epoch 67, Val Loss: 12991757.00000
Epoch 68, Val Loss: 12862543.00000
Epoch 69, Val Loss: 12766407.00000
Epoch 70, Val Loss: 13072757.00000
Epoch 71, Val Loss: 12870358.00000
Epoch 72, Val Loss: 12814109.00000
Epoch 73, Val Loss: 12853995.00000
Epoch 74, Val Loss: 13123374.00000
Epoch 75, Val Loss: 12667936.00000
Epoch 76, Val Loss: 13052600.00000
Epoch 77, Val Loss: 12932943.00000
Epoch 78, Val Loss: 13080038.00000
Epoch 79, Val Loss: 12644320.00000
Epoch 80, Val Loss: 12621240.00000
Epoch 81, Val Loss: 12698797.00000
Epoch 82, Val Loss: 12582462.00000
Epoch 83, Val Loss: 12537194.00000
Epoch 84, Val Loss: 12808518.00000
Epoch 85, Val Loss: 12705705.00000
Epoch 86, Val Loss: 12883866.00000
Epoch 87, Val Loss: 12549459.00000
Epoch 88, Val Loss: 12553093.00000
Epoch 89, Val Loss: 13034810.00000
Epoch 90, Val Loss: 12730070.00000
Epoch 91, Val Loss: 12706024.00000
Epoch 92, Val Loss: 12661808.00000
Epoch 93, Val Loss: 12623135.00000
Epoch 94, Val Loss: 13219452.00000
Epoch 95, Val Loss: 12539754.00000
Epoch 96, Val Loss: 12494519.00000
Epoch 97, Val Loss: 12644415.00000
Epoch 98, Val Loss: 12631864.00000
Epoch 99, Val Loss: 12757406.00000
{'MSE - mean': 12496383.791305888, 'MSE - std': 0.0, 'R2 - mean': 0.5108170095503214, 'R2 - std': 0.0} 
 

In get_device
On Device: cuda
Fitted encoder
Epoch 0, Val Loss: 19533920.00000
Epoch 1, Val Loss: 18196962.00000
Epoch 2, Val Loss: 17874852.00000
Epoch 3, Val Loss: 17056218.00000
Epoch 4, Val Loss: 17808092.00000
Epoch 5, Val Loss: 15976206.00000
Epoch 6, Val Loss: 15229044.00000
Epoch 7, Val Loss: 14282825.00000
Epoch 8, Val Loss: 14482942.00000
Epoch 9, Val Loss: 13943458.00000
Epoch 10, Val Loss: 14436222.00000
Epoch 11, Val Loss: 14612110.00000
Epoch 12, Val Loss: 13670166.00000
Epoch 13, Val Loss: 13469345.00000
Epoch 14, Val Loss: 13956356.00000
Epoch 15, Val Loss: 14066468.00000
Epoch 16, Val Loss: 13522676.00000
Epoch 17, Val Loss: 13937069.00000
Epoch 18, Val Loss: 14169835.00000
Epoch 19, Val Loss: 13390224.00000
Epoch 20, Val Loss: 13760318.00000
Epoch 21, Val Loss: 12940999.00000
Epoch 22, Val Loss: 12896792.00000
Epoch 23, Val Loss: 13105196.00000
Epoch 24, Val Loss: 12932446.00000
Epoch 25, Val Loss: 13141076.00000
Epoch 26, Val Loss: 12923482.00000
Epoch 27, Val Loss: 13723891.00000
Epoch 28, Val Loss: 12852098.00000
Epoch 29, Val Loss: 12943207.00000
Epoch 30, Val Loss: 13239185.00000
Epoch 31, Val Loss: 13268345.00000
Epoch 32, Val Loss: 12985327.00000
Epoch 33, Val Loss: 13110550.00000
Epoch 34, Val Loss: 12882372.00000
Epoch 35, Val Loss: 12977004.00000
Epoch 36, Val Loss: 13448176.00000
Epoch 37, Val Loss: 12827417.00000
Epoch 38, Val Loss: 13014464.00000
Epoch 39, Val Loss: 13483087.00000
Epoch 40, Val Loss: 13676244.00000
Epoch 41, Val Loss: 13348125.00000
Epoch 42, Val Loss: 13461286.00000
Epoch 43, Val Loss: 13335611.00000
Epoch 44, Val Loss: 13367685.00000
Epoch 45, Val Loss: 13046982.00000
Epoch 46, Val Loss: 13488931.00000
Epoch 47, Val Loss: 12865464.00000
Epoch 48, Val Loss: 13026264.00000
Epoch 49, Val Loss: 12769830.00000
Epoch 50, Val Loss: 13186941.00000
Epoch 51, Val Loss: 12833217.00000
Epoch 52, Val Loss: 12889071.00000
Epoch 53, Val Loss: 12969172.00000
Epoch 54, Val Loss: 13468274.00000
Epoch 55, Val Loss: 12845590.00000
Epoch 56, Val Loss: 12827093.00000
Epoch 57, Val Loss: 13250181.00000
Epoch 58, Val Loss: 12928753.00000
Epoch 59, Val Loss: 12852424.00000
Epoch 60, Val Loss: 12916504.00000
Epoch 61, Val Loss: 13121807.00000
Epoch 62, Val Loss: 12871138.00000
Epoch 63, Val Loss: 13274800.00000
Epoch 64, Val Loss: 13082560.00000
Epoch 65, Val Loss: 12891039.00000
Epoch 66, Val Loss: 13338263.00000
Epoch 67, Val Loss: 12974480.00000
Epoch 68, Val Loss: 13099719.00000
Epoch 69, Val Loss: 13056496.00000
Epoch 70, Val Loss: 12953269.00000
Early stopping applies.
{'MSE - mean': 12631300.150372667, 'MSE - std': 134916.3590667788, 'R2 - mean': 0.5084565860816876, 'R2 - std': 0.002360423468633688} 
 

In get_device
On Device: cuda
Fitted encoder
Epoch 0, Val Loss: 19948498.00000
Epoch 1, Val Loss: 18289060.00000
Epoch 2, Val Loss: 17851062.00000
Epoch 3, Val Loss: 16866936.00000
Epoch 4, Val Loss: 15648827.00000
Epoch 5, Val Loss: 14581280.00000
Epoch 6, Val Loss: 13892198.00000
Epoch 7, Val Loss: 13666165.00000
Epoch 8, Val Loss: 14210048.00000
Epoch 9, Val Loss: 15219231.00000
Epoch 10, Val Loss: 13427526.00000
Epoch 11, Val Loss: 13627716.00000
Epoch 12, Val Loss: 13990820.00000
Epoch 13, Val Loss: 13187498.00000
Epoch 14, Val Loss: 12910955.00000
Epoch 15, Val Loss: 13932295.00000
Epoch 16, Val Loss: 13224507.00000
Epoch 17, Val Loss: 13471009.00000
Epoch 18, Val Loss: 13373643.00000
Epoch 19, Val Loss: 12933060.00000
Epoch 20, Val Loss: 13202974.00000
Epoch 21, Val Loss: 13497737.00000
Epoch 22, Val Loss: 13490663.00000
Epoch 23, Val Loss: 13181382.00000
Epoch 24, Val Loss: 13573924.00000
Epoch 25, Val Loss: 13095710.00000
Epoch 26, Val Loss: 14095989.00000
Epoch 27, Val Loss: 13666009.00000
Epoch 28, Val Loss: 13233988.00000
Epoch 29, Val Loss: 12874983.00000
Epoch 30, Val Loss: 12884685.00000
Epoch 31, Val Loss: 13004042.00000
Epoch 32, Val Loss: 13420945.00000
Epoch 33, Val Loss: 13146743.00000
Epoch 34, Val Loss: 13117995.00000
Epoch 35, Val Loss: 13022851.00000
Epoch 36, Val Loss: 13473593.00000
Epoch 37, Val Loss: 13837952.00000
Epoch 38, Val Loss: 12885941.00000
Epoch 39, Val Loss: 12885141.00000
Epoch 40, Val Loss: 13163935.00000
Epoch 41, Val Loss: 13241888.00000
Epoch 42, Val Loss: 13028746.00000
Epoch 43, Val Loss: 13233698.00000
Epoch 44, Val Loss: 13315468.00000
Epoch 45, Val Loss: 12933250.00000
Epoch 46, Val Loss: 13060481.00000
Epoch 47, Val Loss: 12827940.00000
Epoch 48, Val Loss: 13168986.00000
Epoch 49, Val Loss: 13039298.00000
Epoch 50, Val Loss: 12798629.00000
Epoch 51, Val Loss: 13364502.00000
Epoch 52, Val Loss: 12943041.00000
Epoch 53, Val Loss: 12979001.00000
Epoch 54, Val Loss: 12883170.00000
Epoch 55, Val Loss: 12888417.00000
Epoch 56, Val Loss: 12867793.00000
Epoch 57, Val Loss: 12948941.00000
Epoch 58, Val Loss: 12820661.00000
Epoch 59, Val Loss: 12732378.00000
Epoch 60, Val Loss: 12819010.00000
Epoch 61, Val Loss: 12859448.00000
Epoch 62, Val Loss: 13033930.00000
Epoch 63, Val Loss: 12804866.00000
Epoch 64, Val Loss: 13006547.00000
Epoch 65, Val Loss: 13339341.00000
Epoch 66, Val Loss: 12761756.00000
Epoch 67, Val Loss: 12730520.00000
Epoch 68, Val Loss: 12883860.00000
Epoch 69, Val Loss: 12810660.00000
Epoch 70, Val Loss: 12876003.00000
Epoch 71, Val Loss: 12843795.00000
Epoch 72, Val Loss: 12873469.00000
Epoch 73, Val Loss: 13079067.00000
Epoch 74, Val Loss: 12908402.00000
Epoch 75, Val Loss: 13243453.00000
Epoch 76, Val Loss: 13308548.00000
Epoch 77, Val Loss: 12889684.00000
Epoch 78, Val Loss: 12839274.00000
Epoch 79, Val Loss: 12857919.00000
Epoch 80, Val Loss: 12824450.00000
Epoch 81, Val Loss: 12943051.00000
Epoch 82, Val Loss: 12780131.00000
Epoch 83, Val Loss: 13367553.00000
Epoch 84, Val Loss: 12951156.00000
Epoch 85, Val Loss: 12862632.00000
Epoch 86, Val Loss: 12729407.00000
Epoch 87, Val Loss: 13136116.00000
Epoch 88, Val Loss: 13551335.00000
Epoch 89, Val Loss: 13155116.00000
Epoch 90, Val Loss: 12855013.00000
Epoch 91, Val Loss: 12931781.00000
Epoch 92, Val Loss: 12941279.00000
Epoch 93, Val Loss: 12867208.00000
Epoch 94, Val Loss: 12887261.00000
Epoch 95, Val Loss: 13116282.00000
Epoch 96, Val Loss: 12983525.00000
Epoch 97, Val Loss: 12846940.00000
Epoch 98, Val Loss: 12980455.00000
Epoch 99, Val Loss: 13007476.00000
{'MSE - mean': 12664569.250579039, 'MSE - std': 119785.70596266408, 'R2 - mean': 0.5078288813318831, 'R2 - std': 0.0021218920346486735} 
 

In get_device
On Device: cuda
Fitted encoder
Epoch 0, Val Loss: 19319226.00000
Epoch 1, Val Loss: 18377860.00000
Epoch 2, Val Loss: 17383984.00000
Epoch 3, Val Loss: 16554478.00000
Epoch 4, Val Loss: 16280810.00000
Epoch 5, Val Loss: 15520633.00000
Epoch 6, Val Loss: 15703817.00000
Epoch 7, Val Loss: 14894922.00000
Epoch 8, Val Loss: 14625515.00000
Epoch 9, Val Loss: 14608124.00000
Epoch 10, Val Loss: 14748857.00000
Epoch 11, Val Loss: 14337105.00000
Epoch 12, Val Loss: 14514903.00000
Epoch 13, Val Loss: 13866913.00000
Epoch 14, Val Loss: 14016932.00000
Epoch 15, Val Loss: 13472020.00000
Epoch 16, Val Loss: 13324453.00000
Epoch 17, Val Loss: 13636334.00000
Epoch 18, Val Loss: 13269833.00000
Epoch 19, Val Loss: 13679491.00000
Epoch 20, Val Loss: 13105349.00000
Epoch 21, Val Loss: 13444324.00000
Epoch 22, Val Loss: 13278122.00000
Epoch 23, Val Loss: 13019270.00000
Epoch 24, Val Loss: 13010128.00000
Epoch 25, Val Loss: 13506423.00000
Epoch 26, Val Loss: 12791287.00000
Epoch 27, Val Loss: 12953955.00000
Epoch 28, Val Loss: 12965463.00000
Epoch 29, Val Loss: 13240509.00000
Epoch 30, Val Loss: 13165575.00000
Epoch 31, Val Loss: 12958497.00000
Epoch 32, Val Loss: 13319217.00000
Epoch 33, Val Loss: 12998861.00000
Epoch 34, Val Loss: 12785101.00000
Epoch 35, Val Loss: 12957488.00000
Epoch 36, Val Loss: 12912299.00000
Epoch 37, Val Loss: 13056282.00000
Epoch 38, Val Loss: 13072538.00000
Epoch 39, Val Loss: 12828005.00000
Epoch 40, Val Loss: 13015457.00000
Epoch 41, Val Loss: 13122088.00000
Epoch 42, Val Loss: 13009308.00000
Epoch 43, Val Loss: 12823796.00000
Epoch 44, Val Loss: 12840001.00000
Epoch 45, Val Loss: 12964010.00000
Epoch 46, Val Loss: 12766161.00000
Epoch 47, Val Loss: 12927821.00000
Epoch 48, Val Loss: 13015614.00000
Epoch 49, Val Loss: 13160538.00000
Epoch 50, Val Loss: 12872421.00000
Epoch 51, Val Loss: 13235155.00000
Epoch 52, Val Loss: 12828497.00000
Epoch 53, Val Loss: 12917811.00000
Epoch 54, Val Loss: 12906247.00000
Epoch 55, Val Loss: 13292952.00000
Epoch 56, Val Loss: 12827286.00000
Epoch 57, Val Loss: 12970384.00000
Epoch 58, Val Loss: 12921658.00000
Epoch 59, Val Loss: 12851319.00000
Epoch 60, Val Loss: 12775030.00000
Epoch 61, Val Loss: 13092137.00000
Epoch 62, Val Loss: 12894956.00000
Epoch 63, Val Loss: 12779053.00000
Epoch 64, Val Loss: 12927196.00000
Epoch 65, Val Loss: 12901138.00000
Epoch 66, Val Loss: 13046081.00000
Epoch 67, Val Loss: 12947979.00000
Early stopping applies.
{'MSE - mean': 12690589.283126093, 'MSE - std': 113104.3226228762, 'R2 - mean': 0.507470461272225, 'R2 - std': 0.0019396427950850548} 
 

In get_device
On Device: cuda
Fitted encoder
Epoch 0, Val Loss: 19320710.00000
Epoch 1, Val Loss: 18257452.00000
Epoch 2, Val Loss: 17717870.00000
Epoch 3, Val Loss: 17135106.00000
Epoch 4, Val Loss: 16420508.00000
Epoch 5, Val Loss: 16560141.00000
Epoch 6, Val Loss: 15478327.00000
Epoch 7, Val Loss: 15475626.00000
Epoch 8, Val Loss: 14995961.00000
Epoch 9, Val Loss: 14077269.00000
Epoch 10, Val Loss: 14205792.00000
Epoch 11, Val Loss: 13692023.00000
Epoch 12, Val Loss: 14224694.00000
Epoch 13, Val Loss: 13822265.00000
Epoch 14, Val Loss: 13950667.00000
Epoch 15, Val Loss: 14270434.00000
Epoch 16, Val Loss: 13425348.00000
Epoch 17, Val Loss: 13801726.00000
Epoch 18, Val Loss: 13828640.00000
Epoch 19, Val Loss: 14649937.00000
Epoch 20, Val Loss: 13591547.00000
Epoch 21, Val Loss: 13692637.00000
Epoch 22, Val Loss: 13074858.00000
Epoch 23, Val Loss: 13606263.00000
Epoch 24, Val Loss: 13598468.00000
Epoch 25, Val Loss: 13616845.00000
Epoch 26, Val Loss: 13062820.00000
Epoch 27, Val Loss: 13126756.00000
Epoch 28, Val Loss: 13339933.00000
Epoch 29, Val Loss: 13376360.00000
Epoch 30, Val Loss: 13314009.00000
Epoch 31, Val Loss: 12923060.00000
Epoch 32, Val Loss: 12952554.00000
Epoch 33, Val Loss: 12928874.00000
Epoch 34, Val Loss: 13174752.00000
Epoch 35, Val Loss: 13510752.00000
Epoch 36, Val Loss: 13242279.00000
Epoch 37, Val Loss: 12919772.00000
Epoch 38, Val Loss: 13310352.00000
Epoch 39, Val Loss: 13112389.00000
Epoch 40, Val Loss: 13102027.00000
Epoch 41, Val Loss: 12756924.00000
Epoch 42, Val Loss: 13042612.00000
Epoch 43, Val Loss: 13457862.00000
Epoch 44, Val Loss: 13419574.00000
Epoch 45, Val Loss: 13416805.00000
Epoch 46, Val Loss: 13175333.00000
Epoch 47, Val Loss: 12972092.00000
Epoch 48, Val Loss: 12836681.00000
Epoch 49, Val Loss: 12809098.00000
Epoch 50, Val Loss: 13275196.00000
Epoch 51, Val Loss: 12921860.00000
Epoch 52, Val Loss: 12977312.00000
Epoch 53, Val Loss: 13034894.00000
Epoch 54, Val Loss: 12898620.00000
Epoch 55, Val Loss: 12843038.00000
Epoch 56, Val Loss: 13086701.00000
Epoch 57, Val Loss: 12771298.00000
Epoch 58, Val Loss: 13015607.00000
Epoch 59, Val Loss: 12839220.00000
Epoch 60, Val Loss: 12994187.00000
Epoch 61, Val Loss: 12900214.00000
Epoch 62, Val Loss: 13080890.00000
Early stopping applies.
{'MSE - mean': 12704010.693935651, 'MSE - std': 104664.25994225235, 'R2 - mean': 0.5081416099976555, 'R2 - std': 0.0021935208648672937} 
 

Finished cross validation
Hyperparam was saved!!! Hurrah!!!
Trial 1 finished with value: 12704010.693935651 and parameters: {'p_m': 0.38793937822349545, 'alpha': 4.198917216677418, 'K': 20, 'beta': 8.795649368873923}. Best is trial 0 with value: 12473668.15203727.
In get_device
On Device: cuda
In get_device
On Device: cuda
Fitted encoder
Epoch 0, Val Loss: 17972198.00000
Epoch 1, Val Loss: 16814482.00000
Epoch 2, Val Loss: 15223873.00000
Epoch 3, Val Loss: 14899597.00000
Epoch 4, Val Loss: 15014765.00000
Epoch 5, Val Loss: 13795615.00000
Epoch 6, Val Loss: 13980494.00000
Epoch 7, Val Loss: 13737466.00000
Epoch 8, Val Loss: 13316011.00000
Epoch 9, Val Loss: 12939939.00000
Epoch 10, Val Loss: 12823123.00000
Epoch 11, Val Loss: 13092576.00000
Epoch 12, Val Loss: 12962433.00000
Epoch 13, Val Loss: 12874549.00000
Epoch 14, Val Loss: 12693394.00000
Epoch 15, Val Loss: 12807782.00000
Epoch 16, Val Loss: 13033328.00000
Epoch 17, Val Loss: 12614989.00000
Epoch 18, Val Loss: 12592499.00000
Epoch 19, Val Loss: 12571738.00000
Epoch 20, Val Loss: 12721395.00000
Epoch 21, Val Loss: 12529162.00000
Epoch 22, Val Loss: 12475114.00000
Epoch 23, Val Loss: 12948371.00000
Epoch 24, Val Loss: 12643129.00000
Epoch 25, Val Loss: 12495796.00000
Epoch 26, Val Loss: 12553022.00000
Epoch 27, Val Loss: 12352528.00000
Epoch 28, Val Loss: 12460402.00000
Epoch 29, Val Loss: 12710743.00000
Epoch 30, Val Loss: 13339738.00000
Epoch 31, Val Loss: 12381384.00000
Epoch 32, Val Loss: 12478858.00000
Epoch 33, Val Loss: 12476412.00000
Epoch 34, Val Loss: 12407362.00000
Epoch 35, Val Loss: 12584826.00000
Epoch 36, Val Loss: 12447844.00000
Epoch 37, Val Loss: 12461165.00000
Epoch 38, Val Loss: 12385502.00000
Epoch 39, Val Loss: 12352699.00000
Epoch 40, Val Loss: 12420245.00000
Epoch 41, Val Loss: 12361315.00000
Epoch 42, Val Loss: 12340474.00000
Epoch 43, Val Loss: 12329202.00000
Epoch 44, Val Loss: 12328716.00000
Epoch 45, Val Loss: 12419126.00000
Epoch 46, Val Loss: 12307373.00000
Epoch 47, Val Loss: 12337998.00000
Epoch 48, Val Loss: 12519953.00000
Epoch 49, Val Loss: 12399919.00000
Epoch 50, Val Loss: 12416149.00000
Epoch 51, Val Loss: 12348028.00000
Epoch 52, Val Loss: 12286445.00000
Epoch 53, Val Loss: 12415487.00000
Epoch 54, Val Loss: 12407013.00000
Epoch 55, Val Loss: 12546611.00000
Epoch 56, Val Loss: 12378280.00000
Epoch 57, Val Loss: 12286778.00000
Epoch 58, Val Loss: 12249149.00000
Epoch 59, Val Loss: 12675346.00000
Epoch 60, Val Loss: 12405162.00000
Epoch 61, Val Loss: 12379110.00000
Epoch 62, Val Loss: 12335353.00000
Epoch 63, Val Loss: 12523326.00000
Epoch 64, Val Loss: 12416712.00000
Epoch 65, Val Loss: 12432626.00000
Epoch 66, Val Loss: 12249966.00000
Epoch 67, Val Loss: 12268461.00000
Epoch 68, Val Loss: 12699607.00000
Epoch 69, Val Loss: 12273488.00000
Epoch 70, Val Loss: 12301165.00000
Epoch 71, Val Loss: 12267720.00000
Epoch 72, Val Loss: 12353218.00000
Epoch 73, Val Loss: 12511428.00000
Epoch 74, Val Loss: 12360128.00000
Epoch 75, Val Loss: 12302068.00000
Epoch 76, Val Loss: 12538036.00000
Epoch 77, Val Loss: 12337922.00000
Epoch 78, Val Loss: 12296929.00000
Epoch 79, Val Loss: 12547711.00000
Early stopping applies.
{'MSE - mean': 12251686.629124451, 'MSE - std': 0.0, 'R2 - mean': 0.5203959158603009, 'R2 - std': 0.0} 
 

In get_device
On Device: cuda
Fitted encoder
Epoch 0, Val Loss: 17782502.00000
Epoch 1, Val Loss: 16872008.00000
Epoch 2, Val Loss: 15366319.00000
Epoch 3, Val Loss: 14751885.00000
Epoch 4, Val Loss: 14355234.00000
Epoch 5, Val Loss: 14081030.00000
Epoch 6, Val Loss: 13842400.00000
Epoch 7, Val Loss: 13624386.00000
Epoch 8, Val Loss: 13831169.00000
Epoch 9, Val Loss: 13427470.00000
Epoch 10, Val Loss: 13572228.00000
Epoch 11, Val Loss: 13515465.00000
Epoch 12, Val Loss: 13456291.00000
Epoch 13, Val Loss: 13227380.00000
Epoch 14, Val Loss: 13171390.00000
Epoch 15, Val Loss: 13094379.00000
Epoch 16, Val Loss: 13227280.00000
Epoch 17, Val Loss: 13124112.00000
Epoch 18, Val Loss: 13254293.00000
Epoch 19, Val Loss: 12996640.00000
Epoch 20, Val Loss: 13157314.00000
Epoch 21, Val Loss: 13629235.00000
Epoch 22, Val Loss: 13211834.00000
Epoch 23, Val Loss: 13215014.00000
Epoch 24, Val Loss: 13168689.00000
Epoch 25, Val Loss: 13058860.00000
Epoch 26, Val Loss: 13011762.00000
Epoch 27, Val Loss: 13244644.00000
Epoch 28, Val Loss: 13567860.00000
Epoch 29, Val Loss: 13123311.00000
Epoch 30, Val Loss: 13263911.00000
Epoch 31, Val Loss: 12927281.00000
Epoch 32, Val Loss: 12887076.00000
Epoch 33, Val Loss: 13016869.00000
Epoch 34, Val Loss: 12961323.00000
Epoch 35, Val Loss: 13140472.00000
Epoch 36, Val Loss: 13194739.00000
Epoch 37, Val Loss: 13029065.00000
Epoch 38, Val Loss: 12884493.00000
Epoch 39, Val Loss: 13084324.00000
Epoch 40, Val Loss: 13037033.00000
Epoch 41, Val Loss: 12843493.00000
Epoch 42, Val Loss: 13888542.00000
Epoch 43, Val Loss: 12941304.00000
Epoch 44, Val Loss: 13045317.00000
Epoch 45, Val Loss: 12881386.00000
Epoch 46, Val Loss: 12926934.00000
Epoch 47, Val Loss: 13006249.00000
Epoch 48, Val Loss: 13144366.00000
Epoch 49, Val Loss: 13200552.00000
Epoch 50, Val Loss: 13121723.00000
Epoch 51, Val Loss: 13102522.00000
Epoch 52, Val Loss: 12837690.00000
Epoch 53, Val Loss: 13092711.00000
Epoch 54, Val Loss: 13122821.00000
Epoch 55, Val Loss: 13690999.00000
Epoch 56, Val Loss: 13100319.00000
Epoch 57, Val Loss: 12895844.00000
Epoch 58, Val Loss: 13049768.00000
Epoch 59, Val Loss: 12863907.00000
Epoch 60, Val Loss: 12968137.00000
Epoch 61, Val Loss: 12845002.00000
Epoch 62, Val Loss: 13519669.00000
Epoch 63, Val Loss: 12804518.00000
Epoch 64, Val Loss: 12744033.00000
Epoch 65, Val Loss: 12833047.00000
Epoch 66, Val Loss: 12647312.00000
Epoch 67, Val Loss: 12840157.00000
Epoch 68, Val Loss: 13018157.00000
Epoch 69, Val Loss: 12679877.00000
Epoch 70, Val Loss: 12897631.00000
Epoch 71, Val Loss: 12629508.00000
Epoch 72, Val Loss: 12762435.00000
Epoch 73, Val Loss: 12911494.00000
Epoch 74, Val Loss: 12809981.00000
Epoch 75, Val Loss: 12993497.00000
Epoch 76, Val Loss: 12605138.00000
Epoch 77, Val Loss: 12673154.00000
Epoch 78, Val Loss: 12714502.00000
Epoch 79, Val Loss: 12546114.00000
Epoch 80, Val Loss: 12555441.00000
Epoch 81, Val Loss: 12691217.00000
Epoch 82, Val Loss: 12532891.00000
Epoch 83, Val Loss: 12478800.00000
Epoch 84, Val Loss: 12482001.00000
Epoch 85, Val Loss: 12747796.00000
Epoch 86, Val Loss: 12568915.00000
Epoch 87, Val Loss: 12611590.00000
Epoch 88, Val Loss: 12501621.00000
Epoch 89, Val Loss: 12463134.00000
Epoch 90, Val Loss: 12544246.00000
Epoch 91, Val Loss: 12521695.00000
Epoch 92, Val Loss: 12636130.00000
Epoch 93, Val Loss: 12674794.00000
Epoch 94, Val Loss: 12660060.00000
Epoch 95, Val Loss: 12453555.00000
Epoch 96, Val Loss: 12511324.00000
Epoch 97, Val Loss: 12609058.00000
Epoch 98, Val Loss: 13361685.00000
Epoch 99, Val Loss: 12662854.00000
{'MSE - mean': 12350906.048871854, 'MSE - std': 99219.41974740289, 'R2 - mean': 0.519360559459223, 'R2 - std': 0.001035356401077825} 
 

In get_device
On Device: cuda
Fitted encoder
Epoch 0, Val Loss: 18142986.00000
Epoch 1, Val Loss: 16804002.00000
Epoch 2, Val Loss: 15550859.00000
Epoch 3, Val Loss: 14682673.00000
Epoch 4, Val Loss: 14486376.00000
Epoch 5, Val Loss: 13834207.00000
Epoch 6, Val Loss: 13691445.00000
Epoch 7, Val Loss: 13611347.00000
Epoch 8, Val Loss: 13864459.00000
Epoch 9, Val Loss: 13174588.00000
Epoch 10, Val Loss: 13358405.00000
Epoch 11, Val Loss: 13309440.00000
Epoch 12, Val Loss: 13573387.00000
Epoch 13, Val Loss: 13288514.00000
Epoch 14, Val Loss: 13139164.00000
Epoch 15, Val Loss: 13999397.00000
Epoch 16, Val Loss: 13109985.00000
Epoch 17, Val Loss: 13112747.00000
Epoch 18, Val Loss: 13158451.00000
Epoch 19, Val Loss: 13186420.00000
Epoch 20, Val Loss: 14093008.00000
Epoch 21, Val Loss: 13428925.00000
Epoch 22, Val Loss: 13225997.00000
Epoch 23, Val Loss: 13414335.00000
Epoch 24, Val Loss: 13048297.00000
Epoch 25, Val Loss: 13626214.00000
Epoch 26, Val Loss: 13080128.00000
Epoch 27, Val Loss: 13342815.00000
Epoch 28, Val Loss: 13177924.00000
Epoch 29, Val Loss: 13390701.00000
Epoch 30, Val Loss: 13242029.00000
Epoch 31, Val Loss: 13027679.00000
Epoch 32, Val Loss: 13053006.00000
Epoch 33, Val Loss: 13186901.00000
Epoch 34, Val Loss: 12970119.00000
Epoch 35, Val Loss: 13122671.00000
Epoch 36, Val Loss: 13241155.00000
Epoch 37, Val Loss: 13048248.00000
Epoch 38, Val Loss: 13054082.00000
Epoch 39, Val Loss: 13995118.00000
Epoch 40, Val Loss: 13135779.00000
Epoch 41, Val Loss: 13081429.00000
Epoch 42, Val Loss: 12970120.00000
Epoch 43, Val Loss: 13349972.00000
Epoch 44, Val Loss: 12997870.00000
Epoch 45, Val Loss: 13212735.00000
Epoch 46, Val Loss: 13319946.00000
Epoch 47, Val Loss: 12924422.00000
Epoch 48, Val Loss: 12931687.00000
Epoch 49, Val Loss: 12904702.00000
Epoch 50, Val Loss: 12875915.00000
Epoch 51, Val Loss: 12950486.00000
Epoch 52, Val Loss: 13589447.00000
Epoch 53, Val Loss: 12927565.00000
Epoch 54, Val Loss: 12806837.00000
Epoch 55, Val Loss: 13032207.00000
Epoch 56, Val Loss: 12971913.00000
Epoch 57, Val Loss: 13456351.00000
Epoch 58, Val Loss: 12816659.00000
Epoch 59, Val Loss: 12873194.00000
Epoch 60, Val Loss: 12772459.00000
Epoch 61, Val Loss: 12835472.00000
Epoch 62, Val Loss: 12850608.00000
Epoch 63, Val Loss: 13002195.00000
Epoch 64, Val Loss: 12794978.00000
Epoch 65, Val Loss: 12686016.00000
Epoch 66, Val Loss: 12859457.00000
Epoch 67, Val Loss: 12991643.00000
Epoch 68, Val Loss: 12862045.00000
Epoch 69, Val Loss: 12679490.00000
Epoch 70, Val Loss: 12671650.00000
Epoch 71, Val Loss: 12549616.00000
Epoch 72, Val Loss: 12530487.00000
Epoch 73, Val Loss: 12618409.00000
Epoch 74, Val Loss: 12975029.00000
Epoch 75, Val Loss: 12665571.00000
Epoch 76, Val Loss: 12793033.00000
Epoch 77, Val Loss: 12822997.00000
Epoch 78, Val Loss: 12518135.00000
Epoch 79, Val Loss: 12528774.00000
Epoch 80, Val Loss: 12581954.00000
Epoch 81, Val Loss: 13074866.00000
Epoch 82, Val Loss: 12666537.00000
Epoch 83, Val Loss: 12965216.00000
Epoch 84, Val Loss: 12651619.00000
Epoch 85, Val Loss: 12972582.00000
Epoch 86, Val Loss: 12599966.00000
Epoch 87, Val Loss: 12803280.00000
Epoch 88, Val Loss: 12500755.00000
Epoch 89, Val Loss: 12543136.00000
Epoch 90, Val Loss: 12980426.00000
Epoch 91, Val Loss: 12528339.00000
Epoch 92, Val Loss: 12665103.00000
Epoch 93, Val Loss: 12527882.00000
Epoch 94, Val Loss: 12580703.00000
Epoch 95, Val Loss: 12517367.00000
Epoch 96, Val Loss: 12669870.00000
Epoch 97, Val Loss: 12668668.00000
Epoch 98, Val Loss: 12637356.00000
Epoch 99, Val Loss: 13046515.00000
{'MSE - mean': 12401305.875058936, 'MSE - std': 107904.03357945933, 'R2 - mean': 0.518056714718553, 'R2 - std': 0.0020284634908507974} 
 

In get_device
On Device: cuda
Fitted encoder
Epoch 0, Val Loss: 16254935.00000
Epoch 1, Val Loss: 15555447.00000
Epoch 2, Val Loss: 14166207.00000
Epoch 3, Val Loss: 13939870.00000
Epoch 4, Val Loss: 14097482.00000
Epoch 5, Val Loss: 13754027.00000
Epoch 6, Val Loss: 13292847.00000
Epoch 7, Val Loss: 13537256.00000
Epoch 8, Val Loss: 13134357.00000
Epoch 9, Val Loss: 13577667.00000
Epoch 10, Val Loss: 13175728.00000
Epoch 11, Val Loss: 13194976.00000
Epoch 12, Val Loss: 13005912.00000
Epoch 13, Val Loss: 13079697.00000
Epoch 14, Val Loss: 12936215.00000
Epoch 15, Val Loss: 12906427.00000
Epoch 16, Val Loss: 12873303.00000
Epoch 17, Val Loss: 12891018.00000
Epoch 18, Val Loss: 12991198.00000
Epoch 19, Val Loss: 12726907.00000
Epoch 20, Val Loss: 12695878.00000
Epoch 21, Val Loss: 12926160.00000
Epoch 22, Val Loss: 12595750.00000
Epoch 23, Val Loss: 12705596.00000
Epoch 24, Val Loss: 12780552.00000
Epoch 25, Val Loss: 13195599.00000
Epoch 26, Val Loss: 12782669.00000
Epoch 27, Val Loss: 12685475.00000
Epoch 28, Val Loss: 12649138.00000
Epoch 29, Val Loss: 12697732.00000
Epoch 30, Val Loss: 12598773.00000
Epoch 31, Val Loss: 12530215.00000
Epoch 32, Val Loss: 12691109.00000
Epoch 33, Val Loss: 12501354.00000
Epoch 34, Val Loss: 12539610.00000
Epoch 35, Val Loss: 12551040.00000
Epoch 36, Val Loss: 12583357.00000
Epoch 37, Val Loss: 12559490.00000
Epoch 38, Val Loss: 12863799.00000
Epoch 39, Val Loss: 12520296.00000
Epoch 40, Val Loss: 12548682.00000
Epoch 41, Val Loss: 12508146.00000
Epoch 42, Val Loss: 12487580.00000
Epoch 43, Val Loss: 12742256.00000
Epoch 44, Val Loss: 12574373.00000
Epoch 45, Val Loss: 12450392.00000
Epoch 46, Val Loss: 12519628.00000
Epoch 47, Val Loss: 12513981.00000
Epoch 48, Val Loss: 12563324.00000
Epoch 49, Val Loss: 12569091.00000
Epoch 50, Val Loss: 12556631.00000
Epoch 51, Val Loss: 12588825.00000
Epoch 52, Val Loss: 12525197.00000
Epoch 53, Val Loss: 12922245.00000
Epoch 54, Val Loss: 12623114.00000
Epoch 55, Val Loss: 12453985.00000
Epoch 56, Val Loss: 12606012.00000
Epoch 57, Val Loss: 12571070.00000
Epoch 58, Val Loss: 12470407.00000
Epoch 59, Val Loss: 12470865.00000
Epoch 60, Val Loss: 12433891.00000
Epoch 61, Val Loss: 12539902.00000
Epoch 62, Val Loss: 12427258.00000
Epoch 63, Val Loss: 12526483.00000
Epoch 64, Val Loss: 12512944.00000
Epoch 65, Val Loss: 12546688.00000
Epoch 66, Val Loss: 12540382.00000
Epoch 67, Val Loss: 12540705.00000
Epoch 68, Val Loss: 12450108.00000
Epoch 69, Val Loss: 12896035.00000
Epoch 70, Val Loss: 12486369.00000
Epoch 71, Val Loss: 12540921.00000
Epoch 72, Val Loss: 12598128.00000
Epoch 73, Val Loss: 12446372.00000
Epoch 74, Val Loss: 12514043.00000
Epoch 75, Val Loss: 12578913.00000
Epoch 76, Val Loss: 12462565.00000
Epoch 77, Val Loss: 12486536.00000
Epoch 78, Val Loss: 12491036.00000
Epoch 79, Val Loss: 12528407.00000
Epoch 80, Val Loss: 12468534.00000
Epoch 81, Val Loss: 12593416.00000
Epoch 82, Val Loss: 12674655.00000
Epoch 83, Val Loss: 12568085.00000
Early stopping applies.
{'MSE - mean': 12408471.853368333, 'MSE - std': 94268.30900376858, 'R2 - mean': 0.5184144677756681, 'R2 - std': 0.0018627828241402176} 
 

In get_device
On Device: cuda
Fitted encoder
Epoch 0, Val Loss: 17723922.00000
Epoch 1, Val Loss: 16230336.00000
Epoch 2, Val Loss: 15249107.00000
Epoch 3, Val Loss: 14360843.00000
Epoch 4, Val Loss: 14350887.00000
Epoch 5, Val Loss: 14042311.00000
Epoch 6, Val Loss: 13391280.00000
Epoch 7, Val Loss: 13421208.00000
Epoch 8, Val Loss: 14194262.00000
Epoch 9, Val Loss: 13826185.00000
Epoch 10, Val Loss: 13032407.00000
Epoch 11, Val Loss: 13239585.00000
Epoch 12, Val Loss: 12955226.00000
Epoch 13, Val Loss: 12816997.00000
Epoch 14, Val Loss: 13651252.00000
Epoch 15, Val Loss: 12699007.00000
Epoch 16, Val Loss: 12697902.00000
Epoch 17, Val Loss: 12630517.00000
Epoch 18, Val Loss: 12751875.00000
Epoch 19, Val Loss: 12855330.00000
Epoch 20, Val Loss: 12645591.00000
Epoch 21, Val Loss: 12536623.00000
Epoch 22, Val Loss: 12974835.00000
Epoch 23, Val Loss: 12658584.00000
Epoch 24, Val Loss: 13005145.00000
Epoch 25, Val Loss: 13066800.00000
Epoch 26, Val Loss: 12627261.00000
Epoch 27, Val Loss: 12500003.00000
Epoch 28, Val Loss: 12836498.00000
Epoch 29, Val Loss: 12567783.00000
Epoch 30, Val Loss: 12589113.00000
Epoch 31, Val Loss: 12582657.00000
Epoch 32, Val Loss: 12487844.00000
Epoch 33, Val Loss: 12718394.00000
Epoch 34, Val Loss: 12713277.00000
Epoch 35, Val Loss: 12567739.00000
Epoch 36, Val Loss: 12500984.00000
Epoch 37, Val Loss: 12510464.00000
Epoch 38, Val Loss: 12477567.00000
Epoch 39, Val Loss: 12487168.00000
Epoch 40, Val Loss: 12577590.00000
Epoch 41, Val Loss: 12455697.00000
Epoch 42, Val Loss: 12412521.00000
Epoch 43, Val Loss: 12578322.00000
Epoch 44, Val Loss: 13036837.00000
Epoch 45, Val Loss: 13126823.00000
Epoch 46, Val Loss: 12435167.00000
Epoch 47, Val Loss: 12830853.00000
Epoch 48, Val Loss: 12917519.00000
Epoch 49, Val Loss: 12703272.00000
Epoch 50, Val Loss: 12541255.00000
Epoch 51, Val Loss: 12469632.00000
Epoch 52, Val Loss: 13086832.00000
Epoch 53, Val Loss: 12433992.00000
Epoch 54, Val Loss: 12941408.00000
Epoch 55, Val Loss: 12458110.00000
Epoch 56, Val Loss: 12546303.00000
Epoch 57, Val Loss: 12434710.00000
Epoch 58, Val Loss: 12427196.00000
Epoch 59, Val Loss: 12393044.00000
Epoch 60, Val Loss: 12704054.00000
Epoch 61, Val Loss: 12438741.00000
Epoch 62, Val Loss: 12426835.00000
Epoch 63, Val Loss: 12828835.00000
Epoch 64, Val Loss: 12378792.00000
Epoch 65, Val Loss: 12460088.00000
Epoch 66, Val Loss: 12535982.00000
Epoch 67, Val Loss: 12922206.00000
Epoch 68, Val Loss: 12389233.00000
Epoch 69, Val Loss: 12410809.00000
Epoch 70, Val Loss: 12825318.00000
Epoch 71, Val Loss: 12379734.00000
Epoch 72, Val Loss: 12601568.00000
Epoch 73, Val Loss: 12887045.00000
Epoch 74, Val Loss: 12451106.00000
Epoch 75, Val Loss: 12506311.00000
Epoch 76, Val Loss: 12367472.00000
Epoch 77, Val Loss: 12603337.00000
Epoch 78, Val Loss: 12363884.00000
Epoch 79, Val Loss: 12401555.00000
Epoch 80, Val Loss: 12530916.00000
Epoch 81, Val Loss: 12413049.00000
Epoch 82, Val Loss: 12761153.00000
Epoch 83, Val Loss: 12385596.00000
Epoch 84, Val Loss: 12420568.00000
Epoch 85, Val Loss: 12586346.00000
Epoch 86, Val Loss: 12463951.00000
Epoch 87, Val Loss: 12376566.00000
Epoch 88, Val Loss: 12506669.00000
Epoch 89, Val Loss: 12482154.00000
Epoch 90, Val Loss: 12440444.00000
Epoch 91, Val Loss: 12379809.00000
Epoch 92, Val Loss: 12395372.00000
Epoch 93, Val Loss: 12416755.00000
Epoch 94, Val Loss: 12736386.00000
Epoch 95, Val Loss: 12451822.00000
Epoch 96, Val Loss: 12622604.00000
Epoch 97, Val Loss: 12395769.00000
Epoch 98, Val Loss: 12826080.00000
Epoch 99, Val Loss: 12449828.00000
Early stopping applies.
{'MSE - mean': 12399829.127025511, 'MSE - std': 86069.72836306368, 'R2 - mean': 0.5199062996282767, 'R2 - std': 0.003417340630630696} 
 

Finished cross validation
Hyperparam was saved!!! Hurrah!!!
Trial 2 finished with value: 12399829.127025511 and parameters: {'p_m': 0.5915624446870761, 'alpha': 9.391822313104544, 'K': 2, 'beta': 4.246404740847788}. Best is trial 2 with value: 12399829.127025511.
In get_device
On Device: cuda
In get_device
On Device: cuda
Fitted encoder
Epoch 0, Val Loss: 14471429.00000
Epoch 1, Val Loss: 13779016.00000
Epoch 2, Val Loss: 14652512.00000
Epoch 3, Val Loss: 13463538.00000
Epoch 4, Val Loss: 13199938.00000
Epoch 5, Val Loss: 13337291.00000
Epoch 6, Val Loss: 13197549.00000
Epoch 7, Val Loss: 13098360.00000
Epoch 8, Val Loss: 13869231.00000
Epoch 9, Val Loss: 12964920.00000
Epoch 10, Val Loss: 13382085.00000
Epoch 11, Val Loss: 12959868.00000
Epoch 12, Val Loss: 12944206.00000
Epoch 13, Val Loss: 12948892.00000
Epoch 14, Val Loss: 13821038.00000
Epoch 15, Val Loss: 13214796.00000
Epoch 16, Val Loss: 13068293.00000
Epoch 17, Val Loss: 13307496.00000
Epoch 18, Val Loss: 12962689.00000
Epoch 19, Val Loss: 13035690.00000
Epoch 20, Val Loss: 12769691.00000
Epoch 21, Val Loss: 13025526.00000
Epoch 22, Val Loss: 12881550.00000
Epoch 23, Val Loss: 12951452.00000
Epoch 24, Val Loss: 13943481.00000
Epoch 25, Val Loss: 12923773.00000
Epoch 26, Val Loss: 12870017.00000
Epoch 27, Val Loss: 12788163.00000
Epoch 28, Val Loss: 12997350.00000
Epoch 29, Val Loss: 12810848.00000
Epoch 30, Val Loss: 12940372.00000
Epoch 31, Val Loss: 12647338.00000
Epoch 32, Val Loss: 13000046.00000
Epoch 33, Val Loss: 13050374.00000
Epoch 34, Val Loss: 12699287.00000
Epoch 35, Val Loss: 12921991.00000
Epoch 36, Val Loss: 12782809.00000
Epoch 37, Val Loss: 12755548.00000
Epoch 38, Val Loss: 12651182.00000
Epoch 39, Val Loss: 13033764.00000
Epoch 40, Val Loss: 13053605.00000
Epoch 41, Val Loss: 12534776.00000
Epoch 42, Val Loss: 12963159.00000
Epoch 43, Val Loss: 12957782.00000
Epoch 44, Val Loss: 12605917.00000
Epoch 45, Val Loss: 12799674.00000
Epoch 46, Val Loss: 12659248.00000
Epoch 47, Val Loss: 12729805.00000
Epoch 48, Val Loss: 12579297.00000
Epoch 49, Val Loss: 12663984.00000
Epoch 50, Val Loss: 12536799.00000
Epoch 51, Val Loss: 12550331.00000
Epoch 52, Val Loss: 12564187.00000
Epoch 53, Val Loss: 12901667.00000
Epoch 54, Val Loss: 12726219.00000
Epoch 55, Val Loss: 12619484.00000
Epoch 56, Val Loss: 12485251.00000
Epoch 57, Val Loss: 12416008.00000
Epoch 58, Val Loss: 12691299.00000
Epoch 59, Val Loss: 12530992.00000
Epoch 60, Val Loss: 12858046.00000
Epoch 61, Val Loss: 12398780.00000
Epoch 62, Val Loss: 12539428.00000
Epoch 63, Val Loss: 12833311.00000
Epoch 64, Val Loss: 12524407.00000
Epoch 65, Val Loss: 12599569.00000
Epoch 66, Val Loss: 12667189.00000
Epoch 67, Val Loss: 12341762.00000
Epoch 68, Val Loss: 12962119.00000
Epoch 69, Val Loss: 12435567.00000
Epoch 70, Val Loss: 12495431.00000
Epoch 71, Val Loss: 12777436.00000
Epoch 72, Val Loss: 12749822.00000
Epoch 73, Val Loss: 12424759.00000
Epoch 74, Val Loss: 12567191.00000
Epoch 75, Val Loss: 12559145.00000
Epoch 76, Val Loss: 12500294.00000
Epoch 77, Val Loss: 12496488.00000
Epoch 78, Val Loss: 12837552.00000
Epoch 79, Val Loss: 12606086.00000
Epoch 80, Val Loss: 12510997.00000
Epoch 81, Val Loss: 12419014.00000
Epoch 82, Val Loss: 12749455.00000
Epoch 83, Val Loss: 12478450.00000
Epoch 84, Val Loss: 12385981.00000
Epoch 85, Val Loss: 12471412.00000
Epoch 86, Val Loss: 12617269.00000
Epoch 87, Val Loss: 12432110.00000
Epoch 88, Val Loss: 12449288.00000
Early stopping applies.
{'MSE - mean': 12344101.727697672, 'MSE - std': 0.0, 'R2 - mean': 0.5167782377353538, 'R2 - std': 0.0} 
 

In get_device
On Device: cuda
Fitted encoder
Epoch 0, Val Loss: 14529448.00000
Epoch 1, Val Loss: 13795976.00000
Epoch 2, Val Loss: 13619038.00000
Epoch 3, Val Loss: 13705140.00000
Epoch 4, Val Loss: 13610809.00000
Epoch 5, Val Loss: 13453052.00000
Epoch 6, Val Loss: 13289169.00000
Epoch 7, Val Loss: 13198983.00000
Epoch 8, Val Loss: 13517564.00000
Epoch 9, Val Loss: 13383179.00000
Epoch 10, Val Loss: 13117518.00000
Epoch 11, Val Loss: 13376472.00000
Epoch 12, Val Loss: 13747594.00000
Epoch 13, Val Loss: 13123603.00000
Epoch 14, Val Loss: 13017144.00000
Epoch 15, Val Loss: 12991856.00000
Epoch 16, Val Loss: 12969821.00000
Epoch 17, Val Loss: 12867215.00000
Epoch 18, Val Loss: 12839208.00000
Epoch 19, Val Loss: 13027181.00000
Epoch 20, Val Loss: 12858581.00000
Epoch 21, Val Loss: 12942511.00000
Epoch 22, Val Loss: 13050128.00000
Epoch 23, Val Loss: 12823434.00000
Epoch 24, Val Loss: 12809853.00000
Epoch 25, Val Loss: 12862796.00000
Epoch 26, Val Loss: 13236066.00000
Epoch 27, Val Loss: 13024416.00000
Epoch 28, Val Loss: 12902250.00000
Epoch 29, Val Loss: 13045705.00000
Epoch 30, Val Loss: 12773067.00000
Epoch 31, Val Loss: 12897406.00000
Epoch 32, Val Loss: 12902407.00000
Epoch 33, Val Loss: 13022497.00000
Epoch 34, Val Loss: 12907360.00000
Epoch 35, Val Loss: 13808663.00000
Epoch 36, Val Loss: 13304585.00000
Epoch 37, Val Loss: 12872202.00000
Epoch 38, Val Loss: 12788244.00000
Epoch 39, Val Loss: 12770964.00000
Epoch 40, Val Loss: 12927395.00000
Epoch 41, Val Loss: 12943369.00000
Epoch 42, Val Loss: 13112936.00000
Epoch 43, Val Loss: 13381403.00000
Epoch 44, Val Loss: 12689168.00000
Epoch 45, Val Loss: 12994390.00000
Epoch 46, Val Loss: 12804623.00000
Epoch 47, Val Loss: 12839679.00000
Epoch 48, Val Loss: 12744272.00000
Epoch 49, Val Loss: 12786081.00000
Epoch 50, Val Loss: 12744793.00000
Epoch 51, Val Loss: 13060079.00000
Epoch 52, Val Loss: 12950626.00000
Epoch 53, Val Loss: 12718748.00000
Epoch 54, Val Loss: 13077827.00000
Epoch 55, Val Loss: 13581787.00000
Epoch 56, Val Loss: 12985111.00000
Epoch 57, Val Loss: 12727225.00000
Epoch 58, Val Loss: 13213955.00000
Epoch 59, Val Loss: 12802017.00000
Epoch 60, Val Loss: 13032683.00000
Epoch 61, Val Loss: 12717124.00000
Epoch 62, Val Loss: 12689516.00000
Epoch 63, Val Loss: 12995972.00000
Epoch 64, Val Loss: 12888060.00000
Epoch 65, Val Loss: 13066592.00000
Early stopping applies.
{'MSE - mean': 12515070.5614237, 'MSE - std': 170968.8337260289, 'R2 - mean': 0.5129881602565832, 'R2 - std': 0.0037900774787705815} 
 

In get_device
On Device: cuda
Fitted encoder
Epoch 0, Val Loss: 14547354.00000
Epoch 1, Val Loss: 14708185.00000
Epoch 2, Val Loss: 13838846.00000
Epoch 3, Val Loss: 13762086.00000
Epoch 4, Val Loss: 13972835.00000
Epoch 5, Val Loss: 13423421.00000
Epoch 6, Val Loss: 13302017.00000
Epoch 7, Val Loss: 13141409.00000
Epoch 8, Val Loss: 13244039.00000
Epoch 9, Val Loss: 13071785.00000
Epoch 10, Val Loss: 13362365.00000
Epoch 11, Val Loss: 13336837.00000
Epoch 12, Val Loss: 13238467.00000
Epoch 13, Val Loss: 13104878.00000
Epoch 14, Val Loss: 13067314.00000
Epoch 15, Val Loss: 13382946.00000
Epoch 16, Val Loss: 13171641.00000
Epoch 17, Val Loss: 13128551.00000
Epoch 18, Val Loss: 15033530.00000
Epoch 19, Val Loss: 13245987.00000
Epoch 20, Val Loss: 13733530.00000
Epoch 21, Val Loss: 13082420.00000
Epoch 22, Val Loss: 12896038.00000
Epoch 23, Val Loss: 13084460.00000
Epoch 24, Val Loss: 12989170.00000
Epoch 25, Val Loss: 13021226.00000
Epoch 26, Val Loss: 13002429.00000
Epoch 27, Val Loss: 13119104.00000
Epoch 28, Val Loss: 13002934.00000
Epoch 29, Val Loss: 12916315.00000
Epoch 30, Val Loss: 13413070.00000
Epoch 31, Val Loss: 12900395.00000
Epoch 32, Val Loss: 12871480.00000
Epoch 33, Val Loss: 12866685.00000
Epoch 34, Val Loss: 12911499.00000
Epoch 35, Val Loss: 13228098.00000
Epoch 36, Val Loss: 13036569.00000
Epoch 37, Val Loss: 13039365.00000
Epoch 38, Val Loss: 12855787.00000
Epoch 39, Val Loss: 13210777.00000
Epoch 40, Val Loss: 12917932.00000
Epoch 41, Val Loss: 12970941.00000
Epoch 42, Val Loss: 12961335.00000
Epoch 43, Val Loss: 12906408.00000
Epoch 44, Val Loss: 12861451.00000
Epoch 45, Val Loss: 12818090.00000
Epoch 46, Val Loss: 12835655.00000
Epoch 47, Val Loss: 13283679.00000
Epoch 48, Val Loss: 13496970.00000
Epoch 49, Val Loss: 12903926.00000
Epoch 50, Val Loss: 12830713.00000
Epoch 51, Val Loss: 13137430.00000
Epoch 52, Val Loss: 12765546.00000
Epoch 53, Val Loss: 12991402.00000
Epoch 54, Val Loss: 12798621.00000
Epoch 55, Val Loss: 12797088.00000
Epoch 56, Val Loss: 12828255.00000
Epoch 57, Val Loss: 12750709.00000
Epoch 58, Val Loss: 12916558.00000
Epoch 59, Val Loss: 12771494.00000
Epoch 60, Val Loss: 13030637.00000
Epoch 61, Val Loss: 12715790.00000
Epoch 62, Val Loss: 12838428.00000
Epoch 63, Val Loss: 12701003.00000
Epoch 64, Val Loss: 12869441.00000
Epoch 65, Val Loss: 12794558.00000
Epoch 66, Val Loss: 12748520.00000
Epoch 67, Val Loss: 12790896.00000
Epoch 68, Val Loss: 13014481.00000
Epoch 69, Val Loss: 12959901.00000
Epoch 70, Val Loss: 12710817.00000
Epoch 71, Val Loss: 12765720.00000
Epoch 72, Val Loss: 12708317.00000
Epoch 73, Val Loss: 12937628.00000
Epoch 74, Val Loss: 13005227.00000
Epoch 75, Val Loss: 12843621.00000
Epoch 76, Val Loss: 12744451.00000
Epoch 77, Val Loss: 12777066.00000
Epoch 78, Val Loss: 12962505.00000
Epoch 79, Val Loss: 13146549.00000
Epoch 80, Val Loss: 13065722.00000
Epoch 81, Val Loss: 12743820.00000
Epoch 82, Val Loss: 12954385.00000
Epoch 83, Val Loss: 12656374.00000
Epoch 84, Val Loss: 12701828.00000
Epoch 85, Val Loss: 12709333.00000
Epoch 86, Val Loss: 12699378.00000
Epoch 87, Val Loss: 12745443.00000
Epoch 88, Val Loss: 12735830.00000
Epoch 89, Val Loss: 13179257.00000
Epoch 90, Val Loss: 12693605.00000
Epoch 91, Val Loss: 12756298.00000
Epoch 92, Val Loss: 12680227.00000
Epoch 93, Val Loss: 13047801.00000
Epoch 94, Val Loss: 12717184.00000
Epoch 95, Val Loss: 12862181.00000
Epoch 96, Val Loss: 12816593.00000
Epoch 97, Val Loss: 12947182.00000
Epoch 98, Val Loss: 12725930.00000
Epoch 99, Val Loss: 13077966.00000
{'MSE - mean': 12562461.309937514, 'MSE - std': 154850.4466460831, 'R2 - mean': 0.511804201649364, 'R2 - std': 0.0035185187457138153} 
 

In get_device
On Device: cuda
Fitted encoder
Epoch 0, Val Loss: 14447607.00000
Epoch 1, Val Loss: 14074455.00000
Epoch 2, Val Loss: 13858979.00000
Epoch 3, Val Loss: 13636635.00000
Epoch 4, Val Loss: 13379267.00000
Epoch 5, Val Loss: 13521309.00000
Epoch 6, Val Loss: 13324976.00000
Epoch 7, Val Loss: 13092857.00000
Epoch 8, Val Loss: 13238285.00000
Epoch 9, Val Loss: 13162474.00000
Epoch 10, Val Loss: 13139649.00000
Epoch 11, Val Loss: 13260200.00000
Epoch 12, Val Loss: 13318214.00000
Epoch 13, Val Loss: 13258006.00000
Epoch 14, Val Loss: 13301462.00000
Epoch 15, Val Loss: 13879980.00000
Epoch 16, Val Loss: 13249011.00000
Epoch 17, Val Loss: 13099980.00000
Epoch 18, Val Loss: 12892722.00000
Epoch 19, Val Loss: 13106835.00000
Epoch 20, Val Loss: 12976132.00000
Epoch 21, Val Loss: 13259381.00000
Epoch 22, Val Loss: 13486098.00000
Epoch 23, Val Loss: 12879705.00000
Epoch 24, Val Loss: 12962763.00000
Epoch 25, Val Loss: 12925154.00000
Epoch 26, Val Loss: 12997525.00000
Epoch 27, Val Loss: 12976814.00000
Epoch 28, Val Loss: 13177750.00000
Epoch 29, Val Loss: 13148975.00000
Epoch 30, Val Loss: 12845574.00000
Epoch 31, Val Loss: 12860619.00000
Epoch 32, Val Loss: 13044414.00000
Epoch 33, Val Loss: 13183173.00000
Epoch 34, Val Loss: 12913469.00000
Epoch 35, Val Loss: 13050226.00000
Epoch 36, Val Loss: 12888472.00000
Epoch 37, Val Loss: 14071258.00000
Epoch 38, Val Loss: 13121875.00000
Epoch 39, Val Loss: 12807772.00000
Epoch 40, Val Loss: 12792876.00000
Epoch 41, Val Loss: 12773654.00000
Epoch 42, Val Loss: 13301907.00000
Epoch 43, Val Loss: 13031709.00000
Epoch 44, Val Loss: 13448773.00000
Epoch 45, Val Loss: 12700396.00000
Epoch 46, Val Loss: 12973580.00000
Epoch 47, Val Loss: 13149065.00000
Epoch 48, Val Loss: 12829098.00000
Epoch 49, Val Loss: 13247209.00000
Epoch 50, Val Loss: 12907079.00000
Epoch 51, Val Loss: 12844509.00000
Epoch 52, Val Loss: 12808220.00000
Epoch 53, Val Loss: 12796679.00000
Epoch 54, Val Loss: 12995799.00000
Epoch 55, Val Loss: 12789534.00000
Epoch 56, Val Loss: 12743048.00000
Epoch 57, Val Loss: 12681442.00000
Epoch 58, Val Loss: 12665695.00000
Epoch 59, Val Loss: 12677421.00000
Epoch 60, Val Loss: 12873984.00000
Epoch 61, Val Loss: 12756439.00000
Epoch 62, Val Loss: 13073892.00000
Epoch 63, Val Loss: 12874215.00000
Epoch 64, Val Loss: 12685641.00000
Epoch 65, Val Loss: 12935462.00000
Epoch 66, Val Loss: 12590258.00000
Epoch 67, Val Loss: 12510853.00000
Epoch 68, Val Loss: 13108336.00000
Epoch 69, Val Loss: 12624142.00000
Epoch 70, Val Loss: 12645017.00000
Epoch 71, Val Loss: 12799751.00000
Epoch 72, Val Loss: 12957090.00000
Epoch 73, Val Loss: 12796221.00000
Epoch 74, Val Loss: 13017557.00000
Epoch 75, Val Loss: 12637940.00000
Epoch 76, Val Loss: 12607409.00000
Epoch 77, Val Loss: 12957904.00000
Epoch 78, Val Loss: 13021359.00000
Epoch 79, Val Loss: 12927519.00000
Epoch 80, Val Loss: 12637383.00000
Epoch 81, Val Loss: 12649722.00000
Epoch 82, Val Loss: 12834722.00000
Epoch 83, Val Loss: 12963857.00000
Epoch 84, Val Loss: 12612603.00000
Epoch 85, Val Loss: 12726762.00000
Epoch 86, Val Loss: 12734428.00000
Epoch 87, Val Loss: 12764924.00000
Epoch 88, Val Loss: 12845034.00000
Early stopping applies.
{'MSE - mean': 12550335.883327974, 'MSE - std': 135738.99046058432, 'R2 - mean': 0.5129133726940296, 'R2 - std': 0.0036021884795118626} 
 

In get_device
On Device: cuda
Fitted encoder
Epoch 0, Val Loss: 14615874.00000
Epoch 1, Val Loss: 13910125.00000
Epoch 2, Val Loss: 13654072.00000
Epoch 3, Val Loss: 13657347.00000
Epoch 4, Val Loss: 13420134.00000
Epoch 5, Val Loss: 14004561.00000
Epoch 6, Val Loss: 13462993.00000
Epoch 7, Val Loss: 13404341.00000
Epoch 8, Val Loss: 13198817.00000
Epoch 9, Val Loss: 13529987.00000
Epoch 10, Val Loss: 13376638.00000
Epoch 11, Val Loss: 13033142.00000
Epoch 12, Val Loss: 13256318.00000
Epoch 13, Val Loss: 13098780.00000
Epoch 14, Val Loss: 13444985.00000
Epoch 15, Val Loss: 12924751.00000
Epoch 16, Val Loss: 13327227.00000
Epoch 17, Val Loss: 13163651.00000
Epoch 18, Val Loss: 12946979.00000
Epoch 19, Val Loss: 13307729.00000
Epoch 20, Val Loss: 13567633.00000
Epoch 21, Val Loss: 13166482.00000
Epoch 22, Val Loss: 13203285.00000
Epoch 23, Val Loss: 13068114.00000
Epoch 24, Val Loss: 13474164.00000
Epoch 25, Val Loss: 13166585.00000
Epoch 26, Val Loss: 12951979.00000
Epoch 27, Val Loss: 13446493.00000
Epoch 28, Val Loss: 13270648.00000
Epoch 29, Val Loss: 13092954.00000
Epoch 30, Val Loss: 13062077.00000
Epoch 31, Val Loss: 13267589.00000
Epoch 32, Val Loss: 12844497.00000
Epoch 33, Val Loss: 12907041.00000
Epoch 34, Val Loss: 12903113.00000
Epoch 35, Val Loss: 12996371.00000
Epoch 36, Val Loss: 12848043.00000
Epoch 37, Val Loss: 13101393.00000
Epoch 38, Val Loss: 12983229.00000
Epoch 39, Val Loss: 12919572.00000
Epoch 40, Val Loss: 12833244.00000
Epoch 41, Val Loss: 12938774.00000
Epoch 42, Val Loss: 13074315.00000
Epoch 43, Val Loss: 12909340.00000
Epoch 44, Val Loss: 12793059.00000
Epoch 45, Val Loss: 12683883.00000
Epoch 46, Val Loss: 12935684.00000
Epoch 47, Val Loss: 12852256.00000
Epoch 48, Val Loss: 12961615.00000
Epoch 49, Val Loss: 12792330.00000
Epoch 50, Val Loss: 13114470.00000
Epoch 51, Val Loss: 12808373.00000
Epoch 52, Val Loss: 12967023.00000
Epoch 53, Val Loss: 12733882.00000
Epoch 54, Val Loss: 12897162.00000
Epoch 55, Val Loss: 12812529.00000
Epoch 56, Val Loss: 12681419.00000
Epoch 57, Val Loss: 13352097.00000
Epoch 58, Val Loss: 12658255.00000
Epoch 59, Val Loss: 12695525.00000
Epoch 60, Val Loss: 12695417.00000
Epoch 61, Val Loss: 12808580.00000
Epoch 62, Val Loss: 12613408.00000
Epoch 63, Val Loss: 12858241.00000
Epoch 64, Val Loss: 12712310.00000
Epoch 65, Val Loss: 13127046.00000
Epoch 66, Val Loss: 12944754.00000
Epoch 67, Val Loss: 12696284.00000
Epoch 68, Val Loss: 12705006.00000
Epoch 69, Val Loss: 12783641.00000
Epoch 70, Val Loss: 12875390.00000
Epoch 71, Val Loss: 12849686.00000
Epoch 72, Val Loss: 12733945.00000
Epoch 73, Val Loss: 12688618.00000
Epoch 74, Val Loss: 12586980.00000
Epoch 75, Val Loss: 13010646.00000
Epoch 76, Val Loss: 12623514.00000
Epoch 77, Val Loss: 12986802.00000
Epoch 78, Val Loss: 12757578.00000
Epoch 79, Val Loss: 12627773.00000
Epoch 80, Val Loss: 12644662.00000
Epoch 81, Val Loss: 12680263.00000
Epoch 82, Val Loss: 12952376.00000
Epoch 83, Val Loss: 12871446.00000
Epoch 84, Val Loss: 12639505.00000
Epoch 85, Val Loss: 13040157.00000
Epoch 86, Val Loss: 12686175.00000
Epoch 87, Val Loss: 12612734.00000
Epoch 88, Val Loss: 12866707.00000
Epoch 89, Val Loss: 12750153.00000
Epoch 90, Val Loss: 12716554.00000
Epoch 91, Val Loss: 12835847.00000
Epoch 92, Val Loss: 12721513.00000
Epoch 93, Val Loss: 12826686.00000
Epoch 94, Val Loss: 12742666.00000
Epoch 95, Val Loss: 13260770.00000
Early stopping applies.
{'MSE - mean': 12557886.12974303, 'MSE - std': 122344.12004146018, 'R2 - mean': 0.5137966188895755, 'R2 - std': 0.00367438496095983} 
 

Finished cross validation
Hyperparam was saved!!! Hurrah!!!
Trial 3 finished with value: 12557886.12974303 and parameters: {'p_m': 0.2014595491868513, 'alpha': 5.817978176283033, 'K': 20, 'beta': 1.9641112233088391}. Best is trial 2 with value: 12399829.127025511.
In get_device
On Device: cuda
In get_device
On Device: cuda
Fitted encoder
Epoch 0, Val Loss: 15060946.00000
Epoch 1, Val Loss: 14356567.00000
Epoch 2, Val Loss: 13983038.00000
Epoch 3, Val Loss: 13427878.00000
Epoch 4, Val Loss: 13410521.00000
Epoch 5, Val Loss: 13168389.00000
Epoch 6, Val Loss: 13289935.00000
Epoch 7, Val Loss: 13032374.00000
Epoch 8, Val Loss: 13854528.00000
Epoch 9, Val Loss: 12754986.00000
Epoch 10, Val Loss: 12604632.00000
Epoch 11, Val Loss: 13060068.00000
Epoch 12, Val Loss: 12534669.00000
Epoch 13, Val Loss: 12624026.00000
Epoch 14, Val Loss: 12798209.00000
Epoch 15, Val Loss: 13350811.00000
Epoch 16, Val Loss: 12484130.00000
Epoch 17, Val Loss: 12582876.00000
Epoch 18, Val Loss: 12446355.00000
Epoch 19, Val Loss: 12455384.00000
Epoch 20, Val Loss: 12765565.00000
Epoch 21, Val Loss: 12476922.00000
Epoch 22, Val Loss: 12415971.00000
Epoch 23, Val Loss: 12502200.00000
Epoch 24, Val Loss: 12616053.00000
Epoch 25, Val Loss: 12518177.00000
Epoch 26, Val Loss: 12526118.00000
Epoch 27, Val Loss: 12553569.00000
Epoch 28, Val Loss: 12502485.00000
Epoch 29, Val Loss: 12377127.00000
Epoch 30, Val Loss: 12339615.00000
Epoch 31, Val Loss: 12423269.00000
Epoch 32, Val Loss: 12358245.00000
Epoch 33, Val Loss: 12409443.00000
Epoch 34, Val Loss: 12392682.00000
Epoch 35, Val Loss: 12386176.00000
Epoch 36, Val Loss: 12340418.00000
Epoch 37, Val Loss: 12457928.00000
Epoch 38, Val Loss: 12286080.00000
Epoch 39, Val Loss: 12447100.00000
Epoch 40, Val Loss: 12358966.00000
Epoch 41, Val Loss: 12372995.00000
Epoch 42, Val Loss: 12310089.00000
Epoch 43, Val Loss: 12280740.00000
Epoch 44, Val Loss: 12379041.00000
Epoch 45, Val Loss: 12313043.00000
Epoch 46, Val Loss: 12493439.00000
Epoch 47, Val Loss: 12714420.00000
Epoch 48, Val Loss: 12370388.00000
Epoch 49, Val Loss: 12591763.00000
Epoch 50, Val Loss: 12489767.00000
Epoch 51, Val Loss: 12388408.00000
Epoch 52, Val Loss: 12359551.00000
Epoch 53, Val Loss: 12347532.00000
Epoch 54, Val Loss: 12491456.00000
Epoch 55, Val Loss: 12443874.00000
Epoch 56, Val Loss: 12373031.00000
Epoch 57, Val Loss: 12471802.00000
Epoch 58, Val Loss: 12309894.00000
Epoch 59, Val Loss: 12404396.00000
Epoch 60, Val Loss: 12761798.00000
Epoch 61, Val Loss: 12334421.00000
Epoch 62, Val Loss: 12279456.00000
Epoch 63, Val Loss: 12414640.00000
Epoch 64, Val Loss: 12405464.00000
Epoch 65, Val Loss: 12369837.00000
Epoch 66, Val Loss: 12473096.00000
Epoch 67, Val Loss: 12360744.00000
Epoch 68, Val Loss: 12271008.00000
Epoch 69, Val Loss: 12325271.00000
Epoch 70, Val Loss: 12369236.00000
Epoch 71, Val Loss: 12279499.00000
Epoch 72, Val Loss: 12275424.00000
Epoch 73, Val Loss: 12331873.00000
Epoch 74, Val Loss: 12406211.00000
Epoch 75, Val Loss: 12480155.00000
Epoch 76, Val Loss: 12375503.00000
Epoch 77, Val Loss: 13495438.00000
Epoch 78, Val Loss: 12378692.00000
Epoch 79, Val Loss: 12410586.00000
Epoch 80, Val Loss: 12284173.00000
Epoch 81, Val Loss: 12227509.00000
Epoch 82, Val Loss: 12574968.00000
Epoch 83, Val Loss: 12668865.00000
Epoch 84, Val Loss: 12488239.00000
Epoch 85, Val Loss: 12414937.00000
Epoch 86, Val Loss: 12366740.00000
Epoch 87, Val Loss: 12395670.00000
Epoch 88, Val Loss: 12270255.00000
Epoch 89, Val Loss: 12499056.00000
Epoch 90, Val Loss: 12379208.00000
Epoch 91, Val Loss: 12415295.00000
Epoch 92, Val Loss: 12241565.00000
Epoch 93, Val Loss: 12266066.00000
Epoch 94, Val Loss: 12327596.00000
Epoch 95, Val Loss: 12477138.00000
Epoch 96, Val Loss: 12378774.00000
Epoch 97, Val Loss: 12257704.00000
Epoch 98, Val Loss: 12350923.00000
Epoch 99, Val Loss: 12284579.00000
{'MSE - mean': 12229997.767595006, 'MSE - std': 0.0, 'R2 - mean': 0.5212449472536712, 'R2 - std': 0.0} 
 

In get_device
On Device: cuda
Fitted encoder
Epoch 0, Val Loss: 14942805.00000
Epoch 1, Val Loss: 14584605.00000
Epoch 2, Val Loss: 13971439.00000
Epoch 3, Val Loss: 14147794.00000
Epoch 4, Val Loss: 13707971.00000
Epoch 5, Val Loss: 13799188.00000
Epoch 6, Val Loss: 13201200.00000
Epoch 7, Val Loss: 13359227.00000
Epoch 8, Val Loss: 13302858.00000
Epoch 9, Val Loss: 13319662.00000
Epoch 10, Val Loss: 13068960.00000
Epoch 11, Val Loss: 13009230.00000
Epoch 12, Val Loss: 12992124.00000
Epoch 13, Val Loss: 12979184.00000
Epoch 14, Val Loss: 13372126.00000
Epoch 15, Val Loss: 12832027.00000
Epoch 16, Val Loss: 13147196.00000
Epoch 17, Val Loss: 13706589.00000
Epoch 18, Val Loss: 12797259.00000
Epoch 19, Val Loss: 12760614.00000
Epoch 20, Val Loss: 12712678.00000
Epoch 21, Val Loss: 13257127.00000
Epoch 22, Val Loss: 12809883.00000
Epoch 23, Val Loss: 12711392.00000
Epoch 24, Val Loss: 13049929.00000
Epoch 25, Val Loss: 13530525.00000
Epoch 26, Val Loss: 12932516.00000
Epoch 27, Val Loss: 12856732.00000
Epoch 28, Val Loss: 12905535.00000
Epoch 29, Val Loss: 12779669.00000
Epoch 30, Val Loss: 12697659.00000
Epoch 31, Val Loss: 12654007.00000
Epoch 32, Val Loss: 12562237.00000
Epoch 33, Val Loss: 12876184.00000
Epoch 34, Val Loss: 12811251.00000
Epoch 35, Val Loss: 12711911.00000
Epoch 36, Val Loss: 13086756.00000
Epoch 37, Val Loss: 12957808.00000
Epoch 38, Val Loss: 12604880.00000
Epoch 39, Val Loss: 12908297.00000
Epoch 40, Val Loss: 12525562.00000
Epoch 41, Val Loss: 12646468.00000
Epoch 42, Val Loss: 12584397.00000
Epoch 43, Val Loss: 12838898.00000
Epoch 44, Val Loss: 12967908.00000
Epoch 45, Val Loss: 12677969.00000
Epoch 46, Val Loss: 12859360.00000
Epoch 47, Val Loss: 12593509.00000
Epoch 48, Val Loss: 13121167.00000
Epoch 49, Val Loss: 12553638.00000
Epoch 50, Val Loss: 12561246.00000
Epoch 51, Val Loss: 12950916.00000
Epoch 52, Val Loss: 12546761.00000
Epoch 53, Val Loss: 12720170.00000
Epoch 54, Val Loss: 12557389.00000
Epoch 55, Val Loss: 12834367.00000
Epoch 56, Val Loss: 12562192.00000
Epoch 57, Val Loss: 12692419.00000
Epoch 58, Val Loss: 12722940.00000
Epoch 59, Val Loss: 12551562.00000
Epoch 60, Val Loss: 12517092.00000
Epoch 61, Val Loss: 12735078.00000
Epoch 62, Val Loss: 12678789.00000
Epoch 63, Val Loss: 12622504.00000
Epoch 64, Val Loss: 12451789.00000
Epoch 65, Val Loss: 12845813.00000
Epoch 66, Val Loss: 12929044.00000
Epoch 67, Val Loss: 12668505.00000
Epoch 68, Val Loss: 12883270.00000
Epoch 69, Val Loss: 12672648.00000
Epoch 70, Val Loss: 12546158.00000
Epoch 71, Val Loss: 12534325.00000
Epoch 72, Val Loss: 12652537.00000
Epoch 73, Val Loss: 12556812.00000
Epoch 74, Val Loss: 13574452.00000
Epoch 75, Val Loss: 12542421.00000
Epoch 76, Val Loss: 12531949.00000
Epoch 77, Val Loss: 12684847.00000
Epoch 78, Val Loss: 12511161.00000
Epoch 79, Val Loss: 12502559.00000
Epoch 80, Val Loss: 12581741.00000
Epoch 81, Val Loss: 12647953.00000
Epoch 82, Val Loss: 12682931.00000
Epoch 83, Val Loss: 12513175.00000
Epoch 84, Val Loss: 12446334.00000
Epoch 85, Val Loss: 12394892.00000
Epoch 86, Val Loss: 12824810.00000
Epoch 87, Val Loss: 12501819.00000
Epoch 88, Val Loss: 12478269.00000
Epoch 89, Val Loss: 12893296.00000
Epoch 90, Val Loss: 12480207.00000
Epoch 91, Val Loss: 12732175.00000
Epoch 92, Val Loss: 12464329.00000
Epoch 93, Val Loss: 12510721.00000
Epoch 94, Val Loss: 12450984.00000
Epoch 95, Val Loss: 12579435.00000
Epoch 96, Val Loss: 12724505.00000
Epoch 97, Val Loss: 12726395.00000
Epoch 98, Val Loss: 12513214.00000
Epoch 99, Val Loss: 12553189.00000
{'MSE - mean': 12311139.456504742, 'MSE - std': 81141.68890973553, 'R2 - mean': 0.520904025832515, 'R2 - std': 0.00034092142115621504} 
 

In get_device
On Device: cuda
Fitted encoder
Epoch 0, Val Loss: 16297650.00000
Epoch 1, Val Loss: 14854738.00000
Epoch 2, Val Loss: 15670686.00000
Epoch 3, Val Loss: 13809812.00000
Epoch 4, Val Loss: 14181004.00000
Epoch 5, Val Loss: 13473762.00000
Epoch 6, Val Loss: 13772086.00000
Epoch 7, Val Loss: 13266317.00000
Epoch 8, Val Loss: 13293358.00000
Epoch 9, Val Loss: 13211226.00000
Epoch 10, Val Loss: 13250144.00000
Epoch 11, Val Loss: 13312291.00000
Epoch 12, Val Loss: 13351726.00000
Epoch 13, Val Loss: 12876295.00000
Epoch 14, Val Loss: 14166659.00000
Epoch 15, Val Loss: 13342442.00000
Epoch 16, Val Loss: 13179259.00000
Epoch 17, Val Loss: 12878627.00000
Epoch 18, Val Loss: 14146527.00000
Epoch 19, Val Loss: 13275230.00000
Epoch 20, Val Loss: 13246658.00000
Epoch 21, Val Loss: 12904330.00000
Epoch 22, Val Loss: 13003096.00000
Epoch 23, Val Loss: 13073536.00000
Epoch 24, Val Loss: 12799052.00000
Epoch 25, Val Loss: 13032696.00000
Epoch 26, Val Loss: 13812488.00000
Epoch 27, Val Loss: 13745548.00000
Epoch 28, Val Loss: 12813112.00000
Epoch 29, Val Loss: 12902967.00000
Epoch 30, Val Loss: 13052838.00000
Epoch 31, Val Loss: 12784873.00000
Epoch 32, Val Loss: 13320118.00000
Epoch 33, Val Loss: 12751531.00000
Epoch 34, Val Loss: 12856623.00000
Epoch 35, Val Loss: 12855487.00000
Epoch 36, Val Loss: 13390231.00000
Epoch 37, Val Loss: 12808564.00000
Epoch 38, Val Loss: 12820259.00000
Epoch 39, Val Loss: 12891921.00000
Epoch 40, Val Loss: 12722597.00000
Epoch 41, Val Loss: 12724402.00000
Epoch 42, Val Loss: 12780697.00000
Epoch 43, Val Loss: 12602628.00000
Epoch 44, Val Loss: 12703206.00000
Epoch 45, Val Loss: 13372534.00000
Epoch 46, Val Loss: 12972547.00000
Epoch 47, Val Loss: 12609269.00000
Epoch 48, Val Loss: 12757900.00000
Epoch 49, Val Loss: 12829036.00000
Epoch 50, Val Loss: 12588157.00000
Epoch 51, Val Loss: 12558103.00000
Epoch 52, Val Loss: 12623594.00000
Epoch 53, Val Loss: 12845211.00000
Epoch 54, Val Loss: 12617776.00000
Epoch 55, Val Loss: 12579916.00000
Epoch 56, Val Loss: 12673326.00000
Epoch 57, Val Loss: 12612095.00000
Epoch 58, Val Loss: 12925899.00000
Epoch 59, Val Loss: 12814468.00000
Epoch 60, Val Loss: 12607728.00000
Epoch 61, Val Loss: 12712762.00000
Epoch 62, Val Loss: 12678949.00000
Epoch 63, Val Loss: 12735677.00000
Epoch 64, Val Loss: 12588509.00000
Epoch 65, Val Loss: 12623226.00000
Epoch 66, Val Loss: 13267007.00000
Epoch 67, Val Loss: 12647818.00000
Epoch 68, Val Loss: 12545887.00000
Epoch 69, Val Loss: 12629763.00000
Epoch 70, Val Loss: 12602107.00000
Epoch 71, Val Loss: 12656219.00000
Epoch 72, Val Loss: 12636165.00000
Epoch 73, Val Loss: 12693867.00000
Epoch 74, Val Loss: 13054632.00000
Epoch 75, Val Loss: 13106808.00000
Epoch 76, Val Loss: 12598194.00000
Epoch 77, Val Loss: 13019901.00000
Epoch 78, Val Loss: 12609715.00000
Epoch 79, Val Loss: 12636943.00000
Epoch 80, Val Loss: 12858809.00000
Epoch 81, Val Loss: 12551456.00000
Epoch 82, Val Loss: 12481420.00000
Epoch 83, Val Loss: 12615491.00000
Epoch 84, Val Loss: 12658846.00000
Epoch 85, Val Loss: 12855223.00000
Epoch 86, Val Loss: 12988576.00000
Epoch 87, Val Loss: 12710789.00000
Epoch 88, Val Loss: 12591117.00000
Epoch 89, Val Loss: 12633371.00000
Epoch 90, Val Loss: 12704217.00000
Epoch 91, Val Loss: 12567453.00000
Epoch 92, Val Loss: 12562599.00000
Epoch 93, Val Loss: 12587458.00000
Epoch 94, Val Loss: 12655287.00000
Epoch 95, Val Loss: 12543461.00000
Epoch 96, Val Loss: 12657284.00000
Epoch 97, Val Loss: 12519833.00000
Epoch 98, Val Loss: 12587464.00000
Epoch 99, Val Loss: 12579126.00000
{'MSE - mean': 12368436.789540539, 'MSE - std': 104667.49510766487, 'R2 - mean': 0.5193321137288094, 'R2 - std': 0.0022403794917725353} 
 

In get_device
On Device: cuda
Fitted encoder
Epoch 0, Val Loss: 15364400.00000
Epoch 1, Val Loss: 14741963.00000
Epoch 2, Val Loss: 14405147.00000
Epoch 3, Val Loss: 14558323.00000
Epoch 4, Val Loss: 13861157.00000
Epoch 5, Val Loss: 13629874.00000
Epoch 6, Val Loss: 13174350.00000
Epoch 7, Val Loss: 13321584.00000
Epoch 8, Val Loss: 13153037.00000
Epoch 9, Val Loss: 13121339.00000
Epoch 10, Val Loss: 12973821.00000
Epoch 11, Val Loss: 14136803.00000
Epoch 12, Val Loss: 13003902.00000
Epoch 13, Val Loss: 13046674.00000
Epoch 14, Val Loss: 12954233.00000
Epoch 15, Val Loss: 13209023.00000
Epoch 16, Val Loss: 12776191.00000
Epoch 17, Val Loss: 12717404.00000
Epoch 18, Val Loss: 13275515.00000
Epoch 19, Val Loss: 13043555.00000
Epoch 20, Val Loss: 12994212.00000
Epoch 21, Val Loss: 12731092.00000
Epoch 22, Val Loss: 12807145.00000
Epoch 23, Val Loss: 12824636.00000
Epoch 24, Val Loss: 12978837.00000
Epoch 25, Val Loss: 12992706.00000
Epoch 26, Val Loss: 12639642.00000
Epoch 27, Val Loss: 12733180.00000
Epoch 28, Val Loss: 12703413.00000
Epoch 29, Val Loss: 12739856.00000
Epoch 30, Val Loss: 13140989.00000
Epoch 31, Val Loss: 12604253.00000
Epoch 32, Val Loss: 12767571.00000
Epoch 33, Val Loss: 12756048.00000
Epoch 34, Val Loss: 12639359.00000
Epoch 35, Val Loss: 12689772.00000
Epoch 36, Val Loss: 12529114.00000
Epoch 37, Val Loss: 12595470.00000
Epoch 38, Val Loss: 12609186.00000
Epoch 39, Val Loss: 12536776.00000
Epoch 40, Val Loss: 13192706.00000
Epoch 41, Val Loss: 12801650.00000
Epoch 42, Val Loss: 12587602.00000
Epoch 43, Val Loss: 13143382.00000
Epoch 44, Val Loss: 12638972.00000
Epoch 45, Val Loss: 12608378.00000
Epoch 46, Val Loss: 12622061.00000
Epoch 47, Val Loss: 12600897.00000
Epoch 48, Val Loss: 12609421.00000
Epoch 49, Val Loss: 12758747.00000
Epoch 50, Val Loss: 13036737.00000
Epoch 51, Val Loss: 12520047.00000
Epoch 52, Val Loss: 12585888.00000
Epoch 53, Val Loss: 12777868.00000
Epoch 54, Val Loss: 12679021.00000
Epoch 55, Val Loss: 12840674.00000
Epoch 56, Val Loss: 12683344.00000
Epoch 57, Val Loss: 12548301.00000
Epoch 58, Val Loss: 12537921.00000
Epoch 59, Val Loss: 12624882.00000
Epoch 60, Val Loss: 12694459.00000
Epoch 61, Val Loss: 12692701.00000
Epoch 62, Val Loss: 12599482.00000
Epoch 63, Val Loss: 12551690.00000
Epoch 64, Val Loss: 12534284.00000
Epoch 65, Val Loss: 12841931.00000
Epoch 66, Val Loss: 12522788.00000
Epoch 67, Val Loss: 12518298.00000
Epoch 68, Val Loss: 12478096.00000
Epoch 69, Val Loss: 12460858.00000
Epoch 70, Val Loss: 12560247.00000
Epoch 71, Val Loss: 12649091.00000
Epoch 72, Val Loss: 12595186.00000
Epoch 73, Val Loss: 12616089.00000
Epoch 74, Val Loss: 12477134.00000
Epoch 75, Val Loss: 12521740.00000
Epoch 76, Val Loss: 12473072.00000
Epoch 77, Val Loss: 12490087.00000
Epoch 78, Val Loss: 12556219.00000
Epoch 79, Val Loss: 12447858.00000
Epoch 80, Val Loss: 12759890.00000
Epoch 81, Val Loss: 12614791.00000
Epoch 82, Val Loss: 12550921.00000
Epoch 83, Val Loss: 12611696.00000
Epoch 84, Val Loss: 12843120.00000
Epoch 85, Val Loss: 12555213.00000
Epoch 86, Val Loss: 12700957.00000
Epoch 87, Val Loss: 12954542.00000
Epoch 88, Val Loss: 13304016.00000
Epoch 89, Val Loss: 12467194.00000
Epoch 90, Val Loss: 12509061.00000
Epoch 91, Val Loss: 12664802.00000
Epoch 92, Val Loss: 12486828.00000
Epoch 93, Val Loss: 12488629.00000
Epoch 94, Val Loss: 12462289.00000
