Namespace(batch_size=64, cat_dims=None, cat_idx=None, config='config/allstate.yml', data_parallel=False, dataset='Allstate_Claims', direction='minimize', dropna_idx=[0], early_stopping_rounds=20, epochs=100, gpu_ids=[0, 1], logging_period=100, miss_cat_idx=None, miss_num_idx=None, model_name='VIME', n_trials=1, nominal_idx=[1, 2, 3, 4, 5, 6, 7, 8, 9, 10, 11, 12, 13, 14, 15, 16, 17, 18, 19, 20, 21, 22, 23, 24, 25, 26, 27, 28, 29, 30, 31, 32, 33, 34, 35, 36, 37, 38, 39, 40, 41, 42, 43, 44, 45, 46, 47, 48, 49, 50, 51, 52, 53, 54, 55, 56, 57, 58, 59, 60, 61, 62, 63, 64, 65, 66, 67, 68, 69, 70, 71, 72, 73, 74, 75, 76, 77, 78, 79, 80, 81, 82, 83, 84, 85, 86, 87, 88, 89, 90, 91, 92, 93, 94, 95, 96, 97, 98, 99, 100, 101, 102, 103, 104, 105, 106, 107, 108, 109, 110, 111, 112, 113, 114, 115, 116], num_classes=1, num_features=131, num_idx=None, num_splits=5, objective='regression', one_hot_encode=True, optimize_hyperparameters=True, ordinal_encode=False, ordinal_idx=None, scale=True, seed=221, shuffle=True, target_encode=False, use_gpu=True, val_batch_size=128)
Start hyperparameter optimization
Loading dataset Allstate_Claims...
Dataset loaded! 

(188318, 130)
Scaling the data...
One Hot Encoding...
New Shape: (188318, 1153)
A new study created in RDB with name: VIME_Allstate_Claims
In get_device
On Device: cuda
In get_device
On Device: cuda
Fitted encoder
Epoch 0, Val Loss: 4301861.50000
Epoch 1, Val Loss: 4269963.00000
Epoch 2, Val Loss: 4091715.25000
Epoch 3, Val Loss: 4560510.00000
Epoch 4, Val Loss: 3931716.50000
Epoch 5, Val Loss: 3873364.50000
Epoch 6, Val Loss: 3847356.75000
Epoch 7, Val Loss: 3856934.50000
Epoch 8, Val Loss: 3900960.50000
Epoch 9, Val Loss: 3767467.75000
Epoch 10, Val Loss: 3860309.00000
Epoch 11, Val Loss: 3794884.00000
Epoch 12, Val Loss: 3863390.50000
Epoch 13, Val Loss: 3742933.75000
Epoch 14, Val Loss: 3747427.25000
Epoch 15, Val Loss: 3815015.25000
Epoch 16, Val Loss: 3831808.50000
Epoch 17, Val Loss: 3879046.00000
Epoch 18, Val Loss: 3680384.75000
Epoch 19, Val Loss: 3735870.75000
Epoch 20, Val Loss: 4007592.25000
Epoch 21, Val Loss: 3708618.25000
Epoch 22, Val Loss: 3838926.00000
Epoch 23, Val Loss: 3730671.00000
Epoch 24, Val Loss: 3772292.25000
Epoch 25, Val Loss: 3809340.25000
Epoch 26, Val Loss: 3802411.25000
Epoch 27, Val Loss: 3789204.75000
Epoch 28, Val Loss: 3753938.50000
Epoch 29, Val Loss: 3955203.50000
Epoch 30, Val Loss: 3736328.75000
Epoch 31, Val Loss: 3764621.50000
Epoch 32, Val Loss: 3703524.50000
Epoch 33, Val Loss: 3832675.75000
Epoch 34, Val Loss: 3774679.25000
Epoch 35, Val Loss: 3793359.75000
Epoch 36, Val Loss: 3934665.75000
Epoch 37, Val Loss: 3816756.00000
Epoch 38, Val Loss: 3727294.50000
Epoch 39, Val Loss: 3792870.00000
Early stopping applies.
{'MSE - mean': 3682446.5506084445, 'MSE - std': 0.0, 'R2 - mean': 0.5685439549170923, 'R2 - std': 0.0} 
 

In get_device
On Device: cuda
Fitted encoder
Epoch 0, Val Loss: 4325864.00000
Epoch 1, Val Loss: 4072410.75000
Epoch 2, Val Loss: 3812195.00000
Epoch 3, Val Loss: 3747343.50000
Epoch 4, Val Loss: 3995424.00000
Epoch 5, Val Loss: 4191113.00000
Epoch 6, Val Loss: 3699307.25000
Epoch 7, Val Loss: 3942522.25000
Epoch 8, Val Loss: 3749197.25000
Epoch 9, Val Loss: 3807538.25000
Epoch 10, Val Loss: 3718588.25000
Epoch 11, Val Loss: 3666150.75000
Epoch 12, Val Loss: 3744745.00000
Epoch 13, Val Loss: 3747597.75000
Epoch 14, Val Loss: 3672821.50000
Epoch 15, Val Loss: 3713674.00000
Epoch 16, Val Loss: 3702296.25000
Epoch 17, Val Loss: 3890970.00000
Epoch 18, Val Loss: 3746227.25000
Epoch 19, Val Loss: 3654617.25000
Epoch 20, Val Loss: 3791204.50000
Epoch 21, Val Loss: 3871732.25000
Epoch 22, Val Loss: 3618446.50000
Epoch 23, Val Loss: 3757184.75000
Epoch 24, Val Loss: 3627325.25000
Epoch 25, Val Loss: 3728840.50000
Epoch 26, Val Loss: 3651240.25000
Epoch 27, Val Loss: 3963444.00000
Epoch 28, Val Loss: 3658709.00000
Epoch 29, Val Loss: 3816856.75000
Epoch 30, Val Loss: 3628969.00000
Epoch 31, Val Loss: 3639007.75000
Epoch 32, Val Loss: 3870553.00000
Epoch 33, Val Loss: 3663438.50000
Epoch 34, Val Loss: 3855953.00000
Epoch 35, Val Loss: 3645071.25000
Epoch 36, Val Loss: 3796617.00000
Epoch 37, Val Loss: 3684239.25000
Epoch 38, Val Loss: 3741312.75000
Epoch 39, Val Loss: 3804621.25000
Epoch 40, Val Loss: 3846417.00000
Epoch 41, Val Loss: 3697063.50000
Epoch 42, Val Loss: 3708661.00000
Epoch 43, Val Loss: 3672024.50000
Early stopping applies.
{'MSE - mean': 3652891.8547634925, 'MSE - std': 29554.695844952017, 'R2 - mean': 0.5580369715356774, 'R2 - std': 0.01050698338141487} 
 

In get_device
On Device: cuda
Fitted encoder
Epoch 0, Val Loss: 4848670.00000
Epoch 1, Val Loss: 4798395.50000
Epoch 2, Val Loss: 4674746.50000
Epoch 3, Val Loss: 4766006.00000
Epoch 4, Val Loss: 4401977.50000
Epoch 5, Val Loss: 4319952.50000
Epoch 6, Val Loss: 4326394.50000
Epoch 7, Val Loss: 4330097.50000
Epoch 8, Val Loss: 4266727.50000
Epoch 9, Val Loss: 4504710.00000
Epoch 10, Val Loss: 4300826.50000
Epoch 11, Val Loss: 4332475.50000
Epoch 12, Val Loss: 4338002.00000
Epoch 13, Val Loss: 4306557.50000
Epoch 14, Val Loss: 4236966.50000
Epoch 15, Val Loss: 4276046.00000
Epoch 16, Val Loss: 4299590.00000
Epoch 17, Val Loss: 4206649.00000
Epoch 18, Val Loss: 4285196.00000
Epoch 19, Val Loss: 4344472.50000
Epoch 20, Val Loss: 4257261.50000
Epoch 21, Val Loss: 4381950.00000
Epoch 22, Val Loss: 4189266.75000
Epoch 23, Val Loss: 4259273.00000
Epoch 24, Val Loss: 4326953.00000
Epoch 25, Val Loss: 4286150.00000
Epoch 26, Val Loss: 4219017.50000
Epoch 27, Val Loss: 4206879.50000
Epoch 28, Val Loss: 4287767.50000
Epoch 29, Val Loss: 4298378.50000
Epoch 30, Val Loss: 4211707.00000
Epoch 31, Val Loss: 4368779.00000
Epoch 32, Val Loss: 4215482.00000
Epoch 33, Val Loss: 4276209.00000
Epoch 34, Val Loss: 4329099.50000
Epoch 35, Val Loss: 4377756.50000
Epoch 36, Val Loss: 4309667.00000
Epoch 37, Val Loss: 4475954.50000
Epoch 38, Val Loss: 4344242.50000
Epoch 39, Val Loss: 4284015.00000
Epoch 40, Val Loss: 4315526.00000
Epoch 41, Val Loss: 4288891.50000
Epoch 42, Val Loss: 4453778.50000
Epoch 43, Val Loss: 4220770.50000
Early stopping applies.
{'MSE - mean': 3834499.1156659597, 'MSE - std': 257962.62220714302, 'R2 - mean': 0.5488280669111131, 'R2 - std': 0.015595052055706535} 
 

In get_device
On Device: cuda
Fitted encoder
Epoch 0, Val Loss: 4824957.00000
Epoch 1, Val Loss: 4407926.00000
Epoch 2, Val Loss: 4266922.00000
Epoch 3, Val Loss: 4281411.00000
Epoch 4, Val Loss: 4098102.50000
Epoch 5, Val Loss: 4050810.00000
Epoch 6, Val Loss: 4112839.00000
Epoch 7, Val Loss: 4021153.00000
Epoch 8, Val Loss: 4036921.25000
Epoch 9, Val Loss: 4101053.50000
Epoch 10, Val Loss: 4128295.00000
Epoch 11, Val Loss: 4059734.75000
Epoch 12, Val Loss: 4378069.50000
Epoch 13, Val Loss: 3991398.25000
Epoch 14, Val Loss: 4079318.75000
Epoch 15, Val Loss: 4319524.50000
Epoch 16, Val Loss: 4319918.50000
Epoch 17, Val Loss: 3996818.50000
Epoch 18, Val Loss: 4078400.25000
Epoch 19, Val Loss: 4054670.75000
Epoch 20, Val Loss: 4138362.75000
Epoch 21, Val Loss: 4109726.00000
Epoch 22, Val Loss: 4113955.50000
Epoch 23, Val Loss: 4193628.25000
Epoch 24, Val Loss: 4123000.25000
Epoch 25, Val Loss: 4007218.75000
Epoch 26, Val Loss: 4097651.00000
Epoch 27, Val Loss: 3991832.25000
Epoch 28, Val Loss: 4009036.75000
Epoch 29, Val Loss: 4046303.50000
Epoch 30, Val Loss: 4169333.00000
Epoch 31, Val Loss: 4068135.00000
Epoch 32, Val Loss: 3930013.50000
Epoch 33, Val Loss: 4085678.00000
Epoch 34, Val Loss: 3973343.50000
Epoch 35, Val Loss: 4132039.50000
Epoch 36, Val Loss: 4106585.00000
Epoch 37, Val Loss: 4015507.00000
Epoch 38, Val Loss: 4105616.50000
Epoch 39, Val Loss: 4175773.00000
Epoch 40, Val Loss: 3989494.75000
Epoch 41, Val Loss: 4159666.75000
Epoch 42, Val Loss: 3973320.75000
Epoch 43, Val Loss: 3857447.00000
Epoch 44, Val Loss: 4005609.50000
Epoch 45, Val Loss: 4133237.50000
Epoch 46, Val Loss: 3924418.00000
Epoch 47, Val Loss: 4115620.50000
Epoch 48, Val Loss: 3989065.25000
Epoch 49, Val Loss: 3915312.50000
Epoch 50, Val Loss: 3930952.00000
Epoch 51, Val Loss: 3994711.50000
Epoch 52, Val Loss: 3931235.25000
Epoch 53, Val Loss: 3950348.00000
Epoch 54, Val Loss: 4309115.50000
Epoch 55, Val Loss: 4460762.00000
Epoch 56, Val Loss: 3944061.25000
Epoch 57, Val Loss: 3953014.75000
Epoch 58, Val Loss: 3906640.75000
Epoch 59, Val Loss: 3930317.50000
Epoch 60, Val Loss: 3838185.50000
Epoch 61, Val Loss: 4084451.25000
Epoch 62, Val Loss: 3970986.50000
Epoch 63, Val Loss: 3976330.00000
Epoch 64, Val Loss: 4081527.25000
Epoch 65, Val Loss: 3906899.75000
Epoch 66, Val Loss: 4262981.00000
Epoch 67, Val Loss: 3941305.75000
Epoch 68, Val Loss: 3864649.25000
Epoch 69, Val Loss: 3991113.25000
Epoch 70, Val Loss: 4167033.00000
Epoch 71, Val Loss: 4222733.50000
Epoch 72, Val Loss: 3914369.75000
Epoch 73, Val Loss: 4216172.50000
Epoch 74, Val Loss: 3970376.75000
Epoch 75, Val Loss: 4035707.25000
Epoch 76, Val Loss: 3873604.50000
Epoch 77, Val Loss: 4143077.00000
Epoch 78, Val Loss: 3988575.50000
Epoch 79, Val Loss: 4105078.75000
Epoch 80, Val Loss: 3997105.00000
Epoch 81, Val Loss: 3970024.50000
Early stopping applies.
{'MSE - mean': 3836302.34541361, 'MSE - std': 223424.0156172951, 'R2 - mean': 0.5497673304940079, 'R2 - std': 0.013603340938887204} 
 

In get_device
On Device: cuda
Fitted encoder
Epoch 0, Val Loss: 4144664.75000
Epoch 1, Val Loss: 4011976.75000
Epoch 2, Val Loss: 4448051.00000
Epoch 3, Val Loss: 3757960.75000
Epoch 4, Val Loss: 4115473.25000
Epoch 5, Val Loss: 3842075.75000
Epoch 6, Val Loss: 3650664.00000
Epoch 7, Val Loss: 3863289.50000
Epoch 8, Val Loss: 3863564.00000
Epoch 9, Val Loss: 3684695.50000
Epoch 10, Val Loss: 3747161.25000
Epoch 11, Val Loss: 3660678.00000
Epoch 12, Val Loss: 3699737.00000
Epoch 13, Val Loss: 3727527.75000
Epoch 14, Val Loss: 3669506.50000
Epoch 15, Val Loss: 4101340.75000
Epoch 16, Val Loss: 3647288.25000
Epoch 17, Val Loss: 4031620.25000
Epoch 18, Val Loss: 3703566.75000
Epoch 19, Val Loss: 3772300.50000
Epoch 20, Val Loss: 3890536.50000
Epoch 21, Val Loss: 3719897.25000
Epoch 22, Val Loss: 3681151.50000
Epoch 23, Val Loss: 3620681.75000
Epoch 24, Val Loss: 4019541.50000
Epoch 25, Val Loss: 3749326.50000
Epoch 26, Val Loss: 4019699.75000
Epoch 27, Val Loss: 3834315.50000
Epoch 28, Val Loss: 3941983.75000
Epoch 29, Val Loss: 3660734.00000
Epoch 30, Val Loss: 3690458.25000
Epoch 31, Val Loss: 3696722.75000
Epoch 32, Val Loss: 3758688.75000
Epoch 33, Val Loss: 3669476.50000
Epoch 34, Val Loss: 3870515.25000
Epoch 35, Val Loss: 4443101.50000
Epoch 36, Val Loss: 3667695.00000
Epoch 37, Val Loss: 3803873.50000
Epoch 38, Val Loss: 3732996.75000
Epoch 39, Val Loss: 3689344.50000
Epoch 40, Val Loss: 3620897.00000
Epoch 41, Val Loss: 3761342.00000
Epoch 42, Val Loss: 3982988.00000
Epoch 43, Val Loss: 3734489.75000
Epoch 44, Val Loss: 3669806.75000
Early stopping applies.
{'MSE - mean': 3791895.669103765, 'MSE - std': 218683.43377401802, 'R2 - mean': 0.5505570270297785, 'R2 - std': 0.012269278309424541} 
 

Finished cross validation
Hyperparam was saved!!! Hurrah!!!
Trial 0 finished with value: 3791895.669103765 and parameters: {'p_m': 0.49872702063803265, 'alpha': 3.314726834416219, 'K': 3, 'beta': 8.43839397201792}. Best is trial 0 with value: 3791895.669103765.
Best parameters After Trials: {'p_m': 0.49872702063803265, 'alpha': 3.314726834416219, 'K': 3, 'beta': 8.43839397201792}
In get_device
On Device: cuda
In get_device
On Device: cuda
Fitted encoder
Epoch 0, Val Loss: 4557733.50000
Epoch 1, Val Loss: 4138453.75000
Epoch 2, Val Loss: 4016602.75000
Epoch 3, Val Loss: 3905986.75000
Epoch 4, Val Loss: 3936705.00000
Epoch 5, Val Loss: 3938226.75000
Epoch 6, Val Loss: 3881091.75000
Epoch 7, Val Loss: 3873446.50000
Epoch 8, Val Loss: 3882394.50000
Epoch 9, Val Loss: 3900283.25000
Epoch 10, Val Loss: 3928894.75000
Epoch 11, Val Loss: 3700438.75000
Epoch 12, Val Loss: 3902797.25000
Epoch 13, Val Loss: 3864500.50000
Epoch 14, Val Loss: 3784503.50000
Epoch 15, Val Loss: 3687338.50000
Epoch 16, Val Loss: 3858156.75000
Epoch 17, Val Loss: 3792086.75000
Epoch 18, Val Loss: 3839008.00000
Epoch 19, Val Loss: 3742407.50000
Epoch 20, Val Loss: 3850593.25000
Epoch 21, Val Loss: 3849447.25000
Epoch 22, Val Loss: 3879329.00000
Epoch 23, Val Loss: 4047794.75000
Epoch 24, Val Loss: 3750851.25000
Epoch 25, Val Loss: 4694049.00000
Epoch 26, Val Loss: 3702574.00000
Epoch 27, Val Loss: 3728421.25000
Epoch 28, Val Loss: 3810489.25000
Epoch 29, Val Loss: 3724677.25000
Epoch 30, Val Loss: 3729318.50000
Epoch 31, Val Loss: 3936034.25000
Epoch 32, Val Loss: 3850961.00000
Epoch 33, Val Loss: 3811989.75000
Epoch 34, Val Loss: 3868089.25000
Epoch 35, Val Loss: 3836195.00000
Epoch 36, Val Loss: 3817248.50000
Early stopping applies.
Saved Losses
{'MSE - mean': 3689894.107121449, 'MSE - std': 0.0, 'R2 - mean': 0.5676713575190115, 'R2 - std': 0.0} 
 

In get_device
On Device: cuda
Fitted encoder
Epoch 0, Val Loss: 4192359.25000
Epoch 1, Val Loss: 4170764.50000
Epoch 2, Val Loss: 3993538.25000
Epoch 3, Val Loss: 3861953.00000
Epoch 4, Val Loss: 3767105.00000
Epoch 5, Val Loss: 3765317.75000
Epoch 6, Val Loss: 3724199.00000
Epoch 7, Val Loss: 3794535.25000
Epoch 8, Val Loss: 3670904.25000
Epoch 9, Val Loss: 3847184.00000
Epoch 10, Val Loss: 3718681.00000
Epoch 11, Val Loss: 3841661.75000
Epoch 12, Val Loss: 3764940.00000
Epoch 13, Val Loss: 3709934.50000
Epoch 14, Val Loss: 3738913.75000
Epoch 15, Val Loss: 3777561.00000
Epoch 16, Val Loss: 3645339.75000
Epoch 17, Val Loss: 3853153.25000
Epoch 18, Val Loss: 3880130.25000
Epoch 19, Val Loss: 3636160.00000
Epoch 20, Val Loss: 3583173.25000
Epoch 21, Val Loss: 3827646.75000
Epoch 22, Val Loss: 3670695.00000
Epoch 23, Val Loss: 3704853.75000
Epoch 24, Val Loss: 3798991.25000
Epoch 25, Val Loss: 3655405.25000
Epoch 26, Val Loss: 3797467.50000
Epoch 27, Val Loss: 3655493.75000
Epoch 28, Val Loss: 3579981.75000
Epoch 29, Val Loss: 3736230.50000
Epoch 30, Val Loss: 3743578.25000
Epoch 31, Val Loss: 3735045.25000
Epoch 32, Val Loss: 4162610.75000
Epoch 33, Val Loss: 3691405.50000
Epoch 34, Val Loss: 3837500.75000
Epoch 35, Val Loss: 3677115.75000
Epoch 36, Val Loss: 3658079.75000
Epoch 37, Val Loss: 3915047.00000
Epoch 38, Val Loss: 3687966.25000
Epoch 39, Val Loss: 3659594.25000
Epoch 40, Val Loss: 3670163.00000
Epoch 41, Val Loss: 3815558.00000
Epoch 42, Val Loss: 3869370.00000
Epoch 43, Val Loss: 3795640.00000
Epoch 44, Val Loss: 3727856.25000
Epoch 45, Val Loss: 3660253.75000
Epoch 46, Val Loss: 3760226.00000
Epoch 47, Val Loss: 3807941.50000
Epoch 48, Val Loss: 3734748.00000
Epoch 49, Val Loss: 3754099.00000
Early stopping applies.
Saved Losses
{'MSE - mean': 3637423.0095156776, 'MSE - std': 52471.09760577162, 'R2 - mean': 0.5599973823349442, 'R2 - std': 0.007673975184067372} 
 

In get_device
On Device: cuda
Fitted encoder
Epoch 0, Val Loss: 4794346.50000
Epoch 1, Val Loss: 4628327.50000
Epoch 2, Val Loss: 4491609.50000
Epoch 3, Val Loss: 4414922.50000
Epoch 4, Val Loss: 4611882.50000
Epoch 5, Val Loss: 4301208.00000
Epoch 6, Val Loss: 4298484.00000
Epoch 7, Val Loss: 4431852.50000
Epoch 8, Val Loss: 4337591.50000
Epoch 9, Val Loss: 4240113.00000
Epoch 10, Val Loss: 4352321.50000
Epoch 11, Val Loss: 4164223.50000
Epoch 12, Val Loss: 4200885.00000
Epoch 13, Val Loss: 4171255.25000
Epoch 14, Val Loss: 4212182.00000
Epoch 15, Val Loss: 4116718.25000
Epoch 16, Val Loss: 4203735.50000
Epoch 17, Val Loss: 4575237.50000
Epoch 18, Val Loss: 4200593.00000
Epoch 19, Val Loss: 4136623.25000
Epoch 20, Val Loss: 4104678.25000
Epoch 21, Val Loss: 4323576.00000
Epoch 22, Val Loss: 4433252.50000
Epoch 23, Val Loss: 4201304.50000
Epoch 24, Val Loss: 4143442.75000
Epoch 25, Val Loss: 4055271.25000
Epoch 26, Val Loss: 4207006.50000
Epoch 27, Val Loss: 4138386.25000
Epoch 28, Val Loss: 4092226.25000
Epoch 29, Val Loss: 4475319.00000
Epoch 30, Val Loss: 4141291.50000
Epoch 31, Val Loss: 4248340.50000
Epoch 32, Val Loss: 4110225.75000
Epoch 33, Val Loss: 4161421.50000
Epoch 34, Val Loss: 4082573.50000
Epoch 35, Val Loss: 4264073.50000
Epoch 36, Val Loss: 4255159.50000
Epoch 37, Val Loss: 4259893.50000
Epoch 38, Val Loss: 4311558.50000
Epoch 39, Val Loss: 4244931.50000
Epoch 40, Val Loss: 4142259.25000
Epoch 41, Val Loss: 4141729.25000
Epoch 42, Val Loss: 4257371.00000
Epoch 43, Val Loss: 4161775.50000
Epoch 44, Val Loss: 4350294.00000
Epoch 45, Val Loss: 4212842.50000
Epoch 46, Val Loss: 4735655.50000
Early stopping applies.
Saved Losses
{'MSE - mean': 3779615.0620175265, 'MSE - std': 205603.10546944567, 'R2 - mean': 0.5551211299817777, 'R2 - std': 0.009317489152519148} 
 

In get_device
On Device: cuda
Fitted encoder
Epoch 0, Val Loss: 4988732.00000
Epoch 1, Val Loss: 4524305.00000
Epoch 2, Val Loss: 4302942.50000
Epoch 3, Val Loss: 4308236.50000
Epoch 4, Val Loss: 4221986.00000
Epoch 5, Val Loss: 4229747.50000
Epoch 6, Val Loss: 4398902.00000
Epoch 7, Val Loss: 4557250.50000
Epoch 8, Val Loss: 4067517.50000
Epoch 9, Val Loss: 4053327.25000
Epoch 10, Val Loss: 3995730.50000
Epoch 11, Val Loss: 4343764.00000
Epoch 12, Val Loss: 3961060.50000
Epoch 13, Val Loss: 4171937.00000
Epoch 14, Val Loss: 4051963.50000
Epoch 15, Val Loss: 3961905.00000
Epoch 16, Val Loss: 4023188.00000
Epoch 17, Val Loss: 3992767.75000
Epoch 18, Val Loss: 4189766.75000
Epoch 19, Val Loss: 3906860.25000
Epoch 20, Val Loss: 3958685.00000
Epoch 21, Val Loss: 4056134.75000
Epoch 22, Val Loss: 4059528.25000
Epoch 23, Val Loss: 4025416.50000
Epoch 24, Val Loss: 3925152.00000
Epoch 25, Val Loss: 3934274.25000
Epoch 26, Val Loss: 3994660.00000
Epoch 27, Val Loss: 4034957.50000
Epoch 28, Val Loss: 3957936.00000
Epoch 29, Val Loss: 4019076.25000
Epoch 30, Val Loss: 3974136.25000
Epoch 31, Val Loss: 4128754.00000
Epoch 32, Val Loss: 4080720.25000
Epoch 33, Val Loss: 4075834.50000
Epoch 34, Val Loss: 3885463.75000
Epoch 35, Val Loss: 3976570.75000
Epoch 36, Val Loss: 3959201.75000
Epoch 37, Val Loss: 4206092.50000
Epoch 38, Val Loss: 4011167.75000
Epoch 39, Val Loss: 3895145.00000
Epoch 40, Val Loss: 4054932.25000
Epoch 41, Val Loss: 4025953.25000
Epoch 42, Val Loss: 3990357.50000
Epoch 43, Val Loss: 3977542.75000
Epoch 44, Val Loss: 4063851.00000
Epoch 45, Val Loss: 4067668.50000
Epoch 46, Val Loss: 3955115.75000
Epoch 47, Val Loss: 3909197.50000
Epoch 48, Val Loss: 4005712.25000
Epoch 49, Val Loss: 4024402.75000
Epoch 50, Val Loss: 3935050.25000
Epoch 51, Val Loss: 4145157.25000
Epoch 52, Val Loss: 3947269.50000
Epoch 53, Val Loss: 4034870.25000
Epoch 54, Val Loss: 4108035.75000
Epoch 55, Val Loss: 4006155.75000
Early stopping applies.
Saved Losses
{'MSE - mean': 3805957.949911367, 'MSE - std': 183810.55726419095, 'R2 - mean': 0.5532271628182802, 'R2 - std': 0.008710513069257393} 
 

In get_device
On Device: cuda
Fitted encoder
Epoch 0, Val Loss: 4468895.00000
Epoch 1, Val Loss: 3892121.50000
Epoch 2, Val Loss: 3907551.75000
Epoch 3, Val Loss: 3764842.75000
Epoch 4, Val Loss: 3882398.25000
Epoch 5, Val Loss: 3751140.50000
Epoch 6, Val Loss: 3779653.00000
Epoch 7, Val Loss: 3695911.50000
Epoch 8, Val Loss: 3641217.25000
Epoch 9, Val Loss: 4910219.00000
Epoch 10, Val Loss: 3913075.75000
Epoch 11, Val Loss: 3608905.25000
Epoch 12, Val Loss: 3700955.00000
Epoch 13, Val Loss: 3716694.25000
Epoch 14, Val Loss: 3788595.50000
Epoch 15, Val Loss: 3603927.50000
Epoch 16, Val Loss: 3620873.50000
Epoch 17, Val Loss: 3773344.00000
Epoch 18, Val Loss: 3559440.00000
Epoch 19, Val Loss: 3554794.25000
Epoch 20, Val Loss: 3699091.50000
Epoch 21, Val Loss: 3538046.75000
Epoch 22, Val Loss: 3591451.75000
Epoch 23, Val Loss: 3630622.25000
Epoch 24, Val Loss: 3635191.00000
Epoch 25, Val Loss: 3697332.50000
Epoch 26, Val Loss: 3636452.75000
Epoch 27, Val Loss: 3615058.75000
Epoch 28, Val Loss: 3699241.50000
Epoch 29, Val Loss: 3711930.50000
Epoch 30, Val Loss: 3800713.00000
Epoch 31, Val Loss: 3657063.75000
Epoch 32, Val Loss: 3721269.00000
Epoch 33, Val Loss: 3674027.75000
Epoch 34, Val Loss: 3785040.25000
Epoch 35, Val Loss: 3939052.75000
Epoch 36, Val Loss: 3751444.75000
Epoch 37, Val Loss: 3696532.00000
Epoch 38, Val Loss: 3543250.50000
Epoch 39, Val Loss: 3553174.75000
Epoch 40, Val Loss: 3735785.50000
Epoch 41, Val Loss: 3977383.50000
Epoch 42, Val Loss: 3678950.75000
Early stopping applies.
Saved Losses
{'MSE - mean': 3750977.095626703, 'MSE - std': 197789.36806841745, 'R2 - mean': 0.5553799511229399, 'R2 - std': 0.008901484161783426} 
 

Saving model.....
Results After CV: {'MSE - mean': 3750977.095626703, 'MSE - std': 197789.36806841745, 'R2 - mean': 0.5553799511229399, 'R2 - std': 0.008901484161783426}
Train time: 34178.48412128579
Inference time: 2.7625919503974727
Finished cross validation
