Namespace(batch_size=128, cat_dims=None, cat_idx=None, config='config/mercedes_benz.yml', data_parallel=False, dataset='Mercedes Benz', direction='minimize', dropna_idx=[0], early_stopping_rounds=20, epochs=1000, gpu_ids=[0, 1], logging_period=100, miss_cat_idx=None, miss_num_idx=None, model_name='VIME', n_trials=100, nominal_idx=[1, 2, 3, 4, 5, 6, 7, 8], num_classes=1, num_features=377, num_splits=5, objective='regression', one_hot_encode=True, optimize_hyperparameters=True, ordinal_encode=False, ordinal_idx=None, scale=True, seed=221, shuffle=True, target_encode=False, use_gpu=True, val_batch_size=256)
Start hyperparameter optimization
Loading dataset Mercedes Benz...
Dataset loaded!
(4209, 376)
Scaling the data...
args.num_features: 563
New Shape: (4209, 563)
A new study created in RDB with name: VIME_Mercedes Benz
In get_device
On Device: cuda
In get_device
On Device: cuda
Fitted encoder
Epoch 0, Val Loss: 1152.83936
Epoch 1, Val Loss: 403.98361
Epoch 2, Val Loss: 210.62032
Epoch 3, Val Loss: 184.38939
Epoch 4, Val Loss: 164.75468
Epoch 5, Val Loss: 160.91037
Epoch 6, Val Loss: 127.01529
Epoch 7, Val Loss: 140.23409
Epoch 8, Val Loss: 117.24069
Epoch 9, Val Loss: 136.90408
Epoch 10, Val Loss: 120.16528
Epoch 11, Val Loss: 110.70141
Epoch 12, Val Loss: 109.64238
Epoch 13, Val Loss: 122.20679
Epoch 14, Val Loss: 119.74240
Epoch 15, Val Loss: 110.75421
Epoch 16, Val Loss: 101.82524
Epoch 17, Val Loss: 110.84932
Epoch 18, Val Loss: 101.33607
Epoch 19, Val Loss: 101.09187
Epoch 20, Val Loss: 111.58913
Epoch 21, Val Loss: 101.78662
Epoch 22, Val Loss: 96.40684
Epoch 23, Val Loss: 96.57884
Epoch 24, Val Loss: 100.69678
Epoch 25, Val Loss: 91.15732
Epoch 26, Val Loss: 91.86406
Epoch 27, Val Loss: 98.60854
Epoch 28, Val Loss: 91.63329
Epoch 29, Val Loss: 90.42508
Epoch 30, Val Loss: 87.58463
Epoch 31, Val Loss: 94.21222
Epoch 32, Val Loss: 87.22573
Epoch 33, Val Loss: 85.53847
Epoch 34, Val Loss: 90.86461
Epoch 35, Val Loss: 85.75642
Epoch 36, Val Loss: 87.31467
Epoch 37, Val Loss: 82.85403
Epoch 38, Val Loss: 86.96159
Epoch 39, Val Loss: 88.14565
Epoch 40, Val Loss: 86.87541
Epoch 41, Val Loss: 88.40956
Epoch 42, Val Loss: 84.76750
Epoch 43, Val Loss: 81.07208
Epoch 44, Val Loss: 91.17990
Epoch 45, Val Loss: 84.34351
Epoch 46, Val Loss: 83.36773
Epoch 47, Val Loss: 85.82527
Epoch 48, Val Loss: 92.52306
Epoch 49, Val Loss: 81.60519
Epoch 50, Val Loss: 86.44349
Epoch 51, Val Loss: 86.04321
Epoch 52, Val Loss: 84.79164
Epoch 53, Val Loss: 89.74450
Epoch 54, Val Loss: 85.97913
Epoch 55, Val Loss: 82.05347
Epoch 56, Val Loss: 88.56511
Epoch 57, Val Loss: 83.96587
Epoch 58, Val Loss: 87.84591
Epoch 59, Val Loss: 92.92219
Epoch 60, Val Loss: 87.52318
Epoch 61, Val Loss: 86.21796
Epoch 62, Val Loss: 86.88120
Epoch 63, Val Loss: 87.66638
Epoch 64, Val Loss: 84.57140
Early stopping applies.
{'MSE - mean': 84.76473021440493, 'MSE - std': 0.0, 'R2 - mean': 0.5060477186838355, 'R2 - std': 0.0}
In get_device
On Device: cuda
Fitted encoder
Epoch 0, Val Loss: 433.55615
Epoch 1, Val Loss: 335.15610
Epoch 2, Val Loss: 233.57230
Epoch 3, Val Loss: 169.48360
Epoch 4, Val Loss: 153.94171
Epoch 5, Val Loss: 153.14516
Epoch 6, Val Loss: 133.77365
Epoch 7, Val Loss: 124.41466
Epoch 8, Val Loss: 119.03757
Epoch 9, Val Loss: 117.18311
Epoch 10, Val Loss: 91.24255
Epoch 11, Val Loss: 96.12061
Epoch 12, Val Loss: 101.73512
Epoch 13, Val Loss: 100.90714
Epoch 14, Val Loss: 91.10896
Epoch 15, Val Loss: 98.81584
Epoch 16, Val Loss: 79.01558
Epoch 17, Val Loss: 87.06342
Epoch 18, Val Loss: 87.34490
Epoch 19, Val Loss: 81.76283
Epoch 20, Val Loss: 75.72468
Epoch 21, Val Loss: 76.97249
Epoch 22, Val Loss: 84.34988
Epoch 23, Val Loss: 81.48459
Epoch 24, Val Loss: 77.86656
Epoch 25, Val Loss: 84.77470
Epoch 26, Val Loss: 79.73209
Epoch 27, Val Loss: 79.77396
Epoch 28, Val Loss: 77.95752
Epoch 29, Val Loss: 88.23851
Epoch 30, Val Loss: 77.55090
Epoch 31, Val Loss: 80.74043
Epoch 32, Val Loss: 92.70087
Epoch 33, Val Loss: 75.59917
Epoch 34, Val Loss: 74.54777
Epoch 35, Val Loss: 81.63008
Epoch 36, Val Loss: 78.88762
Epoch 37, Val Loss: 102.15639
Epoch 38, Val Loss: 80.09425
Epoch 39, Val Loss: 72.51687
Epoch 40, Val Loss: 75.58346
Epoch 41, Val Loss: 77.60694
Epoch 42, Val Loss: 78.71458
Epoch 43, Val Loss: 80.24165
Epoch 44, Val Loss: 79.24200
Epoch 45, Val Loss: 78.51913
Epoch 46, Val Loss: 72.76752
Epoch 47, Val Loss: 73.60119
Epoch 48, Val Loss: 71.62685
Epoch 49, Val Loss: 72.05003
Epoch 50, Val Loss: 89.52387
Epoch 51, Val Loss: 78.72819
Epoch 52, Val Loss: 74.16072
Epoch 53, Val Loss: 71.90372
Epoch 54, Val Loss: 75.83460
Epoch 55, Val Loss: 76.10268
Epoch 56, Val Loss: 75.15522
Epoch 57, Val Loss: 81.98147
Epoch 58, Val Loss: 72.27872
Epoch 59, Val Loss: 74.16511
Epoch 60, Val Loss: 76.66700
Epoch 61, Val Loss: 77.07427
Epoch 62, Val Loss: 79.39756
Epoch 63, Val Loss: 73.44050
Epoch 64, Val Loss: 75.83852
Epoch 65, Val Loss: 83.08606
Epoch 66, Val Loss: 72.49406
Epoch 67, Val Loss: 76.22005
Epoch 68, Val Loss: 73.99208
Epoch 69, Val Loss: 76.71247
Early stopping applies.
{'MSE - mean': 82.94500641857948, 'MSE - std': 1.8197237958254533, 'R2 - mean': 0.49423499551908995, 'R2 - std': 0.01181272316474552}
In get_device
On Device: cuda
Fitted encoder
Epoch 0, Val Loss: 1031.91052
Epoch 1, Val Loss: 427.54300
Epoch 2, Val Loss: 185.98856
Epoch 3, Val Loss: 160.93306
Epoch 4, Val Loss: 143.61145
Epoch 5, Val Loss: 115.67142
Epoch 6, Val Loss: 104.38798
Epoch 7, Val Loss: 115.70246
Epoch 8, Val Loss: 112.96493
Epoch 9, Val Loss: 110.91016
Epoch 10, Val Loss: 94.12127
Epoch 11, Val Loss: 79.75892
Epoch 12, Val Loss: 85.45067
Epoch 13, Val Loss: 88.75348
Epoch 14, Val Loss: 94.96826
Epoch 15, Val Loss: 99.78121
Epoch 16, Val Loss: 97.58631
Epoch 17, Val Loss: 86.25683
Epoch 18, Val Loss: 76.83730
Epoch 19, Val Loss: 81.03197
Epoch 20, Val Loss: 73.13268
Epoch 21, Val Loss: 86.28116
Epoch 22, Val Loss: 81.20746
Epoch 23, Val Loss: 76.81265
Epoch 24, Val Loss: 72.62002
Epoch 25, Val Loss: 80.47374
Epoch 26, Val Loss: 78.85580
Epoch 27, Val Loss: 77.13312
Epoch 28, Val Loss: 77.77129
Epoch 29, Val Loss: 74.45998
Epoch 30, Val Loss: 82.98508
Epoch 31, Val Loss: 71.97383
Epoch 32, Val Loss: 69.45186
Epoch 33, Val Loss: 74.53688
Epoch 34, Val Loss: 76.96846
Epoch 35, Val Loss: 72.61946
Epoch 36, Val Loss: 83.24550
Epoch 37, Val Loss: 75.19494
Epoch 38, Val Loss: 72.30658
Epoch 39, Val Loss: 71.79657
Epoch 40, Val Loss: 71.09583
Epoch 41, Val Loss: 69.11796
Epoch 42, Val Loss: 68.53230
Epoch 43, Val Loss: 70.90340
Epoch 44, Val Loss: 83.30899
Epoch 45, Val Loss: 76.74297
Epoch 46, Val Loss: 72.31264
Epoch 47, Val Loss: 70.91625
Epoch 48, Val Loss: 77.95370
Epoch 49, Val Loss: 72.73289
Epoch 50, Val Loss: 73.22195
Epoch 51, Val Loss: 69.78567
Epoch 52, Val Loss: 73.31844
Epoch 53, Val Loss: 74.39879
Epoch 54, Val Loss: 77.89191
Epoch 55, Val Loss: 78.03629
Epoch 56, Val Loss: 71.67826
Epoch 57, Val Loss: 69.02727
Epoch 58, Val Loss: 71.74918
Epoch 59, Val Loss: 77.13160
Epoch 60, Val Loss: 68.15115
Epoch 61, Val Loss: 69.62786
Epoch 62, Val Loss: 69.20535
Epoch 63, Val Loss: 69.09105
Epoch 64, Val Loss: 74.98367
Epoch 65, Val Loss: 74.58932
Epoch 66, Val Loss: 79.94954
Epoch 67, Val Loss: 69.18334
Epoch 68, Val Loss: 68.95473
Epoch 69, Val Loss: 77.13205
Epoch 70, Val Loss: 72.97327
Epoch 71, Val Loss: 72.86308
Epoch 72, Val Loss: 78.85794
Epoch 73, Val Loss: 76.80759
Epoch 74, Val Loss: 71.12061
Epoch 75, Val Loss: 72.72176
Epoch 76, Val Loss: 70.14658
Epoch 77, Val Loss: 69.57294
Epoch 78, Val Loss: 72.23299
Epoch 79, Val Loss: 68.80961
Epoch 80, Val Loss: 73.44870
Epoch 81, Val Loss: 77.16369
Early stopping applies.
{'MSE - mean': 78.3087781692994, 'MSE - std': 6.722858113994935, 'R2 - mean': 0.5081562401777422, 'R2 - std': 0.021923253820317203}
In get_device
On Device: cuda
Fitted encoder
Epoch 0, Val Loss: 1398.12256
Epoch 1, Val Loss: 352.10614
Epoch 2, Val Loss: 191.26779
Epoch 3, Val Loss: 223.42076
Epoch 4, Val Loss: 162.25427
Epoch 5, Val Loss: 154.73592
Epoch 6, Val Loss: 145.99515
Epoch 7, Val Loss: 128.98799
Epoch 8, Val Loss: 140.89496
Epoch 9, Val Loss: 113.38284
Epoch 10, Val Loss: 115.04688
Epoch 11, Val Loss: 109.20078
Epoch 12, Val Loss: 108.97336
Epoch 13, Val Loss: 97.78013
Epoch 14, Val Loss: 101.13696
Epoch 15, Val Loss: 105.69402
Epoch 16, Val Loss: 101.12418
Epoch 17, Val Loss: 99.39466
Epoch 18, Val Loss: 102.20164
Epoch 19, Val Loss: 95.73195
Epoch 20, Val Loss: 90.34354
Epoch 21, Val Loss: 96.75233
Epoch 22, Val Loss: 89.08586
Epoch 23, Val Loss: 97.34033
Epoch 24, Val Loss: 86.86071
Epoch 25, Val Loss: 92.80581
Epoch 26, Val Loss: 86.87266
Epoch 27, Val Loss: 86.06362
Epoch 28, Val Loss: 82.29115
Epoch 29, Val Loss: 85.26369
Epoch 30, Val Loss: 82.05335
Epoch 31, Val Loss: 83.83069
Epoch 32, Val Loss: 82.28783
Epoch 33, Val Loss: 79.96720
Epoch 34, Val Loss: 86.58878
Epoch 35, Val Loss: 87.19349
Epoch 36, Val Loss: 86.37495
Epoch 37, Val Loss: 82.17513
Epoch 38, Val Loss: 81.88056
Epoch 39, Val Loss: 83.93073
Epoch 40, Val Loss: 80.17303
Epoch 41, Val Loss: 86.14438
Epoch 42, Val Loss: 84.78801
Epoch 43, Val Loss: 83.39419
Epoch 44, Val Loss: 87.39830
Epoch 45, Val Loss: 85.90184
Epoch 46, Val Loss: 81.74649
Epoch 47, Val Loss: 91.11623
Epoch 48, Val Loss: 83.98829
Epoch 49, Val Loss: 84.16591
Epoch 50, Val Loss: 80.69894
Epoch 51, Val Loss: 88.46323
Epoch 52, Val Loss: 85.29139
Epoch 53, Val Loss: 82.56707
Epoch 54, Val Loss: 80.46223
Early stopping applies.
{'MSE - mean': 81.3265816297575, 'MSE - std': 7.824259012426624, 'R2 - mean': 0.49571242187536324, 'R2 - std': 0.02872312022361788}
In get_device
On Device: cuda
Fitted encoder
Epoch 0, Val Loss: 1341.52283
Epoch 1, Val Loss: 439.69293
Epoch 2, Val Loss: 192.86598
Epoch 3, Val Loss: 206.70645
Epoch 4, Val Loss: 157.65965
Epoch 5, Val Loss: 139.05884
Epoch 6, Val Loss: 129.89490
Epoch 7, Val Loss: 138.26495
Epoch 8, Val Loss: 171.24411
Epoch 9, Val Loss: 125.80782
Epoch 10, Val Loss: 109.57359
Epoch 11, Val Loss: 113.83118
Epoch 12, Val Loss: 102.85950
Epoch 13, Val Loss: 105.04562
Epoch 14, Val Loss: 111.44179
Epoch 15, Val Loss: 97.80547
Epoch 16, Val Loss: 93.02267
Epoch 17, Val Loss: 93.73791
Epoch 18, Val Loss: 98.94013
Epoch 19, Val Loss: 98.87765
Epoch 20, Val Loss: 86.41711
Epoch 21, Val Loss: 87.49738
Epoch 22, Val Loss: 86.56511
Epoch 23, Val Loss: 96.66879
Epoch 24, Val Loss: 81.63003
Epoch 25, Val Loss: 87.63875
Epoch 26, Val Loss: 85.14133
Epoch 27, Val Loss: 88.09461
Epoch 28, Val Loss: 78.07303
Epoch 29, Val Loss: 86.68242
Epoch 30, Val Loss: 82.18211
Epoch 31, Val Loss: 79.70200
Epoch 32, Val Loss: 78.76127
Epoch 33, Val Loss: 77.45854
Epoch 34, Val Loss: 73.10253
Epoch 35, Val Loss: 74.44820
Epoch 36, Val Loss: 79.37227
Epoch 37, Val Loss: 74.14146
Epoch 38, Val Loss: 83.75508
Epoch 39, Val Loss: 77.65060
Epoch 40, Val Loss: 74.37586
Epoch 41, Val Loss: 80.45374
Epoch 42, Val Loss: 76.51436
Epoch 43, Val Loss: 78.72510
Epoch 44, Val Loss: 75.96924
Epoch 45, Val Loss: 73.83722
Epoch 46, Val Loss: 75.67740
Epoch 47, Val Loss: 76.45042
Epoch 48, Val Loss: 72.88454
Epoch 49, Val Loss: 74.96147
Epoch 50, Val Loss: 74.31562
Epoch 51, Val Loss: 74.43255
Epoch 52, Val Loss: 77.89701
Epoch 53, Val Loss: 77.44688
Epoch 54, Val Loss: 71.64497
Epoch 55, Val Loss: 75.63032
Epoch 56, Val Loss: 76.62240
Epoch 57, Val Loss: 76.28085
Epoch 58, Val Loss: 76.41983
Epoch 59, Val Loss: 76.13597
Epoch 60, Val Loss: 85.96130
Epoch 61, Val Loss: 73.63101
Epoch 62, Val Loss: 78.93860
Epoch 63, Val Loss: 82.50827
Epoch 64, Val Loss: 75.39275
Epoch 65, Val Loss: 77.80589
Epoch 66, Val Loss: 74.71580
Epoch 67, Val Loss: 78.97178
Epoch 68, Val Loss: 74.27228
Epoch 69, Val Loss: 77.12215
Epoch 70, Val Loss: 82.59157
Epoch 71, Val Loss: 82.52835
Epoch 72, Val Loss: 76.41075
Epoch 73, Val Loss: 76.22247
Epoch 74, Val Loss: 80.34468
Epoch 75, Val Loss: 80.94048
Early stopping applies.
{'MSE - mean': 79.7886092847773, 'MSE - std': 7.644387418918996, 'R2 - mean': 0.5042071014866234, 'R2 - std': 0.030800201867782737}
Trial 0 finished with value: 79.7886092847773 and parameters: {'p_m': 0.4598304167138082, 'alpha': 1.2467397272614267, 'K': 3, 'beta': 5.723095021860379}. Best is trial 0 with value: 79.7886092847773.
In get_device
On Device: cuda
In get_device
On Device: cuda
Fitted encoder
Epoch 0, Val Loss: 1009.99371
Epoch 1, Val Loss: 315.86118
Epoch 2, Val Loss: 169.70926
Epoch 3, Val Loss: 156.69940
Epoch 4, Val Loss: 142.73117
Epoch 5, Val Loss: 125.26407
Epoch 6, Val Loss: 117.32467
Epoch 7, Val Loss: 113.66180
Epoch 8, Val Loss: 112.89503
Epoch 9, Val Loss: 108.57948
Epoch 10, Val Loss: 104.25764
Epoch 11, Val Loss: 104.47797
Epoch 12, Val Loss: 106.38084
Epoch 13, Val Loss: 101.99763
Epoch 14, Val Loss: 100.85811
Epoch 15, Val Loss: 102.42455
Epoch 16, Val Loss: 98.35056
Epoch 17, Val Loss: 103.77425
Epoch 18, Val Loss: 99.34782
Epoch 19, Val Loss: 109.96484
Epoch 20, Val Loss: 100.95856
Epoch 21, Val Loss: 98.78538
Epoch 22, Val Loss: 96.03415
Epoch 23, Val Loss: 94.30911
Epoch 24, Val Loss: 102.48225
Epoch 25, Val Loss: 106.64246
Epoch 26, Val Loss: 98.93103
Epoch 27, Val Loss: 96.71838
Epoch 28, Val Loss: 97.82196
Epoch 29, Val Loss: 92.40443
Epoch 30, Val Loss: 103.77644
Epoch 31, Val Loss: 99.56384
Epoch 32, Val Loss: 93.12658
Epoch 33, Val Loss: 97.71526
Epoch 34, Val Loss: 95.31728
Epoch 35, Val Loss: 93.22864
Epoch 36, Val Loss: 103.00362
Epoch 37, Val Loss: 115.17180
Epoch 38, Val Loss: 98.51857
Epoch 39, Val Loss: 98.14536
Epoch 40, Val Loss: 100.26419
Epoch 41, Val Loss: 100.17381
Epoch 42, Val Loss: 94.87112
Epoch 43, Val Loss: 93.20180
Epoch 44, Val Loss: 96.05524
Epoch 45, Val Loss: 93.43655
Epoch 46, Val Loss: 97.35671
Epoch 47, Val Loss: 92.26981
Epoch 48, Val Loss: 101.04264
Epoch 49, Val Loss: 98.10879
Epoch 50, Val Loss: 95.66977
Epoch 51, Val Loss: 96.25998
Epoch 52, Val Loss: 97.18858
Epoch 53, Val Loss: 91.26340
Epoch 54, Val Loss: 98.90853
Epoch 55, Val Loss: 93.30087
Epoch 56, Val Loss: 96.01635
Epoch 57, Val Loss: 95.50944
Epoch 58, Val Loss: 95.87582
Epoch 59, Val Loss: 94.01112
Epoch 60, Val Loss: 93.52380
Epoch 61, Val Loss: 90.46656
Epoch 62, Val Loss: 89.34946
Epoch 63, Val Loss: 92.29271
Epoch 64, Val Loss: 102.03736
Epoch 65, Val Loss: 94.21980
Epoch 66, Val Loss: 91.56478
Epoch 67, Val Loss: 91.22214
Epoch 68, Val Loss: 101.57198
Epoch 69, Val Loss: 87.55197
Epoch 70, Val Loss: 97.58290
Epoch 71, Val Loss: 98.56204
Epoch 72, Val Loss: 90.35396
Epoch 73, Val Loss: 88.26549
Epoch 74, Val Loss: 89.52866
Epoch 75, Val Loss: 89.41152
Epoch 76, Val Loss: 87.21466
Epoch 77, Val Loss: 87.63960
Epoch 78, Val Loss: 91.33176
Epoch 79, Val Loss: 100.07108
Epoch 80, Val Loss: 96.09457
Epoch 81, Val Loss: 91.45547
Epoch 82, Val Loss: 92.63705
Epoch 83, Val Loss: 91.87515
Epoch 84, Val Loss: 88.84529
Epoch 85, Val Loss: 95.12493
Epoch 86, Val Loss: 89.82104
Epoch 87, Val Loss: 90.73959
Epoch 88, Val Loss: 103.64003
Epoch 89, Val Loss: 93.71915
Epoch 90, Val Loss: 92.90562
Epoch 91, Val Loss: 96.63451
Epoch 92, Val Loss: 94.81116
Epoch 93, Val Loss: 94.92123
Epoch 94, Val Loss: 89.03036
Epoch 95, Val Loss: 88.46635
Epoch 96, Val Loss: 93.64520
Epoch 97, Val Loss: 93.20161
Early stopping applies.
{'MSE - mean': 91.0174369602208, 'MSE - std': 0.0, 'R2 - mean': 0.4696111164120589, 'R2 - std': 0.0}
In get_device
On Device: cuda
Fitted encoder
Epoch 0, Val Loss: 1119.06812
Epoch 1, Val Loss: 370.67148
Epoch 2, Val Loss: 163.87379
Epoch 3, Val Loss: 136.72990
Epoch 4, Val Loss: 125.57174
Epoch 5, Val Loss: 120.65348
Epoch 6, Val Loss: 113.31953
Epoch 7, Val Loss: 106.95009
Epoch 8, Val Loss: 103.21844
Epoch 9, Val Loss: 95.90421
Epoch 10, Val Loss: 94.76865
Epoch 11, Val Loss: 96.26274
Epoch 12, Val Loss: 84.83296
Epoch 13, Val Loss: 89.53958
Epoch 14, Val Loss: 89.82357
Epoch 15, Val Loss: 83.20651
Epoch 16, Val Loss: 87.79964
Epoch 17, Val Loss: 92.81507
Epoch 18, Val Loss: 86.31241
Epoch 19, Val Loss: 79.50751
Epoch 20, Val Loss: 87.10087
Epoch 21, Val Loss: 81.45704
Epoch 22, Val Loss: 82.81957
Epoch 23, Val Loss: 86.10580
Epoch 24, Val Loss: 84.13231
Epoch 25, Val Loss: 77.86771
Epoch 26, Val Loss: 89.22381
Epoch 27, Val Loss: 92.21648
Epoch 28, Val Loss: 80.52213
Epoch 29, Val Loss: 78.18711
Epoch 30, Val Loss: 80.25974
Epoch 31, Val Loss: 84.10382
Epoch 32, Val Loss: 83.39521
Epoch 33, Val Loss: 84.05003
Epoch 34, Val Loss: 80.69260
Epoch 35, Val Loss: 85.69604
Epoch 36, Val Loss: 81.07071
Epoch 37, Val Loss: 90.93409
Epoch 38, Val Loss: 84.29238
Epoch 39, Val Loss: 76.23891
Epoch 40, Val Loss: 83.29692
Epoch 41, Val Loss: 86.22199
Epoch 42, Val Loss: 86.78543
Epoch 43, Val Loss: 82.95228
Epoch 44, Val Loss: 83.80923
Epoch 45, Val Loss: 86.62934
Epoch 46, Val Loss: 83.70539
Epoch 47, Val Loss: 79.43591
Epoch 48, Val Loss: 77.42737
Epoch 49, Val Loss: 86.37092
Epoch 50, Val Loss: 79.21510
Epoch 51, Val Loss: 81.91553
Epoch 52, Val Loss: 78.86540
Epoch 53, Val Loss: 76.71985
Epoch 54, Val Loss: 79.48593
Epoch 55, Val Loss: 75.88267
Epoch 56, Val Loss: 84.42631
Epoch 57, Val Loss: 81.92664
Epoch 58, Val Loss: 84.02983
Epoch 59, Val Loss: 86.57504
Epoch 60, Val Loss: 113.78452
Epoch 61, Val Loss: 86.98940
Epoch 62, Val Loss: 85.19820
Epoch 63, Val Loss: 87.00126
Epoch 64, Val Loss: 79.26774
Epoch 65, Val Loss: 76.19955
Epoch 66, Val Loss: 80.76348
Epoch 67, Val Loss: 76.65572
Epoch 68, Val Loss: 81.50756
Epoch 69, Val Loss: 82.85578
Epoch 70, Val Loss: 80.02931
Epoch 71, Val Loss: 76.27034
Epoch 72, Val Loss: 77.77293
Epoch 73, Val Loss: 76.64413
Epoch 74, Val Loss: 75.94313
Epoch 75, Val Loss: 76.95588
Epoch 76, Val Loss: 78.79293
Early stopping applies.
{'MSE - mean': 88.97001860268534, 'MSE - std': 2.04741835753547, 'R2 - mean': 0.4575233074609467, 'R2 - std': 0.012087808951112167}
In get_device
On Device: cuda
Fitted encoder
Epoch 0, Val Loss: 933.02063
Epoch 1, Val Loss: 358.13876
Epoch 2, Val Loss: 147.86081
Epoch 3, Val Loss: 130.11322
Epoch 4, Val Loss: 111.98801
Epoch 5, Val Loss: 102.32201
Epoch 6, Val Loss: 99.90622
Epoch 7, Val Loss: 98.16988
Epoch 8, Val Loss: 95.53193
Epoch 9, Val Loss: 86.03226
Epoch 10, Val Loss: 93.28172
Epoch 11, Val Loss: 85.10234
Epoch 12, Val Loss: 86.36974
Epoch 13, Val Loss: 85.51824
Epoch 14, Val Loss: 90.03467
Epoch 15, Val Loss: 83.60178
Epoch 16, Val Loss: 82.74528
Epoch 17, Val Loss: 81.59515
Epoch 18, Val Loss: 85.68300
Epoch 19, Val Loss: 83.59681
Epoch 20, Val Loss: 82.90401
Epoch 21, Val Loss: 87.00108
Epoch 22, Val Loss: 84.12718
Epoch 23, Val Loss: 85.86670
Epoch 24, Val Loss: 91.22862
Epoch 25, Val Loss: 86.19168
Epoch 26, Val Loss: 92.51968
Epoch 27, Val Loss: 82.76633
Epoch 28, Val Loss: 91.53905
Epoch 29, Val Loss: 82.01304
Epoch 30, Val Loss: 80.14437
Epoch 31, Val Loss: 85.74468
Epoch 32, Val Loss: 90.51654
Epoch 33, Val Loss: 93.06825
Epoch 34, Val Loss: 81.28619
Epoch 35, Val Loss: 90.88543
Epoch 36, Val Loss: 85.05174
Epoch 37, Val Loss: 80.66862
Epoch 38, Val Loss: 78.63097
Epoch 39, Val Loss: 91.55360
Epoch 40, Val Loss: 81.41949
Epoch 41, Val Loss: 81.03777
Epoch 42, Val Loss: 78.64886
Epoch 43, Val Loss: 87.11012
Epoch 44, Val Loss: 89.73175
Epoch 45, Val Loss: 80.55198
Epoch 46, Val Loss: 83.58322
Epoch 47, Val Loss: 85.16370
Epoch 48, Val Loss: 81.63188
Epoch 49, Val Loss: 81.97470
Epoch 50, Val Loss: 92.75460
Epoch 51, Val Loss: 86.88362
Epoch 52, Val Loss: 79.61089
Epoch 53, Val Loss: 83.59258
Epoch 54, Val Loss: 85.24947
Epoch 55, Val Loss: 75.94265
Epoch 56, Val Loss: 80.93198
Epoch 57, Val Loss: 80.64921
Epoch 58, Val Loss: 78.18415
Epoch 59, Val Loss: 81.58150
Epoch 60, Val Loss: 83.11064
Epoch 61, Val Loss: 78.53702
Epoch 62, Val Loss: 75.20004
Epoch 63, Val Loss: 83.28639
Epoch 64, Val Loss: 78.36408
Epoch 65, Val Loss: 82.89601
Epoch 66, Val Loss: 88.36966
Epoch 67, Val Loss: 83.14717
Epoch 68, Val Loss: 75.98949
Epoch 69, Val Loss: 77.97402
Epoch 70, Val Loss: 83.34341
Epoch 71, Val Loss: 83.99284
Epoch 72, Val Loss: 99.59338
Epoch 73, Val Loss: 77.10257
Epoch 74, Val Loss: 88.44141
Epoch 75, Val Loss: 85.33087
Epoch 76, Val Loss: 90.30794
Epoch 77, Val Loss: 83.59796
Epoch 78, Val Loss: 96.07578
Epoch 79, Val Loss: 79.55444
Epoch 80, Val Loss: 78.61488
Epoch 81, Val Loss: 79.95729
Epoch 82, Val Loss: 80.91343
Epoch 83, Val Loss: 91.46799
Early stopping applies.
{'MSE - mean': 84.53614932104404, 'MSE - std': 6.489453615974165, 'R2 - mean': 0.46882343015807265, 'R2 - std': 0.018782854666759052}
In get_device
On Device: cuda
Fitted encoder
Epoch 0, Val Loss: 1779.32373
Epoch 1, Val Loss: 366.99869
Epoch 2, Val Loss: 177.19902
Epoch 3, Val Loss: 152.07129
Epoch 4, Val Loss: 137.48244
Epoch 5, Val Loss: 128.68333
Epoch 6, Val Loss: 118.54291
Epoch 7, Val Loss: 120.53251
Epoch 8, Val Loss: 109.03748
Epoch 9, Val Loss: 111.15820
Epoch 10, Val Loss: 101.11172
Epoch 11, Val Loss: 102.25022
Epoch 12, Val Loss: 102.88010
Epoch 13, Val Loss: 97.02813
Epoch 14, Val Loss: 100.42502
Epoch 15, Val Loss: 109.08415
Epoch 16, Val Loss: 91.74339
Epoch 17, Val Loss: 91.62296
Epoch 18, Val Loss: 92.90887
Epoch 19, Val Loss: 92.83936
Epoch 20, Val Loss: 95.20879
Epoch 21, Val Loss: 98.49094
Epoch 22, Val Loss: 93.30337
Epoch 23, Val Loss: 104.90942
Epoch 24, Val Loss: 92.02356
Epoch 25, Val Loss: 88.11127
Epoch 26, Val Loss: 92.79364
Epoch 27, Val Loss: 91.47466
Epoch 28, Val Loss: 97.37471
Epoch 29, Val Loss: 90.88965
Epoch 30, Val Loss: 88.77837
Epoch 31, Val Loss: 88.97989
Epoch 32, Val Loss: 91.98581
Epoch 33, Val Loss: 90.92059
Epoch 34, Val Loss: 87.57590
Epoch 35, Val Loss: 83.26555
Epoch 36, Val Loss: 88.81026
Epoch 37, Val Loss: 93.03413
Epoch 38, Val Loss: 93.66766
Epoch 39, Val Loss: 85.96852
Epoch 40, Val Loss: 87.11474
Epoch 41, Val Loss: 84.48489
Epoch 42, Val Loss: 93.45674
Epoch 43, Val Loss: 84.67769
Epoch 44, Val Loss: 87.45479
Epoch 45, Val Loss: 86.01581
Epoch 46, Val Loss: 87.45478
Epoch 47, Val Loss: 90.83181
Epoch 48, Val Loss: 93.11662
Epoch 49, Val Loss: 88.63253
Epoch 50, Val Loss: 90.03258
Epoch 51, Val Loss: 87.45198
Epoch 52, Val Loss: 83.47224
Epoch 53, Val Loss: 85.41158
Epoch 54, Val Loss: 88.98848
Epoch 55, Val Loss: 84.14611
Epoch 56, Val Loss: 84.90142
Early stopping applies.
{'MSE - mean': 86.91801617188398, 'MSE - std': 6.9717017478375185, 'R2 - mean': 0.4606941115734704, 'R2 - std': 0.021514046202988486}
In get_device
On Device: cuda
Fitted encoder
Epoch 0, Val Loss: 1307.46948
Epoch 1, Val Loss: 366.02686
Epoch 2, Val Loss: 167.83894
Epoch 3, Val Loss: 140.74968
Epoch 4, Val Loss: 123.50635
Epoch 5, Val Loss: 110.31740
Epoch 6, Val Loss: 109.52761
Epoch 7, Val Loss: 102.23560
Epoch 8, Val Loss: 99.42299
Epoch 9, Val Loss: 98.76630
Epoch 10, Val Loss: 93.20628
Epoch 11, Val Loss: 102.47549
Epoch 12, Val Loss: 92.82947
Epoch 13, Val Loss: 94.06317
Epoch 14, Val Loss: 94.20369
Epoch 15, Val Loss: 94.30163
Epoch 16, Val Loss: 94.15253
Epoch 17, Val Loss: 91.68246
Epoch 18, Val Loss: 102.42867
Epoch 19, Val Loss: 92.26868
Epoch 20, Val Loss: 88.57719
Epoch 21, Val Loss: 93.41640
Epoch 22, Val Loss: 91.73645
Epoch 23, Val Loss: 92.15895
Epoch 24, Val Loss: 85.77815
Epoch 25, Val Loss: 85.25797
Epoch 26, Val Loss: 82.59706
Epoch 27, Val Loss: 85.99051
Epoch 28, Val Loss: 84.24785
Epoch 29, Val Loss: 90.10588
Epoch 30, Val Loss: 84.89399
Epoch 31, Val Loss: 88.94576
Epoch 32, Val Loss: 85.14535
Epoch 33, Val Loss: 85.17336
Epoch 34, Val Loss: 83.01664
Epoch 35, Val Loss: 83.40915
Epoch 36, Val Loss: 85.35898
Epoch 37, Val Loss: 86.23925
Epoch 38, Val Loss: 88.23123
Epoch 39, Val Loss: 91.05857
Epoch 40, Val Loss: 86.09947
Epoch 41, Val Loss: 88.97028
Epoch 42, Val Loss: 92.34698
Epoch 43, Val Loss: 91.01019
Epoch 44, Val Loss: 86.89796
Epoch 45, Val Loss: 79.32043
Epoch 46, Val Loss: 88.81152
Epoch 47, Val Loss: 84.80424
Epoch 48, Val Loss: 82.73262
Epoch 49, Val Loss: 90.54247
Epoch 50, Val Loss: 87.04463
Epoch 51, Val Loss: 83.98234
Epoch 52, Val Loss: 98.76453
Epoch 53, Val Loss: 83.39325
Epoch 54, Val Loss: 85.88066
Epoch 55, Val Loss: 77.67107
Epoch 56, Val Loss: 81.63234
Epoch 57, Val Loss: 90.89096
Epoch 58, Val Loss: 82.18032
Epoch 59, Val Loss: 79.10002
Epoch 60, Val Loss: 85.04915
Epoch 61, Val Loss: 90.88387
Epoch 62, Val Loss: 86.93961
Epoch 63, Val Loss: 88.26863
Epoch 64, Val Loss: 81.42181
Epoch 65, Val Loss: 86.91113
Epoch 66, Val Loss: 88.51936
Epoch 67, Val Loss: 87.87311
Epoch 68, Val Loss: 86.57130
Epoch 69, Val Loss: 91.47748
Epoch 70, Val Loss: 84.15527
Epoch 71, Val Loss: 84.05589
Epoch 72, Val Loss: 78.43628
Epoch 73, Val Loss: 88.32455
Epoch 74, Val Loss: 86.39873
Epoch 75, Val Loss: 80.46642
Epoch 76, Val Loss: 83.86925
Early stopping applies.
{'MSE - mean': 85.7621163370294, 'MSE - std': 6.6504223866990575, 'R2 - mean': 0.46678291876854433, 'R2 - std': 0.022772299827961993}
Trial 1 finished with value: 85.7621163370294 and parameters: {'p_m': 0.5129519125306241, 'alpha': 4.685258241822346, 'K': 3, 'beta': 1.4348432721834434}. Best is trial 0 with value: 79.7886092847773.
In get_device
On Device: cuda
In get_device
On Device: cuda
Fitted encoder
Epoch 0, Val Loss: 1903.03149
Epoch 1, Val Loss: 313.81250
Epoch 2, Val Loss: 187.74414
Epoch 3, Val Loss: 162.78192
Epoch 4, Val Loss: 141.30312
Epoch 5, Val Loss: 124.08575
Epoch 6, Val Loss: 117.54161
Epoch 7, Val Loss: 112.75216
Epoch 8, Val Loss: 119.32163
Epoch 9, Val Loss: 107.98583
Epoch 10, Val Loss: 105.27272
Epoch 11, Val Loss: 108.38361
Epoch 12, Val Loss: 107.39387
Epoch 13, Val Loss: 105.61269
Epoch 14, Val Loss: 107.75509
Epoch 15, Val Loss: 103.49377
Epoch 16, Val Loss: 101.62624
Epoch 17, Val Loss: 104.39201
Epoch 18, Val Loss: 102.41168
Epoch 19, Val Loss: 100.73113
Epoch 20, Val Loss: 102.60849
Epoch 21, Val Loss: 102.62759
Epoch 22, Val Loss: 102.73042
Epoch 23, Val Loss: 106.23278
Epoch 24, Val Loss: 107.52540
Epoch 25, Val Loss: 100.28419
Epoch 26, Val Loss: 98.72339
Epoch 27, Val Loss: 105.34116
Epoch 28, Val Loss: 99.76108
Epoch 29, Val Loss: 96.56424
Epoch 30, Val Loss: 98.45526
Epoch 31, Val Loss: 103.40086
Epoch 32, Val Loss: 97.03578
Epoch 33, Val Loss: 100.89928
Epoch 34, Val Loss: 92.03934
Epoch 35, Val Loss: 98.24073
Epoch 36, Val Loss: 94.52975
Epoch 37, Val Loss: 103.08617
Epoch 38, Val Loss: 99.22601
Epoch 39, Val Loss: 100.36844
Epoch 40, Val Loss: 95.69839
Epoch 41, Val Loss: 94.42058
Epoch 42, Val Loss: 92.28593
Epoch 43, Val Loss: 98.37650
Epoch 44, Val Loss: 96.63446
Epoch 45, Val Loss: 98.29339
Epoch 46, Val Loss: 96.65029
Epoch 47, Val Loss: 100.95258
Epoch 48, Val Loss: 96.61958
Epoch 49, Val Loss: 110.78542
Epoch 50, Val Loss: 93.80046
Epoch 51, Val Loss: 94.15981
Epoch 52, Val Loss: 110.94423
Epoch 53, Val Loss: 103.71391
Epoch 54, Val Loss: 95.77220
Epoch 55, Val Loss: 87.65687
Epoch 56, Val Loss: 96.92620
Epoch 57, Val Loss: 104.91170
Epoch 58, Val Loss: 94.61320
Epoch 59, Val Loss: 91.63368
Epoch 60, Val Loss: 99.63569
Epoch 61, Val Loss: 91.47917
Epoch 62, Val Loss: 89.73547
Epoch 63, Val Loss: 97.89465
Epoch 64, Val Loss: 91.02644
Epoch 65, Val Loss: 90.94442
Epoch 66, Val Loss: 96.66760
Epoch 67, Val Loss: 94.71628
Epoch 68, Val Loss: 90.93507
Epoch 69, Val Loss: 94.48215
Epoch 70, Val Loss: 94.23639
Epoch 71, Val Loss: 93.95612
Epoch 72, Val Loss: 88.38564
Epoch 73, Val Loss: 90.03433
Epoch 74, Val Loss: 89.92503
Epoch 75, Val Loss: 89.41359
Epoch 76, Val Loss: 93.05194
Early stopping applies.
{'MSE - mean': 92.94832376309327, 'MSE - std': 0.0, 'R2 - mean': 0.45835919667103375, 'R2 - std': 0.0}
In get_device
On Device: cuda
Fitted encoder
Epoch 0, Val Loss: 1989.44800
Epoch 1, Val Loss: 298.80350
Epoch 2, Val Loss: 177.65457
Epoch 3, Val Loss: 158.18262
Epoch 4, Val Loss: 137.57602
Epoch 5, Val Loss: 127.97407
Epoch 6, Val Loss: 122.56316
Epoch 7, Val Loss: 122.08524
Epoch 8, Val Loss: 113.31557
Epoch 9, Val Loss: 109.94698
Epoch 10, Val Loss: 105.45712
Epoch 11, Val Loss: 105.57181
Epoch 12, Val Loss: 100.19359
Epoch 13, Val Loss: 90.29698
Epoch 14, Val Loss: 91.71967
Epoch 15, Val Loss: 88.78021
Epoch 16, Val Loss: 86.95078
Epoch 17, Val Loss: 89.48354
Epoch 18, Val Loss: 83.04745
Epoch 19, Val Loss: 88.57704
Epoch 20, Val Loss: 80.72622
Epoch 21, Val Loss: 80.38840
Epoch 22, Val Loss: 85.24464
Epoch 23, Val Loss: 82.26045
Epoch 24, Val Loss: 80.70413
Epoch 25, Val Loss: 88.44750
Epoch 26, Val Loss: 81.78685
Epoch 27, Val Loss: 87.00626
Epoch 28, Val Loss: 79.91525
Epoch 29, Val Loss: 74.32491
Epoch 30, Val Loss: 82.41418
Epoch 31, Val Loss: 83.54713
Epoch 32, Val Loss: 77.65965
Epoch 33, Val Loss: 78.05116
Epoch 34, Val Loss: 83.67418
Epoch 35, Val Loss: 80.79092
Epoch 36, Val Loss: 79.83799
Epoch 37, Val Loss: 83.28728
Epoch 38, Val Loss: 78.63159
Epoch 39, Val Loss: 83.02538
Epoch 40, Val Loss: 83.50129
Epoch 41, Val Loss: 77.62491
Epoch 42, Val Loss: 79.38393
Epoch 43, Val Loss: 81.21686
Epoch 44, Val Loss: 81.89606
Epoch 45, Val Loss: 85.06013
Epoch 46, Val Loss: 78.69728
Epoch 47, Val Loss: 80.67152
Epoch 48, Val Loss: 81.09325
Epoch 49, Val Loss: 78.39214
Epoch 50, Val Loss: 78.86885
Early stopping applies.
{'MSE - mean': 87.80559737322234, 'MSE - std': 5.14272638987093, 'R2 - mean': 0.4654858425726936, 'R2 - std': 0.007126645901659845}
In get_device
On Device: cuda
Fitted encoder
Epoch 0, Val Loss: 2059.85303
Epoch 1, Val Loss: 345.82162
Epoch 2, Val Loss: 173.87602
Epoch 3, Val Loss: 147.43423
Epoch 4, Val Loss: 130.42026
Epoch 5, Val Loss: 110.85715
Epoch 6, Val Loss: 105.42017
Epoch 7, Val Loss: 95.15443
Epoch 8, Val Loss: 96.66580
Epoch 9, Val Loss: 91.17879
Epoch 10, Val Loss: 97.17566
Epoch 11, Val Loss: 89.05025
Epoch 12, Val Loss: 89.16961
Epoch 13, Val Loss: 94.89041
Epoch 14, Val Loss: 87.58642
Epoch 15, Val Loss: 90.77264
Epoch 16, Val Loss: 89.88620
Epoch 17, Val Loss: 86.97135
Epoch 18, Val Loss: 86.27022
Epoch 19, Val Loss: 83.50848
Epoch 20, Val Loss: 86.15290
Epoch 21, Val Loss: 85.50349
Epoch 22, Val Loss: 82.05167
Epoch 23, Val Loss: 77.60587
Epoch 24, Val Loss: 77.79172
Epoch 25, Val Loss: 81.45731
Epoch 26, Val Loss: 79.80023
Epoch 27, Val Loss: 79.93684
Epoch 28, Val Loss: 76.97905
Epoch 29, Val Loss: 76.61034
Epoch 30, Val Loss: 87.33228
Epoch 31, Val Loss: 93.41484
Epoch 32, Val Loss: 76.94022
Epoch 33, Val Loss: 84.15894
Epoch 34, Val Loss: 79.28671
Epoch 35, Val Loss: 77.18779
Epoch 36, Val Loss: 82.19078
Epoch 37, Val Loss: 86.49055
Epoch 38, Val Loss: 79.10950
Epoch 39, Val Loss: 83.16739
Epoch 40, Val Loss: 74.45123
Epoch 41, Val Loss: 76.45109
Epoch 42, Val Loss: 88.92725
Epoch 43, Val Loss: 81.09991
Epoch 44, Val Loss: 78.46643
Epoch 45, Val Loss: 95.75089
Epoch 46, Val Loss: 92.10138
Epoch 47, Val Loss: 82.61485
Epoch 48, Val Loss: 81.23572
Epoch 49, Val Loss: 74.31837
Epoch 50, Val Loss: 88.55478
Epoch 51, Val Loss: 79.82055
Epoch 52, Val Loss: 82.60261
Epoch 53, Val Loss: 80.67112
Epoch 54, Val Loss: 75.89980
Epoch 55, Val Loss: 77.05756
Epoch 56, Val Loss: 80.12492
Epoch 57, Val Loss: 79.16080
Epoch 58, Val Loss: 75.45531
Epoch 59, Val Loss: 74.80290
Epoch 60, Val Loss: 87.59831
Epoch 61, Val Loss: 77.35196
Epoch 62, Val Loss: 77.77429
Epoch 63, Val Loss: 77.26038
Epoch 64, Val Loss: 78.58078
Epoch 65, Val Loss: 75.53664
Epoch 66, Val Loss: 82.18949
Epoch 67, Val Loss: 72.66720
Epoch 68, Val Loss: 75.83629
Epoch 69, Val Loss: 77.80229
Epoch 70, Val Loss: 83.03538
Epoch 71, Val Loss: 79.99028
Epoch 72, Val Loss: 73.10095
Epoch 73, Val Loss: 77.66135
Epoch 74, Val Loss: 77.96661
Epoch 75, Val Loss: 74.03696
Epoch 76, Val Loss: 75.00272
Epoch 77, Val Loss: 82.54674
Epoch 78, Val Loss: 75.36098
Epoch 79, Val Loss: 77.45070
Epoch 80, Val Loss: 81.05537
Epoch 81, Val Loss: 75.92422
Epoch 82, Val Loss: 84.70322
Epoch 83, Val Loss: 78.90714
Epoch 84, Val Loss: 73.00128
Epoch 85, Val Loss: 78.98647
Epoch 86, Val Loss: 73.64537
Epoch 87, Val Loss: 76.26378
Epoch 88, Val Loss: 75.47517
Early stopping applies.
{'MSE - mean': 82.80997176887736, 'MSE - std': 8.218534348549673, 'R2 - mean': 0.4805161550126207, 'R2 - std': 0.022038148106304653}
In get_device
On Device: cuda
Fitted encoder
Epoch 0, Val Loss: 2036.46692
Epoch 1, Val Loss: 382.67175
Epoch 2, Val Loss: 192.16670
Epoch 3, Val Loss: 165.13513
Epoch 4, Val Loss: 146.02887
Epoch 5, Val Loss: 131.22523
Epoch 6, Val Loss: 123.37539
Epoch 7, Val Loss: 123.36667
Epoch 8, Val Loss: 113.08369
Epoch 9, Val Loss: 114.87115
Epoch 10, Val Loss: 109.08128
Epoch 11, Val Loss: 107.23104
Epoch 12, Val Loss: 114.14337
Epoch 13, Val Loss: 99.83755
Epoch 14, Val Loss: 106.06241
Epoch 15, Val Loss: 107.05113
Epoch 16, Val Loss: 103.35997
Epoch 17, Val Loss: 103.01591
Epoch 18, Val Loss: 97.76103
Epoch 19, Val Loss: 99.63458
Epoch 20, Val Loss: 96.71362
Epoch 21, Val Loss: 95.72050
Epoch 22, Val Loss: 95.06320
Epoch 23, Val Loss: 92.90598
Epoch 24, Val Loss: 96.05405
Epoch 25, Val Loss: 89.63792
Epoch 26, Val Loss: 90.67192
Epoch 27, Val Loss: 101.42094
Epoch 28, Val Loss: 87.26222
Epoch 29, Val Loss: 94.37470
Epoch 30, Val Loss: 89.95436
Epoch 31, Val Loss: 87.82856
Epoch 32, Val Loss: 87.07587
Epoch 33, Val Loss: 91.54744
Epoch 34, Val Loss: 89.15372
Epoch 35, Val Loss: 83.42605
Epoch 36, Val Loss: 85.82567
Epoch 37, Val Loss: 85.30425
Epoch 38, Val Loss: 82.29701
Epoch 39, Val Loss: 85.95173
Epoch 40, Val Loss: 85.13564
Epoch 41, Val Loss: 84.26362
Epoch 42, Val Loss: 94.88542
Epoch 43, Val Loss: 88.15994
Epoch 44, Val Loss: 86.15797
Epoch 45, Val Loss: 84.41837
Epoch 46, Val Loss: 81.68004
Epoch 47, Val Loss: 81.72801
Epoch 48, Val Loss: 83.40416
Epoch 49, Val Loss: 96.76266
Epoch 50, Val Loss: 86.44455
Epoch 51, Val Loss: 81.95079
Epoch 52, Val Loss: 87.14304
Epoch 53, Val Loss: 87.83241
Epoch 54, Val Loss: 84.60058
Epoch 55, Val Loss: 81.80318
Epoch 56, Val Loss: 83.60954
Epoch 57, Val Loss: 84.77965
Epoch 58, Val Loss: 79.49158
Epoch 59, Val Loss: 82.25342
Epoch 60, Val Loss: 85.22720
Epoch 61, Val Loss: 82.45756
Epoch 62, Val Loss: 86.80794
Epoch 63, Val Loss: 86.30914
Epoch 64, Val Loss: 83.17678
Epoch 65, Val Loss: 88.88171
Epoch 66, Val Loss: 82.01472
Epoch 67, Val Loss: 83.91177
Epoch 68, Val Loss: 80.65704
Epoch 69, Val Loss: 83.19405
Epoch 70, Val Loss: 94.13814
Epoch 71, Val Loss: 83.90552
Epoch 72, Val Loss: 83.73003
Epoch 73, Val Loss: 83.50401
Epoch 74, Val Loss: 81.68191
Epoch 75, Val Loss: 85.68623
Epoch 76, Val Loss: 96.22927
Epoch 77, Val Loss: 85.43189
Epoch 78, Val Loss: 89.10365
Epoch 79, Val Loss: 84.78899
Early stopping applies.
{'MSE - mean': 84.84680581643013, 'MSE - std': 7.943822061232783, 'R2 - mean': 0.47411743950980656, 'R2 - std': 0.022070130475926625}
In get_device
On Device: cuda
Fitted encoder
Epoch 0, Val Loss: 1794.35913
Epoch 1, Val Loss: 409.02213
Epoch 2, Val Loss: 200.39113
Epoch 3, Val Loss: 168.43813
Epoch 4, Val Loss: 157.34952
Epoch 5, Val Loss: 132.02689
Epoch 6, Val Loss: 127.33528
Epoch 7, Val Loss: 118.43688
Epoch 8, Val Loss: 110.11057
Epoch 9, Val Loss: 111.58163
Epoch 10, Val Loss: 105.18316
Epoch 11, Val Loss: 110.82806
Epoch 12, Val Loss: 105.25917
Epoch 13, Val Loss: 105.66728
Epoch 14, Val Loss: 102.75938
Epoch 15, Val Loss: 102.56496
Epoch 16, Val Loss: 94.18855
Epoch 17, Val Loss: 96.62659
Epoch 18, Val Loss: 101.23409
Epoch 19, Val Loss: 95.98333
Epoch 20, Val Loss: 97.04485
Epoch 21, Val Loss: 97.23609
Epoch 22, Val Loss: 99.40465
Epoch 23, Val Loss: 91.10223
Epoch 24, Val Loss: 100.75603
Epoch 25, Val Loss: 91.66595
Epoch 26, Val Loss: 86.05775
Epoch 27, Val Loss: 92.42089
Epoch 28, Val Loss: 93.33826
Epoch 29, Val Loss: 88.60753
Epoch 30, Val Loss: 89.41467
Epoch 31, Val Loss: 93.76061
Epoch 32, Val Loss: 81.94697
Epoch 33, Val Loss: 85.26070
Epoch 34, Val Loss: 83.97243
Epoch 35, Val Loss: 84.22842
Epoch 36, Val Loss: 84.46715
Epoch 37, Val Loss: 83.09556
Epoch 38, Val Loss: 83.82213
Epoch 39, Val Loss: 86.84513
Epoch 40, Val Loss: 77.25766
Epoch 41, Val Loss: 92.70452
Epoch 42, Val Loss: 80.30566
Epoch 43, Val Loss: 87.08881
Epoch 44, Val Loss: 80.97218
Epoch 45, Val Loss: 86.49948
Epoch 46, Val Loss: 95.80652
Epoch 47, Val Loss: 87.24817
Epoch 48, Val Loss: 86.78152
Epoch 49, Val Loss: 83.96078
Epoch 50, Val Loss: 80.92050
Epoch 51, Val Loss: 81.01948
Epoch 52, Val Loss: 81.94563
Epoch 53, Val Loss: 83.13830
Epoch 54, Val Loss: 77.26813
Epoch 55, Val Loss: 83.75437
Epoch 56, Val Loss: 78.88176
Epoch 57, Val Loss: 78.58268
Epoch 58, Val Loss: 77.65791
Epoch 59, Val Loss: 81.97644
Epoch 60, Val Loss: 74.89957
Epoch 61, Val Loss: 83.17043
Epoch 62, Val Loss: 85.83753
Epoch 63, Val Loss: 82.82256
Epoch 64, Val Loss: 84.21375
Epoch 65, Val Loss: 79.60152
Epoch 66, Val Loss: 88.23770
Epoch 67, Val Loss: 89.09195
Epoch 68, Val Loss: 77.54047
Epoch 69, Val Loss: 77.62787
Epoch 70, Val Loss: 78.67362
Epoch 71, Val Loss: 80.12477
Epoch 72, Val Loss: 86.13526
Epoch 73, Val Loss: 85.18534
Epoch 74, Val Loss: 81.06409
Epoch 75, Val Loss: 89.33283
Epoch 76, Val Loss: 76.60036
Epoch 77, Val Loss: 84.89044
Epoch 78, Val Loss: 82.18087
Epoch 79, Val Loss: 79.98855
Epoch 80, Val Loss: 82.64094
Epoch 81, Val Loss: 84.07043
Early stopping applies.
{'MSE - mean': 82.99467103897061, 'MSE - std': 8.012806005883517, 'R2 - mean': 0.4844859601967905, 'R2 - std': 0.02863035822907558}
Trial 2 finished with value: 82.99467103897061 and parameters: {'p_m': 0.631902645373325, 'alpha': 5.644065585028072, 'K': 10, 'beta': 1.5416209661373985}. Best is trial 0 with value: 79.7886092847773.
In get_device
On Device: cuda
In get_device
On Device: cuda
Fitted encoder
Epoch 0, Val Loss: 1032.02563
Epoch 1, Val Loss: 379.40359
Epoch 2, Val Loss: 176.46495
Epoch 3, Val Loss: 150.69739
Epoch 4, Val Loss: 135.03696
Epoch 5, Val Loss: 124.93723
Epoch 6, Val Loss: 116.23696
Epoch 7, Val Loss: 115.28989
Epoch 8, Val Loss: 108.28067
Epoch 9, Val Loss: 106.20782
Epoch 10, Val Loss: 108.03622
Epoch 11, Val Loss: 103.50021
Epoch 12, Val Loss: 105.37257
Epoch 13, Val Loss: 104.52509
Epoch 14, Val Loss: 98.66269
Epoch 15, Val Loss: 97.63149
Epoch 16, Val Loss: 100.83466
Epoch 17, Val Loss: 101.76608
Epoch 18, Val Loss: 98.79351
Epoch 19, Val Loss: 99.86777
Epoch 20, Val Loss: 107.55757
Epoch 21, Val Loss: 104.95088
Epoch 22, Val Loss: 101.49260
Epoch 23, Val Loss: 102.14053
Epoch 24, Val Loss: 107.62218
Epoch 25, Val Loss: 100.86456
Epoch 26, Val Loss: 107.04255
Epoch 27, Val Loss: 103.87960
Epoch 28, Val Loss: 101.23009
Epoch 29, Val Loss: 109.78070
Epoch 30, Val Loss: 101.30585
Epoch 31, Val Loss: 99.36644
Epoch 32, Val Loss: 103.94325
Epoch 33, Val Loss: 100.83112
Epoch 34, Val Loss: 100.73262
Epoch 35, Val Loss: 107.11914
Epoch 36, Val Loss: 98.97969
Early stopping applies.
{'MSE - mean': 101.79058198055112, 'MSE - std': 0.0, 'R2 - mean': 0.4068324165178697, 'R2 - std': 0.0}
In get_device
On Device: cuda
Fitted encoder
Epoch 0, Val Loss: 1556.80664
Epoch 1, Val Loss: 417.49057
Epoch 2, Val Loss: 178.80951
Epoch 3, Val Loss: 138.81778
Epoch 4, Val Loss: 121.50743
Epoch 5, Val Loss: 110.38709
Epoch 6, Val Loss: 109.40218
Epoch 7, Val Loss: 102.14419
Epoch 8, Val Loss: 97.59464
Epoch 9, Val Loss: 94.62598
Epoch 10, Val Loss: 94.80033
Epoch 11, Val Loss: 90.80525
Epoch 12, Val Loss: 94.10791
Epoch 13, Val Loss: 92.37444
Epoch 14, Val Loss: 89.00591
Epoch 15, Val Loss: 90.98005
Epoch 16, Val Loss: 95.05827
Epoch 17, Val Loss: 92.67788
Epoch 18, Val Loss: 90.63576
Epoch 19, Val Loss: 88.66190
Epoch 20, Val Loss: 101.02439
Epoch 21, Val Loss: 92.03240
Epoch 22, Val Loss: 81.33485
Epoch 23, Val Loss: 85.23920
Epoch 24, Val Loss: 82.75129
Epoch 25, Val Loss: 81.77839
Epoch 26, Val Loss: 82.35249
Epoch 27, Val Loss: 83.48494
Epoch 28, Val Loss: 88.56161
Epoch 29, Val Loss: 77.36737
Epoch 30, Val Loss: 80.30508
Epoch 31, Val Loss: 79.97885
Epoch 32, Val Loss: 83.25262
Epoch 33, Val Loss: 85.22933
Epoch 34, Val Loss: 80.03069
Epoch 35, Val Loss: 85.79244
Epoch 36, Val Loss: 86.89333
Epoch 37, Val Loss: 79.40238
Epoch 38, Val Loss: 88.23866
Epoch 39, Val Loss: 84.32606
Epoch 40, Val Loss: 80.29782
Epoch 41, Val Loss: 79.25601
Epoch 42, Val Loss: 82.07068
Epoch 43, Val Loss: 85.10150
Epoch 44, Val Loss: 84.56244
Epoch 45, Val Loss: 80.10863
Epoch 46, Val Loss: 87.98051
Epoch 47, Val Loss: 82.71827
Epoch 48, Val Loss: 82.16691
Epoch 49, Val Loss: 80.43697
Epoch 50, Val Loss: 81.61232
Early stopping applies.
{'MSE - mean': 93.88268795798686, 'MSE - std': 7.907894022564264, 'R2 - mean': 0.42915745043848114, 'R2 - std': 0.022325033920611415}
In get_device
On Device: cuda
Fitted encoder
Epoch 0, Val Loss: 1470.19714
Epoch 1, Val Loss: 325.95587
Epoch 2, Val Loss: 190.35844
Epoch 3, Val Loss: 149.10486
Epoch 4, Val Loss: 125.47802
Epoch 5, Val Loss: 113.06778
Epoch 6, Val Loss: 107.96490
Epoch 7, Val Loss: 98.31693
Epoch 8, Val Loss: 91.36260
Epoch 9, Val Loss: 92.35403
Epoch 10, Val Loss: 91.81899
Epoch 11, Val Loss: 91.69733
Epoch 12, Val Loss: 83.99023
Epoch 13, Val Loss: 89.57498
Epoch 14, Val Loss: 86.12814
Epoch 15, Val Loss: 88.51545
Epoch 16, Val Loss: 85.47845
Epoch 17, Val Loss: 84.12187
Epoch 18, Val Loss: 79.60140
Epoch 19, Val Loss: 80.74244
Epoch 20, Val Loss: 80.61507
Epoch 21, Val Loss: 84.22466
Epoch 22, Val Loss: 77.81494
Epoch 23, Val Loss: 81.53062
Epoch 24, Val Loss: 102.99557
Epoch 25, Val Loss: 80.50008
Epoch 26, Val Loss: 82.43758
Epoch 27, Val Loss: 82.44168
Epoch 28, Val Loss: 80.64553
Epoch 29, Val Loss: 86.78139
Epoch 30, Val Loss: 83.60374
Epoch 31, Val Loss: 87.60739
Epoch 32, Val Loss: 81.70309
Epoch 33, Val Loss: 85.92999
Epoch 34, Val Loss: 81.35476
Epoch 35, Val Loss: 83.84229
Epoch 36, Val Loss: 81.67491
Epoch 37, Val Loss: 87.30779
Epoch 38, Val Loss: 89.02984
Epoch 39, Val Loss: 82.72643
Epoch 40, Val Loss: 88.74464
Epoch 41, Val Loss: 83.53627
Epoch 42, Val Loss: 82.42087
Epoch 43, Val Loss: 83.23756
Early stopping applies.
{'MSE - mean': 88.40827039154617, 'MSE - std': 10.081088927537241, 'R2 - mean': 0.44590029641838713, 'R2 - std': 0.029881720321706304}
In get_device
On Device: cuda
Fitted encoder
Epoch 0, Val Loss: 2200.54443
Epoch 1, Val Loss: 365.81351
Epoch 2, Val Loss: 189.17676
Epoch 3, Val Loss: 154.63409
Epoch 4, Val Loss: 135.16008
Epoch 5, Val Loss: 123.47274
Epoch 6, Val Loss: 118.63904
Epoch 7, Val Loss: 109.13599
Epoch 8, Val Loss: 111.84037
Epoch 9, Val Loss: 103.16340
Epoch 10, Val Loss: 103.63975
Epoch 11, Val Loss: 101.57800
Epoch 12, Val Loss: 106.07408
Epoch 13, Val Loss: 100.54772
Epoch 14, Val Loss: 102.83263
Epoch 15, Val Loss: 98.67043
Epoch 16, Val Loss: 99.85157
Epoch 17, Val Loss: 94.51485
Epoch 18, Val Loss: 102.58581
Epoch 19, Val Loss: 98.26531
Epoch 20, Val Loss: 99.47994
Epoch 21, Val Loss: 95.06451
Epoch 22, Val Loss: 95.26266
Epoch 23, Val Loss: 95.37933
Epoch 24, Val Loss: 93.53745
Epoch 25, Val Loss: 96.45762
Epoch 26, Val Loss: 93.13289
Epoch 27, Val Loss: 92.93759
Epoch 28, Val Loss: 96.82668
Epoch 29, Val Loss: 90.87006
Epoch 30, Val Loss: 97.22605
Epoch 31, Val Loss: 94.59842
Epoch 32, Val Loss: 91.79115
Epoch 33, Val Loss: 96.49879
Epoch 34, Val Loss: 93.05346
Epoch 35, Val Loss: 90.88387
Epoch 36, Val Loss: 92.76729
Epoch 37, Val Loss: 92.73560
Epoch 38, Val Loss: 90.59994
Epoch 39, Val Loss: 89.10110
Epoch 40, Val Loss: 89.09056
Epoch 41, Val Loss: 90.09531
Epoch 42, Val Loss: 89.19362
Epoch 43, Val Loss: 86.95827
Epoch 44, Val Loss: 87.86119
Epoch 45, Val Loss: 91.97979
Epoch 46, Val Loss: 87.69306
Epoch 47, Val Loss: 87.40180
Epoch 48, Val Loss: 89.23387
Epoch 49, Val Loss: 88.34128
Epoch 50, Val Loss: 85.62612
Epoch 51, Val Loss: 88.74957
Epoch 52, Val Loss: 93.78457
Epoch 53, Val Loss: 87.32127
Epoch 54, Val Loss: 91.74433
Epoch 55, Val Loss: 86.71616
Epoch 56, Val Loss: 87.12565
Epoch 57, Val Loss: 86.50036
Epoch 58, Val Loss: 94.62524
Epoch 59, Val Loss: 90.25540
Epoch 60, Val Loss: 86.66444
Epoch 61, Val Loss: 86.13161
Epoch 62, Val Loss: 82.13474
Epoch 63, Val Loss: 84.35002
Epoch 64, Val Loss: 89.04412
Epoch 65, Val Loss: 83.96767
Epoch 66, Val Loss: 85.73751
Epoch 67, Val Loss: 91.13502
Epoch 68, Val Loss: 88.87759
Epoch 69, Val Loss: 91.46077
Epoch 70, Val Loss: 83.04593
Epoch 71, Val Loss: 85.61967
Epoch 72, Val Loss: 87.42916
Epoch 73, Val Loss: 91.28084
Epoch 74, Val Loss: 86.11903
Epoch 75, Val Loss: 83.76128
Epoch 76, Val Loss: 87.28091
Epoch 77, Val Loss: 84.00121
Epoch 78, Val Loss: 85.99480
Epoch 79, Val Loss: 84.98201
Epoch 80, Val Loss: 91.63043
Epoch 81, Val Loss: 90.59739
Epoch 82, Val Loss: 92.21859
Epoch 83, Val Loss: 85.40986
Early stopping applies.
{'MSE - mean': 89.5967682236858, 'MSE - std': 8.96988554914093, 'R2 - mean': 0.44485214594728284, 'R2 - std': 0.025941930638808185}
In get_device
On Device: cuda
Fitted encoder
Epoch 0, Val Loss: 2190.47119
Epoch 1, Val Loss: 415.74753
Epoch 2, Val Loss: 202.96637
Epoch 3, Val Loss: 158.38643
Epoch 4, Val Loss: 132.12898
Epoch 5, Val Loss: 119.00897
Epoch 6, Val Loss: 114.60632
Epoch 7, Val Loss: 101.81769
Epoch 8, Val Loss: 98.63911
Epoch 9, Val Loss: 102.13506
Epoch 10, Val Loss: 92.78854
Epoch 11, Val Loss: 97.90977
Epoch 12, Val Loss: 93.22170
Epoch 13, Val Loss: 90.15739
Epoch 14, Val Loss: 96.06604
Epoch 15, Val Loss: 92.52122
Epoch 16, Val Loss: 110.57809
Epoch 17, Val Loss: 99.68447
Epoch 18, Val Loss: 90.83336
Epoch 19, Val Loss: 98.93807
Epoch 20, Val Loss: 90.03004
Epoch 21, Val Loss: 88.59363
Epoch 22, Val Loss: 91.01648
Epoch 23, Val Loss: 91.28400
Epoch 24, Val Loss: 90.39890
Epoch 25, Val Loss: 96.26732
Epoch 26, Val Loss: 90.12245
Epoch 27, Val Loss: 87.50806
Epoch 28, Val Loss: 110.09038
Epoch 29, Val Loss: 93.47749
Epoch 30, Val Loss: 85.56689
Epoch 31, Val Loss: 89.50296
Epoch 32, Val Loss: 88.58530
Epoch 33, Val Loss: 84.19217
Epoch 34, Val Loss: 92.90187
Epoch 35, Val Loss: 90.34141
Epoch 36, Val Loss: 92.01456
Epoch 37, Val Loss: 90.45729
Epoch 38, Val Loss: 91.33899
Epoch 39, Val Loss: 91.27376
Epoch 40, Val Loss: 99.13228
Epoch 41, Val Loss: 89.08373
Epoch 42, Val Loss: 85.01753
Epoch 43, Val Loss: 94.18848
Epoch 44, Val Loss: 88.73759
Epoch 45, Val Loss: 86.86198
Epoch 46, Val Loss: 84.64615
Epoch 47, Val Loss: 99.38477
Epoch 48, Val Loss: 88.32775
Epoch 49, Val Loss: 88.22121
Epoch 50, Val Loss: 87.57352
Epoch 51, Val Loss: 101.43340
Epoch 52, Val Loss: 88.34614
Epoch 53, Val Loss: 85.39969
Epoch 54, Val Loss: 81.15028
Epoch 55, Val Loss: 96.68202
Epoch 56, Val Loss: 84.40256
Epoch 57, Val Loss: 88.43527
Epoch 58, Val Loss: 83.70748
Epoch 59, Val Loss: 88.22507
Epoch 60, Val Loss: 86.98692
Epoch 61, Val Loss: 91.25862
Epoch 62, Val Loss: 84.86408
Epoch 63, Val Loss: 112.30035
Epoch 64, Val Loss: 93.11732
Epoch 65, Val Loss: 91.36692
Epoch 66, Val Loss: 96.48770
Epoch 67, Val Loss: 85.50079
Epoch 68, Val Loss: 90.30522
Epoch 69, Val Loss: 95.86607
Epoch 70, Val Loss: 87.12465
Epoch 71, Val Loss: 84.47023
Epoch 72, Val Loss: 86.09007
Epoch 73, Val Loss: 90.94684
Epoch 74, Val Loss: 90.05933
Epoch 75, Val Loss: 92.42355
Early stopping applies.
{'MSE - mean': 88.35082352808254, 'MSE - std': 8.400987450874895, 'R2 - mean': 0.4513140948874164, 'R2 - std': 0.026559633819662493}
Trial 3 finished with value: 88.35082352808254 and parameters: {'p_m': 0.5014385031009332, 'alpha': 0.36366191465633235, 'K': 3, 'beta': 0.6280457338770475}. Best is trial 0 with value: 79.7886092847773.
In get_device
On Device: cuda
In get_device
On Device: cuda
Fitted encoder
Epoch 0, Val Loss: 1878.76440
Epoch 1, Val Loss: 325.76492
Epoch 2, Val Loss: 160.26978
Epoch 3, Val Loss: 159.10536
Epoch 4, Val Loss: 129.61577
Epoch 5, Val Loss: 122.00424
Epoch 6, Val Loss: 113.55356
Epoch 7, Val Loss: 105.63974
Epoch 8, Val Loss: 112.79625
Epoch 9, Val Loss: 102.54645
Epoch 10, Val Loss: 102.79768
Epoch 11, Val Loss: 108.19533
Epoch 12, Val Loss: 100.84008
Epoch 13, Val Loss: 103.67216
Epoch 14, Val Loss: 98.05275
Epoch 15, Val Loss: 102.26373
Epoch 16, Val Loss: 99.33740
Epoch 17, Val Loss: 104.52484
Epoch 18, Val Loss: 101.58012
Epoch 19, Val Loss: 107.83147
Epoch 20, Val Loss: 113.74231
Epoch 21, Val Loss: 102.11550
Epoch 22, Val Loss: 102.62186
Epoch 23, Val Loss: 104.57460
Epoch 24, Val Loss: 107.04913
Epoch 25, Val Loss: 101.03790
Epoch 26, Val Loss: 100.35174
Epoch 27, Val Loss: 108.11631
Epoch 28, Val Loss: 98.45515
Epoch 29, Val Loss: 106.60624
Epoch 30, Val Loss: 94.68527
Epoch 31, Val Loss: 104.42501
Epoch 32, Val Loss: 102.73210
Epoch 33, Val Loss: 100.69543
Epoch 34, Val Loss: 99.78526
Epoch 35, Val Loss: 100.76956
Epoch 36, Val Loss: 108.36485
Epoch 37, Val Loss: 105.30205
Epoch 38, Val Loss: 97.74352
Epoch 39, Val Loss: 99.14216
Epoch 40, Val Loss: 96.69489
Epoch 41, Val Loss: 99.76116
Epoch 42, Val Loss: 101.34435
Epoch 43, Val Loss: 100.36401
Epoch 44, Val Loss: 98.88138
Epoch 45, Val Loss: 98.77169
Epoch 46, Val Loss: 96.94135
Epoch 47, Val Loss: 92.01170
Epoch 48, Val Loss: 101.50981
Epoch 49, Val Loss: 97.72318
Epoch 50, Val Loss: 97.27090
Epoch 51, Val Loss: 99.06258
Epoch 52, Val Loss: 95.34743
Epoch 53, Val Loss: 94.40005
Epoch 54, Val Loss: 94.20946
Epoch 55, Val Loss: 92.72832
Epoch 56, Val Loss: 95.45144
Epoch 57, Val Loss: 94.81941
Epoch 58, Val Loss: 95.39793
Epoch 59, Val Loss: 89.93965
Epoch 60, Val Loss: 89.18994
Epoch 61, Val Loss: 109.59512
Epoch 62, Val Loss: 95.72909
Epoch 63, Val Loss: 92.86290
Epoch 64, Val Loss: 103.11977
Epoch 65, Val Loss: 94.26630
Epoch 66, Val Loss: 99.79385
Epoch 67, Val Loss: 90.79723
Epoch 68, Val Loss: 92.03267
Epoch 69, Val Loss: 91.90289
Epoch 70, Val Loss: 96.84093
Epoch 71, Val Loss: 94.71754
Epoch 72, Val Loss: 96.71336
Epoch 73, Val Loss: 101.01984
Epoch 74, Val Loss: 90.26964
Epoch 75, Val Loss: 91.88262
Epoch 76, Val Loss: 89.27980
Epoch 77, Val Loss: 92.06025
Epoch 78, Val Loss: 95.92768
Epoch 79, Val Loss: 95.03652
Epoch 80, Val Loss: 105.94711
Epoch 81, Val Loss: 94.87733
Early stopping applies.
{'MSE - mean': 94.72843872792035, 'MSE - std': 0.0, 'R2 - mean': 0.4479858745869867, 'R2 - std': 0.0}
In get_device
On Device: cuda
Fitted encoder
Epoch 0, Val Loss: 2089.38428
Epoch 1, Val Loss: 262.35425
Epoch 2, Val Loss: 159.04141
Epoch 3, Val Loss: 142.02251
Epoch 4, Val Loss: 116.34209
Epoch 5, Val Loss: 112.96734
Epoch 6, Val Loss: 103.34034
Epoch 7, Val Loss: 102.60258
Epoch 8, Val Loss: 93.04783
Epoch 9, Val Loss: 90.01579
Epoch 10, Val Loss: 93.93774
Epoch 11, Val Loss: 84.90373
Epoch 12, Val Loss: 91.87291
Epoch 13, Val Loss: 92.10719
Epoch 14, Val Loss: 87.06513
Epoch 15, Val Loss: 82.90894
Epoch 16, Val Loss: 84.76984
Epoch 17, Val Loss: 82.25610
Epoch 18, Val Loss: 84.96016
Epoch 19, Val Loss: 87.59810
Epoch 20, Val Loss: 86.54037
Epoch 21, Val Loss: 83.18521
Epoch 22, Val Loss: 87.75172
Epoch 23, Val Loss: 91.08915
Epoch 24, Val Loss: 80.42033
Epoch 25, Val Loss: 91.88290
Epoch 26, Val Loss: 78.52579
Epoch 27, Val Loss: 77.61199
Epoch 28, Val Loss: 84.59444
Epoch 29, Val Loss: 85.68303
Epoch 30, Val Loss: 84.79062
Epoch 31, Val Loss: 80.09991
Epoch 32, Val Loss: 82.12054
Epoch 33, Val Loss: 79.09988
Epoch 34, Val Loss: 85.65817
Epoch 35, Val Loss: 82.73820
Epoch 36, Val Loss: 90.44372
Epoch 37, Val Loss: 86.05952
Epoch 38, Val Loss: 73.98560
Epoch 39, Val Loss: 79.68498
Epoch 40, Val Loss: 84.30859
Epoch 41, Val Loss: 105.60808
Epoch 42, Val Loss: 93.78745
Epoch 43, Val Loss: 75.69817
Epoch 44, Val Loss: 81.96159
Epoch 45, Val Loss: 77.67528
Epoch 46, Val Loss: 86.11732
Epoch 47, Val Loss: 79.76176
Epoch 48, Val Loss: 77.05682
Epoch 49, Val Loss: 80.18622
Epoch 50, Val Loss: 80.52588
Epoch 51, Val Loss: 79.22066
Epoch 52, Val Loss: 82.71432
Epoch 53, Val Loss: 78.21629
Epoch 54, Val Loss: 75.37210
Epoch 55, Val Loss: 76.12556
Epoch 56, Val Loss: 84.72538
Epoch 57, Val Loss: 76.43008
Epoch 58, Val Loss: 76.80244
Epoch 59, Val Loss: 76.04081
Early stopping applies.
{'MSE - mean': 88.2051941101102, 'MSE - std': 6.523244617810143, 'R2 - mean': 0.4634283115621675, 'R2 - std': 0.015442436975180829}
In get_device
On Device: cuda
Fitted encoder
Epoch 0, Val Loss: 1571.55505
Epoch 1, Val Loss: 284.77457
Epoch 2, Val Loss: 138.23276
Epoch 3, Val Loss: 120.38806
Epoch 4, Val Loss: 108.78181
Epoch 5, Val Loss: 92.32729
Epoch 6, Val Loss: 91.14616
Epoch 7, Val Loss: 87.27191
Epoch 8, Val Loss: 85.33284
Epoch 9, Val Loss: 88.63259
Epoch 10, Val Loss: 85.85403
Epoch 11, Val Loss: 87.19731
Epoch 12, Val Loss: 85.03256
Epoch 13, Val Loss: 80.12586
Epoch 14, Val Loss: 78.55270
Epoch 15, Val Loss: 77.07304
Epoch 16, Val Loss: 87.71049
Epoch 17, Val Loss: 73.83258
Epoch 18, Val Loss: 80.92143
Epoch 19, Val Loss: 83.07248
Epoch 20, Val Loss: 79.56413
Epoch 21, Val Loss: 77.28793
Epoch 22, Val Loss: 83.38300
Epoch 23, Val Loss: 78.43192
Epoch 24, Val Loss: 86.58543
Epoch 25, Val Loss: 78.24214
Epoch 26, Val Loss: 73.95701
Epoch 27, Val Loss: 76.12601
Epoch 28, Val Loss: 83.82242
Epoch 29, Val Loss: 73.05804
Epoch 30, Val Loss: 75.65747
Epoch 31, Val Loss: 82.21298
Epoch 32, Val Loss: 77.65446
Epoch 33, Val Loss: 76.80057
Epoch 34, Val Loss: 76.31315
Epoch 35, Val Loss: 81.48055
Epoch 36, Val Loss: 80.29671
Epoch 37, Val Loss: 80.27602
Epoch 38, Val Loss: 80.57241
Epoch 39, Val Loss: 81.80849
Epoch 40, Val Loss: 76.29029
Epoch 41, Val Loss: 78.81926
Epoch 42, Val Loss: 78.27972
Epoch 43, Val Loss: 80.09303
Epoch 44, Val Loss: 81.07503
Epoch 45, Val Loss: 78.27986
Epoch 46, Val Loss: 78.68037
Epoch 47, Val Loss: 79.51381
Epoch 48, Val Loss: 81.15334
Epoch 49, Val Loss: 84.97047
Epoch 50, Val Loss: 88.37932
Early stopping applies.
{'MSE - mean': 83.84609608766944, 'MSE - std': 8.146898266683245, 'R2 - mean': 0.47397104500711684, 'R2 - std': 0.019526333419362878}
In get_device
On Device: cuda
Fitted encoder
Epoch 0, Val Loss: 1714.68018
Epoch 1, Val Loss: 302.53088
Epoch 2, Val Loss: 146.50172
Epoch 3, Val Loss: 135.21233
Epoch 4, Val Loss: 122.32971
Epoch 5, Val Loss: 118.25871
Epoch 6, Val Loss: 115.68722
Epoch 7, Val Loss: 107.72726
Epoch 8, Val Loss: 107.85130
Epoch 9, Val Loss: 108.53369
Epoch 10, Val Loss: 102.35567
Epoch 11, Val Loss: 105.11938
Epoch 12, Val Loss: 99.91990
Epoch 13, Val Loss: 98.52237
Epoch 14, Val Loss: 94.77193
Epoch 15, Val Loss: 102.53727
Epoch 16, Val Loss: 105.56780
Epoch 17, Val Loss: 100.26587
Epoch 18, Val Loss: 102.46296
Epoch 19, Val Loss: 97.14664
Epoch 20, Val Loss: 90.78116
Epoch 21, Val Loss: 93.42918
Epoch 22, Val Loss: 98.17063
Epoch 23, Val Loss: 90.48486
Epoch 24, Val Loss: 93.69463
Epoch 25, Val Loss: 90.42190
Epoch 26, Val Loss: 94.69614
Epoch 27, Val Loss: 102.37510
Epoch 28, Val Loss: 95.55644
Epoch 29, Val Loss: 92.22024
Epoch 30, Val Loss: 88.34317
Epoch 31, Val Loss: 88.13364
Epoch 32, Val Loss: 89.50162
Epoch 33, Val Loss: 89.44144
Epoch 34, Val Loss: 90.77234
Epoch 35, Val Loss: 90.77666
Epoch 36, Val Loss: 95.23889
Epoch 37, Val Loss: 86.10574
Epoch 38, Val Loss: 93.03401
Epoch 39, Val Loss: 87.01213
Epoch 40, Val Loss: 87.28964
Epoch 41, Val Loss: 85.69333
Epoch 42, Val Loss: 96.66954
Epoch 43, Val Loss: 86.44447
Epoch 44, Val Loss: 95.71457
Epoch 45, Val Loss: 102.69006
Epoch 46, Val Loss: 93.62766
Epoch 47, Val Loss: 89.08072
Epoch 48, Val Loss: 84.34828
Epoch 49, Val Loss: 84.75172
Epoch 50, Val Loss: 86.84374
Epoch 51, Val Loss: 86.78213
Epoch 52, Val Loss: 95.78027
Epoch 53, Val Loss: 89.62943
Epoch 54, Val Loss: 88.05268
Epoch 55, Val Loss: 82.88370
Epoch 56, Val Loss: 82.45945
Epoch 57, Val Loss: 84.71693
Epoch 58, Val Loss: 82.65011
Epoch 59, Val Loss: 86.17085
Epoch 60, Val Loss: 84.57040
Epoch 61, Val Loss: 89.21634
Epoch 62, Val Loss: 91.55531
Epoch 63, Val Loss: 93.27172
Epoch 64, Val Loss: 81.47930
Epoch 65, Val Loss: 90.50760
Epoch 66, Val Loss: 91.41264
Epoch 67, Val Loss: 82.51918
Epoch 68, Val Loss: 86.36613
Epoch 69, Val Loss: 81.40919
Epoch 70, Val Loss: 82.95650
Epoch 71, Val Loss: 87.77097
Epoch 72, Val Loss: 89.55743
Epoch 73, Val Loss: 87.63588
Epoch 74, Val Loss: 82.60275
Epoch 75, Val Loss: 85.00629
Epoch 76, Val Loss: 85.30080
Epoch 77, Val Loss: 84.90867
Epoch 78, Val Loss: 87.41724
Epoch 79, Val Loss: 80.54989
Epoch 80, Val Loss: 80.12495
Epoch 81, Val Loss: 82.63370
Epoch 82, Val Loss: 85.51492
Epoch 83, Val Loss: 84.75150
Epoch 84, Val Loss: 86.40484
Epoch 85, Val Loss: 81.32462
Epoch 86, Val Loss: 93.23132
Epoch 87, Val Loss: 82.37502
Epoch 88, Val Loss: 87.44394
Epoch 89, Val Loss: 80.92012
Epoch 90, Val Loss: 81.22223
Epoch 91, Val Loss: 84.10204
Epoch 92, Val Loss: 81.60126
Epoch 93, Val Loss: 85.97774
Epoch 94, Val Loss: 84.14679
Epoch 95, Val Loss: 81.63519
Epoch 96, Val Loss: 83.71472
Epoch 97, Val Loss: 80.25922
Epoch 98, Val Loss: 83.86595
Epoch 99, Val Loss: 87.53407
Epoch 100, Val Loss: 80.91296
Epoch 101, Val Loss: 81.83086
Early stopping applies.
{'MSE - mean': 85.89217859212746, 'MSE - std': 7.895462264548699, 'R2 - mean': 0.4676008916257152, 'R2 - std': 0.02019145450211161}
In get_device
On Device: cuda
Fitted encoder
Epoch 0, Val Loss: 2011.65918
Epoch 1, Val Loss: 332.60144
Epoch 2, Val Loss: 165.00096
Epoch 3, Val Loss: 147.99928
Epoch 4, Val Loss: 127.58675
Epoch 5, Val Loss: 119.00581
Epoch 6, Val Loss: 119.91734
Epoch 7, Val Loss: 110.49839
Epoch 8, Val Loss: 100.23193
Epoch 9, Val Loss: 101.27086
Epoch 10, Val Loss: 95.09612
Epoch 11, Val Loss: 95.62126
Epoch 12, Val Loss: 103.85995
Epoch 13, Val Loss: 97.43347
Epoch 14, Val Loss: 97.20931
Epoch 15, Val Loss: 99.99232
Epoch 16, Val Loss: 90.64057
Epoch 17, Val Loss: 92.42804
Epoch 18, Val Loss: 100.26569
Epoch 19, Val Loss: 92.88453
Epoch 20, Val Loss: 86.54448
Epoch 21, Val Loss: 84.20016
Epoch 22, Val Loss: 95.19278
Epoch 23, Val Loss: 90.78756
Epoch 24, Val Loss: 93.61896
Epoch 25, Val Loss: 89.73290
Epoch 26, Val Loss: 87.37000
Epoch 27, Val Loss: 108.60596
Epoch 28, Val Loss: 81.45235
Epoch 29, Val Loss: 85.58063
Epoch 30, Val Loss: 83.72881
Epoch 31, Val Loss: 85.47937
Epoch 32, Val Loss: 95.80692
Epoch 33, Val Loss: 91.90904
Epoch 34, Val Loss: 84.32875
Epoch 35, Val Loss: 83.59486
Epoch 36, Val Loss: 96.41322
Epoch 37, Val Loss: 82.34275
Epoch 38, Val Loss: 95.61840
Epoch 39, Val Loss: 87.21698
Epoch 40, Val Loss: 86.56118
Epoch 41, Val Loss: 86.77291
Epoch 42, Val Loss: 92.26063
Epoch 43, Val Loss: 96.87002
Epoch 44, Val Loss: 85.76817
Epoch 45, Val Loss: 84.50072
Epoch 46, Val Loss: 100.78287
Epoch 47, Val Loss: 81.88663
Epoch 48, Val Loss: 82.92503
Epoch 49, Val Loss: 87.50011
Early stopping applies.
{'MSE - mean': 85.54195431231668, 'MSE - std': 7.0965687258988694, 'R2 - mean': 0.46854224448254583, 'R2 - std': 0.018157655375431247}
Trial 4 finished with value: 85.54195431231668 and parameters: {'p_m': 0.3806144512455939, 'alpha': 3.856122479023606, 'K': 15, 'beta': 2.082357416222412}. Best is trial 0 with value: 79.7886092847773.
In get_device
On Device: cuda
In get_device
On Device: cuda
Fitted encoder
Epoch 0, Val Loss: 573.64795
Epoch 1, Val Loss: 477.41705
Epoch 2, Val Loss: 255.88812
Epoch 3, Val Loss: 209.69376
Epoch 4, Val Loss: 182.69360
Epoch 5, Val Loss: 146.86461
Epoch 6, Val Loss: 137.91513
Epoch 7, Val Loss: 135.07796
Epoch 8, Val Loss: 131.90152
Epoch 9, Val Loss: 125.80050
Epoch 10, Val Loss: 118.22955
Epoch 11, Val Loss: 113.60750
Epoch 12, Val Loss: 103.76967
Epoch 13, Val Loss: 110.02076
Epoch 14, Val Loss: 99.74103
Epoch 15, Val Loss: 110.57430
Epoch 16, Val Loss: 100.27139
Epoch 17, Val Loss: 91.86862
Epoch 18, Val Loss: 94.84508
Epoch 19, Val Loss: 96.78111
Epoch 20, Val Loss: 90.77934
Epoch 21, Val Loss: 84.89128
Epoch 22, Val Loss: 95.00103
Epoch 23, Val Loss: 109.23476
Epoch 24, Val Loss: 86.93905
Epoch 25, Val Loss: 104.30614
Epoch 26, Val Loss: 90.32188
Epoch 27, Val Loss: 87.25961
Epoch 28, Val Loss: 84.34311
Epoch 29, Val Loss: 92.72073
Epoch 30, Val Loss: 86.93523
Epoch 31, Val Loss: 84.20823
Epoch 32, Val Loss: 91.20576
Epoch 33, Val Loss: 86.29398
Epoch 34, Val Loss: 100.12743
Epoch 35, Val Loss: 109.27502
Epoch 36, Val Loss: 87.45026
Epoch 37, Val Loss: 83.24935
Epoch 38, Val Loss: 83.70403
Epoch 39, Val Loss: 87.50887
Epoch 40, Val Loss: 84.03973
Epoch 41, Val Loss: 91.24398
Epoch 42, Val Loss: 86.71526
Epoch 43, Val Loss: 87.35625
Epoch 44, Val Loss: 85.69274
Epoch 45, Val Loss: 90.24922
Epoch 46, Val Loss: 86.07034
Epoch 47, Val Loss: 92.30279
Epoch 48, Val Loss: 91.43974
Epoch 49, Val Loss: 83.86174
Epoch 50, Val Loss: 83.50863
Epoch 51, Val Loss: 86.72409
Epoch 52, Val Loss: 98.22270
Epoch 53, Val Loss: 87.92426
Epoch 54, Val Loss: 93.42044
Epoch 55, Val Loss: 85.21676
Epoch 56, Val Loss: 83.81828
Epoch 57, Val Loss: 87.01198
Epoch 58, Val Loss: 91.52937
Early stopping applies.
{'MSE - mean': 86.43376393432119, 'MSE - std': 0.0, 'R2 - mean': 0.49632170396685427, 'R2 - std': 0.0}
In get_device
On Device: cuda
Fitted encoder
Epoch 0, Val Loss: 836.12207
Epoch 1, Val Loss: 605.52502
Epoch 2, Val Loss: 236.99385
Epoch 3, Val Loss: 194.98334
Epoch 4, Val Loss: 202.86719
Epoch 5, Val Loss: 181.38382
Epoch 6, Val Loss: 147.03607
Epoch 7, Val Loss: 139.41605
Epoch 8, Val Loss: 112.65881
Epoch 9, Val Loss: 125.93305
Epoch 10, Val Loss: 116.23351
Epoch 11, Val Loss: 102.63207
Epoch 12, Val Loss: 116.10105
Epoch 13, Val Loss: 96.54118
Epoch 14, Val Loss: 91.72340
Epoch 15, Val Loss: 117.67856
Epoch 16, Val Loss: 86.87008
Epoch 17, Val Loss: 100.91580
Epoch 18, Val Loss: 83.56553
Epoch 19, Val Loss: 85.36858
Epoch 20, Val Loss: 87.10777
Epoch 21, Val Loss: 83.48883
Epoch 22, Val Loss: 84.37172
Epoch 23, Val Loss: 78.24607
Epoch 24, Val Loss: 79.49870
Epoch 25, Val Loss: 75.23013
Epoch 26, Val Loss: 92.24924
Epoch 27, Val Loss: 77.21741
Epoch 28, Val Loss: 80.58598
Epoch 29, Val Loss: 75.68257
Epoch 30, Val Loss: 78.76472
Epoch 31, Val Loss: 78.79208
Epoch 32, Val Loss: 78.73106
Epoch 33, Val Loss: 77.31823
Epoch 34, Val Loss: 79.54872
Epoch 35, Val Loss: 76.05097
Epoch 36, Val Loss: 76.32967
Epoch 37, Val Loss: 77.17847
Epoch 38, Val Loss: 81.78020
Epoch 39, Val Loss: 76.39252
Epoch 40, Val Loss: 77.61483
Epoch 41, Val Loss: 81.31573
Epoch 42, Val Loss: 77.01105
Epoch 43, Val Loss: 79.71958
Epoch 44, Val Loss: 79.16193
Epoch 45, Val Loss: 86.76680
Epoch 46, Val Loss: 76.28867
Early stopping applies.
{'MSE - mean': 85.30351792637077, 'MSE - std': 1.1302460079504115, 'R2 - mean': 0.4796489319040484, 'R2 - std': 0.016672772062805874}
In get_device
On Device: cuda
Fitted encoder
Epoch 0, Val Loss: 725.53735
Epoch 1, Val Loss: 460.05185
Epoch 2, Val Loss: 259.78674
Epoch 3, Val Loss: 186.13376
Epoch 4, Val Loss: 143.75687
Epoch 5, Val Loss: 165.33789
Epoch 6, Val Loss: 128.56996
Epoch 7, Val Loss: 130.81255
Epoch 8, Val Loss: 128.99216
Epoch 9, Val Loss: 108.35727
Epoch 10, Val Loss: 125.93166
Epoch 11, Val Loss: 92.25827
Epoch 12, Val Loss: 96.59882
Epoch 13, Val Loss: 83.92900
Epoch 14, Val Loss: 88.06703
Epoch 15, Val Loss: 89.93585
Epoch 16, Val Loss: 85.16877
Epoch 17, Val Loss: 80.41362
Epoch 18, Val Loss: 79.56295
Epoch 19, Val Loss: 83.07617
Epoch 20, Val Loss: 78.04965
Epoch 21, Val Loss: 79.15881
Epoch 22, Val Loss: 76.74667
Epoch 23, Val Loss: 75.62636
Epoch 24, Val Loss: 78.65811
Epoch 25, Val Loss: 92.40898
Epoch 26, Val Loss: 77.81426
Epoch 27, Val Loss: 76.86530
Epoch 28, Val Loss: 74.93801
Epoch 29, Val Loss: 78.57523
Epoch 30, Val Loss: 73.68114
Epoch 31, Val Loss: 74.55229
Epoch 32, Val Loss: 73.10801
Epoch 33, Val Loss: 75.64986
Epoch 34, Val Loss: 74.03642
Epoch 35, Val Loss: 84.22394
Epoch 36, Val Loss: 72.35606
Epoch 37, Val Loss: 78.84505
Epoch 38, Val Loss: 72.05957
Epoch 39, Val Loss: 71.77715
Epoch 40, Val Loss: 70.45494
Epoch 41, Val Loss: 70.93352
Epoch 42, Val Loss: 75.12444
Epoch 43, Val Loss: 74.57085
Epoch 44, Val Loss: 77.16411
Epoch 45, Val Loss: 77.53941
Epoch 46, Val Loss: 75.18522
Epoch 47, Val Loss: 76.15956
Epoch 48, Val Loss: 74.20336
Epoch 49, Val Loss: 73.26745
Epoch 50, Val Loss: 72.49602
Epoch 51, Val Loss: 75.40184
Epoch 52, Val Loss: 72.95254
Epoch 53, Val Loss: 74.84525
Epoch 54, Val Loss: 73.83070
Epoch 55, Val Loss: 74.35683
Epoch 56, Val Loss: 75.54079
Epoch 57, Val Loss: 83.27150
Epoch 58, Val Loss: 81.13409
Epoch 59, Val Loss: 82.73335
Epoch 60, Val Loss: 84.34245
Epoch 61, Val Loss: 85.98034
Early stopping applies.
{'MSE - mean': 80.50392865631763, 'MSE - std': 6.850091362997325, 'R2 - mean': 0.49424622169229204, 'R2 - std': 0.02472817469667842}
In get_device
On Device: cuda
Fitted encoder
Epoch 0, Val Loss: 682.73462
Epoch 1, Val Loss: 580.21289
Epoch 2, Val Loss: 236.90059
Epoch 3, Val Loss: 214.80669
Epoch 4, Val Loss: 167.97765
Epoch 5, Val Loss: 180.07440
Epoch 6, Val Loss: 157.10342
Epoch 7, Val Loss: 150.34488
Epoch 8, Val Loss: 142.07941
Epoch 9, Val Loss: 115.12595
Epoch 10, Val Loss: 100.90524
Epoch 11, Val Loss: 101.47128
Epoch 12, Val Loss: 99.68457
Epoch 13, Val Loss: 92.81731
Epoch 14, Val Loss: 97.47898
Epoch 15, Val Loss: 96.37811
Epoch 16, Val Loss: 88.58327
Epoch 17, Val Loss: 89.71947
Epoch 18, Val Loss: 85.68690
Epoch 19, Val Loss: 94.90671
Epoch 20, Val Loss: 86.97453
Epoch 21, Val Loss: 93.41148
Epoch 22, Val Loss: 87.24033
Epoch 23, Val Loss: 82.12395
Epoch 24, Val Loss: 83.94968
Epoch 25, Val Loss: 80.88316
Epoch 26, Val Loss: 91.76520
Epoch 27, Val Loss: 84.55509
Epoch 28, Val Loss: 85.94872
Epoch 29, Val Loss: 81.04758
Epoch 30, Val Loss: 87.07938
Epoch 31, Val Loss: 81.64310
Epoch 32, Val Loss: 83.06434
Epoch 33, Val Loss: 80.19073
Epoch 34, Val Loss: 88.62986
Epoch 35, Val Loss: 80.38913
Epoch 36, Val Loss: 86.05658
Epoch 37, Val Loss: 91.62396
Epoch 38, Val Loss: 85.86086
Epoch 39, Val Loss: 81.37360
Epoch 40, Val Loss: 80.15331
Epoch 41, Val Loss: 87.49531
Epoch 42, Val Loss: 84.40131
Epoch 43, Val Loss: 80.87325
Epoch 44, Val Loss: 81.65808
Epoch 45, Val Loss: 80.99226
Epoch 46, Val Loss: 80.07484
Epoch 47, Val Loss: 80.74707
Epoch 48, Val Loss: 89.37277
Epoch 49, Val Loss: 79.21991
Epoch 50, Val Loss: 81.17358
Epoch 51, Val Loss: 86.46143
Epoch 52, Val Loss: 89.13268
Epoch 53, Val Loss: 82.72372
Epoch 54, Val Loss: 84.22784
Epoch 55, Val Loss: 82.36123
Epoch 56, Val Loss: 82.04720
Epoch 57, Val Loss: 80.85107
Epoch 58, Val Loss: 82.74908
Epoch 59, Val Loss: 85.14123
Epoch 60, Val Loss: 86.90344
Epoch 61, Val Loss: 84.65971
Epoch 62, Val Loss: 78.90545
Epoch 63, Val Loss: 87.53748
Epoch 64, Val Loss: 84.26350
Epoch 65, Val Loss: 79.97796
Epoch 66, Val Loss: 80.07453
Epoch 67, Val Loss: 85.30151
Epoch 68, Val Loss: 86.43996
Epoch 69, Val Loss: 84.92091
Epoch 70, Val Loss: 89.67823
Epoch 71, Val Loss: 84.48967
Epoch 72, Val Loss: 86.52805
Epoch 73, Val Loss: 81.15607
Epoch 74, Val Loss: 83.21220
Epoch 75, Val Loss: 86.17377
Epoch 76, Val Loss: 81.62646
Epoch 77, Val Loss: 87.71285
Epoch 78, Val Loss: 83.34737
Epoch 79, Val Loss: 79.00633
Epoch 80, Val Loss: 82.74313
Epoch 81, Val Loss: 87.74397
Epoch 82, Val Loss: 81.05441
Epoch 83, Val Loss: 84.27290
Early stopping applies.
{'MSE - mean': 82.98435021772403, 'MSE - std': 7.324635631069115, 'R2 - mean': 0.485211557081342, 'R2 - std': 0.026523338058569216}
In get_device
On Device: cuda
Fitted encoder
Epoch 0, Val Loss: 823.29272
Epoch 1, Val Loss: 489.22189
Epoch 2, Val Loss: 254.76135
Epoch 3, Val Loss: 190.70573
Epoch 4, Val Loss: 193.18710
Epoch 5, Val Loss: 155.33701
Epoch 6, Val Loss: 129.80124
Epoch 7, Val Loss: 155.30145
Epoch 8, Val Loss: 139.73785
Epoch 9, Val Loss: 109.78220
Epoch 10, Val Loss: 101.41090
Epoch 11, Val Loss: 102.54263
Epoch 12, Val Loss: 120.96987
Epoch 13, Val Loss: 129.98407
Epoch 14, Val Loss: 96.19962
Epoch 15, Val Loss: 85.09316
Epoch 16, Val Loss: 83.16702
Epoch 17, Val Loss: 91.66206
Epoch 18, Val Loss: 95.17028
Epoch 19, Val Loss: 91.16457
Epoch 20, Val Loss: 80.37321
Epoch 21, Val Loss: 80.55629
Epoch 22, Val Loss: 79.71371
Epoch 23, Val Loss: 78.30846
Epoch 24, Val Loss: 75.46838
Epoch 25, Val Loss: 70.91544
Epoch 26, Val Loss: 72.19720
Epoch 27, Val Loss: 74.32784
Epoch 28, Val Loss: 87.04172
Epoch 29, Val Loss: 73.58796
Epoch 30, Val Loss: 75.03399
Epoch 31, Val Loss: 75.25858
Epoch 32, Val Loss: 75.09654
Epoch 33, Val Loss: 77.29807
Epoch 34, Val Loss: 75.02765
Epoch 35, Val Loss: 79.97547
Epoch 36, Val Loss: 74.44324
Epoch 37, Val Loss: 97.29406
Epoch 38, Val Loss: 87.62091
Epoch 39, Val Loss: 75.35202
Epoch 40, Val Loss: 79.19252
Epoch 41, Val Loss: 76.92262
Epoch 42, Val Loss: 80.56248
Epoch 43, Val Loss: 75.28790
Epoch 44, Val Loss: 72.84835
Epoch 45, Val Loss: 80.52078
Epoch 46, Val Loss: 75.31420
Early stopping applies.
{'MSE - mean': 80.60599445980128, 'MSE - std': 8.096081406910312, 'R2 - mean': 0.49899754538987695, 'R2 - std': 0.03637312007496148}
Trial 5 finished with value: 80.60599445980128 and parameters: {'p_m': 0.5360320684615761, 'alpha': 6.957257588304783, 'K': 15, 'beta': 9.708377060271223}. Best is trial 0 with value: 79.7886092847773.
In get_device
On Device: cuda
In get_device
On Device: cuda
Fitted encoder
Epoch 0, Val Loss: 1536.48584
Epoch 1, Val Loss: 743.70392
Epoch 2, Val Loss: 321.06067
Epoch 3, Val Loss: 290.75729
Epoch 4, Val Loss: 250.39166
Epoch 5, Val Loss: 199.87762
Epoch 6, Val Loss: 162.04405
Epoch 7, Val Loss: 153.76430
Epoch 8, Val Loss: 143.88498
Epoch 9, Val Loss: 124.96968
Epoch 10, Val Loss: 121.30029
Epoch 11, Val Loss: 110.45872
Epoch 12, Val Loss: 113.98605
Epoch 13, Val Loss: 107.86266
Epoch 14, Val Loss: 103.11298
Epoch 15, Val Loss: 102.63672
Epoch 16, Val Loss: 98.92970
Epoch 17, Val Loss: 100.33394
Epoch 18, Val Loss: 98.33267
Epoch 19, Val Loss: 102.82259
Epoch 20, Val Loss: 94.87931
Epoch 21, Val Loss: 94.02421
Epoch 22, Val Loss: 91.38380
Epoch 23, Val Loss: 90.98497
Epoch 24, Val Loss: 94.60022
Epoch 25, Val Loss: 92.67839
Epoch 26, Val Loss: 95.87463
Epoch 27, Val Loss: 90.57393
Epoch 28, Val Loss: 92.57555
Epoch 29, Val Loss: 95.02281
Epoch 30, Val Loss: 102.34370
Epoch 31, Val Loss: 92.07530
Epoch 32, Val Loss: 88.76275
Epoch 33, Val Loss: 87.70837
Epoch 34, Val Loss: 89.50259
Epoch 35, Val Loss: 89.24725
Epoch 36, Val Loss: 90.27373
Epoch 37, Val Loss: 90.49342
Epoch 38, Val Loss: 90.63734
Epoch 39, Val Loss: 95.86819
Epoch 40, Val Loss: 88.91587
Epoch 41, Val Loss: 92.05994
Epoch 42, Val Loss: 89.42276
Epoch 43, Val Loss: 91.73141
Epoch 44, Val Loss: 99.88800
Epoch 45, Val Loss: 93.98615
Epoch 46, Val Loss: 90.70671
Epoch 47, Val Loss: 88.71414
Epoch 48, Val Loss: 92.40630
Epoch 49, Val Loss: 94.90997
Epoch 50, Val Loss: 96.42815
Epoch 51, Val Loss: 89.68983
Epoch 52, Val Loss: 110.67676
Epoch 53, Val Loss: 96.06744
Epoch 54, Val Loss: 94.82699
Early stopping applies.
{'MSE - mean': 91.64065941614906, 'MSE - std': 0.0, 'R2 - mean': 0.46597939183634707, 'R2 - std': 0.0}
In get_device
On Device: cuda
Fitted encoder
Epoch 0, Val Loss: 1276.69373
Epoch 1, Val Loss: 835.86707
Epoch 2, Val Loss: 344.86682
Epoch 3, Val Loss: 323.15012
Epoch 4, Val Loss: 236.22195
Epoch 5, Val Loss: 216.95728
Epoch 6, Val Loss: 196.13261
Epoch 7, Val Loss: 168.23482
Epoch 8, Val Loss: 150.37161
Epoch 9, Val Loss: 136.62602
Epoch 10, Val Loss: 122.22263
Epoch 11, Val Loss: 111.49442
Epoch 12, Val Loss: 112.72644
Epoch 13, Val Loss: 95.86451
Epoch 14, Val Loss: 93.07080
Epoch 15, Val Loss: 106.42814
Epoch 16, Val Loss: 90.58755
Epoch 17, Val Loss: 88.21189
Epoch 18, Val Loss: 86.91219
Epoch 19, Val Loss: 91.08303
Epoch 20, Val Loss: 86.78535
Epoch 21, Val Loss: 79.52545
Epoch 22, Val Loss: 83.02429
Epoch 23, Val Loss: 75.65693
Epoch 24, Val Loss: 75.78891
Epoch 25, Val Loss: 78.45687
Epoch 26, Val Loss: 77.17686
Epoch 27, Val Loss: 79.03629
Epoch 28, Val Loss: 76.08500
Epoch 29, Val Loss: 76.11255
Epoch 30, Val Loss: 74.69150
Epoch 31, Val Loss: 72.44917
Epoch 32, Val Loss: 72.99682
Epoch 33, Val Loss: 75.96874
Epoch 34, Val Loss: 75.56904
Epoch 35, Val Loss: 74.45270
Epoch 36, Val Loss: 77.75737
Epoch 37, Val Loss: 81.87663
Epoch 38, Val Loss: 74.16376
Epoch 39, Val Loss: 86.06010
Epoch 40, Val Loss: 70.11765
Epoch 41, Val Loss: 78.73564
Epoch 42, Val Loss: 73.06884
Epoch 43, Val Loss: 73.23354
Epoch 44, Val Loss: 78.23061
Epoch 45, Val Loss: 75.80591
Epoch 46, Val Loss: 74.48631
Epoch 47, Val Loss: 72.77634
Epoch 48, Val Loss: 72.58672
Epoch 49, Val Loss: 84.93686
Epoch 50, Val Loss: 70.75698
Epoch 51, Val Loss: 74.80985
Epoch 52, Val Loss: 77.09570
Epoch 53, Val Loss: 73.58260
Epoch 54, Val Loss: 71.37772
Epoch 55, Val Loss: 76.62620
Epoch 56, Val Loss: 75.37576
Epoch 57, Val Loss: 73.39347
Epoch 58, Val Loss: 78.83471
Epoch 59, Val Loss: 80.06869
Epoch 60, Val Loss: 71.72982
Epoch 61, Val Loss: 73.38597
Early stopping applies.
{'MSE - mean': 84.72973814278129, 'MSE - std': 6.910921273367784, 'R2 - mean': 0.484748425742016, 'R2 - std': 0.01876903390566892}
In get_device
On Device: cuda
Fitted encoder
Epoch 0, Val Loss: 928.35083
Epoch 1, Val Loss: 595.40045
Epoch 2, Val Loss: 329.05023
Epoch 3, Val Loss: 250.27621
Epoch 4, Val Loss: 190.96088
Epoch 5, Val Loss: 158.75784
Epoch 6, Val Loss: 130.85878
Epoch 7, Val Loss: 127.05875
Epoch 8, Val Loss: 116.37155
Epoch 9, Val Loss: 107.48979
Epoch 10, Val Loss: 96.37070
Epoch 11, Val Loss: 84.18175
Epoch 12, Val Loss: 86.80535
Epoch 13, Val Loss: 81.48920
Epoch 14, Val Loss: 80.14576
Epoch 15, Val Loss: 84.32310
Epoch 16, Val Loss: 85.39532
Epoch 17, Val Loss: 79.45685
Epoch 18, Val Loss: 86.30365
Epoch 19, Val Loss: 77.83858
Epoch 20, Val Loss: 78.98631
Epoch 21, Val Loss: 80.24503
Epoch 22, Val Loss: 76.79460
Epoch 23, Val Loss: 76.98287
Epoch 24, Val Loss: 75.38081
Epoch 25, Val Loss: 79.38517
Epoch 26, Val Loss: 79.81881
Epoch 27, Val Loss: 77.41070
Epoch 28, Val Loss: 77.24488
Epoch 29, Val Loss: 82.93871
Epoch 30, Val Loss: 80.68018
Epoch 31, Val Loss: 85.50457
Epoch 32, Val Loss: 72.03804
Epoch 33, Val Loss: 76.04490
Epoch 34, Val Loss: 83.35418
Epoch 35, Val Loss: 74.29347
Epoch 36, Val Loss: 76.97118
Epoch 37, Val Loss: 75.54474
Epoch 38, Val Loss: 73.34113
Epoch 39, Val Loss: 76.74536
Epoch 40, Val Loss: 76.89647
Epoch 41, Val Loss: 78.28811
Epoch 42, Val Loss: 75.25258
Epoch 43, Val Loss: 82.49150
Epoch 44, Val Loss: 74.69382
Epoch 45, Val Loss: 78.71764
Epoch 46, Val Loss: 74.17527
Epoch 47, Val Loss: 77.25082
Epoch 48, Val Loss: 76.73016
Epoch 49, Val Loss: 78.94821
Epoch 50, Val Loss: 90.55743
Epoch 51, Val Loss: 73.24060
Epoch 52, Val Loss: 76.10606
Epoch 53, Val Loss: 73.58848
Early stopping applies.
{'MSE - mean': 80.37342888746203, 'MSE - std': 8.354365079830137, 'R2 - mean': 0.49595202748581996, 'R2 - std': 0.02204296879360027}
In get_device
On Device: cuda
Fitted encoder
Epoch 0, Val Loss: 1085.60278
Epoch 1, Val Loss: 703.61053
Epoch 2, Val Loss: 307.83871
Epoch 3, Val Loss: 227.81190
Epoch 4, Val Loss: 207.46146
Epoch 5, Val Loss: 187.43390
Epoch 6, Val Loss: 154.94398
Epoch 7, Val Loss: 136.48468
Epoch 8, Val Loss: 133.19968
Epoch 9, Val Loss: 127.40329
Epoch 10, Val Loss: 107.01573
Epoch 11, Val Loss: 114.25349
Epoch 12, Val Loss: 104.59357
Epoch 13, Val Loss: 98.92335
Epoch 14, Val Loss: 99.11592
Epoch 15, Val Loss: 96.66365
Epoch 16, Val Loss: 99.24953
Epoch 17, Val Loss: 98.88933
Epoch 18, Val Loss: 96.36923
Epoch 19, Val Loss: 94.26699
Epoch 20, Val Loss: 88.94450
Epoch 21, Val Loss: 87.02148
Epoch 22, Val Loss: 92.82020
Epoch 23, Val Loss: 90.77511
Epoch 24, Val Loss: 92.39481
Epoch 25, Val Loss: 89.63668
Epoch 26, Val Loss: 108.34686
Epoch 27, Val Loss: 85.69273
Epoch 28, Val Loss: 85.36340
Epoch 29, Val Loss: 83.05328
Epoch 30, Val Loss: 86.23895
Epoch 31, Val Loss: 86.59753
Epoch 32, Val Loss: 90.30089
Epoch 33, Val Loss: 86.93714
Epoch 34, Val Loss: 82.39859
Epoch 35, Val Loss: 88.69193
Epoch 36, Val Loss: 88.51808
Epoch 37, Val Loss: 84.36427
Epoch 38, Val Loss: 85.31470
Epoch 39, Val Loss: 81.09795
Epoch 40, Val Loss: 80.28063
Epoch 41, Val Loss: 81.92490
Epoch 42, Val Loss: 83.59649
Epoch 43, Val Loss: 81.27380
Epoch 44, Val Loss: 82.93054
Epoch 45, Val Loss: 90.97172
Epoch 46, Val Loss: 84.88407
Epoch 47, Val Loss: 84.11914
Epoch 48, Val Loss: 82.11996
Epoch 49, Val Loss: 81.15615
Epoch 50, Val Loss: 80.11456
Epoch 51, Val Loss: 86.43208
Epoch 52, Val Loss: 82.71057
Epoch 53, Val Loss: 85.92216
Epoch 54, Val Loss: 84.69486
Epoch 55, Val Loss: 79.71736
Epoch 56, Val Loss: 81.25223
Epoch 57, Val Loss: 90.81428
Epoch 58, Val Loss: 81.38199
Epoch 59, Val Loss: 90.53681
Epoch 60, Val Loss: 83.16035
Epoch 61, Val Loss: 85.04582
Epoch 62, Val Loss: 85.73327
Epoch 63, Val Loss: 83.52284
Epoch 64, Val Loss: 81.24989
Epoch 65, Val Loss: 81.26930
Epoch 66, Val Loss: 85.30064
Epoch 67, Val Loss: 81.67407
Epoch 68, Val Loss: 81.25416
Epoch 69, Val Loss: 81.84631
Epoch 70, Val Loss: 84.75797
Epoch 71, Val Loss: 94.90850
Epoch 72, Val Loss: 84.75124
Epoch 73, Val Loss: 88.12711
Epoch 74, Val Loss: 84.29286
Epoch 75, Val Loss: 85.75607
Epoch 76, Val Loss: 84.84549
Early stopping applies.
{'MSE - mean': 83.13457245491925, 'MSE - std': 8.672848627506712, 'R2 - mean': 0.4850041432953641, 'R2 - std': 0.02690702249728915}
In get_device
On Device: cuda
Fitted encoder
Epoch 0, Val Loss: 1100.76001
Epoch 1, Val Loss: 708.49188
Epoch 2, Val Loss: 346.82941
Epoch 3, Val Loss: 225.60760
Epoch 4, Val Loss: 222.05435
Epoch 5, Val Loss: 177.22011
Epoch 6, Val Loss: 159.12442
Epoch 7, Val Loss: 155.81177
Epoch 8, Val Loss: 126.87181
Epoch 9, Val Loss: 123.99142
Epoch 10, Val Loss: 107.59887
Epoch 11, Val Loss: 107.52165
Epoch 12, Val Loss: 101.50898
Epoch 13, Val Loss: 113.27271
Epoch 14, Val Loss: 97.79546
Epoch 15, Val Loss: 101.06403
Epoch 16, Val Loss: 101.87348
Epoch 17, Val Loss: 96.32162
Epoch 18, Val Loss: 92.64924
Epoch 19, Val Loss: 89.89627
Epoch 20, Val Loss: 83.57698
Epoch 21, Val Loss: 90.79197
Epoch 22, Val Loss: 86.24267
Epoch 23, Val Loss: 82.00462
Epoch 24, Val Loss: 92.44688
Epoch 25, Val Loss: 84.86884
Epoch 26, Val Loss: 84.13002
Epoch 27, Val Loss: 86.46538
Epoch 28, Val Loss: 89.51947
Epoch 29, Val Loss: 99.76813
Epoch 30, Val Loss: 84.58720
Epoch 31, Val Loss: 92.00787
Epoch 32, Val Loss: 82.36494
Epoch 33, Val Loss: 80.47723
Epoch 34, Val Loss: 77.41355
Epoch 35, Val Loss: 79.64847
Epoch 36, Val Loss: 87.75488
Epoch 37, Val Loss: 87.29997
Epoch 38, Val Loss: 81.95781
Epoch 39, Val Loss: 81.66666
Epoch 40, Val Loss: 81.99173
Epoch 41, Val Loss: 82.78754
Epoch 42, Val Loss: 79.48827
Epoch 43, Val Loss: 83.57655
Epoch 44, Val Loss: 80.08097
Epoch 45, Val Loss: 84.19768
Epoch 46, Val Loss: 82.95230
Epoch 47, Val Loss: 80.05501
Epoch 48, Val Loss: 78.36416
Epoch 49, Val Loss: 79.42022
Epoch 50, Val Loss: 93.65570
Epoch 51, Val Loss: 82.19032
Epoch 52, Val Loss: 82.52123
Epoch 53, Val Loss: 81.38837
Epoch 54, Val Loss: 77.22355
Epoch 55, Val Loss: 80.18552
Epoch 56, Val Loss: 77.76826
Epoch 57, Val Loss: 85.21054
Epoch 58, Val Loss: 78.46277
Epoch 59, Val Loss: 80.53413
Epoch 60, Val Loss: 89.51247
Epoch 61, Val Loss: 82.38779
Epoch 62, Val Loss: 90.73907
Epoch 63, Val Loss: 88.05424
Epoch 64, Val Loss: 84.20364
Epoch 65, Val Loss: 81.53780
Epoch 66, Val Loss: 79.35270
Epoch 67, Val Loss: 78.92303
Epoch 68, Val Loss: 83.16900
Epoch 69, Val Loss: 83.75803
Epoch 70, Val Loss: 78.80627
Epoch 71, Val Loss: 93.98595
Epoch 72, Val Loss: 79.66933
Epoch 73, Val Loss: 77.55579
Epoch 74, Val Loss: 80.94679
Epoch 75, Val Loss: 82.73984
Early stopping applies.
{'MSE - mean': 82.22562468500841, 'MSE - std': 7.9673952359739, 'R2 - mean': 0.4894277680474081, 'R2 - std': 0.025641062995189697}
Trial 6 finished with value: 82.22562468500841 and parameters: {'p_m': 0.8277980728454977, 'alpha': 7.595038210450228, 'K': 20, 'beta': 7.698748154942908}. Best is trial 0 with value: 79.7886092847773.
In get_device
On Device: cuda
In get_device
On Device: cuda
Fitted encoder
Epoch 0, Val Loss: 868.51685
Epoch 1, Val Loss: 438.97171
Epoch 2, Val Loss: 235.50391
Epoch 3, Val Loss: 202.32214
Epoch 4, Val Loss: 204.17659
Epoch 5, Val Loss: 135.14563
Epoch 6, Val Loss: 139.67877
Epoch 7, Val Loss: 124.64958
Epoch 8, Val Loss: 125.07182
Epoch 9, Val Loss: 114.12384
Epoch 10, Val Loss: 110.77940
Epoch 11, Val Loss: 138.00591
Epoch 12, Val Loss: 102.39703
Epoch 13, Val Loss: 102.35406
Epoch 14, Val Loss: 115.15475
Epoch 15, Val Loss: 100.64044
