Namespace(batch_size=128, cat_dims=None, cat_idx=None, config='config/black_friday.yml', data_parallel=False, dataset='Black_Friday', direction='minimize', dropna_idx=None, early_stopping_rounds=20, epochs=1000, gpu_ids=[0, 1], logging_period=100, miss_cat_idx=None, miss_num_idx=None, model_name='VIME', n_trials=100, nominal_idx=[0, 2, 3, 5, 6, 7, 8], num_classes=1, num_features=9, num_splits=5, objective='regression', one_hot_encode=True, optimize_hyperparameters=True, ordinal_encode=True, ordinal_idx=[1], scale=True, seed=221, shuffle=True, target_encode=False, use_gpu=True, val_batch_size=256)
Start hyperparameter optimization
Loading dataset Black_Friday...
Dataset loaded!
(166821, 9)
Scaling the data...
args.num_features: 71
New Shape: (166821, 71)
Using an existing study with name 'VIME_Black_Friday' instead of creating a new one.
In get_device
On Device: cuda
In get_device
On Device: cuda
Fitted encoder
Epoch 0, Val Loss: 17102498.00000
Epoch 1, Val Loss: 16985566.00000
Epoch 2, Val Loss: 16157118.00000
Epoch 3, Val Loss: 15942298.00000
Epoch 4, Val Loss: 15677535.00000
Epoch 5, Val Loss: 15751101.00000
Epoch 6, Val Loss: 15516488.00000
Epoch 7, Val Loss: 15541002.00000
Epoch 8, Val Loss: 15679913.00000
Epoch 9, Val Loss: 15058647.00000
Epoch 10, Val Loss: 15189313.00000
Epoch 11, Val Loss: 15128957.00000
Epoch 12, Val Loss: 15092873.00000
Epoch 13, Val Loss: 15256069.00000
Epoch 14, Val Loss: 15349546.00000
Epoch 15, Val Loss: 15266095.00000
Epoch 16, Val Loss: 15042797.00000
Epoch 17, Val Loss: 14980765.00000
Epoch 18, Val Loss: 14743553.00000
Epoch 19, Val Loss: 15117064.00000
Epoch 20, Val Loss: 14937118.00000
Epoch 21, Val Loss: 15094402.00000
Epoch 22, Val Loss: 14851007.00000
Epoch 23, Val Loss: 14785938.00000
Epoch 24, Val Loss: 15018184.00000
Epoch 25, Val Loss: 14482362.00000
Epoch 26, Val Loss: 14859300.00000
Epoch 27, Val Loss: 15293815.00000
Epoch 28, Val Loss: 14783286.00000
Epoch 29, Val Loss: 15073647.00000
Epoch 30, Val Loss: 14741826.00000
Epoch 31, Val Loss: 14504489.00000
Epoch 32, Val Loss: 14529734.00000
Epoch 33, Val Loss: 14696629.00000
Epoch 34, Val Loss: 14793916.00000
Epoch 35, Val Loss: 14570719.00000
Epoch 36, Val Loss: 14467169.00000
Epoch 37, Val Loss: 14487966.00000
Epoch 38, Val Loss: 14598342.00000
Epoch 39, Val Loss: 14695178.00000
Epoch 40, Val Loss: 14458310.00000
Epoch 41, Val Loss: 14469648.00000
Epoch 42, Val Loss: 14322155.00000
Epoch 43, Val Loss: 14867656.00000
Epoch 44, Val Loss: 14784997.00000
Epoch 45, Val Loss: 14541601.00000
Epoch 46, Val Loss: 15329552.00000
Epoch 47, Val Loss: 14848806.00000
Epoch 48, Val Loss: 14409022.00000
Epoch 49, Val Loss: 14224912.00000
Epoch 50, Val Loss: 14328217.00000
Epoch 51, Val Loss: 14552575.00000
Epoch 52, Val Loss: 14646106.00000
Epoch 53, Val Loss: 14536790.00000
Epoch 54, Val Loss: 14802151.00000
Epoch 55, Val Loss: 14438687.00000
Epoch 56, Val Loss: 14481279.00000
Epoch 57, Val Loss: 14856640.00000
Epoch 58, Val Loss: 14375557.00000
Epoch 59, Val Loss: 14283226.00000
Epoch 60, Val Loss: 14613922.00000
Epoch 61, Val Loss: 14225906.00000
Epoch 62, Val Loss: 14569698.00000
Epoch 63, Val Loss: 14826750.00000
Epoch 64, Val Loss: 14380244.00000
Epoch 65, Val Loss: 14596263.00000
Epoch 66, Val Loss: 14338572.00000
Epoch 67, Val Loss: 14431108.00000
Epoch 68, Val Loss: 14339980.00000
Epoch 69, Val Loss: 14450897.00000
Epoch 70, Val Loss: 14179309.00000
Epoch 71, Val Loss: 14136743.00000
Epoch 72, Val Loss: 14858286.00000
Epoch 73, Val Loss: 14013866.00000
Epoch 74, Val Loss: 14653330.00000
Epoch 75, Val Loss: 14415550.00000
Epoch 76, Val Loss: 14446602.00000
Epoch 77, Val Loss: 14726855.00000
Epoch 78, Val Loss: 14451886.00000
Epoch 79, Val Loss: 14262699.00000
Epoch 80, Val Loss: 15175280.00000
Epoch 81, Val Loss: 14301667.00000
Epoch 82, Val Loss: 14451421.00000
Epoch 83, Val Loss: 14247479.00000
Epoch 84, Val Loss: 14925014.00000
Epoch 85, Val Loss: 14566545.00000
Epoch 86, Val Loss: 14289406.00000
Epoch 87, Val Loss: 14613539.00000
Epoch 88, Val Loss: 14256855.00000
Epoch 89, Val Loss: 14542526.00000
Epoch 90, Val Loss: 14851174.00000
Epoch 91, Val Loss: 14779163.00000
Epoch 92, Val Loss: 14337717.00000
Epoch 93, Val Loss: 14459175.00000
Epoch 94, Val Loss: 14216399.00000
Early stopping applies.
{'MSE - mean': 14019725.739109067, 'MSE - std': 0.0, 'R2 - mean': 0.4511843204501155, 'R2 - std': 0.0}
In get_device
On Device: cuda
Fitted encoder
Epoch 0, Val Loss: 17099564.00000
Epoch 1, Val Loss: 17445180.00000
Epoch 2, Val Loss: 16166485.00000
Epoch 3, Val Loss: 16063347.00000
Epoch 4, Val Loss: 15766257.00000
Epoch 5, Val Loss: 15984765.00000
Epoch 6, Val Loss: 15457120.00000
Epoch 7, Val Loss: 15614077.00000
Epoch 8, Val Loss: 15678026.00000
Epoch 9, Val Loss: 15780406.00000
Epoch 10, Val Loss: 15441660.00000
Epoch 11, Val Loss: 15565497.00000
Epoch 12, Val Loss: 16346231.00000
Epoch 13, Val Loss: 15302160.00000
Epoch 14, Val Loss: 15082529.00000
Epoch 15, Val Loss: 15337204.00000
Epoch 16, Val Loss: 15608050.00000
Epoch 17, Val Loss: 15372534.00000
Epoch 18, Val Loss: 14946525.00000
Epoch 19, Val Loss: 15700598.00000
Epoch 20, Val Loss: 15283978.00000
Epoch 21, Val Loss: 14869956.00000
Epoch 22, Val Loss: 15363448.00000
Epoch 23, Val Loss: 15042612.00000
Epoch 24, Val Loss: 14916222.00000
Epoch 25, Val Loss: 14890974.00000
Epoch 26, Val Loss: 16650703.00000
Epoch 27, Val Loss: 14996906.00000
Epoch 28, Val Loss: 15887554.00000
Epoch 29, Val Loss: 15135214.00000
Epoch 30, Val Loss: 14911780.00000
Epoch 31, Val Loss: 15374926.00000
Epoch 32, Val Loss: 14639181.00000
Epoch 33, Val Loss: 15415953.00000
Epoch 34, Val Loss: 15021920.00000
Epoch 35, Val Loss: 14763416.00000
Epoch 36, Val Loss: 14897223.00000
Epoch 37, Val Loss: 15252750.00000
Epoch 38, Val Loss: 15189288.00000
Epoch 39, Val Loss: 15449468.00000
Epoch 40, Val Loss: 14513585.00000
Epoch 41, Val Loss: 14808186.00000
Epoch 42, Val Loss: 15560192.00000
Epoch 43, Val Loss: 14786774.00000
Epoch 44, Val Loss: 14902633.00000
Epoch 45, Val Loss: 15478325.00000
Epoch 46, Val Loss: 14585131.00000
Epoch 47, Val Loss: 14985032.00000
Epoch 48, Val Loss: 14797689.00000
Epoch 49, Val Loss: 14738021.00000
Epoch 50, Val Loss: 14976572.00000
Epoch 51, Val Loss: 14670582.00000
Epoch 52, Val Loss: 15123318.00000
Epoch 53, Val Loss: 14608864.00000
Epoch 54, Val Loss: 14858088.00000
Epoch 55, Val Loss: 14568697.00000
Epoch 56, Val Loss: 14562865.00000
Epoch 57, Val Loss: 14683683.00000
Epoch 58, Val Loss: 14763065.00000
Epoch 59, Val Loss: 14828013.00000
Epoch 60, Val Loss: 14732734.00000
Epoch 61, Val Loss: 14653533.00000
Early stopping applies.
{'MSE - mean': 14259940.662647326, 'MSE - std': 240214.9235382583, 'R2 - mean': 0.44509862161753794, 'R2 - std': 0.006085698832577535}
In get_device
On Device: cuda
Fitted encoder
Epoch 0, Val Loss: 17003792.00000
Epoch 1, Val Loss: 16635806.00000
Epoch 2, Val Loss: 16606319.00000
Epoch 3, Val Loss: 16076177.00000
Epoch 4, Val Loss: 15830674.00000
Epoch 5, Val Loss: 16082045.00000
Epoch 6, Val Loss: 16216787.00000
Epoch 7, Val Loss: 16460067.00000
Epoch 8, Val Loss: 15740946.00000
Epoch 9, Val Loss: 15523710.00000
Epoch 10, Val Loss: 15371035.00000
Epoch 11, Val Loss: 15569885.00000
Epoch 12, Val Loss: 15973730.00000
Epoch 13, Val Loss: 15354956.00000
Epoch 14, Val Loss: 15616191.00000
Epoch 15, Val Loss: 15584237.00000
Epoch 16, Val Loss: 15160682.00000
Epoch 17, Val Loss: 15320577.00000
Epoch 18, Val Loss: 15077186.00000
Epoch 19, Val Loss: 15282425.00000
Epoch 20, Val Loss: 15034779.00000
Epoch 21, Val Loss: 14889863.00000
Epoch 22, Val Loss: 14805068.00000
Epoch 23, Val Loss: 14995358.00000
Epoch 24, Val Loss: 14955543.00000
Epoch 25, Val Loss: 15040947.00000
Epoch 26, Val Loss: 15068970.00000
Epoch 27, Val Loss: 15081885.00000
Epoch 28, Val Loss: 14841864.00000
Epoch 29, Val Loss: 15009734.00000
Epoch 30, Val Loss: 14672606.00000
Epoch 31, Val Loss: 14654874.00000
Epoch 32, Val Loss: 14720813.00000
Epoch 33, Val Loss: 14943634.00000
Epoch 34, Val Loss: 14983998.00000
Epoch 35, Val Loss: 14746759.00000
Epoch 36, Val Loss: 14995187.00000
Epoch 37, Val Loss: 14399684.00000
Epoch 38, Val Loss: 14834593.00000
Epoch 39, Val Loss: 14824119.00000
Epoch 40, Val Loss: 14639255.00000
Epoch 41, Val Loss: 14756364.00000
Epoch 42, Val Loss: 14544918.00000
Epoch 43, Val Loss: 14627816.00000
Epoch 44, Val Loss: 14937401.00000
Epoch 45, Val Loss: 14737570.00000
Epoch 46, Val Loss: 14956472.00000
Epoch 47, Val Loss: 14527925.00000
Epoch 48, Val Loss: 14864286.00000
Epoch 49, Val Loss: 14795007.00000
Epoch 50, Val Loss: 14958280.00000
Epoch 51, Val Loss: 14732244.00000
Epoch 52, Val Loss: 14916497.00000
Epoch 53, Val Loss: 14925639.00000
Epoch 54, Val Loss: 14548434.00000
Epoch 55, Val Loss: 15132867.00000
Epoch 56, Val Loss: 14501887.00000
Epoch 57, Val Loss: 14673548.00000
Epoch 58, Val Loss: 15114562.00000
Early stopping applies.
{'MSE - mean': 14308099.684727311, 'MSE - std': 207623.19028084274, 'R2 - mean': 0.44397243633953565, 'R2 - std': 0.005217956823764315}
In get_device
On Device: cuda
Fitted encoder
Epoch 0, Val Loss: 17491586.00000
Epoch 1, Val Loss: 17047618.00000
Epoch 2, Val Loss: 16612078.00000
Epoch 3, Val Loss: 16323728.00000
Epoch 4, Val Loss: 16373834.00000
Epoch 5, Val Loss: 16581210.00000
Epoch 6, Val Loss: 15782649.00000
Epoch 7, Val Loss: 15397698.00000
Epoch 8, Val Loss: 15520824.00000
Epoch 9, Val Loss: 15427280.00000
Epoch 10, Val Loss: 15407353.00000
Epoch 11, Val Loss: 15384932.00000
Epoch 12, Val Loss: 15518882.00000
Epoch 13, Val Loss: 15442436.00000
Epoch 14, Val Loss: 15166634.00000
Epoch 15, Val Loss: 15287563.00000
Epoch 16, Val Loss: 15610650.00000
Epoch 17, Val Loss: 15389255.00000
Epoch 18, Val Loss: 14942385.00000
Epoch 19, Val Loss: 15164424.00000
Epoch 20, Val Loss: 15014760.00000
Epoch 21, Val Loss: 15205692.00000
Epoch 22, Val Loss: 15278786.00000
Epoch 23, Val Loss: 14873552.00000
Epoch 24, Val Loss: 14903591.00000
Epoch 25, Val Loss: 14979877.00000
Epoch 26, Val Loss: 14968111.00000
Epoch 27, Val Loss: 15046891.00000
Epoch 28, Val Loss: 15383238.00000
Epoch 29, Val Loss: 14957054.00000
Epoch 30, Val Loss: 15036737.00000
Epoch 31, Val Loss: 14859226.00000
Epoch 32, Val Loss: 14717728.00000
Epoch 33, Val Loss: 15072048.00000
Epoch 34, Val Loss: 15007398.00000
Epoch 35, Val Loss: 15000425.00000
Epoch 36, Val Loss: 14869250.00000
Epoch 37, Val Loss: 15211410.00000
Epoch 38, Val Loss: 15293570.00000
Epoch 39, Val Loss: 14762665.00000
Epoch 40, Val Loss: 14685072.00000
Epoch 41, Val Loss: 14806321.00000
Epoch 42, Val Loss: 14966021.00000
Epoch 43, Val Loss: 14648143.00000
Epoch 44, Val Loss: 14845962.00000
Epoch 45, Val Loss: 14629177.00000
Epoch 46, Val Loss: 15163451.00000
Epoch 47, Val Loss: 14658489.00000
Epoch 48, Val Loss: 15239596.00000
Epoch 49, Val Loss: 15283465.00000
Epoch 50, Val Loss: 14784477.00000
Epoch 51, Val Loss: 15233232.00000
Epoch 52, Val Loss: 15183520.00000
Epoch 53, Val Loss: 15002180.00000
Epoch 54, Val Loss: 14775588.00000
Epoch 55, Val Loss: 15576766.00000
Epoch 56, Val Loss: 14749047.00000
Epoch 57, Val Loss: 15064363.00000
Epoch 58, Val Loss: 15117830.00000
Epoch 59, Val Loss: 15250835.00000
Epoch 60, Val Loss: 14955776.00000
Epoch 61, Val Loss: 14779594.00000
Epoch 62, Val Loss: 14785038.00000
Epoch 63, Val Loss: 14813513.00000
Epoch 64, Val Loss: 14907571.00000
Epoch 65, Val Loss: 14859191.00000
Epoch 66, Val Loss: 15355819.00000
Early stopping applies.
{'MSE - mean': 14393424.129145175, 'MSE - std': 232747.3400545052, 'R2 - mean': 0.4414018457039388, 'R2 - std': 0.0063438248485007745}
In get_device
On Device: cuda
Fitted encoder
Epoch 0, Val Loss: 17620542.00000
Epoch 1, Val Loss: 16445907.00000
Epoch 2, Val Loss: 16610957.00000
Epoch 3, Val Loss: 16148264.00000
Epoch 4, Val Loss: 16056706.00000
Epoch 5, Val Loss: 15933126.00000
Epoch 6, Val Loss: 15633984.00000
Epoch 7, Val Loss: 15652113.00000
Epoch 8, Val Loss: 15648397.00000
Epoch 9, Val Loss: 15126343.00000
Epoch 10, Val Loss: 15443536.00000
Epoch 11, Val Loss: 15303184.00000
Epoch 12, Val Loss: 15388336.00000
Epoch 13, Val Loss: 15321825.00000
Epoch 14, Val Loss: 15329330.00000
Epoch 15, Val Loss: 15169572.00000
Epoch 16, Val Loss: 14920423.00000
Epoch 17, Val Loss: 14818394.00000
Epoch 18, Val Loss: 15115485.00000
Epoch 19, Val Loss: 14906101.00000
Epoch 20, Val Loss: 15043782.00000
Epoch 21, Val Loss: 16785694.00000
Epoch 22, Val Loss: 15197075.00000
Epoch 23, Val Loss: 15462444.00000
Epoch 24, Val Loss: 14979615.00000
Epoch 25, Val Loss: 14913807.00000
Epoch 26, Val Loss: 14817075.00000
Epoch 27, Val Loss: 15483466.00000
Epoch 28, Val Loss: 14652281.00000
Epoch 29, Val Loss: 15016020.00000
Epoch 30, Val Loss: 15066190.00000
Epoch 31, Val Loss: 15421027.00000
Epoch 32, Val Loss: 14815298.00000
Epoch 33, Val Loss: 14922767.00000
Epoch 34, Val Loss: 15248192.00000
Epoch 35, Val Loss: 15078106.00000
Epoch 36, Val Loss: 14457526.00000
Epoch 37, Val Loss: 15171919.00000
Epoch 38, Val Loss: 15113936.00000
Epoch 39, Val Loss: 14875657.00000
Epoch 40, Val Loss: 15001365.00000
Epoch 41, Val Loss: 14544632.00000
Epoch 42, Val Loss: 14798497.00000
Epoch 43, Val Loss: 15328720.00000
Epoch 44, Val Loss: 14523285.00000
Epoch 45, Val Loss: 14508111.00000
Epoch 46, Val Loss: 14880696.00000
Epoch 47, Val Loss: 14843505.00000
Epoch 48, Val Loss: 14855205.00000
Epoch 49, Val Loss: 14557985.00000
Epoch 50, Val Loss: 14560119.00000
Epoch 51, Val Loss: 14570512.00000
Epoch 52, Val Loss: 14654519.00000
Epoch 53, Val Loss: 14537061.00000
Epoch 54, Val Loss: 14512759.00000
Epoch 55, Val Loss: 14876885.00000
Epoch 56, Val Loss: 15334694.00000
Epoch 57, Val Loss: 14606923.00000
Early stopping applies.
{'MSE - mean': 14407821.247095052, 'MSE - std': 210157.48252919412, 'R2 - mean': 0.4421908009480173, 'R2 - std': 0.005889405103692594}
Trial 6 finished with value: 14407821.247095052 and parameters: {'p_m': 0.14517790239423123, 'alpha': 6.282398312436975, 'K': 5, 'beta': 8.042876342813862}. Best is trial 1 with value: 12365855.131553797.
In get_device
On Device: cuda
In get_device
On Device: cuda
Fitted encoder
Epoch 0, Val Loss: 21594072.00000
Epoch 1, Val Loss: 19585094.00000
Epoch 2, Val Loss: 18738504.00000
Epoch 3, Val Loss: 17489554.00000
Epoch 4, Val Loss: 17332822.00000
Epoch 5, Val Loss: 16323697.00000
Epoch 6, Val Loss: 16211259.00000
Epoch 7, Val Loss: 15464490.00000
Epoch 8, Val Loss: 15129517.00000
Epoch 9, Val Loss: 14798171.00000
Epoch 10, Val Loss: 15730993.00000
Epoch 11, Val Loss: 14761439.00000
Epoch 12, Val Loss: 14048149.00000
Epoch 13, Val Loss: 13844726.00000
Epoch 14, Val Loss: 13561625.00000
Epoch 15, Val Loss: 13721304.00000
Epoch 16, Val Loss: 13263176.00000
Epoch 17, Val Loss: 13081507.00000
Epoch 18, Val Loss: 12967499.00000
Epoch 19, Val Loss: 13112032.00000
Epoch 20, Val Loss: 12769643.00000
Epoch 21, Val Loss: 12795239.00000
Epoch 22, Val Loss: 12795226.00000
Epoch 23, Val Loss: 12820045.00000
Epoch 24, Val Loss: 12598706.00000
Epoch 25, Val Loss: 12911321.00000
Epoch 26, Val Loss: 12713228.00000
Epoch 27, Val Loss: 12769485.00000
Epoch 28, Val Loss: 12603019.00000
Epoch 29, Val Loss: 13404415.00000
Epoch 30, Val Loss: 12370515.00000
Epoch 31, Val Loss: 12713825.00000
Epoch 32, Val Loss: 12559995.00000
Epoch 33, Val Loss: 12446972.00000
Epoch 34, Val Loss: 12432491.00000
Epoch 35, Val Loss: 12556183.00000
Epoch 36, Val Loss: 12381160.00000
Epoch 37, Val Loss: 12436999.00000
Epoch 38, Val Loss: 12329915.00000
Epoch 39, Val Loss: 12483261.00000
Epoch 40, Val Loss: 12514910.00000
Epoch 41, Val Loss: 12367412.00000
Epoch 42, Val Loss: 12900364.00000
Epoch 43, Val Loss: 12440326.00000
Epoch 44, Val Loss: 12433676.00000
Epoch 45, Val Loss: 12313789.00000
Epoch 46, Val Loss: 12576758.00000
Epoch 47, Val Loss: 12532715.00000
Epoch 48, Val Loss: 12340131.00000
Epoch 49, Val Loss: 12354780.00000
Epoch 50, Val Loss: 12719640.00000
Epoch 51, Val Loss: 12284913.00000
Epoch 52, Val Loss: 12310319.00000
Epoch 53, Val Loss: 12511420.00000
Epoch 54, Val Loss: 12303239.00000
Epoch 55, Val Loss: 12945092.00000
Epoch 56, Val Loss: 12326189.00000
Epoch 57, Val Loss: 12317439.00000
Epoch 58, Val Loss: 12296161.00000
Epoch 59, Val Loss: 12475103.00000
Epoch 60, Val Loss: 12273632.00000
Epoch 61, Val Loss: 12324371.00000
Epoch 62, Val Loss: 12540698.00000
Epoch 63, Val Loss: 12484770.00000
Epoch 64, Val Loss: 12368852.00000
Epoch 65, Val Loss: 12538374.00000
Epoch 66, Val Loss: 12311685.00000
Epoch 67, Val Loss: 12286974.00000
Epoch 68, Val Loss: 12278480.00000
Epoch 69, Val Loss: 12377683.00000
Epoch 70, Val Loss: 12287578.00000
Epoch 71, Val Loss: 12250438.00000
Epoch 72, Val Loss: 12253772.00000
Epoch 73, Val Loss: 12268790.00000
Epoch 74, Val Loss: 12304212.00000
Epoch 75, Val Loss: 12380863.00000
Epoch 76, Val Loss: 12245810.00000
Epoch 77, Val Loss: 12316049.00000
Epoch 78, Val Loss: 12212944.00000
Epoch 79, Val Loss: 12594667.00000
Epoch 80, Val Loss: 12336423.00000
Epoch 81, Val Loss: 12349815.00000
Epoch 82, Val Loss: 12314934.00000
Epoch 83, Val Loss: 12305655.00000
Epoch 84, Val Loss: 12405820.00000
Epoch 85, Val Loss: 12463366.00000
Epoch 86, Val Loss: 12506022.00000
Epoch 87, Val Loss: 12420184.00000
Epoch 88, Val Loss: 12298232.00000
Epoch 89, Val Loss: 12230827.00000
Epoch 90, Val Loss: 12307919.00000
Epoch 91, Val Loss: 12254126.00000
Epoch 92, Val Loss: 12332072.00000
Epoch 93, Val Loss: 12345435.00000
Epoch 94, Val Loss: 12222839.00000
Epoch 95, Val Loss: 12262398.00000
Epoch 96, Val Loss: 12242112.00000
Epoch 97, Val Loss: 12229996.00000
Epoch 98, Val Loss: 12263564.00000
Epoch 99, Val Loss: 12366950.00000
Early stopping applies.
{'MSE - mean': 12223997.517906463, 'MSE - std': 0.0, 'R2 - mean': 0.521479832812174, 'R2 - std': 0.0}
In get_device
On Device: cuda
Fitted encoder
Epoch 0, Val Loss: 21175168.00000
Epoch 1, Val Loss: 18563396.00000
Epoch 2, Val Loss: 17696528.00000
Epoch 3, Val Loss: 16956456.00000
Epoch 4, Val Loss: 15581582.00000
Epoch 5, Val Loss: 15173149.00000
Epoch 6, Val Loss: 14573427.00000
Epoch 7, Val Loss: 13651404.00000
Epoch 8, Val Loss: 13603740.00000
Epoch 9, Val Loss: 13252132.00000
Epoch 10, Val Loss: 13168326.00000
Epoch 11, Val Loss: 13133110.00000
Epoch 12, Val Loss: 13230898.00000
Epoch 13, Val Loss: 13285491.00000
Epoch 14, Val Loss: 13959120.00000
Epoch 15, Val Loss: 13130534.00000
Epoch 16, Val Loss: 12994757.00000
Epoch 17, Val Loss: 13068136.00000
Epoch 18, Val Loss: 12912360.00000
Epoch 19, Val Loss: 12977113.00000
Epoch 20, Val Loss: 13343113.00000
Epoch 21, Val Loss: 13185894.00000
Epoch 22, Val Loss: 13181765.00000
Epoch 23, Val Loss: 12783408.00000
Epoch 24, Val Loss: 13178455.00000
Epoch 25, Val Loss: 12853840.00000
Epoch 26, Val Loss: 12782952.00000
Epoch 27, Val Loss: 12759646.00000
Epoch 28, Val Loss: 12684215.00000
Epoch 29, Val Loss: 12653291.00000
Epoch 30, Val Loss: 12835279.00000
Epoch 31, Val Loss: 12765588.00000
Epoch 32, Val Loss: 12880269.00000
Epoch 33, Val Loss: 12899250.00000
Epoch 34, Val Loss: 12729094.00000
Epoch 35, Val Loss: 12658856.00000
Epoch 36, Val Loss: 12682182.00000
Epoch 37, Val Loss: 12624157.00000
Epoch 38, Val Loss: 12560411.00000
Epoch 39, Val Loss: 12628022.00000
Epoch 40, Val Loss: 12578009.00000
Epoch 41, Val Loss: 12485946.00000
Epoch 42, Val Loss: 12613482.00000
Epoch 43, Val Loss: 12542864.00000
Epoch 44, Val Loss: 12639741.00000
Epoch 45, Val Loss: 12711295.00000
Epoch 46, Val Loss: 13033696.00000
Epoch 47, Val Loss: 12508578.00000
Epoch 48, Val Loss: 12612737.00000
Epoch 49, Val Loss: 12621424.00000
Epoch 50, Val Loss: 12635001.00000
Epoch 51, Val Loss: 12696952.00000
Epoch 52, Val Loss: 12486910.00000
Epoch 53, Val Loss: 12770949.00000
Epoch 54, Val Loss: 12632599.00000
Epoch 55, Val Loss: 12439501.00000
Epoch 56, Val Loss: 12571458.00000
Epoch 57, Val Loss: 12520366.00000
Epoch 58, Val Loss: 12438649.00000
Epoch 59, Val Loss: 12493937.00000
Epoch 60, Val Loss: 12590131.00000
Epoch 61, Val Loss: 12525176.00000
Epoch 62, Val Loss: 12485411.00000
Epoch 63, Val Loss: 12571718.00000
Epoch 64, Val Loss: 12430546.00000
Epoch 65, Val Loss: 12578802.00000
Epoch 66, Val Loss: 12391940.00000
Epoch 67, Val Loss: 12449557.00000
Epoch 68, Val Loss: 12462303.00000
Epoch 69, Val Loss: 12500195.00000
Epoch 70, Val Loss: 12521456.00000
Epoch 71, Val Loss: 12391816.00000
Epoch 72, Val Loss: 12503390.00000
Epoch 73, Val Loss: 12707403.00000
Epoch 74, Val Loss: 12856821.00000
Epoch 75, Val Loss: 12425574.00000
Epoch 76, Val Loss: 12465814.00000
Epoch 77, Val Loss: 12686738.00000
Epoch 78, Val Loss: 12426792.00000
Epoch 79, Val Loss: 12471623.00000
Epoch 80, Val Loss: 12391548.00000
Epoch 81, Val Loss: 12680666.00000
Epoch 82, Val Loss: 12404862.00000
Epoch 83, Val Loss: 12435467.00000
Epoch 84, Val Loss: 12386957.00000
Epoch 85, Val Loss: 12469863.00000
Epoch 86, Val Loss: 12416408.00000
Epoch 87, Val Loss: 12621634.00000
Epoch 88, Val Loss: 12512144.00000
Epoch 89, Val Loss: 12364714.00000
Epoch 90, Val Loss: 12390204.00000
Epoch 91, Val Loss: 12423553.00000
Epoch 92, Val Loss: 12626897.00000
Epoch 93, Val Loss: 12493851.00000
Epoch 94, Val Loss: 12408202.00000
Epoch 95, Val Loss: 12470671.00000
Epoch 96, Val Loss: 12469871.00000
Epoch 97, Val Loss: 12442326.00000
Epoch 98, Val Loss: 12365358.00000
Epoch 99, Val Loss: 12426988.00000
Epoch 100, Val Loss: 12431619.00000
Epoch 101, Val Loss: 12460452.00000
Epoch 102, Val Loss: 12536363.00000
Epoch 103, Val Loss: 12497919.00000
Epoch 104, Val Loss: 12472194.00000
Epoch 105, Val Loss: 12357045.00000
Epoch 106, Val Loss: 12502690.00000
Epoch 107, Val Loss: 12438386.00000
Epoch 108, Val Loss: 12371607.00000
Epoch 109, Val Loss: 12734125.00000
Epoch 110, Val Loss: 12397113.00000
Epoch 111, Val Loss: 12454040.00000
Epoch 112, Val Loss: 12447840.00000
Epoch 113, Val Loss: 12415807.00000
Epoch 114, Val Loss: 12381112.00000
Epoch 115, Val Loss: 12564984.00000
Epoch 116, Val Loss: 12505846.00000
Epoch 117, Val Loss: 12470363.00000
Epoch 118, Val Loss: 12506507.00000
Epoch 119, Val Loss: 12382006.00000
Epoch 120, Val Loss: 12411179.00000
Epoch 121, Val Loss: 12431452.00000
Epoch 122, Val Loss: 12430719.00000
Epoch 123, Val Loss: 12368299.00000
Epoch 124, Val Loss: 12450358.00000
Epoch 125, Val Loss: 12367252.00000
Epoch 126, Val Loss: 12434787.00000
Early stopping applies.
{'MSE - mean': 12286142.828857237, 'MSE - std': 62145.3109507747, 'R2 - mean': 0.5218724769849659, 'R2 - std': 0.00039264417279177843}
In get_device
On Device: cuda
Fitted encoder
Epoch 0, Val Loss: 22033176.00000
Epoch 1, Val Loss: 19235984.00000
Epoch 2, Val Loss: 17744998.00000
Epoch 3, Val Loss: 16176943.00000
Epoch 4, Val Loss: 15562917.00000
Epoch 5, Val Loss: 14642657.00000
Epoch 6, Val Loss: 14567598.00000
Epoch 7, Val Loss: 14708310.00000
Epoch 8, Val Loss: 14558052.00000
Epoch 9, Val Loss: 14116947.00000
Epoch 10, Val Loss: 13722707.00000
Epoch 11, Val Loss: 13926591.00000
Epoch 12, Val Loss: 13733723.00000
Epoch 13, Val Loss: 13566121.00000
Epoch 14, Val Loss: 14344590.00000
Epoch 15, Val Loss: 13232513.00000
Epoch 16, Val Loss: 13801374.00000
Epoch 17, Val Loss: 13086501.00000
Epoch 18, Val Loss: 13069341.00000
Epoch 19, Val Loss: 13051955.00000
Epoch 20, Val Loss: 13330919.00000
Epoch 21, Val Loss: 13275005.00000
Epoch 22, Val Loss: 12899883.00000
Epoch 23, Val Loss: 12903943.00000
Epoch 24, Val Loss: 12805054.00000
Epoch 25, Val Loss: 12782848.00000
Epoch 26, Val Loss: 12989738.00000
Epoch 27, Val Loss: 12910710.00000
Epoch 28, Val Loss: 12816428.00000
Epoch 29, Val Loss: 12809902.00000
Epoch 30, Val Loss: 12653896.00000
Epoch 31, Val Loss: 12611921.00000
Epoch 32, Val Loss: 12675962.00000
Epoch 33, Val Loss: 12645622.00000
Epoch 34, Val Loss: 12606808.00000
Epoch 35, Val Loss: 12676807.00000
Epoch 36, Val Loss: 12767103.00000
Epoch 37, Val Loss: 12624842.00000
Epoch 38, Val Loss: 12913996.00000
Epoch 39, Val Loss: 12665035.00000
Epoch 40, Val Loss: 12583225.00000
Epoch 41, Val Loss: 12890702.00000
Epoch 42, Val Loss: 12673815.00000
Epoch 43, Val Loss: 13200806.00000
Epoch 44, Val Loss: 12661265.00000
Epoch 45, Val Loss: 13076472.00000
Epoch 46, Val Loss: 12595704.00000
Epoch 47, Val Loss: 12835455.00000
Epoch 48, Val Loss: 12791623.00000
Epoch 49, Val Loss: 12572351.00000
Epoch 50, Val Loss: 12670197.00000
Epoch 51, Val Loss: 12577132.00000
Epoch 52, Val Loss: 12543861.00000
Epoch 53, Val Loss: 12589250.00000
Epoch 54, Val Loss: 12691245.00000
Epoch 55, Val Loss: 12527376.00000
Epoch 56, Val Loss: 12569675.00000
Epoch 57, Val Loss: 12587573.00000
Epoch 58, Val Loss: 12614844.00000
Epoch 59, Val Loss: 12535618.00000
Epoch 60, Val Loss: 12912144.00000
Epoch 61, Val Loss: 12530468.00000
Epoch 62, Val Loss: 12496267.00000
Epoch 63, Val Loss: 12574619.00000
Epoch 64, Val Loss: 12606560.00000
Epoch 65, Val Loss: 12703024.00000
Epoch 66, Val Loss: 12591693.00000
Epoch 67, Val Loss: 12728088.00000
Epoch 68, Val Loss: 12545462.00000
Epoch 69, Val Loss: 12604411.00000
Epoch 70, Val Loss: 12545486.00000
Epoch 71, Val Loss: 12596557.00000
Epoch 72, Val Loss: 12485225.00000
Epoch 73, Val Loss: 12640086.00000
Epoch 74, Val Loss: 12500903.00000
Epoch 75, Val Loss: 12525789.00000
Epoch 76, Val Loss: 12495083.00000
Epoch 77, Val Loss: 12510308.00000
Epoch 78, Val Loss: 12796649.00000
Epoch 79, Val Loss: 12591419.00000
Epoch 80, Val Loss: 12721278.00000
Epoch 81, Val Loss: 12480580.00000
Epoch 82, Val Loss: 12516562.00000
Epoch 83, Val Loss: 12478402.00000
Epoch 84, Val Loss: 12465891.00000
Epoch 85, Val Loss: 12616721.00000
Epoch 86, Val Loss: 12504185.00000
Epoch 87, Val Loss: 12512127.00000
Epoch 88, Val Loss: 12494629.00000
Epoch 89, Val Loss: 12561873.00000
Epoch 90, Val Loss: 12483647.00000
Epoch 91, Val Loss: 12710180.00000
Epoch 92, Val Loss: 12608392.00000
Epoch 93, Val Loss: 12452220.00000
Epoch 94, Val Loss: 12470709.00000
Epoch 95, Val Loss: 12514090.00000
Epoch 96, Val Loss: 12443199.00000
Epoch 97, Val Loss: 12590074.00000
Epoch 98, Val Loss: 12548417.00000
Epoch 99, Val Loss: 12683157.00000
Epoch 100, Val Loss: 12705681.00000
Epoch 101, Val Loss: 12724170.00000
Epoch 102, Val Loss: 12513595.00000
Epoch 103, Val Loss: 12479264.00000
Epoch 104, Val Loss: 12492763.00000
Epoch 105, Val Loss: 12571906.00000
Epoch 106, Val Loss: 12505778.00000
Epoch 107, Val Loss: 12464478.00000
Epoch 108, Val Loss: 12472189.00000
Epoch 109, Val Loss: 12505778.00000
Epoch 110, Val Loss: 12522051.00000
Epoch 111, Val Loss: 12538319.00000
Epoch 112, Val Loss: 12537946.00000
Epoch 113, Val Loss: 12658678.00000
Epoch 114, Val Loss: 12521780.00000
Epoch 115, Val Loss: 12516996.00000
Epoch 116, Val Loss: 12495359.00000
Epoch 117, Val Loss: 12633903.00000
Early stopping applies.
{'MSE - mean': 12340719.386639237, 'MSE - std': 92368.25447148897, 'R2 - mean': 0.5204061344239691, 'R2 - std': 0.0020983566530341107}
In get_device
On Device: cuda
Fitted encoder
Epoch 0, Val Loss: 21392082.00000
Epoch 1, Val Loss: 21252496.00000
Epoch 2, Val Loss: 19001874.00000
Epoch 3, Val Loss: 18195306.00000
Epoch 4, Val Loss: 16653437.00000
Epoch 5, Val Loss: 15964147.00000
Epoch 6, Val Loss: 16000734.00000
Epoch 7, Val Loss: 15502531.00000
Epoch 8, Val Loss: 14923555.00000
Epoch 9, Val Loss: 15187025.00000
Epoch 10, Val Loss: 14943977.00000
Epoch 11, Val Loss: 13992032.00000
Epoch 12, Val Loss: 14281200.00000
Epoch 13, Val Loss: 14267331.00000
Epoch 14, Val Loss: 13309533.00000
Epoch 15, Val Loss: 13211939.00000
Epoch 16, Val Loss: 13805832.00000
Epoch 17, Val Loss: 13072278.00000
Epoch 18, Val Loss: 13011285.00000
Epoch 19, Val Loss: 13250229.00000
Epoch 20, Val Loss: 13109728.00000
Epoch 21, Val Loss: 12831845.00000
Epoch 22, Val Loss: 12792744.00000
Epoch 23, Val Loss: 13133324.00000
Epoch 24, Val Loss: 12776039.00000
Epoch 25, Val Loss: 13280845.00000
Epoch 26, Val Loss: 12888573.00000
Epoch 27, Val Loss: 12962919.00000
Epoch 28, Val Loss: 12654775.00000
Epoch 29, Val Loss: 12735146.00000
Epoch 30, Val Loss: 12744866.00000
Epoch 31, Val Loss: 12871017.00000
Epoch 32, Val Loss: 13145081.00000
Epoch 33, Val Loss: 12761728.00000
Epoch 34, Val Loss: 12763266.00000
Epoch 35, Val Loss: 12858494.00000
Epoch 36, Val Loss: 12592333.00000
Epoch 37, Val Loss: 12554578.00000
Epoch 38, Val Loss: 12809715.00000
Epoch 39, Val Loss: 12674689.00000
Epoch 40, Val Loss: 12656734.00000
Epoch 41, Val Loss: 13219671.00000
Epoch 42, Val Loss: 12696671.00000
Epoch 43, Val Loss: 12544246.00000
Epoch 44, Val Loss: 12593380.00000
Epoch 45, Val Loss: 12804318.00000
Epoch 46, Val Loss: 12601735.00000
Epoch 47, Val Loss: 12715829.00000
Epoch 48, Val Loss: 12624822.00000
Epoch 49, Val Loss: 12653840.00000
Epoch 50, Val Loss: 12558910.00000
Epoch 51, Val Loss: 12550816.00000
Epoch 52, Val Loss: 12490243.00000
Epoch 53, Val Loss: 12659137.00000
Epoch 54, Val Loss: 12795662.00000
Epoch 55, Val Loss: 12594367.00000
Epoch 56, Val Loss: 12606174.00000
Epoch 57, Val Loss: 12530646.00000
Epoch 58, Val Loss: 12652389.00000
Epoch 59, Val Loss: 12467814.00000
Epoch 60, Val Loss: 12432417.00000
Epoch 61, Val Loss: 12493586.00000
Epoch 62, Val Loss: 12520810.00000
Epoch 63, Val Loss: 12464118.00000
Epoch 64, Val Loss: 12569956.00000
Epoch 65, Val Loss: 12472277.00000
Epoch 66, Val Loss: 12477179.00000
Epoch 67, Val Loss: 12552062.00000
Epoch 68, Val Loss: 12491041.00000
Epoch 69, Val Loss: 12495180.00000
Epoch 70, Val Loss: 12506105.00000
Epoch 71, Val Loss: 12479795.00000
Epoch 72, Val Loss: 12459677.00000
Epoch 73, Val Loss: 12549000.00000
Epoch 74, Val Loss: 12495424.00000
Epoch 75, Val Loss: 12523623.00000
Epoch 76, Val Loss: 12474511.00000
Epoch 77, Val Loss: 12401742.00000
Epoch 78, Val Loss: 12481327.00000
Epoch 79, Val Loss: 12473768.00000
Epoch 80, Val Loss: 12413079.00000
Epoch 81, Val Loss: 12503149.00000
Epoch 82, Val Loss: 12440787.00000
Epoch 83, Val Loss: 12469418.00000
Epoch 84, Val Loss: 12440136.00000
Epoch 85, Val Loss: 12419821.00000
Epoch 86, Val Loss: 12587962.00000
Epoch 87, Val Loss: 12486685.00000
Epoch 88, Val Loss: 12404513.00000
Epoch 89, Val Loss: 12581045.00000
Epoch 90, Val Loss: 12481063.00000
Epoch 91, Val Loss: 12516465.00000
Epoch 92, Val Loss: 12508978.00000
Epoch 93, Val Loss: 12437232.00000
Epoch 94, Val Loss: 12531674.00000
Epoch 95, Val Loss: 12603117.00000
Epoch 96, Val Loss: 12516576.00000
Epoch 97, Val Loss: 12446106.00000
Epoch 98, Val Loss: 12443633.00000
Early stopping applies.
{'MSE - mean': 12358424.059249252, 'MSE - std': 85669.63944283647, 'R2 - mean': 0.5203546637892402, 'R2 - std': 0.0018194156098092452}
In get_device
On Device: cuda
Fitted encoder
Epoch 0, Val Loss: 21172248.00000
Epoch 1, Val Loss: 19729706.00000
Epoch 2, Val Loss: 18792578.00000
Epoch 3, Val Loss: 18045190.00000
Epoch 4, Val Loss: 16683755.00000
Epoch 5, Val Loss: 15433999.00000
Epoch 6, Val Loss: 14898947.00000
Epoch 7, Val Loss: 14716844.00000
Epoch 8, Val Loss: 13954873.00000
Epoch 9, Val Loss: 14035547.00000
Epoch 10, Val Loss: 13976200.00000
Epoch 11, Val Loss: 13850322.00000
Epoch 12, Val Loss: 13453232.00000
Epoch 13, Val Loss: 13482164.00000
Epoch 14, Val Loss: 13246996.00000
Epoch 15, Val Loss: 13474970.00000
Epoch 16, Val Loss: 13032635.00000
Epoch 17, Val Loss: 13000522.00000
Epoch 18, Val Loss: 12923852.00000
Epoch 19, Val Loss: 12891990.00000
Epoch 20, Val Loss: 12624061.00000
Epoch 21, Val Loss: 12740333.00000
Epoch 22, Val Loss: 12732057.00000
Epoch 23, Val Loss: 12729810.00000
Epoch 24, Val Loss: 12694333.00000
Epoch 25, Val Loss: 12564273.00000
Epoch 26, Val Loss: 12608379.00000
Epoch 27, Val Loss: 12595127.00000
Epoch 28, Val Loss: 12525536.00000
Epoch 29, Val Loss: 12634923.00000
Epoch 30, Val Loss: 12512731.00000
Epoch 31, Val Loss: 12596428.00000
Epoch 32, Val Loss: 12507789.00000
Epoch 33, Val Loss: 12760830.00000
Epoch 34, Val Loss: 12579641.00000
Epoch 35, Val Loss: 13329558.00000
Epoch 36, Val Loss: 12525037.00000
Epoch 37, Val Loss: 12665063.00000
Epoch 38, Val Loss: 12435462.00000
Epoch 39, Val Loss: 13561072.00000
Epoch 40, Val Loss: 12788303.00000
Epoch 41, Val Loss: 12626976.00000
Epoch 42, Val Loss: 12444496.00000
Epoch 43, Val Loss: 12717900.00000
Epoch 44, Val Loss: 12455850.00000
Epoch 45, Val Loss: 12398639.00000
Epoch 46, Val Loss: 12934590.00000
Epoch 47, Val Loss: 12410955.00000
Epoch 48, Val Loss: 12476376.00000
Epoch 49, Val Loss: 12495084.00000
Epoch 50, Val Loss: 13008419.00000
Epoch 51, Val Loss: 12387448.00000
Epoch 52, Val Loss: 12473273.00000
Epoch 53, Val Loss: 12523511.00000
Epoch 54, Val Loss: 12439085.00000
Epoch 55, Val Loss: 12408504.00000
Epoch 56, Val Loss: 12818051.00000
Epoch 57, Val Loss: 12506234.00000
Epoch 58, Val Loss: 12447531.00000
Epoch 59, Val Loss: 12344651.00000
Epoch 60, Val Loss: 12376580.00000
Epoch 61, Val Loss: 12449562.00000
Epoch 62, Val Loss: 12424128.00000
Epoch 63, Val Loss: 12418808.00000
Epoch 64, Val Loss: 12368247.00000
Epoch 65, Val Loss: 12527326.00000
Epoch 66, Val Loss: 12489876.00000
Epoch 67, Val Loss: 12433475.00000
Epoch 68, Val Loss: 12469887.00000
Epoch 69, Val Loss: 12381410.00000
Epoch 70, Val Loss: 12427370.00000
Epoch 71, Val Loss: 12528472.00000
Epoch 72, Val Loss: 12392627.00000
Epoch 73, Val Loss: 12565087.00000
Epoch 74, Val Loss: 12416190.00000
Epoch 75, Val Loss: 12325034.00000
Epoch 76, Val Loss: 12388345.00000
Epoch 77, Val Loss: 12343103.00000
Epoch 78, Val Loss: 12426668.00000
Epoch 79, Val Loss: 12346747.00000
Epoch 80, Val Loss: 12363141.00000
Epoch 81, Val Loss: 12739820.00000
Epoch 82, Val Loss: 12473928.00000
Epoch 83, Val Loss: 12355354.00000
Epoch 84, Val Loss: 12373582.00000
Epoch 85, Val Loss: 12426507.00000
Epoch 86, Val Loss: 12420061.00000
Epoch 87, Val Loss: 12374623.00000
Epoch 88, Val Loss: 12406673.00000
Epoch 89, Val Loss: 12345293.00000
Epoch 90, Val Loss: 12525225.00000
Epoch 91, Val Loss: 12431362.00000
Epoch 92, Val Loss: 12413580.00000
Epoch 93, Val Loss: 12398691.00000
Epoch 94, Val Loss: 12345598.00000
Epoch 95, Val Loss: 12532902.00000
Epoch 96, Val Loss: 12469114.00000
Early stopping applies.
{'MSE - mean': 12352444.967353215, 'MSE - std': 77552.7424235756, 'R2 - mean': 0.5217401243524522, 'R2 - std': 0.003213444011934372}
Trial 7 finished with value: 12352444.967353215 and parameters: {'p_m': 0.7771285841037905, 'alpha': 0.9963316678527481, 'K': 20, 'beta': 8.87703689518799}. Best is trial 7 with value: 12352444.967353215.
In get_device
On Device: cuda
In get_device
On Device: cuda
Fitted encoder
Epoch 0, Val Loss: 18998820.00000
Epoch 1, Val Loss: 17576412.00000
Epoch 2, Val Loss: 17452806.00000
Epoch 3, Val Loss: 17232930.00000
Epoch 4, Val Loss: 17551408.00000
Epoch 5, Val Loss: 17057854.00000
Epoch 6, Val Loss: 16898094.00000
Epoch 7, Val Loss: 17368270.00000
Epoch 8, Val Loss: 16410730.00000
Epoch 9, Val Loss: 17000392.00000
Epoch 10, Val Loss: 16733622.00000
Epoch 11, Val Loss: 16082330.00000
Epoch 12, Val Loss: 16624875.00000
Epoch 13, Val Loss: 16066160.00000
Epoch 14, Val Loss: 15957256.00000
Epoch 15, Val Loss: 16429976.00000
Epoch 16, Val Loss: 16164554.00000
Epoch 17, Val Loss: 15838506.00000
Epoch 18, Val Loss: 16204407.00000
Epoch 19, Val Loss: 15960045.00000
Epoch 20, Val Loss: 15681715.00000
Epoch 21, Val Loss: 16231106.00000
Epoch 22, Val Loss: 15605720.00000
Epoch 23, Val Loss: 15498347.00000
Epoch 24, Val Loss: 15688111.00000
Epoch 25, Val Loss: 15689981.00000
Epoch 26, Val Loss: 16448145.00000
Epoch 27, Val Loss: 15534015.00000
Epoch 28, Val Loss: 15629568.00000
Epoch 29, Val Loss: 15373645.00000
Epoch 30, Val Loss: 16099781.00000
Epoch 31, Val Loss: 15736763.00000
Epoch 32, Val Loss: 15244551.00000
Epoch 33, Val Loss: 15566092.00000
Epoch 34, Val Loss: 15516522.00000
Epoch 35, Val Loss: 15748674.00000
Epoch 36, Val Loss: 16143019.00000
Epoch 37, Val Loss: 15497291.00000
Epoch 38, Val Loss: 15476044.00000
Epoch 39, Val Loss: 15765513.00000
Epoch 40, Val Loss: 16272249.00000
Epoch 41, Val Loss: 15308799.00000
Epoch 42, Val Loss: 15292275.00000
Epoch 43, Val Loss: 16077191.00000
Epoch 44, Val Loss: 15626727.00000
Epoch 45, Val Loss: 15890042.00000
Epoch 46, Val Loss: 14955461.00000
Epoch 47, Val Loss: 15142142.00000
Epoch 48, Val Loss: 15278605.00000
Epoch 49, Val Loss: 15417525.00000
Epoch 50, Val Loss: 15280373.00000
Epoch 51, Val Loss: 16160842.00000
Epoch 52, Val Loss: 15733687.00000
Epoch 53, Val Loss: 15372262.00000
Epoch 54, Val Loss: 15965838.00000
Epoch 55, Val Loss: 16287942.00000
Epoch 56, Val Loss: 15237456.00000
Epoch 57, Val Loss: 15184932.00000
Epoch 58, Val Loss: 15995760.00000
Epoch 59, Val Loss: 15042655.00000
Epoch 60, Val Loss: 15584018.00000
Epoch 61, Val Loss: 15423031.00000
Epoch 62, Val Loss: 15096632.00000
Epoch 63, Val Loss: 15140396.00000
Epoch 64, Val Loss: 15394487.00000
Epoch 65, Val Loss: 14925237.00000
Epoch 66, Val Loss: 15053767.00000
Epoch 67, Val Loss: 15807279.00000
Epoch 68, Val Loss: 14477923.00000
Epoch 69, Val Loss: 14931469.00000
Epoch 70, Val Loss: 15083791.00000
Epoch 71, Val Loss: 15004805.00000
Epoch 72, Val Loss: 15458278.00000
Epoch 73, Val Loss: 15127207.00000
Epoch 74, Val Loss: 14788329.00000
Epoch 75, Val Loss: 14622462.00000
Epoch 76, Val Loss: 15049856.00000
Epoch 77, Val Loss: 14630526.00000
Epoch 78, Val Loss: 14847931.00000
Epoch 79, Val Loss: 14668525.00000
Epoch 80, Val Loss: 15384972.00000
Epoch 81, Val Loss: 15071503.00000
Epoch 82, Val Loss: 14851341.00000
Epoch 83, Val Loss: 15018864.00000
Epoch 84, Val Loss: 14614557.00000
Epoch 85, Val Loss: 15148063.00000
Epoch 86, Val Loss: 14559728.00000
Epoch 87, Val Loss: 14525206.00000
Epoch 88, Val Loss: 14589580.00000
Epoch 89, Val Loss: 14375914.00000
Epoch 90, Val Loss: 14446417.00000
Epoch 91, Val Loss: 14601743.00000
Epoch 92, Val Loss: 14835996.00000
Epoch 93, Val Loss: 14738526.00000
Epoch 94, Val Loss: 15161203.00000
Epoch 95, Val Loss: 14645252.00000
Epoch 96, Val Loss: 14723641.00000
Epoch 97, Val Loss: 14635844.00000
Epoch 98, Val Loss: 14735777.00000
Epoch 99, Val Loss: 14661789.00000
Epoch 100, Val Loss: 15158979.00000
Epoch 101, Val Loss: 15042607.00000
Epoch 102, Val Loss: 14608250.00000
Epoch 103, Val Loss: 14644954.00000
Epoch 104, Val Loss: 14343076.00000
Epoch 105, Val Loss: 15192227.00000
Epoch 106, Val Loss: 15587682.00000
Epoch 107, Val Loss: 15250469.00000
Epoch 108, Val Loss: 14656119.00000
Epoch 109, Val Loss: 14524783.00000
Epoch 110, Val Loss: 14685246.00000
Epoch 111, Val Loss: 14808544.00000
Epoch 112, Val Loss: 14324576.00000
Epoch 113, Val Loss: 14245412.00000
Epoch 114, Val Loss: 14640861.00000
Epoch 115, Val Loss: 14502345.00000
Epoch 116, Val Loss: 14935387.00000
Epoch 117, Val Loss: 14705744.00000
Epoch 118, Val Loss: 14802760.00000
Epoch 119, Val Loss: 15023575.00000
Epoch 120, Val Loss: 14719723.00000
Epoch 121, Val Loss: 14327984.00000
Epoch 122, Val Loss: 14667635.00000
Epoch 123, Val Loss: 14382288.00000
Epoch 124, Val Loss: 14510278.00000
Epoch 125, Val Loss: 14676398.00000
Epoch 126, Val Loss: 14594701.00000
Epoch 127, Val Loss: 14340811.00000
Epoch 128, Val Loss: 14631452.00000
Epoch 129, Val Loss: 14571203.00000
Epoch 130, Val Loss: 14446120.00000
Epoch 131, Val Loss: 14803503.00000
Epoch 132, Val Loss: 14442018.00000
Epoch 133, Val Loss: 14645733.00000
Epoch 134, Val Loss: 14676876.00000
Early stopping applies.
{'MSE - mean': 14253668.299109597, 'MSE - std': 0.0, 'R2 - mean': 0.4420264134103099, 'R2 - std': 0.0}
In get_device
On Device: cuda
Fitted encoder
Epoch 0, Val Loss: 19107888.00000
Epoch 1, Val Loss: 18153316.00000
Epoch 2, Val Loss: 17785910.00000
Epoch 3, Val Loss: 17242150.00000
Epoch 4, Val Loss: 17594992.00000
Epoch 5, Val Loss: 17302034.00000
Epoch 6, Val Loss: 17213358.00000
Epoch 7, Val Loss: 17300486.00000
Epoch 8, Val Loss: 17007388.00000
Epoch 9, Val Loss: 17539678.00000
Epoch 10, Val Loss: 17393470.00000
Epoch 11, Val Loss: 16526672.00000
Epoch 12, Val Loss: 16470989.00000
Epoch 13, Val Loss: 16650273.00000
Epoch 14, Val Loss: 16941836.00000
Epoch 15, Val Loss: 16773425.00000
Epoch 16, Val Loss: 16660058.00000
Epoch 17, Val Loss: 16534315.00000
Epoch 18, Val Loss: 17101238.00000
Epoch 19, Val Loss: 16409983.00000
Epoch 20, Val Loss: 15882850.00000
Epoch 21, Val Loss: 16193496.00000
Epoch 22, Val Loss: 16159039.00000
Epoch 23, Val Loss: 16192618.00000
Epoch 24, Val Loss: 16378776.00000
Epoch 25, Val Loss: 15915417.00000
Epoch 26, Val Loss: 16171739.00000
Epoch 27, Val Loss: 16887046.00000
Epoch 28, Val Loss: 16358510.00000
Epoch 29, Val Loss: 16199235.00000
Epoch 30, Val Loss: 15760245.00000
Epoch 31, Val Loss: 16124688.00000
Epoch 32, Val Loss: 16159067.00000
Epoch 33, Val Loss: 16499833.00000
Epoch 34, Val Loss: 15962395.00000
Epoch 35, Val Loss: 15770015.00000
Epoch 36, Val Loss: 16433746.00000
Epoch 37, Val Loss: 16160424.00000
Epoch 38, Val Loss: 16025897.00000
Epoch 39, Val Loss: 16032713.00000
Epoch 40, Val Loss: 16363045.00000
Epoch 41, Val Loss: 16205918.00000
Epoch 42, Val Loss: 16041163.00000
Epoch 43, Val Loss: 16811994.00000
Epoch 44, Val Loss: 16007544.00000
Epoch 45, Val Loss: 15863960.00000
Epoch 46, Val Loss: 15704352.00000
Epoch 47, Val Loss: 15773389.00000
Epoch 48, Val Loss: 16540596.00000
Epoch 49, Val Loss: 15541039.00000
Epoch 50, Val Loss: 16269472.00000
Epoch 51, Val Loss: 16042726.00000
Epoch 52, Val Loss: 16214820.00000
Epoch 53, Val Loss: 15727371.00000
Epoch 54, Val Loss: 16426539.00000
Epoch 55, Val Loss: 16000201.00000
Epoch 56, Val Loss: 16705726.00000
Epoch 57, Val Loss: 15856768.00000
Epoch 58, Val Loss: 15888536.00000
Epoch 59, Val Loss: 15698011.00000
Epoch 60, Val Loss: 16099330.00000
Epoch 61, Val Loss: 15473998.00000
Epoch 62, Val Loss: 15850749.00000
Epoch 63, Val Loss: 15587536.00000
Epoch 64, Val Loss: 15583831.00000
Epoch 65, Val Loss: 15893358.00000
Epoch 66, Val Loss: 15779216.00000
Epoch 67, Val Loss: 16116647.00000
Epoch 68, Val Loss: 15603048.00000
Epoch 69, Val Loss: 15516228.00000
Epoch 70, Val Loss: 15742476.00000
Epoch 71, Val Loss: 16281289.00000
Epoch 72, Val Loss: 15467674.00000
Epoch 73, Val Loss: 15360362.00000
Epoch 74, Val Loss: 15647084.00000
Epoch 75, Val Loss: 15852869.00000
Epoch 76, Val Loss: 15578912.00000
Epoch 77, Val Loss: 15181638.00000
Epoch 78, Val Loss: 15278568.00000
Epoch 79, Val Loss: 15409905.00000
Epoch 80, Val Loss: 15194171.00000
Epoch 81, Val Loss: 15391336.00000
Epoch 82, Val Loss: 15432412.00000
Epoch 83, Val Loss: 15544801.00000
Epoch 84, Val Loss: 14910072.00000
Epoch 85, Val Loss: 15414512.00000
Epoch 86, Val Loss: 15052017.00000
Epoch 87, Val Loss: 15628455.00000
Epoch 88, Val Loss: 14947368.00000
Epoch 89, Val Loss: 15154318.00000
Epoch 90, Val Loss: 15030008.00000
Epoch 91, Val Loss: 15550549.00000
Epoch 92, Val Loss: 14937922.00000
Epoch 93, Val Loss: 15296551.00000
Epoch 94, Val Loss: 15122471.00000
Epoch 95, Val Loss: 15069564.00000
Epoch 96, Val Loss: 14774070.00000
