[I 2024-12-27 22:35:36,893] A new study created in RDB with name: VIME_Boston
[I 2024-12-27 22:38:34,616] Trial 0 finished with value: 19.254771562900338 and parameters: {'p_m': 0.854161221836222, 'alpha': 0.5625859120576774, 'K': 10, 'beta': 1.9941300327940024}. Best is trial 0 with value: 19.254771562900338.
[I 2024-12-27 22:40:57,930] Trial 1 finished with value: 38.49018661210454 and parameters: {'p_m': 0.30709941448831213, 'alpha': 1.5976600002884151, 'K': 10, 'beta': 8.096711521688963}. Best is trial 0 with value: 19.254771562900338.
[I 2024-12-27 22:43:28,450] Trial 2 finished with value: 17.53723026937071 and parameters: {'p_m': 0.21221899989390167, 'alpha': 7.132222225731543, 'K': 3, 'beta': 1.268957529918097}. Best is trial 2 with value: 17.53723026937071.
[I 2024-12-27 22:46:19,319] Trial 3 finished with value: 18.06322533375693 and parameters: {'p_m': 0.6572665732644435, 'alpha': 1.4385667822563493, 'K': 10, 'beta': 2.090630499816996}. Best is trial 2 with value: 17.53723026937071.
[I 2024-12-27 22:49:02,781] Trial 4 finished with value: 39.177208808066716 and parameters: {'p_m': 0.41966473961409445, 'alpha': 9.924994099299338, 'K': 10, 'beta': 8.771353727377731}. Best is trial 2 with value: 17.53723026937071.
[I 2024-12-27 22:52:13,871] Trial 5 finished with value: 33.34131971017947 and parameters: {'p_m': 0.40248474413035573, 'alpha': 7.797717869045522, 'K': 20, 'beta': 5.973581921873219}. Best is trial 2 with value: 17.53723026937071.
[I 2024-12-27 22:54:32,312] Trial 6 finished with value: 33.63520254081063 and parameters: {'p_m': 0.8358858097135097, 'alpha': 3.5704347852017655, 'K': 5, 'beta': 7.7510257257180255}. Best is trial 2 with value: 17.53723026937071.
[I 2024-12-27 22:57:21,983] Trial 7 finished with value: 31.293914580726106 and parameters: {'p_m': 0.43468975375828145, 'alpha': 1.592870968892137, 'K': 10, 'beta': 5.02774323710861}. Best is trial 2 with value: 17.53723026937071.
[I 2024-12-27 23:00:18,231] Trial 8 finished with value: 17.69699366371409 and parameters: {'p_m': 0.1481282587348104, 'alpha': 1.7518020372429186, 'K': 15, 'beta': 1.7657397078619903}. Best is trial 2 with value: 17.53723026937071.
[I 2024-12-27 23:03:21,961] Trial 9 finished with value: 15.647389093612134 and parameters: {'p_m': 0.816231079290175, 'alpha': 7.689445098873369, 'K': 15, 'beta': 0.8392770516925878}. Best is trial 9 with value: 15.647389093612134.
[I 2024-12-27 23:05:41,880] Trial 10 finished with value: 26.082748153166513 and parameters: {'p_m': 0.6546774039638165, 'alpha': 5.883502803616764, 'K': 2, 'beta': 4.044828468101283}. Best is trial 9 with value: 15.647389093612134.
[I 2024-12-27 23:08:08,694] Trial 11 finished with value: 13.861968161239394 and parameters: {'p_m': 0.10801629755118963, 'alpha': 7.1614501952998895, 'K': 3, 'beta': 0.5385359136312947}. Best is trial 11 with value: 13.861968161239394.
[I 2024-12-27 23:11:10,988] Trial 12 finished with value: 13.757661479531288 and parameters: {'p_m': 0.6072377933382083, 'alpha': 8.973978967704818, 'K': 15, 'beta': 0.48915829224107377}. Best is trial 12 with value: 13.757661479531288.
[I 2024-12-27 23:13:40,070] Trial 13 finished with value: 24.406798651780623 and parameters: {'p_m': 0.6106009861834647, 'alpha': 9.764079629560781, 'K': 3, 'beta': 3.3800019476246668}. Best is trial 12 with value: 13.757661479531288.
[I 2024-12-27 23:16:11,980] Trial 14 finished with value: 14.513651875157075 and parameters: {'p_m': 0.5480480629780139, 'alpha': 5.348243073562566, 'K': 3, 'beta': 0.3489190775046648}. Best is trial 12 with value: 13.757661479531288.
[I 2024-12-27 23:19:01,692] Trial 15 finished with value: 14.20888005127073 and parameters: {'p_m': 0.2703889528630119, 'alpha': 8.610821242362753, 'K': 15, 'beta': 0.11026260424937218}. Best is trial 12 with value: 13.757661479531288.
[I 2024-12-27 23:21:26,765] Trial 16 finished with value: 17.697267091482736 and parameters: {'p_m': 0.11174472382281103, 'alpha': 6.355050609035331, 'K': 2, 'beta': 2.6697187780575717}. Best is trial 12 with value: 13.757661479531288.
[I 2024-12-27 23:24:42,787] Trial 17 finished with value: 26.314088194574055 and parameters: {'p_m': 0.7208904800622709, 'alpha': 4.1937148543514216, 'K': 20, 'beta': 6.184181279328756}. Best is trial 12 with value: 13.757661479531288.
[I 2024-12-27 23:27:17,132] Trial 18 finished with value: 24.98081630390505 and parameters: {'p_m': 0.500096464682418, 'alpha': 8.968173973937478, 'K': 5, 'beta': 3.5397549810002995}. Best is trial 12 with value: 13.757661479531288.
[I 2024-12-27 23:29:46,575] Trial 19 finished with value: 27.279355512374572 and parameters: {'p_m': 0.7348498918339474, 'alpha': 8.520383385798237, 'K': 3, 'beta': 5.0050418880352225}. Best is trial 12 with value: 13.757661479531288.
[I 2024-12-27 23:32:56,139] A new study created in RDB with name: VIME_Socmob
[I 2024-12-27 23:35:41,356] Trial 0 finished with value: 529.2298625386668 and parameters: {'p_m': 0.543218822790269, 'alpha': 1.636797115748643, 'K': 3, 'beta': 5.889704685929915}. Best is trial 0 with value: 529.2298625386668.
[I 2024-12-27 23:39:30,815] Trial 1 finished with value: 520.2257427256975 and parameters: {'p_m': 0.5925163365293488, 'alpha': 4.783536119561153, 'K': 10, 'beta': 6.031968493196474}. Best is trial 1 with value: 520.2257427256975.
[I 2024-12-27 23:44:02,198] Trial 2 finished with value: 578.9046292742264 and parameters: {'p_m': 0.8327907547622754, 'alpha': 8.761943454283534, 'K': 20, 'beta': 9.742155166099014}. Best is trial 1 with value: 520.2257427256975.
[I 2024-12-27 23:48:39,585] Trial 3 finished with value: 510.83113783857164 and parameters: {'p_m': 0.17815219965451617, 'alpha': 7.113068731495981, 'K': 15, 'beta': 5.804702883289874}. Best is trial 3 with value: 510.83113783857164.
[I 2024-12-27 23:53:37,270] Trial 4 finished with value: 527.508588535638 and parameters: {'p_m': 0.47024665804377175, 'alpha': 6.533920866957121, 'K': 20, 'beta': 5.7989465418087365}. Best is trial 3 with value: 510.83113783857164.
[I 2024-12-27 23:56:06,126] Trial 5 finished with value: 526.9401218815825 and parameters: {'p_m': 0.8235454734959021, 'alpha': 2.0784222862930393, 'K': 2, 'beta': 6.689116365489123}. Best is trial 3 with value: 510.83113783857164.
[I 2024-12-27 23:59:38,758] Trial 6 finished with value: 580.6297732125319 and parameters: {'p_m': 0.6115524603455085, 'alpha': 7.589234954522328, 'K': 5, 'beta': 8.913990012134255}. Best is trial 3 with value: 510.83113783857164.
[I 2024-12-28 00:01:37,910] Trial 7 finished with value: 404.66823881840185 and parameters: {'p_m': 0.28020384184599867, 'alpha': 8.672052563582893, 'K': 2, 'beta': 0.2611776148846983}. Best is trial 7 with value: 404.66823881840185.
[I 2024-12-28 00:04:37,468] Trial 8 finished with value: 400.8089566591094 and parameters: {'p_m': 0.6884448738798603, 'alpha': 9.31461428509892, 'K': 5, 'beta': 1.0737507557846329}. Best is trial 8 with value: 400.8089566591094.
[I 2024-12-28 00:07:27,930] Trial 9 finished with value: 500.84164229392036 and parameters: {'p_m': 0.7595569140172133, 'alpha': 2.1143714816424914, 'K': 2, 'beta': 5.762391947929418}. Best is trial 8 with value: 400.8089566591094.
[I 2024-12-28 00:09:48,098] Trial 10 finished with value: 406.17063194130304 and parameters: {'p_m': 0.38811339648212473, 'alpha': 4.569181972355861, 'K': 5, 'beta': 0.6445435428057857}. Best is trial 8 with value: 400.8089566591094.
[I 2024-12-28 00:12:07,465] Trial 11 finished with value: 421.50818024533385 and parameters: {'p_m': 0.20529211037772865, 'alpha': 9.680185396544521, 'K': 2, 'beta': 0.33325234910916407}. Best is trial 8 with value: 400.8089566591094.
[I 2024-12-28 00:15:36,005] Trial 12 finished with value: 391.5927710878068 and parameters: {'p_m': 0.3222902381969614, 'alpha': 9.70254191186996, 'K': 5, 'beta': 2.4831629149930583}. Best is trial 12 with value: 391.5927710878068.
[I 2024-12-28 00:18:40,987] Trial 13 finished with value: 388.717936024599 and parameters: {'p_m': 0.6951445671901066, 'alpha': 9.8652315743057, 'K': 5, 'beta': 2.7348425739655875}. Best is trial 13 with value: 388.717936024599.
[I 2024-12-28 00:22:21,114] Trial 14 finished with value: 388.0070319574838 and parameters: {'p_m': 0.3637143627216804, 'alpha': 9.932803517172895, 'K': 5, 'beta': 2.985207225876382}. Best is trial 14 with value: 388.0070319574838.
[I 2024-12-28 00:25:32,958] Trial 15 finished with value: 433.31498695090914 and parameters: {'p_m': 0.4428243185990021, 'alpha': 0.12731281020526808, 'K': 5, 'beta': 3.3961631678785036}. Best is trial 14 with value: 388.0070319574838.
[I 2024-12-28 00:29:49,003] Trial 16 finished with value: 385.4244860018163 and parameters: {'p_m': 0.897400994861878, 'alpha': 5.779985737039167, 'K': 15, 'beta': 3.828858185721007}. Best is trial 16 with value: 385.4244860018163.
[I 2024-12-28 00:33:22,917] Trial 17 finished with value: 458.9011165764791 and parameters: {'p_m': 0.12709713869339295, 'alpha': 5.837157229027971, 'K': 15, 'beta': 3.949979406327684}. Best is trial 16 with value: 385.4244860018163.
[I 2024-12-28 00:37:45,563] Trial 18 finished with value: 401.6249044024007 and parameters: {'p_m': 0.8857314333368405, 'alpha': 3.3867155610544746, 'K': 15, 'beta': 4.3893930962455405}. Best is trial 16 with value: 385.4244860018163.
[I 2024-12-28 00:41:17,787] Trial 19 finished with value: 806.5976297628952 and parameters: {'p_m': 0.3477964253470156, 'alpha': 3.613120430101601, 'K': 10, 'beta': 7.576721681597132}. Best is trial 16 with value: 385.4244860018163.
[I 2024-12-28 00:45:39,201] A new study created in RDB with name: VIME_Sensory
[I 2024-12-28 00:47:47,215] Trial 0 finished with value: 0.831976103582145 and parameters: {'p_m': 0.7633117742792742, 'alpha': 6.703218008495074, 'K': 2, 'beta': 9.627262638356246}. Best is trial 0 with value: 0.831976103582145.
[I 2024-12-28 00:49:24,624] Trial 1 finished with value: 0.9885334506124168 and parameters: {'p_m': 0.8085621872058929, 'alpha': 9.812082380835113, 'K': 2, 'beta': 5.280473768062347}. Best is trial 0 with value: 0.831976103582145.
[I 2024-12-28 00:51:23,831] Trial 2 finished with value: 0.7346422069719397 and parameters: {'p_m': 0.6335664123173573, 'alpha': 4.610881353924457, 'K': 2, 'beta': 1.3917721627640423}. Best is trial 2 with value: 0.7346422069719397.
[I 2024-12-28 00:53:08,255] Trial 3 finished with value: 0.8591753833789758 and parameters: {'p_m': 0.8014678068361122, 'alpha': 7.561509329019805, 'K': 3, 'beta': 3.517962515819181}. Best is trial 2 with value: 0.7346422069719397.
[I 2024-12-28 00:55:17,635] Trial 4 finished with value: 0.699448772765621 and parameters: {'p_m': 0.433424403375415, 'alpha': 3.8077796592236752, 'K': 5, 'beta': 1.941776711946965}. Best is trial 4 with value: 0.699448772765621.
[I 2024-12-28 00:57:38,512] Trial 5 finished with value: 0.8381330149122617 and parameters: {'p_m': 0.7357239253342831, 'alpha': 2.0906833042592305, 'K': 20, 'beta': 2.4731702980602717}. Best is trial 4 with value: 0.699448772765621.
[I 2024-12-28 01:00:02,651] Trial 6 finished with value: 0.7580528246981009 and parameters: {'p_m': 0.6228540405466001, 'alpha': 6.355281851986772, 'K': 10, 'beta': 4.321238019045759}. Best is trial 4 with value: 0.699448772765621.
[I 2024-12-28 01:02:48,756] Trial 7 finished with value: 0.6386101052704193 and parameters: {'p_m': 0.6343401142294406, 'alpha': 3.0332475210711816, 'K': 10, 'beta': 7.493940822751691}. Best is trial 7 with value: 0.6386101052704193.
[I 2024-12-28 01:05:54,927] Trial 8 finished with value: 0.623232718767049 and parameters: {'p_m': 0.35834505961407814, 'alpha': 8.865109732172423, 'K': 20, 'beta': 1.445254124302329}. Best is trial 8 with value: 0.623232718767049.
[I 2024-12-28 01:09:19,577] Trial 9 finished with value: 0.6280269435681982 and parameters: {'p_m': 0.7958210404666505, 'alpha': 9.551548747527795, 'K': 20, 'beta': 7.144741022649919}. Best is trial 8 with value: 0.623232718767049.
[I 2024-12-28 01:12:33,281] Trial 10 finished with value: 0.615966251948494 and parameters: {'p_m': 0.19310329125878734, 'alpha': 0.6443134978351539, 'K': 15, 'beta': 0.3344954378705445}. Best is trial 10 with value: 0.615966251948494.
[I 2024-12-28 01:15:45,297] Trial 11 finished with value: 0.6397641321300035 and parameters: {'p_m': 0.19826691331223356, 'alpha': 1.7612261462252752, 'K': 15, 'beta': 0.21109910978535829}. Best is trial 10 with value: 0.615966251948494.
[I 2024-12-28 01:19:04,183] Trial 12 finished with value: 0.6694806017571986 and parameters: {'p_m': 0.18928034155846882, 'alpha': 0.5403391714008139, 'K': 15, 'beta': 0.2731291400351656}. Best is trial 10 with value: 0.615966251948494.
[I 2024-12-28 01:21:37,731] Trial 13 finished with value: 0.8411185267355019 and parameters: {'p_m': 0.34329905000212374, 'alpha': 0.11008344705550421, 'K': 15, 'beta': 3.069355541171687}. Best is trial 10 with value: 0.615966251948494.
[I 2024-12-28 01:24:57,538] Trial 14 finished with value: 0.619043558623733 and parameters: {'p_m': 0.30243343982165205, 'alpha': 8.039932261008591, 'K': 20, 'beta': 0.7461560484212445}. Best is trial 10 with value: 0.615966251948494.
[I 2024-12-28 01:27:36,403] Trial 15 finished with value: 0.6195250789556503 and parameters: {'p_m': 0.28926906602188485, 'alpha': 5.430222145463203, 'K': 5, 'beta': 0.41023126196686766}. Best is trial 10 with value: 0.615966251948494.
[I 2024-12-28 01:29:07,761] Trial 16 finished with value: 0.8153044346415876 and parameters: {'p_m': 0.11994175701933416, 'alpha': 7.953463569473662, 'K': 3, 'beta': 5.2358517402313245}. Best is trial 10 with value: 0.615966251948494.
[I 2024-12-28 01:31:17,247] Trial 17 finished with value: 0.8167052028017305 and parameters: {'p_m': 0.4846188118374922, 'alpha': 5.774228578345333, 'K': 15, 'beta': 3.6756437288863877}. Best is trial 10 with value: 0.615966251948494.
[I 2024-12-28 01:34:19,079] Trial 18 finished with value: 0.7028152349381929 and parameters: {'p_m': 0.24037286171992267, 'alpha': 4.025655134241929, 'K': 20, 'beta': 1.3425843206683652}. Best is trial 10 with value: 0.615966251948494.
[I 2024-12-28 01:37:27,112] Trial 19 finished with value: 0.6596736597819604 and parameters: {'p_m': 0.10869394372336642, 'alpha': 8.038093107707763, 'K': 20, 'beta': 6.4020299586491385}. Best is trial 10 with value: 0.615966251948494.
[I 2024-12-28 01:40:45,163] A new study created in RDB with name: VIME_Moneyball
[I 2024-12-28 01:44:06,816] Trial 0 finished with value: 2485.1230530550665 and parameters: {'p_m': 0.4710733409984339, 'alpha': 9.156960212340596, 'K': 5, 'beta': 6.901158525673627}. Best is trial 0 with value: 2485.1230530550665.
[I 2024-12-28 01:48:32,004] Trial 1 finished with value: 3185.303261506836 and parameters: {'p_m': 0.4497676700445731, 'alpha': 5.8217926652544625, 'K': 20, 'beta': 9.952129968196079}. Best is trial 0 with value: 2485.1230530550665.
[I 2024-12-28 01:52:16,722] Trial 2 finished with value: 1379.7816476291991 and parameters: {'p_m': 0.5653609527477511, 'alpha': 6.7496658029384315, 'K': 5, 'beta': 2.3829073515453}. Best is trial 2 with value: 1379.7816476291991.
[I 2024-12-28 01:55:20,601] Trial 3 finished with value: 990.0197052375003 and parameters: {'p_m': 0.19711511707091348, 'alpha': 9.327361177029823, 'K': 2, 'beta': 1.973879205256387}. Best is trial 3 with value: 990.0197052375003.
[I 2024-12-28 01:58:03,941] Trial 4 finished with value: 2941.369557683976 and parameters: {'p_m': 0.6071958372041835, 'alpha': 0.18935805794190125, 'K': 3, 'beta': 9.756552557053691}. Best is trial 3 with value: 990.0197052375003.
[I 2024-12-28 02:01:26,938] Trial 5 finished with value: 699.7367495159644 and parameters: {'p_m': 0.15750059051845655, 'alpha': 0.5197219266161169, 'K': 3, 'beta': 0.5843947475228416}. Best is trial 5 with value: 699.7367495159644.
[I 2024-12-28 02:04:47,506] Trial 6 finished with value: 1762.0661275574007 and parameters: {'p_m': 0.8621852241116781, 'alpha': 2.2870988334128386, 'K': 3, 'beta': 4.016023529315644}. Best is trial 5 with value: 699.7367495159644.
[I 2024-12-28 02:07:43,829] Trial 7 finished with value: 2358.702153086463 and parameters: {'p_m': 0.8901298101432918, 'alpha': 2.032763604700324, 'K': 2, 'beta': 9.114071312897881}. Best is trial 5 with value: 699.7367495159644.
[I 2024-12-28 02:11:56,814] Trial 8 finished with value: 1960.4006783011778 and parameters: {'p_m': 0.45555572605013006, 'alpha': 4.770334357374798, 'K': 20, 'beta': 2.165682829175484}. Best is trial 5 with value: 699.7367495159644.
[I 2024-12-28 02:15:08,555] Trial 9 finished with value: 1505.4777374096388 and parameters: {'p_m': 0.7087970592501603, 'alpha': 7.600428578601137, 'K': 3, 'beta': 2.7569434022652035}. Best is trial 5 with value: 699.7367495159644.
[I 2024-12-28 02:19:32,120] Trial 10 finished with value: 781.0996165865075 and parameters: {'p_m': 0.13972255087527052, 'alpha': 3.502279955396731, 'K': 10, 'beta': 0.5746645498828968}. Best is trial 5 with value: 699.7367495159644.
[I 2024-12-28 02:24:04,192] Trial 11 finished with value: 717.61157923731 and parameters: {'p_m': 0.11039116151416797, 'alpha': 3.671237931924166, 'K': 10, 'beta': 0.10418602501644053}. Best is trial 5 with value: 699.7367495159644.
[I 2024-12-28 02:28:25,698] Trial 12 finished with value: 759.8626935805217 and parameters: {'p_m': 0.2762762303579336, 'alpha': 0.22119185836892852, 'K': 10, 'beta': 0.32878218277468263}. Best is trial 5 with value: 699.7367495159644.
[I 2024-12-28 02:33:07,569] Trial 13 finished with value: 1880.1400158186261 and parameters: {'p_m': 0.3155351719787862, 'alpha': 2.0744734374914455, 'K': 15, 'beta': 5.332022452179541}. Best is trial 5 with value: 699.7367495159644.
[I 2024-12-28 02:37:36,672] Trial 14 finished with value: 675.7521213062583 and parameters: {'p_m': 0.11970194609473549, 'alpha': 4.349662299510898, 'K': 10, 'beta': 0.18183110613620657}. Best is trial 14 with value: 675.7521213062583.
[I 2024-12-28 02:41:56,302] Trial 15 finished with value: 1910.055109881586 and parameters: {'p_m': 0.2991846667331364, 'alpha': 4.496032089957432, 'K': 15, 'beta': 4.109854641680041}. Best is trial 14 with value: 675.7521213062583.
[I 2024-12-28 02:44:41,569] Trial 16 finished with value: 1499.8289173024468 and parameters: {'p_m': 0.2031591335437296, 'alpha': 1.0644294269009698, 'K': 10, 'beta': 1.3217676985139306}. Best is trial 14 with value: 675.7521213062583.
[I 2024-12-28 02:47:23,947] Trial 17 finished with value: 2179.3500271349903 and parameters: {'p_m': 0.37362228796637065, 'alpha': 7.786543794010776, 'K': 3, 'beta': 6.661284808364508}. Best is trial 14 with value: 675.7521213062583.
[I 2024-12-28 02:49:32,095] Trial 18 finished with value: 1742.5052019842356 and parameters: {'p_m': 0.10112076341487428, 'alpha': 3.3230038293952324, 'K': 3, 'beta': 3.4706336785018634}. Best is trial 14 with value: 675.7521213062583.
[I 2024-12-28 02:52:54,997] Trial 19 finished with value: 1387.943597414326 and parameters: {'p_m': 0.18943892858255384, 'alpha': 6.024623599305219, 'K': 10, 'beta': 1.2952766051956053}. Best is trial 14 with value: 675.7521213062583.
