[I 2024-12-27 20:56:41,454] A new study created in RDB with name: VIME_Brazillian_Houses
[W 2024-12-27 20:56:41,871] Trial 0 failed with parameters: {'p_m': 0.6422781390183327, 'alpha': 7.634675018494107, 'K': 20, 'beta': 6.318834199460037} because of the following error: ValueError("could not convert string to float: 'furnished'").
Traceback (most recent call last):
  File "/home/mburu/.local/lib/python3.8/site-packages/optuna/study/_optimize.py", line 197, in _run_trial
    value_or_values = func(trial)
  File "train.py", line 136, in __call__
    sc, time = cross_validation(model, self.X, self.y, self.args, visual=False)
  File "train.py", line 46, in cross_validation
    loss_history, val_loss_history = curr_model.fit(X_train, y_train, X_test, y_test)  # X_val, y_val)
  File "/home/mburu/Master_Thesis/master-thesis-da/DNN_Trial/models/vime.py", line 39, in fit
    X = X.astype(float)
ValueError: could not convert string to float: 'furnished'
[W 2024-12-27 20:56:41,872] Trial 0 failed with value None.
Traceback (most recent call last):
  File "train.py", line 186, in <module>
    main(arguments)
  File "train.py", line 157, in main
    study.optimize(Objective(args, model_name, X, y), n_trials=args.n_trials)
  File "/home/mburu/.local/lib/python3.8/site-packages/optuna/study/study.py", line 475, in optimize
    _optimize(
  File "/home/mburu/.local/lib/python3.8/site-packages/optuna/study/_optimize.py", line 63, in _optimize
    _optimize_sequential(
  File "/home/mburu/.local/lib/python3.8/site-packages/optuna/study/_optimize.py", line 160, in _optimize_sequential
    frozen_trial = _run_trial(study, func, catch)
  File "/home/mburu/.local/lib/python3.8/site-packages/optuna/study/_optimize.py", line 248, in _run_trial
    raise func_err
  File "/home/mburu/.local/lib/python3.8/site-packages/optuna/study/_optimize.py", line 197, in _run_trial
    value_or_values = func(trial)
  File "train.py", line 136, in __call__
    sc, time = cross_validation(model, self.X, self.y, self.args, visual=False)
  File "train.py", line 46, in cross_validation
    loss_history, val_loss_history = curr_model.fit(X_train, y_train, X_test, y_test)  # X_val, y_val)
  File "/home/mburu/Master_Thesis/master-thesis-da/DNN_Trial/models/vime.py", line 39, in fit
    X = X.astype(float)
ValueError: could not convert string to float: 'furnished'
srun: error: stud-000: task 0: Exited with exit code 1
[I 2024-12-27 20:56:46,602] A new study created in RDB with name: VIME_Abalone
[I 2024-12-27 21:08:06,741] Trial 0 finished with value: 4.658108446368637 and parameters: {'p_m': 0.4531104462670583, 'alpha': 1.0240583928858533, 'K': 20, 'beta': 0.2546447268684935}. Best is trial 0 with value: 4.658108446368637.
[I 2024-12-27 21:14:08,731] Trial 1 finished with value: 4.7697787464797265 and parameters: {'p_m': 0.5317505982055122, 'alpha': 5.926016023637411, 'K': 5, 'beta': 1.3944781471916319}. Best is trial 0 with value: 4.658108446368637.
[I 2024-12-27 21:22:49,129] Trial 2 finished with value: 4.9637164766771855 and parameters: {'p_m': 0.17183836603187733, 'alpha': 5.978804038393941, 'K': 10, 'beta': 2.1314975559770803}. Best is trial 0 with value: 4.658108446368637.
[I 2024-12-27 21:34:26,761] Trial 3 finished with value: 5.171112939114873 and parameters: {'p_m': 0.1581611555890941, 'alpha': 2.8377560547804483, 'K': 20, 'beta': 2.7818227115271834}. Best is trial 0 with value: 4.658108446368637.
[I 2024-12-27 21:43:12,211] Trial 4 finished with value: 4.7217326297072315 and parameters: {'p_m': 0.8074135374012863, 'alpha': 0.3500295554909527, 'K': 10, 'beta': 7.054364852950336}. Best is trial 0 with value: 4.658108446368637.
[I 2024-12-27 21:47:55,974] Trial 5 finished with value: 5.619606609185091 and parameters: {'p_m': 0.644719770626321, 'alpha': 8.844225307513618, 'K': 3, 'beta': 7.998460278958792}. Best is trial 0 with value: 4.658108446368637.
[I 2024-12-27 21:58:51,768] Trial 6 finished with value: 4.653930353089623 and parameters: {'p_m': 0.2216265119455243, 'alpha': 6.434995260435152, 'K': 20, 'beta': 0.35076409509239115}. Best is trial 6 with value: 4.653930353089623.
[I 2024-12-27 22:03:30,643] Trial 7 finished with value: 5.342299202594839 and parameters: {'p_m': 0.17759750790688644, 'alpha': 5.463635342363056, 'K': 3, 'beta': 3.2864103093640207}. Best is trial 6 with value: 4.653930353089623.
[I 2024-12-27 22:11:33,395] Trial 8 finished with value: 4.638784670488211 and parameters: {'p_m': 0.13801609063901107, 'alpha': 3.6391053225232315, 'K': 10, 'beta': 0.33225973940697795}. Best is trial 8 with value: 4.638784670488211.
[I 2024-12-27 22:17:42,804] Trial 9 finished with value: 5.349329823187849 and parameters: {'p_m': 0.6810422299582659, 'alpha': 9.599174184794848, 'K': 5, 'beta': 7.616667096548424}. Best is trial 8 with value: 4.638784670488211.
[I 2024-12-27 22:27:55,037] Trial 10 finished with value: 5.521143770829427 and parameters: {'p_m': 0.35392444876692686, 'alpha': 3.54231377116261, 'K': 15, 'beta': 5.260919507227925}. Best is trial 8 with value: 4.638784670488211.
[I 2024-12-27 22:31:54,190] Trial 11 finished with value: 4.740651709632754 and parameters: {'p_m': 0.3102789862681707, 'alpha': 7.469432086359561, 'K': 2, 'beta': 0.21158197373663873}. Best is trial 8 with value: 4.638784670488211.
[I 2024-12-27 22:40:48,015] Trial 12 finished with value: 5.2148739078377 and parameters: {'p_m': 0.10759987069285776, 'alpha': 3.9340566729927966, 'K': 10, 'beta': 4.190888213251094}. Best is trial 8 with value: 4.638784670488211.
[I 2024-12-27 22:50:55,892] Trial 13 finished with value: 5.756367410381448 and parameters: {'p_m': 0.33023182629869097, 'alpha': 2.171196496984105, 'K': 20, 'beta': 5.97439842666519}. Best is trial 8 with value: 4.638784670488211.
[I 2024-12-27 22:59:18,351] Trial 14 finished with value: 6.2180184422996865 and parameters: {'p_m': 0.2651624187933001, 'alpha': 7.384992856737775, 'K': 15, 'beta': 9.920799102743363}. Best is trial 8 with value: 4.638784670488211.
[I 2024-12-27 23:03:43,430] Trial 15 finished with value: 4.829543967908213 and parameters: {'p_m': 0.42946034533185884, 'alpha': 4.80387322934304, 'K': 2, 'beta': 1.1970781831283466}. Best is trial 8 with value: 4.638784670488211.
[I 2024-12-27 23:12:37,499] Trial 16 finished with value: 5.367898394734232 and parameters: {'p_m': 0.2339789696290297, 'alpha': 6.909364712262136, 'K': 10, 'beta': 3.807288008420391}. Best is trial 8 with value: 4.638784670488211.
[I 2024-12-27 23:24:09,930] Trial 17 finished with value: 4.708403722609195 and parameters: {'p_m': 0.5505665746705423, 'alpha': 4.456081714779138, 'K': 20, 'beta': 1.6724818756238964}. Best is trial 8 with value: 4.638784670488211.
[I 2024-12-27 23:34:23,523] Trial 18 finished with value: 4.820015590628351 and parameters: {'p_m': 0.1134404859052685, 'alpha': 8.465967055223135, 'K': 20, 'beta': 0.15271067626602453}. Best is trial 8 with value: 4.638784670488211.
[I 2024-12-27 23:42:55,057] Trial 19 finished with value: 4.741498013148487 and parameters: {'p_m': 0.8908751528421193, 'alpha': 2.5850908012809475, 'K': 10, 'beta': 2.3015367211286875}. Best is trial 8 with value: 4.638784670488211.
