Namespace(batch_size=64, bin_alt=None, cat_dims=[2], cat_idx=[0], config='config/sat11.yml', data_parallel=False, dataset='SAT11', direction='maximize', dropna_idx=[116], early_stopping_rounds=20, epochs=100, frequency_reg=False, gpu_ids=[0, 1], logging_period=100, miss_cat_idx=None, miss_num_idx=None, model_name='VIME', n_trials=80, nominal_idx=[115], num_bins=10, num_classes=1, num_features=117, num_idx=None, num_splits=5, objective='probabilistic_regression', one_hot_encode=True, optimize_hyperparameters=False, ordinal_encode=False, ordinal_idx=None, scale=True, seed=221, shuffle=True, target_encode=False, use_gpu=True, val_batch_size=128, y_distribution='bimodial')
Train model with given hyperparameters
Loading dataset SAT11...
Dataset loaded! 

(1725, 116)
I am in Main Once
In get_device
On Device: cuda
Almost Cross Validating
Fold 1
num_features : 116
num_classes : 1
cat_idx : [0]
nominal_idx : [115]
ordinal_idx : None
num_idx : None
cat_dims : [2]
bin_alt : None
~~~~~~~~~~~~~~~~~~~~~~~~~~~~~~~~~~~~~~~~~~~~~~~~~~~~~~~~~~~~~~~~~~~~~~~~~~~~~~~
BEFORE ANY ENCODING
num_features :116
num_classes : 1
cat_idx : [0]
nominal_idx : [115]
ordinal_idx : None
num_idx : None
cat_dims : [2]
bin_alt : None 


X shape : (1380, 116)
~~~~~~~~~~~~~~~~~~~~~~~~~~~~~~~~~~~~~~~~~~~~~~~~~~~~~~~~~~~~~~~~~~~~~~~~~~~~~~~
~~~~~~~~~~~~~~~~~~~~~~~~~~~~~~~~~~~~~~~~~~~~~~~~~~~~~~~~~~~~~~~~~~~~~~~~~~~~~~~ 


AFTER SEPARATING CATEGORICALS AND NUMERICALS
Numerical Index V1 : [0, 1, 2, 3, 4, 5, 6, 7, 8, 9, 10, 11, 12, 13, 14, 15, 16, 17, 18, 19, 20, 21, 22, 23, 24, 25, 26, 27, 28, 29, 30, 31, 32, 33, 34, 35, 36, 37, 38, 39, 40, 41, 42, 43, 44, 45, 46, 47, 48, 49, 50, 51, 52, 53, 54, 55, 56, 57, 58, 59, 60, 61, 62, 63, 64, 65, 66, 67, 68, 69, 70, 71, 72, 73, 74, 75, 76, 77, 78, 79, 80, 81, 82, 83, 84, 85, 86, 87, 88, 89, 90, 91, 92, 93, 94, 95, 96, 97, 98, 99, 100, 101, 102, 103, 104, 105, 106, 107, 108, 109, 110, 111, 112, 113, 114]
Cat Dims V1 : []
Cat Idx V1 : [115] 
 

~~~~~~~~~~~~~~~~~~~~~~~~~~~~~~~~~~~~~~~~~~~~~~~~~~~~~~~~~~~~~~~~~~~~~~~~~~~~~~~ 


Scaling the data...
One Hot Encoding...
~~~~~~~~~~~~~~~~~~~~~~~~~~~~~~~~~~~~~~~~~~~~~~~~~~~~~~~~~~~~~~~~~~~~~~~~~~~~~~~
After OHE
Numerical Index V2 : [0, 1, 2, 3, 4, 5, 6, 7, 8, 9, 10, 11, 12, 13, 14, 15, 16, 17, 18, 19, 20, 21, 22, 23, 24, 25, 26, 27, 28, 29, 30, 31, 32, 33, 34, 35, 36, 37, 38, 39, 40, 41, 42, 43, 44, 45, 46, 47, 48, 49, 50, 51, 52, 53, 54, 55, 56, 57, 58, 59, 60, 61, 62, 63, 64, 65, 66, 67, 68, 69, 70, 71, 72, 73, 74, 75, 76, 77, 78, 79, 80, 81, 82, 83, 84, 85, 86, 87, 88, 89, 90, 91, 92, 93, 94, 95, 96, 97, 98, 99, 100, 101, 102, 103, 104, 105, 106, 107, 108, 109, 110, 111, 112, 113, 114] 


OHE Idx : [0, 1, 2, 3, 4, 5, 6, 7, 8, 9, 10, 11, 12, 13, 14]


Ordinal Idx V2: None


Cat Dims V2 : []
Cat Idx V2 : None 
 

Train: [[0.0 1.0 0.0 0.0 0.0]
 [0.0 0.0 0.0 0.0 0.0]
 [1.0 0.0 0.0 0.0 0.0]
 [0.0 0.0 0.0 0.0 0.0]
 [0.0 0.0 0.0 0.0 0.0]
 [0.0 0.0 0.0 0.0 0.0]
 [0.0 0.0 0.0 0.0 1.0]
 [0.0 0.0 0.0 0.0 0.0]
 [0.0 0.0 0.0 0.0 0.0]
 [0.0 0.0 0.0 0.0 0.0]] 
 
 
Val : (1380, 130) 
 

~~~~~~~~~~~~~~~~~~~~~~~~~~~~~~~~~~~~~~~~~~~~~~~~~~~~~~~~~~~~~~~~~~~~~~~~~~~~~~~
~~~~~~~~~~~~~~~~~~~~~~~~~~~~~~~~~~~~~~~~~~~~~~~~~~~~~~~~~~~~~~~~~~~~~~~~~~~~~~~
After ORDINAL
Numerical Index V2 : [0, 1, 2, 3, 4, 5, 6, 7, 8, 9, 10, 11, 12, 13, 14, 15, 16, 17, 18, 19, 20, 21, 22, 23, 24, 25, 26, 27, 28, 29, 30, 31, 32, 33, 34, 35, 36, 37, 38, 39, 40, 41, 42, 43, 44, 45, 46, 47, 48, 49, 50, 51, 52, 53, 54, 55, 56, 57, 58, 59, 60, 61, 62, 63, 64, 65, 66, 67, 68, 69, 70, 71, 72, 73, 74, 75, 76, 77, 78, 79, 80, 81, 82, 83, 84, 85, 86, 87, 88, 89, 90, 91, 92, 93, 94, 95, 96, 97, 98, 99, 100, 101, 102, 103, 104, 105, 106, 107, 108, 109, 110, 111, 112, 113, 114] 


OHE Idx : [0, 1, 2, 3, 4, 5, 6, 7, 8, 9, 10, 11, 12, 13, 14]


Ordinal Idx V2: None


Cat Dims V2 : []
Cat Idx V2 : None 
 

Train: [[0.0 1.0 0.0 ... 2.579169386727153 1.2837928753303054 0.9948004955077808]
 [0.0 0.0 0.0 ... 2.579169386727153 1.2837928753303054 0.9948004955077808]
 [1.0 0.0 0.0 ... 2.579169386727153 1.2837928753303054 0.9948004955077808]
 ...
 [0.0 0.0 0.0 ... 2.579169386727153 1.2837928753303054 0.9948004955077808]
 [0.0 0.0 0.0 ... 2.579169386727153 1.2837928753303054 0.9948004955077808]
 [0.0 0.0 0.0 ... 2.579169386727153 1.2837928753303054 0.9948004955077808]] 
 
 
Val : (1380, 130) 
 

FINISHED ENCODING
~~~~~~~~~~~~~~~~~~~~~~~~~~~~~~~~~~~~~~~~~~~~~~~~~~~~~~~~~~~~~~~~~~~~~~~~~~~~~~~
~~~~~~~~~~~~~~~~~~~~~~~~~~~~~~~~~~~~~~~~~~~~~~~~~~~~~~~~~~~~~~~~~~~~~~~~~~~~~~~
num_features :130
num_classes : 1
cat_idx : None
nominal_idx : [0, 1, 2, 3, 4, 5, 6, 7, 8, 9, 10, 11, 12, 13, 14]
ordinal_idx : None
num_idx : [15, 16, 17, 18, 19, 20, 21, 22, 23, 24, 25, 26, 27, 28, 29, 30, 31, 32, 33, 34, 35, 36, 37, 38, 39, 40, 41, 42, 43, 44, 45, 46, 47, 48, 49, 50, 51, 52, 53, 54, 55, 56, 57, 58, 59, 60, 61, 62, 63, 64, 65, 66, 67, 68, 69, 70, 71, 72, 73, 74, 75, 76, 77, 78, 79, 80, 81, 82, 83, 84, 85, 86, 87, 88, 89, 90, 91, 92, 93, 94, 95, 96, 97, 98, 99, 100, 101, 102, 103, 104, 105, 106, 107, 108, 109, 110, 111, 112, 113, 114, 115, 116, 117, 118, 119, 120, 121, 122, 123, 124, 125, 126, 127, 128, 129]
cat_dims : []
~~~~~~~~~~~~~~~~~~~~~~~~~~~~~~~~~~~~~~~~~~~~~~~~~~~~~~~~~~~~~~~~~~~~~~~~~~~~~~~


Number of Classes B4 Bin Verifier: 3
Unique values in y_train: (array([0., 1., 2.]), 3)
Unique values in y_test: (array([0., 1., 2.]), 3)
MAX : 2 , Max diff : 1, LEN : 3 , BINS : 3
VERIFY SHIFT
Train after shift : [0 1 2], Length : 3
Test after shift : [0 1 2], Length : 3
Number of Classes After Bin Verifier: 3
In get_device
On Device: cuda
{'p_m': 0.8537536712438457, 'alpha': 0.11047685312602139, 'K': 20, 'beta': 6.833123020518896}
Fitted encoder
Epoch 0, Val Loss: 1.08652
Epoch 1, Val Loss: 1.07647
Epoch 2, Val Loss: 1.08931
Epoch 3, Val Loss: 1.08931
Epoch 4, Val Loss: 1.09712
Epoch 5, Val Loss: 1.09712
Epoch 6, Val Loss: 1.09712
Epoch 7, Val Loss: 1.09712
Epoch 8, Val Loss: 1.09712
Epoch 9, Val Loss: 1.09712
Epoch 10, Val Loss: 1.09712
Epoch 11, Val Loss: 1.09712
Epoch 12, Val Loss: 1.09712
Epoch 13, Val Loss: 1.09712
Epoch 14, Val Loss: 1.09712
Epoch 15, Val Loss: 1.09712
Epoch 16, Val Loss: 1.09712
Epoch 17, Val Loss: 1.09712
Epoch 18, Val Loss: 1.09712
Epoch 19, Val Loss: 1.09712
Epoch 20, Val Loss: 1.09712
Epoch 21, Val Loss: 1.09712
Epoch 22, Val Loss: 1.09712
Early stopping applies.
State of save is True b4 loss saving
Log file exists at: output/VIME/SAT11/logging/loss_0.txt
File name : output/VIME/SAT11/logging/loss_0.txt . The file was saved
Log file exists at: output/VIME/SAT11/logging/val_loss_0.txt
File name : output/VIME/SAT11/logging/val_loss_0.txt . The file was saved
Saved Losses and Regularization
B4 Evaluation
Number of classes : 3
Unique y_true : [0 1 2] 

Prediction shape : (345,)
Probabilities shape : (345, 3) 

After Evaluation
{'Log Loss - mean': 5.6675, 'Log Loss - std': 0.0} 
 

Fold 2
num_features : 116
num_classes : 1
cat_idx : [0]
nominal_idx : [115]
ordinal_idx : None
num_idx : None
cat_dims : [2]
bin_alt : None
~~~~~~~~~~~~~~~~~~~~~~~~~~~~~~~~~~~~~~~~~~~~~~~~~~~~~~~~~~~~~~~~~~~~~~~~~~~~~~~
BEFORE ANY ENCODING
num_features :116
num_classes : 1
cat_idx : [0]
nominal_idx : [115]
ordinal_idx : None
num_idx : None
cat_dims : [2]
bin_alt : None 


X shape : (1380, 116)
~~~~~~~~~~~~~~~~~~~~~~~~~~~~~~~~~~~~~~~~~~~~~~~~~~~~~~~~~~~~~~~~~~~~~~~~~~~~~~~
~~~~~~~~~~~~~~~~~~~~~~~~~~~~~~~~~~~~~~~~~~~~~~~~~~~~~~~~~~~~~~~~~~~~~~~~~~~~~~~ 


AFTER SEPARATING CATEGORICALS AND NUMERICALS
Numerical Index V1 : [0, 1, 2, 3, 4, 5, 6, 7, 8, 9, 10, 11, 12, 13, 14, 15, 16, 17, 18, 19, 20, 21, 22, 23, 24, 25, 26, 27, 28, 29, 30, 31, 32, 33, 34, 35, 36, 37, 38, 39, 40, 41, 42, 43, 44, 45, 46, 47, 48, 49, 50, 51, 52, 53, 54, 55, 56, 57, 58, 59, 60, 61, 62, 63, 64, 65, 66, 67, 68, 69, 70, 71, 72, 73, 74, 75, 76, 77, 78, 79, 80, 81, 82, 83, 84, 85, 86, 87, 88, 89, 90, 91, 92, 93, 94, 95, 96, 97, 98, 99, 100, 101, 102, 103, 104, 105, 106, 107, 108, 109, 110, 111, 112, 113, 114]
Cat Dims V1 : []
Cat Idx V1 : [115] 
 

~~~~~~~~~~~~~~~~~~~~~~~~~~~~~~~~~~~~~~~~~~~~~~~~~~~~~~~~~~~~~~~~~~~~~~~~~~~~~~~ 


Scaling the data...
One Hot Encoding...
~~~~~~~~~~~~~~~~~~~~~~~~~~~~~~~~~~~~~~~~~~~~~~~~~~~~~~~~~~~~~~~~~~~~~~~~~~~~~~~
After OHE
Numerical Index V2 : [0, 1, 2, 3, 4, 5, 6, 7, 8, 9, 10, 11, 12, 13, 14, 15, 16, 17, 18, 19, 20, 21, 22, 23, 24, 25, 26, 27, 28, 29, 30, 31, 32, 33, 34, 35, 36, 37, 38, 39, 40, 41, 42, 43, 44, 45, 46, 47, 48, 49, 50, 51, 52, 53, 54, 55, 56, 57, 58, 59, 60, 61, 62, 63, 64, 65, 66, 67, 68, 69, 70, 71, 72, 73, 74, 75, 76, 77, 78, 79, 80, 81, 82, 83, 84, 85, 86, 87, 88, 89, 90, 91, 92, 93, 94, 95, 96, 97, 98, 99, 100, 101, 102, 103, 104, 105, 106, 107, 108, 109, 110, 111, 112, 113, 114] 


OHE Idx : [0, 1, 2, 3, 4, 5, 6, 7, 8, 9, 10, 11, 12, 13, 14]


Ordinal Idx V2: None


Cat Dims V2 : []
Cat Idx V2 : None 
 

Train: [[0.0 1.0 0.0 0.0 0.0]
 [0.0 0.0 0.0 0.0 0.0]
 [0.0 0.0 0.0 1.0 0.0]
 [1.0 0.0 0.0 0.0 0.0]
 [0.0 0.0 1.0 0.0 0.0]
 [0.0 0.0 0.0 0.0 0.0]
 [0.0 0.0 0.0 0.0 0.0]
 [0.0 0.0 0.0 0.0 0.0]
 [0.0 0.0 0.0 0.0 1.0]
 [0.0 0.0 0.0 0.0 0.0]] 
 
 
Val : (1380, 130) 
 

~~~~~~~~~~~~~~~~~~~~~~~~~~~~~~~~~~~~~~~~~~~~~~~~~~~~~~~~~~~~~~~~~~~~~~~~~~~~~~~
~~~~~~~~~~~~~~~~~~~~~~~~~~~~~~~~~~~~~~~~~~~~~~~~~~~~~~~~~~~~~~~~~~~~~~~~~~~~~~~
After ORDINAL
Numerical Index V2 : [0, 1, 2, 3, 4, 5, 6, 7, 8, 9, 10, 11, 12, 13, 14, 15, 16, 17, 18, 19, 20, 21, 22, 23, 24, 25, 26, 27, 28, 29, 30, 31, 32, 33, 34, 35, 36, 37, 38, 39, 40, 41, 42, 43, 44, 45, 46, 47, 48, 49, 50, 51, 52, 53, 54, 55, 56, 57, 58, 59, 60, 61, 62, 63, 64, 65, 66, 67, 68, 69, 70, 71, 72, 73, 74, 75, 76, 77, 78, 79, 80, 81, 82, 83, 84, 85, 86, 87, 88, 89, 90, 91, 92, 93, 94, 95, 96, 97, 98, 99, 100, 101, 102, 103, 104, 105, 106, 107, 108, 109, 110, 111, 112, 113, 114] 


OHE Idx : [0, 1, 2, 3, 4, 5, 6, 7, 8, 9, 10, 11, 12, 13, 14]


Ordinal Idx V2: None


Cat Dims V2 : []
Cat Idx V2 : None 
 

Train: [[0.0 1.0 0.0 ... 2.5554593677083233 1.2724838377231176
  0.9898050177516838]
 [0.0 0.0 0.0 ... 2.5554593677083233 1.2724838377231176
  0.9898050177516838]
 [0.0 0.0 0.0 ... 2.5554593677083233 1.2724838377231176
  0.9898050177516838]
 ...
 [0.0 0.0 0.0 ... 2.5554593677083233 1.2724838377231176
  0.9898050177516838]
 [0.0 0.0 0.0 ... 2.5554593677083233 1.2724838377231176
  0.9898050177516838]
 [0.0 0.0 0.0 ... 2.5554593677083233 1.2724838377231176
  0.9898050177516838]] 
 
 
Val : (1380, 130) 
 

FINISHED ENCODING
~~~~~~~~~~~~~~~~~~~~~~~~~~~~~~~~~~~~~~~~~~~~~~~~~~~~~~~~~~~~~~~~~~~~~~~~~~~~~~~
~~~~~~~~~~~~~~~~~~~~~~~~~~~~~~~~~~~~~~~~~~~~~~~~~~~~~~~~~~~~~~~~~~~~~~~~~~~~~~~
num_features :130
num_classes : 1
cat_idx : None
nominal_idx : [0, 1, 2, 3, 4, 5, 6, 7, 8, 9, 10, 11, 12, 13, 14]
ordinal_idx : None
num_idx : [15, 16, 17, 18, 19, 20, 21, 22, 23, 24, 25, 26, 27, 28, 29, 30, 31, 32, 33, 34, 35, 36, 37, 38, 39, 40, 41, 42, 43, 44, 45, 46, 47, 48, 49, 50, 51, 52, 53, 54, 55, 56, 57, 58, 59, 60, 61, 62, 63, 64, 65, 66, 67, 68, 69, 70, 71, 72, 73, 74, 75, 76, 77, 78, 79, 80, 81, 82, 83, 84, 85, 86, 87, 88, 89, 90, 91, 92, 93, 94, 95, 96, 97, 98, 99, 100, 101, 102, 103, 104, 105, 106, 107, 108, 109, 110, 111, 112, 113, 114, 115, 116, 117, 118, 119, 120, 121, 122, 123, 124, 125, 126, 127, 128, 129]
cat_dims : []
~~~~~~~~~~~~~~~~~~~~~~~~~~~~~~~~~~~~~~~~~~~~~~~~~~~~~~~~~~~~~~~~~~~~~~~~~~~~~~~


Number of Classes B4 Bin Verifier: 3
Unique values in y_train: (array([0., 1., 2.]), 3)
Unique values in y_test: (array([0., 1., 2.]), 3)
MAX : 2 , Max diff : 1, LEN : 3 , BINS : 3
VERIFY SHIFT
Train after shift : [0 1 2], Length : 3
Test after shift : [0 1 2], Length : 3
Number of Classes After Bin Verifier: 3
In get_device
On Device: cuda
{'p_m': 0.8537536712438457, 'alpha': 0.11047685312602139, 'K': 20, 'beta': 6.833123020518896}
Fitted encoder
Epoch 0, Val Loss: 0.86689
Epoch 1, Val Loss: 0.83100
Epoch 2, Val Loss: 0.84235
Epoch 3, Val Loss: 0.80832
Epoch 4, Val Loss: 0.80142
Epoch 5, Val Loss: 0.79922
Epoch 6, Val Loss: 0.79507
Epoch 7, Val Loss: 0.77887
Epoch 8, Val Loss: 0.76239
Epoch 9, Val Loss: 0.76400
Epoch 10, Val Loss: 0.82493
Epoch 11, Val Loss: 0.78680
Epoch 12, Val Loss: 0.77485
Epoch 13, Val Loss: 0.76059
Epoch 14, Val Loss: 0.77311
Epoch 15, Val Loss: 0.81820
Epoch 16, Val Loss: 0.84960
Epoch 17, Val Loss: 0.82513
Epoch 18, Val Loss: 0.82290
Epoch 19, Val Loss: 0.81647
Epoch 20, Val Loss: 0.80821
Epoch 21, Val Loss: 0.77729
Epoch 22, Val Loss: 0.90730
Epoch 23, Val Loss: 0.78606
Epoch 24, Val Loss: 0.79585
Epoch 25, Val Loss: 0.85955
Epoch 26, Val Loss: 0.80764
Epoch 27, Val Loss: 0.83687
Epoch 28, Val Loss: 0.82959
Epoch 29, Val Loss: 0.81094
Epoch 30, Val Loss: 0.81382
Epoch 31, Val Loss: 0.82593
Epoch 32, Val Loss: 0.81029
Epoch 33, Val Loss: 0.80615
Epoch 34, Val Loss: 0.78848
Early stopping applies.
State of save is True b4 loss saving
Log file exists at: output/VIME/SAT11/logging/loss_1.txt
File name : output/VIME/SAT11/logging/loss_1.txt . The file was saved
Log file exists at: output/VIME/SAT11/logging/val_loss_1.txt
File name : output/VIME/SAT11/logging/val_loss_1.txt . The file was saved
Saved Losses and Regularization
B4 Evaluation
Number of classes : 3
Unique y_true : [0 1 2] 

Prediction shape : (345,)
Probabilities shape : (345, 3) 

After Evaluation
{'Log Loss - mean': 3.6128500000000003, 'Log Loss - std': 2.05465} 
 

Fold 3
num_features : 116
num_classes : 1
cat_idx : [0]
nominal_idx : [115]
ordinal_idx : None
num_idx : None
cat_dims : [2]
bin_alt : None
~~~~~~~~~~~~~~~~~~~~~~~~~~~~~~~~~~~~~~~~~~~~~~~~~~~~~~~~~~~~~~~~~~~~~~~~~~~~~~~
BEFORE ANY ENCODING
num_features :116
num_classes : 1
cat_idx : [0]
nominal_idx : [115]
ordinal_idx : None
num_idx : None
cat_dims : [2]
bin_alt : None 


X shape : (1380, 116)
~~~~~~~~~~~~~~~~~~~~~~~~~~~~~~~~~~~~~~~~~~~~~~~~~~~~~~~~~~~~~~~~~~~~~~~~~~~~~~~
~~~~~~~~~~~~~~~~~~~~~~~~~~~~~~~~~~~~~~~~~~~~~~~~~~~~~~~~~~~~~~~~~~~~~~~~~~~~~~~ 


AFTER SEPARATING CATEGORICALS AND NUMERICALS
Numerical Index V1 : [0, 1, 2, 3, 4, 5, 6, 7, 8, 9, 10, 11, 12, 13, 14, 15, 16, 17, 18, 19, 20, 21, 22, 23, 24, 25, 26, 27, 28, 29, 30, 31, 32, 33, 34, 35, 36, 37, 38, 39, 40, 41, 42, 43, 44, 45, 46, 47, 48, 49, 50, 51, 52, 53, 54, 55, 56, 57, 58, 59, 60, 61, 62, 63, 64, 65, 66, 67, 68, 69, 70, 71, 72, 73, 74, 75, 76, 77, 78, 79, 80, 81, 82, 83, 84, 85, 86, 87, 88, 89, 90, 91, 92, 93, 94, 95, 96, 97, 98, 99, 100, 101, 102, 103, 104, 105, 106, 107, 108, 109, 110, 111, 112, 113, 114]
Cat Dims V1 : []
Cat Idx V1 : [115] 
 

~~~~~~~~~~~~~~~~~~~~~~~~~~~~~~~~~~~~~~~~~~~~~~~~~~~~~~~~~~~~~~~~~~~~~~~~~~~~~~~ 


Scaling the data...
One Hot Encoding...
~~~~~~~~~~~~~~~~~~~~~~~~~~~~~~~~~~~~~~~~~~~~~~~~~~~~~~~~~~~~~~~~~~~~~~~~~~~~~~~
After OHE
Numerical Index V2 : [0, 1, 2, 3, 4, 5, 6, 7, 8, 9, 10, 11, 12, 13, 14, 15, 16, 17, 18, 19, 20, 21, 22, 23, 24, 25, 26, 27, 28, 29, 30, 31, 32, 33, 34, 35, 36, 37, 38, 39, 40, 41, 42, 43, 44, 45, 46, 47, 48, 49, 50, 51, 52, 53, 54, 55, 56, 57, 58, 59, 60, 61, 62, 63, 64, 65, 66, 67, 68, 69, 70, 71, 72, 73, 74, 75, 76, 77, 78, 79, 80, 81, 82, 83, 84, 85, 86, 87, 88, 89, 90, 91, 92, 93, 94, 95, 96, 97, 98, 99, 100, 101, 102, 103, 104, 105, 106, 107, 108, 109, 110, 111, 112, 113, 114] 


OHE Idx : [0, 1, 2, 3, 4, 5, 6, 7, 8, 9, 10, 11, 12, 13, 14]


Ordinal Idx V2: None


Cat Dims V2 : []
Cat Idx V2 : None 
 

Train: [[0.0 1.0 0.0 0.0 0.0]
 [0.0 0.0 0.0 0.0 0.0]
 [0.0 0.0 0.0 1.0 0.0]
 [0.0 0.0 1.0 0.0 0.0]
 [0.0 0.0 0.0 0.0 0.0]
 [0.0 0.0 0.0 0.0 0.0]
 [0.0 0.0 0.0 0.0 0.0]
 [0.0 0.0 0.0 0.0 1.0]
 [0.0 0.0 0.0 0.0 0.0]
 [0.0 0.0 0.0 0.0 0.0]] 
 
 
Val : (1380, 130) 
 

~~~~~~~~~~~~~~~~~~~~~~~~~~~~~~~~~~~~~~~~~~~~~~~~~~~~~~~~~~~~~~~~~~~~~~~~~~~~~~~
~~~~~~~~~~~~~~~~~~~~~~~~~~~~~~~~~~~~~~~~~~~~~~~~~~~~~~~~~~~~~~~~~~~~~~~~~~~~~~~
After ORDINAL
Numerical Index V2 : [0, 1, 2, 3, 4, 5, 6, 7, 8, 9, 10, 11, 12, 13, 14, 15, 16, 17, 18, 19, 20, 21, 22, 23, 24, 25, 26, 27, 28, 29, 30, 31, 32, 33, 34, 35, 36, 37, 38, 39, 40, 41, 42, 43, 44, 45, 46, 47, 48, 49, 50, 51, 52, 53, 54, 55, 56, 57, 58, 59, 60, 61, 62, 63, 64, 65, 66, 67, 68, 69, 70, 71, 72, 73, 74, 75, 76, 77, 78, 79, 80, 81, 82, 83, 84, 85, 86, 87, 88, 89, 90, 91, 92, 93, 94, 95, 96, 97, 98, 99, 100, 101, 102, 103, 104, 105, 106, 107, 108, 109, 110, 111, 112, 113, 114] 


OHE Idx : [0, 1, 2, 3, 4, 5, 6, 7, 8, 9, 10, 11, 12, 13, 14]


Ordinal Idx V2: None


Cat Dims V2 : []
Cat Idx V2 : None 
 

Train: [[0.0 1.0 0.0 ... 2.572681656950333 1.2836416330199947 0.9931480745530373]
 [0.0 0.0 0.0 ... 2.572681656950333 1.2836416330199947 0.9931480745530373]
 [0.0 0.0 0.0 ... 2.572681656950333 1.2836416330199947 0.9931480745530373]
 ...
 [0.0 0.0 0.0 ... 2.572681656950333 1.2836416330199947 0.9931480745530373]
 [0.0 0.0 0.0 ... 2.572681656950333 1.2836416330199947 0.9931480745530373]
 [0.0 0.0 0.0 ... 2.572681656950333 1.2836416330199947 0.9931480745530373]] 
 
 
Val : (1380, 130) 
 

FINISHED ENCODING
~~~~~~~~~~~~~~~~~~~~~~~~~~~~~~~~~~~~~~~~~~~~~~~~~~~~~~~~~~~~~~~~~~~~~~~~~~~~~~~
~~~~~~~~~~~~~~~~~~~~~~~~~~~~~~~~~~~~~~~~~~~~~~~~~~~~~~~~~~~~~~~~~~~~~~~~~~~~~~~
num_features :130
num_classes : 1
cat_idx : None
nominal_idx : [0, 1, 2, 3, 4, 5, 6, 7, 8, 9, 10, 11, 12, 13, 14]
ordinal_idx : None
num_idx : [15, 16, 17, 18, 19, 20, 21, 22, 23, 24, 25, 26, 27, 28, 29, 30, 31, 32, 33, 34, 35, 36, 37, 38, 39, 40, 41, 42, 43, 44, 45, 46, 47, 48, 49, 50, 51, 52, 53, 54, 55, 56, 57, 58, 59, 60, 61, 62, 63, 64, 65, 66, 67, 68, 69, 70, 71, 72, 73, 74, 75, 76, 77, 78, 79, 80, 81, 82, 83, 84, 85, 86, 87, 88, 89, 90, 91, 92, 93, 94, 95, 96, 97, 98, 99, 100, 101, 102, 103, 104, 105, 106, 107, 108, 109, 110, 111, 112, 113, 114, 115, 116, 117, 118, 119, 120, 121, 122, 123, 124, 125, 126, 127, 128, 129]
cat_dims : []
~~~~~~~~~~~~~~~~~~~~~~~~~~~~~~~~~~~~~~~~~~~~~~~~~~~~~~~~~~~~~~~~~~~~~~~~~~~~~~~


Number of Classes B4 Bin Verifier: 3
Unique values in y_train: (array([0., 1., 2.]), 3)
Unique values in y_test: (array([0., 1., 2.]), 3)
MAX : 2 , Max diff : 1, LEN : 3 , BINS : 3
VERIFY SHIFT
Train after shift : [0 1 2], Length : 3
Test after shift : [0 1 2], Length : 3
Number of Classes After Bin Verifier: 3
In get_device
On Device: cuda
{'p_m': 0.8537536712438457, 'alpha': 0.11047685312602139, 'K': 20, 'beta': 6.833123020518896}
Fitted encoder
Epoch 0, Val Loss: 0.83425
Epoch 1, Val Loss: 0.81443
Epoch 2, Val Loss: 0.82249
Epoch 3, Val Loss: 0.82060
Epoch 4, Val Loss: 0.79136
Epoch 5, Val Loss: 0.81012
Epoch 6, Val Loss: 0.83888
Epoch 7, Val Loss: 0.80072
Epoch 8, Val Loss: 0.79956
Epoch 9, Val Loss: 0.78544
Epoch 10, Val Loss: 0.79402
Epoch 11, Val Loss: 0.78304
Epoch 12, Val Loss: 0.78609
Epoch 13, Val Loss: 0.78665
Epoch 14, Val Loss: 0.82302
Epoch 15, Val Loss: 0.76809
Epoch 16, Val Loss: 0.77811
Epoch 17, Val Loss: 0.79027
Epoch 18, Val Loss: 0.76659
Epoch 19, Val Loss: 0.78281
Epoch 20, Val Loss: 0.93776
Epoch 21, Val Loss: 0.85452
Epoch 22, Val Loss: 0.86124
Epoch 23, Val Loss: 0.86841
Epoch 24, Val Loss: 0.87905
Epoch 25, Val Loss: 0.88938
Epoch 26, Val Loss: 0.89628
Epoch 27, Val Loss: 0.85872
Epoch 28, Val Loss: 0.84596
Epoch 29, Val Loss: 0.85232
Epoch 30, Val Loss: 0.84950
Epoch 31, Val Loss: 0.84015
Epoch 32, Val Loss: 0.83388
Epoch 33, Val Loss: 0.80305
Epoch 34, Val Loss: 0.81368
Epoch 35, Val Loss: 0.80831
Epoch 36, Val Loss: 0.80959
Epoch 37, Val Loss: 0.82654
Epoch 38, Val Loss: 0.79696
Epoch 39, Val Loss: 0.83777
Early stopping applies.
State of save is True b4 loss saving
Log file exists at: output/VIME/SAT11/logging/loss_2.txt
File name : output/VIME/SAT11/logging/loss_2.txt . The file was saved
Log file exists at: output/VIME/SAT11/logging/val_loss_2.txt
File name : output/VIME/SAT11/logging/val_loss_2.txt . The file was saved
Saved Losses and Regularization
B4 Evaluation
Number of classes : 3
Unique y_true : [0 1 2] 

Prediction shape : (345,)
Probabilities shape : (345, 3) 

After Evaluation
{'Log Loss - mean': 2.9687333333333332, 'Log Loss - std': 1.9089692617279679} 
 

Fold 4
num_features : 116
num_classes : 1
cat_idx : [0]
nominal_idx : [115]
ordinal_idx : None
num_idx : None
cat_dims : [2]
bin_alt : None
~~~~~~~~~~~~~~~~~~~~~~~~~~~~~~~~~~~~~~~~~~~~~~~~~~~~~~~~~~~~~~~~~~~~~~~~~~~~~~~
BEFORE ANY ENCODING
num_features :116
num_classes : 1
cat_idx : [0]
nominal_idx : [115]
ordinal_idx : None
num_idx : None
cat_dims : [2]
bin_alt : None 


X shape : (1380, 116)
~~~~~~~~~~~~~~~~~~~~~~~~~~~~~~~~~~~~~~~~~~~~~~~~~~~~~~~~~~~~~~~~~~~~~~~~~~~~~~~
~~~~~~~~~~~~~~~~~~~~~~~~~~~~~~~~~~~~~~~~~~~~~~~~~~~~~~~~~~~~~~~~~~~~~~~~~~~~~~~ 


AFTER SEPARATING CATEGORICALS AND NUMERICALS
Numerical Index V1 : [0, 1, 2, 3, 4, 5, 6, 7, 8, 9, 10, 11, 12, 13, 14, 15, 16, 17, 18, 19, 20, 21, 22, 23, 24, 25, 26, 27, 28, 29, 30, 31, 32, 33, 34, 35, 36, 37, 38, 39, 40, 41, 42, 43, 44, 45, 46, 47, 48, 49, 50, 51, 52, 53, 54, 55, 56, 57, 58, 59, 60, 61, 62, 63, 64, 65, 66, 67, 68, 69, 70, 71, 72, 73, 74, 75, 76, 77, 78, 79, 80, 81, 82, 83, 84, 85, 86, 87, 88, 89, 90, 91, 92, 93, 94, 95, 96, 97, 98, 99, 100, 101, 102, 103, 104, 105, 106, 107, 108, 109, 110, 111, 112, 113, 114]
Cat Dims V1 : []
Cat Idx V1 : [115] 
 

~~~~~~~~~~~~~~~~~~~~~~~~~~~~~~~~~~~~~~~~~~~~~~~~~~~~~~~~~~~~~~~~~~~~~~~~~~~~~~~ 


Scaling the data...
One Hot Encoding...
~~~~~~~~~~~~~~~~~~~~~~~~~~~~~~~~~~~~~~~~~~~~~~~~~~~~~~~~~~~~~~~~~~~~~~~~~~~~~~~
After OHE
Numerical Index V2 : [0, 1, 2, 3, 4, 5, 6, 7, 8, 9, 10, 11, 12, 13, 14, 15, 16, 17, 18, 19, 20, 21, 22, 23, 24, 25, 26, 27, 28, 29, 30, 31, 32, 33, 34, 35, 36, 37, 38, 39, 40, 41, 42, 43, 44, 45, 46, 47, 48, 49, 50, 51, 52, 53, 54, 55, 56, 57, 58, 59, 60, 61, 62, 63, 64, 65, 66, 67, 68, 69, 70, 71, 72, 73, 74, 75, 76, 77, 78, 79, 80, 81, 82, 83, 84, 85, 86, 87, 88, 89, 90, 91, 92, 93, 94, 95, 96, 97, 98, 99, 100, 101, 102, 103, 104, 105, 106, 107, 108, 109, 110, 111, 112, 113, 114] 


OHE Idx : [0, 1, 2, 3, 4, 5, 6, 7, 8, 9, 10, 11, 12, 13, 14]


Ordinal Idx V2: None


Cat Dims V2 : []
Cat Idx V2 : None 
 

Train: [[0.0 1.0 0.0 0.0 0.0]
 [0.0 0.0 0.0 0.0 0.0]
 [0.0 0.0 0.0 1.0 0.0]
 [1.0 0.0 0.0 0.0 0.0]
 [0.0 0.0 1.0 0.0 0.0]
 [0.0 0.0 0.0 0.0 0.0]
 [0.0 0.0 0.0 0.0 0.0]
 [0.0 0.0 0.0 0.0 0.0]
 [0.0 0.0 0.0 0.0 0.0]
 [0.0 0.0 0.0 0.0 0.0]] 
 
 
Val : (1380, 130) 
 

~~~~~~~~~~~~~~~~~~~~~~~~~~~~~~~~~~~~~~~~~~~~~~~~~~~~~~~~~~~~~~~~~~~~~~~~~~~~~~~
~~~~~~~~~~~~~~~~~~~~~~~~~~~~~~~~~~~~~~~~~~~~~~~~~~~~~~~~~~~~~~~~~~~~~~~~~~~~~~~
After ORDINAL
Numerical Index V2 : [0, 1, 2, 3, 4, 5, 6, 7, 8, 9, 10, 11, 12, 13, 14, 15, 16, 17, 18, 19, 20, 21, 22, 23, 24, 25, 26, 27, 28, 29, 30, 31, 32, 33, 34, 35, 36, 37, 38, 39, 40, 41, 42, 43, 44, 45, 46, 47, 48, 49, 50, 51, 52, 53, 54, 55, 56, 57, 58, 59, 60, 61, 62, 63, 64, 65, 66, 67, 68, 69, 70, 71, 72, 73, 74, 75, 76, 77, 78, 79, 80, 81, 82, 83, 84, 85, 86, 87, 88, 89, 90, 91, 92, 93, 94, 95, 96, 97, 98, 99, 100, 101, 102, 103, 104, 105, 106, 107, 108, 109, 110, 111, 112, 113, 114] 


OHE Idx : [0, 1, 2, 3, 4, 5, 6, 7, 8, 9, 10, 11, 12, 13, 14]


Ordinal Idx V2: None


Cat Dims V2 : []
Cat Idx V2 : None 
 

Train: [[0.0 1.0 0.0 ... 2.5776931347039733 1.2593157823662984
  0.9810282088831183]
 [0.0 0.0 0.0 ... 2.5776931347039733 1.2593157823662984
  0.9810282088831183]
 [0.0 0.0 0.0 ... 2.5776931347039733 1.2593157823662984
  0.9810282088831183]
 ...
 [0.0 0.0 0.0 ... 2.5776931347039733 1.2593157823662984
  0.9810282088831183]
 [0.0 0.0 0.0 ... 2.5776931347039733 1.2593157823662984
  0.9810282088831183]
 [0.0 0.0 0.0 ... 2.5776931347039733 1.2593157823662984
  0.9810282088831183]] 
 
 
Val : (1380, 130) 
 

FINISHED ENCODING
~~~~~~~~~~~~~~~~~~~~~~~~~~~~~~~~~~~~~~~~~~~~~~~~~~~~~~~~~~~~~~~~~~~~~~~~~~~~~~~
~~~~~~~~~~~~~~~~~~~~~~~~~~~~~~~~~~~~~~~~~~~~~~~~~~~~~~~~~~~~~~~~~~~~~~~~~~~~~~~
num_features :130
num_classes : 1
cat_idx : None
nominal_idx : [0, 1, 2, 3, 4, 5, 6, 7, 8, 9, 10, 11, 12, 13, 14]
ordinal_idx : None
num_idx : [15, 16, 17, 18, 19, 20, 21, 22, 23, 24, 25, 26, 27, 28, 29, 30, 31, 32, 33, 34, 35, 36, 37, 38, 39, 40, 41, 42, 43, 44, 45, 46, 47, 48, 49, 50, 51, 52, 53, 54, 55, 56, 57, 58, 59, 60, 61, 62, 63, 64, 65, 66, 67, 68, 69, 70, 71, 72, 73, 74, 75, 76, 77, 78, 79, 80, 81, 82, 83, 84, 85, 86, 87, 88, 89, 90, 91, 92, 93, 94, 95, 96, 97, 98, 99, 100, 101, 102, 103, 104, 105, 106, 107, 108, 109, 110, 111, 112, 113, 114, 115, 116, 117, 118, 119, 120, 121, 122, 123, 124, 125, 126, 127, 128, 129]
cat_dims : []
~~~~~~~~~~~~~~~~~~~~~~~~~~~~~~~~~~~~~~~~~~~~~~~~~~~~~~~~~~~~~~~~~~~~~~~~~~~~~~~


Number of Classes B4 Bin Verifier: 3
Unique values in y_train: (array([0., 1., 2.]), 3)
Unique values in y_test: (array([0., 1., 2.]), 3)
MAX : 2 , Max diff : 1, LEN : 3 , BINS : 3
VERIFY SHIFT
Train after shift : [0 1 2], Length : 3
Test after shift : [0 1 2], Length : 3
Number of Classes After Bin Verifier: 3
In get_device
On Device: cuda
{'p_m': 0.8537536712438457, 'alpha': 0.11047685312602139, 'K': 20, 'beta': 6.833123020518896}
Fitted encoder
Epoch 0, Val Loss: 0.91915
Epoch 1, Val Loss: 0.83725
Epoch 2, Val Loss: 0.79924
Epoch 3, Val Loss: 0.80996
Epoch 4, Val Loss: 0.88532
Epoch 5, Val Loss: 0.78329
Epoch 6, Val Loss: 0.74952
Epoch 7, Val Loss: 0.87960
Epoch 8, Val Loss: 0.80337
Epoch 9, Val Loss: 0.78442
Epoch 10, Val Loss: 0.78284
Epoch 11, Val Loss: 0.79015
Epoch 12, Val Loss: 0.81401
Epoch 13, Val Loss: 0.76534
Epoch 14, Val Loss: 0.81353
Epoch 15, Val Loss: 0.75300
Epoch 16, Val Loss: 0.75627
Epoch 17, Val Loss: 0.75947
Epoch 18, Val Loss: 0.76387
Epoch 19, Val Loss: 0.75412
Epoch 20, Val Loss: 0.75326
Epoch 21, Val Loss: 0.77667
Epoch 22, Val Loss: 0.75136
Epoch 23, Val Loss: 0.75265
Epoch 24, Val Loss: 0.77685
Epoch 25, Val Loss: 0.79974
Epoch 26, Val Loss: 0.77191
Epoch 27, Val Loss: 0.78158
Early stopping applies.
State of save is True b4 loss saving
Log file exists at: output/VIME/SAT11/logging/loss_3.txt
File name : output/VIME/SAT11/logging/loss_3.txt . The file was saved
Log file exists at: output/VIME/SAT11/logging/val_loss_3.txt
File name : output/VIME/SAT11/logging/val_loss_3.txt . The file was saved
Saved Losses and Regularization
B4 Evaluation
Number of classes : 3
Unique y_true : [0 1 2] 

Prediction shape : (345,)
Probabilities shape : (345, 3) 

After Evaluation
{'Log Loss - mean': 2.535575, 'Log Loss - std': 1.8154892334781279} 
 

Fold 5
num_features : 116
num_classes : 1
cat_idx : [0]
nominal_idx : [115]
ordinal_idx : None
num_idx : None
cat_dims : [2]
bin_alt : None
~~~~~~~~~~~~~~~~~~~~~~~~~~~~~~~~~~~~~~~~~~~~~~~~~~~~~~~~~~~~~~~~~~~~~~~~~~~~~~~
BEFORE ANY ENCODING
num_features :116
num_classes : 1
cat_idx : [0]
nominal_idx : [115]
ordinal_idx : None
num_idx : None
cat_dims : [2]
bin_alt : None 


X shape : (1380, 116)
~~~~~~~~~~~~~~~~~~~~~~~~~~~~~~~~~~~~~~~~~~~~~~~~~~~~~~~~~~~~~~~~~~~~~~~~~~~~~~~
~~~~~~~~~~~~~~~~~~~~~~~~~~~~~~~~~~~~~~~~~~~~~~~~~~~~~~~~~~~~~~~~~~~~~~~~~~~~~~~ 


AFTER SEPARATING CATEGORICALS AND NUMERICALS
Numerical Index V1 : [0, 1, 2, 3, 4, 5, 6, 7, 8, 9, 10, 11, 12, 13, 14, 15, 16, 17, 18, 19, 20, 21, 22, 23, 24, 25, 26, 27, 28, 29, 30, 31, 32, 33, 34, 35, 36, 37, 38, 39, 40, 41, 42, 43, 44, 45, 46, 47, 48, 49, 50, 51, 52, 53, 54, 55, 56, 57, 58, 59, 60, 61, 62, 63, 64, 65, 66, 67, 68, 69, 70, 71, 72, 73, 74, 75, 76, 77, 78, 79, 80, 81, 82, 83, 84, 85, 86, 87, 88, 89, 90, 91, 92, 93, 94, 95, 96, 97, 98, 99, 100, 101, 102, 103, 104, 105, 106, 107, 108, 109, 110, 111, 112, 113, 114]
Cat Dims V1 : []
Cat Idx V1 : [115] 
 

~~~~~~~~~~~~~~~~~~~~~~~~~~~~~~~~~~~~~~~~~~~~~~~~~~~~~~~~~~~~~~~~~~~~~~~~~~~~~~~ 


Scaling the data...
One Hot Encoding...
~~~~~~~~~~~~~~~~~~~~~~~~~~~~~~~~~~~~~~~~~~~~~~~~~~~~~~~~~~~~~~~~~~~~~~~~~~~~~~~
After OHE
Numerical Index V2 : [0, 1, 2, 3, 4, 5, 6, 7, 8, 9, 10, 11, 12, 13, 14, 15, 16, 17, 18, 19, 20, 21, 22, 23, 24, 25, 26, 27, 28, 29, 30, 31, 32, 33, 34, 35, 36, 37, 38, 39, 40, 41, 42, 43, 44, 45, 46, 47, 48, 49, 50, 51, 52, 53, 54, 55, 56, 57, 58, 59, 60, 61, 62, 63, 64, 65, 66, 67, 68, 69, 70, 71, 72, 73, 74, 75, 76, 77, 78, 79, 80, 81, 82, 83, 84, 85, 86, 87, 88, 89, 90, 91, 92, 93, 94, 95, 96, 97, 98, 99, 100, 101, 102, 103, 104, 105, 106, 107, 108, 109, 110, 111, 112, 113, 114] 


OHE Idx : [0, 1, 2, 3, 4, 5, 6, 7, 8, 9, 10, 11, 12, 13, 14]


Ordinal Idx V2: None


Cat Dims V2 : []
Cat Idx V2 : None 
 

Train: [[0.0 0.0 0.0 1.0 0.0]
 [1.0 0.0 0.0 0.0 0.0]
 [0.0 0.0 1.0 0.0 0.0]
 [0.0 0.0 0.0 0.0 0.0]
 [0.0 0.0 0.0 0.0 0.0]
 [0.0 0.0 0.0 0.0 0.0]
 [0.0 0.0 0.0 0.0 1.0]
 [0.0 0.0 0.0 0.0 0.0]
 [0.0 0.0 0.0 0.0 0.0]
 [0.0 0.0 0.0 0.0 0.0]] 
 
 
Val : (1380, 130) 
 

~~~~~~~~~~~~~~~~~~~~~~~~~~~~~~~~~~~~~~~~~~~~~~~~~~~~~~~~~~~~~~~~~~~~~~~~~~~~~~~
~~~~~~~~~~~~~~~~~~~~~~~~~~~~~~~~~~~~~~~~~~~~~~~~~~~~~~~~~~~~~~~~~~~~~~~~~~~~~~~
After ORDINAL
Numerical Index V2 : [0, 1, 2, 3, 4, 5, 6, 7, 8, 9, 10, 11, 12, 13, 14, 15, 16, 17, 18, 19, 20, 21, 22, 23, 24, 25, 26, 27, 28, 29, 30, 31, 32, 33, 34, 35, 36, 37, 38, 39, 40, 41, 42, 43, 44, 45, 46, 47, 48, 49, 50, 51, 52, 53, 54, 55, 56, 57, 58, 59, 60, 61, 62, 63, 64, 65, 66, 67, 68, 69, 70, 71, 72, 73, 74, 75, 76, 77, 78, 79, 80, 81, 82, 83, 84, 85, 86, 87, 88, 89, 90, 91, 92, 93, 94, 95, 96, 97, 98, 99, 100, 101, 102, 103, 104, 105, 106, 107, 108, 109, 110, 111, 112, 113, 114] 


OHE Idx : [0, 1, 2, 3, 4, 5, 6, 7, 8, 9, 10, 11, 12, 13, 14]


Ordinal Idx V2: None


Cat Dims V2 : []
Cat Idx V2 : None 
 

Train: [[0.0 0.0 0.0 ... 2.6560947038188796 1.2792309188622057
  0.9870369058550037]
 [1.0 0.0 0.0 ... 2.6560947038188796 1.2792309188622057
  0.9870369058550037]
 [0.0 0.0 1.0 ... 2.6560947038188796 1.2792309188622057
  0.9870369058550037]
 ...
 [0.0 0.0 0.0 ... 2.6560947038188796 1.2792309188622057
  0.9870369058550037]
 [0.0 0.0 0.0 ... 2.6560947038188796 1.2792309188622057
  0.9870369058550037]
 [0.0 0.0 0.0 ... 2.6560947038188796 1.2792309188622057
  0.9870369058550037]] 
 
 
Val : (1380, 130) 
 

FINISHED ENCODING
~~~~~~~~~~~~~~~~~~~~~~~~~~~~~~~~~~~~~~~~~~~~~~~~~~~~~~~~~~~~~~~~~~~~~~~~~~~~~~~
~~~~~~~~~~~~~~~~~~~~~~~~~~~~~~~~~~~~~~~~~~~~~~~~~~~~~~~~~~~~~~~~~~~~~~~~~~~~~~~
num_features :130
num_classes : 1
cat_idx : None
nominal_idx : [0, 1, 2, 3, 4, 5, 6, 7, 8, 9, 10, 11, 12, 13, 14]
ordinal_idx : None
num_idx : [15, 16, 17, 18, 19, 20, 21, 22, 23, 24, 25, 26, 27, 28, 29, 30, 31, 32, 33, 34, 35, 36, 37, 38, 39, 40, 41, 42, 43, 44, 45, 46, 47, 48, 49, 50, 51, 52, 53, 54, 55, 56, 57, 58, 59, 60, 61, 62, 63, 64, 65, 66, 67, 68, 69, 70, 71, 72, 73, 74, 75, 76, 77, 78, 79, 80, 81, 82, 83, 84, 85, 86, 87, 88, 89, 90, 91, 92, 93, 94, 95, 96, 97, 98, 99, 100, 101, 102, 103, 104, 105, 106, 107, 108, 109, 110, 111, 112, 113, 114, 115, 116, 117, 118, 119, 120, 121, 122, 123, 124, 125, 126, 127, 128, 129]
cat_dims : []
~~~~~~~~~~~~~~~~~~~~~~~~~~~~~~~~~~~~~~~~~~~~~~~~~~~~~~~~~~~~~~~~~~~~~~~~~~~~~~~


Number of Classes B4 Bin Verifier: 3
Unique values in y_train: (array([0., 1., 2.]), 3)
Unique values in y_test: (array([0., 1., 2.]), 3)
MAX : 2 , Max diff : 1, LEN : 3 , BINS : 3
VERIFY SHIFT
Train after shift : [0 1 2], Length : 3
Test after shift : [0 1 2], Length : 3
Number of Classes After Bin Verifier: 3
In get_device
On Device: cuda
{'p_m': 0.8537536712438457, 'alpha': 0.11047685312602139, 'K': 20, 'beta': 6.833123020518896}
Fitted encoder
Epoch 0, Val Loss: 0.84277
Epoch 1, Val Loss: 0.77140
Epoch 2, Val Loss: 0.77067
Epoch 3, Val Loss: 0.72740
Epoch 4, Val Loss: 0.70747
Epoch 5, Val Loss: 0.72691
Epoch 6, Val Loss: 0.72906
Epoch 7, Val Loss: 0.73006
Epoch 8, Val Loss: 0.77723
Epoch 9, Val Loss: 0.77343
Epoch 10, Val Loss: 0.78437
Epoch 11, Val Loss: 0.74002
Epoch 12, Val Loss: 0.76184
Epoch 13, Val Loss: 0.74134
Epoch 14, Val Loss: 0.74281
Epoch 15, Val Loss: 0.71414
Epoch 16, Val Loss: 0.71875
Epoch 17, Val Loss: 0.71674
Epoch 18, Val Loss: 0.74923
Epoch 19, Val Loss: 0.72104
Epoch 20, Val Loss: 0.76365
Epoch 21, Val Loss: 0.74870
Epoch 22, Val Loss: 0.76410
Epoch 23, Val Loss: 0.77592
Epoch 24, Val Loss: 0.74599
Epoch 25, Val Loss: 0.77419
Early stopping applies.
State of save is True b4 loss saving
Log file exists at: output/VIME/SAT11/logging/loss_4.txt
File name : output/VIME/SAT11/logging/loss_4.txt . The file was saved
Log file exists at: output/VIME/SAT11/logging/val_loss_4.txt
File name : output/VIME/SAT11/logging/val_loss_4.txt . The file was saved
Saved Losses and Regularization
B4 Evaluation
Number of classes : 3
Unique y_true : [0 1 2] 

Prediction shape : (345,)
Probabilities shape : (345, 3) 

After Evaluation
{'Log Loss - mean': 2.23796, 'Log Loss - std': 1.729479597566852} 
 

Saving model.....
Results After CV: {'Log Loss - mean': 2.23796, 'Log Loss - std': 1.729479597566852}
Train time: 69.57380328540002
Inference time: 0.12104069139998472
Finished cross validation
Loss path :output/VIME/SAT11/logging/
Plots saved successfully!
{'Log Loss - mean': 2.23796, 'Log Loss - std': 1.729479597566852}
(69.57380328540002, 0.12104069139998472)
