/home/mburu/.local/lib/python3.8/site-packages/sklearn/preprocessing/_encoders.py:975: FutureWarning: `sparse` was renamed to `sparse_output` in version 1.2 and will be removed in 1.4. `sparse_output` is ignored unless you leave `sparse` to its default value.
  warnings.warn(
[I 2024-12-17 03:30:27,434] Using an existing study with name 'CatBoost_SAT11' instead of creating a new one.
[I 2024-12-17 03:30:55,872] Trial 1 finished with value: 1397002.334140207 and parameters: {'learning_rate': 0.11092539554041624, 'max_depth': 5, 'l2_leaf_reg': 6.043718211432565}. Best is trial 1 with value: 1397002.334140207.
[I 2024-12-17 03:31:23,416] Trial 2 finished with value: 1378952.7793453152 and parameters: {'learning_rate': 0.14438401790164984, 'max_depth': 5, 'l2_leaf_reg': 6.088283682553717}. Best is trial 2 with value: 1378952.7793453152.
[I 2024-12-17 03:35:32,421] Trial 3 finished with value: 1397055.6470114207 and parameters: {'learning_rate': 0.018888585702714115, 'max_depth': 9, 'l2_leaf_reg': 21.19354746589808}. Best is trial 2 with value: 1378952.7793453152.
[I 2024-12-17 03:35:53,049] Trial 4 finished with value: 1543789.5153068735 and parameters: {'learning_rate': 0.10421421203986476, 'max_depth': 3, 'l2_leaf_reg': 2.157425350758859}. Best is trial 2 with value: 1378952.7793453152.
[I 2024-12-17 03:36:13,483] Trial 5 finished with value: 1713661.1045565945 and parameters: {'learning_rate': 0.09361330184747477, 'max_depth': 2, 'l2_leaf_reg': 3.7532270463852306}. Best is trial 2 with value: 1378952.7793453152.
[I 2024-12-17 03:36:42,165] Trial 6 finished with value: 1602048.45967797 and parameters: {'learning_rate': 0.06192169230759695, 'max_depth': 3, 'l2_leaf_reg': 13.167461101836736}. Best is trial 2 with value: 1378952.7793453152.
[I 2024-12-17 03:41:46,653] Trial 7 finished with value: 1281624.0917633844 and parameters: {'learning_rate': 0.03978559494719666, 'max_depth': 10, 'l2_leaf_reg': 0.887906088291057}. Best is trial 7 with value: 1281624.0917633844.
[I 2024-12-17 03:42:07,896] Trial 8 finished with value: 1750116.7279996264 and parameters: {'learning_rate': 0.10120549594665815, 'max_depth': 2, 'l2_leaf_reg': 28.192017181424927}. Best is trial 7 with value: 1281624.0917633844.
[I 2024-12-17 03:43:14,516] Trial 9 finished with value: 1441833.8030835092 and parameters: {'learning_rate': 0.019208916858899847, 'max_depth': 6, 'l2_leaf_reg': 0.9234468061555849}. Best is trial 7 with value: 1281624.0917633844.
[I 2024-12-17 03:43:45,794] Trial 10 finished with value: 1354925.8370845318 and parameters: {'learning_rate': 0.11944779544599908, 'max_depth': 6, 'l2_leaf_reg': 9.568717184181937}. Best is trial 7 with value: 1281624.0917633844.
[I 2024-12-17 03:56:59,732] Trial 11 finished with value: 1285198.412894297 and parameters: {'learning_rate': 0.03508529988945738, 'max_depth': 12, 'l2_leaf_reg': 0.8394744469389982}. Best is trial 7 with value: 1281624.0917633844.
[I 2024-12-17 04:12:17,843] Trial 12 finished with value: 1270092.085736699 and parameters: {'learning_rate': 0.03723371161092067, 'max_depth': 12, 'l2_leaf_reg': 0.5418509315587606}. Best is trial 12 with value: 1270092.085736699.
[I 2024-12-17 04:15:53,149] Trial 13 finished with value: 1289656.1177454763 and parameters: {'learning_rate': 0.2876956009066433, 'max_depth': 12, 'l2_leaf_reg': 0.5391252047605438}. Best is trial 12 with value: 1270092.085736699.
[I 2024-12-17 04:17:40,713] Trial 14 finished with value: 1332517.1011393084 and parameters: {'learning_rate': 0.03420063348115911, 'max_depth': 8, 'l2_leaf_reg': 1.6138440920560164}. Best is trial 12 with value: 1270092.085736699.
[I 2024-12-17 04:21:34,881] Trial 15 finished with value: 1400193.7502577635 and parameters: {'learning_rate': 0.010238515841458582, 'max_depth': 9, 'l2_leaf_reg': 0.5016681658967946}. Best is trial 12 with value: 1270092.085736699.
[I 2024-12-17 04:23:13,790] Trial 16 finished with value: 1333650.4732980975 and parameters: {'learning_rate': 0.04373296475145815, 'max_depth': 8, 'l2_leaf_reg': 1.3878962446802006}. Best is trial 12 with value: 1270092.085736699.
[I 2024-12-17 04:44:21,398] Trial 17 finished with value: 1281053.6198969753 and parameters: {'learning_rate': 0.02183955418068226, 'max_depth': 12, 'l2_leaf_reg': 2.598406715602927}. Best is trial 12 with value: 1270092.085736699.
[I 2024-12-17 04:45:59,377] Trial 18 finished with value: 1389267.0808087946 and parameters: {'learning_rate': 0.02027716553400961, 'max_depth': 7, 'l2_leaf_reg': 3.1150361588971958}. Best is trial 12 with value: 1270092.085736699.
[I 2024-12-17 04:46:28,112] Trial 19 finished with value: 1983076.5613372133 and parameters: {'learning_rate': 0.010061037242183981, 'max_depth': 3, 'l2_leaf_reg': 2.5585381315195863}. Best is trial 12 with value: 1270092.085736699.
[I 2024-12-17 04:47:05,068] Trial 20 finished with value: 1584970.2936498672 and parameters: {'learning_rate': 0.025599727196702452, 'max_depth': 4, 'l2_leaf_reg': 5.40387248005352}. Best is trial 12 with value: 1270092.085736699.
[I 2024-12-17 05:07:01,433] Trial 21 finished with value: 1311696.1102631665 and parameters: {'learning_rate': 0.014000092948634298, 'max_depth': 12, 'l2_leaf_reg': 1.443716615163942}. Best is trial 12 with value: 1270092.085736699.
[I 2024-12-17 05:10:31,506] Trial 22 finished with value: 1290115.4010108958 and parameters: {'learning_rate': 0.056445059149864356, 'max_depth': 10, 'l2_leaf_reg': 0.8546449559212261}. Best is trial 12 with value: 1270092.085736699.
[I 2024-12-17 05:16:39,997] Trial 23 finished with value: 1293905.2346013982 and parameters: {'learning_rate': 0.025814977403651948, 'max_depth': 10, 'l2_leaf_reg': 0.7077664807691713}. Best is trial 12 with value: 1270092.085736699.
[I 2024-12-17 05:21:12,682] Trial 24 finished with value: 1286539.0977097992 and parameters: {'learning_rate': 0.042251556323325806, 'max_depth': 10, 'l2_leaf_reg': 1.2153038190198222}. Best is trial 12 with value: 1270092.085736699.
[I 2024-12-17 05:22:11,944] Trial 25 finished with value: 1342582.8899124265 and parameters: {'learning_rate': 0.06471259813430313, 'max_depth': 7, 'l2_leaf_reg': 2.1716932491981282}. Best is trial 12 with value: 1270092.085736699.
[I 2024-12-17 05:36:05,953] Trial 26 finished with value: 1300139.583625346 and parameters: {'learning_rate': 0.027593715852690562, 'max_depth': 12, 'l2_leaf_reg': 0.6473202932150177}. Best is trial 12 with value: 1270092.085736699.
[I 2024-12-17 05:39:27,638] Trial 27 finished with value: 1281088.062019767 and parameters: {'learning_rate': 0.07268421555374163, 'max_depth': 10, 'l2_leaf_reg': 1.059682630716276}. Best is trial 12 with value: 1270092.085736699.
[I 2024-12-17 05:40:37,544] Trial 28 finished with value: 1325569.4782287 and parameters: {'learning_rate': 0.07831725893625735, 'max_depth': 8, 'l2_leaf_reg': 1.1789563905145715}. Best is trial 12 with value: 1270092.085736699.
[I 2024-12-17 05:40:51,568] Trial 29 finished with value: 1518148.4619423505 and parameters: {'learning_rate': 0.1812695053642537, 'max_depth': 4, 'l2_leaf_reg': 2.04245979565584}. Best is trial 12 with value: 1270092.085736699.
[I 2024-12-17 05:41:59,869] Trial 30 finished with value: 1511410.8147270381 and parameters: {'learning_rate': 0.014627608078948641, 'max_depth': 6, 'l2_leaf_reg': 5.147794805904005}. Best is trial 12 with value: 1270092.085736699.
[I 2024-12-17 05:48:11,270] Trial 31 finished with value: 1295402.0251445596 and parameters: {'learning_rate': 0.04951082062284881, 'max_depth': 11, 'l2_leaf_reg': 1.116866435724077}. Best is trial 12 with value: 1270092.085736699.
[I 2024-12-17 05:50:55,916] Trial 32 finished with value: 1319033.4457957712 and parameters: {'learning_rate': 0.03479808908546405, 'max_depth': 9, 'l2_leaf_reg': 0.655685434598211}. Best is trial 12 with value: 1270092.085736699.
[I 2024-12-17 05:53:53,788] Trial 33 finished with value: 1290305.2677224497 and parameters: {'learning_rate': 0.0740775979025085, 'max_depth': 10, 'l2_leaf_reg': 1.6627292260391464}. Best is trial 12 with value: 1270092.085736699.
[I 2024-12-17 05:55:15,637] Trial 34 finished with value: 1326794.4943790294 and parameters: {'learning_rate': 0.04391349417839442, 'max_depth': 7, 'l2_leaf_reg': 0.9338811407406122}. Best is trial 12 with value: 1270092.085736699.
[I 2024-12-17 06:05:03,925] Trial 35 finished with value: 1284772.3855015007 and parameters: {'learning_rate': 0.031064805200618436, 'max_depth': 11, 'l2_leaf_reg': 0.6665231359570327}. Best is trial 12 with value: 1270092.085736699.
[I 2024-12-17 06:05:53,388] Trial 36 finished with value: 1515317.5530535402 and parameters: {'learning_rate': 0.022760433291983805, 'max_depth': 5, 'l2_leaf_reg': 7.33269015347397}. Best is trial 12 with value: 1270092.085736699.
[I 2024-12-17 06:09:54,498] Trial 37 finished with value: 1357540.330151324 and parameters: {'learning_rate': 0.015330172871489897, 'max_depth': 9, 'l2_leaf_reg': 2.8153699257382057}. Best is trial 12 with value: 1270092.085736699.
[I 2024-12-17 06:15:47,821] Trial 38 finished with value: 1258709.6638163067 and parameters: {'learning_rate': 0.086076755369916, 'max_depth': 11, 'l2_leaf_reg': 3.821342226210742}. Best is trial 38 with value: 1258709.6638163067.
[I 2024-12-17 06:19:44,105] Trial 39 finished with value: 1269342.5327355994 and parameters: {'learning_rate': 0.15582714945690285, 'max_depth': 11, 'l2_leaf_reg': 4.368365717926465}. Best is trial 38 with value: 1258709.6638163067.
[I 2024-12-17 06:23:01,869] Trial 40 finished with value: 1286002.8847945675 and parameters: {'learning_rate': 0.1638696576170121, 'max_depth': 11, 'l2_leaf_reg': 3.9190773971367636}. Best is trial 38 with value: 1258709.6638163067.
[I 2024-12-17 06:23:59,347] Trial 41 finished with value: 1327000.8853426338 and parameters: {'learning_rate': 0.216386602561042, 'max_depth': 8, 'l2_leaf_reg': 9.651752348422916}. Best is trial 38 with value: 1258709.6638163067.
[I 2024-12-17 06:30:28,776] Trial 42 finished with value: 1235329.3405795854 and parameters: {'learning_rate': 0.12629567053050286, 'max_depth': 11, 'l2_leaf_reg': 6.749712213887077}. Best is trial 42 with value: 1235329.3405795854.
[I 2024-12-17 06:35:13,778] Trial 43 finished with value: 1267935.5226549942 and parameters: {'learning_rate': 0.1262832026137969, 'max_depth': 11, 'l2_leaf_reg': 4.122327012217606}. Best is trial 42 with value: 1235329.3405795854.
[I 2024-12-17 06:39:19,321] Trial 44 finished with value: 1280159.202261012 and parameters: {'learning_rate': 0.12328622162011953, 'max_depth': 11, 'l2_leaf_reg': 4.2565567817022005}. Best is trial 42 with value: 1235329.3405795854.
[I 2024-12-17 06:40:54,103] Trial 45 finished with value: 1289425.5006532702 and parameters: {'learning_rate': 0.1388424363426403, 'max_depth': 9, 'l2_leaf_reg': 7.267395594280669}. Best is trial 42 with value: 1235329.3405795854.
[I 2024-12-17 06:50:04,268] Trial 46 finished with value: 1241366.7723846694 and parameters: {'learning_rate': 0.08962685229364092, 'max_depth': 11, 'l2_leaf_reg': 13.342993644457867}. Best is trial 42 with value: 1235329.3405795854.
[I 2024-12-17 06:52:35,959] Trial 47 finished with value: 1281401.021886299 and parameters: {'learning_rate': 0.09455087561920629, 'max_depth': 9, 'l2_leaf_reg': 16.77417830960758}. Best is trial 42 with value: 1235329.3405795854.
[I 2024-12-17 06:56:20,305] Trial 48 finished with value: 1257321.165025577 and parameters: {'learning_rate': 0.21882431510255682, 'max_depth': 11, 'l2_leaf_reg': 11.853347569721718}. Best is trial 42 with value: 1235329.3405795854.
[I 2024-12-17 06:57:09,458] Trial 49 finished with value: 1297774.7745415631 and parameters: {'learning_rate': 0.22004320852388906, 'max_depth': 8, 'l2_leaf_reg': 12.06796104042679}. Best is trial 42 with value: 1235329.3405795854.
[I 2024-12-17 06:58:10,624] Trial 50 finished with value: 1340061.823177571 and parameters: {'learning_rate': 0.11012958463718452, 'max_depth': 7, 'l2_leaf_reg': 23.322158671189136}. Best is trial 42 with value: 1235329.3405795854.
[I 2024-12-17 07:01:32,427] Trial 51 finished with value: 1256025.2551728403 and parameters: {'learning_rate': 0.2726497827612206, 'max_depth': 11, 'l2_leaf_reg': 15.7719986289506}. Best is trial 42 with value: 1235329.3405795854.
[I 2024-12-17 07:04:10,678] Trial 52 finished with value: 1290959.1771264425 and parameters: {'learning_rate': 0.2781864816415765, 'max_depth': 11, 'l2_leaf_reg': 15.355832080033323}. Best is trial 42 with value: 1235329.3405795854.
[I 2024-12-17 07:05:29,672] Trial 53 finished with value: 1283354.999621254 and parameters: {'learning_rate': 0.23337388718042046, 'max_depth': 9, 'l2_leaf_reg': 10.025052432827504}. Best is trial 42 with value: 1235329.3405795854.
[I 2024-12-17 07:12:00,426] Trial 54 finished with value: 1243434.3235636437 and parameters: {'learning_rate': 0.1890734259741925, 'max_depth': 12, 'l2_leaf_reg': 7.469078747219091}. Best is trial 42 with value: 1235329.3405795854.
[I 2024-12-17 07:18:32,983] Trial 55 finished with value: 1256960.3168529402 and parameters: {'learning_rate': 0.18547569317575294, 'max_depth': 12, 'l2_leaf_reg': 7.353737952694169}. Best is trial 42 with value: 1235329.3405795854.
[I 2024-12-17 07:28:45,233] Trial 56 finished with value: 1230405.0688646568 and parameters: {'learning_rate': 0.1872920747607484, 'max_depth': 12, 'l2_leaf_reg': 7.356734906229031}. Best is trial 56 with value: 1230405.0688646568.
[I 2024-12-17 07:36:06,723] Trial 57 finished with value: 1228224.3288376713 and parameters: {'learning_rate': 0.18162681859897287, 'max_depth': 12, 'l2_leaf_reg': 6.759704948532447}. Best is trial 57 with value: 1228224.3288376713.
[I 2024-12-17 07:38:00,200] Trial 58 finished with value: 1277139.3761551497 and parameters: {'learning_rate': 0.24641323861382067, 'max_depth': 10, 'l2_leaf_reg': 6.4117630697873045}. Best is trial 57 with value: 1228224.3288376713.
[I 2024-12-17 07:50:02,771] Trial 59 finished with value: 1228770.8098914055 and parameters: {'learning_rate': 0.18639972790831372, 'max_depth': 12, 'l2_leaf_reg': 19.694019025217273}. Best is trial 57 with value: 1228224.3288376713.
[I 2024-12-17 07:57:34,461] Trial 60 finished with value: 1250778.4723105412 and parameters: {'learning_rate': 0.19480439667620372, 'max_depth': 12, 'l2_leaf_reg': 19.645244434402787}. Best is trial 57 with value: 1228224.3288376713.
[I 2024-12-17 07:57:52,850] Trial 61 finished with value: 1727533.130912168 and parameters: {'learning_rate': 0.14327278542536412, 'max_depth': 2, 'l2_leaf_reg': 29.162128291520986}. Best is trial 57 with value: 1228224.3288376713.
[I 2024-12-17 08:11:50,558] Trial 62 finished with value: 1214987.6890844502 and parameters: {'learning_rate': 0.1883699817214841, 'max_depth': 12, 'l2_leaf_reg': 24.35160157711265}. Best is trial 62 with value: 1214987.6890844502.
[I 2024-12-17 08:24:47,808] Trial 63 finished with value: 1229769.3016129124 and parameters: {'learning_rate': 0.16290202659269873, 'max_depth': 12, 'l2_leaf_reg': 23.2344353063914}. Best is trial 62 with value: 1214987.6890844502.
[I 2024-12-17 08:28:53,973] Trial 64 finished with value: 1237520.2781254028 and parameters: {'learning_rate': 0.1648546082574988, 'max_depth': 10, 'l2_leaf_reg': 22.93990292528989}. Best is trial 62 with value: 1214987.6890844502.
[I 2024-12-17 08:33:57,236] Trial 65 finished with value: 1243925.004041635 and parameters: {'learning_rate': 0.13303269160223966, 'max_depth': 10, 'l2_leaf_reg': 24.971482185017546}. Best is trial 62 with value: 1214987.6890844502.
[I 2024-12-17 08:37:05,491] Trial 66 finished with value: 1259342.3537432482 and parameters: {'learning_rate': 0.16630193167366247, 'max_depth': 10, 'l2_leaf_reg': 20.91638931847166}. Best is trial 62 with value: 1214987.6890844502.
[I 2024-12-17 08:44:11,706] Trial 67 finished with value: 1271051.2780095038 and parameters: {'learning_rate': 0.1513423536516697, 'max_depth': 12, 'l2_leaf_reg': 18.39980863904088}. Best is trial 62 with value: 1214987.6890844502.
[I 2024-12-17 08:44:31,965] Trial 68 finished with value: 1547328.7238955833 and parameters: {'learning_rate': 0.16957345737026883, 'max_depth': 3, 'l2_leaf_reg': 25.02681703638861}. Best is trial 62 with value: 1214987.6890844502.
[I 2024-12-17 08:53:49,995] Trial 69 finished with value: 1222571.3950121976 and parameters: {'learning_rate': 0.25385117393810336, 'max_depth': 12, 'l2_leaf_reg': 27.561551682189933}. Best is trial 62 with value: 1214987.6890844502.
[I 2024-12-17 09:02:27,839] Trial 70 finished with value: 1237499.0407626403 and parameters: {'learning_rate': 0.2584541879068377, 'max_depth': 12, 'l2_leaf_reg': 29.49430486528011}. Best is trial 62 with value: 1214987.6890844502.
[I 2024-12-17 09:03:49,493] Trial 71 finished with value: 1286625.6566425422 and parameters: {'learning_rate': 0.20759626367985373, 'max_depth': 9, 'l2_leaf_reg': 8.301360923772174}. Best is trial 62 with value: 1214987.6890844502.
[I 2024-12-17 09:11:57,919] Trial 72 finished with value: 1231656.8936420064 and parameters: {'learning_rate': 0.2443014102069939, 'max_depth': 12, 'l2_leaf_reg': 27.34420150803072}. Best is trial 62 with value: 1214987.6890844502.
[I 2024-12-17 09:21:13,099] Trial 73 finished with value: 1222285.2291786778 and parameters: {'learning_rate': 0.24275077424528443, 'max_depth': 12, 'l2_leaf_reg': 26.94715967896169}. Best is trial 62 with value: 1214987.6890844502.
[I 2024-12-17 09:30:26,967] Trial 74 finished with value: 1240990.749790371 and parameters: {'learning_rate': 0.24265060261990828, 'max_depth': 12, 'l2_leaf_reg': 26.42129853789999}. Best is trial 62 with value: 1214987.6890844502.
[I 2024-12-17 09:40:04,390] Trial 75 finished with value: 1244948.0518450807 and parameters: {'learning_rate': 0.20112700080053048, 'max_depth': 12, 'l2_leaf_reg': 18.247484310884204}. Best is trial 62 with value: 1214987.6890844502.
[I 2024-12-17 09:42:51,593] Trial 76 finished with value: 1246965.2206552455 and parameters: {'learning_rate': 0.2598669398273139, 'max_depth': 10, 'l2_leaf_reg': 21.958121430812124}. Best is trial 62 with value: 1214987.6890844502.
[I 2024-12-17 09:48:15,061] Trial 77 finished with value: 1257919.4917790273 and parameters: {'learning_rate': 0.28292105423855846, 'max_depth': 12, 'l2_leaf_reg': 13.924538000427798}. Best is trial 62 with value: 1214987.6890844502.
[I 2024-12-17 09:48:34,018] Trial 78 finished with value: 1403056.8140096152 and parameters: {'learning_rate': 0.29657915532464635, 'max_depth': 5, 'l2_leaf_reg': 26.997680482858588}. Best is trial 62 with value: 1214987.6890844502.
[I 2024-12-17 09:51:13,633] Trial 79 finished with value: 1277362.6675280747 and parameters: {'learning_rate': 0.2327012584047532, 'max_depth': 10, 'l2_leaf_reg': 20.153367386630034}. Best is trial 62 with value: 1214987.6890844502.
[I 2024-12-17 09:52:06,220] Trial 80 finished with value: 1311426.4445682778 and parameters: {'learning_rate': 0.17525912449114753, 'max_depth': 8, 'l2_leaf_reg': 5.101586148978267}. Best is trial 62 with value: 1214987.6890844502.
[I 2024-12-17 09:52:26,811] Trial 81 finished with value: 1456510.4702381592 and parameters: {'learning_rate': 0.20900976459422574, 'max_depth': 4, 'l2_leaf_reg': 17.29379053914409}. Best is trial 62 with value: 1214987.6890844502.
[I 2024-12-17 09:58:56,401] Trial 82 finished with value: 1247605.9883898688 and parameters: {'learning_rate': 0.11382499067849615, 'max_depth': 11, 'l2_leaf_reg': 5.9383254650658435}. Best is trial 62 with value: 1214987.6890844502.
[I 2024-12-17 10:07:29,809] Trial 83 finished with value: 1233506.2378216449 and parameters: {'learning_rate': 0.14919398413413623, 'max_depth': 11, 'l2_leaf_reg': 29.747741404798397}. Best is trial 62 with value: 1214987.6890844502.
[I 2024-12-17 10:18:47,130] Trial 84 finished with value: 1246185.634377334 and parameters: {'learning_rate': 0.1495095406931487, 'max_depth': 12, 'l2_leaf_reg': 24.115469112630947}. Best is trial 62 with value: 1214987.6890844502.
[I 2024-12-17 10:25:25,996] Trial 85 finished with value: 1236330.863829849 and parameters: {'learning_rate': 0.18176399680036534, 'max_depth': 11, 'l2_leaf_reg': 28.963888604127913}. Best is trial 62 with value: 1214987.6890844502.
[I 2024-12-17 10:34:30,837] Trial 86 finished with value: 1223428.5424885831 and parameters: {'learning_rate': 0.22810232528086843, 'max_depth': 12, 'l2_leaf_reg': 21.275678838256372}. Best is trial 62 with value: 1214987.6890844502.
[I 2024-12-17 10:43:28,059] Trial 87 finished with value: 1236024.7782550594 and parameters: {'learning_rate': 0.23737660405404581, 'max_depth': 12, 'l2_leaf_reg': 21.01422412546358}. Best is trial 62 with value: 1214987.6890844502.
[I 2024-12-17 10:48:11,229] Trial 88 finished with value: 1280440.8669976755 and parameters: {'learning_rate': 0.20151159957500658, 'max_depth': 12, 'l2_leaf_reg': 3.3458575469126104}. Best is trial 62 with value: 1214987.6890844502.
[I 2024-12-17 10:51:23,732] Trial 89 finished with value: 1261520.654681034 and parameters: {'learning_rate': 0.25685139341131535, 'max_depth': 10, 'l2_leaf_reg': 26.27133211030004}. Best is trial 62 with value: 1214987.6890844502.
[I 2024-12-17 10:55:42,099] Trial 90 finished with value: 1249737.4339932785 and parameters: {'learning_rate': 0.22307349642126056, 'max_depth': 11, 'l2_leaf_reg': 14.99944488120762}. Best is trial 62 with value: 1214987.6890844502.
[I 2024-12-17 10:58:07,279] Trial 91 finished with value: 1288145.3662878633 and parameters: {'learning_rate': 0.2996402849260805, 'max_depth': 11, 'l2_leaf_reg': 10.684580512903858}. Best is trial 62 with value: 1214987.6890844502.
[I 2024-12-17 11:08:39,519] Trial 92 finished with value: 1223083.2678515767 and parameters: {'learning_rate': 0.19174890692908816, 'max_depth': 12, 'l2_leaf_reg': 19.420890844127975}. Best is trial 62 with value: 1214987.6890844502.
[I 2024-12-17 11:20:20,790] Trial 93 finished with value: 1214877.2950728019 and parameters: {'learning_rate': 0.18855758911851606, 'max_depth': 12, 'l2_leaf_reg': 19.251736819896863}. Best is trial 93 with value: 1214877.2950728019.
[I 2024-12-17 11:30:32,429] Trial 94 finished with value: 1218161.5391814613 and parameters: {'learning_rate': 0.19069097730442217, 'max_depth': 12, 'l2_leaf_reg': 18.806973909213095}. Best is trial 93 with value: 1214877.2950728019.
[I 2024-12-17 11:36:30,614] Trial 95 finished with value: 1254743.7236214406 and parameters: {'learning_rate': 0.16106972010252554, 'max_depth': 11, 'l2_leaf_reg': 18.737483288062887}. Best is trial 93 with value: 1214877.2950728019.
[I 2024-12-17 11:39:36,766] Trial 96 finished with value: 1259601.567643016 and parameters: {'learning_rate': 0.20012307073487778, 'max_depth': 10, 'l2_leaf_reg': 22.353009696185403}. Best is trial 93 with value: 1214877.2950728019.
[I 2024-12-17 11:41:34,289] Trial 97 finished with value: 1279366.746103185 and parameters: {'learning_rate': 0.13740795380504917, 'max_depth': 9, 'l2_leaf_reg': 14.387517138798444}. Best is trial 93 with value: 1214877.2950728019.
[I 2024-12-17 11:50:51,622] Trial 98 finished with value: 1251444.3218082185 and parameters: {'learning_rate': 0.17722039736910536, 'max_depth': 12, 'l2_leaf_reg': 16.085590197822658}. Best is trial 93 with value: 1214877.2950728019.
[I 2024-12-17 11:55:43,412] Trial 99 finished with value: 1258321.20171848 and parameters: {'learning_rate': 0.22396413628202044, 'max_depth': 11, 'l2_leaf_reg': 12.249547667568189}. Best is trial 93 with value: 1214877.2950728019.
[I 2024-12-17 12:05:06,413] Trial 100 finished with value: 1250863.963211121 and parameters: {'learning_rate': 0.27016474245629124, 'max_depth': 12, 'l2_leaf_reg': 17.723837995141025}. Best is trial 93 with value: 1214877.2950728019.
[I 2024-12-17 12:16:50,831] Using an existing study with name 'CatBoost_Diamonds' instead of creating a new one.
[I 2024-12-17 12:17:19,721] Trial 1 finished with value: 439311.7412188932 and parameters: {'learning_rate': 0.1297755420155782, 'max_depth': 2, 'l2_leaf_reg': 1.1234762250037436}. Best is trial 1 with value: 439311.7412188932.
[I 2024-12-17 12:18:22,268] Trial 2 finished with value: 337640.7417990834 and parameters: {'learning_rate': 0.014582564788799319, 'max_depth': 5, 'l2_leaf_reg': 2.373611771186837}. Best is trial 2 with value: 337640.7417990834.
[I 2024-12-17 12:18:53,885] Trial 3 finished with value: 679982.0424397152 and parameters: {'learning_rate': 0.013598667859360378, 'max_depth': 2, 'l2_leaf_reg': 4.023200443539897}. Best is trial 2 with value: 337640.7417990834.
[I 2024-12-17 12:19:25,709] Trial 4 finished with value: 633723.3578562122 and parameters: {'learning_rate': 0.016499677874080437, 'max_depth': 2, 'l2_leaf_reg': 0.7526093714026685}. Best is trial 2 with value: 337640.7417990834.
[I 2024-12-17 12:22:10,529] Trial 5 finished with value: 311981.57503245847 and parameters: {'learning_rate': 0.03636107063488251, 'max_depth': 8, 'l2_leaf_reg': 24.10552517635772}. Best is trial 5 with value: 311981.57503245847.
[I 2024-12-17 12:22:57,822] Trial 6 finished with value: 319084.65811667294 and parameters: {'learning_rate': 0.061989768467747175, 'max_depth': 4, 'l2_leaf_reg': 1.9512415287532792}. Best is trial 5 with value: 311981.57503245847.
[I 2024-12-17 12:23:29,685] Trial 7 finished with value: 493247.0258202768 and parameters: {'learning_rate': 0.04466594579431038, 'max_depth': 2, 'l2_leaf_reg': 1.1506805102479967}. Best is trial 5 with value: 311981.57503245847.
[I 2024-12-17 12:26:25,471] Trial 8 finished with value: 306080.221685508 and parameters: {'learning_rate': 0.09863542112459903, 'max_depth': 9, 'l2_leaf_reg': 29.104597114152817}. Best is trial 8 with value: 306080.221685508.
[I 2024-12-17 12:26:58,066] Trial 9 finished with value: 313281.96874306846 and parameters: {'learning_rate': 0.25705153493689814, 'max_depth': 6, 'l2_leaf_reg': 10.752897022917645}. Best is trial 8 with value: 306080.221685508.
[I 2024-12-17 12:28:17,028] Trial 10 finished with value: 318671.8870104743 and parameters: {'learning_rate': 0.01858916817701117, 'max_depth': 6, 'l2_leaf_reg': 0.9424944561542954}. Best is trial 8 with value: 306080.221685508.
[I 2024-12-17 12:32:35,454] Trial 11 finished with value: 304161.2790483455 and parameters: {'learning_rate': 0.11814472589604763, 'max_depth': 10, 'l2_leaf_reg': 28.27681836063166}. Best is trial 11 with value: 304161.2790483455.
[I 2024-12-17 12:44:15,824] Trial 12 finished with value: 306656.4209597324 and parameters: {'learning_rate': 0.11540406134933598, 'max_depth': 12, 'l2_leaf_reg': 27.82427411750576}. Best is trial 11 with value: 304161.2790483455.
[I 2024-12-17 12:49:35,014] Trial 13 finished with value: 306441.2041767044 and parameters: {'learning_rate': 0.1130185650418579, 'max_depth': 11, 'l2_leaf_reg': 11.706554764096845}. Best is trial 11 with value: 304161.2790483455.
[I 2024-12-17 12:50:48,454] Trial 14 finished with value: 310890.8865996379 and parameters: {'learning_rate': 0.24335059708492712, 'max_depth': 9, 'l2_leaf_reg': 11.144616902983392}. Best is trial 11 with value: 304161.2790483455.
[I 2024-12-17 12:52:57,274] Trial 15 finished with value: 303858.9667378642 and parameters: {'learning_rate': 0.07225981382365132, 'max_depth': 8, 'l2_leaf_reg': 17.11428023644769}. Best is trial 15 with value: 303858.9667378642.
[I 2024-12-17 12:53:36,149] Trial 16 finished with value: 352905.0455333824 and parameters: {'learning_rate': 0.06451843353999132, 'max_depth': 3, 'l2_leaf_reg': 5.504384861021867}. Best is trial 15 with value: 303858.9667378642.
[I 2024-12-17 12:56:18,513] Trial 17 finished with value: 311289.47215244354 and parameters: {'learning_rate': 0.03131799960626553, 'max_depth': 8, 'l2_leaf_reg': 15.239279667870784}. Best is trial 15 with value: 303858.9667378642.
[I 2024-12-17 12:56:46,684] Trial 18 finished with value: 314251.43021064025 and parameters: {'learning_rate': 0.17652040110760708, 'max_depth': 6, 'l2_leaf_reg': 6.581185883806536}. Best is trial 15 with value: 303858.9667378642.
[I 2024-12-17 12:57:27,527] Trial 19 finished with value: 355576.0408391134 and parameters: {'learning_rate': 0.08428484250457689, 'max_depth': 3, 'l2_leaf_reg': 17.92395153640061}. Best is trial 15 with value: 303858.9667378642.
[I 2024-12-17 12:59:56,427] Trial 20 finished with value: 307177.4888675662 and parameters: {'learning_rate': 0.1489575005693793, 'max_depth': 10, 'l2_leaf_reg': 8.092242402337453}. Best is trial 15 with value: 303858.9667378642.
[I 2024-12-17 13:01:49,618] Trial 21 finished with value: 317004.1490962473 and parameters: {'learning_rate': 0.02713261562351225, 'max_depth': 7, 'l2_leaf_reg': 15.718199951543452}. Best is trial 15 with value: 303858.9667378642.
[I 2024-12-17 13:21:13,766] Trial 22 finished with value: 303792.76743864745 and parameters: {'learning_rate': 0.0798229821700372, 'max_depth': 12, 'l2_leaf_reg': 29.284750319367426}. Best is trial 22 with value: 303792.76743864745.
[I 2024-12-17 13:39:33,478] Trial 23 finished with value: 304287.74620030384 and parameters: {'learning_rate': 0.07047749938661751, 'max_depth': 12, 'l2_leaf_reg': 21.648790408905487}. Best is trial 22 with value: 303792.76743864745.
[I 2024-12-17 13:40:37,639] Trial 24 finished with value: 313414.46907914977 and parameters: {'learning_rate': 0.183329226789639, 'max_depth': 10, 'l2_leaf_reg': 0.5022216545012709}. Best is trial 22 with value: 303792.76743864745.
[I 2024-12-17 13:42:24,837] Trial 25 finished with value: 307818.1761136148 and parameters: {'learning_rate': 0.04529106744558645, 'max_depth': 7, 'l2_leaf_reg': 17.46064273244608}. Best is trial 22 with value: 303792.76743864745.
[I 2024-12-17 13:43:15,242] Trial 26 finished with value: 323065.3523360215 and parameters: {'learning_rate': 0.08534264470726477, 'max_depth': 4, 'l2_leaf_reg': 28.84114292587524}. Best is trial 22 with value: 303792.76743864745.
[I 2024-12-17 13:49:29,092] Trial 27 finished with value: 305056.0330206581 and parameters: {'learning_rate': 0.05047006907139912, 'max_depth': 10, 'l2_leaf_reg': 20.146085405270608}. Best is trial 22 with value: 303792.76743864745.
[I 2024-12-17 13:51:05,542] Trial 28 finished with value: 306402.50403728697 and parameters: {'learning_rate': 0.08170257625775251, 'max_depth': 8, 'l2_leaf_reg': 8.654900125783456}. Best is trial 22 with value: 303792.76743864745.
[I 2024-12-17 13:51:37,824] Trial 29 finished with value: 315533.4799343087 and parameters: {'learning_rate': 0.15593355228513794, 'max_depth': 5, 'l2_leaf_reg': 12.071373903518008}. Best is trial 22 with value: 303792.76743864745.
[I 2024-12-17 13:56:30,243] Trial 30 finished with value: 311550.30196141906 and parameters: {'learning_rate': 0.12906213482330528, 'max_depth': 12, 'l2_leaf_reg': 4.241200197558556}. Best is trial 22 with value: 303792.76743864745.
[I 2024-12-17 13:58:23,328] Trial 31 finished with value: 320314.41503818025 and parameters: {'learning_rate': 0.022054085585111332, 'max_depth': 7, 'l2_leaf_reg': 14.271683020344085}. Best is trial 22 with value: 303792.76743864745.
[I 2024-12-17 14:16:32,350] Trial 32 finished with value: 303906.7178421588 and parameters: {'learning_rate': 0.06853417314164766, 'max_depth': 12, 'l2_leaf_reg': 21.784607237862097}. Best is trial 22 with value: 303792.76743864745.
[I 2024-12-17 14:20:17,129] Trial 33 finished with value: 305832.4721011411 and parameters: {'learning_rate': 0.05616534378099988, 'max_depth': 9, 'l2_leaf_reg': 23.74813178362934}. Best is trial 22 with value: 303792.76743864745.
[I 2024-12-17 14:28:33,609] Trial 34 finished with value: 302774.2720057732 and parameters: {'learning_rate': 0.1015100045036614, 'max_depth': 11, 'l2_leaf_reg': 20.226028517325403}. Best is trial 34 with value: 302774.2720057732.
[I 2024-12-17 14:31:27,078] Trial 35 finished with value: 309474.05888231576 and parameters: {'learning_rate': 0.09305224579000348, 'max_depth': 11, 'l2_leaf_reg': 2.4958681015523134}. Best is trial 34 with value: 302774.2720057732.
[I 2024-12-17 14:40:52,011] Trial 36 finished with value: 304446.9093078799 and parameters: {'learning_rate': 0.07150895184402734, 'max_depth': 11, 'l2_leaf_reg': 20.048428822072854}. Best is trial 34 with value: 302774.2720057732.
[I 2024-12-17 14:43:30,253] Trial 37 finished with value: 331262.22143350524 and parameters: {'learning_rate': 0.01046561662925723, 'max_depth': 8, 'l2_leaf_reg': 8.379237758717972}. Best is trial 34 with value: 302774.2720057732.
[I 2024-12-17 15:03:13,445] Trial 38 finished with value: 305581.89147248334 and parameters: {'learning_rate': 0.037959361076624926, 'max_depth': 12, 'l2_leaf_reg': 14.35555317766754}. Best is trial 34 with value: 302774.2720057732.
[I 2024-12-17 15:07:23,288] Trial 39 finished with value: 304899.8038702449 and parameters: {'learning_rate': 0.05149463336117703, 'max_depth': 9, 'l2_leaf_reg': 22.21443409477423}. Best is trial 34 with value: 302774.2720057732.
[I 2024-12-17 15:08:25,373] Trial 40 finished with value: 314130.53471530724 and parameters: {'learning_rate': 0.038734012052395926, 'max_depth': 5, 'l2_leaf_reg': 1.7809014110068029}. Best is trial 34 with value: 302774.2720057732.
[I 2024-12-17 15:14:52,655] Trial 41 finished with value: 304837.96289920114 and parameters: {'learning_rate': 0.09768029011999692, 'max_depth': 11, 'l2_leaf_reg': 12.977034665248196}. Best is trial 34 with value: 302774.2720057732.
[I 2024-12-17 15:17:56,326] Trial 42 finished with value: 304347.4018192681 and parameters: {'learning_rate': 0.11110971525928563, 'max_depth': 9, 'l2_leaf_reg': 29.749879231907922}. Best is trial 34 with value: 302774.2720057732.
[I 2024-12-17 15:24:01,966] Trial 43 finished with value: 303232.59985874634 and parameters: {'learning_rate': 0.07582349499231725, 'max_depth': 10, 'l2_leaf_reg': 24.47352191807635}. Best is trial 34 with value: 302774.2720057732.
[I 2024-12-17 15:29:41,746] Trial 44 finished with value: 302018.70240844414 and parameters: {'learning_rate': 0.07480741365912993, 'max_depth': 10, 'l2_leaf_reg': 23.415313057095478}. Best is trial 44 with value: 302018.70240844414.
[I 2024-12-17 15:35:04,221] Trial 45 finished with value: 304174.48889600055 and parameters: {'learning_rate': 0.060439839532208606, 'max_depth': 10, 'l2_leaf_reg': 17.75035638784315}. Best is trial 44 with value: 302018.70240844414.
[I 2024-12-17 15:36:26,102] Trial 46 finished with value: 307529.59057807695 and parameters: {'learning_rate': 0.08437103396873852, 'max_depth': 7, 'l2_leaf_reg': 25.150211201451743}. Best is trial 44 with value: 302018.70240844414.
[I 2024-12-17 15:37:55,512] Trial 47 finished with value: 302993.59428469493 and parameters: {'learning_rate': 0.10542193116878229, 'max_depth': 8, 'l2_leaf_reg': 9.711019453691382}. Best is trial 44 with value: 302018.70240844414.
[I 2024-12-17 15:39:47,426] Trial 48 finished with value: 306000.8603415249 and parameters: {'learning_rate': 0.13973325160246347, 'max_depth': 9, 'l2_leaf_reg': 9.593535977613477}. Best is trial 44 with value: 302018.70240844414.
[I 2024-12-17 15:43:02,369] Trial 49 finished with value: 310248.22609252046 and parameters: {'learning_rate': 0.1123995029993518, 'max_depth': 11, 'l2_leaf_reg': 6.6412740871167735}. Best is trial 44 with value: 302018.70240844414.
[I 2024-12-17 15:43:43,128] Trial 50 finished with value: 310144.68446386885 and parameters: {'learning_rate': 0.2077868115966567, 'max_depth': 6, 'l2_leaf_reg': 25.153656297003863}. Best is trial 44 with value: 302018.70240844414.
[I 2024-12-17 15:44:23,976] Trial 51 finished with value: 348906.77023197256 and parameters: {'learning_rate': 0.09564443431533867, 'max_depth': 3, 'l2_leaf_reg': 19.169761409695717}. Best is trial 44 with value: 302018.70240844414.
[I 2024-12-17 15:46:35,883] Trial 52 finished with value: 301963.468613539 and parameters: {'learning_rate': 0.0752686597421645, 'max_depth': 8, 'l2_leaf_reg': 16.274705241667537}. Best is trial 52 with value: 301963.468613539.
[I 2024-12-17 15:51:36,669] Trial 53 finished with value: 304870.38156790583 and parameters: {'learning_rate': 0.0779272166369177, 'max_depth': 10, 'l2_leaf_reg': 24.510151999528585}. Best is trial 52 with value: 301963.468613539.
[I 2024-12-17 15:55:03,081] Trial 54 finished with value: 304696.1577430743 and parameters: {'learning_rate': 0.05911698990298849, 'max_depth': 9, 'l2_leaf_reg': 14.003672691356256}. Best is trial 52 with value: 301963.468613539.
[I 2024-12-17 15:56:37,320] Trial 55 finished with value: 303026.02250226616 and parameters: {'learning_rate': 0.10551390559157768, 'max_depth': 8, 'l2_leaf_reg': 11.00649964898688}. Best is trial 52 with value: 301963.468613539.
[I 2024-12-17 15:57:45,029] Trial 56 finished with value: 306537.6358552452 and parameters: {'learning_rate': 0.1271776650166767, 'max_depth': 8, 'l2_leaf_reg': 11.622086284244356}. Best is trial 52 with value: 301963.468613539.
[I 2024-12-17 15:59:01,790] Trial 57 finished with value: 303846.9885484783 and parameters: {'learning_rate': 0.10418017679940457, 'max_depth': 7, 'l2_leaf_reg': 10.570575723277635}. Best is trial 52 with value: 301963.468613539.
[I 2024-12-17 16:00:04,629] Trial 58 finished with value: 305983.93558362115 and parameters: {'learning_rate': 0.12171131156526893, 'max_depth': 8, 'l2_leaf_reg': 5.220383390460113}. Best is trial 52 with value: 301963.468613539.
[I 2024-12-17 16:00:35,471] Trial 59 finished with value: 320426.85195918643 and parameters: {'learning_rate': 0.15239018992573908, 'max_depth': 4, 'l2_leaf_reg': 16.263953964987156}. Best is trial 52 with value: 301963.468613539.
[I 2024-12-17 16:01:01,316] Trial 60 finished with value: 321277.90843895584 and parameters: {'learning_rate': 0.2966024670284312, 'max_depth': 5, 'l2_leaf_reg': 6.924118013297037}. Best is trial 52 with value: 301963.468613539.
[I 2024-12-17 16:02:06,419] Trial 61 finished with value: 305600.47308493976 and parameters: {'learning_rate': 0.09253588330278487, 'max_depth': 6, 'l2_leaf_reg': 9.577868086084466}. Best is trial 52 with value: 301963.468613539.
[I 2024-12-17 16:12:21,468] Trial 62 finished with value: 303315.35882322164 and parameters: {'learning_rate': 0.07624012732983405, 'max_depth': 11, 'l2_leaf_reg': 26.493308704707783}. Best is trial 52 with value: 301963.468613539.
[I 2024-12-17 16:20:31,520] Trial 63 finished with value: 305247.52081656136 and parameters: {'learning_rate': 0.0750596971627918, 'max_depth': 11, 'l2_leaf_reg': 19.40240180942956}. Best is trial 52 with value: 301963.468613539.
[I 2024-12-17 16:26:19,482] Trial 64 finished with value: 303352.7335596779 and parameters: {'learning_rate': 0.06562318005146313, 'max_depth': 10, 'l2_leaf_reg': 16.35814943060117}. Best is trial 52 with value: 301963.468613539.
[I 2024-12-17 16:30:43,180] Trial 65 finished with value: 305229.5638428375 and parameters: {'learning_rate': 0.04626998468925898, 'max_depth': 9, 'l2_leaf_reg': 26.264871652422972}. Best is trial 52 with value: 301963.468613539.
[I 2024-12-17 16:35:30,527] Trial 66 finished with value: 307828.89791142393 and parameters: {'learning_rate': 0.10370313065158047, 'max_depth': 11, 'l2_leaf_reg': 12.920627191141257}. Best is trial 52 with value: 301963.468613539.
[I 2024-12-17 16:38:39,800] Trial 67 finished with value: 305367.9501264305 and parameters: {'learning_rate': 0.17286894404668884, 'max_depth': 10, 'l2_leaf_reg': 21.381848585643894}. Best is trial 52 with value: 301963.468613539.
[I 2024-12-17 16:40:37,871] Trial 68 finished with value: 301716.8423341277 and parameters: {'learning_rate': 0.08823587856707951, 'max_depth': 8, 'l2_leaf_reg': 15.6812443050924}. Best is trial 68 with value: 301716.8423341277.
[I 2024-12-17 16:41:30,578] Trial 69 finished with value: 308360.19538493064 and parameters: {'learning_rate': 0.0889037348401957, 'max_depth': 7, 'l2_leaf_reg': 2.9926047143629164}. Best is trial 68 with value: 301716.8423341277.
[I 2024-12-17 16:42:36,054] Trial 70 finished with value: 306888.7663456399 and parameters: {'learning_rate': 0.13785347726705013, 'max_depth': 8, 'l2_leaf_reg': 10.367280492292943}. Best is trial 68 with value: 301716.8423341277.
[I 2024-12-17 16:44:08,193] Trial 71 finished with value: 302997.1811667601 and parameters: {'learning_rate': 0.10611408073696332, 'max_depth': 8, 'l2_leaf_reg': 14.814429591379389}. Best is trial 68 with value: 301716.8423341277.
[I 2024-12-17 16:45:52,299] Trial 72 finished with value: 301077.7694636956 and parameters: {'learning_rate': 0.10195261485929225, 'max_depth': 8, 'l2_leaf_reg': 15.403454261146756}. Best is trial 72 with value: 301077.7694636956.
[I 2024-12-17 16:46:55,624] Trial 73 finished with value: 304614.17908794596 and parameters: {'learning_rate': 0.10481438930391877, 'max_depth': 6, 'l2_leaf_reg': 13.406163367773525}. Best is trial 72 with value: 301077.7694636956.
[I 2024-12-17 16:48:39,482] Trial 74 finished with value: 301110.4666679691 and parameters: {'learning_rate': 0.11616812212725447, 'max_depth': 8, 'l2_leaf_reg': 14.854965515306088}. Best is trial 72 with value: 301077.7694636956.
[I 2024-12-17 16:49:53,992] Trial 75 finished with value: 302137.9010634964 and parameters: {'learning_rate': 0.1183916617533637, 'max_depth': 7, 'l2_leaf_reg': 14.727934834999518}. Best is trial 72 with value: 301077.7694636956.
[I 2024-12-17 16:51:02,305] Trial 76 finished with value: 303805.3766050533 and parameters: {'learning_rate': 0.12479478004481268, 'max_depth': 7, 'l2_leaf_reg': 18.30513731958805}. Best is trial 72 with value: 301077.7694636956.
[I 2024-12-17 16:54:04,282] Trial 77 finished with value: 304984.07776516024 and parameters: {'learning_rate': 0.08784935061014565, 'max_depth': 9, 'l2_leaf_reg': 15.963250676455397}. Best is trial 72 with value: 301077.7694636956.
[I 2024-12-17 16:54:41,459] Trial 78 finished with value: 310833.54510059196 and parameters: {'learning_rate': 0.1625462662642509, 'max_depth': 6, 'l2_leaf_reg': 12.17178746475365}. Best is trial 72 with value: 301077.7694636956.
[I 2024-12-17 16:55:27,024] Trial 79 finished with value: 305758.46174569114 and parameters: {'learning_rate': 0.20149538294046196, 'max_depth': 7, 'l2_leaf_reg': 7.801859528520206}. Best is trial 72 with value: 301077.7694636956.
[I 2024-12-17 16:57:14,722] Trial 80 finished with value: 300406.2848482166 and parameters: {'learning_rate': 0.11639722298911934, 'max_depth': 8, 'l2_leaf_reg': 17.631037967653356}. Best is trial 80 with value: 300406.2848482166.
[I 2024-12-17 16:59:50,359] Trial 81 finished with value: 305626.00159139617 and parameters: {'learning_rate': 0.13588253870544567, 'max_depth': 9, 'l2_leaf_reg': 21.9032146314104}. Best is trial 80 with value: 300406.2848482166.
[I 2024-12-17 17:01:20,417] Trial 82 finished with value: 303117.1869929458 and parameters: {'learning_rate': 0.11927529362860168, 'max_depth': 8, 'l2_leaf_reg': 17.45334924878269}. Best is trial 80 with value: 300406.2848482166.
[I 2024-12-17 17:02:37,968] Trial 83 finished with value: 304754.7462552132 and parameters: {'learning_rate': 0.09726945859050555, 'max_depth': 7, 'l2_leaf_reg': 15.13790461567852}. Best is trial 80 with value: 300406.2848482166.
[I 2024-12-17 17:07:58,710] Trial 84 finished with value: 302814.5101055397 and parameters: {'learning_rate': 0.08485705739742272, 'max_depth': 10, 'l2_leaf_reg': 19.725296422572917}. Best is trial 80 with value: 300406.2848482166.
[I 2024-12-17 17:13:44,731] Trial 85 finished with value: 304709.43762379995 and parameters: {'learning_rate': 0.06501723636057313, 'max_depth': 10, 'l2_leaf_reg': 19.933928817503592}. Best is trial 80 with value: 300406.2848482166.
[I 2024-12-17 17:17:05,958] Trial 86 finished with value: 303503.5739131582 and parameters: {'learning_rate': 0.0823440461305569, 'max_depth': 9, 'l2_leaf_reg': 22.94367703311776}. Best is trial 80 with value: 300406.2848482166.
[I 2024-12-17 17:33:01,067] Trial 87 finished with value: 305944.7918713355 and parameters: {'learning_rate': 0.06915378017183937, 'max_depth': 12, 'l2_leaf_reg': 18.00475983633509}. Best is trial 80 with value: 300406.2848482166.
[I 2024-12-17 17:33:30,999] Trial 88 finished with value: 443719.0713084714 and parameters: {'learning_rate': 0.11599417980668685, 'max_depth': 2, 'l2_leaf_reg': 12.71575658052776}. Best is trial 80 with value: 300406.2848482166.
[I 2024-12-17 17:35:21,346] Trial 89 finished with value: 311463.7248537168 and parameters: {'learning_rate': 0.055545275615888595, 'max_depth': 9, 'l2_leaf_reg': 1.0201374799037735}. Best is trial 80 with value: 300406.2848482166.
[I 2024-12-17 17:38:09,397] Trial 90 finished with value: 309967.3743661955 and parameters: {'learning_rate': 0.14227457093268162, 'max_depth': 10, 'l2_leaf_reg': 15.415059443214586}. Best is trial 80 with value: 300406.2848482166.
[I 2024-12-17 17:39:43,884] Trial 91 finished with value: 311964.5021784314 and parameters: {'learning_rate': 0.09022919920634251, 'max_depth': 10, 'l2_leaf_reg': 1.3550066402136767}. Best is trial 80 with value: 300406.2848482166.
[I 2024-12-17 17:42:00,602] Trial 92 finished with value: 300635.3282061742 and parameters: {'learning_rate': 0.08135935541241729, 'max_depth': 8, 'l2_leaf_reg': 20.326629620712655}. Best is trial 80 with value: 300406.2848482166.
[I 2024-12-17 17:44:06,898] Trial 93 finished with value: 303249.04378223914 and parameters: {'learning_rate': 0.08341176355523995, 'max_depth': 8, 'l2_leaf_reg': 20.86437196355079}. Best is trial 80 with value: 300406.2848482166.
[I 2024-12-17 17:45:29,296] Trial 94 finished with value: 304411.9069993971 and parameters: {'learning_rate': 0.0981223215930164, 'max_depth': 7, 'l2_leaf_reg': 16.97789844532144}. Best is trial 80 with value: 300406.2848482166.
[I 2024-12-17 17:48:45,012] Trial 95 finished with value: 303900.2504626022 and parameters: {'learning_rate': 0.07368432543760023, 'max_depth': 9, 'l2_leaf_reg': 18.798431546012598}. Best is trial 80 with value: 300406.2848482166.
[I 2024-12-17 17:49:35,404] Trial 96 finished with value: 325538.083190412 and parameters: {'learning_rate': 0.06225970869412734, 'max_depth': 4, 'l2_leaf_reg': 23.311373619808545}. Best is trial 80 with value: 300406.2848482166.
[I 2024-12-17 17:59:46,007] Trial 97 finished with value: 305654.51280904264 and parameters: {'learning_rate': 0.11282833178988211, 'max_depth': 12, 'l2_leaf_reg': 14.637959884727106}. Best is trial 80 with value: 300406.2848482166.
[I 2024-12-17 18:05:49,064] Trial 98 finished with value: 306846.85577085894 and parameters: {'learning_rate': 0.12919778984956506, 'max_depth': 11, 'l2_leaf_reg': 27.525445294176144}. Best is trial 80 with value: 300406.2848482166.
[I 2024-12-17 18:07:39,927] Trial 99 finished with value: 301028.3937228952 and parameters: {'learning_rate': 0.09246070721346783, 'max_depth': 8, 'l2_leaf_reg': 13.651741041012594}. Best is trial 80 with value: 300406.2848482166.
[I 2024-12-17 18:09:43,607] Trial 100 finished with value: 301528.0420144062 and parameters: {'learning_rate': 0.0789450059904149, 'max_depth': 8, 'l2_leaf_reg': 13.956150115533152}. Best is trial 80 with value: 300406.2848482166.
