

----------------------------------------------------------------------------
Training CatBoost Vesion 1 with Dataset: config/boston.yml 



----------------------------------------------------------------------------
Namespace(batch_size=128, cat_dims=None, cat_idx=None, config='config/boston.yml', data_parallel=False, dataset='Boston', direction='minimize', dropna_idx=None, early_stopping_rounds=20, epochs=1000, gpu_ids=[0, 1], logging_period=100, miss_cat_idx=None, miss_num_idx=None, model_name='CatBoost', n_trials=100, nominal_idx=[3], num_classes=1, num_features=13, num_splits=5, objective='regression', one_hot_encode=True, optimize_hyperparameters=True, ordinal_encode=False, ordinal_idx=None, scale=True, seed=221, shuffle=True, target_encode=False, use_gpu=True, val_batch_size=256)
Start hyperparameter optimization
Loading dataset Boston...
Dataset loaded!
(506, 13)
Scaling the data...
args.num_features: 14
New Shape: (506, 14)


----------------------------------------------------------------------------
Training CatBoost Vesion 1 with Dataset: config/socmob.yml 



----------------------------------------------------------------------------
Namespace(batch_size=128, cat_dims=None, cat_idx=None, config='config/socmob.yml', data_parallel=False, dataset='Socmob', direction='minimize', dropna_idx=None, early_stopping_rounds=20, epochs=1000, gpu_ids=[0, 1], logging_period=100, miss_cat_idx=None, miss_num_idx=None, model_name='CatBoost', n_trials=100, nominal_idx=[0, 1, 2, 3], num_classes=1, num_features=5, num_splits=5, objective='regression', one_hot_encode=True, optimize_hyperparameters=True, ordinal_encode=False, ordinal_idx=None, scale=True, seed=221, shuffle=True, target_encode=False, use_gpu=True, val_batch_size=256)
Start hyperparameter optimization
Loading dataset Socmob...
Dataset loaded!
(1156, 5)
Scaling the data...
args.num_features: 39
New Shape: (1156, 39)


----------------------------------------------------------------------------
Training CatBoost Vesion 1 with Dataset: config/sensory.yml 



----------------------------------------------------------------------------
Namespace(batch_size=128, cat_dims=None, cat_idx=None, config='config/sensory.yml', data_parallel=False, dataset='Sensory', direction='minimize', dropna_idx=None, early_stopping_rounds=20, epochs=1000, gpu_ids=[0, 1], logging_period=100, miss_cat_idx=None, miss_num_idx=None, model_name='CatBoost', n_trials=100, nominal_idx=[0, 1, 2, 3, 4, 5, 6, 7, 8, 9, 10], num_classes=1, num_features=11, num_splits=5, objective='regression', one_hot_encode=True, optimize_hyperparameters=True, ordinal_encode=False, ordinal_idx=None, scale=False, seed=221, shuffle=True, target_encode=False, use_gpu=True, val_batch_size=256)
Start hyperparameter optimization
Loading dataset Sensory...
Dataset loaded!
(576, 11)
args.num_features: 36
New Shape: (576, 36)


----------------------------------------------------------------------------
Training CatBoost Vesion 1 with Dataset: config/moneyball.yml 



----------------------------------------------------------------------------
Namespace(batch_size=128, cat_dims=None, cat_idx=None, config='config/moneyball.yml', data_parallel=False, dataset='Moneyball', direction='minimize', dropna_idx=[9, 10, 12, 13], early_stopping_rounds=20, epochs=1000, gpu_ids=[0, 1], logging_period=100, miss_cat_idx=None, miss_num_idx=None, model_name='CatBoost', n_trials=100, nominal_idx=[0, 1, 8], num_classes=1, num_features=14, num_splits=5, objective='regression', one_hot_encode=True, optimize_hyperparameters=True, ordinal_encode=False, ordinal_idx=None, scale=True, seed=221, shuffle=True, target_encode=False, use_gpu=True, val_batch_size=256)
Start hyperparameter optimization
Loading dataset Moneyball...
Dataset loaded!
(1232, 10)
Scaling the data...
args.num_features: 50
New Shape: (1232, 50)


----------------------------------------------------------------------------
Training CatBoost Vesion 1 with Dataset: config/black_friday.yml 



----------------------------------------------------------------------------
Namespace(batch_size=128, cat_dims=None, cat_idx=None, config='config/black_friday.yml', data_parallel=False, dataset='Black_Friday', direction='minimize', dropna_idx=None, early_stopping_rounds=20, epochs=1000, gpu_ids=[0, 1], logging_period=100, miss_cat_idx=None, miss_num_idx=None, model_name='CatBoost', n_trials=100, nominal_idx=[0, 2, 3, 5, 6, 7, 8], num_classes=1, num_features=9, num_splits=5, objective='regression', one_hot_encode=True, optimize_hyperparameters=True, ordinal_encode=True, ordinal_idx=[1], scale=True, seed=221, shuffle=True, target_encode=False, use_gpu=True, val_batch_size=256)
Start hyperparameter optimization
Loading dataset Black_Friday...
Dataset loaded!
(166821, 9)
Scaling the data...
args.num_features: 71
New Shape: (166821, 71)
