/home/mburu/.local/lib/python3.8/site-packages/sklearn/preprocessing/_encoders.py:975: FutureWarning: `sparse` was renamed to `sparse_output` in version 1.2 and will be removed in 1.4. `sparse_output` is ignored unless you leave `sparse` to its default value.
  warnings.warn(
[I 2024-12-17 02:40:28,148] Using an existing study with name 'CatBoost_Boston' instead of creating a new one.
[I 2024-12-17 02:43:54,864] Trial 2 finished with value: 10.542126916199102 and parameters: {'learning_rate': 0.0842304237752841, 'max_depth': 11, 'l2_leaf_reg': 7.630257711933859}. Best is trial 2 with value: 10.542126916199102.
[I 2024-12-17 02:47:19,844] Trial 3 finished with value: 10.496082444223012 and parameters: {'learning_rate': 0.05437142634865366, 'max_depth': 10, 'l2_leaf_reg': 12.259484190885727}. Best is trial 3 with value: 10.496082444223012.
[I 2024-12-17 02:47:51,420] Trial 4 finished with value: 9.540292433589968 and parameters: {'learning_rate': 0.03868152923833749, 'max_depth': 4, 'l2_leaf_reg': 10.854751270259253}. Best is trial 4 with value: 9.540292433589968.
[I 2024-12-17 02:49:30,704] Trial 5 finished with value: 10.442171877050344 and parameters: {'learning_rate': 0.011951471498246035, 'max_depth': 8, 'l2_leaf_reg': 1.934949652846728}. Best is trial 4 with value: 9.540292433589968.
[I 2024-12-17 02:49:48,276] Trial 6 finished with value: 9.97439251888465 and parameters: {'learning_rate': 0.08623175808255087, 'max_depth': 3, 'l2_leaf_reg': 20.468521100144137}. Best is trial 4 with value: 9.540292433589968.
[I 2024-12-17 02:52:47,704] Trial 7 finished with value: 10.384872276777168 and parameters: {'learning_rate': 0.021079075494569305, 'max_depth': 10, 'l2_leaf_reg': 2.500094393712562}. Best is trial 4 with value: 9.540292433589968.
[I 2024-12-17 02:52:55,689] Trial 8 finished with value: 9.657076563061228 and parameters: {'learning_rate': 0.18583089087580862, 'max_depth': 5, 'l2_leaf_reg': 0.6438878786125137}. Best is trial 4 with value: 9.540292433589968.
[I 2024-12-17 02:53:13,461] Trial 9 finished with value: 9.240336368153288 and parameters: {'learning_rate': 0.09036872829209988, 'max_depth': 4, 'l2_leaf_reg': 8.294262353446776}. Best is trial 9 with value: 9.240336368153288.
[I 2024-12-17 02:56:14,624] Trial 10 finished with value: 10.184886841837857 and parameters: {'learning_rate': 0.0921215295049572, 'max_depth': 12, 'l2_leaf_reg': 2.018910436110281}. Best is trial 9 with value: 9.240336368153288.
[I 2024-12-17 02:56:37,770] Trial 11 finished with value: 12.847385939768927 and parameters: {'learning_rate': 0.02791101914299775, 'max_depth': 2, 'l2_leaf_reg': 28.647464068761252}. Best is trial 9 with value: 9.240336368153288.
[I 2024-12-17 02:56:43,572] Trial 12 finished with value: 11.974759902089861 and parameters: {'learning_rate': 0.23542735762303463, 'max_depth': 2, 'l2_leaf_reg': 5.111107334136791}. Best is trial 9 with value: 9.240336368153288.
[I 2024-12-17 02:57:13,618] Trial 13 finished with value: 9.476981465500254 and parameters: {'learning_rate': 0.0426459852035661, 'max_depth': 4, 'l2_leaf_reg': 10.71765044743018}. Best is trial 9 with value: 9.240336368153288.
[I 2024-12-17 02:57:28,547] Trial 14 finished with value: 9.01959399175926 and parameters: {'learning_rate': 0.1236766526452581, 'max_depth': 5, 'l2_leaf_reg': 5.052512723292125}. Best is trial 14 with value: 9.01959399175926.
[I 2024-12-17 02:57:40,527] Trial 15 finished with value: 9.800708968781374 and parameters: {'learning_rate': 0.1423937626479493, 'max_depth': 6, 'l2_leaf_reg': 4.244429189567661}. Best is trial 14 with value: 9.01959399175926.
[I 2024-12-17 02:57:48,443] Trial 16 finished with value: 10.03227359307174 and parameters: {'learning_rate': 0.12397242367806902, 'max_depth': 3, 'l2_leaf_reg': 0.895222291364867}. Best is trial 14 with value: 9.01959399175926.
[I 2024-12-17 02:58:00,570] Trial 17 finished with value: 9.453219693037148 and parameters: {'learning_rate': 0.25395225296674384, 'max_depth': 6, 'l2_leaf_reg': 5.875405856139151}. Best is trial 14 with value: 9.01959399175926.
[I 2024-12-17 02:58:12,372] Trial 18 finished with value: 10.4835415506495 and parameters: {'learning_rate': 0.06895610471693028, 'max_depth': 3, 'l2_leaf_reg': 2.653468805640098}. Best is trial 14 with value: 9.01959399175926.
[I 2024-12-17 02:58:40,378] Trial 19 finished with value: 9.934751573512695 and parameters: {'learning_rate': 0.14328484636374839, 'max_depth': 7, 'l2_leaf_reg': 15.657358232488633}. Best is trial 14 with value: 9.01959399175926.
[I 2024-12-17 02:58:55,889] Trial 20 finished with value: 9.46200739957158 and parameters: {'learning_rate': 0.05610083837773749, 'max_depth': 4, 'l2_leaf_reg': 1.3187165432658359}. Best is trial 14 with value: 9.01959399175926.
[I 2024-12-17 02:59:09,727] Trial 21 finished with value: 9.195508317308844 and parameters: {'learning_rate': 0.11936471578100293, 'max_depth': 5, 'l2_leaf_reg': 3.4369708657999603}. Best is trial 14 with value: 9.01959399175926.
[I 2024-12-17 02:59:19,807] Trial 22 finished with value: 9.54186423600097 and parameters: {'learning_rate': 0.18229050941506736, 'max_depth': 5, 'l2_leaf_reg': 3.7570185125020683}. Best is trial 14 with value: 9.01959399175926.
[I 2024-12-17 02:59:38,575] Trial 23 finished with value: 9.302347382209586 and parameters: {'learning_rate': 0.11236978129337731, 'max_depth': 5, 'l2_leaf_reg': 7.4538927598497295}. Best is trial 14 with value: 9.01959399175926.
[I 2024-12-17 02:59:47,779] Trial 24 finished with value: 9.817702073202506 and parameters: {'learning_rate': 0.18554914201526596, 'max_depth': 3, 'l2_leaf_reg': 3.5657238606525485}. Best is trial 14 with value: 9.01959399175926.
[I 2024-12-17 03:00:23,101] Trial 25 finished with value: 9.628428239283735 and parameters: {'learning_rate': 0.10475557522635581, 'max_depth': 8, 'l2_leaf_reg': 6.294112833403377}. Best is trial 14 with value: 9.01959399175926.
[I 2024-12-17 03:00:51,117] Trial 26 finished with value: 9.83569198850994 and parameters: {'learning_rate': 0.06499053636842525, 'max_depth': 6, 'l2_leaf_reg': 7.85291976973479}. Best is trial 14 with value: 9.01959399175926.
[I 2024-12-17 03:00:59,041] Trial 27 finished with value: 8.972428405584246 and parameters: {'learning_rate': 0.28735116818014755, 'max_depth': 5, 'l2_leaf_reg': 3.0949092470341486}. Best is trial 27 with value: 8.972428405584246.
[I 2024-12-17 03:01:07,816] Trial 28 finished with value: 11.011342068383481 and parameters: {'learning_rate': 0.258815108171405, 'max_depth': 7, 'l2_leaf_reg': 1.3709017016297091}. Best is trial 27 with value: 8.972428405584246.
[I 2024-12-17 03:01:13,862] Trial 29 finished with value: 9.314697793384239 and parameters: {'learning_rate': 0.2779149757297035, 'max_depth': 5, 'l2_leaf_reg': 3.045725430417412}. Best is trial 27 with value: 8.972428405584246.
[I 2024-12-17 03:01:28,869] Trial 30 finished with value: 9.543736389115303 and parameters: {'learning_rate': 0.1540181511511644, 'max_depth': 7, 'l2_leaf_reg': 1.592992307248411}. Best is trial 27 with value: 8.972428405584246.
[I 2024-12-17 03:01:38,747] Trial 31 finished with value: 9.34889244217197 and parameters: {'learning_rate': 0.20825935429941952, 'max_depth': 6, 'l2_leaf_reg': 4.621886261731298}. Best is trial 27 with value: 8.972428405584246.
[I 2024-12-17 03:01:50,126] Trial 32 finished with value: 10.548044138466123 and parameters: {'learning_rate': 0.2963622494843343, 'max_depth': 8, 'l2_leaf_reg': 1.1071818525722257}. Best is trial 27 with value: 8.972428405584246.
[I 2024-12-17 03:02:08,809] Trial 33 finished with value: 9.074084510291778 and parameters: {'learning_rate': 0.0827809218261191, 'max_depth': 4, 'l2_leaf_reg': 8.471539740776041}. Best is trial 27 with value: 8.972428405584246.
[I 2024-12-17 03:02:20,458] Trial 34 finished with value: 9.551804596494737 and parameters: {'learning_rate': 0.12237043720499775, 'max_depth': 5, 'l2_leaf_reg': 3.179289996804919}. Best is trial 27 with value: 8.972428405584246.
[I 2024-12-17 03:02:41,432] Trial 35 finished with value: 8.890537011124739 and parameters: {'learning_rate': 0.06953921575913417, 'max_depth': 4, 'l2_leaf_reg': 5.586791127444733}. Best is trial 35 with value: 8.890537011124739.
[I 2024-12-17 03:03:07,666] Trial 36 finished with value: 9.353764266132993 and parameters: {'learning_rate': 0.04662400852770894, 'max_depth': 4, 'l2_leaf_reg': 10.489047303607228}. Best is trial 35 with value: 8.890537011124739.
[I 2024-12-17 03:03:25,341] Trial 37 finished with value: 9.987345473704773 and parameters: {'learning_rate': 0.06976228638372915, 'max_depth': 3, 'l2_leaf_reg': 16.316108223221953}. Best is trial 35 with value: 8.890537011124739.
[I 2024-12-17 03:03:56,974] Trial 38 finished with value: 9.503242731710483 and parameters: {'learning_rate': 0.029066355780891402, 'max_depth': 4, 'l2_leaf_reg': 5.88652459559229}. Best is trial 35 with value: 8.890537011124739.
[I 2024-12-17 03:05:10,411] Trial 39 finished with value: 9.98455644224436 and parameters: {'learning_rate': 0.0799228882952078, 'max_depth': 10, 'l2_leaf_reg': 2.1511127604308538}. Best is trial 35 with value: 8.890537011124739.
[I 2024-12-17 03:05:33,863] Trial 40 finished with value: 9.385410390080484 and parameters: {'learning_rate': 0.0547795095773978, 'max_depth': 4, 'l2_leaf_reg': 8.562137529351606}. Best is trial 35 with value: 8.890537011124739.
[I 2024-12-17 03:06:27,035] Trial 41 finished with value: 9.872171262339284 and parameters: {'learning_rate': 0.03439126045468312, 'max_depth': 6, 'l2_leaf_reg': 14.550287865941339}. Best is trial 35 with value: 8.890537011124739.
[I 2024-12-17 03:07:34,226] Trial 42 finished with value: 9.992162420869967 and parameters: {'learning_rate': 0.021627299868708927, 'max_depth': 7, 'l2_leaf_reg': 4.857859248494644}. Best is trial 35 with value: 8.890537011124739.
[I 2024-12-17 03:07:47,272] Trial 43 finished with value: 9.362391522116907 and parameters: {'learning_rate': 0.10379501219645057, 'max_depth': 5, 'l2_leaf_reg': 2.695736096857445}. Best is trial 35 with value: 8.890537011124739.
[I 2024-12-17 03:08:09,687] Trial 44 finished with value: 9.323317556582705 and parameters: {'learning_rate': 0.08256956561339222, 'max_depth': 5, 'l2_leaf_reg': 6.461292971212709}. Best is trial 35 with value: 8.890537011124739.
[I 2024-12-17 03:08:27,102] Trial 45 finished with value: 9.631293414276273 and parameters: {'learning_rate': 0.0939578702377855, 'max_depth': 5, 'l2_leaf_reg': 3.8589427126425444}. Best is trial 35 with value: 8.890537011124739.
[I 2024-12-17 03:08:42,718] Trial 46 finished with value: 8.946164431577772 and parameters: {'learning_rate': 0.16546671361606088, 'max_depth': 4, 'l2_leaf_reg': 9.441240378251244}. Best is trial 35 with value: 8.890537011124739.
[I 2024-12-17 03:08:54,477] Trial 47 finished with value: 9.646445672396869 and parameters: {'learning_rate': 0.16399598307228627, 'max_depth': 4, 'l2_leaf_reg': 13.272729923524254}. Best is trial 35 with value: 8.890537011124739.
[I 2024-12-17 03:09:27,409] Trial 48 finished with value: 12.61934675292626 and parameters: {'learning_rate': 0.010004643809938351, 'max_depth': 3, 'l2_leaf_reg': 9.685307832043}. Best is trial 35 with value: 8.890537011124739.
[I 2024-12-17 03:09:39,145] Trial 49 finished with value: 9.33800613439208 and parameters: {'learning_rate': 0.23260257923424085, 'max_depth': 4, 'l2_leaf_reg': 19.882759787113482}. Best is trial 35 with value: 8.890537011124739.
[I 2024-12-17 03:09:48,655] Trial 50 finished with value: 9.190914455807725 and parameters: {'learning_rate': 0.22102822999621155, 'max_depth': 3, 'l2_leaf_reg': 12.41275693368459}. Best is trial 35 with value: 8.890537011124739.
[I 2024-12-17 03:10:09,118] Trial 51 finished with value: 9.204077198336758 and parameters: {'learning_rate': 0.13200729559568364, 'max_depth': 6, 'l2_leaf_reg': 5.464911219895543}. Best is trial 35 with value: 8.890537011124739.
[I 2024-12-17 03:10:21,689] Trial 52 finished with value: 11.138843390840623 and parameters: {'learning_rate': 0.07843827028620957, 'max_depth': 2, 'l2_leaf_reg': 9.24411483898918}. Best is trial 35 with value: 8.890537011124739.
[I 2024-12-17 03:10:28,281] Trial 53 finished with value: 10.233774599477545 and parameters: {'learning_rate': 0.21851910428609675, 'max_depth': 3, 'l2_leaf_reg': 11.606974814271618}. Best is trial 35 with value: 8.890537011124739.
[I 2024-12-17 03:10:40,532] Trial 54 finished with value: 9.457081849069457 and parameters: {'learning_rate': 0.1683276450870535, 'max_depth': 4, 'l2_leaf_reg': 19.519667524481463}. Best is trial 35 with value: 8.890537011124739.
[I 2024-12-17 03:10:49,986] Trial 55 finished with value: 9.562850811555503 and parameters: {'learning_rate': 0.1983156130839731, 'max_depth': 3, 'l2_leaf_reg': 7.009118283897696}. Best is trial 35 with value: 8.890537011124739.
[I 2024-12-17 03:11:01,651] Trial 56 finished with value: 9.616051533850273 and parameters: {'learning_rate': 0.150900415426888, 'max_depth': 4, 'l2_leaf_reg': 4.403763496055965}. Best is trial 35 with value: 8.890537011124739.
[I 2024-12-17 03:11:35,430] Trial 57 finished with value: 9.978221988405881 and parameters: {'learning_rate': 0.2524119126485169, 'max_depth': 9, 'l2_leaf_reg': 7.759274408510411}. Best is trial 35 with value: 8.890537011124739.
[I 2024-12-17 03:11:46,128] Trial 58 finished with value: 11.794626693379447 and parameters: {'learning_rate': 0.09817446233127114, 'max_depth': 2, 'l2_leaf_reg': 0.5237581028450129}. Best is trial 35 with value: 8.890537011124739.
[I 2024-12-17 03:12:38,732] Trial 59 finished with value: 10.051162330788474 and parameters: {'learning_rate': 0.060259333440256406, 'max_depth': 6, 'l2_leaf_reg': 27.627146071948374}. Best is trial 35 with value: 8.890537011124739.
[I 2024-12-17 03:13:18,295] Trial 60 finished with value: 9.258564998372517 and parameters: {'learning_rate': 0.04639514386854677, 'max_depth': 5, 'l2_leaf_reg': 10.97296640199661}. Best is trial 35 with value: 8.890537011124739.
[I 2024-12-17 03:18:53,172] Trial 61 finished with value: 10.407092384569467 and parameters: {'learning_rate': 0.13059335110934497, 'max_depth': 12, 'l2_leaf_reg': 13.203072288531722}. Best is trial 35 with value: 8.890537011124739.
[I 2024-12-17 03:19:01,299] Trial 62 finished with value: 9.795367117003448 and parameters: {'learning_rate': 0.19627829352476817, 'max_depth': 3, 'l2_leaf_reg': 5.275689327266842}. Best is trial 35 with value: 8.890537011124739.
[I 2024-12-17 03:19:10,743] Trial 63 finished with value: 9.351750736661995 and parameters: {'learning_rate': 0.17363735219979004, 'max_depth': 5, 'l2_leaf_reg': 3.3690644709778526}. Best is trial 35 with value: 8.890537011124739.
[I 2024-12-17 03:19:22,254] Trial 64 finished with value: 9.824983158567079 and parameters: {'learning_rate': 0.11817756527576344, 'max_depth': 4, 'l2_leaf_reg': 2.3395860604037204}. Best is trial 35 with value: 8.890537011124739.
[I 2024-12-17 03:19:33,879] Trial 65 finished with value: 9.67172264633292 and parameters: {'learning_rate': 0.29931443627730464, 'max_depth': 6, 'l2_leaf_reg': 6.459429443584099}. Best is trial 35 with value: 8.890537011124739.
[I 2024-12-17 03:19:55,586] Trial 66 finished with value: 9.441777850217495 and parameters: {'learning_rate': 0.10911817529196409, 'max_depth': 7, 'l2_leaf_reg': 2.8639880263094417}. Best is trial 35 with value: 8.890537011124739.
[I 2024-12-17 03:20:08,938] Trial 67 finished with value: 9.198476442495453 and parameters: {'learning_rate': 0.13551812773678643, 'max_depth': 5, 'l2_leaf_reg': 3.8355256606624533}. Best is trial 35 with value: 8.890537011124739.
[I 2024-12-17 03:20:22,999] Trial 68 finished with value: 9.818323041680872 and parameters: {'learning_rate': 0.07002441959076376, 'max_depth': 4, 'l2_leaf_reg': 1.8368765440756505}. Best is trial 35 with value: 8.890537011124739.
[I 2024-12-17 03:20:39,758] Trial 69 finished with value: 9.880225091705178 and parameters: {'learning_rate': 0.08917780705062207, 'max_depth': 5, 'l2_leaf_reg': 8.762896387351704}. Best is trial 35 with value: 8.890537011124739.
[I 2024-12-17 03:20:54,544] Trial 70 finished with value: 9.152619310000937 and parameters: {'learning_rate': 0.23203407834396864, 'max_depth': 6, 'l2_leaf_reg': 7.417048154326551}. Best is trial 35 with value: 8.890537011124739.
[I 2024-12-17 03:21:15,970] Trial 71 finished with value: 9.973117368714739 and parameters: {'learning_rate': 0.26903712178184364, 'max_depth': 8, 'l2_leaf_reg': 10.066728703282957}. Best is trial 35 with value: 8.890537011124739.
[I 2024-12-17 03:21:31,507] Trial 72 finished with value: 9.637106332891008 and parameters: {'learning_rate': 0.23585069131323833, 'max_depth': 7, 'l2_leaf_reg': 7.303511327644624}. Best is trial 35 with value: 8.890537011124739.
[I 2024-12-17 03:21:40,502] Trial 73 finished with value: 9.552464449840476 and parameters: {'learning_rate': 0.22138084458141433, 'max_depth': 6, 'l2_leaf_reg': 4.171150402354827}. Best is trial 35 with value: 8.890537011124739.
[I 2024-12-17 03:21:50,822] Trial 74 finished with value: 9.446147527539878 and parameters: {'learning_rate': 0.1588036777498905, 'max_depth': 5, 'l2_leaf_reg': 4.559676164121639}. Best is trial 35 with value: 8.890537011124739.
[I 2024-12-17 03:22:04,083] Trial 75 finished with value: 9.538664580809172 and parameters: {'learning_rate': 0.18503317720005447, 'max_depth': 6, 'l2_leaf_reg': 5.788519927809332}. Best is trial 35 with value: 8.890537011124739.
[I 2024-12-17 03:22:13,854] Trial 76 finished with value: 9.447897331403569 and parameters: {'learning_rate': 0.2027410495988459, 'max_depth': 4, 'l2_leaf_reg': 8.257225651035892}. Best is trial 35 with value: 8.890537011124739.
[I 2024-12-17 03:22:27,468] Trial 77 finished with value: 9.577342414424361 and parameters: {'learning_rate': 0.14238951742268952, 'max_depth': 5, 'l2_leaf_reg': 5.096897228037711}. Best is trial 35 with value: 8.890537011124739.
[I 2024-12-17 03:22:35,316] Trial 78 finished with value: 9.820011716135344 and parameters: {'learning_rate': 0.246814342902271, 'max_depth': 4, 'l2_leaf_reg': 6.7570798961969425}. Best is trial 35 with value: 8.890537011124739.
[I 2024-12-17 03:23:19,000] Trial 79 finished with value: 10.381002331275683 and parameters: {'learning_rate': 0.07377693682516089, 'max_depth': 7, 'l2_leaf_reg': 12.656585813989171}. Best is trial 35 with value: 8.890537011124739.
[I 2024-12-17 03:23:45,221] Trial 80 finished with value: 9.615637321738827 and parameters: {'learning_rate': 0.06041792610047356, 'max_depth': 6, 'l2_leaf_reg': 3.2652441181689955}. Best is trial 35 with value: 8.890537011124739.
[I 2024-12-17 03:23:59,681] Trial 81 finished with value: 9.757257255623156 and parameters: {'learning_rate': 0.11391098895182981, 'max_depth': 5, 'l2_leaf_reg': 5.832470668562187}. Best is trial 35 with value: 8.890537011124739.
[I 2024-12-17 03:24:12,267] Trial 82 finished with value: 10.515720074775672 and parameters: {'learning_rate': 0.27156580211232045, 'max_depth': 8, 'l2_leaf_reg': 2.5021495308563577}. Best is trial 35 with value: 8.890537011124739.
[I 2024-12-17 03:24:26,351] Trial 83 finished with value: 9.401846053447779 and parameters: {'learning_rate': 0.14599806854333633, 'max_depth': 5, 'l2_leaf_reg': 3.7974644307010674}. Best is trial 35 with value: 8.890537011124739.
[I 2024-12-17 03:24:39,700] Trial 84 finished with value: 9.243784950137707 and parameters: {'learning_rate': 0.12577686560332182, 'max_depth': 5, 'l2_leaf_reg': 3.0315492377031847}. Best is trial 35 with value: 8.890537011124739.
[I 2024-12-17 03:24:56,476] Trial 85 finished with value: 10.016828212568011 and parameters: {'learning_rate': 0.18230474296701946, 'max_depth': 5, 'l2_leaf_reg': 17.280213335575034}. Best is trial 35 with value: 8.890537011124739.
[I 2024-12-17 03:25:08,692] Trial 86 finished with value: 9.545667885352465 and parameters: {'learning_rate': 0.13478583350745274, 'max_depth': 4, 'l2_leaf_reg': 4.926852867512989}. Best is trial 35 with value: 8.890537011124739.
[I 2024-12-17 03:26:07,026] Trial 87 finished with value: 9.49916915584437 and parameters: {'learning_rate': 0.10309120463620722, 'max_depth': 9, 'l2_leaf_reg': 4.071879422223727}. Best is trial 35 with value: 8.890537011124739.
[I 2024-12-17 03:26:21,629] Trial 88 finished with value: 9.392465655392046 and parameters: {'learning_rate': 0.21048091962985516, 'max_depth': 6, 'l2_leaf_reg': 14.475483376395749}. Best is trial 35 with value: 8.890537011124739.
[I 2024-12-17 03:26:39,354] Trial 89 finished with value: 9.289820874801219 and parameters: {'learning_rate': 0.09550425037554783, 'max_depth': 6, 'l2_leaf_reg': 3.609272218118436}. Best is trial 35 with value: 8.890537011124739.
[I 2024-12-17 03:26:51,247] Trial 90 finished with value: 9.463756430788495 and parameters: {'learning_rate': 0.17061495604076662, 'max_depth': 5, 'l2_leaf_reg': 9.237143872322207}. Best is trial 35 with value: 8.890537011124739.
[I 2024-12-17 03:27:29,269] Trial 91 finished with value: 10.935396803110331 and parameters: {'learning_rate': 0.014625175167582159, 'max_depth': 4, 'l2_leaf_reg': 11.838666080382724}. Best is trial 35 with value: 8.890537011124739.
[I 2024-12-17 03:27:47,784] Trial 92 finished with value: 9.648454782038574 and parameters: {'learning_rate': 0.08303067292856069, 'max_depth': 5, 'l2_leaf_reg': 7.463042390739358}. Best is trial 35 with value: 8.890537011124739.
[I 2024-12-17 03:28:07,462] Trial 93 finished with value: 9.664647125703977 and parameters: {'learning_rate': 0.13299401905023123, 'max_depth': 7, 'l2_leaf_reg': 5.521437441238177}. Best is trial 35 with value: 8.890537011124739.
[I 2024-12-17 03:28:26,489] Trial 94 finished with value: 9.095358084362617 and parameters: {'learning_rate': 0.11892521850662045, 'max_depth': 6, 'l2_leaf_reg': 6.243423271647396}. Best is trial 35 with value: 8.890537011124739.
[I 2024-12-17 03:28:46,633] Trial 95 finished with value: 9.404342254666572 and parameters: {'learning_rate': 0.12048447895743428, 'max_depth': 6, 'l2_leaf_reg': 6.155329914143724}. Best is trial 35 with value: 8.890537011124739.
[I 2024-12-17 03:29:05,042] Trial 96 finished with value: 9.895334170978867 and parameters: {'learning_rate': 0.16164811362719436, 'max_depth': 7, 'l2_leaf_reg': 8.203423934792484}. Best is trial 35 with value: 8.890537011124739.
[I 2024-12-17 03:29:41,265] Trial 97 finished with value: 9.776615076719207 and parameters: {'learning_rate': 0.0514223382500167, 'max_depth': 6, 'l2_leaf_reg': 6.927368610452368}. Best is trial 35 with value: 8.890537011124739.
[I 2024-12-17 03:30:29,593] Trial 98 finished with value: 9.701840599772483 and parameters: {'learning_rate': 0.11035885086772758, 'max_depth': 9, 'l2_leaf_reg': 4.639414215201096}. Best is trial 35 with value: 8.890537011124739.
[I 2024-12-17 03:30:41,209] Trial 99 finished with value: 9.501558678249493 and parameters: {'learning_rate': 0.2274006745158819, 'max_depth': 5, 'l2_leaf_reg': 10.724377881231316}. Best is trial 35 with value: 8.890537011124739.
[I 2024-12-17 03:30:56,449] Trial 100 finished with value: 9.606451383284883 and parameters: {'learning_rate': 0.08763981961072613, 'max_depth': 4, 'l2_leaf_reg': 3.4113123891017607}. Best is trial 35 with value: 8.890537011124739.
[I 2024-12-17 03:31:21,396] Trial 101 finished with value: 9.920129462383171 and parameters: {'learning_rate': 0.14332655900624705, 'max_depth': 8, 'l2_leaf_reg': 2.675365606616921}. Best is trial 35 with value: 8.890537011124739.
/home/mburu/.local/lib/python3.8/site-packages/sklearn/preprocessing/_encoders.py:975: FutureWarning: `sparse` was renamed to `sparse_output` in version 1.2 and will be removed in 1.4. `sparse_output` is ignored unless you leave `sparse` to its default value.
  warnings.warn(
[I 2024-12-17 03:31:44,920] Using an existing study with name 'CatBoost_Socmob' instead of creating a new one.
[I 2024-12-17 03:33:23,668] Trial 2 finished with value: 227.06362543792557 and parameters: {'learning_rate': 0.010488115765025464, 'max_depth': 10, 'l2_leaf_reg': 7.374408847068035}. Best is trial 2 with value: 227.06362543792557.
[I 2024-12-17 03:34:06,373] Trial 3 finished with value: 202.02398556930856 and parameters: {'learning_rate': 0.030653867039000908, 'max_depth': 8, 'l2_leaf_reg': 17.713972039223854}. Best is trial 3 with value: 202.02398556930856.
[I 2024-12-17 03:34:15,419] Trial 4 finished with value: 223.87067569810696 and parameters: {'learning_rate': 0.06545405829505616, 'max_depth': 5, 'l2_leaf_reg': 7.562835229668198}. Best is trial 3 with value: 202.02398556930856.
[I 2024-12-17 03:34:19,746] Trial 5 finished with value: 239.56640468089273 and parameters: {'learning_rate': 0.20244123027106234, 'max_depth': 2, 'l2_leaf_reg': 0.7974484943391961}. Best is trial 3 with value: 202.02398556930856.
[I 2024-12-17 03:34:43,607] Trial 6 finished with value: 179.31428882342763 and parameters: {'learning_rate': 0.027989493729682704, 'max_depth': 8, 'l2_leaf_reg': 0.6879509476552459}. Best is trial 6 with value: 179.31428882342763.
[I 2024-12-17 03:35:00,078] Trial 7 finished with value: 189.7850852680283 and parameters: {'learning_rate': 0.16368954802158292, 'max_depth': 8, 'l2_leaf_reg': 15.87438410027392}. Best is trial 6 with value: 179.31428882342763.
[I 2024-12-17 03:35:11,141] Trial 8 finished with value: 185.81937961096358 and parameters: {'learning_rate': 0.07703992811628087, 'max_depth': 4, 'l2_leaf_reg': 1.9713141357921202}. Best is trial 6 with value: 179.31428882342763.
[I 2024-12-17 03:35:17,003] Trial 9 finished with value: 205.67112039021526 and parameters: {'learning_rate': 0.21758184219801555, 'max_depth': 4, 'l2_leaf_reg': 6.1821853742109285}. Best is trial 6 with value: 179.31428882342763.
[I 2024-12-17 03:35:27,690] Trial 10 finished with value: 311.3645635493139 and parameters: {'learning_rate': 0.03874419382858514, 'max_depth': 2, 'l2_leaf_reg': 8.127351064735098}. Best is trial 6 with value: 179.31428882342763.
[I 2024-12-17 03:35:42,281] Trial 11 finished with value: 374.0345080730596 and parameters: {'learning_rate': 0.010559269164207838, 'max_depth': 2, 'l2_leaf_reg': 6.863661142502358}. Best is trial 6 with value: 179.31428882342763.
[I 2024-12-17 03:37:51,453] Trial 12 finished with value: 177.49808540796954 and parameters: {'learning_rate': 0.02277154788294177, 'max_depth': 12, 'l2_leaf_reg': 0.6382098180962892}. Best is trial 12 with value: 177.49808540796954.
[I 2024-12-17 03:39:12,596] Trial 13 finished with value: 178.62121442358222 and parameters: {'learning_rate': 0.021444315050450684, 'max_depth': 11, 'l2_leaf_reg': 0.5539895609779101}. Best is trial 12 with value: 177.49808540796954.
[I 2024-12-17 03:41:55,595] Trial 14 finished with value: 178.56291534331018 and parameters: {'learning_rate': 0.016763118769776614, 'max_depth': 12, 'l2_leaf_reg': 1.608075917967844}. Best is trial 12 with value: 177.49808540796954.
[I 2024-12-17 03:45:45,064] Trial 15 finished with value: 180.3186398784994 and parameters: {'learning_rate': 0.01720560982386786, 'max_depth': 12, 'l2_leaf_reg': 1.929654710076339}. Best is trial 12 with value: 177.49808540796954.
[I 2024-12-17 03:46:02,622] Trial 16 finished with value: 212.51883578841557 and parameters: {'learning_rate': 0.014751452597696012, 'max_depth': 6, 'l2_leaf_reg': 1.5299708269370866}. Best is trial 12 with value: 177.49808540796954.
[I 2024-12-17 03:46:12,161] Trial 17 finished with value: 207.55996227677701 and parameters: {'learning_rate': 0.04936640194142286, 'max_depth': 3, 'l2_leaf_reg': 1.2700268771542595}. Best is trial 12 with value: 177.49808540796954.
[I 2024-12-17 03:46:19,881] Trial 18 finished with value: 184.86700184108042 and parameters: {'learning_rate': 0.11133909140826441, 'max_depth': 6, 'l2_leaf_reg': 3.147924911960561}. Best is trial 12 with value: 177.49808540796954.
[I 2024-12-17 03:46:51,403] Trial 19 finished with value: 179.7765009848934 and parameters: {'learning_rate': 0.02251297098753489, 'max_depth': 9, 'l2_leaf_reg': 1.0108618626050074}. Best is trial 12 with value: 177.49808540796954.
[I 2024-12-17 03:47:03,928] Trial 20 finished with value: 286.2905071467694 and parameters: {'learning_rate': 0.015320795410135153, 'max_depth': 3, 'l2_leaf_reg': 3.095705524761169}. Best is trial 12 with value: 177.49808540796954.
[I 2024-12-17 03:48:29,195] Trial 21 finished with value: 173.77466439341075 and parameters: {'learning_rate': 0.039179433205301414, 'max_depth': 12, 'l2_leaf_reg': 0.5198480991871698}. Best is trial 21 with value: 173.77466439341075.
[I 2024-12-17 03:48:40,397] Trial 22 finished with value: 175.2833505294833 and parameters: {'learning_rate': 0.043615917835049256, 'max_depth': 6, 'l2_leaf_reg': 0.5070147368033292}. Best is trial 21 with value: 173.77466439341075.
[I 2024-12-17 03:48:55,023] Trial 23 finished with value: 177.07989538822562 and parameters: {'learning_rate': 0.04709767357456145, 'max_depth': 7, 'l2_leaf_reg': 0.5078375173468078}. Best is trial 21 with value: 173.77466439341075.
[I 2024-12-17 03:49:06,381] Trial 24 finished with value: 170.81775443642147 and parameters: {'learning_rate': 0.04600047925248079, 'max_depth': 6, 'l2_leaf_reg': 0.5073318997505825}. Best is trial 24 with value: 170.81775443642147.
[I 2024-12-17 03:49:11,625] Trial 25 finished with value: 211.31917211456715 and parameters: {'learning_rate': 0.09104625321517149, 'max_depth': 5, 'l2_leaf_reg': 0.9998055072870521}. Best is trial 24 with value: 170.81775443642147.
[I 2024-12-17 03:49:17,648] Trial 26 finished with value: 272.4489217868116 and parameters: {'learning_rate': 0.03773698868007843, 'max_depth': 3, 'l2_leaf_reg': 0.9208052422019916}. Best is trial 24 with value: 170.81775443642147.
[I 2024-12-17 03:49:25,870] Trial 27 finished with value: 180.38598857676712 and parameters: {'learning_rate': 0.05555090307290469, 'max_depth': 6, 'l2_leaf_reg': 0.5122886647245521}. Best is trial 24 with value: 170.81775443642147.
[I 2024-12-17 03:49:37,895] Trial 28 finished with value: 208.57723890758515 and parameters: {'learning_rate': 0.1267773534610939, 'max_depth': 5, 'l2_leaf_reg': 25.166332923459237}. Best is trial 24 with value: 170.81775443642147.
[I 2024-12-17 03:49:50,547] Trial 29 finished with value: 187.6202979913176 and parameters: {'learning_rate': 0.03546518330866087, 'max_depth': 7, 'l2_leaf_reg': 0.7432411303533728}. Best is trial 24 with value: 170.81775443642147.
[I 2024-12-17 03:50:26,261] Trial 30 finished with value: 160.28722460181473 and parameters: {'learning_rate': 0.06150382898499586, 'max_depth': 10, 'l2_leaf_reg': 2.199925178394874}. Best is trial 30 with value: 160.28722460181473.
[I 2024-12-17 03:50:33,335] Trial 31 finished with value: 178.39895978222813 and parameters: {'learning_rate': 0.28791054463360216, 'max_depth': 9, 'l2_leaf_reg': 2.618326258213285}. Best is trial 30 with value: 160.28722460181473.
[I 2024-12-17 03:51:16,297] Trial 32 finished with value: 173.2245675065859 and parameters: {'learning_rate': 0.06607703322161132, 'max_depth': 10, 'l2_leaf_reg': 4.5265060100281325}. Best is trial 30 with value: 160.28722460181473.
[I 2024-12-17 03:51:48,261] Trial 33 finished with value: 179.13558061206638 and parameters: {'learning_rate': 0.06275118644233119, 'max_depth': 10, 'l2_leaf_reg': 4.125089250320806}. Best is trial 30 with value: 160.28722460181473.
[I 2024-12-17 03:52:13,319] Trial 34 finished with value: 172.85156895810857 and parameters: {'learning_rate': 0.08005644968756165, 'max_depth': 9, 'l2_leaf_reg': 4.741416842705067}. Best is trial 30 with value: 160.28722460181473.
[I 2024-12-17 03:52:51,989] Trial 35 finished with value: 167.36008267533953 and parameters: {'learning_rate': 0.08232567587252566, 'max_depth': 10, 'l2_leaf_reg': 5.057056481910256}. Best is trial 30 with value: 160.28722460181473.
[I 2024-12-17 03:53:02,371] Trial 36 finished with value: 191.2383535725986 and parameters: {'learning_rate': 0.08485730404356435, 'max_depth': 7, 'l2_leaf_reg': 5.127178904657633}. Best is trial 30 with value: 160.28722460181473.
[I 2024-12-17 03:53:26,205] Trial 37 finished with value: 176.46025002486783 and parameters: {'learning_rate': 0.10334471790696285, 'max_depth': 9, 'l2_leaf_reg': 9.852628827127411}. Best is trial 30 with value: 160.28722460181473.
[I 2024-12-17 03:54:09,553] Trial 38 finished with value: 166.1342959307096 and parameters: {'learning_rate': 0.13726003438285078, 'max_depth': 10, 'l2_leaf_reg': 10.779574745961076}. Best is trial 30 with value: 160.28722460181473.
[I 2024-12-17 03:54:28,321] Trial 39 finished with value: 164.37460432681814 and parameters: {'learning_rate': 0.1466614584131754, 'max_depth': 8, 'l2_leaf_reg': 14.189545092061572}. Best is trial 30 with value: 160.28722460181473.
[I 2024-12-17 03:54:41,888] Trial 40 finished with value: 183.3025044563375 and parameters: {'learning_rate': 0.14747249292830827, 'max_depth': 8, 'l2_leaf_reg': 12.553244296747256}. Best is trial 30 with value: 160.28722460181473.
[I 2024-12-17 03:55:27,247] Trial 41 finished with value: 181.25981725168504 and parameters: {'learning_rate': 0.17983766918323307, 'max_depth': 10, 'l2_leaf_reg': 19.80096395048243}. Best is trial 30 with value: 160.28722460181473.
[I 2024-12-17 03:55:47,149] Trial 42 finished with value: 181.56705232751892 and parameters: {'learning_rate': 0.13228904748175968, 'max_depth': 8, 'l2_leaf_reg': 11.821233675394852}. Best is trial 30 with value: 160.28722460181473.
[I 2024-12-17 03:55:58,514] Trial 43 finished with value: 180.25015420969822 and parameters: {'learning_rate': 0.23670608797017678, 'max_depth': 8, 'l2_leaf_reg': 14.438046974529765}. Best is trial 30 with value: 160.28722460181473.
[I 2024-12-17 03:57:40,756] Trial 44 finished with value: 209.1050798016356 and parameters: {'learning_rate': 0.06833253248923364, 'max_depth': 11, 'l2_leaf_reg': 20.576644138466232}. Best is trial 30 with value: 160.28722460181473.
[I 2024-12-17 03:58:00,078] Trial 45 finished with value: 190.91307060948242 and parameters: {'learning_rate': 0.10070829230141914, 'max_depth': 7, 'l2_leaf_reg': 27.710912208995605}. Best is trial 30 with value: 160.28722460181473.
[I 2024-12-17 03:59:44,574] Trial 46 finished with value: 180.8765210311358 and parameters: {'learning_rate': 0.031106925180765892, 'max_depth': 10, 'l2_leaf_reg': 9.080685276443585}. Best is trial 30 with value: 160.28722460181473.
[I 2024-12-17 04:00:32,466] Trial 47 finished with value: 172.94640819010797 and parameters: {'learning_rate': 0.17512887362027768, 'max_depth': 11, 'l2_leaf_reg': 10.383383445609613}. Best is trial 30 with value: 160.28722460181473.
[I 2024-12-17 04:00:40,279] Trial 48 finished with value: 232.2428639828228 and parameters: {'learning_rate': 0.05631133254007736, 'max_depth': 5, 'l2_leaf_reg': 6.3523900231736725}. Best is trial 30 with value: 160.28722460181473.
[I 2024-12-17 04:01:03,400] Trial 49 finished with value: 181.19019141704607 and parameters: {'learning_rate': 0.12011295535212205, 'max_depth': 9, 'l2_leaf_reg': 16.42715510257839}. Best is trial 30 with value: 160.28722460181473.
[I 2024-12-17 04:01:52,870] Trial 50 finished with value: 174.02528538516827 and parameters: {'learning_rate': 0.14967558313351617, 'max_depth': 11, 'l2_leaf_reg': 7.369804077834095}. Best is trial 30 with value: 160.28722460181473.
[I 2024-12-17 04:01:57,037] Trial 51 finished with value: 207.64426241692496 and parameters: {'learning_rate': 0.1970278015880961, 'max_depth': 4, 'l2_leaf_reg': 2.1609036802199295}. Best is trial 30 with value: 160.28722460181473.
[I 2024-12-17 04:02:12,622] Trial 52 finished with value: 173.068632726335 and parameters: {'learning_rate': 0.07452645233643485, 'max_depth': 8, 'l2_leaf_reg': 3.3959260017152646}. Best is trial 30 with value: 160.28722460181473.
[I 2024-12-17 04:02:36,716] Trial 53 finished with value: 179.3503873385636 and parameters: {'learning_rate': 0.08498850459987482, 'max_depth': 9, 'l2_leaf_reg': 4.967129004403046}. Best is trial 30 with value: 160.28722460181473.
[I 2024-12-17 04:03:04,010] Trial 54 finished with value: 174.95680571508848 and parameters: {'learning_rate': 0.09606479408811776, 'max_depth': 10, 'l2_leaf_reg': 5.809590142295799}. Best is trial 30 with value: 160.28722460181473.
[I 2024-12-17 04:03:27,920] Trial 55 finished with value: 176.7271530622143 and parameters: {'learning_rate': 0.07661226067727815, 'max_depth': 8, 'l2_leaf_reg': 7.937586315912458}. Best is trial 30 with value: 160.28722460181473.
[I 2024-12-17 04:04:13,353] Trial 56 finished with value: 170.2991162978458 and parameters: {'learning_rate': 0.0586078617968257, 'max_depth': 11, 'l2_leaf_reg': 2.6254864366604176}. Best is trial 30 with value: 160.28722460181473.
[I 2024-12-17 04:04:55,655] Trial 57 finished with value: 177.682173178275 and parameters: {'learning_rate': 0.06010082331566776, 'max_depth': 11, 'l2_leaf_reg': 1.5213649095413724}. Best is trial 30 with value: 160.28722460181473.
[I 2024-12-17 04:06:04,689] Trial 58 finished with value: 179.94177587746987 and parameters: {'learning_rate': 0.04866764419779662, 'max_depth': 12, 'l2_leaf_reg': 2.735535000067177}. Best is trial 30 with value: 160.28722460181473.
[I 2024-12-17 04:06:59,873] Trial 59 finished with value: 177.7578326886549 and parameters: {'learning_rate': 0.0432864526499422, 'max_depth': 11, 'l2_leaf_reg': 1.257186004922486}. Best is trial 30 with value: 160.28722460181473.
[I 2024-12-17 04:07:17,585] Trial 60 finished with value: 186.45018944562653 and parameters: {'learning_rate': 0.02856713166446696, 'max_depth': 7, 'l2_leaf_reg': 2.15129014419412}. Best is trial 30 with value: 160.28722460181473.
[I 2024-12-17 04:09:04,306] Trial 61 finished with value: 166.70864295519996 and parameters: {'learning_rate': 0.052251675981710294, 'max_depth': 12, 'l2_leaf_reg': 3.7031525562651217}. Best is trial 30 with value: 160.28722460181473.
[I 2024-12-17 04:11:02,524] Trial 62 finished with value: 164.11320893135075 and parameters: {'learning_rate': 0.05130434132087405, 'max_depth': 12, 'l2_leaf_reg': 3.674280694949805}. Best is trial 30 with value: 160.28722460181473.
[I 2024-12-17 04:12:22,502] Trial 63 finished with value: 182.05569670441497 and parameters: {'learning_rate': 0.054706120411145136, 'max_depth': 12, 'l2_leaf_reg': 3.719970162255305}. Best is trial 30 with value: 160.28722460181473.
[I 2024-12-17 04:13:56,772] Trial 64 finished with value: 161.67811980239293 and parameters: {'learning_rate': 0.05316509910853126, 'max_depth': 12, 'l2_leaf_reg': 2.564511773965188}. Best is trial 30 with value: 160.28722460181473.
[I 2024-12-17 04:15:39,340] Trial 65 finished with value: 150.52541908435091 and parameters: {'learning_rate': 0.0694989756800772, 'max_depth': 12, 'l2_leaf_reg': 2.9210459037001884}. Best is trial 65 with value: 150.52541908435091.
[I 2024-12-17 04:17:58,706] Trial 66 finished with value: 170.01508232583825 and parameters: {'learning_rate': 0.03380932804679932, 'max_depth': 12, 'l2_leaf_reg': 2.9867096575416237}. Best is trial 65 with value: 150.52541908435091.
[I 2024-12-17 04:19:25,112] Trial 67 finished with value: 167.3711452013088 and parameters: {'learning_rate': 0.05181190657879807, 'max_depth': 12, 'l2_leaf_reg': 2.2706773855988924}. Best is trial 65 with value: 150.52541908435091.
[I 2024-12-17 04:19:57,127] Trial 68 finished with value: 172.9162903233309 and parameters: {'learning_rate': 0.07235205297810575, 'max_depth': 10, 'l2_leaf_reg': 3.957287194618971}. Best is trial 65 with value: 150.52541908435091.
[I 2024-12-17 04:21:24,264] Trial 69 finished with value: 170.17685111363772 and parameters: {'learning_rate': 0.039514894658079426, 'max_depth': 11, 'l2_leaf_reg': 1.8180216450170585}. Best is trial 65 with value: 150.52541908435091.
[I 2024-12-17 04:23:48,220] Trial 70 finished with value: 173.6199583879901 and parameters: {'learning_rate': 0.026001675983071376, 'max_depth': 12, 'l2_leaf_reg': 2.4070751682969527}. Best is trial 65 with value: 150.52541908435091.
[I 2024-12-17 04:24:13,757] Trial 71 finished with value: 172.2780347953487 and parameters: {'learning_rate': 0.04238059636004432, 'max_depth': 9, 'l2_leaf_reg': 1.6574136085310178}. Best is trial 65 with value: 150.52541908435091.
[I 2024-12-17 04:24:40,652] Trial 72 finished with value: 191.1902147773297 and parameters: {'learning_rate': 0.23102990255686567, 'max_depth': 11, 'l2_leaf_reg': 3.448654704492262}. Best is trial 65 with value: 150.52541908435091.
[I 2024-12-17 04:25:07,550] Trial 73 finished with value: 174.5123653360012 and parameters: {'learning_rate': 0.1136743379101018, 'max_depth': 10, 'l2_leaf_reg': 5.67201787532854}. Best is trial 65 with value: 150.52541908435091.
[I 2024-12-17 04:25:42,414] Trial 74 finished with value: 179.64244450478878 and parameters: {'learning_rate': 0.06327784497564055, 'max_depth': 10, 'l2_leaf_reg': 4.422333590835667}. Best is trial 65 with value: 150.52541908435091.
[I 2024-12-17 04:26:49,539] Trial 75 finished with value: 171.57371605739704 and parameters: {'learning_rate': 0.14084375444940533, 'max_depth': 12, 'l2_leaf_reg': 3.5426607269287596}. Best is trial 65 with value: 150.52541908435091.
[I 2024-12-17 04:27:53,826] Trial 76 finished with value: 174.76256197771832 and parameters: {'learning_rate': 0.05159880004310099, 'max_depth': 11, 'l2_leaf_reg': 3.2136492727924435}. Best is trial 65 with value: 150.52541908435091.
[I 2024-12-17 04:28:14,672] Trial 77 finished with value: 167.4380533637833 and parameters: {'learning_rate': 0.06907679981597686, 'max_depth': 9, 'l2_leaf_reg': 2.8580120181736715}. Best is trial 65 with value: 150.52541908435091.
[I 2024-12-17 04:28:44,716] Trial 78 finished with value: 145.5979261102444 and parameters: {'learning_rate': 0.085023654446483, 'max_depth': 10, 'l2_leaf_reg': 1.9297472847064612}. Best is trial 78 with value: 145.5979261102444.
[I 2024-12-17 04:29:39,772] Trial 79 finished with value: 162.09573368772084 and parameters: {'learning_rate': 0.10415767128764263, 'max_depth': 12, 'l2_leaf_reg': 1.4084825916991985}. Best is trial 78 with value: 145.5979261102444.
[I 2024-12-17 04:30:12,283] Trial 80 finished with value: 157.46445142002372 and parameters: {'learning_rate': 0.08981393476915268, 'max_depth': 11, 'l2_leaf_reg': 1.2132714791155237}. Best is trial 78 with value: 145.5979261102444.
[I 2024-12-17 04:30:44,185] Trial 81 finished with value: 165.153440601538 and parameters: {'learning_rate': 0.0904533505531133, 'max_depth': 11, 'l2_leaf_reg': 1.2563025770579377}. Best is trial 78 with value: 145.5979261102444.
[I 2024-12-17 04:30:55,477] Trial 82 finished with value: 177.53438379527074 and parameters: {'learning_rate': 0.10817664063819704, 'max_depth': 9, 'l2_leaf_reg': 1.1068561932146508}. Best is trial 78 with value: 145.5979261102444.
[I 2024-12-17 04:31:30,978] Trial 83 finished with value: 164.37341175434437 and parameters: {'learning_rate': 0.09075394630764572, 'max_depth': 11, 'l2_leaf_reg': 1.3667922258708944}. Best is trial 78 with value: 145.5979261102444.
[I 2024-12-17 04:32:23,289] Trial 84 finished with value: 155.67662260716685 and parameters: {'learning_rate': 0.09262124726333125, 'max_depth': 12, 'l2_leaf_reg': 1.4519632176012451}. Best is trial 78 with value: 145.5979261102444.
[I 2024-12-17 04:33:09,045] Trial 85 finished with value: 165.31145483967236 and parameters: {'learning_rate': 0.08942179180069856, 'max_depth': 12, 'l2_leaf_reg': 1.402880330982289}. Best is trial 78 with value: 145.5979261102444.
[I 2024-12-17 04:33:46,055] Trial 86 finished with value: 152.71234819167893 and parameters: {'learning_rate': 0.09809547789566994, 'max_depth': 11, 'l2_leaf_reg': 1.884097274632032}. Best is trial 78 with value: 145.5979261102444.
[I 2024-12-17 04:34:26,734] Trial 87 finished with value: 163.91698572600038 and parameters: {'learning_rate': 0.12305128576845173, 'max_depth': 12, 'l2_leaf_reg': 1.845260537855916}. Best is trial 78 with value: 145.5979261102444.
[I 2024-12-17 04:34:43,405] Trial 88 finished with value: 171.1109734740049 and parameters: {'learning_rate': 0.11991887362265705, 'max_depth': 10, 'l2_leaf_reg': 1.7674987067656756}. Best is trial 78 with value: 145.5979261102444.
[I 2024-12-17 04:35:18,795] Trial 89 finished with value: 151.824972163346 and parameters: {'learning_rate': 0.10747984525751385, 'max_depth': 11, 'l2_leaf_reg': 2.071889043701805}. Best is trial 78 with value: 145.5979261102444.
[I 2024-12-17 04:35:42,855] Trial 90 finished with value: 153.6845258863157 and parameters: {'learning_rate': 0.07947091344223407, 'max_depth': 10, 'l2_leaf_reg': 2.021364629800719}. Best is trial 78 with value: 145.5979261102444.
[I 2024-12-17 04:36:07,592] Trial 91 finished with value: 159.94561518489294 and parameters: {'learning_rate': 0.08105171922005312, 'max_depth': 10, 'l2_leaf_reg': 1.9932433833184773}. Best is trial 78 with value: 145.5979261102444.
[I 2024-12-17 04:36:29,209] Trial 92 finished with value: 161.7535178870575 and parameters: {'learning_rate': 0.08091565784779449, 'max_depth': 10, 'l2_leaf_reg': 0.9338223974493092}. Best is trial 78 with value: 145.5979261102444.
[I 2024-12-17 04:37:11,244] Trial 93 finished with value: 155.8592896969893 and parameters: {'learning_rate': 0.09759012776228287, 'max_depth': 11, 'l2_leaf_reg': 2.0799703890974994}. Best is trial 78 with value: 145.5979261102444.
[I 2024-12-17 04:37:20,913] Trial 94 finished with value: 177.41570803471367 and parameters: {'learning_rate': 0.09465612017772257, 'max_depth': 4, 'l2_leaf_reg': 1.914959557878788}. Best is trial 78 with value: 145.5979261102444.
[I 2024-12-17 04:38:01,062] Trial 95 finished with value: 161.31790531445557 and parameters: {'learning_rate': 0.09921438757290424, 'max_depth': 11, 'l2_leaf_reg': 2.115235486608727}. Best is trial 78 with value: 145.5979261102444.
[I 2024-12-17 04:38:20,817] Trial 96 finished with value: 151.8738098760558 and parameters: {'learning_rate': 0.07355494538534317, 'max_depth': 9, 'l2_leaf_reg': 1.6506341119602552}. Best is trial 78 with value: 145.5979261102444.
[I 2024-12-17 04:38:41,757] Trial 97 finished with value: 166.31797953907562 and parameters: {'learning_rate': 0.07213650174491774, 'max_depth': 9, 'l2_leaf_reg': 1.645901138545572}. Best is trial 78 with value: 145.5979261102444.
[I 2024-12-17 04:39:00,719] Trial 98 finished with value: 175.63852442502372 and parameters: {'learning_rate': 0.08459785307471156, 'max_depth': 10, 'l2_leaf_reg': 1.1366114804863443}. Best is trial 78 with value: 145.5979261102444.
[I 2024-12-17 04:39:37,603] Trial 99 finished with value: 167.3123994372685 and parameters: {'learning_rate': 0.07686676743906003, 'max_depth': 11, 'l2_leaf_reg': 1.510423174560181}. Best is trial 78 with value: 145.5979261102444.
[I 2024-12-17 04:39:52,831] Trial 100 finished with value: 163.70102062576672 and parameters: {'learning_rate': 0.11142311522196699, 'max_depth': 9, 'l2_leaf_reg': 2.4223226965831124}. Best is trial 78 with value: 145.5979261102444.
[I 2024-12-17 04:40:21,814] Trial 101 finished with value: 178.05776082228417 and parameters: {'learning_rate': 0.06689559173497434, 'max_depth': 11, 'l2_leaf_reg': 0.8518569775655453}. Best is trial 78 with value: 145.5979261102444.
/home/mburu/.local/lib/python3.8/site-packages/sklearn/preprocessing/_encoders.py:975: FutureWarning: `sparse` was renamed to `sparse_output` in version 1.2 and will be removed in 1.4. `sparse_output` is ignored unless you leave `sparse` to its default value.
  warnings.warn(
[I 2024-12-17 04:40:54,871] Using an existing study with name 'CatBoost_Sensory' instead of creating a new one.
[I 2024-12-17 04:41:07,574] Trial 2 finished with value: 0.4979694910984126 and parameters: {'learning_rate': 0.020166665507075052, 'max_depth': 2, 'l2_leaf_reg': 1.4481518175083632}. Best is trial 2 with value: 0.4979694910984126.
[I 2024-12-17 04:41:12,510] Trial 3 finished with value: 0.4570971127102082 and parameters: {'learning_rate': 0.0861886629786052, 'max_depth': 8, 'l2_leaf_reg': 8.757028622062888}. Best is trial 3 with value: 0.4570971127102082.
[I 2024-12-17 04:41:15,946] Trial 4 finished with value: 0.4520251619361867 and parameters: {'learning_rate': 0.18317386569498437, 'max_depth': 9, 'l2_leaf_reg': 4.7444373606912}. Best is trial 4 with value: 0.4520251619361867.
[I 2024-12-17 04:41:19,979] Trial 5 finished with value: 0.46204723228184735 and parameters: {'learning_rate': 0.06019201000350357, 'max_depth': 6, 'l2_leaf_reg': 1.4944068806313648}. Best is trial 4 with value: 0.4520251619361867.
[I 2024-12-17 04:41:31,527] Trial 6 finished with value: 0.47693618445836117 and parameters: {'learning_rate': 0.01659155062704072, 'max_depth': 3, 'l2_leaf_reg': 4.643256341176874}. Best is trial 4 with value: 0.4520251619361867.
[I 2024-12-17 04:41:38,209] Trial 7 finished with value: 0.4543833447439363 and parameters: {'learning_rate': 0.058113893517428836, 'max_depth': 7, 'l2_leaf_reg': 14.675857337353461}. Best is trial 4 with value: 0.4520251619361867.
[I 2024-12-17 04:41:54,094] Trial 8 finished with value: 0.5170402625675807 and parameters: {'learning_rate': 0.011411090967477132, 'max_depth': 2, 'l2_leaf_reg': 13.40583493019474}. Best is trial 4 with value: 0.4520251619361867.
[I 2024-12-17 04:42:02,540] Trial 9 finished with value: 0.46600988455743214 and parameters: {'learning_rate': 0.0192954894876397, 'max_depth': 5, 'l2_leaf_reg': 1.3311601469725727}. Best is trial 4 with value: 0.4520251619361867.
[I 2024-12-17 04:42:11,058] Trial 10 finished with value: 0.47342437381200514 and parameters: {'learning_rate': 0.022729250497109173, 'max_depth': 3, 'l2_leaf_reg': 1.5187834342926607}. Best is trial 4 with value: 0.4520251619361867.
[I 2024-12-17 04:42:23,149] Trial 11 finished with value: 0.5127837609605889 and parameters: {'learning_rate': 0.018816932843671176, 'max_depth': 2, 'l2_leaf_reg': 10.793090160310495}. Best is trial 4 with value: 0.4520251619361867.
[I 2024-12-17 04:42:26,945] Trial 12 finished with value: 0.4530737051467436 and parameters: {'learning_rate': 0.2494073038930137, 'max_depth': 12, 'l2_leaf_reg': 4.132758674260782}. Best is trial 4 with value: 0.4520251619361867.
[I 2024-12-17 04:42:29,962] Trial 13 finished with value: 0.46475779754655344 and parameters: {'learning_rate': 0.2961650740912137, 'max_depth': 10, 'l2_leaf_reg': 3.7451020285359777}. Best is trial 4 with value: 0.4520251619361867.
[I 2024-12-17 04:42:32,620] Trial 14 finished with value: 0.46865885172901844 and parameters: {'learning_rate': 0.27221297653409793, 'max_depth': 12, 'l2_leaf_reg': 0.5267360419217891}. Best is trial 4 with value: 0.4520251619361867.
[I 2024-12-17 04:42:39,467] Trial 15 finished with value: 0.449381218152704 and parameters: {'learning_rate': 0.16158824236343747, 'max_depth': 12, 'l2_leaf_reg': 27.506655580226063}. Best is trial 15 with value: 0.449381218152704.
[I 2024-12-17 04:42:45,479] Trial 16 finished with value: 0.45109661580395405 and parameters: {'learning_rate': 0.1321436438091726, 'max_depth': 9, 'l2_leaf_reg': 20.964687801316998}. Best is trial 15 with value: 0.449381218152704.
[I 2024-12-17 04:42:49,985] Trial 17 finished with value: 0.47015701467423077 and parameters: {'learning_rate': 0.12525329239573044, 'max_depth': 4, 'l2_leaf_reg': 27.8313651765379}. Best is trial 15 with value: 0.449381218152704.
[I 2024-12-17 04:42:54,878] Trial 18 finished with value: 0.458560731939677 and parameters: {'learning_rate': 0.12388799069664026, 'max_depth': 6, 'l2_leaf_reg': 29.10376001056577}. Best is trial 15 with value: 0.449381218152704.
[I 2024-12-17 04:43:01,068] Trial 19 finished with value: 0.4505058146497646 and parameters: {'learning_rate': 0.12739922366164597, 'max_depth': 10, 'l2_leaf_reg': 19.220229651336506}. Best is trial 15 with value: 0.449381218152704.
[I 2024-12-17 04:43:12,585] Trial 20 finished with value: 0.45699228484292326 and parameters: {'learning_rate': 0.03566675866237383, 'max_depth': 11, 'l2_leaf_reg': 7.892659954730823}. Best is trial 15 with value: 0.449381218152704.
[I 2024-12-17 04:43:18,924] Trial 21 finished with value: 0.4507432747874539 and parameters: {'learning_rate': 0.08310699534802571, 'max_depth': 7, 'l2_leaf_reg': 17.10183773106372}. Best is trial 15 with value: 0.449381218152704.
[I 2024-12-17 04:43:21,725] Trial 22 finished with value: 0.4712761234611288 and parameters: {'learning_rate': 0.18275483475885668, 'max_depth': 4, 'l2_leaf_reg': 7.228157080358843}. Best is trial 15 with value: 0.449381218152704.
[I 2024-12-17 04:43:27,795] Trial 23 finished with value: 0.4546710968002345 and parameters: {'learning_rate': 0.07836921220234792, 'max_depth': 7, 'l2_leaf_reg': 18.46619964525612}. Best is trial 15 with value: 0.449381218152704.
[I 2024-12-17 04:43:33,606] Trial 24 finished with value: 0.45305466188706367 and parameters: {'learning_rate': 0.09177971966799076, 'max_depth': 8, 'l2_leaf_reg': 22.422299022423115}. Best is trial 15 with value: 0.449381218152704.
[I 2024-12-17 04:43:43,714] Trial 25 finished with value: 0.45171691278857884 and parameters: {'learning_rate': 0.04696626988801482, 'max_depth': 10, 'l2_leaf_reg': 14.50578453556523}. Best is trial 15 with value: 0.449381218152704.
[I 2024-12-17 04:43:47,357] Trial 26 finished with value: 0.45877151290611184 and parameters: {'learning_rate': 0.17290019055167283, 'max_depth': 5, 'l2_leaf_reg': 29.840069524279137}. Best is trial 15 with value: 0.449381218152704.
[I 2024-12-17 04:43:52,676] Trial 27 finished with value: 0.4542229384848686 and parameters: {'learning_rate': 0.10992856873944927, 'max_depth': 8, 'l2_leaf_reg': 16.805177915344}. Best is trial 15 with value: 0.449381218152704.
[I 2024-12-17 04:43:56,896] Trial 28 finished with value: 0.45553892297868465 and parameters: {'learning_rate': 0.15518900185451243, 'max_depth': 10, 'l2_leaf_reg': 11.670701060805923}. Best is trial 15 with value: 0.449381218152704.
[I 2024-12-17 04:44:05,932] Trial 29 finished with value: 0.4580311392172137 and parameters: {'learning_rate': 0.037395151404605184, 'max_depth': 6, 'l2_leaf_reg': 20.853401451697444}. Best is trial 15 with value: 0.449381218152704.
[I 2024-12-17 04:44:11,482] Trial 30 finished with value: 0.4608839991083875 and parameters: {'learning_rate': 0.07448965206820578, 'max_depth': 12, 'l2_leaf_reg': 2.4982622339622167}. Best is trial 15 with value: 0.449381218152704.
[I 2024-12-17 04:44:14,569] Trial 31 finished with value: 0.45193591994153487 and parameters: {'learning_rate': 0.22076842598122964, 'max_depth': 7, 'l2_leaf_reg': 10.02415405001694}. Best is trial 15 with value: 0.449381218152704.
[I 2024-12-17 04:44:21,626] Trial 32 finished with value: 0.4531997104499611 and parameters: {'learning_rate': 0.09823229067927627, 'max_depth': 9, 'l2_leaf_reg': 22.780476030705735}. Best is trial 15 with value: 0.449381218152704.
[I 2024-12-17 04:44:25,684] Trial 33 finished with value: 0.45074993332902363 and parameters: {'learning_rate': 0.1360873197118333, 'max_depth': 9, 'l2_leaf_reg': 6.3827394722384465}. Best is trial 15 with value: 0.449381218152704.
[I 2024-12-17 04:44:29,600] Trial 34 finished with value: 0.45483861837508044 and parameters: {'learning_rate': 0.15679338522951075, 'max_depth': 10, 'l2_leaf_reg': 7.131198187920926}. Best is trial 15 with value: 0.449381218152704.
[I 2024-12-17 04:44:32,900] Trial 35 finished with value: 0.45381432146303363 and parameters: {'learning_rate': 0.2164488860989552, 'max_depth': 8, 'l2_leaf_reg': 5.959163278032342}. Best is trial 15 with value: 0.449381218152704.
[I 2024-12-17 04:44:44,172] Trial 36 finished with value: 0.45284568780128004 and parameters: {'learning_rate': 0.0651468976450846, 'max_depth': 11, 'l2_leaf_reg': 16.903330973303134}. Best is trial 15 with value: 0.449381218152704.
[I 2024-12-17 04:44:48,330] Trial 37 finished with value: 0.4601043969152113 and parameters: {'learning_rate': 0.1059345976496022, 'max_depth': 9, 'l2_leaf_reg': 2.771477924380632}. Best is trial 15 with value: 0.449381218152704.
[I 2024-12-17 04:44:51,755] Trial 38 finished with value: 0.4495096014382849 and parameters: {'learning_rate': 0.14313715081673745, 'max_depth': 7, 'l2_leaf_reg': 5.77586831894685}. Best is trial 15 with value: 0.449381218152704.
[I 2024-12-17 04:44:57,654] Trial 39 finished with value: 0.4575428024138632 and parameters: {'learning_rate': 0.048802903899726954, 'max_depth': 5, 'l2_leaf_reg': 12.175292623567392}. Best is trial 15 with value: 0.449381218152704.
[I 2024-12-17 04:45:00,756] Trial 40 finished with value: 0.4561306278540883 and parameters: {'learning_rate': 0.2069384053810621, 'max_depth': 6, 'l2_leaf_reg': 9.161267187756104}. Best is trial 15 with value: 0.449381218152704.
[I 2024-12-17 04:45:07,754] Trial 41 finished with value: 0.4531820299058659 and parameters: {'learning_rate': 0.08397172662469626, 'max_depth': 7, 'l2_leaf_reg': 24.643142173678577}. Best is trial 15 with value: 0.449381218152704.
[I 2024-12-17 04:45:13,168] Trial 42 finished with value: 0.47416273852901253 and parameters: {'learning_rate': 0.06872282915887037, 'max_depth': 3, 'l2_leaf_reg': 15.12259291426331}. Best is trial 15 with value: 0.449381218152704.
[I 2024-12-17 04:45:17,164] Trial 43 finished with value: 0.45694241180861866 and parameters: {'learning_rate': 0.14521919810064315, 'max_depth': 8, 'l2_leaf_reg': 5.657659710281039}. Best is trial 15 with value: 0.449381218152704.
[I 2024-12-17 04:45:21,152] Trial 44 finished with value: 0.452342185296793 and parameters: {'learning_rate': 0.11369214352177556, 'max_depth': 9, 'l2_leaf_reg': 2.837839498929082}. Best is trial 15 with value: 0.449381218152704.
[I 2024-12-17 04:45:24,830] Trial 45 finished with value: 0.4573504985299127 and parameters: {'learning_rate': 0.14167498310430465, 'max_depth': 8, 'l2_leaf_reg': 5.1890060634380255}. Best is trial 15 with value: 0.449381218152704.
[I 2024-12-17 04:45:28,529] Trial 46 finished with value: 0.4598765549697134 and parameters: {'learning_rate': 0.1758146900574107, 'max_depth': 11, 'l2_leaf_reg': 3.6431223659446172}. Best is trial 15 with value: 0.449381218152704.
[I 2024-12-17 04:45:31,947] Trial 47 finished with value: 0.45967500004171374 and parameters: {'learning_rate': 0.09658970926704313, 'max_depth': 7, 'l2_leaf_reg': 0.959425282249526}. Best is trial 15 with value: 0.449381218152704.
[I 2024-12-17 04:45:38,591] Trial 48 finished with value: 0.4471337817098224 and parameters: {'learning_rate': 0.12108621785283427, 'max_depth': 11, 'l2_leaf_reg': 12.90788732480511}. Best is trial 48 with value: 0.4471337817098224.
[I 2024-12-17 04:45:45,495] Trial 49 finished with value: 0.4505715783907577 and parameters: {'learning_rate': 0.11563912371690245, 'max_depth': 11, 'l2_leaf_reg': 18.69403696683686}. Best is trial 48 with value: 0.4471337817098224.
[I 2024-12-17 04:45:49,435] Trial 50 finished with value: 0.4513205236804896 and parameters: {'learning_rate': 0.2571973313092697, 'max_depth': 11, 'l2_leaf_reg': 12.742578361918907}. Best is trial 48 with value: 0.4471337817098224.
[I 2024-12-17 04:45:55,824] Trial 51 finished with value: 0.44273404761210144 and parameters: {'learning_rate': 0.20260361058855164, 'max_depth': 12, 'l2_leaf_reg': 19.814260518129604}. Best is trial 51 with value: 0.44273404761210144.
[I 2024-12-17 04:46:01,529] Trial 52 finished with value: 0.4450999463618054 and parameters: {'learning_rate': 0.2049231446709955, 'max_depth': 12, 'l2_leaf_reg': 25.446814802997256}. Best is trial 51 with value: 0.44273404761210144.
[I 2024-12-17 04:46:07,292] Trial 53 finished with value: 0.45092608599971645 and parameters: {'learning_rate': 0.20265855042823547, 'max_depth': 12, 'l2_leaf_reg': 27.280290749739134}. Best is trial 51 with value: 0.44273404761210144.
[I 2024-12-17 04:46:12,786] Trial 54 finished with value: 0.4454879385372511 and parameters: {'learning_rate': 0.24565704167183364, 'max_depth': 12, 'l2_leaf_reg': 23.81162049407015}. Best is trial 51 with value: 0.44273404761210144.
[I 2024-12-17 04:46:18,285] Trial 55 finished with value: 0.4488813037085938 and parameters: {'learning_rate': 0.24209688814834265, 'max_depth': 12, 'l2_leaf_reg': 24.392441277889866}. Best is trial 51 with value: 0.44273404761210144.
[I 2024-12-17 04:46:23,513] Trial 56 finished with value: 0.44260759275296635 and parameters: {'learning_rate': 0.27668064412929383, 'max_depth': 12, 'l2_leaf_reg': 27.041143775139435}. Best is trial 56 with value: 0.44260759275296635.
[I 2024-12-17 04:46:28,622] Trial 57 finished with value: 0.4469637550649878 and parameters: {'learning_rate': 0.2842269171753952, 'max_depth': 12, 'l2_leaf_reg': 24.952761067719273}. Best is trial 56 with value: 0.44260759275296635.
[I 2024-12-17 04:46:33,506] Trial 58 finished with value: 0.4490234515026513 and parameters: {'learning_rate': 0.289298426905753, 'max_depth': 11, 'l2_leaf_reg': 24.366221281449924}. Best is trial 56 with value: 0.44260759275296635.
[I 2024-12-17 04:46:38,182] Trial 59 finished with value: 0.4489718975037083 and parameters: {'learning_rate': 0.2436459145236672, 'max_depth': 10, 'l2_leaf_reg': 14.875186890602132}. Best is trial 56 with value: 0.44260759275296635.
[I 2024-12-17 04:46:43,471] Trial 60 finished with value: 0.4496144340945113 and parameters: {'learning_rate': 0.19240271852572685, 'max_depth': 12, 'l2_leaf_reg': 20.91286852010398}. Best is trial 56 with value: 0.44260759275296635.
[I 2024-12-17 04:46:48,421] Trial 61 finished with value: 0.4549864660763352 and parameters: {'learning_rate': 0.294772365559573, 'max_depth': 10, 'l2_leaf_reg': 29.493492146743822}. Best is trial 56 with value: 0.44260759275296635.
[I 2024-12-17 04:46:53,658] Trial 62 finished with value: 0.44978824557452074 and parameters: {'learning_rate': 0.22189174574265275, 'max_depth': 12, 'l2_leaf_reg': 19.10188871092738}. Best is trial 56 with value: 0.44260759275296635.
[I 2024-12-17 04:46:58,809] Trial 63 finished with value: 0.4504125144095739 and parameters: {'learning_rate': 0.2347445804100921, 'max_depth': 12, 'l2_leaf_reg': 24.845452177355845}. Best is trial 56 with value: 0.44260759275296635.
[I 2024-12-17 04:47:04,441] Trial 64 finished with value: 0.44180609238365953 and parameters: {'learning_rate': 0.26807515428674933, 'max_depth': 11, 'l2_leaf_reg': 25.850850056018228}. Best is trial 64 with value: 0.44180609238365953.
[I 2024-12-17 04:47:09,055] Trial 65 finished with value: 0.4562849488040722 and parameters: {'learning_rate': 0.2685673153669631, 'max_depth': 11, 'l2_leaf_reg': 21.435992561854892}. Best is trial 64 with value: 0.44180609238365953.
[I 2024-12-17 04:47:12,878] Trial 66 finished with value: 0.4556054191959954 and parameters: {'learning_rate': 0.2709966154874729, 'max_depth': 10, 'l2_leaf_reg': 15.846539629154462}. Best is trial 64 with value: 0.44180609238365953.
[I 2024-12-17 04:48:02,601] Trial 67 finished with value: 0.460039417796966 and parameters: {'learning_rate': 0.010550569403951328, 'max_depth': 11, 'l2_leaf_reg': 26.68192920874245}. Best is trial 64 with value: 0.44180609238365953.
[I 2024-12-17 04:48:07,342] Trial 68 finished with value: 0.44605900345590044 and parameters: {'learning_rate': 0.1873347054225392, 'max_depth': 10, 'l2_leaf_reg': 13.469210619519963}. Best is trial 64 with value: 0.44180609238365953.
[I 2024-12-17 04:48:12,590] Trial 69 finished with value: 0.44606270234569284 and parameters: {'learning_rate': 0.18431472646943817, 'max_depth': 9, 'l2_leaf_reg': 19.543458567182313}. Best is trial 64 with value: 0.44180609238365953.
[I 2024-12-17 04:48:16,861] Trial 70 finished with value: 0.4515189467691383 and parameters: {'learning_rate': 0.17338513255039575, 'max_depth': 10, 'l2_leaf_reg': 10.625508269289048}. Best is trial 64 with value: 0.44180609238365953.
[I 2024-12-17 04:48:45,877] Trial 71 finished with value: 0.4538426608182945 and parameters: {'learning_rate': 0.013851956159231333, 'max_depth': 9, 'l2_leaf_reg': 18.43168396833052}. Best is trial 64 with value: 0.44180609238365953.
[I 2024-12-17 04:48:49,015] Trial 72 finished with value: 0.4636102028937762 and parameters: {'learning_rate': 0.19316170988998185, 'max_depth': 3, 'l2_leaf_reg': 20.68189350786657}. Best is trial 64 with value: 0.44180609238365953.
[I 2024-12-17 04:48:54,667] Trial 73 finished with value: 0.45319707767928674 and parameters: {'learning_rate': 0.23277642231306522, 'max_depth': 12, 'l2_leaf_reg': 22.877433161276112}. Best is trial 64 with value: 0.44180609238365953.
[I 2024-12-17 04:48:59,666] Trial 74 finished with value: 0.44091789353882993 and parameters: {'learning_rate': 0.2999050818006848, 'max_depth': 11, 'l2_leaf_reg': 26.41844587969746}. Best is trial 74 with value: 0.44091789353882993.
[I 2024-12-17 04:49:04,066] Trial 75 finished with value: 0.45330207490081714 and parameters: {'learning_rate': 0.256255885945997, 'max_depth': 11, 'l2_leaf_reg': 17.502151340734294}. Best is trial 74 with value: 0.44091789353882993.
[I 2024-12-17 04:49:09,305] Trial 76 finished with value: 0.45145218184872193 and parameters: {'learning_rate': 0.20944330909512687, 'max_depth': 10, 'l2_leaf_reg': 26.86053433155303}. Best is trial 74 with value: 0.44091789353882993.
[I 2024-12-17 04:49:13,745] Trial 77 finished with value: 0.45277435824685164 and parameters: {'learning_rate': 0.2977776075722912, 'max_depth': 9, 'l2_leaf_reg': 29.905327581381606}. Best is trial 74 with value: 0.44091789353882993.
[I 2024-12-17 04:49:18,717] Trial 78 finished with value: 0.44868312149333756 and parameters: {'learning_rate': 0.18260792086251887, 'max_depth': 10, 'l2_leaf_reg': 13.888581467197197}. Best is trial 74 with value: 0.44091789353882993.
[I 2024-12-17 04:49:22,213] Trial 79 finished with value: 0.46746317974247587 and parameters: {'learning_rate': 0.16681394708588246, 'max_depth': 4, 'l2_leaf_reg': 19.99147428064375}. Best is trial 74 with value: 0.44091789353882993.
[I 2024-12-17 04:49:27,296] Trial 80 finished with value: 0.4511531466641153 and parameters: {'learning_rate': 0.22221444525588865, 'max_depth': 11, 'l2_leaf_reg': 16.17658808490554}. Best is trial 74 with value: 0.44091789353882993.
[I 2024-12-17 04:49:32,082] Trial 81 finished with value: 0.449118790275315 and parameters: {'learning_rate': 0.1915793936934198, 'max_depth': 9, 'l2_leaf_reg': 22.250830396703567}. Best is trial 74 with value: 0.44091789353882993.
[I 2024-12-17 04:49:37,986] Trial 82 finished with value: 0.4490349383469664 and parameters: {'learning_rate': 0.2475270350475893, 'max_depth': 12, 'l2_leaf_reg': 23.31401983196934}. Best is trial 74 with value: 0.44091789353882993.
[I 2024-12-17 04:50:04,917] Trial 83 finished with value: 0.45426667718200414 and parameters: {'learning_rate': 0.025283831540373305, 'max_depth': 11, 'l2_leaf_reg': 26.014018518504304}. Best is trial 74 with value: 0.44091789353882993.
[I 2024-12-17 04:50:10,772] Trial 84 finished with value: 0.4502500624390793 and parameters: {'learning_rate': 0.2753126950437996, 'max_depth': 12, 'l2_leaf_reg': 29.997863563395278}. Best is trial 74 with value: 0.44091789353882993.
[I 2024-12-17 04:50:15,198] Trial 85 finished with value: 0.44796910960937586 and parameters: {'learning_rate': 0.2681847859002921, 'max_depth': 12, 'l2_leaf_reg': 19.578157773774432}. Best is trial 74 with value: 0.44091789353882993.
[I 2024-12-17 04:50:21,951] Trial 86 finished with value: 0.4563712071576028 and parameters: {'learning_rate': 0.1560788342763215, 'max_depth': 11, 'l2_leaf_reg': 26.269763562687544}. Best is trial 74 with value: 0.44091789353882993.
[I 2024-12-17 04:50:26,769] Trial 87 finished with value: 0.45063386852489523 and parameters: {'learning_rate': 0.20564699413131193, 'max_depth': 10, 'l2_leaf_reg': 17.283353181549412}. Best is trial 74 with value: 0.44091789353882993.
[I 2024-12-17 04:50:32,007] Trial 88 finished with value: 0.4513913327310016 and parameters: {'learning_rate': 0.22894218494539867, 'max_depth': 12, 'l2_leaf_reg': 22.698756186145943}. Best is trial 74 with value: 0.44091789353882993.
[I 2024-12-17 04:50:35,773] Trial 89 finished with value: 0.45655385390148195 and parameters: {'learning_rate': 0.2972062777222959, 'max_depth': 9, 'l2_leaf_reg': 14.26943877561462}. Best is trial 74 with value: 0.44091789353882993.
[I 2024-12-17 04:50:39,025] Trial 90 finished with value: 0.48135269818934023 and parameters: {'learning_rate': 0.2604939433012507, 'max_depth': 2, 'l2_leaf_reg': 25.057629536942226}. Best is trial 74 with value: 0.44091789353882993.
[I 2024-12-17 04:50:42,284] Trial 91 finished with value: 0.4581573558999995 and parameters: {'learning_rate': 0.19880651152659218, 'max_depth': 10, 'l2_leaf_reg': 1.2662843044293088}. Best is trial 74 with value: 0.44091789353882993.
[I 2024-12-17 04:50:46,294] Trial 92 finished with value: 0.45325484106741076 and parameters: {'learning_rate': 0.2472341447592327, 'max_depth': 11, 'l2_leaf_reg': 11.643187270229369}. Best is trial 74 with value: 0.44091789353882993.
[I 2024-12-17 04:50:50,004] Trial 93 finished with value: 0.451970557486185 and parameters: {'learning_rate': 0.21223062729321684, 'max_depth': 11, 'l2_leaf_reg': 9.088624942821943}. Best is trial 74 with value: 0.44091789353882993.
[I 2024-12-17 04:50:55,211] Trial 94 finished with value: 0.4511771135392464 and parameters: {'learning_rate': 0.16537504932540895, 'max_depth': 12, 'l2_leaf_reg': 13.23677063696203}. Best is trial 74 with value: 0.44091789353882993.
[I 2024-12-17 04:50:59,569] Trial 95 finished with value: 0.4460908774591842 and parameters: {'learning_rate': 0.2779119232815225, 'max_depth': 11, 'l2_leaf_reg': 18.166959099698825}. Best is trial 74 with value: 0.44091789353882993.
[I 2024-12-17 04:51:04,007] Trial 96 finished with value: 0.451998678681994 and parameters: {'learning_rate': 0.27686403660344594, 'max_depth': 10, 'l2_leaf_reg': 20.675831910481797}. Best is trial 74 with value: 0.44091789353882993.
[I 2024-12-17 04:51:09,189] Trial 97 finished with value: 0.44856036873914107 and parameters: {'learning_rate': 0.23855455338089196, 'max_depth': 12, 'l2_leaf_reg': 18.0412016854844}. Best is trial 74 with value: 0.44091789353882993.
[I 2024-12-17 04:51:14,160] Trial 98 finished with value: 0.44733913947632686 and parameters: {'learning_rate': 0.2808887167183891, 'max_depth': 11, 'l2_leaf_reg': 27.172863669816213}. Best is trial 74 with value: 0.44091789353882993.
[I 2024-12-17 04:51:17,974] Trial 99 finished with value: 0.4474326142250809 and parameters: {'learning_rate': 0.2226295962392149, 'max_depth': 8, 'l2_leaf_reg': 15.846323121434299}. Best is trial 74 with value: 0.44091789353882993.
[I 2024-12-17 04:51:23,250] Trial 100 finished with value: 0.44792698824070276 and parameters: {'learning_rate': 0.2568879063056321, 'max_depth': 12, 'l2_leaf_reg': 22.69935202558534}. Best is trial 74 with value: 0.44091789353882993.
[I 2024-12-17 04:51:27,154] Trial 101 finished with value: 0.4533454710679485 and parameters: {'learning_rate': 0.2979349384596833, 'max_depth': 10, 'l2_leaf_reg': 19.500352438942368}. Best is trial 74 with value: 0.44091789353882993.
/home/mburu/.local/lib/python3.8/site-packages/sklearn/preprocessing/_encoders.py:975: FutureWarning: `sparse` was renamed to `sparse_output` in version 1.2 and will be removed in 1.4. `sparse_output` is ignored unless you leave `sparse` to its default value.
  warnings.warn(
[I 2024-12-17 04:51:35,204] Using an existing study with name 'CatBoost_Moneyball' instead of creating a new one.
[I 2024-12-17 04:52:23,033] Trial 2 finished with value: 575.9389744931647 and parameters: {'learning_rate': 0.1510383217801246, 'max_depth': 9, 'l2_leaf_reg': 28.461507476810546}. Best is trial 2 with value: 575.9389744931647.
[I 2024-12-17 04:52:30,746] Trial 3 finished with value: 537.5590231785186 and parameters: {'learning_rate': 0.15678898853063813, 'max_depth': 2, 'l2_leaf_reg': 14.141394548091116}. Best is trial 3 with value: 537.5590231785186.
[I 2024-12-17 04:52:40,842] Trial 4 finished with value: 524.2767212909902 and parameters: {'learning_rate': 0.059250183620044264, 'max_depth': 2, 'l2_leaf_reg': 0.5048562562162839}. Best is trial 4 with value: 524.2767212909902.
[I 2024-12-17 04:53:11,304] Trial 5 finished with value: 594.5571355425849 and parameters: {'learning_rate': 0.012616219064325373, 'max_depth': 6, 'l2_leaf_reg': 9.364398307384553}. Best is trial 4 with value: 524.2767212909902.
[I 2024-12-17 04:53:16,122] Trial 6 finished with value: 561.4986636424876 and parameters: {'learning_rate': 0.24892549525603583, 'max_depth': 2, 'l2_leaf_reg': 3.6159976910678444}. Best is trial 4 with value: 524.2767212909902.
[I 2024-12-17 04:54:03,357] Trial 7 finished with value: 553.6054415553664 and parameters: {'learning_rate': 0.014879427854622611, 'max_depth': 8, 'l2_leaf_reg': 0.8441776366358277}. Best is trial 4 with value: 524.2767212909902.
[I 2024-12-17 04:54:10,284] Trial 8 finished with value: 540.6373530345779 and parameters: {'learning_rate': 0.183662124277573, 'max_depth': 2, 'l2_leaf_reg': 9.95502728474253}. Best is trial 4 with value: 524.2767212909902.
[I 2024-12-17 04:54:22,184] Trial 9 finished with value: 551.1641224310215 and parameters: {'learning_rate': 0.08671493378662387, 'max_depth': 4, 'l2_leaf_reg': 24.928453182331058}. Best is trial 4 with value: 524.2767212909902.
[I 2024-12-17 04:56:24,957] Trial 10 finished with value: 573.2427614772674 and parameters: {'learning_rate': 0.039922758788367596, 'max_depth': 10, 'l2_leaf_reg': 12.310833169630813}. Best is trial 4 with value: 524.2767212909902.
[I 2024-12-17 04:56:42,385] Trial 11 finished with value: 555.9594080320933 and parameters: {'learning_rate': 0.027914278531575663, 'max_depth': 2, 'l2_leaf_reg': 6.592787736293543}. Best is trial 4 with value: 524.2767212909902.
[I 2024-12-17 04:56:54,032] Trial 12 finished with value: 516.687237461357 and parameters: {'learning_rate': 0.06187076186842472, 'max_depth': 3, 'l2_leaf_reg': 0.5492808801637973}. Best is trial 12 with value: 516.687237461357.
[I 2024-12-17 04:57:03,357] Trial 13 finished with value: 520.370959600584 and parameters: {'learning_rate': 0.06909386629132923, 'max_depth': 3, 'l2_leaf_reg': 0.5010214390957688}. Best is trial 12 with value: 516.687237461357.
[I 2024-12-17 04:57:10,807] Trial 14 finished with value: 523.1009850017053 and parameters: {'learning_rate': 0.09109805666725732, 'max_depth': 4, 'l2_leaf_reg': 1.5250691169555213}. Best is trial 12 with value: 516.687237461357.
[I 2024-12-17 04:57:28,396] Trial 15 finished with value: 527.1939353557223 and parameters: {'learning_rate': 0.02806848821735937, 'max_depth': 3, 'l2_leaf_reg': 1.3420065862995922}. Best is trial 12 with value: 516.687237461357.
[I 2024-12-17 04:57:40,117] Trial 16 finished with value: 518.9928087956634 and parameters: {'learning_rate': 0.0790855513813541, 'max_depth': 3, 'l2_leaf_reg': 2.7406570349628794}. Best is trial 12 with value: 516.687237461357.
[I 2024-12-17 04:57:48,485] Trial 17 finished with value: 529.6296994100887 and parameters: {'learning_rate': 0.10948290312563928, 'max_depth': 3, 'l2_leaf_reg': 2.455130725077653}. Best is trial 12 with value: 516.687237461357.
[I 2024-12-17 04:58:06,164] Trial 18 finished with value: 530.7800578587055 and parameters: {'learning_rate': 0.04122434772209267, 'max_depth': 5, 'l2_leaf_reg': 4.392728803244463}. Best is trial 12 with value: 516.687237461357.
[I 2024-12-17 04:58:22,412] Trial 19 finished with value: 514.2279782099497 and parameters: {'learning_rate': 0.045962016630553, 'max_depth': 3, 'l2_leaf_reg': 1.877433871281336}. Best is trial 19 with value: 514.2279782099497.
[I 2024-12-17 04:58:46,691] Trial 20 finished with value: 538.2358264671741 and parameters: {'learning_rate': 0.020017704498791842, 'max_depth': 6, 'l2_leaf_reg': 0.9500927609432275}. Best is trial 19 with value: 514.2279782099497.
[I 2024-12-17 04:59:01,586] Trial 21 finished with value: 515.343351148799 and parameters: {'learning_rate': 0.044490924803778246, 'max_depth': 4, 'l2_leaf_reg': 1.6779499388169936}. Best is trial 19 with value: 514.2279782099497.
[I 2024-12-17 04:59:16,254] Trial 22 finished with value: 514.098188644971 and parameters: {'learning_rate': 0.0423867493780458, 'max_depth': 4, 'l2_leaf_reg': 1.6819064934864272}. Best is trial 22 with value: 514.098188644971.
[I 2024-12-17 04:59:31,140] Trial 23 finished with value: 527.1218744574049 and parameters: {'learning_rate': 0.03804766343960564, 'max_depth': 5, 'l2_leaf_reg': 1.7652688102623948}. Best is trial 22 with value: 514.098188644971.
[I 2024-12-17 04:59:46,024] Trial 24 finished with value: 514.777771514383 and parameters: {'learning_rate': 0.04657351749905374, 'max_depth': 4, 'l2_leaf_reg': 2.1998307191217594}. Best is trial 22 with value: 514.098188644971.
[I 2024-12-17 05:00:01,105] Trial 25 finished with value: 537.403824355407 and parameters: {'learning_rate': 0.02839910135658241, 'max_depth': 5, 'l2_leaf_reg': 1.064768654149091}. Best is trial 22 with value: 514.098188644971.
[I 2024-12-17 05:04:26,915] Trial 26 finished with value: 568.8897457831761 and parameters: {'learning_rate': 0.021208430472280507, 'max_depth': 12, 'l2_leaf_reg': 2.502397799360763}. Best is trial 22 with value: 514.098188644971.
[I 2024-12-17 05:04:49,030] Trial 27 finished with value: 545.737169875669 and parameters: {'learning_rate': 0.05176345588808964, 'max_depth': 7, 'l2_leaf_reg': 3.9455170247081734}. Best is trial 22 with value: 514.098188644971.
[I 2024-12-17 05:05:13,370] Trial 28 finished with value: 546.6562493216762 and parameters: {'learning_rate': 0.03127300266562077, 'max_depth': 6, 'l2_leaf_reg': 5.775029028540701}. Best is trial 22 with value: 514.098188644971.
[I 2024-12-17 05:05:32,521] Trial 29 finished with value: 533.873325938345 and parameters: {'learning_rate': 0.019576946216752284, 'max_depth': 4, 'l2_leaf_reg': 2.089189211428072}. Best is trial 22 with value: 514.098188644971.
[I 2024-12-17 05:05:38,849] Trial 30 finished with value: 525.6056580617321 and parameters: {'learning_rate': 0.11451123849885624, 'max_depth': 5, 'l2_leaf_reg': 1.2021420055558765}. Best is trial 22 with value: 514.098188644971.
[I 2024-12-17 05:05:49,635] Trial 31 finished with value: 514.1225113304683 and parameters: {'learning_rate': 0.0511483261525367, 'max_depth': 4, 'l2_leaf_reg': 0.7471321858878655}. Best is trial 22 with value: 514.098188644971.
[I 2024-12-17 05:06:06,142] Trial 32 finished with value: 516.4344981589651 and parameters: {'learning_rate': 0.03464263221707736, 'max_depth': 3, 'l2_leaf_reg': 0.8553320160059309}. Best is trial 22 with value: 514.098188644971.
[I 2024-12-17 05:06:21,692] Trial 33 finished with value: 524.6865596700246 and parameters: {'learning_rate': 0.04624930543103871, 'max_depth': 4, 'l2_leaf_reg': 2.8507303095383048}. Best is trial 22 with value: 514.098188644971.
[I 2024-12-17 05:06:32,178] Trial 34 finished with value: 514.080698657014 and parameters: {'learning_rate': 0.053802055725502985, 'max_depth': 4, 'l2_leaf_reg': 0.6654258481416488}. Best is trial 34 with value: 514.080698657014.
[I 2024-12-17 05:06:42,258] Trial 35 finished with value: 524.7533787425544 and parameters: {'learning_rate': 0.05847757667266487, 'max_depth': 5, 'l2_leaf_reg': 0.6947155133889175}. Best is trial 34 with value: 514.080698657014.
[I 2024-12-17 05:06:53,373] Trial 36 finished with value: 546.8883214273962 and parameters: {'learning_rate': 0.06952575762721044, 'max_depth': 7, 'l2_leaf_reg': 0.6720416985796164}. Best is trial 34 with value: 514.080698657014.
[I 2024-12-17 05:07:07,931] Trial 37 finished with value: 525.2741561295454 and parameters: {'learning_rate': 0.05364687995479966, 'max_depth': 6, 'l2_leaf_reg': 0.701118408875491}. Best is trial 34 with value: 514.080698657014.
[I 2024-12-17 05:07:26,604] Trial 38 finished with value: 524.8349880201504 and parameters: {'learning_rate': 0.02332265622763312, 'max_depth': 3, 'l2_leaf_reg': 1.124017034597566}. Best is trial 34 with value: 514.080698657014.
[I 2024-12-17 05:07:34,167] Trial 39 finished with value: 523.14448208619 and parameters: {'learning_rate': 0.10764839733517773, 'max_depth': 4, 'l2_leaf_reg': 1.3776103971549096}. Best is trial 34 with value: 514.080698657014.
[I 2024-12-17 05:07:40,134] Trial 40 finished with value: 527.229250830813 and parameters: {'learning_rate': 0.1331498010236712, 'max_depth': 5, 'l2_leaf_reg': 0.8255529103771617}. Best is trial 34 with value: 514.080698657014.
[I 2024-12-17 05:07:54,652] Trial 41 finished with value: 537.7888606460455 and parameters: {'learning_rate': 0.07359040730947555, 'max_depth': 7, 'l2_leaf_reg': 0.6549028132863847}. Best is trial 34 with value: 514.080698657014.
[I 2024-12-17 05:08:43,312] Trial 42 finished with value: 561.0068924558382 and parameters: {'learning_rate': 0.016295323543719813, 'max_depth': 8, 'l2_leaf_reg': 1.862428250384852}. Best is trial 34 with value: 514.080698657014.
[I 2024-12-17 05:09:03,985] Trial 43 finished with value: 566.2455581172159 and parameters: {'learning_rate': 0.010671879730215491, 'max_depth': 4, 'l2_leaf_reg': 2.2756955216350594}. Best is trial 34 with value: 514.080698657014.
[I 2024-12-17 05:09:17,443] Trial 44 finished with value: 523.4660149313006 and parameters: {'learning_rate': 0.04835930385660456, 'max_depth': 4, 'l2_leaf_reg': 3.3414780830272792}. Best is trial 34 with value: 514.080698657014.
[I 2024-12-17 05:09:32,530] Trial 45 finished with value: 541.4463360880547 and parameters: {'learning_rate': 0.06085425578370902, 'max_depth': 3, 'l2_leaf_reg': 21.366312849512234}. Best is trial 34 with value: 514.080698657014.
[I 2024-12-17 05:09:47,153] Trial 46 finished with value: 542.1610669675545 and parameters: {'learning_rate': 0.03450958447332097, 'max_depth': 2, 'l2_leaf_reg': 4.790418733928483}. Best is trial 34 with value: 514.080698657014.
[I 2024-12-17 05:09:54,467] Trial 47 finished with value: 525.2226490086479 and parameters: {'learning_rate': 0.08801340213613787, 'max_depth': 4, 'l2_leaf_reg': 1.4590357491085082}. Best is trial 34 with value: 514.080698657014.
[I 2024-12-17 05:09:58,911] Trial 48 finished with value: 551.2115789820045 and parameters: {'learning_rate': 0.26967481745297234, 'max_depth': 5, 'l2_leaf_reg': 3.3535099628829776}. Best is trial 34 with value: 514.080698657014.
[I 2024-12-17 05:10:16,298] Trial 49 finished with value: 532.4500058080823 and parameters: {'learning_rate': 0.04083334915129077, 'max_depth': 6, 'l2_leaf_reg': 2.005937610963544}. Best is trial 34 with value: 514.080698657014.
[I 2024-12-17 05:10:32,825] Trial 50 finished with value: 534.902577828575 and parameters: {'learning_rate': 0.024875504282663576, 'max_depth': 3, 'l2_leaf_reg': 1.0112962709802837}. Best is trial 34 with value: 514.080698657014.
[I 2024-12-17 05:10:43,155] Trial 51 finished with value: 517.5638131489807 and parameters: {'learning_rate': 0.06296455859754255, 'max_depth': 4, 'l2_leaf_reg': 0.5880176995334515}. Best is trial 34 with value: 514.080698657014.
[I 2024-12-17 05:10:51,382] Trial 52 finished with value: 537.2921452196578 and parameters: {'learning_rate': 0.051537894307614664, 'max_depth': 5, 'l2_leaf_reg': 0.8125543332033143}. Best is trial 34 with value: 514.080698657014.
[I 2024-12-17 05:11:05,163] Trial 53 finished with value: 519.0597375577088 and parameters: {'learning_rate': 0.044590706686107956, 'max_depth': 4, 'l2_leaf_reg': 1.8011412173586367}. Best is trial 34 with value: 514.080698657014.
[I 2024-12-17 05:11:22,244] Trial 54 finished with value: 510.477576373966 and parameters: {'learning_rate': 0.036666017182195976, 'max_depth': 4, 'l2_leaf_reg': 1.4867492636764215}. Best is trial 54 with value: 510.477576373966.
[I 2024-12-17 05:11:38,647] Trial 55 finished with value: 520.7754578516993 and parameters: {'learning_rate': 0.03567780831778711, 'max_depth': 3, 'l2_leaf_reg': 1.3651668587482995}. Best is trial 54 with value: 510.477576373966.
[I 2024-12-17 05:11:56,646] Trial 56 finished with value: 519.7800404779953 and parameters: {'learning_rate': 0.030672755325340233, 'max_depth': 4, 'l2_leaf_reg': 1.235906857084239}. Best is trial 54 with value: 510.477576373966.
[I 2024-12-17 05:12:14,271] Trial 57 finished with value: 523.8719958393365 and parameters: {'learning_rate': 0.03961017527102666, 'max_depth': 3, 'l2_leaf_reg': 2.8898308213702726}. Best is trial 54 with value: 510.477576373966.
[I 2024-12-17 05:12:25,065] Trial 58 finished with value: 530.9530062535216 and parameters: {'learning_rate': 0.07764120856626837, 'max_depth': 6, 'l2_leaf_reg': 1.648232026524564}. Best is trial 54 with value: 510.477576373966.
[I 2024-12-17 05:12:30,222] Trial 59 finished with value: 520.7486633191158 and parameters: {'learning_rate': 0.20934458915319318, 'max_depth': 5, 'l2_leaf_reg': 0.5263908631524389}. Best is trial 54 with value: 510.477576373966.
[I 2024-12-17 05:14:39,305] Trial 60 finished with value: 556.3541911502514 and parameters: {'learning_rate': 0.0653495049538303, 'max_depth': 12, 'l2_leaf_reg': 0.9560742148003926}. Best is trial 54 with value: 510.477576373966.
[I 2024-12-17 05:14:54,281] Trial 61 finished with value: 534.9755370022688 and parameters: {'learning_rate': 0.03155620354025552, 'max_depth': 4, 'l2_leaf_reg': 2.39212280288804}. Best is trial 54 with value: 510.477576373966.
[I 2024-12-17 05:15:08,297] Trial 62 finished with value: 526.0257187108497 and parameters: {'learning_rate': 0.04760874009827268, 'max_depth': 5, 'l2_leaf_reg': 1.5295960830822417}. Best is trial 54 with value: 510.477576373966.
[I 2024-12-17 05:15:22,226] Trial 63 finished with value: 521.8786017047108 and parameters: {'learning_rate': 0.04246606170890558, 'max_depth': 4, 'l2_leaf_reg': 2.183655252534614}. Best is trial 54 with value: 510.477576373966.
[I 2024-12-17 05:15:35,234] Trial 64 finished with value: 518.325065923426 and parameters: {'learning_rate': 0.05503972878379443, 'max_depth': 4, 'l2_leaf_reg': 1.7024533988495978}. Best is trial 54 with value: 510.477576373966.
[I 2024-12-17 05:15:50,431] Trial 65 finished with value: 519.9750004297283 and parameters: {'learning_rate': 0.03846187363442756, 'max_depth': 3, 'l2_leaf_reg': 1.247088324839957}. Best is trial 54 with value: 510.477576373966.
[I 2024-12-17 05:16:12,181] Trial 66 finished with value: 531.3212905487472 and parameters: {'learning_rate': 0.025822982964961747, 'max_depth': 5, 'l2_leaf_reg': 2.6375120119867788}. Best is trial 54 with value: 510.477576373966.
[I 2024-12-17 05:16:22,777] Trial 67 finished with value: 524.966617722091 and parameters: {'learning_rate': 0.056176849666435165, 'max_depth': 2, 'l2_leaf_reg': 1.9623475686364682}. Best is trial 54 with value: 510.477576373966.
[I 2024-12-17 05:17:04,347] Trial 68 finished with value: 550.0303993359732 and parameters: {'learning_rate': 0.046752288059871645, 'max_depth': 9, 'l2_leaf_reg': 1.0919977060889463}. Best is trial 54 with value: 510.477576373966.
[I 2024-12-17 05:17:17,889] Trial 69 finished with value: 513.1086129145899 and parameters: {'learning_rate': 0.03582600772068868, 'max_depth': 4, 'l2_leaf_reg': 0.6047600807300628}. Best is trial 54 with value: 510.477576373966.
[I 2024-12-17 05:17:37,602] Trial 70 finished with value: 513.022774763111 and parameters: {'learning_rate': 0.0341628959074618, 'max_depth': 6, 'l2_leaf_reg': 0.592895157484526}. Best is trial 54 with value: 510.477576373966.
[I 2024-12-17 05:17:55,035] Trial 71 finished with value: 527.8583318582979 and parameters: {'learning_rate': 0.033654237965275675, 'max_depth': 6, 'l2_leaf_reg': 0.6084635734709746}. Best is trial 54 with value: 510.477576373966.
[I 2024-12-17 05:18:38,765] Trial 72 finished with value: 537.5093486125326 and parameters: {'learning_rate': 0.0263552922580887, 'max_depth': 8, 'l2_leaf_reg': 0.7423463493689128}. Best is trial 54 with value: 510.477576373966.
[I 2024-12-17 05:19:02,570] Trial 73 finished with value: 543.4916192924882 and parameters: {'learning_rate': 0.02948714591291371, 'max_depth': 7, 'l2_leaf_reg': 0.5811782612977088}. Best is trial 54 with value: 510.477576373966.
[I 2024-12-17 05:19:16,716] Trial 74 finished with value: 512.550307911177 and parameters: {'learning_rate': 0.03697528672695242, 'max_depth': 4, 'l2_leaf_reg': 0.5029300872164506}. Best is trial 54 with value: 510.477576373966.
[I 2024-12-17 05:21:17,577] Trial 75 finished with value: 536.5621401461714 and parameters: {'learning_rate': 0.03618916909425276, 'max_depth': 11, 'l2_leaf_reg': 0.5233877089331179}. Best is trial 54 with value: 510.477576373966.
[I 2024-12-17 05:21:30,110] Trial 76 finished with value: 514.2798606147492 and parameters: {'learning_rate': 0.04214382775805505, 'max_depth': 4, 'l2_leaf_reg': 0.795578376552473}. Best is trial 54 with value: 510.477576373966.
[I 2024-12-17 05:22:30,093] Trial 77 finished with value: 539.9895401698277 and parameters: {'learning_rate': 0.022928803520818167, 'max_depth': 9, 'l2_leaf_reg': 0.627576462358046}. Best is trial 54 with value: 510.477576373966.
[I 2024-12-17 05:22:49,266] Trial 78 finished with value: 555.3408854084704 and parameters: {'learning_rate': 0.05038569881957827, 'max_depth': 8, 'l2_leaf_reg': 0.7365963866588188}. Best is trial 54 with value: 510.477576373966.
[I 2024-12-17 05:23:04,438] Trial 79 finished with value: 515.1003622216434 and parameters: {'learning_rate': 0.03723346845278614, 'max_depth': 5, 'l2_leaf_reg': 0.8784877665924713}. Best is trial 54 with value: 510.477576373966.
[I 2024-12-17 05:23:21,869] Trial 80 finished with value: 526.7906294058685 and parameters: {'learning_rate': 0.03257086968349559, 'max_depth': 6, 'l2_leaf_reg': 0.5167110853361861}. Best is trial 54 with value: 510.477576373966.
[I 2024-12-17 05:25:46,075] Trial 81 finished with value: 573.0494560842781 and parameters: {'learning_rate': 0.027229511360465683, 'max_depth': 10, 'l2_leaf_reg': 7.490377751793685}. Best is trial 54 with value: 510.477576373966.
[I 2024-12-17 05:25:55,518] Trial 82 finished with value: 527.7083551189787 and parameters: {'learning_rate': 0.06883081590820174, 'max_depth': 3, 'l2_leaf_reg': 0.9390395103367768}. Best is trial 54 with value: 510.477576373966.
[I 2024-12-17 05:26:07,818] Trial 83 finished with value: 518.9404733994282 and parameters: {'learning_rate': 0.0413821732232508, 'max_depth': 4, 'l2_leaf_reg': 0.6883882200833562}. Best is trial 54 with value: 510.477576373966.
[I 2024-12-17 05:26:21,773] Trial 84 finished with value: 508.86696692843725 and parameters: {'learning_rate': 0.042520589082681866, 'max_depth': 4, 'l2_leaf_reg': 0.7588402046493623}. Best is trial 84 with value: 508.86696692843725.
[I 2024-12-17 05:26:33,338] Trial 85 finished with value: 519.645281665541 and parameters: {'learning_rate': 0.04478064510389325, 'max_depth': 4, 'l2_leaf_reg': 0.5908341174250491}. Best is trial 84 with value: 508.86696692843725.
[I 2024-12-17 05:26:43,963] Trial 86 finished with value: 517.8840943180616 and parameters: {'learning_rate': 0.051518599320747434, 'max_depth': 4, 'l2_leaf_reg': 0.7765793709771597}. Best is trial 84 with value: 508.86696692843725.
[I 2024-12-17 05:26:53,794] Trial 87 finished with value: 532.3362441314929 and parameters: {'learning_rate': 0.057546861330318014, 'max_depth': 5, 'l2_leaf_reg': 0.8956247231115777}. Best is trial 84 with value: 508.86696692843725.
[I 2024-12-17 05:27:09,490] Trial 88 finished with value: 506.91245798547754 and parameters: {'learning_rate': 0.03781018074120817, 'max_depth': 4, 'l2_leaf_reg': 0.6601536482737858}. Best is trial 88 with value: 506.91245798547754.
[I 2024-12-17 05:27:23,328] Trial 89 finished with value: 517.4024571487267 and parameters: {'learning_rate': 0.037399326323587695, 'max_depth': 4, 'l2_leaf_reg': 0.6518008882225116}. Best is trial 88 with value: 506.91245798547754.
[I 2024-12-17 05:27:34,918] Trial 90 finished with value: 527.0953391403491 and parameters: {'learning_rate': 0.03369200330201299, 'max_depth': 4, 'l2_leaf_reg': 0.5571398501328179}. Best is trial 88 with value: 506.91245798547754.
[I 2024-12-17 05:27:49,017] Trial 91 finished with value: 533.0101481471094 and parameters: {'learning_rate': 0.028701195186159684, 'max_depth': 5, 'l2_leaf_reg': 0.713429603105323}. Best is trial 88 with value: 506.91245798547754.
[I 2024-12-17 05:28:08,998] Trial 92 finished with value: 523.4834642138248 and parameters: {'learning_rate': 0.018475922626350526, 'max_depth': 4, 'l2_leaf_reg': 0.6507713315249627}. Best is trial 88 with value: 506.91245798547754.
[I 2024-12-17 05:28:23,356] Trial 93 finished with value: 514.044865635906 and parameters: {'learning_rate': 0.04224376793061501, 'max_depth': 4, 'l2_leaf_reg': 1.026061989175343}. Best is trial 88 with value: 506.91245798547754.
[I 2024-12-17 05:28:35,031] Trial 94 finished with value: 519.2417536299008 and parameters: {'learning_rate': 0.04361953360685171, 'max_depth': 4, 'l2_leaf_reg': 0.9790628962521037}. Best is trial 88 with value: 506.91245798547754.
[I 2024-12-17 05:28:46,669] Trial 95 finished with value: 525.3698727649369 and parameters: {'learning_rate': 0.03822131606205737, 'max_depth': 4, 'l2_leaf_reg': 1.166042547599585}. Best is trial 88 with value: 506.91245798547754.
[I 2024-12-17 05:29:02,566] Trial 96 finished with value: 526.2674520997003 and parameters: {'learning_rate': 0.030725919286658812, 'max_depth': 5, 'l2_leaf_reg': 0.8622721001315438}. Best is trial 88 with value: 506.91245798547754.
[I 2024-12-17 05:29:14,819] Trial 97 finished with value: 519.047869078065 and parameters: {'learning_rate': 0.040304513096363154, 'max_depth': 4, 'l2_leaf_reg': 0.7875066872393746}. Best is trial 88 with value: 506.91245798547754.
[I 2024-12-17 05:29:26,539] Trial 98 finished with value: 509.80375534793745 and parameters: {'learning_rate': 0.04937351433243674, 'max_depth': 4, 'l2_leaf_reg': 0.5079105303029459}. Best is trial 88 with value: 506.91245798547754.
[I 2024-12-17 05:29:41,715] Trial 99 finished with value: 513.9005585742985 and parameters: {'learning_rate': 0.03536588005187959, 'max_depth': 4, 'l2_leaf_reg': 0.5600649731932241}. Best is trial 88 with value: 506.91245798547754.
[I 2024-12-17 05:29:57,438] Trial 100 finished with value: 510.1535506917132 and parameters: {'learning_rate': 0.035262393599168565, 'max_depth': 4, 'l2_leaf_reg': 0.5569241571298049}. Best is trial 88 with value: 506.91245798547754.
[I 2024-12-17 05:30:08,046] Trial 101 finished with value: 534.4633469443756 and parameters: {'learning_rate': 0.033827100224590755, 'max_depth': 4, 'l2_leaf_reg': 0.554597702091726}. Best is trial 88 with value: 506.91245798547754.
