/home/mburu/.local/lib/python3.8/site-packages/sklearn/preprocessing/_encoders.py:975: FutureWarning: `sparse` was renamed to `sparse_output` in version 1.2 and will be removed in 1.4. `sparse_output` is ignored unless you leave `sparse` to its default value.
  warnings.warn(
[I 2024-12-16 07:56:18,731] Using an existing study with name 'CatBoost_Brazillian Houses' instead of creating a new one.
[I 2024-12-16 07:56:42,685] Trial 1 finished with value: 57924746.48893883 and parameters: {'learning_rate': 0.025173933134959987, 'max_depth': 7, 'l2_leaf_reg': 7.2571782169271595}. Best is trial 1 with value: 57924746.48893883.
[I 2024-12-16 07:56:51,017] Trial 2 finished with value: 73853240.0225825 and parameters: {'learning_rate': 0.02874895443867514, 'max_depth': 4, 'l2_leaf_reg': 0.7299227453545987}. Best is trial 1 with value: 57924746.48893883.
[I 2024-12-16 07:56:59,984] Trial 3 finished with value: 190331329.60421774 and parameters: {'learning_rate': 0.011002217756949395, 'max_depth': 2, 'l2_leaf_reg': 3.0540006682660112}. Best is trial 1 with value: 57924746.48893883.
[I 2024-12-16 07:57:05,368] Trial 4 finished with value: 74814882.39453997 and parameters: {'learning_rate': 0.17142639251210165, 'max_depth': 8, 'l2_leaf_reg': 2.0291376240378542}. Best is trial 1 with value: 57924746.48893883.
[I 2024-12-16 07:57:11,602] Trial 5 finished with value: 141236924.96808237 and parameters: {'learning_rate': 0.17526065485067757, 'max_depth': 2, 'l2_leaf_reg': 15.856782059284095}. Best is trial 1 with value: 57924746.48893883.
[I 2024-12-16 07:57:20,127] Trial 6 finished with value: 77027751.62066022 and parameters: {'learning_rate': 0.1745542694708066, 'max_depth': 6, 'l2_leaf_reg': 19.560005389011266}. Best is trial 1 with value: 57924746.48893883.
[I 2024-12-16 07:57:29,118] Trial 7 finished with value: 184153211.76313925 and parameters: {'learning_rate': 0.014765037425214437, 'max_depth': 2, 'l2_leaf_reg': 4.379275976393666}. Best is trial 1 with value: 57924746.48893883.
[I 2024-12-16 07:57:46,866] Trial 8 finished with value: 58980315.64375701 and parameters: {'learning_rate': 0.048025509049766976, 'max_depth': 7, 'l2_leaf_reg': 4.570013001965089}. Best is trial 1 with value: 57924746.48893883.
[I 2024-12-16 07:58:04,167] Trial 9 finished with value: 70550609.69803232 and parameters: {'learning_rate': 0.010057672257807071, 'max_depth': 6, 'l2_leaf_reg': 1.115243906573415}. Best is trial 1 with value: 57924746.48893883.
[I 2024-12-16 07:58:10,346] Trial 10 finished with value: 113817197.08751369 and parameters: {'learning_rate': 0.0352880684147733, 'max_depth': 3, 'l2_leaf_reg': 2.403523752822307}. Best is trial 1 with value: 57924746.48893883.
[I 2024-12-16 08:00:37,171] Trial 11 finished with value: 45674780.884873286 and parameters: {'learning_rate': 0.08345037478943605, 'max_depth': 12, 'l2_leaf_reg': 8.683027983495943}. Best is trial 11 with value: 45674780.884873286.
[I 2024-12-16 08:03:14,300] Trial 12 finished with value: 46357620.49098776 and parameters: {'learning_rate': 0.08538507880874985, 'max_depth': 12, 'l2_leaf_reg': 9.116920515228376}. Best is trial 11 with value: 45674780.884873286.
[I 2024-12-16 08:05:28,198] Trial 13 finished with value: 47824296.284955546 and parameters: {'learning_rate': 0.08684583020234887, 'max_depth': 12, 'l2_leaf_reg': 9.37795830369569}. Best is trial 11 with value: 45674780.884873286.
[I 2024-12-16 08:08:35,592] Trial 14 finished with value: 57238815.60872694 and parameters: {'learning_rate': 0.09090557437129766, 'max_depth': 12, 'l2_leaf_reg': 10.899792161177285}. Best is trial 11 with value: 45674780.884873286.
[I 2024-12-16 08:10:08,957] Trial 15 finished with value: 72343425.93064037 and parameters: {'learning_rate': 0.08372270764287297, 'max_depth': 10, 'l2_leaf_reg': 29.879003323662527}. Best is trial 11 with value: 45674780.884873286.
[I 2024-12-16 08:10:17,445] Trial 16 finished with value: 79090824.39889598 and parameters: {'learning_rate': 0.060592735145663205, 'max_depth': 4, 'l2_leaf_reg': 6.077924509339848}. Best is trial 11 with value: 45674780.884873286.
[I 2024-12-16 08:10:36,904] Trial 17 finished with value: 65217821.52949128 and parameters: {'learning_rate': 0.2989354449195464, 'max_depth': 9, 'l2_leaf_reg': 16.090865177259335}. Best is trial 11 with value: 45674780.884873286.
[I 2024-12-16 08:10:46,019] Trial 18 finished with value: 52858943.80286368 and parameters: {'learning_rate': 0.11415057841368008, 'max_depth': 5, 'l2_leaf_reg': 9.028423286097448}. Best is trial 11 with value: 45674780.884873286.
[I 2024-12-16 08:10:53,073] Trial 19 finished with value: 88324232.43632735 and parameters: {'learning_rate': 0.052527137882318, 'max_depth': 3, 'l2_leaf_reg': 1.4950740438363441}. Best is trial 11 with value: 45674780.884873286.
[I 2024-12-16 08:11:10,830] Trial 20 finished with value: 73122761.7275501 and parameters: {'learning_rate': 0.12420243476153392, 'max_depth': 10, 'l2_leaf_reg': 4.611601219828361}. Best is trial 11 with value: 45674780.884873286.
[I 2024-12-16 08:12:54,621] Trial 21 finished with value: 61368025.29895695 and parameters: {'learning_rate': 0.29669820807185104, 'max_depth': 12, 'l2_leaf_reg': 27.465434328210787}. Best is trial 11 with value: 45674780.884873286.
[I 2024-12-16 08:16:25,928] Trial 22 finished with value: 65479808.06323465 and parameters: {'learning_rate': 0.06714386860512996, 'max_depth': 12, 'l2_leaf_reg': 12.28111829244906}. Best is trial 11 with value: 45674780.884873286.
[I 2024-12-16 08:16:52,671] Trial 23 finished with value: 59052933.875259236 and parameters: {'learning_rate': 0.1150732203095687, 'max_depth': 9, 'l2_leaf_reg': 7.88098401012604}. Best is trial 11 with value: 45674780.884873286.
[I 2024-12-16 08:18:00,691] Trial 24 finished with value: 66716485.42280378 and parameters: {'learning_rate': 0.08359529847811675, 'max_depth': 10, 'l2_leaf_reg': 12.472649473187449}. Best is trial 11 with value: 45674780.884873286.
[I 2024-12-16 08:18:29,286] Trial 25 finished with value: 50183552.37620135 and parameters: {'learning_rate': 0.04201307589477327, 'max_depth': 8, 'l2_leaf_reg': 5.533214632759865}. Best is trial 11 with value: 45674780.884873286.
[I 2024-12-16 08:21:09,854] Trial 26 finished with value: 67961986.27235132 and parameters: {'learning_rate': 0.07001333382027845, 'max_depth': 12, 'l2_leaf_reg': 8.984275175854822}. Best is trial 11 with value: 45674780.884873286.
[I 2024-12-16 08:22:14,040] Trial 27 finished with value: 62936371.098821 and parameters: {'learning_rate': 0.14166563107219668, 'max_depth': 10, 'l2_leaf_reg': 19.240213008689924}. Best is trial 11 with value: 45674780.884873286.
[I 2024-12-16 08:22:24,717] Trial 28 finished with value: 58599735.164710745 and parameters: {'learning_rate': 0.0898657442293451, 'max_depth': 8, 'l2_leaf_reg': 3.4081623324270574}. Best is trial 11 with value: 45674780.884873286.
[I 2024-12-16 08:22:41,959] Trial 29 finished with value: 60779849.72362677 and parameters: {'learning_rate': 0.020337082543565404, 'max_depth': 6, 'l2_leaf_reg': 6.156906342477046}. Best is trial 11 with value: 45674780.884873286.
[I 2024-12-16 08:22:50,371] Trial 30 finished with value: 71787296.71050993 and parameters: {'learning_rate': 0.21170449210969292, 'max_depth': 7, 'l2_leaf_reg': 7.753319738404323}. Best is trial 11 with value: 45674780.884873286.
[I 2024-12-16 08:23:03,678] Trial 31 finished with value: 54953471.09433504 and parameters: {'learning_rate': 0.04246300528678804, 'max_depth': 5, 'l2_leaf_reg': 10.465636238476083}. Best is trial 11 with value: 45674780.884873286.
[I 2024-12-16 08:24:50,572] Trial 32 finished with value: 48429512.52274288 and parameters: {'learning_rate': 0.03889576567737189, 'max_depth': 11, 'l2_leaf_reg': 5.823497501746439}. Best is trial 11 with value: 45674780.884873286.
[I 2024-12-16 08:26:52,855] Trial 33 finished with value: 58191647.73706849 and parameters: {'learning_rate': 0.02795519355483551, 'max_depth': 11, 'l2_leaf_reg': 6.663320811709879}. Best is trial 11 with value: 45674780.884873286.
[I 2024-12-16 08:27:44,131] Trial 34 finished with value: 71534260.65342031 and parameters: {'learning_rate': 0.033800127544226434, 'max_depth': 9, 'l2_leaf_reg': 14.468388062786332}. Best is trial 11 with value: 45674780.884873286.
[I 2024-12-16 08:28:01,418] Trial 35 finished with value: 53662079.71116604 and parameters: {'learning_rate': 0.07180675200845511, 'max_depth': 11, 'l2_leaf_reg': 0.6514277342914169}. Best is trial 11 with value: 45674780.884873286.
[I 2024-12-16 08:28:33,739] Trial 36 finished with value: 58357411.45379327 and parameters: {'learning_rate': 0.10139136578754124, 'max_depth': 11, 'l2_leaf_reg': 2.5794278629363254}. Best is trial 11 with value: 45674780.884873286.
[I 2024-12-16 08:28:55,989] Trial 37 finished with value: 54495661.92824153 and parameters: {'learning_rate': 0.022088384115387133, 'max_depth': 7, 'l2_leaf_reg': 5.388604776166401}. Best is trial 11 with value: 45674780.884873286.
[I 2024-12-16 08:29:14,578] Trial 38 finished with value: 60486790.633368075 and parameters: {'learning_rate': 0.057855455812789586, 'max_depth': 8, 'l2_leaf_reg': 3.7179755955316547}. Best is trial 11 with value: 45674780.884873286.
[I 2024-12-16 08:29:21,318] Trial 39 finished with value: 113827073.32321846 and parameters: {'learning_rate': 0.14604061918643646, 'max_depth': 3, 'l2_leaf_reg': 21.66473545146475}. Best is trial 11 with value: 45674780.884873286.
[I 2024-12-16 08:30:03,723] Trial 40 finished with value: 66955952.07330705 and parameters: {'learning_rate': 0.0466089078038278, 'max_depth': 9, 'l2_leaf_reg': 9.37752003087579}. Best is trial 11 with value: 45674780.884873286.
[I 2024-12-16 08:32:03,754] Trial 41 finished with value: 72670730.26109476 and parameters: {'learning_rate': 0.015966034941515505, 'max_depth': 11, 'l2_leaf_reg': 7.317925648022212}. Best is trial 11 with value: 45674780.884873286.
[I 2024-12-16 08:32:27,044] Trial 42 finished with value: 58020259.63819462 and parameters: {'learning_rate': 0.03891796250749426, 'max_depth': 8, 'l2_leaf_reg': 4.780630256298564}. Best is trial 11 with value: 45674780.884873286.
[I 2024-12-16 08:33:38,990] Trial 43 finished with value: 47663149.90441463 and parameters: {'learning_rate': 0.0347401765396902, 'max_depth': 10, 'l2_leaf_reg': 6.182550089844575}. Best is trial 11 with value: 45674780.884873286.
[I 2024-12-16 08:34:09,460] Trial 44 finished with value: 46018051.99255452 and parameters: {'learning_rate': 0.0291390419504382, 'max_depth': 10, 'l2_leaf_reg': 0.5147187202621621}. Best is trial 11 with value: 45674780.884873286.
[I 2024-12-16 08:34:39,877] Trial 45 finished with value: 57066209.453874364 and parameters: {'learning_rate': 0.0310493424004564, 'max_depth': 10, 'l2_leaf_reg': 0.861414969437154}. Best is trial 11 with value: 45674780.884873286.
[I 2024-12-16 08:38:14,632] Trial 46 finished with value: 97984358.21078245 and parameters: {'learning_rate': 0.016707732931288428, 'max_depth': 12, 'l2_leaf_reg': 13.199945415802778}. Best is trial 11 with value: 45674780.884873286.
[I 2024-12-16 08:38:47,565] Trial 47 finished with value: 54797795.655282274 and parameters: {'learning_rate': 0.025182834267583065, 'max_depth': 9, 'l2_leaf_reg': 1.7738135823297332}. Best is trial 11 with value: 45674780.884873286.
[I 2024-12-16 08:38:55,867] Trial 48 finished with value: 71374565.39160009 and parameters: {'learning_rate': 0.07717987302643879, 'max_depth': 7, 'l2_leaf_reg': 2.841193855221907}. Best is trial 11 with value: 45674780.884873286.
[I 2024-12-16 08:40:17,535] Trial 49 finished with value: 111209270.21726985 and parameters: {'learning_rate': 0.012097160147264622, 'max_depth': 10, 'l2_leaf_reg': 11.142743979023189}. Best is trial 11 with value: 45674780.884873286.
[I 2024-12-16 08:41:14,007] Trial 50 finished with value: 50752694.06411242 and parameters: {'learning_rate': 0.050720669345483596, 'max_depth': 12, 'l2_leaf_reg': 1.342957994222423}. Best is trial 11 with value: 45674780.884873286.
[I 2024-12-16 08:41:18,488] Trial 51 finished with value: 56446264.66238351 and parameters: {'learning_rate': 0.09862861976090251, 'max_depth': 6, 'l2_leaf_reg': 0.5111613405801982}. Best is trial 11 with value: 45674780.884873286.
[I 2024-12-16 08:42:09,358] Trial 52 finished with value: 53925236.55291279 and parameters: {'learning_rate': 0.062386770918983876, 'max_depth': 11, 'l2_leaf_reg': 4.034053523039706}. Best is trial 11 with value: 45674780.884873286.
[I 2024-12-16 08:44:12,518] Trial 53 finished with value: 64005691.97726829 and parameters: {'learning_rate': 0.03048516803597009, 'max_depth': 11, 'l2_leaf_reg': 8.653161126859255}. Best is trial 11 with value: 45674780.884873286.
[I 2024-12-16 08:45:27,096] Trial 54 finished with value: 48485381.10763956 and parameters: {'learning_rate': 0.03600592166369444, 'max_depth': 10, 'l2_leaf_reg': 6.8113092394079136}. Best is trial 11 with value: 45674780.884873286.
[I 2024-12-16 08:46:21,637] Trial 55 finished with value: 96263876.090751 and parameters: {'learning_rate': 0.021059893507264595, 'max_depth': 9, 'l2_leaf_reg': 16.383472312885097}. Best is trial 11 with value: 45674780.884873286.
[I 2024-12-16 08:48:33,729] Trial 56 finished with value: 47289231.578103885 and parameters: {'learning_rate': 0.05648815031427076, 'max_depth': 12, 'l2_leaf_reg': 5.653402837664315}. Best is trial 11 with value: 45674780.884873286.
[I 2024-12-16 08:50:41,506] Trial 57 finished with value: 49190061.90549256 and parameters: {'learning_rate': 0.055197367345886504, 'max_depth': 12, 'l2_leaf_reg': 4.755391731161327}. Best is trial 11 with value: 45674780.884873286.
[I 2024-12-16 08:51:50,677] Trial 58 finished with value: 68586423.0662243 and parameters: {'learning_rate': 0.07918153253999992, 'max_depth': 10, 'l2_leaf_reg': 10.271976965479789}. Best is trial 11 with value: 45674780.884873286.
[I 2024-12-16 08:53:58,653] Trial 59 finished with value: 51131652.21848796 and parameters: {'learning_rate': 0.10151672753819779, 'max_depth': 12, 'l2_leaf_reg': 8.540769964696457}. Best is trial 11 with value: 45674780.884873286.
[I 2024-12-16 08:54:08,087] Trial 60 finished with value: 59743998.0385612 and parameters: {'learning_rate': 0.0639570449232355, 'max_depth': 5, 'l2_leaf_reg': 5.2154061715277935}. Best is trial 11 with value: 45674780.884873286.
[I 2024-12-16 08:54:40,668] Trial 61 finished with value: 56766401.783183515 and parameters: {'learning_rate': 0.04383182777050541, 'max_depth': 9, 'l2_leaf_reg': 2.0688889589793398}. Best is trial 11 with value: 45674780.884873286.
[I 2024-12-16 08:56:29,267] Trial 62 finished with value: 46163720.47141996 and parameters: {'learning_rate': 0.03837711361273725, 'max_depth': 11, 'l2_leaf_reg': 5.990899362880502}. Best is trial 11 with value: 45674780.884873286.
[I 2024-12-16 08:58:22,881] Trial 63 finished with value: 51447063.58459996 and parameters: {'learning_rate': 0.02755381245069138, 'max_depth': 11, 'l2_leaf_reg': 6.607893633258564}. Best is trial 11 with value: 45674780.884873286.
[I 2024-12-16 08:59:31,736] Trial 64 finished with value: 50792677.48702619 and parameters: {'learning_rate': 0.048691224056047956, 'max_depth': 10, 'l2_leaf_reg': 7.864175324000606}. Best is trial 11 with value: 45674780.884873286.
[I 2024-12-16 09:00:26,741] Trial 65 finished with value: 52760118.29057808 and parameters: {'learning_rate': 0.12684005880680788, 'max_depth': 12, 'l2_leaf_reg': 3.7219028646987513}. Best is trial 11 with value: 45674780.884873286.
[I 2024-12-16 09:00:46,429] Trial 66 finished with value: 67184407.75161558 and parameters: {'learning_rate': 0.09087210725967156, 'max_depth': 8, 'l2_leaf_reg': 9.774639754776896}. Best is trial 11 with value: 45674780.884873286.
[I 2024-12-16 09:02:26,874] Trial 67 finished with value: 54526970.29168002 and parameters: {'learning_rate': 0.02341858397348914, 'max_depth': 11, 'l2_leaf_reg': 3.2628990768316726}. Best is trial 11 with value: 45674780.884873286.
[I 2024-12-16 09:02:36,265] Trial 68 finished with value: 69705180.61888316 and parameters: {'learning_rate': 0.07109965042829208, 'max_depth': 4, 'l2_leaf_reg': 11.436109650190533}. Best is trial 11 with value: 45674780.884873286.
[I 2024-12-16 09:03:52,346] Trial 69 finished with value: 54099598.75417845 and parameters: {'learning_rate': 0.054926074430379744, 'max_depth': 11, 'l2_leaf_reg': 4.266576260489214}. Best is trial 11 with value: 45674780.884873286.
[I 2024-12-16 09:05:07,962] Trial 70 finished with value: 47234675.13480961 and parameters: {'learning_rate': 0.03423384925265166, 'max_depth': 10, 'l2_leaf_reg': 6.244730127029517}. Best is trial 11 with value: 45674780.884873286.
[I 2024-12-16 09:05:43,865] Trial 71 finished with value: 61831210.61608851 and parameters: {'learning_rate': 0.033571071237059734, 'max_depth': 9, 'l2_leaf_reg': 5.356997147326945}. Best is trial 11 with value: 45674780.884873286.
[I 2024-12-16 09:08:49,628] Trial 72 finished with value: 46767616.433395736 and parameters: {'learning_rate': 0.03873499197227025, 'max_depth': 12, 'l2_leaf_reg': 6.225799760249465}. Best is trial 11 with value: 45674780.884873286.
[I 2024-12-16 09:10:04,062] Trial 73 finished with value: 46064504.71524186 and parameters: {'learning_rate': 0.038021002511020315, 'max_depth': 10, 'l2_leaf_reg': 6.125970046942083}. Best is trial 11 with value: 45674780.884873286.
[I 2024-12-16 09:13:33,374] Trial 74 finished with value: 56731844.264527515 and parameters: {'learning_rate': 0.03970524327943611, 'max_depth': 12, 'l2_leaf_reg': 7.16201947357779}. Best is trial 11 with value: 45674780.884873286.
[I 2024-12-16 09:15:32,091] Trial 75 finished with value: 48409121.53885758 and parameters: {'learning_rate': 0.026301374336543528, 'max_depth': 11, 'l2_leaf_reg': 6.074842953306558}. Best is trial 11 with value: 45674780.884873286.
[I 2024-12-16 09:16:27,305] Trial 76 finished with value: 48462641.189895175 and parameters: {'learning_rate': 0.045345442212251445, 'max_depth': 10, 'l2_leaf_reg': 5.043092321827826}. Best is trial 11 with value: 45674780.884873286.
[I 2024-12-16 09:16:35,927] Trial 77 finished with value: 168314627.10275853 and parameters: {'learning_rate': 0.03193816349654147, 'max_depth': 2, 'l2_leaf_reg': 7.7699544908717675}. Best is trial 11 with value: 45674780.884873286.
[I 2024-12-16 09:19:19,867] Trial 78 finished with value: 45360854.852093175 and parameters: {'learning_rate': 0.03988598477052107, 'max_depth': 12, 'l2_leaf_reg': 4.4725056423254985}. Best is trial 78 with value: 45360854.852093175.
[I 2024-12-16 09:20:55,435] Trial 79 finished with value: 46025882.924199775 and parameters: {'learning_rate': 0.03710679211936489, 'max_depth': 11, 'l2_leaf_reg': 4.345757040610019}. Best is trial 78 with value: 45360854.852093175.
[I 2024-12-16 09:21:56,455] Trial 80 finished with value: 52325653.314597115 and parameters: {'learning_rate': 0.03788827840680884, 'max_depth': 11, 'l2_leaf_reg': 2.817943263692566}. Best is trial 78 with value: 45360854.852093175.
[I 2024-12-16 09:24:20,612] Trial 81 finished with value: 50521908.754886046 and parameters: {'learning_rate': 0.029953127158439494, 'max_depth': 12, 'l2_leaf_reg': 4.127591849034393}. Best is trial 78 with value: 45360854.852093175.
[I 2024-12-16 09:25:01,200] Trial 82 finished with value: 52346676.005528025 and parameters: {'learning_rate': 0.04207069260385877, 'max_depth': 10, 'l2_leaf_reg': 3.4178884674916628}. Best is trial 78 with value: 45360854.852093175.
[I 2024-12-16 09:27:02,208] Trial 83 finished with value: 45693808.14065623 and parameters: {'learning_rate': 0.03468538083431217, 'max_depth': 11, 'l2_leaf_reg': 6.386113538141308}. Best is trial 78 with value: 45360854.852093175.
[I 2024-12-16 09:28:44,849] Trial 84 finished with value: 52257616.57092504 and parameters: {'learning_rate': 0.023825341273768307, 'max_depth': 11, 'l2_leaf_reg': 4.442720501459434}. Best is trial 78 with value: 45360854.852093175.
[I 2024-12-16 09:29:14,332] Trial 85 finished with value: 52670537.53261159 and parameters: {'learning_rate': 0.018338496692804514, 'max_depth': 9, 'l2_leaf_reg': 1.050698955201606}. Best is trial 78 with value: 45360854.852093175.
[I 2024-12-16 09:33:05,751] Trial 86 finished with value: 49869510.14724377 and parameters: {'learning_rate': 0.03777337616477967, 'max_depth': 12, 'l2_leaf_reg': 8.2821102257917}. Best is trial 78 with value: 45360854.852093175.
[I 2024-12-16 09:34:52,584] Trial 87 finished with value: 47211146.14879138 and parameters: {'learning_rate': 0.027646049673521158, 'max_depth': 11, 'l2_leaf_reg': 4.809236289639993}. Best is trial 78 with value: 45360854.852093175.
[I 2024-12-16 09:35:59,805] Trial 88 finished with value: 46470027.46142326 and parameters: {'learning_rate': 0.04877105212469847, 'max_depth': 10, 'l2_leaf_reg': 6.7045735525229855}. Best is trial 78 with value: 45360854.852093175.
[I 2024-12-16 09:36:40,663] Trial 89 finished with value: 48051565.70333758 and parameters: {'learning_rate': 0.05078252242017916, 'max_depth': 9, 'l2_leaf_reg': 7.287759354842493}. Best is trial 78 with value: 45360854.852093175.
[I 2024-12-16 09:36:48,720] Trial 90 finished with value: 113582371.77619088 and parameters: {'learning_rate': 0.048041457638184466, 'max_depth': 3, 'l2_leaf_reg': 9.295461254310638}. Best is trial 78 with value: 45360854.852093175.
[I 2024-12-16 09:37:20,747] Trial 91 finished with value: 52568595.981767796 and parameters: {'learning_rate': 0.03225838501026229, 'max_depth': 8, 'l2_leaf_reg': 6.761808294622862}. Best is trial 78 with value: 45360854.852093175.
[I 2024-12-16 09:39:58,663] Trial 92 finished with value: 49066724.05698764 and parameters: {'learning_rate': 0.04055248180299598, 'max_depth': 12, 'l2_leaf_reg': 5.856776537210915}. Best is trial 78 with value: 45360854.852093175.
[I 2024-12-16 09:41:20,749] Trial 93 finished with value: 51170621.96382467 and parameters: {'learning_rate': 0.03549323612008313, 'max_depth': 11, 'l2_leaf_reg': 3.8327940600027812}. Best is trial 78 with value: 45360854.852093175.
[I 2024-12-16 09:42:33,661] Trial 94 finished with value: 46308208.60850658 and parameters: {'learning_rate': 0.043556491106696266, 'max_depth': 10, 'l2_leaf_reg': 6.584496150777697}. Best is trial 78 with value: 45360854.852093175.
[I 2024-12-16 09:43:33,770] Trial 95 finished with value: 57804121.49096229 and parameters: {'learning_rate': 0.04453008672101307, 'max_depth': 10, 'l2_leaf_reg': 5.2819559480774405}. Best is trial 78 with value: 45360854.852093175.
[I 2024-12-16 09:44:50,981] Trial 96 finished with value: 48207201.33488874 and parameters: {'learning_rate': 0.02960554248531391, 'max_depth': 10, 'l2_leaf_reg': 7.46085884770684}. Best is trial 78 with value: 45360854.852093175.
[I 2024-12-16 09:45:00,215] Trial 97 finished with value: 85493085.54236905 and parameters: {'learning_rate': 0.052307716886257946, 'max_depth': 4, 'l2_leaf_reg': 12.18177303638122}. Best is trial 78 with value: 45360854.852093175.
[I 2024-12-16 09:45:22,619] Trial 98 finished with value: 68474880.88872866 and parameters: {'learning_rate': 0.06123475048064455, 'max_depth': 9, 'l2_leaf_reg': 4.537181066070274}. Best is trial 78 with value: 45360854.852093175.
[I 2024-12-16 09:46:40,055] Trial 99 finished with value: 61997360.02575352 and parameters: {'learning_rate': 0.03623312146361807, 'max_depth': 10, 'l2_leaf_reg': 8.741455161445284}. Best is trial 78 with value: 45360854.852093175.
[I 2024-12-16 09:48:57,146] Trial 100 finished with value: 50078425.64432503 and parameters: {'learning_rate': 0.04198515736672328, 'max_depth': 11, 'l2_leaf_reg': 10.074636715951344}. Best is trial 78 with value: 45360854.852093175.
/home/mburu/.local/lib/python3.8/site-packages/sklearn/preprocessing/_encoders.py:975: FutureWarning: `sparse` was renamed to `sparse_output` in version 1.2 and will be removed in 1.4. `sparse_output` is ignored unless you leave `sparse` to its default value.
  warnings.warn(
[I 2024-12-16 09:51:48,910] Using an existing study with name 'CatBoost_Abalone' instead of creating a new one.
[I 2024-12-16 09:52:02,481] Trial 1 finished with value: 4.616329655875063 and parameters: {'learning_rate': 0.02264552172830661, 'max_depth': 5, 'l2_leaf_reg': 0.8300378836694563}. Best is trial 1 with value: 4.616329655875063.
[I 2024-12-16 09:52:11,819] Trial 2 finished with value: 4.7184004665559955 and parameters: {'learning_rate': 0.05571900726904702, 'max_depth': 2, 'l2_leaf_reg': 11.514332649600325}. Best is trial 1 with value: 4.616329655875063.
[I 2024-12-16 09:52:32,511] Trial 3 finished with value: 4.551541712401734 and parameters: {'learning_rate': 0.021370693276812413, 'max_depth': 6, 'l2_leaf_reg': 4.850238868914779}. Best is trial 3 with value: 4.551541712401734.
[I 2024-12-16 09:52:39,257] Trial 4 finished with value: 4.563713659143514 and parameters: {'learning_rate': 0.11427619446257943, 'max_depth': 7, 'l2_leaf_reg': 1.1881959855074604}. Best is trial 3 with value: 4.551541712401734.
[I 2024-12-16 09:52:44,595] Trial 5 finished with value: 4.608011753604498 and parameters: {'learning_rate': 0.09938249892320646, 'max_depth': 5, 'l2_leaf_reg': 0.6116461598722063}. Best is trial 3 with value: 4.551541712401734.
[I 2024-12-16 09:53:14,497] Trial 6 finished with value: 4.543521679998976 and parameters: {'learning_rate': 0.030080265270676428, 'max_depth': 8, 'l2_leaf_reg': 6.296859153434793}. Best is trial 6 with value: 4.543521679998976.
[I 2024-12-16 09:53:27,644] Trial 7 finished with value: 4.602587127012739 and parameters: {'learning_rate': 0.026434378071905438, 'max_depth': 4, 'l2_leaf_reg': 0.682284714512801}. Best is trial 6 with value: 4.543521679998976.
[I 2024-12-16 09:54:09,183] Trial 8 finished with value: 4.5320671742749905 and parameters: {'learning_rate': 0.041922102904697424, 'max_depth': 10, 'l2_leaf_reg': 0.7311267322408888}. Best is trial 8 with value: 4.5320671742749905.
[I 2024-12-16 09:54:15,313] Trial 9 finished with value: 4.721018616285515 and parameters: {'learning_rate': 0.10304965304455835, 'max_depth': 2, 'l2_leaf_reg': 19.6777491726808}. Best is trial 8 with value: 4.5320671742749905.
[I 2024-12-16 09:54:29,316] Trial 10 finished with value: 4.581050168096153 and parameters: {'learning_rate': 0.2796577208954205, 'max_depth': 10, 'l2_leaf_reg': 10.264667524232186}. Best is trial 8 with value: 4.5320671742749905.
[I 2024-12-16 10:00:39,556] Trial 11 finished with value: 4.51307581794265 and parameters: {'learning_rate': 0.010442173073700748, 'max_depth': 12, 'l2_leaf_reg': 1.9669302784256304}. Best is trial 11 with value: 4.51307581794265.
[I 2024-12-16 10:06:05,088] Trial 12 finished with value: 4.534614969804209 and parameters: {'learning_rate': 0.010524946216210689, 'max_depth': 12, 'l2_leaf_reg': 1.872758083097289}. Best is trial 11 with value: 4.51307581794265.
[I 2024-12-16 10:10:56,175] Trial 13 finished with value: 4.516946786381427 and parameters: {'learning_rate': 0.012523495878773624, 'max_depth': 12, 'l2_leaf_reg': 2.2321024451542524}. Best is trial 11 with value: 4.51307581794265.
[I 2024-12-16 10:11:13,577] Trial 14 finished with value: 4.7428645965222955 and parameters: {'learning_rate': 0.011421020342712605, 'max_depth': 3, 'l2_leaf_reg': 2.516289121343389}. Best is trial 11 with value: 4.51307581794265.
[I 2024-12-16 10:13:52,144] Trial 15 finished with value: 4.522748333933821 and parameters: {'learning_rate': 0.015034250479112657, 'max_depth': 11, 'l2_leaf_reg': 2.4018652817178934}. Best is trial 11 with value: 4.51307581794265.
[I 2024-12-16 10:14:26,565] Trial 16 finished with value: 4.546507845932051 and parameters: {'learning_rate': 0.017284456798843117, 'max_depth': 8, 'l2_leaf_reg': 1.3145652119198237}. Best is trial 11 with value: 4.51307581794265.
[I 2024-12-16 10:14:43,797] Trial 17 finished with value: 4.763179634211579 and parameters: {'learning_rate': 0.010375775529745335, 'max_depth': 3, 'l2_leaf_reg': 3.1276448418073435}. Best is trial 11 with value: 4.51307581794265.
[I 2024-12-16 10:15:06,365] Trial 18 finished with value: 4.525925698143077 and parameters: {'learning_rate': 0.045071781150625455, 'max_depth': 9, 'l2_leaf_reg': 1.4484093044132742}. Best is trial 11 with value: 4.51307581794265.
[I 2024-12-16 10:19:54,301] Trial 19 finished with value: 4.528835090084589 and parameters: {'learning_rate': 0.01504085225799353, 'max_depth': 12, 'l2_leaf_reg': 4.306930192240842}. Best is trial 11 with value: 4.51307581794265.
[I 2024-12-16 10:20:05,084] Trial 20 finished with value: 4.545785498277572 and parameters: {'learning_rate': 0.06758345383001736, 'max_depth': 7, 'l2_leaf_reg': 6.815784846600436}. Best is trial 11 with value: 4.51307581794265.
[I 2024-12-16 10:20:17,539] Trial 21 finished with value: 4.602897823681255 and parameters: {'learning_rate': 0.03280347547638574, 'max_depth': 4, 'l2_leaf_reg': 1.7265729815710709}. Best is trial 11 with value: 4.51307581794265.
[I 2024-12-16 10:25:21,576] Trial 22 finished with value: 4.520466992657989 and parameters: {'learning_rate': 0.015375342760408197, 'max_depth': 12, 'l2_leaf_reg': 2.5398667859750925}. Best is trial 11 with value: 4.51307581794265.
[I 2024-12-16 10:30:14,374] Trial 23 finished with value: 4.515298969995987 and parameters: {'learning_rate': 0.01494856400701131, 'max_depth': 12, 'l2_leaf_reg': 3.201029403881369}. Best is trial 11 with value: 4.51307581794265.
[I 2024-12-16 10:31:25,645] Trial 24 finished with value: 4.543050971292571 and parameters: {'learning_rate': 0.012632387412852582, 'max_depth': 9, 'l2_leaf_reg': 3.4960445901002735}. Best is trial 11 with value: 4.51307581794265.
[I 2024-12-16 10:32:42,235] Trial 25 finished with value: 4.543104796019546 and parameters: {'learning_rate': 0.01957676982849208, 'max_depth': 10, 'l2_leaf_reg': 1.0947565702846447}. Best is trial 11 with value: 4.51307581794265.
[I 2024-12-16 10:32:46,982] Trial 26 finished with value: 4.585397908672649 and parameters: {'learning_rate': 0.25084196701389966, 'max_depth': 7, 'l2_leaf_reg': 2.0366797934006806}. Best is trial 11 with value: 4.51307581794265.
[I 2024-12-16 10:34:10,238] Trial 27 finished with value: 4.5278014290803075 and parameters: {'learning_rate': 0.013233628483333043, 'max_depth': 9, 'l2_leaf_reg': 6.534194174311102}. Best is trial 11 with value: 4.51307581794265.
[I 2024-12-16 10:34:31,766] Trial 28 finished with value: 4.560288682186195 and parameters: {'learning_rate': 0.01824067729536238, 'max_depth': 6, 'l2_leaf_reg': 3.1176020483270674}. Best is trial 11 with value: 4.51307581794265.
[I 2024-12-16 10:34:43,549] Trial 29 finished with value: 4.674758490951578 and parameters: {'learning_rate': 0.02427887334340845, 'max_depth': 3, 'l2_leaf_reg': 1.0279530199807705}. Best is trial 11 with value: 4.51307581794265.
[I 2024-12-16 10:34:47,726] Trial 30 finished with value: 4.620727129064777 and parameters: {'learning_rate': 0.19378370119859176, 'max_depth': 5, 'l2_leaf_reg': 0.9201947988913053}. Best is trial 11 with value: 4.51307581794265.
[I 2024-12-16 10:35:50,666] Trial 31 finished with value: 4.555341553377454 and parameters: {'learning_rate': 0.03248465283083288, 'max_depth': 11, 'l2_leaf_reg': 0.504995239975301}. Best is trial 11 with value: 4.51307581794265.
[I 2024-12-16 10:40:26,291] Trial 32 finished with value: 4.520550667815581 and parameters: {'learning_rate': 0.015126029288274738, 'max_depth': 12, 'l2_leaf_reg': 2.4944692386960234}. Best is trial 11 with value: 4.51307581794265.
[I 2024-12-16 10:46:54,612] Trial 33 finished with value: 4.538994696248521 and parameters: {'learning_rate': 0.010059452399613185, 'max_depth': 12, 'l2_leaf_reg': 5.0364340999136905}. Best is trial 11 with value: 4.51307581794265.
[I 2024-12-16 10:47:26,550] Trial 34 finished with value: 4.549039744409958 and parameters: {'learning_rate': 0.02150470104501855, 'max_depth': 8, 'l2_leaf_reg': 1.8347769670749934}. Best is trial 11 with value: 4.51307581794265.
[I 2024-12-16 10:49:19,132] Trial 35 finished with value: 4.534174061250291 and parameters: {'learning_rate': 0.013317032914867672, 'max_depth': 10, 'l2_leaf_reg': 3.5803134648608532}. Best is trial 11 with value: 4.51307581794265.
[I 2024-12-16 10:51:35,191] Trial 36 finished with value: 4.521686860148673 and parameters: {'learning_rate': 0.017757907017696434, 'max_depth': 11, 'l2_leaf_reg': 1.4996135830133117}. Best is trial 11 with value: 4.51307581794265.
[I 2024-12-16 10:51:56,909] Trial 37 finished with value: 4.538936937821125 and parameters: {'learning_rate': 0.07102235799939802, 'max_depth': 9, 'l2_leaf_reg': 2.7173903351725452}. Best is trial 11 with value: 4.51307581794265.
[I 2024-12-16 10:52:13,433] Trial 38 finished with value: 4.559742588903492 and parameters: {'learning_rate': 0.025777537580843037, 'max_depth': 6, 'l2_leaf_reg': 5.175210957537233}. Best is trial 11 with value: 4.51307581794265.
[I 2024-12-16 10:52:51,359] Trial 39 finished with value: 4.566848089826218 and parameters: {'learning_rate': 0.012470636850612804, 'max_depth': 7, 'l2_leaf_reg': 9.730072136925212}. Best is trial 11 with value: 4.51307581794265.
[I 2024-12-16 10:53:34,607] Trial 40 finished with value: 4.542097031386623 and parameters: {'learning_rate': 0.015569141335332758, 'max_depth': 8, 'l2_leaf_reg': 3.9305238467667585}. Best is trial 11 with value: 4.51307581794265.
[I 2024-12-16 10:55:15,781] Trial 41 finished with value: 4.540002148839955 and parameters: {'learning_rate': 0.021898145389934308, 'max_depth': 11, 'l2_leaf_reg': 2.296951703231339}. Best is trial 11 with value: 4.51307581794265.
[I 2024-12-16 10:59:36,311] Trial 42 finished with value: 4.524626794708169 and parameters: {'learning_rate': 0.014999198518728333, 'max_depth': 12, 'l2_leaf_reg': 2.6548589098571873}. Best is trial 11 with value: 4.51307581794265.
[I 2024-12-16 11:02:00,274] Trial 43 finished with value: 4.572730867489345 and parameters: {'learning_rate': 0.012238046159034949, 'max_depth': 10, 'l2_leaf_reg': 24.090093302128057}. Best is trial 11 with value: 4.51307581794265.
[I 2024-12-16 11:05:38,815] Trial 44 finished with value: 4.524241462903168 and parameters: {'learning_rate': 0.016850334045478445, 'max_depth': 12, 'l2_leaf_reg': 1.6177998739259725}. Best is trial 11 with value: 4.51307581794265.
[I 2024-12-16 11:07:42,597] Trial 45 finished with value: 4.526236660316305 and parameters: {'learning_rate': 0.01986115355750435, 'max_depth': 11, 'l2_leaf_reg': 2.114366019030626}. Best is trial 11 with value: 4.51307581794265.
[I 2024-12-16 11:07:53,720] Trial 46 finished with value: 4.562174689856624 and parameters: {'learning_rate': 0.137836281846311, 'max_depth': 9, 'l2_leaf_reg': 2.9358391525101757}. Best is trial 11 with value: 4.51307581794265.
[I 2024-12-16 11:09:34,532] Trial 47 finished with value: 4.537812861762857 and parameters: {'learning_rate': 0.011756756659335486, 'max_depth': 10, 'l2_leaf_reg': 1.307268584016632}. Best is trial 11 with value: 4.51307581794265.
[I 2024-12-16 11:09:48,019] Trial 48 finished with value: 4.733093268381287 and parameters: {'learning_rate': 0.028508877852644908, 'max_depth': 2, 'l2_leaf_reg': 7.993920164589375}. Best is trial 11 with value: 4.51307581794265.
[I 2024-12-16 11:10:51,672] Trial 49 finished with value: 4.548165704381679 and parameters: {'learning_rate': 0.038818645223348686, 'max_depth': 11, 'l2_leaf_reg': 4.22623129994205}. Best is trial 11 with value: 4.51307581794265.
[I 2024-12-16 11:11:34,948] Trial 50 finished with value: 4.54087732554696 and parameters: {'learning_rate': 0.014244266663298583, 'max_depth': 8, 'l2_leaf_reg': 2.24012063045635}. Best is trial 11 with value: 4.51307581794265.
[I 2024-12-16 11:17:30,591] Trial 51 finished with value: 4.543320582672613 and parameters: {'learning_rate': 0.010168151686555037, 'max_depth': 12, 'l2_leaf_reg': 5.642062855908173}. Best is trial 11 with value: 4.51307581794265.
[I 2024-12-16 11:19:50,906] Trial 52 finished with value: 4.516717920738801 and parameters: {'learning_rate': 0.016768319700929533, 'max_depth': 11, 'l2_leaf_reg': 1.5377888216843116}. Best is trial 11 with value: 4.51307581794265.
[I 2024-12-16 11:21:20,724] Trial 53 finished with value: 4.5336071098797195 and parameters: {'learning_rate': 0.015610969806452327, 'max_depth': 10, 'l2_leaf_reg': 1.8383207255771428}. Best is trial 11 with value: 4.51307581794265.
[I 2024-12-16 11:24:13,157] Trial 54 finished with value: 4.542854805615908 and parameters: {'learning_rate': 0.011138399326342321, 'max_depth': 11, 'l2_leaf_reg': 0.7967807467456115}. Best is trial 11 with value: 4.51307581794265.
[I 2024-12-16 11:28:03,958] Trial 55 finished with value: 4.521672627914842 and parameters: {'learning_rate': 0.017023781765500477, 'max_depth': 12, 'l2_leaf_reg': 1.3042203346958188}. Best is trial 11 with value: 4.51307581794265.
[I 2024-12-16 11:29:12,541] Trial 56 finished with value: 4.543874236265531 and parameters: {'learning_rate': 0.013602070330993529, 'max_depth': 9, 'l2_leaf_reg': 3.321272630369011}. Best is trial 11 with value: 4.51307581794265.
[I 2024-12-16 11:29:28,477] Trial 57 finished with value: 4.62397081749568 and parameters: {'learning_rate': 0.018821599204888368, 'max_depth': 4, 'l2_leaf_reg': 2.6766545848536243}. Best is trial 11 with value: 4.51307581794265.
[I 2024-12-16 11:30:55,981] Trial 58 finished with value: 4.552888525586916 and parameters: {'learning_rate': 0.023376022761410747, 'max_depth': 10, 'l2_leaf_reg': 15.895493741384637}. Best is trial 11 with value: 4.51307581794265.
[I 2024-12-16 11:34:08,233] Trial 59 finished with value: 4.532168822730319 and parameters: {'learning_rate': 0.011514201669746057, 'max_depth': 11, 'l2_leaf_reg': 2.0528540092523584}. Best is trial 11 with value: 4.51307581794265.
[I 2024-12-16 11:35:28,898] Trial 60 finished with value: 4.565329256018773 and parameters: {'learning_rate': 0.055477445060370854, 'max_depth': 12, 'l2_leaf_reg': 1.5056401284617327}. Best is trial 11 with value: 4.51307581794265.
[I 2024-12-16 11:36:36,797] Trial 61 finished with value: 4.5431298501215185 and parameters: {'learning_rate': 0.020411117336539802, 'max_depth': 10, 'l2_leaf_reg': 1.1108330727579505}. Best is trial 11 with value: 4.51307581794265.
[I 2024-12-16 11:40:27,279] Trial 62 finished with value: 4.523384526427261 and parameters: {'learning_rate': 0.016215603419203643, 'max_depth': 12, 'l2_leaf_reg': 1.2604526461671082}. Best is trial 11 with value: 4.51307581794265.
[I 2024-12-16 11:42:57,665] Trial 63 finished with value: 4.528392024799277 and parameters: {'learning_rate': 0.014398255003431573, 'max_depth': 11, 'l2_leaf_reg': 1.6601392876749637}. Best is trial 11 with value: 4.51307581794265.
[I 2024-12-16 11:46:39,780] Trial 64 finished with value: 4.517896878677073 and parameters: {'learning_rate': 0.018248574095309167, 'max_depth': 12, 'l2_leaf_reg': 2.392062248153502}. Best is trial 11 with value: 4.51307581794265.
[I 2024-12-16 11:47:51,124] Trial 65 finished with value: 4.530556899474611 and parameters: {'learning_rate': 0.013287944874503086, 'max_depth': 9, 'l2_leaf_reg': 2.346180773077483}. Best is trial 11 with value: 4.51307581794265.
[I 2024-12-16 11:51:05,103] Trial 66 finished with value: 4.531301896996014 and parameters: {'learning_rate': 0.011176942880013108, 'max_depth': 11, 'l2_leaf_reg': 3.115606081217466}. Best is trial 11 with value: 4.51307581794265.
[I 2024-12-16 11:51:21,205] Trial 67 finished with value: 4.603957824165276 and parameters: {'learning_rate': 0.018208463038814227, 'max_depth': 5, 'l2_leaf_reg': 4.5850196097191}. Best is trial 11 with value: 4.51307581794265.
[I 2024-12-16 11:53:28,457] Trial 68 finished with value: 4.550381812543587 and parameters: {'learning_rate': 0.010053848079558576, 'max_depth': 10, 'l2_leaf_reg': 3.685207750804264}. Best is trial 11 with value: 4.51307581794265.
[I 2024-12-16 11:56:15,458] Trial 69 finished with value: 4.531985690172283 and parameters: {'learning_rate': 0.024930892245828867, 'max_depth': 12, 'l2_leaf_reg': 1.9071484744467078}. Best is trial 11 with value: 4.51307581794265.
[I 2024-12-16 11:57:49,968] Trial 70 finished with value: 4.528283763542818 and parameters: {'learning_rate': 0.02785634226076666, 'max_depth': 11, 'l2_leaf_reg': 2.445244057211688}. Best is trial 11 with value: 4.51307581794265.
[I 2024-12-16 12:02:32,632] Trial 71 finished with value: 4.5284569489349185 and parameters: {'learning_rate': 0.01246598633318417, 'max_depth': 12, 'l2_leaf_reg': 0.9745632291614239}. Best is trial 11 with value: 4.51307581794265.
[I 2024-12-16 12:06:29,964] Trial 72 finished with value: 4.531785042981655 and parameters: {'learning_rate': 0.015910164120389154, 'max_depth': 12, 'l2_leaf_reg': 1.3626890763526103}. Best is trial 11 with value: 4.51307581794265.
[I 2024-12-16 12:10:49,318] Trial 73 finished with value: 4.5116538116899445 and parameters: {'learning_rate': 0.017149773323617206, 'max_depth': 12, 'l2_leaf_reg': 1.9991594565487125}. Best is trial 73 with value: 4.5116538116899445.
[I 2024-12-16 12:12:44,868] Trial 74 finished with value: 4.5310170586748075 and parameters: {'learning_rate': 0.021077153029438352, 'max_depth': 11, 'l2_leaf_reg': 2.8768893386537076}. Best is trial 73 with value: 4.5116538116899445.
[I 2024-12-16 12:14:03,074] Trial 75 finished with value: 4.562827571523253 and parameters: {'learning_rate': 0.014067313168513382, 'max_depth': 10, 'l2_leaf_reg': 2.0981510196767803}. Best is trial 73 with value: 4.5116538116899445.
[I 2024-12-16 12:14:47,479] Trial 76 finished with value: 4.549166531785787 and parameters: {'learning_rate': 0.01842952492076981, 'max_depth': 9, 'l2_leaf_reg': 1.697066558471687}. Best is trial 73 with value: 4.5116538116899445.
[I 2024-12-16 12:16:14,548] Trial 77 finished with value: 4.548069003414621 and parameters: {'learning_rate': 0.02321100555812382, 'max_depth': 11, 'l2_leaf_reg': 2.4555154660935528}. Best is trial 73 with value: 4.5116538116899445.
[I 2024-12-16 12:17:37,025] Trial 78 finished with value: 4.520520755696559 and parameters: {'learning_rate': 0.06697202450421279, 'max_depth': 12, 'l2_leaf_reg': 1.542227406691679}. Best is trial 73 with value: 4.5116538116899445.
[I 2024-12-16 12:17:58,609] Trial 79 finished with value: 4.563560774502771 and parameters: {'learning_rate': 0.07916980289395542, 'max_depth': 10, 'l2_leaf_reg': 1.9223057933691379}. Best is trial 73 with value: 4.5116538116899445.
[I 2024-12-16 12:18:46,241] Trial 80 finished with value: 4.562893528083941 and parameters: {'learning_rate': 0.06450079498766417, 'max_depth': 11, 'l2_leaf_reg': 1.4984221414195342}. Best is trial 73 with value: 4.5116538116899445.
[I 2024-12-16 12:20:35,143] Trial 81 finished with value: 4.531027715923123 and parameters: {'learning_rate': 0.041509145658724794, 'max_depth': 12, 'l2_leaf_reg': 1.112544343644183}. Best is trial 73 with value: 4.5116538116899445.
[I 2024-12-16 12:21:46,554] Trial 82 finished with value: 4.527258069122579 and parameters: {'learning_rate': 0.08818686158750283, 'max_depth': 12, 'l2_leaf_reg': 2.867360629215325}. Best is trial 73 with value: 4.5116538116899445.
[I 2024-12-16 12:26:55,825] Trial 83 finished with value: 4.529159673590036 and parameters: {'learning_rate': 0.012504264250685189, 'max_depth': 12, 'l2_leaf_reg': 3.3007882752353996}. Best is trial 73 with value: 4.5116538116899445.
[I 2024-12-16 12:27:56,419] Trial 84 finished with value: 4.543704268440922 and parameters: {'learning_rate': 0.049148177709513005, 'max_depth': 11, 'l2_leaf_reg': 2.1744333907355644}. Best is trial 73 with value: 4.5116538116899445.
[I 2024-12-16 12:28:25,776] Trial 85 finished with value: 4.532829353637041 and parameters: {'learning_rate': 0.06175020488513142, 'max_depth': 10, 'l2_leaf_reg': 1.754917908590105}. Best is trial 73 with value: 4.5116538116899445.
[I 2024-12-16 12:28:37,283] Trial 86 finished with value: 4.537271888499948 and parameters: {'learning_rate': 0.12478708858558425, 'max_depth': 9, 'l2_leaf_reg': 3.833551091645939}. Best is trial 73 with value: 4.5116538116899445.
[I 2024-12-16 12:33:58,212] Trial 87 finished with value: 4.533535111111089 and parameters: {'learning_rate': 0.011022934744991454, 'max_depth': 12, 'l2_leaf_reg': 2.6562827872068797}. Best is trial 73 with value: 4.5116538116899445.
[I 2024-12-16 12:36:24,861] Trial 88 finished with value: 4.530506369231391 and parameters: {'learning_rate': 0.015018629781621719, 'max_depth': 11, 'l2_leaf_reg': 1.6432274834752296}. Best is trial 73 with value: 4.5116538116899445.
[I 2024-12-16 12:40:47,066] Trial 89 finished with value: 4.509625253808076 and parameters: {'learning_rate': 0.01674153368464561, 'max_depth': 12, 'l2_leaf_reg': 1.9768866760896529}. Best is trial 89 with value: 4.509625253808076.
[I 2024-12-16 12:41:25,782] Trial 90 finished with value: 4.53125863750135 and parameters: {'learning_rate': 0.017153340780484957, 'max_depth': 8, 'l2_leaf_reg': 1.529904918049924}. Best is trial 89 with value: 4.509625253808076.
[I 2024-12-16 12:42:01,478] Trial 91 finished with value: 4.550576794974349 and parameters: {'learning_rate': 0.04991292583895896, 'max_depth': 10, 'l2_leaf_reg': 1.9308423785352389}. Best is trial 89 with value: 4.509625253808076.
[I 2024-12-16 12:46:35,880] Trial 92 finished with value: 4.514405038345881 and parameters: {'learning_rate': 0.013531345048017548, 'max_depth': 12, 'l2_leaf_reg': 2.2578525120036663}. Best is trial 89 with value: 4.509625253808076.
[I 2024-12-16 12:49:29,004] Trial 93 finished with value: 4.5180115506821705 and parameters: {'learning_rate': 0.013355129868901175, 'max_depth': 11, 'l2_leaf_reg': 2.255799578532971}. Best is trial 89 with value: 4.509625253808076.
[I 2024-12-16 12:52:12,917] Trial 94 finished with value: 4.524679002505957 and parameters: {'learning_rate': 0.01312501137599934, 'max_depth': 11, 'l2_leaf_reg': 2.2770475063494255}. Best is trial 89 with value: 4.509625253808076.
[I 2024-12-16 12:54:12,290] Trial 95 finished with value: 4.5268512206866385 and parameters: {'learning_rate': 0.01963365343341158, 'max_depth': 11, 'l2_leaf_reg': 2.579248109985938}. Best is trial 89 with value: 4.509625253808076.
[I 2024-12-16 12:59:57,398] Trial 96 finished with value: 4.515039624124079 and parameters: {'learning_rate': 0.011907058147730416, 'max_depth': 12, 'l2_leaf_reg': 2.0348513849933814}. Best is trial 89 with value: 4.509625253808076.
[I 2024-12-16 13:02:03,717] Trial 97 finished with value: 4.53673827368979 and parameters: {'learning_rate': 0.01078125449267355, 'max_depth': 10, 'l2_leaf_reg': 2.0335309578897616}. Best is trial 89 with value: 4.509625253808076.
[I 2024-12-16 13:07:37,959] Trial 98 finished with value: 4.525954744082346 and parameters: {'learning_rate': 0.011944591988492358, 'max_depth': 12, 'l2_leaf_reg': 3.045863071748196}. Best is trial 89 with value: 4.509625253808076.
[I 2024-12-16 13:10:10,652] Trial 99 finished with value: 4.527124939165818 and parameters: {'learning_rate': 0.014252708897864386, 'max_depth': 11, 'l2_leaf_reg': 2.2428645836200825}. Best is trial 89 with value: 4.509625253808076.
[I 2024-12-16 13:10:27,517] Trial 100 finished with value: 4.678303089777276 and parameters: {'learning_rate': 0.016457527641204457, 'max_depth': 3, 'l2_leaf_reg': 1.7696040375538655}. Best is trial 89 with value: 4.509625253808076.
/home/mburu/.local/lib/python3.8/site-packages/sklearn/preprocessing/_encoders.py:975: FutureWarning: `sparse` was renamed to `sparse_output` in version 1.2 and will be removed in 1.4. `sparse_output` is ignored unless you leave `sparse` to its default value.
  warnings.warn(
[I 2024-12-16 13:15:04,072] Using an existing study with name 'CatBoost_NYC Taxi' instead of creating a new one.
[I 2024-12-16 13:18:28,216] Trial 1 finished with value: 3.937171735463103 and parameters: {'learning_rate': 0.12445051542616863, 'max_depth': 3, 'l2_leaf_reg': 13.096179803095895}. Best is trial 1 with value: 3.937171735463103.
slurmstepd: error: Detected 1 oom-kill event(s) in StepId=871982.2. Some of your processes may have been killed by the cgroup out-of-memory handler.
srun: error: stud-000: task 0: Out Of Memory
/home/mburu/.local/lib/python3.8/site-packages/sklearn/preprocessing/_encoders.py:975: FutureWarning: `sparse` was renamed to `sparse_output` in version 1.2 and will be removed in 1.4. `sparse_output` is ignored unless you leave `sparse` to its default value.
  warnings.warn(
[I 2024-12-16 13:19:29,261] Using an existing study with name 'CatBoost_House Sales' instead of creating a new one.
[I 2024-12-16 13:19:52,768] Trial 1 finished with value: 20490269941.872253 and parameters: {'learning_rate': 0.02223974619647798, 'max_depth': 2, 'l2_leaf_reg': 2.672269197599898}. Best is trial 1 with value: 20490269941.872253.
[I 2024-12-16 13:20:03,851] Trial 2 finished with value: 17283177288.60393 and parameters: {'learning_rate': 0.18843636020584836, 'max_depth': 3, 'l2_leaf_reg': 13.130623958647883}. Best is trial 2 with value: 17283177288.60393.
[I 2024-12-16 13:20:22,602] Trial 3 finished with value: 17314576373.049377 and parameters: {'learning_rate': 0.04194009957399373, 'max_depth': 3, 'l2_leaf_reg': 2.6900249908827756}. Best is trial 2 with value: 17283177288.60393.
[I 2024-12-16 13:20:44,878] Trial 4 finished with value: 22011212329.021194 and parameters: {'learning_rate': 0.014406446880653576, 'max_depth': 2, 'l2_leaf_reg': 1.6670158416269352}. Best is trial 2 with value: 17283177288.60393.
[I 2024-12-16 13:21:17,392] Trial 5 finished with value: 15454461579.917948 and parameters: {'learning_rate': 0.06501985397565364, 'max_depth': 8, 'l2_leaf_reg': 2.1506290521604634}. Best is trial 5 with value: 15454461579.917948.
[I 2024-12-16 13:21:29,938] Trial 6 finished with value: 17180174744.031292 and parameters: {'learning_rate': 0.09943639688582862, 'max_depth': 3, 'l2_leaf_reg': 2.3089825601694005}. Best is trial 5 with value: 15454461579.917948.
[I 2024-12-16 13:22:03,553] Trial 7 finished with value: 15381836072.723438 and parameters: {'learning_rate': 0.13697743922453579, 'max_depth': 9, 'l2_leaf_reg': 10.456960230482357}. Best is trial 7 with value: 15381836072.723438.
[I 2024-12-16 13:22:13,848] Trial 8 finished with value: 15951283602.310589 and parameters: {'learning_rate': 0.19840271656716807, 'max_depth': 4, 'l2_leaf_reg': 8.039433965327996}. Best is trial 7 with value: 15381836072.723438.
[I 2024-12-16 13:25:57,265] Trial 9 finished with value: 15065491485.984394 and parameters: {'learning_rate': 0.021942352873476165, 'max_depth': 11, 'l2_leaf_reg': 1.6221007763035633}. Best is trial 9 with value: 15065491485.984394.
[I 2024-12-16 13:26:51,110] Trial 10 finished with value: 15092715636.212292 and parameters: {'learning_rate': 0.0438963502110823, 'max_depth': 8, 'l2_leaf_reg': 7.7986942296095485}. Best is trial 9 with value: 15065491485.984394.
[I 2024-12-16 13:33:57,607] Trial 11 finished with value: 15576594160.949865 and parameters: {'learning_rate': 0.011681338655920128, 'max_depth': 12, 'l2_leaf_reg': 0.5306820053194113}. Best is trial 9 with value: 15065491485.984394.
[I 2024-12-16 13:34:47,490] Trial 12 finished with value: 16317151875.718801 and parameters: {'learning_rate': 0.031068542437377195, 'max_depth': 7, 'l2_leaf_reg': 25.645171043587343}. Best is trial 9 with value: 15065491485.984394.
[I 2024-12-16 13:35:18,366] Trial 13 finished with value: 15786813235.178293 and parameters: {'learning_rate': 0.022647033727568593, 'max_depth': 6, 'l2_leaf_reg': 0.9086357759420286}. Best is trial 9 with value: 15065491485.984394.
[I 2024-12-16 13:39:29,490] Trial 14 finished with value: 14715628740.36794 and parameters: {'learning_rate': 0.06609238948804438, 'max_depth': 12, 'l2_leaf_reg': 6.6155398778562535}. Best is trial 14 with value: 14715628740.36794.
[I 2024-12-16 13:42:49,802] Trial 15 finished with value: 14912622334.702911 and parameters: {'learning_rate': 0.06166856449564658, 'max_depth': 12, 'l2_leaf_reg': 4.70450980302716}. Best is trial 14 with value: 14715628740.36794.
[I 2024-12-16 13:43:08,529] Trial 16 finished with value: 15501642853.455112 and parameters: {'learning_rate': 0.07904731839822925, 'max_depth': 5, 'l2_leaf_reg': 4.937050176781508}. Best is trial 14 with value: 14715628740.36794.
[I 2024-12-16 13:44:11,579] Trial 17 finished with value: 14667464695.167639 and parameters: {'learning_rate': 0.10006915108398559, 'max_depth': 10, 'l2_leaf_reg': 4.794097530688374}. Best is trial 17 with value: 14667464695.167639.
[I 2024-12-16 13:45:40,481] Trial 18 finished with value: 14719816002.129297 and parameters: {'learning_rate': 0.12000818124691935, 'max_depth': 10, 'l2_leaf_reg': 20.0296651422298}. Best is trial 17 with value: 14667464695.167639.
[I 2024-12-16 13:45:48,508] Trial 19 finished with value: 16073732842.722082 and parameters: {'learning_rate': 0.2844487797472311, 'max_depth': 6, 'l2_leaf_reg': 5.996713860487868}. Best is trial 17 with value: 14667464695.167639.
[I 2024-12-16 13:46:08,806] Trial 20 finished with value: 15919641150.00619 and parameters: {'learning_rate': 0.08202133807041122, 'max_depth': 4, 'l2_leaf_reg': 13.440318312117608}. Best is trial 17 with value: 14667464695.167639.
[I 2024-12-16 13:47:09,775] Trial 21 finished with value: 15077936412.88121 and parameters: {'learning_rate': 0.04640667808954737, 'max_depth': 9, 'l2_leaf_reg': 3.7473030422146008}. Best is trial 17 with value: 14667464695.167639.
[I 2024-12-16 13:48:41,459] Trial 22 finished with value: 15128323083.286554 and parameters: {'learning_rate': 0.12532376423784466, 'max_depth': 10, 'l2_leaf_reg': 29.99927699042423}. Best is trial 17 with value: 14667464695.167639.
[I 2024-12-16 13:49:54,665] Trial 23 finished with value: 15470317550.643377 and parameters: {'learning_rate': 0.11466371702997415, 'max_depth': 10, 'l2_leaf_reg': 19.50293160328544}. Best is trial 17 with value: 14667464695.167639.
[I 2024-12-16 13:50:16,250] Trial 24 finished with value: 15062209998.57959 and parameters: {'learning_rate': 0.1537839231690319, 'max_depth': 7, 'l2_leaf_reg': 16.171772921525978}. Best is trial 17 with value: 14667464695.167639.
[I 2024-12-16 13:53:18,431] Trial 25 finished with value: 14662553327.257385 and parameters: {'learning_rate': 0.09137572186495743, 'max_depth': 12, 'l2_leaf_reg': 7.544310939905546}. Best is trial 25 with value: 14662553327.257385.
[I 2024-12-16 13:56:59,152] Trial 26 finished with value: 15078108926.154156 and parameters: {'learning_rate': 0.08532685966737585, 'max_depth': 12, 'l2_leaf_reg': 8.405403098836079}. Best is trial 25 with value: 14662553327.257385.
[I 2024-12-16 13:57:29,034] Trial 27 finished with value: 15128657716.61312 and parameters: {'learning_rate': 0.07421912368922305, 'max_depth': 8, 'l2_leaf_reg': 4.070563408745703}. Best is trial 25 with value: 14662553327.257385.
[I 2024-12-16 13:57:58,018] Trial 28 finished with value: 15863562159.972195 and parameters: {'learning_rate': 0.0334922579981377, 'max_depth': 6, 'l2_leaf_reg': 6.14520461372309}. Best is trial 25 with value: 14662553327.257385.
[I 2024-12-16 13:58:18,832] Trial 29 finished with value: 15804490345.00027 and parameters: {'learning_rate': 0.05151067219873318, 'max_depth': 5, 'l2_leaf_reg': 3.1874940531667955}. Best is trial 25 with value: 14662553327.257385.
[I 2024-12-16 13:58:27,554] Trial 30 finished with value: 18211715630.881733 and parameters: {'learning_rate': 0.2930251794759942, 'max_depth': 2, 'l2_leaf_reg': 10.410483092748816}. Best is trial 25 with value: 14662553327.257385.
[I 2024-12-16 13:58:52,691] Trial 31 finished with value: 14998954881.368969 and parameters: {'learning_rate': 0.1762279190938903, 'max_depth': 9, 'l2_leaf_reg': 6.083737768327676}. Best is trial 25 with value: 14662553327.257385.
[I 2024-12-16 14:00:31,151] Trial 32 finished with value: 15076720147.182394 and parameters: {'learning_rate': 0.09642011188915235, 'max_depth': 10, 'l2_leaf_reg': 21.19819449932656}. Best is trial 25 with value: 14662553327.257385.
[I 2024-12-16 14:02:28,359] Trial 33 finished with value: 15095983508.05484 and parameters: {'learning_rate': 0.10341159069625423, 'max_depth': 11, 'l2_leaf_reg': 13.319788689164188}. Best is trial 25 with value: 14662553327.257385.
[I 2024-12-16 14:03:21,265] Trial 34 finished with value: 15768200049.056263 and parameters: {'learning_rate': 0.22618278342633283, 'max_depth': 11, 'l2_leaf_reg': 10.447398077982562}. Best is trial 25 with value: 14662553327.257385.
[I 2024-12-16 14:03:36,632] Trial 35 finished with value: 15043182885.760166 and parameters: {'learning_rate': 0.1534950051706952, 'max_depth': 7, 'l2_leaf_reg': 3.2810424500793944}. Best is trial 25 with value: 14662553327.257385.
[I 2024-12-16 14:04:52,710] Trial 36 finished with value: 14983176184.580648 and parameters: {'learning_rate': 0.0636275926309656, 'max_depth': 9, 'l2_leaf_reg': 16.440902507654663}. Best is trial 25 with value: 14662553327.257385.
[I 2024-12-16 14:05:27,364] Trial 37 finished with value: 14904722753.223785 and parameters: {'learning_rate': 0.11045082661371529, 'max_depth': 10, 'l2_leaf_reg': 1.7015582553441442}. Best is trial 25 with value: 14662553327.257385.
[I 2024-12-16 14:06:02,717] Trial 38 finished with value: 15282147210.65506 and parameters: {'learning_rate': 0.06006057647557793, 'max_depth': 8, 'l2_leaf_reg': 4.986474742468384}. Best is trial 25 with value: 14662553327.257385.
[I 2024-12-16 14:12:39,565] Trial 39 finished with value: 14970066599.786728 and parameters: {'learning_rate': 0.03597179583688128, 'max_depth': 12, 'l2_leaf_reg': 6.984403809631394}. Best is trial 25 with value: 14662553327.257385.
[I 2024-12-16 14:13:58,468] Trial 40 finished with value: 15194281371.137928 and parameters: {'learning_rate': 0.13726104005067802, 'max_depth': 11, 'l2_leaf_reg': 9.492435312892788}. Best is trial 25 with value: 14662553327.257385.
[I 2024-12-16 14:14:30,745] Trial 41 finished with value: 14817765265.512356 and parameters: {'learning_rate': 0.09266053914091378, 'max_depth': 9, 'l2_leaf_reg': 2.5924154149681997}. Best is trial 25 with value: 14662553327.257385.
[I 2024-12-16 14:14:58,917] Trial 42 finished with value: 15228024720.531744 and parameters: {'learning_rate': 0.09384021329939703, 'max_depth': 9, 'l2_leaf_reg': 2.1694659246730614}. Best is trial 25 with value: 14662553327.257385.
[I 2024-12-16 14:15:58,107] Trial 43 finished with value: 15112968685.97649 and parameters: {'learning_rate': 0.07236611937142827, 'max_depth': 10, 'l2_leaf_reg': 2.681493475593038}. Best is trial 25 with value: 14662553327.257385.
[I 2024-12-16 14:16:28,121] Trial 44 finished with value: 15275566421.36411 and parameters: {'learning_rate': 0.05103828249992962, 'max_depth': 8, 'l2_leaf_reg': 1.2267617131367672}. Best is trial 25 with value: 14662553327.257385.
[I 2024-12-16 14:17:23,375] Trial 45 finished with value: 15169410071.321692 and parameters: {'learning_rate': 0.11573356006716277, 'max_depth': 11, 'l2_leaf_reg': 3.1853434834338654}. Best is trial 25 with value: 14662553327.257385.
[I 2024-12-16 14:17:42,973] Trial 46 finished with value: 15227205344.477802 and parameters: {'learning_rate': 0.0916132850873602, 'max_depth': 7, 'l2_leaf_reg': 4.230346394686801}. Best is trial 25 with value: 14662553327.257385.
[I 2024-12-16 14:20:16,787] Trial 47 finished with value: 14493472157.291159 and parameters: {'learning_rate': 0.07080220750060227, 'max_depth': 12, 'l2_leaf_reg': 1.9531753939179388}. Best is trial 47 with value: 14493472157.291159.
[I 2024-12-16 14:22:51,228] Trial 48 finished with value: 14548555744.249432 and parameters: {'learning_rate': 0.06926689555553246, 'max_depth': 12, 'l2_leaf_reg': 1.769149730748704}. Best is trial 47 with value: 14493472157.291159.
[I 2024-12-16 14:25:29,068] Trial 49 finished with value: 14681111216.1565 and parameters: {'learning_rate': 0.06849167180856072, 'max_depth': 12, 'l2_leaf_reg': 0.8010675458573362}. Best is trial 47 with value: 14493472157.291159.
[I 2024-12-16 14:29:59,261] Trial 50 finished with value: 14289402070.132809 and parameters: {'learning_rate': 0.03921265356717427, 'max_depth': 12, 'l2_leaf_reg': 0.6766355209330739}. Best is trial 50 with value: 14289402070.132809.
[I 2024-12-16 14:30:20,111] Trial 51 finished with value: 17760710208.519096 and parameters: {'learning_rate': 0.025984538830552278, 'max_depth': 3, 'l2_leaf_reg': 0.5779287812071312}. Best is trial 50 with value: 14289402070.132809.
[I 2024-12-16 14:34:35,468] Trial 52 finished with value: 14485900260.810658 and parameters: {'learning_rate': 0.03872045020568675, 'max_depth': 12, 'l2_leaf_reg': 0.8254471966796638}. Best is trial 50 with value: 14289402070.132809.
[I 2024-12-16 14:36:55,360] Trial 53 finished with value: 14772712001.101505 and parameters: {'learning_rate': 0.03821829582924998, 'max_depth': 11, 'l2_leaf_reg': 1.0123759044298082}. Best is trial 50 with value: 14289402070.132809.
[I 2024-12-16 14:43:29,952] Trial 54 finished with value: 14979448744.838312 and parameters: {'learning_rate': 0.01754065967188986, 'max_depth': 12, 'l2_leaf_reg': 0.7196476484562002}. Best is trial 50 with value: 14289402070.132809.
[I 2024-12-16 14:46:21,547] Trial 55 finished with value: 14356884425.767567 and parameters: {'learning_rate': 0.03987998061886319, 'max_depth': 11, 'l2_leaf_reg': 1.5816238813363483}. Best is trial 50 with value: 14289402070.132809.
[I 2024-12-16 14:48:23,158] Trial 56 finished with value: 15047019118.566235 and parameters: {'learning_rate': 0.04320513179108554, 'max_depth': 11, 'l2_leaf_reg': 1.4111426866401793}. Best is trial 50 with value: 14289402070.132809.
[I 2024-12-16 14:53:15,540] Trial 57 finished with value: 14658094939.445133 and parameters: {'learning_rate': 0.03199143480037659, 'max_depth': 12, 'l2_leaf_reg': 1.8292800477512845}. Best is trial 50 with value: 14289402070.132809.
[I 2024-12-16 14:56:33,153] Trial 58 finished with value: 14908658536.838306 and parameters: {'learning_rate': 0.027999296256262934, 'max_depth': 11, 'l2_leaf_reg': 1.890011173235874}. Best is trial 50 with value: 14289402070.132809.
[I 2024-12-16 14:58:35,395] Trial 59 finished with value: 15290422385.779156 and parameters: {'learning_rate': 0.020273727207120798, 'max_depth': 10, 'l2_leaf_reg': 1.172017563766596}. Best is trial 50 with value: 14289402070.132809.
[I 2024-12-16 14:59:50,420] Trial 60 finished with value: 14979373697.517248 and parameters: {'learning_rate': 0.029305380454787238, 'max_depth': 9, 'l2_leaf_reg': 0.6335881671708588}. Best is trial 50 with value: 14289402070.132809.
[I 2024-12-16 15:03:20,394] Trial 61 finished with value: 14867382185.51919 and parameters: {'learning_rate': 0.040926278636407534, 'max_depth': 12, 'l2_leaf_reg': 0.5011144842617758}. Best is trial 50 with value: 14289402070.132809.
[I 2024-12-16 15:06:40,560] Trial 62 finished with value: 14590332781.324558 and parameters: {'learning_rate': 0.05580337679565412, 'max_depth': 12, 'l2_leaf_reg': 1.4262474147949569}. Best is trial 50 with value: 14289402070.132809.
[I 2024-12-16 15:08:36,723] Trial 63 finished with value: 14567297086.977442 and parameters: {'learning_rate': 0.05348329018185207, 'max_depth': 11, 'l2_leaf_reg': 0.9754036769213419}. Best is trial 50 with value: 14289402070.132809.
[I 2024-12-16 15:10:36,602] Trial 64 finished with value: 14712177788.593164 and parameters: {'learning_rate': 0.04881556907520981, 'max_depth': 11, 'l2_leaf_reg': 0.9545713447443239}. Best is trial 50 with value: 14289402070.132809.
[I 2024-12-16 15:10:56,079] Trial 65 finished with value: 18388572878.81805 and parameters: {'learning_rate': 0.055954951853384866, 'max_depth': 2, 'l2_leaf_reg': 1.437516095248724}. Best is trial 50 with value: 14289402070.132809.
[I 2024-12-16 15:11:56,572] Trial 66 finished with value: 15156069170.896412 and parameters: {'learning_rate': 0.05587995322820189, 'max_depth': 10, 'l2_leaf_reg': 0.7996012942085488}. Best is trial 50 with value: 14289402070.132809.
[I 2024-12-16 15:14:11,139] Trial 67 finished with value: 14682691551.465082 and parameters: {'learning_rate': 0.03741090781781013, 'max_depth': 11, 'l2_leaf_reg': 1.0906925192509511}. Best is trial 50 with value: 14289402070.132809.
[I 2024-12-16 15:15:44,836] Trial 68 finished with value: 14363383638.318853 and parameters: {'learning_rate': 0.04679960131916783, 'max_depth': 10, 'l2_leaf_reg': 1.3802609283853087}. Best is trial 50 with value: 14289402070.132809.
[I 2024-12-16 15:16:10,414] Trial 69 finished with value: 15243420749.333328 and parameters: {'learning_rate': 0.04323036635712775, 'max_depth': 5, 'l2_leaf_reg': 0.8462600172123866}. Best is trial 50 with value: 14289402070.132809.
[I 2024-12-16 15:16:43,777] Trial 70 finished with value: 15158380786.17538 and parameters: {'learning_rate': 0.04746846556682668, 'max_depth': 8, 'l2_leaf_reg': 1.2708793132520688}. Best is trial 50 with value: 14289402070.132809.
[I 2024-12-16 15:18:41,876] Trial 71 finished with value: 15466006881.892115 and parameters: {'learning_rate': 0.023824652680830966, 'max_depth': 10, 'l2_leaf_reg': 1.9529094652481733}. Best is trial 50 with value: 14289402070.132809.
[I 2024-12-16 15:22:00,565] Trial 72 finished with value: 14768179076.594471 and parameters: {'learning_rate': 0.05649636075881477, 'max_depth': 12, 'l2_leaf_reg': 1.4226137263520746}. Best is trial 50 with value: 14289402070.132809.
[I 2024-12-16 15:23:29,736] Trial 73 finished with value: 14531086742.031734 and parameters: {'learning_rate': 0.07699744728614993, 'max_depth': 11, 'l2_leaf_reg': 0.6817720308078139}. Best is trial 50 with value: 14289402070.132809.
[I 2024-12-16 15:24:49,852] Trial 74 finished with value: 14851401586.646845 and parameters: {'learning_rate': 0.07408895032687808, 'max_depth': 11, 'l2_leaf_reg': 0.7005424648602522}. Best is trial 50 with value: 14289402070.132809.
[I 2024-12-16 15:26:20,211] Trial 75 finished with value: 14676165283.346106 and parameters: {'learning_rate': 0.04069255849596736, 'max_depth': 10, 'l2_leaf_reg': 0.5842877961902646}. Best is trial 50 with value: 14289402070.132809.
[I 2024-12-16 15:27:33,522] Trial 76 finished with value: 14711694090.82648 and parameters: {'learning_rate': 0.03351767211470683, 'max_depth': 9, 'l2_leaf_reg': 1.0534680048786547}. Best is trial 50 with value: 14289402070.132809.
[I 2024-12-16 15:28:49,181] Trial 77 finished with value: 14622137447.393854 and parameters: {'learning_rate': 0.07894566061788587, 'max_depth': 11, 'l2_leaf_reg': 0.9117038288860564}. Best is trial 50 with value: 14289402070.132809.
[I 2024-12-16 15:29:33,750] Trial 78 finished with value: 14810404836.373896 and parameters: {'learning_rate': 0.06309959430849084, 'max_depth': 9, 'l2_leaf_reg': 0.7346035024043341}. Best is trial 50 with value: 14289402070.132809.
[I 2024-12-16 15:33:50,379] Trial 79 finished with value: 14534488824.2709 and parameters: {'learning_rate': 0.046536354766793596, 'max_depth': 12, 'l2_leaf_reg': 2.3948417634599926}. Best is trial 50 with value: 14289402070.132809.
[I 2024-12-16 15:34:09,435] Trial 80 finished with value: 16226915109.41882 and parameters: {'learning_rate': 0.046723736347611476, 'max_depth': 4, 'l2_leaf_reg': 2.3684370730382756}. Best is trial 50 with value: 14289402070.132809.
[I 2024-12-16 15:38:52,932] Trial 81 finished with value: 14602698731.687107 and parameters: {'learning_rate': 0.03454423566454033, 'max_depth': 12, 'l2_leaf_reg': 1.724814442471625}. Best is trial 50 with value: 14289402070.132809.
[I 2024-12-16 15:40:17,254] Trial 82 finished with value: 14727987365.47521 and parameters: {'learning_rate': 0.0506339470095389, 'max_depth': 10, 'l2_leaf_reg': 1.5688700933005397}. Best is trial 50 with value: 14289402070.132809.
[I 2024-12-16 15:42:35,403] Trial 83 finished with value: 14947613766.957714 and parameters: {'learning_rate': 0.06674939934549268, 'max_depth': 12, 'l2_leaf_reg': 1.1570502833518816}. Best is trial 50 with value: 14289402070.132809.
[I 2024-12-16 15:45:13,688] Trial 84 finished with value: 14727350252.449432 and parameters: {'learning_rate': 0.039806232570170665, 'max_depth': 11, 'l2_leaf_reg': 2.1956777563073184}. Best is trial 50 with value: 14289402070.132809.
[I 2024-12-16 15:45:54,056] Trial 85 finished with value: 14742635684.448605 and parameters: {'learning_rate': 0.08368746077420067, 'max_depth': 10, 'l2_leaf_reg': 0.6544939860349198}. Best is trial 50 with value: 14289402070.132809.
[I 2024-12-16 15:47:41,367] Trial 86 finished with value: 14588756374.633377 and parameters: {'learning_rate': 0.05985667152703529, 'max_depth': 11, 'l2_leaf_reg': 1.3004728622462227}. Best is trial 50 with value: 14289402070.132809.
[I 2024-12-16 15:51:10,754] Trial 87 finished with value: 14826102384.55894 and parameters: {'learning_rate': 0.04619154199441074, 'max_depth': 12, 'l2_leaf_reg': 2.430499311884145}. Best is trial 50 with value: 14289402070.132809.
[I 2024-12-16 15:53:27,172] Trial 88 finished with value: 15000620429.48725 and parameters: {'learning_rate': 0.052308113427958464, 'max_depth': 11, 'l2_leaf_reg': 2.907841241687242}. Best is trial 50 with value: 14289402070.132809.
[I 2024-12-16 15:55:06,785] Trial 89 finished with value: 14638462523.331553 and parameters: {'learning_rate': 0.03676640765885058, 'max_depth': 10, 'l2_leaf_reg': 0.9792056525296556}. Best is trial 50 with value: 14289402070.132809.
[I 2024-12-16 15:58:04,956] Trial 90 finished with value: 14777789869.521967 and parameters: {'learning_rate': 0.06935111351760734, 'max_depth': 12, 'l2_leaf_reg': 2.0299889311435524}. Best is trial 50 with value: 14289402070.132809.
[I 2024-12-16 15:58:49,355] Trial 91 finished with value: 15179776395.687397 and parameters: {'learning_rate': 0.030860754738038374, 'max_depth': 8, 'l2_leaf_reg': 0.8551279674084998}. Best is trial 50 with value: 14289402070.132809.
[I 2024-12-16 16:00:37,085] Trial 92 finished with value: 14697541495.043875 and parameters: {'learning_rate': 0.059695054632544875, 'max_depth': 11, 'l2_leaf_reg': 1.574380841224852}. Best is trial 50 with value: 14289402070.132809.
[I 2024-12-16 16:02:23,501] Trial 93 finished with value: 14698978158.305561 and parameters: {'learning_rate': 0.060476996531283196, 'max_depth': 11, 'l2_leaf_reg': 1.2706083492570577}. Best is trial 50 with value: 14289402070.132809.
[I 2024-12-16 16:04:50,933] Trial 94 finished with value: 14606580418.10278 and parameters: {'learning_rate': 0.07622812564078513, 'max_depth': 12, 'l2_leaf_reg': 1.1056991985210947}. Best is trial 50 with value: 14289402070.132809.
[I 2024-12-16 16:07:08,788] Trial 95 finished with value: 14795280061.927235 and parameters: {'learning_rate': 0.044854968433418754, 'max_depth': 11, 'l2_leaf_reg': 1.678145521897997}. Best is trial 50 with value: 14289402070.132809.
[I 2024-12-16 16:07:23,308] Trial 96 finished with value: 16904278752.859192 and parameters: {'learning_rate': 0.08590209362265977, 'max_depth': 3, 'l2_leaf_reg': 1.316916396307741}. Best is trial 50 with value: 14289402070.132809.
[I 2024-12-16 16:08:41,884] Trial 97 finished with value: 14661002421.611969 and parameters: {'learning_rate': 0.052596367604099865, 'max_depth': 10, 'l2_leaf_reg': 0.5538401594611698}. Best is trial 50 with value: 14289402070.132809.
[I 2024-12-16 16:10:24,794] Trial 98 finished with value: 15759098160.308603 and parameters: {'learning_rate': 0.011268931649242961, 'max_depth': 9, 'l2_leaf_reg': 0.7944212085418015}. Best is trial 50 with value: 14289402070.132809.
[I 2024-12-16 16:13:09,542] Trial 99 finished with value: 14629688810.790289 and parameters: {'learning_rate': 0.06504468355850403, 'max_depth': 12, 'l2_leaf_reg': 0.6405187603034672}. Best is trial 50 with value: 14289402070.132809.
[I 2024-12-16 16:15:49,706] Trial 100 finished with value: 14682238462.852146 and parameters: {'learning_rate': 0.03922016846426261, 'max_depth': 11, 'l2_leaf_reg': 1.5042676343678707}. Best is trial 50 with value: 14289402070.132809.
/home/mburu/.local/lib/python3.8/site-packages/sklearn/preprocessing/_encoders.py:975: FutureWarning: `sparse` was renamed to `sparse_output` in version 1.2 and will be removed in 1.4. `sparse_output` is ignored unless you leave `sparse` to its default value.
  warnings.warn(
[I 2024-12-16 16:19:28,797] Using an existing study with name 'CatBoost_MIP' instead of creating a new one.
[I 2024-12-16 16:21:16,137] Trial 1 finished with value: 5883745.49187428 and parameters: {'learning_rate': 0.011727317186166661, 'max_depth': 8, 'l2_leaf_reg': 1.74663052247576}. Best is trial 1 with value: 5883745.49187428.
[I 2024-12-16 16:21:25,662] Trial 2 finished with value: 3753804.4329149523 and parameters: {'learning_rate': 0.06221801712119939, 'max_depth': 3, 'l2_leaf_reg': 0.935740807337057}. Best is trial 2 with value: 3753804.4329149523.
[I 2024-12-16 16:21:43,064] Trial 3 finished with value: 2297861.82230084 and parameters: {'learning_rate': 0.010892215522509964, 'max_depth': 2, 'l2_leaf_reg': 0.6936654275377151}. Best is trial 3 with value: 2297861.82230084.
[I 2024-12-16 16:23:10,306] Trial 4 finished with value: 5818171.127102639 and parameters: {'learning_rate': 0.012592290667338649, 'max_depth': 8, 'l2_leaf_reg': 0.7446486871193256}. Best is trial 3 with value: 2297861.82230084.
[I 2024-12-16 16:23:29,334] Trial 5 finished with value: 4086329.021658185 and parameters: {'learning_rate': 0.02436590983011353, 'max_depth': 3, 'l2_leaf_reg': 2.4552083817303543}. Best is trial 3 with value: 2297861.82230084.
[I 2024-12-16 16:23:49,205] Trial 6 finished with value: 4056293.333793208 and parameters: {'learning_rate': 0.02213024898579285, 'max_depth': 3, 'l2_leaf_reg': 1.902758137635175}. Best is trial 3 with value: 2297861.82230084.
[I 2024-12-16 16:23:59,336] Trial 7 finished with value: 4150632.935127796 and parameters: {'learning_rate': 0.04331424189525296, 'max_depth': 3, 'l2_leaf_reg': 1.6716655050292515}. Best is trial 3 with value: 2297861.82230084.
[I 2024-12-16 16:27:32,767] Trial 8 finished with value: 6170101.68348119 and parameters: {'learning_rate': 0.010698829033354318, 'max_depth': 10, 'l2_leaf_reg': 1.145195966767992}. Best is trial 3 with value: 2297861.82230084.
[I 2024-12-16 16:27:36,959] Trial 9 finished with value: 3805196.021524114 and parameters: {'learning_rate': 0.1787928978845336, 'max_depth': 3, 'l2_leaf_reg': 2.1669664099040755}. Best is trial 3 with value: 2297861.82230084.
[I 2024-12-16 16:28:21,484] Trial 10 finished with value: 8071054.799323203 and parameters: {'learning_rate': 0.26486383290102833, 'max_depth': 11, 'l2_leaf_reg': 0.7607508538003992}. Best is trial 3 with value: 2297861.82230084.
[I 2024-12-16 16:28:27,550] Trial 11 finished with value: 3678628.005083444 and parameters: {'learning_rate': 0.08798138289026007, 'max_depth': 2, 'l2_leaf_reg': 8.327070168547696}. Best is trial 3 with value: 2297861.82230084.
[I 2024-12-16 16:28:32,212] Trial 12 finished with value: 3767888.2552491813 and parameters: {'learning_rate': 0.09669332797328552, 'max_depth': 2, 'l2_leaf_reg': 9.829217500507475}. Best is trial 3 with value: 2297861.82230084.
[I 2024-12-16 16:28:36,991] Trial 13 finished with value: 3856003.755183631 and parameters: {'learning_rate': 0.10877074321062974, 'max_depth': 2, 'l2_leaf_reg': 7.58408199114262}. Best is trial 3 with value: 2297861.82230084.
[I 2024-12-16 16:29:13,838] Trial 14 finished with value: 5994473.646276076 and parameters: {'learning_rate': 0.04243767000042162, 'max_depth': 5, 'l2_leaf_reg': 26.30605468685058}. Best is trial 3 with value: 2297861.82230084.
[I 2024-12-16 16:29:19,891] Trial 15 finished with value: 3493942.7344999453 and parameters: {'learning_rate': 0.0796548299086684, 'max_depth': 2, 'l2_leaf_reg': 4.980387984319564}. Best is trial 3 with value: 2297861.82230084.
[I 2024-12-16 16:29:54,009] Trial 16 finished with value: 5707170.579783233 and parameters: {'learning_rate': 0.028854340619048367, 'max_depth': 5, 'l2_leaf_reg': 4.572639020482988}. Best is trial 3 with value: 2297861.82230084.
[I 2024-12-16 16:30:02,480] Trial 17 finished with value: 4758614.224279601 and parameters: {'learning_rate': 0.15360195022590398, 'max_depth': 4, 'l2_leaf_reg': 4.333644756314211}. Best is trial 3 with value: 2297861.82230084.
[I 2024-12-16 16:30:20,917] Trial 18 finished with value: 2954627.3470379687 and parameters: {'learning_rate': 0.017804702506682583, 'max_depth': 2, 'l2_leaf_reg': 13.664300685809664}. Best is trial 3 with value: 2297861.82230084.
[I 2024-12-16 16:30:53,242] Trial 19 finished with value: 5600634.727246089 and parameters: {'learning_rate': 0.017865100030481206, 'max_depth': 4, 'l2_leaf_reg': 19.825998251085863}. Best is trial 3 with value: 2297861.82230084.
[I 2024-12-16 16:31:12,810] Trial 20 finished with value: 2996882.6473620287 and parameters: {'learning_rate': 0.01655131623546128, 'max_depth': 2, 'l2_leaf_reg': 14.28354211975835}. Best is trial 3 with value: 2297861.82230084.
[I 2024-12-16 16:31:42,165] Trial 21 finished with value: 5177456.976160735 and parameters: {'learning_rate': 0.03369826861311704, 'max_depth': 6, 'l2_leaf_reg': 0.5319917325763185}. Best is trial 3 with value: 2297861.82230084.
[I 2024-12-16 16:31:59,424] Trial 22 finished with value: 3043084.8682560343 and parameters: {'learning_rate': 0.017669468029387517, 'max_depth': 2, 'l2_leaf_reg': 16.490439771694877}. Best is trial 3 with value: 2297861.82230084.
[I 2024-12-16 16:32:18,073] Trial 23 finished with value: 2999433.3115602704 and parameters: {'learning_rate': 0.01683705570680878, 'max_depth': 2, 'l2_leaf_reg': 13.066924085258321}. Best is trial 3 with value: 2297861.82230084.
[I 2024-12-16 16:32:45,982] Trial 24 finished with value: 4400550.704485323 and parameters: {'learning_rate': 0.014257252683612028, 'max_depth': 3, 'l2_leaf_reg': 28.74410613945791}. Best is trial 3 with value: 2297861.82230084.
[I 2024-12-16 16:33:19,301] Trial 25 finished with value: 5298919.2493988555 and parameters: {'learning_rate': 0.010096361196287512, 'max_depth': 4, 'l2_leaf_reg': 6.297843545945093}. Best is trial 3 with value: 2297861.82230084.
[I 2024-12-16 16:33:30,307] Trial 26 finished with value: 2709069.043184396 and parameters: {'learning_rate': 0.021988083124593546, 'max_depth': 2, 'l2_leaf_reg': 2.9269437811517256}. Best is trial 3 with value: 2297861.82230084.
[I 2024-12-16 16:34:03,220] Trial 27 finished with value: 5693829.09379236 and parameters: {'learning_rate': 0.023021495580451683, 'max_depth': 5, 'l2_leaf_reg': 3.6507339868075213}. Best is trial 3 with value: 2297861.82230084.
[I 2024-12-16 16:34:11,311] Trial 28 finished with value: 2783422.837776935 and parameters: {'learning_rate': 0.03397746858049553, 'max_depth': 2, 'l2_leaf_reg': 2.8397266370140306}. Best is trial 3 with value: 2297861.82230084.
[I 2024-12-16 16:34:39,700] Trial 29 finished with value: 5174526.674141589 and parameters: {'learning_rate': 0.03187971076369424, 'max_depth': 6, 'l2_leaf_reg': 0.5066297491501084}. Best is trial 3 with value: 2297861.82230084.
[I 2024-12-16 16:35:11,529] Trial 30 finished with value: 5750548.106720744 and parameters: {'learning_rate': 0.04305790673670448, 'max_depth': 7, 'l2_leaf_reg': 3.0512160030536157}. Best is trial 3 with value: 2297861.82230084.
[I 2024-12-16 16:35:19,778] Trial 31 finished with value: 4226482.683525199 and parameters: {'learning_rate': 0.057270697169715695, 'max_depth': 3, 'l2_leaf_reg': 1.4623233605391537}. Best is trial 3 with value: 2297861.82230084.
[I 2024-12-16 16:35:35,837] Trial 32 finished with value: 2758948.9701033146 and parameters: {'learning_rate': 0.013562721651285796, 'max_depth': 2, 'l2_leaf_reg': 2.788826465663742}. Best is trial 3 with value: 2297861.82230084.
[I 2024-12-16 16:35:52,511] Trial 33 finished with value: 2721246.711896621 and parameters: {'learning_rate': 0.012976991984850712, 'max_depth': 2, 'l2_leaf_reg': 2.565683224658279}. Best is trial 3 with value: 2297861.82230084.
[I 2024-12-16 16:36:16,826] Trial 34 finished with value: 3988832.8032832094 and parameters: {'learning_rate': 0.013633445973522134, 'max_depth': 3, 'l2_leaf_reg': 1.46587389565404}. Best is trial 3 with value: 2297861.82230084.
[I 2024-12-16 16:39:01,548] Trial 35 finished with value: 5913715.160290424 and parameters: {'learning_rate': 0.012266865198642988, 'max_depth': 9, 'l2_leaf_reg': 3.3652534112549164}. Best is trial 3 with value: 2297861.82230084.
[I 2024-12-16 16:48:19,933] Trial 36 finished with value: 6209660.4433616195 and parameters: {'learning_rate': 0.01389123010684331, 'max_depth': 12, 'l2_leaf_reg': 1.161230796103256}. Best is trial 3 with value: 2297861.82230084.
[I 2024-12-16 16:48:38,491] Trial 37 finished with value: 4105082.2237933837 and parameters: {'learning_rate': 0.0222485737471404, 'max_depth': 3, 'l2_leaf_reg': 2.1692909545810126}. Best is trial 3 with value: 2297861.82230084.
[I 2024-12-16 16:48:55,767] Trial 38 finished with value: 2698468.6975601525 and parameters: {'learning_rate': 0.011391946995330728, 'max_depth': 2, 'l2_leaf_reg': 2.5765612724985822}. Best is trial 3 with value: 2297861.82230084.
[I 2024-12-16 16:49:19,875] Trial 39 finished with value: 3789073.930118306 and parameters: {'learning_rate': 0.010974719215479333, 'max_depth': 3, 'l2_leaf_reg': 0.9529996082731}. Best is trial 3 with value: 2297861.82230084.
[I 2024-12-16 16:49:45,275] Trial 40 finished with value: 5301461.891460297 and parameters: {'learning_rate': 0.026356006931767262, 'max_depth': 4, 'l2_leaf_reg': 5.445438274168891}. Best is trial 3 with value: 2297861.82230084.
[I 2024-12-16 16:51:32,135] Trial 41 finished with value: 5975202.756089037 and parameters: {'learning_rate': 0.011680240846259453, 'max_depth': 8, 'l2_leaf_reg': 1.945854127564769}. Best is trial 3 with value: 2297861.82230084.
[I 2024-12-16 16:51:43,404] Trial 42 finished with value: 2661352.4234986957 and parameters: {'learning_rate': 0.020121465252919767, 'max_depth': 2, 'l2_leaf_reg': 2.3559817140857433}. Best is trial 3 with value: 2297861.82230084.
[I 2024-12-16 16:51:54,878] Trial 43 finished with value: 2657599.7847910733 and parameters: {'learning_rate': 0.02056036527178716, 'max_depth': 2, 'l2_leaf_reg': 2.372046730628321}. Best is trial 3 with value: 2297861.82230084.
[I 2024-12-16 16:52:06,288] Trial 44 finished with value: 2539196.5903112497 and parameters: {'learning_rate': 0.019262573484498172, 'max_depth': 2, 'l2_leaf_reg': 1.6905607117764914}. Best is trial 3 with value: 2297861.82230084.
[I 2024-12-16 16:52:25,921] Trial 45 finished with value: 3422934.227859025 and parameters: {'learning_rate': 0.015487789307893839, 'max_depth': 3, 'l2_leaf_reg': 0.644952791132252}. Best is trial 3 with value: 2297861.82230084.
[I 2024-12-16 16:52:37,439] Trial 46 finished with value: 2509581.8972867276 and parameters: {'learning_rate': 0.0194968012919591, 'max_depth': 2, 'l2_leaf_reg': 1.6339054830872288}. Best is trial 3 with value: 2297861.82230084.
[I 2024-12-16 16:52:49,414] Trial 47 finished with value: 2400272.479560448 and parameters: {'learning_rate': 0.019895317408681324, 'max_depth': 2, 'l2_leaf_reg': 1.164496316154893}. Best is trial 3 with value: 2297861.82230084.
[I 2024-12-16 16:53:02,481] Trial 48 finished with value: 3683871.2340462888 and parameters: {'learning_rate': 0.026936278955859785, 'max_depth': 3, 'l2_leaf_reg': 0.9971968172772615}. Best is trial 3 with value: 2297861.82230084.
[I 2024-12-16 16:53:39,293] Trial 49 finished with value: 5426568.44131262 and parameters: {'learning_rate': 0.019855598526037348, 'max_depth': 6, 'l2_leaf_reg': 0.7703176748531427}. Best is trial 3 with value: 2297861.82230084.
[I 2024-12-16 16:53:48,129] Trial 50 finished with value: 2625123.2474482744 and parameters: {'learning_rate': 0.038014675328049224, 'max_depth': 2, 'l2_leaf_reg': 1.336476614147597}. Best is trial 3 with value: 2297861.82230084.
[I 2024-12-16 16:53:53,508] Trial 51 finished with value: 2806879.877259857 and parameters: {'learning_rate': 0.07129904182138729, 'max_depth': 2, 'l2_leaf_reg': 1.2489945176274129}. Best is trial 3 with value: 2297861.82230084.
[I 2024-12-16 16:54:00,469] Trial 52 finished with value: 2645890.638745771 and parameters: {'learning_rate': 0.04118054915649723, 'max_depth': 2, 'l2_leaf_reg': 1.648908013716936}. Best is trial 3 with value: 2297861.82230084.
[I 2024-12-16 16:54:07,052] Trial 53 finished with value: 2677711.7067185333 and parameters: {'learning_rate': 0.0507979962494118, 'max_depth': 2, 'l2_leaf_reg': 1.7190801388532946}. Best is trial 3 with value: 2297861.82230084.
[I 2024-12-16 16:55:40,704] Trial 54 finished with value: 6785024.441037032 and parameters: {'learning_rate': 0.03899244090391831, 'max_depth': 10, 'l2_leaf_reg': 1.4723953325709571}. Best is trial 3 with value: 2297861.82230084.
[I 2024-12-16 16:55:47,244] Trial 55 finished with value: 2561571.322708713 and parameters: {'learning_rate': 0.050026916136172384, 'max_depth': 2, 'l2_leaf_reg': 0.8745981913616603}. Best is trial 3 with value: 2297861.82230084.
[I 2024-12-16 16:56:05,943] Trial 56 finished with value: 5118573.195236052 and parameters: {'learning_rate': 0.06891023466410963, 'max_depth': 7, 'l2_leaf_reg': 0.8464608511617355}. Best is trial 3 with value: 2297861.82230084.
[I 2024-12-16 16:56:14,521] Trial 57 finished with value: 2257669.8350846255 and parameters: {'learning_rate': 0.030690739886177286, 'max_depth': 2, 'l2_leaf_reg': 0.599875896568554}. Best is trial 57 with value: 2257669.8350846255.
[I 2024-12-16 16:56:23,209] Trial 58 finished with value: 2518912.326351286 and parameters: {'learning_rate': 0.029324415704941532, 'max_depth': 2, 'l2_leaf_reg': 1.0164505649670772}. Best is trial 57 with value: 2257669.8350846255.
[I 2024-12-16 16:56:33,954] Trial 59 finished with value: 2251713.623800575 and parameters: {'learning_rate': 0.02512178090356564, 'max_depth': 2, 'l2_leaf_reg': 0.6182845701684815}. Best is trial 59 with value: 2251713.623800575.
[I 2024-12-16 16:56:53,702] Trial 60 finished with value: 5122882.038666984 and parameters: {'learning_rate': 0.030326918964195586, 'max_depth': 5, 'l2_leaf_reg': 0.6282971856040687}. Best is trial 59 with value: 2251713.623800575.
[I 2024-12-16 16:57:08,401] Trial 61 finished with value: 3450548.1176567776 and parameters: {'learning_rate': 0.02461909472953714, 'max_depth': 3, 'l2_leaf_reg': 0.6017643781453141}. Best is trial 59 with value: 2251713.623800575.
[I 2024-12-16 16:57:17,779] Trial 62 finished with value: 2482660.0755805587 and parameters: {'learning_rate': 0.02572409012569301, 'max_depth': 2, 'l2_leaf_reg': 1.037722796189603}. Best is trial 59 with value: 2251713.623800575.
[I 2024-12-16 16:57:26,838] Trial 63 finished with value: 2502833.6230976637 and parameters: {'learning_rate': 0.02772925904914536, 'max_depth': 2, 'l2_leaf_reg': 1.0403556743536622}. Best is trial 59 with value: 2251713.623800575.
[I 2024-12-16 16:57:58,668] Trial 64 finished with value: 5392652.071527166 and parameters: {'learning_rate': 0.025006520637630824, 'max_depth': 7, 'l2_leaf_reg': 0.7072873768606619}. Best is trial 59 with value: 2251713.623800575.
[I 2024-12-16 16:58:07,416] Trial 65 finished with value: 2572447.7363596275 and parameters: {'learning_rate': 0.035698586034719045, 'max_depth': 2, 'l2_leaf_reg': 1.0810381344256415}. Best is trial 59 with value: 2251713.623800575.
[I 2024-12-16 16:58:21,200] Trial 66 finished with value: 2458578.134509547 and parameters: {'learning_rate': 0.015652796857671493, 'max_depth': 2, 'l2_leaf_reg': 0.7807226063701971}. Best is trial 59 with value: 2251713.623800575.
[I 2024-12-16 16:58:35,003] Trial 67 finished with value: 2198912.347383466 and parameters: {'learning_rate': 0.016365646832642487, 'max_depth': 2, 'l2_leaf_reg': 0.5706752521053454}. Best is trial 67 with value: 2198912.347383466.
[I 2024-12-16 17:00:28,998] Trial 68 finished with value: 5799287.314228101 and parameters: {'learning_rate': 0.015418531404694782, 'max_depth': 9, 'l2_leaf_reg': 0.7474569749269994}. Best is trial 67 with value: 2198912.347383466.
[I 2024-12-16 17:00:42,447] Trial 69 finished with value: 2185971.060485485 and parameters: {'learning_rate': 0.01630010678234338, 'max_depth': 2, 'l2_leaf_reg': 0.5489242060591614}. Best is trial 69 with value: 2185971.060485485.
[I 2024-12-16 17:00:56,477] Trial 70 finished with value: 2193956.1353837964 and parameters: {'learning_rate': 0.0155822922180359, 'max_depth': 2, 'l2_leaf_reg': 0.56130681192963}. Best is trial 69 with value: 2185971.060485485.
[I 2024-12-16 17:01:15,338] Trial 71 finished with value: 2174757.4848435293 and parameters: {'learning_rate': 0.010276057514612285, 'max_depth': 2, 'l2_leaf_reg': 0.5496884049880174}. Best is trial 71 with value: 2174757.4848435293.
[I 2024-12-16 17:01:31,558] Trial 72 finished with value: 2131855.3877323717 and parameters: {'learning_rate': 0.012333165231647496, 'max_depth': 2, 'l2_leaf_reg': 0.5168097181205734}. Best is trial 72 with value: 2131855.3877323717.
[I 2024-12-16 17:01:50,934] Trial 73 finished with value: 2167739.507583129 and parameters: {'learning_rate': 0.010106931163740241, 'max_depth': 2, 'l2_leaf_reg': 0.5550696273738495}. Best is trial 72 with value: 2131855.3877323717.
[I 2024-12-16 17:02:10,181] Trial 74 finished with value: 2167563.847711733 and parameters: {'learning_rate': 0.010077390574166768, 'max_depth': 2, 'l2_leaf_reg': 0.5609236367129184}. Best is trial 72 with value: 2131855.3877323717.
[I 2024-12-16 17:09:50,112] Trial 75 finished with value: 6075846.273943369 and parameters: {'learning_rate': 0.01011802443726505, 'max_depth': 12, 'l2_leaf_reg': 0.5351115171277926}. Best is trial 72 with value: 2131855.3877323717.
[I 2024-12-16 17:10:06,060] Trial 76 finished with value: 2133478.8639556654 and parameters: {'learning_rate': 0.01240772885035315, 'max_depth': 2, 'l2_leaf_reg': 0.5047855027396898}. Best is trial 72 with value: 2131855.3877323717.
[I 2024-12-16 17:10:22,568] Trial 77 finished with value: 2128548.889287847 and parameters: {'learning_rate': 0.012255212684121036, 'max_depth': 2, 'l2_leaf_reg': 0.5158651594159648}. Best is trial 77 with value: 2128548.889287847.
[I 2024-12-16 17:11:10,899] Trial 78 finished with value: 5198184.669837866 and parameters: {'learning_rate': 0.01240629987894263, 'max_depth': 6, 'l2_leaf_reg': 0.5159362960093666}. Best is trial 77 with value: 2128548.889287847.
[I 2024-12-16 17:11:28,994] Trial 79 finished with value: 2291157.462683174 and parameters: {'learning_rate': 0.010830586591553126, 'max_depth': 2, 'l2_leaf_reg': 0.6859568742487643}. Best is trial 77 with value: 2128548.889287847.
[I 2024-12-16 17:13:15,222] Trial 80 finished with value: 5684868.796934039 and parameters: {'learning_rate': 0.014492201229262513, 'max_depth': 9, 'l2_leaf_reg': 0.5063673761513122}. Best is trial 77 with value: 2128548.889287847.
[I 2024-12-16 17:13:31,431] Trial 81 finished with value: 2190375.4412626857 and parameters: {'learning_rate': 0.01234011705391275, 'max_depth': 2, 'l2_leaf_reg': 0.5632091897458661}. Best is trial 77 with value: 2128548.889287847.
[I 2024-12-16 17:13:47,991] Trial 82 finished with value: 2310089.543466819 and parameters: {'learning_rate': 0.012334119810332835, 'max_depth': 2, 'l2_leaf_reg': 0.6774710212857927}. Best is trial 77 with value: 2128548.889287847.
[I 2024-12-16 17:14:19,751] Trial 83 finished with value: 4095061.0729935765 and parameters: {'learning_rate': 0.01004241352666, 'max_depth': 4, 'l2_leaf_reg': 0.5618513127323079}. Best is trial 77 with value: 2128548.889287847.
[I 2024-12-16 17:14:37,029] Trial 84 finished with value: 2423419.896419281 and parameters: {'learning_rate': 0.011658559453164184, 'max_depth': 2, 'l2_leaf_reg': 0.854740783240035}. Best is trial 77 with value: 2128548.889287847.
[I 2024-12-16 17:14:52,769] Trial 85 finished with value: 2192769.2740186276 and parameters: {'learning_rate': 0.013105583697450223, 'max_depth': 2, 'l2_leaf_reg': 0.5656982445259549}. Best is trial 77 with value: 2128548.889287847.
[I 2024-12-16 17:15:08,653] Trial 86 finished with value: 2337216.9021313423 and parameters: {'learning_rate': 0.013609713793231266, 'max_depth': 2, 'l2_leaf_reg': 0.6781116552456143}. Best is trial 77 with value: 2128548.889287847.
[I 2024-12-16 17:15:27,040] Trial 87 finished with value: 2116637.5058455346 and parameters: {'learning_rate': 0.011281284301781307, 'max_depth': 2, 'l2_leaf_reg': 0.5150711072449048}. Best is trial 87 with value: 2116637.5058455346.
[I 2024-12-16 17:16:06,518] Trial 88 finished with value: 4942742.7078815345 and parameters: {'learning_rate': 0.011180054835168655, 'max_depth': 5, 'l2_leaf_reg': 0.7763386417847098}. Best is trial 87 with value: 2116637.5058455346.
[I 2024-12-16 17:17:03,779] Trial 89 finished with value: 7624461.554350726 and parameters: {'learning_rate': 0.27070413447091424, 'max_depth': 11, 'l2_leaf_reg': 0.5051447005870635}. Best is trial 87 with value: 2116637.5058455346.
[I 2024-12-16 17:17:22,485] Trial 90 finished with value: 2237655.088128678 and parameters: {'learning_rate': 0.010685816616043736, 'max_depth': 2, 'l2_leaf_reg': 0.6345780952319778}. Best is trial 87 with value: 2116637.5058455346.
[I 2024-12-16 17:17:26,226] Trial 91 finished with value: 3160410.3162665474 and parameters: {'learning_rate': 0.13826197063042245, 'max_depth': 2, 'l2_leaf_reg': 0.8863865458669593}. Best is trial 87 with value: 2116637.5058455346.
[I 2024-12-16 17:17:42,306] Trial 92 finished with value: 2193561.7003314076 and parameters: {'learning_rate': 0.012638149344430633, 'max_depth': 2, 'l2_leaf_reg': 0.5708299236205394}. Best is trial 87 with value: 2116637.5058455346.
[I 2024-12-16 17:18:49,949] Trial 93 finished with value: 5825707.45262465 and parameters: {'learning_rate': 0.014711847789987057, 'max_depth': 8, 'l2_leaf_reg': 0.5058043238639605}. Best is trial 87 with value: 2116637.5058455346.
[I 2024-12-16 17:19:05,680] Trial 94 finished with value: 2329055.4449768425 and parameters: {'learning_rate': 0.01323952474415176, 'max_depth': 2, 'l2_leaf_reg': 0.7139011046001356}. Best is trial 87 with value: 2116637.5058455346.
[I 2024-12-16 17:19:22,247] Trial 95 finished with value: 2210857.5620150086 and parameters: {'learning_rate': 0.01170923978190477, 'max_depth': 2, 'l2_leaf_reg': 0.5956409610792}. Best is trial 87 with value: 2116637.5058455346.
[I 2024-12-16 17:19:35,355] Trial 96 finished with value: 2208668.497215322 and parameters: {'learning_rate': 0.01722598088854406, 'max_depth': 2, 'l2_leaf_reg': 0.5517970789311039}. Best is trial 87 with value: 2116637.5058455346.
[I 2024-12-16 17:19:53,963] Trial 97 finished with value: 2244322.803914822 and parameters: {'learning_rate': 0.010504981259598572, 'max_depth': 2, 'l2_leaf_reg': 0.6492715500952437}. Best is trial 87 with value: 2116637.5058455346.
[I 2024-12-16 17:20:10,641] Trial 98 finished with value: 2429713.977198092 and parameters: {'learning_rate': 0.012402141279064796, 'max_depth': 2, 'l2_leaf_reg': 0.8269700622477311}. Best is trial 87 with value: 2116637.5058455346.
[I 2024-12-16 17:20:27,923] Trial 99 finished with value: 2302807.985008577 and parameters: {'learning_rate': 0.011455855131622186, 'max_depth': 2, 'l2_leaf_reg': 0.7203507365871598}. Best is trial 87 with value: 2116637.5058455346.
[I 2024-12-16 17:23:25,995] Trial 100 finished with value: 5801671.005841332 and parameters: {'learning_rate': 0.014020415871363415, 'max_depth': 10, 'l2_leaf_reg': 0.551994693929866}. Best is trial 87 with value: 2116637.5058455346.
slurmstepd: error: Detected 1 oom-kill event(s) in StepId=871982.batch. Some of your processes may have been killed by the cgroup out-of-memory handler.
