

----------------------------------------------------------------------------
Training LightGBM Vesion 1 with Dataset: config/brazillian_houses.yml 



----------------------------------------------------------------------------
Namespace(batch_size=128, cat_dims=None, cat_idx=None, config='config/brazillian_houses.yml', data_parallel=False, dataset='Brazillian_Houses', direction='minimize', dropna_idx=None, early_stopping_rounds=20, epochs=500, gpu_ids=[0, 1], logging_period=100, miss_cat_idx=None, miss_num_idx=None, model_name='LightGBM', n_trials=100, nominal_idx=[0, 6], num_classes=1, num_features=12, num_splits=5, objective='regression', one_hot_encode=True, optimize_hyperparameters=True, ordinal_encode=True, ordinal_idx=[7], scale=True, seed=221, shuffle=True, target_encode=False, use_gpu=True, val_batch_size=256)
Start hyperparameter optimization
Loading dataset Brazillian_Houses...


----------------------------------------------------------------------------
Training LightGBM Vesion 1 with Dataset: config/abalone.yml 



----------------------------------------------------------------------------
Namespace(batch_size=128, cat_dims=None, cat_idx=None, config='config/abalone.yml', data_parallel=False, dataset='Abalone', direction='minimize', dropna_idx=None, early_stopping_rounds=20, epochs=500, gpu_ids=[0, 1], logging_period=100, miss_cat_idx=None, miss_num_idx=None, model_name='LightGBM', n_trials=100, nominal_idx=[0], num_classes=1, num_features=8, num_splits=5, objective='regression', one_hot_encode=True, optimize_hyperparameters=True, ordinal_encode=False, ordinal_idx=None, scale=True, seed=221, shuffle=True, target_encode=False, use_gpu=True, val_batch_size=256)
Start hyperparameter optimization
Loading dataset Abalone...


----------------------------------------------------------------------------
Training LightGBM Vesion 1 with Dataset: config/nyc_taxi.yml 



----------------------------------------------------------------------------
Namespace(batch_size=128, cat_dims=None, cat_idx=None, config='config/nyc_taxi.yml', data_parallel=False, dataset='NYC_Taxi', direction='minimize', dropna_idx=None, early_stopping_rounds=20, epochs=500, gpu_ids=[0, 1], logging_period=100, miss_cat_idx=None, miss_num_idx=None, model_name='LightGBM', n_trials=100, nominal_idx=[0, 1, 3, 4, 11], num_classes=1, num_features=18, num_splits=5, objective='regression', one_hot_encode=True, optimize_hyperparameters=True, ordinal_encode=False, ordinal_idx=None, scale=True, seed=221, shuffle=True, target_encode=False, use_gpu=True, val_batch_size=256)
Start hyperparameter optimization
Loading dataset NYC_Taxi...


----------------------------------------------------------------------------
Training LightGBM Vesion 1 with Dataset: config/house_sales.yml 



----------------------------------------------------------------------------
Namespace(batch_size=128, cat_dims=None, cat_idx=None, config='config/house_sales.yml', data_parallel=False, dataset='House_Sales', direction='minimize', dropna_idx=[0], early_stopping_rounds=20, epochs=500, gpu_ids=[0, 1], logging_period=100, miss_cat_idx=None, miss_num_idx=None, model_name='LightGBM', n_trials=100, nominal_idx=[14], num_classes=1, num_features=21, num_splits=5, objective='regression', one_hot_encode=True, optimize_hyperparameters=True, ordinal_encode=False, ordinal_idx=None, scale=True, seed=221, shuffle=True, target_encode=False, use_gpu=True, val_batch_size=256)
Start hyperparameter optimization
Loading dataset House_Sales...


----------------------------------------------------------------------------
Training LightGBM Vesion 1 with Dataset: config/mip_2016.yml 



----------------------------------------------------------------------------
Namespace(batch_size=128, cat_dims=None, cat_idx=None, config='config/mip_2016.yml', data_parallel=False, dataset='MIP', direction='minimize', dropna_idx=[0], early_stopping_rounds=20, epochs=500, gpu_ids=[0, 1], logging_period=100, miss_cat_idx=None, miss_num_idx=None, model_name='LightGBM', n_trials=100, nominal_idx=[145, 146], num_classes=1, num_features=147, num_splits=5, objective='regression', one_hot_encode=True, optimize_hyperparameters=True, ordinal_encode=False, ordinal_idx=None, scale=True, seed=221, shuffle=True, target_encode=False, use_gpu=True, val_batch_size=256)
Start hyperparameter optimization
Loading dataset MIP...
