[I 2025-01-23 12:14:31,547] Using an existing study with name 'LightGBM_Brazillian_Houses' instead of creating a new one.
[I 2025-01-23 12:14:32,982] Trial 5 finished with value: 233455249.15769172 and parameters: {'num_leaves': 68, 'lambda_l1': 6.5928550371362e-07, 'lambda_l2': 6.346342429357379e-07, 'learning_rate': 0.011610219325614311}. Best is trial 3 with value: 48745669.870724514.
[I 2025-01-23 12:14:35,619] Trial 6 finished with value: 186183022.64882118 and parameters: {'num_leaves': 2267, 'lambda_l1': 0.0007960142158429181, 'lambda_l2': 0.666062120888785, 'learning_rate': 0.0887484554355927}. Best is trial 3 with value: 48745669.870724514.
[I 2025-01-23 12:14:36,017] Trial 7 finished with value: 202417575.46734864 and parameters: {'num_leaves': 5, 'lambda_l1': 7.7079160331250876, 'lambda_l2': 2.4362573198470332e-08, 'learning_rate': 0.05107433574478846}. Best is trial 3 with value: 48745669.870724514.
[I 2025-01-23 12:14:39,842] Trial 8 finished with value: 221741588.1244227 and parameters: {'num_leaves': 761, 'lambda_l1': 6.630718352728742e-05, 'lambda_l2': 5.616672907743848e-08, 'learning_rate': 0.02737128531612705}. Best is trial 3 with value: 48745669.870724514.
[I 2025-01-23 12:14:45,162] Trial 9 finished with value: 220823227.5397389 and parameters: {'num_leaves': 357, 'lambda_l1': 2.529785623959798e-07, 'lambda_l2': 0.0003529835257657698, 'learning_rate': 0.028297861018367034}. Best is trial 3 with value: 48745669.870724514.
[I 2025-01-23 12:14:45,507] Trial 10 finished with value: 230990953.4381636 and parameters: {'num_leaves': 2, 'lambda_l1': 2.0550712826136654e-05, 'lambda_l2': 0.4346050842263896, 'learning_rate': 0.17764113808616128}. Best is trial 3 with value: 48745669.870724514.
[I 2025-01-23 12:14:50,417] Trial 11 finished with value: 226195712.39719552 and parameters: {'num_leaves': 3893, 'lambda_l1': 2.3138124143299836, 'lambda_l2': 0.002746791956160396, 'learning_rate': 0.022594137992485327}. Best is trial 3 with value: 48745669.870724514.
[I 2025-01-23 12:14:50,950] Trial 12 finished with value: 115794462.93557675 and parameters: {'num_leaves': 22, 'lambda_l1': 1.9036056312092016e-08, 'lambda_l2': 3.301233180449329e-06, 'learning_rate': 0.2589082799990533}. Best is trial 3 with value: 48745669.870724514.
[I 2025-01-23 12:14:51,613] Trial 13 finished with value: 111624453.67661858 and parameters: {'num_leaves': 18, 'lambda_l1': 1.0387756085327649e-08, 'lambda_l2': 2.915954444763775e-06, 'learning_rate': 0.2736226278074305}. Best is trial 3 with value: 48745669.870724514.
[I 2025-01-23 12:14:52,324] Trial 14 finished with value: 154595822.8132698 and parameters: {'num_leaves': 40, 'lambda_l1': 1.0129394035610164e-08, 'lambda_l2': 6.355875877563584e-06, 'learning_rate': 0.1538642576902266}. Best is trial 3 with value: 48745669.870724514.
[I 2025-01-23 12:14:53,492] Trial 15 finished with value: 109400141.85881309 and parameters: {'num_leaves': 10, 'lambda_l1': 5.093238212268173e-07, 'lambda_l2': 4.35852750208244e-07, 'learning_rate': 0.293829964912562}. Best is trial 3 with value: 48745669.870724514.
[I 2025-01-23 12:14:54,585] Trial 16 finished with value: 159842373.72761676 and parameters: {'num_leaves': 8, 'lambda_l1': 9.152609922752602e-07, 'lambda_l2': 1.1310773291061733e-08, 'learning_rate': 0.15093532349341557}. Best is trial 3 with value: 48745669.870724514.
[I 2025-01-23 12:14:57,971] Trial 17 finished with value: 171971987.1500417 and parameters: {'num_leaves': 990, 'lambda_l1': 0.009586783222621662, 'lambda_l2': 2.245090421348104e-07, 'learning_rate': 0.11617900756000003}. Best is trial 3 with value: 48745669.870724514.
[I 2025-01-23 12:14:59,498] Trial 18 finished with value: 105251724.35667305 and parameters: {'num_leaves': 169, 'lambda_l1': 2.537479900986414e-06, 'lambda_l2': 6.168523176463068e-05, 'learning_rate': 0.2875479346614367}. Best is trial 3 with value: 48745669.870724514.
[I 2025-01-23 12:15:01,868] Trial 19 finished with value: 184485763.15868846 and parameters: {'num_leaves': 171, 'lambda_l1': 0.013437860679685719, 'lambda_l2': 0.007157142355538634, 'learning_rate': 0.09053947097856192}. Best is trial 3 with value: 48745669.870724514.
[I 2025-01-23 12:15:04,928] Trial 20 finished with value: 134637601.90387946 and parameters: {'num_leaves': 344, 'lambda_l1': 3.450428774085256e-06, 'lambda_l2': 3.141727234953089e-05, 'learning_rate': 0.20308320652046655}. Best is trial 3 with value: 48745669.870724514.
[I 2025-01-23 12:15:09,215] Trial 21 finished with value: 171514529.36112162 and parameters: {'num_leaves': 993, 'lambda_l1': 1.1617271543690611e-07, 'lambda_l2': 0.018054882932168902, 'learning_rate': 0.11649175724899677}. Best is trial 3 with value: 48745669.870724514.
[I 2025-01-23 12:15:10,739] Trial 22 finished with value: 124830461.71421678 and parameters: {'num_leaves': 93, 'lambda_l1': 0.00010044753312652488, 'lambda_l2': 4.913371558747312e-05, 'learning_rate': 0.22667557847030084}. Best is trial 3 with value: 48745669.870724514.
[I 2025-01-23 12:15:11,416] Trial 23 finished with value: 108657336.55100067 and parameters: {'num_leaves': 39, 'lambda_l1': 5.139945678406761e-06, 'lambda_l2': 1.3676078839618663e-07, 'learning_rate': 0.2787658046706361}. Best is trial 3 with value: 48745669.870724514.
[I 2025-01-23 12:15:12,186] Trial 24 finished with value: 136818536.50055164 and parameters: {'num_leaves': 52, 'lambda_l1': 3.5410207083580067e-06, 'lambda_l2': 9.107489891111741e-08, 'learning_rate': 0.19500656511345077}. Best is trial 3 with value: 48745669.870724514.
[I 2025-01-23 12:15:14,067] Trial 25 finished with value: 165098889.38843304 and parameters: {'num_leaves': 213, 'lambda_l1': 7.37215592574084e-08, 'lambda_l2': 5.981012958484307e-07, 'learning_rate': 0.13042422917200122}. Best is trial 3 with value: 48745669.870724514.
[I 2025-01-23 12:15:14,685] Trial 26 finished with value: 102478022.17749241 and parameters: {'num_leaves': 31, 'lambda_l1': 4.6288770891950565e-06, 'lambda_l2': 1.8071475600149765e-05, 'learning_rate': 0.29538670686500074}. Best is trial 3 with value: 48745669.870724514.
[I 2025-01-23 12:15:17,371] Trial 27 finished with value: 184777441.4545398 and parameters: {'num_leaves': 606, 'lambda_l1': 3.118640990463757e-05, 'lambda_l2': 3.029376243038568e-05, 'learning_rate': 0.09037933381367537}. Best is trial 3 with value: 48745669.870724514.
[I 2025-01-23 12:15:21,859] Trial 28 finished with value: 133845402.73584518 and parameters: {'num_leaves': 1887, 'lambda_l1': 0.002796500336931865, 'lambda_l2': 0.0008390382903257176, 'learning_rate': 0.2086654372239424}. Best is trial 3 with value: 48745669.870724514.
[I 2025-01-23 12:15:25,001] Trial 29 finished with value: 196663171.77467772 and parameters: {'num_leaves': 110, 'lambda_l1': 1.6107000676804705e-06, 'lambda_l2': 0.03703907351337544, 'learning_rate': 0.06730731105272007}. Best is trial 3 with value: 48745669.870724514.
[I 2025-01-23 12:15:25,563] Trial 30 finished with value: 152824633.0369187 and parameters: {'num_leaves': 21, 'lambda_l1': 1.28883083476642e-07, 'lambda_l2': 1.0625720575727307e-05, 'learning_rate': 0.16439778409920092}. Best is trial 3 with value: 48745669.870724514.
[I 2025-01-23 12:15:28,324] Trial 31 finished with value: 126116653.88641524 and parameters: {'num_leaves': 246, 'lambda_l1': 8.581227397874891e-06, 'lambda_l2': 9.795218997275217e-05, 'learning_rate': 0.22364901865090078}. Best is trial 3 with value: 48745669.870724514.
[I 2025-01-23 12:15:31,102] Trial 32 finished with value: 211442964.78211576 and parameters: {'num_leaves': 511, 'lambda_l1': 0.11801605805831632, 'lambda_l2': 0.0010749942544055855, 'learning_rate': 0.04116582992982205}. Best is trial 3 with value: 48745669.870724514.
[I 2025-01-23 12:15:31,758] Trial 33 finished with value: 103268841.95378083 and parameters: {'num_leaves': 38, 'lambda_l1': 6.758782623916958e-06, 'lambda_l2': 1.1184808659619877e-06, 'learning_rate': 0.29228455411229187}. Best is trial 3 with value: 48745669.870724514.
[I 2025-01-23 12:15:32,620] Trial 34 finished with value: 118784413.0972913 and parameters: {'num_leaves': 67, 'lambda_l1': 0.0001692978690548832, 'lambda_l2': 1.4669890718042086e-06, 'learning_rate': 0.24187796922543256}. Best is trial 3 with value: 48745669.870724514.
[I 2025-01-23 12:15:33,220] Trial 35 finished with value: 107339966.16597044 and parameters: {'num_leaves': 32, 'lambda_l1': 1.713246618538832e-05, 'lambda_l2': 0.0001205696346055732, 'learning_rate': 0.28054776857257324}. Best is trial 3 with value: 48745669.870724514.
[I 2025-01-23 12:15:35,159] Trial 36 finished with value: 234736692.82982928 and parameters: {'num_leaves': 134, 'lambda_l1': 1.3675301401580996e-06, 'lambda_l2': 1.231721730262269e-05, 'learning_rate': 0.010516122534474742}. Best is trial 3 with value: 48745669.870724514.
[I 2025-01-23 12:15:36,319] Trial 37 finished with value: 107696385.7438323 and parameters: {'num_leaves': 14, 'lambda_l1': 6.539417129772994e-08, 'lambda_l2': 1.1848618705845028e-06, 'learning_rate': 0.29892358974528116}. Best is trial 3 with value: 48745669.870724514.
[I 2025-01-23 12:15:41,825] Trial 38 finished with value: 230818795.76527262 and parameters: {'num_leaves': 69, 'lambda_l1': 3.7652456221074203e-07, 'lambda_l2': 2.5476070183409674e-08, 'learning_rate': 0.01446282783807609}. Best is trial 3 with value: 48745669.870724514.
[I 2025-01-23 12:15:45,570] Trial 39 finished with value: 189197779.4517986 and parameters: {'num_leaves': 3, 'lambda_l1': 0.0008866675884550724, 'lambda_l2': 4.5435210746620107e-08, 'learning_rate': 0.1292086169851088}. Best is trial 3 with value: 48745669.870724514.
[I 2025-01-23 12:15:50,483] Trial 40 finished with value: 145237688.49384505 and parameters: {'num_leaves': 1595, 'lambda_l1': 4.925767271460757e-05, 'lambda_l2': 0.0002403825400644399, 'learning_rate': 0.17817970706491476}. Best is trial 3 with value: 48745669.870724514.
[I 2025-01-23 12:15:51,547] Trial 41 finished with value: 132399562.88978831 and parameters: {'num_leaves': 6, 'lambda_l1': 1.0681267865185853e-05, 'lambda_l2': 2.8712639074471765e-07, 'learning_rate': 0.23715919904412264}. Best is trial 3 with value: 48745669.870724514.
[I 2025-01-23 12:15:52,839] Trial 42 finished with value: 203678930.89127815 and parameters: {'num_leaves': 29, 'lambda_l1': 0.000316782614216667, 'lambda_l2': 8.225031430259563, 'learning_rate': 0.06981221644226207}. Best is trial 3 with value: 48745669.870724514.
[I 2025-01-23 12:15:54,072] Trial 43 finished with value: 118301622.68201871 and parameters: {'num_leaves': 45, 'lambda_l1': 1.4352865097947602e-05, 'lambda_l2': 6.990559603494646e-05, 'learning_rate': 0.24503227797894037}. Best is trial 3 with value: 48745669.870724514.
[I 2025-01-23 12:15:54,541] Trial 44 finished with value: 108009835.57817379 and parameters: {'num_leaves': 13, 'lambda_l1': 2.070530547055809e-06, 'lambda_l2': 0.0002329924114219536, 'learning_rate': 0.29768908978170755}. Best is trial 3 with value: 48745669.870724514.
[I 2025-01-23 12:15:55,126] Trial 45 finished with value: 143111596.31410474 and parameters: {'num_leaves': 24, 'lambda_l1': 2.3191366923788457e-05, 'lambda_l2': 1.961897979606505e-05, 'learning_rate': 0.18158868430674682}. Best is trial 3 with value: 48745669.870724514.
[I 2025-01-23 12:15:56,177] Trial 46 finished with value: 115626241.32669286 and parameters: {'num_leaves': 92, 'lambda_l1': 2.7690348204143625e-07, 'lambda_l2': 3.2429279402625913e-06, 'learning_rate': 0.2515978498499295}. Best is trial 3 with value: 48745669.870724514.
[I 2025-01-23 12:15:56,807] Trial 47 finished with value: 134259747.05802613 and parameters: {'num_leaves': 31, 'lambda_l1': 9.69791638584614e-07, 'lambda_l2': 0.0006248391610993028, 'learning_rate': 0.2027250762415826}. Best is trial 3 with value: 48745669.870724514.
[I 2025-01-23 12:15:59,431] Trial 48 finished with value: 159691598.53727514 and parameters: {'num_leaves': 472, 'lambda_l1': 6.742800865551051e-06, 'lambda_l2': 5.811182628994399e-06, 'learning_rate': 0.14206400868543362}. Best is trial 3 with value: 48745669.870724514.
[I 2025-01-23 12:16:04,237] Trial 49 finished with value: 112580238.56102729 and parameters: {'num_leaves': 3805, 'lambda_l1': 0.0001268754954624339, 'lambda_l2': 0.00017204499843663732, 'learning_rate': 0.2601889058018178}. Best is trial 3 with value: 48745669.870724514.
[I 2025-01-23 12:16:08,390] Trial 50 finished with value: 145587188.15888754 and parameters: {'num_leaves': 156, 'lambda_l1': 2.71326687827542e-08, 'lambda_l2': 0.002038409672985037, 'learning_rate': 0.17556718428520335}. Best is trial 3 with value: 48745669.870724514.
[I 2025-01-23 12:16:09,299] Trial 51 finished with value: 175182103.2350493 and parameters: {'num_leaves': 57, 'lambda_l1': 5.355143561255853e-07, 'lambda_l2': 1.008295873069157e-08, 'learning_rate': 0.10748888746839919}. Best is trial 3 with value: 48745669.870724514.
[I 2025-01-23 12:16:09,772] Trial 52 finished with value: 130969014.89582555 and parameters: {'num_leaves': 15, 'lambda_l1': 4.079019162189924e-05, 'lambda_l2': 1.5954166245498933e-06, 'learning_rate': 0.2158655968749313}. Best is trial 3 with value: 48745669.870724514.
[I 2025-01-23 12:16:10,251] Trial 53 finished with value: 109466621.94244051 and parameters: {'num_leaves': 14, 'lambda_l1': 4.9809677216346714e-08, 'lambda_l2': 1.07033209357465e-06, 'learning_rate': 0.2943843400004411}. Best is trial 3 with value: 48745669.870724514.
[I 2025-01-23 12:16:10,696] Trial 54 finished with value: 108054689.68916282 and parameters: {'num_leaves': 9, 'lambda_l1': 1.4448733184304985e-07, 'lambda_l2': 8.937062489452619e-05, 'learning_rate': 0.29717946951366797}. Best is trial 3 with value: 48745669.870724514.
[I 2025-01-23 12:16:11,312] Trial 55 finished with value: 117957261.76423924 and parameters: {'num_leaves': 30, 'lambda_l1': 2.2090347425861523e-06, 'lambda_l2': 7.230489174911151e-06, 'learning_rate': 0.24819603751912836}. Best is trial 3 with value: 48745669.870724514.
[I 2025-01-23 12:16:12,132] Trial 56 finished with value: 212497104.29305026 and parameters: {'num_leaves': 39, 'lambda_l1': 5.658995899156986e-07, 'lambda_l2': 1.9076739266975588e-07, 'learning_rate': 0.04036077012623519}. Best is trial 3 with value: 48745669.870724514.
[I 2025-01-23 12:16:12,535] Trial 57 finished with value: 124515214.59193628 and parameters: {'num_leaves': 6, 'lambda_l1': 3.2875820198855673e-08, 'lambda_l2': 6.764148503680504e-07, 'learning_rate': 0.26582626408020876}. Best is trial 3 with value: 48745669.870724514.
[I 2025-01-23 12:16:14,540] Trial 58 finished with value: 137502605.78905085 and parameters: {'num_leaves': 246, 'lambda_l1': 2.1156494441799928e-07, 'lambda_l2': 2.0678015818594316e-05, 'learning_rate': 0.1954558585767021}. Best is trial 3 with value: 48745669.870724514.
[I 2025-01-23 12:16:14,999] Trial 59 finished with value: 154891260.44639984 and parameters: {'num_leaves': 11, 'lambda_l1': 4.044143747918922e-06, 'lambda_l2': 4.529646906001342e-06, 'learning_rate': 0.16192761786876914}. Best is trial 3 with value: 48745669.870724514.
[I 2025-01-23 12:16:15,388] Trial 60 finished with value: 140498004.5447188 and parameters: {'num_leaves': 4, 'lambda_l1': 7.107123504964444e-08, 'lambda_l2': 7.923211048141955e-08, 'learning_rate': 0.22251504863234295}. Best is trial 3 with value: 48745669.870724514.
[I 2025-01-23 12:16:15,922] Trial 61 finished with value: 107892559.20223002 and parameters: {'num_leaves': 19, 'lambda_l1': 9.458722182656679e-07, 'lambda_l2': 4.160366459091903e-05, 'learning_rate': 0.2989688537037304}. Best is trial 3 with value: 48745669.870724514.
[I 2025-01-23 12:16:18,721] Trial 62 finished with value: 111506638.20470023 and parameters: {'num_leaves': 950, 'lambda_l1': 1.3908672528589587e-05, 'lambda_l2': 2.3786632732176314e-06, 'learning_rate': 0.26533121302669505}. Best is trial 3 with value: 48745669.870724514.
[I 2025-01-23 12:16:22,340] Trial 63 finished with value: 105752627.996443 and parameters: {'num_leaves': 20, 'lambda_l1': 8.860753482914682e-07, 'lambda_l2': 3.379596868519889e-05, 'learning_rate': 0.29409151636175596}. Best is trial 3 with value: 48745669.870724514.
[I 2025-01-23 12:16:24,263] Trial 64 finished with value: 129051752.98146245 and parameters: {'num_leaves': 24, 'lambda_l1': 2.633545225346356e-06, 'lambda_l2': 0.00010431696386900225, 'learning_rate': 0.2180619649411985}. Best is trial 3 with value: 48745669.870724514.
[I 2025-01-23 12:16:24,781] Trial 65 finished with value: 116550659.15461579 and parameters: {'num_leaves': 17, 'lambda_l1': 1.2561816564594714e-08, 'lambda_l2': 0.00040589480229705487, 'learning_rate': 0.26210824621267487}. Best is trial 3 with value: 48745669.870724514.
[I 2025-01-23 12:16:25,548] Trial 66 finished with value: 139934311.43386996 and parameters: {'num_leaves': 48, 'lambda_l1': 2.78799869286888e-07, 'lambda_l2': 1.3456465631523791e-05, 'learning_rate': 0.18870278932307885}. Best is trial 3 with value: 48745669.870724514.
[I 2025-01-23 12:16:26,171] Trial 67 finished with value: 124490834.07182577 and parameters: {'num_leaves': 29, 'lambda_l1': 1.13201386637246e-06, 'lambda_l2': 5.210903881445431e-07, 'learning_rate': 0.23309373641041853}. Best is trial 3 with value: 48745669.870724514.
[I 2025-01-23 12:16:28,206] Trial 68 finished with value: 159360751.83751518 and parameters: {'num_leaves': 94, 'lambda_l1': 6.41209969298349e-06, 'lambda_l2': 3.463366212831975e-08, 'learning_rate': 0.1420044291774949}. Best is trial 3 with value: 48745669.870724514.
[I 2025-01-23 12:16:28,645] Trial 69 finished with value: 119408738.3506743 and parameters: {'num_leaves': 8, 'lambda_l1': 7.412220824984046e-05, 'lambda_l2': 3.5048323910671214e-05, 'learning_rate': 0.2677420093237302}. Best is trial 3 with value: 48745669.870724514.
[I 2025-01-23 12:16:29,541] Trial 70 finished with value: 133265799.88304591 and parameters: {'num_leaves': 69, 'lambda_l1': 1.537344569764747e-07, 'lambda_l2': 0.003303799044374911, 'learning_rate': 0.2042439290121871}. Best is trial 3 with value: 48745669.870724514.
[I 2025-01-23 12:16:30,193] Trial 71 finished with value: 101704375.17653532 and parameters: {'num_leaves': 36, 'lambda_l1': 0.0008115136096517824, 'lambda_l2': 0.00014323825980703544, 'learning_rate': 0.2997808834307552}. Best is trial 3 with value: 48745669.870724514.
[I 2025-01-23 12:16:31,904] Trial 72 finished with value: 229605334.76797685 and parameters: {'num_leaves': 120, 'lambda_l1': 0.0016326661591115172, 'lambda_l2': 0.0001502976936612068, 'learning_rate': 0.016232383387499907}. Best is trial 3 with value: 48745669.870724514.
[I 2025-01-23 12:16:32,528] Trial 73 finished with value: 109666106.08249156 and parameters: {'num_leaves': 32, 'lambda_l1': 0.010572626089371907, 'lambda_l2': 5.548344353432442e-05, 'learning_rate': 0.2773040795026652}. Best is trial 3 with value: 48745669.870724514.
[I 2025-01-23 12:16:33,936] Trial 74 finished with value: 123997310.19326048 and parameters: {'num_leaves': 42, 'lambda_l1': 0.15372133674458704, 'lambda_l2': 0.0004302129041671095, 'learning_rate': 0.22823015658967635}. Best is trial 3 with value: 48745669.870724514.
[I 2025-01-23 12:16:35,083] Trial 75 finished with value: 105670195.3536227 and parameters: {'num_leaves': 21, 'lambda_l1': 0.0001933379988904489, 'lambda_l2': 0.6351003898442374, 'learning_rate': 0.2980213031354246}. Best is trial 3 with value: 48745669.870724514.
[I 2025-01-23 12:16:36,510] Trial 76 finished with value: 121912192.62605628 and parameters: {'num_leaves': 63, 'lambda_l1': 0.0005489419801502203, 'lambda_l2': 0.6304760356564193, 'learning_rate': 0.2393147694992138}. Best is trial 3 with value: 48745669.870724514.
[I 2025-01-23 12:16:37,123] Trial 77 finished with value: 109412166.3299685 and parameters: {'num_leaves': 26, 'lambda_l1': 0.00017273615516319858, 'lambda_l2': 0.2209687292641796, 'learning_rate': 0.2714599471345605}. Best is trial 3 with value: 48745669.870724514.
[I 2025-01-23 12:16:37,679] Trial 78 finished with value: 148062807.61038002 and parameters: {'num_leaves': 21, 'lambda_l1': 0.004756196094266118, 'lambda_l2': 0.0012682321793871059, 'learning_rate': 0.172993643247361}. Best is trial 3 with value: 48745669.870724514.
[I 2025-01-23 12:16:38,351] Trial 79 finished with value: 132991185.42024192 and parameters: {'num_leaves': 37, 'lambda_l1': 1.8281719987175748e-05, 'lambda_l2': 2.336276477660241e-05, 'learning_rate': 0.2076358105821027}. Best is trial 3 with value: 48745669.870724514.
[I 2025-01-23 12:16:39,332] Trial 80 finished with value: 127098742.62141974 and parameters: {'num_leaves': 84, 'lambda_l1': 2.967989241323437e-05, 'lambda_l2': 2.0611596253375915, 'learning_rate': 0.2410961165530751}. Best is trial 3 with value: 48745669.870724514.
[I 2025-01-23 12:16:41,216] Trial 81 finished with value: 107623854.91362873 and parameters: {'num_leaves': 51, 'lambda_l1': 0.00023566164857339214, 'lambda_l2': 0.07222881328138539, 'learning_rate': 0.2791464047016469}. Best is trial 3 with value: 48745669.870724514.
[I 2025-01-23 12:16:41,680] Trial 82 finished with value: 142630488.63760063 and parameters: {'num_leaves': 11, 'lambda_l1': 0.0007498748989043936, 'lambda_l2': 0.005734497715447977, 'learning_rate': 0.19271954058668264}. Best is trial 3 with value: 48745669.870724514.
[I 2025-01-23 12:16:43,442] Trial 83 finished with value: 112861393.5109171 and parameters: {'num_leaves': 17, 'lambda_l1': 0.00024044960036967485, 'lambda_l2': 0.031669477739939264, 'learning_rate': 0.2764991466230525}. Best is trial 3 with value: 48745669.870724514.
[I 2025-01-23 12:16:44,211] Trial 84 finished with value: 117598935.7096037 and parameters: {'num_leaves': 51, 'lambda_l1': 0.0016417847774306705, 'lambda_l2': 0.2046667972017859, 'learning_rate': 0.2526548583205296}. Best is trial 3 with value: 48745669.870724514.
[I 2025-01-23 12:16:47,770] Trial 85 finished with value: 107290077.1606497 and parameters: {'num_leaves': 379, 'lambda_l1': 8.45594225210269e-05, 'lambda_l2': 0.09689528611410068, 'learning_rate': 0.2812484943369319}. Best is trial 3 with value: 48745669.870724514.
[I 2025-01-23 12:16:50,972] Trial 86 finished with value: 105921040.99711177 and parameters: {'num_leaves': 722, 'lambda_l1': 9.713564225533846e-05, 'lambda_l2': 1.4675537010937167, 'learning_rate': 0.2998429018191822}. Best is trial 3 with value: 48745669.870724514.
[I 2025-01-23 12:16:53,188] Trial 87 finished with value: 107179221.37101148 and parameters: {'num_leaves': 427, 'lambda_l1': 7.876661132089477e-05, 'lambda_l2': 1.7154948595758757, 'learning_rate': 0.29932866697191574}. Best is trial 3 with value: 48745669.870724514.
[I 2025-01-23 12:16:55,421] Trial 88 finished with value: 132628208.11254565 and parameters: {'num_leaves': 689, 'lambda_l1': 5.102048589867552e-05, 'lambda_l2': 2.1650570116813173, 'learning_rate': 0.224316925019481}. Best is trial 3 with value: 48745669.870724514.
[I 2025-01-23 12:16:57,585] Trial 89 finished with value: 126119631.61133349 and parameters: {'num_leaves': 433, 'lambda_l1': 4.072730568115384e-06, 'lambda_l2': 3.169437117299075, 'learning_rate': 0.2519591685559318}. Best is trial 3 with value: 48745669.870724514.
[I 2025-01-23 12:17:02,477] Trial 90 finished with value: 103576001.45015147 and parameters: {'num_leaves': 1167, 'lambda_l1': 0.0004015989287302599, 'lambda_l2': 0.6259966313717568, 'learning_rate': 0.2975772373357442}. Best is trial 3 with value: 48745669.870724514.
[I 2025-01-23 12:17:06,086] Trial 91 finished with value: 199032680.1996401 and parameters: {'num_leaves': 1466, 'lambda_l1': 0.027688412542140762, 'lambda_l2': 6.707857763990761, 'learning_rate': 0.07725094727697418}. Best is trial 3 with value: 48745669.870724514.
[I 2025-01-23 12:17:09,098] Trial 92 finished with value: 132195252.58760631 and parameters: {'num_leaves': 1433, 'lambda_l1': 0.000507511792269888, 'lambda_l2': 0.3936826016666697, 'learning_rate': 0.21262091022242682}. Best is trial 3 with value: 48745669.870724514.
[I 2025-01-23 12:17:12,172] Trial 93 finished with value: 105068630.86750051 and parameters: {'num_leaves': 1196, 'lambda_l1': 0.001159807046499733, 'lambda_l2': 0.8904440445330346, 'learning_rate': 0.29552570995245514}. Best is trial 3 with value: 48745669.870724514.
[I 2025-01-23 12:17:14,270] Trial 94 finished with value: 205383566.70150343 and parameters: {'num_leaves': 802, 'lambda_l1': 0.003343384106441348, 'lambda_l2': 0.8530568839846127, 'learning_rate': 0.05249711187258522}. Best is trial 3 with value: 48745669.870724514.
[I 2025-01-23 12:17:19,097] Trial 95 finished with value: 117920251.72579083 and parameters: {'num_leaves': 1154, 'lambda_l1': 0.0009697451982267579, 'lambda_l2': 1.0691404022965805, 'learning_rate': 0.2560892579459291}. Best is trial 3 with value: 48745669.870724514.
[I 2025-01-23 12:17:21,820] Trial 96 finished with value: 225537279.24317652 and parameters: {'num_leaves': 2591, 'lambda_l1': 0.000321280863780385, 'lambda_l2': 5.0740921391694975, 'learning_rate': 0.027600516227937053}. Best is trial 3 with value: 48745669.870724514.
[I 2025-01-23 12:17:25,395] Trial 97 finished with value: 124042577.97836962 and parameters: {'num_leaves': 2452, 'lambda_l1': 9.362711208891238e-06, 'lambda_l2': 0.3637923704898165, 'learning_rate': 0.23391553202583246}. Best is trial 3 with value: 48745669.870724514.
[I 2025-01-23 12:17:27,566] Trial 98 finished with value: 108728444.05623615 and parameters: {'num_leaves': 293, 'lambda_l1': 0.0018453118492155853, 'lambda_l2': 1.2766094071480951, 'learning_rate': 0.2833256667362674}. Best is trial 3 with value: 48745669.870724514.
[I 2025-01-23 12:17:30,685] Trial 99 finished with value: 214241479.78579408 and parameters: {'num_leaves': 571, 'lambda_l1': 1.5938353623637342e-06, 'lambda_l2': 0.15448023702056596, 'learning_rate': 0.037126408373017165}. Best is trial 3 with value: 48745669.870724514.
[I 2025-01-23 12:17:33,319] Trial 100 finished with value: 104285287.26229765 and parameters: {'num_leaves': 867, 'lambda_l1': 0.006763738917974186, 'lambda_l2': 0.62270865998118, 'learning_rate': 0.2990517057406455}. Best is trial 3 with value: 48745669.870724514.
[I 2025-01-23 12:17:37,832] Trial 101 finished with value: 115808583.34805807 and parameters: {'num_leaves': 1186, 'lambda_l1': 0.030860721789428638, 'lambda_l2': 1.2529809505189365e-05, 'learning_rate': 0.2510405999401782}. Best is trial 3 with value: 48745669.870724514.
[I 2025-01-23 12:17:41,061] Trial 102 finished with value: 111877469.9985553 and parameters: {'num_leaves': 912, 'lambda_l1': 0.0066737241792100685, 'lambda_l2': 0.5234575526055321, 'learning_rate': 0.268255369398844}. Best is trial 3 with value: 48745669.870724514.
[I 2025-01-23 12:17:45,267] Trial 103 finished with value: 104569708.52609989 and parameters: {'num_leaves': 644, 'lambda_l1': 0.0012165084136720739, 'lambda_l2': 0.3156953450623588, 'learning_rate': 0.29376284041052547}. Best is trial 3 with value: 48745669.870724514.
[I 2025-01-23 12:17:48,115] Trial 104 finished with value: 111003455.07820365 and parameters: {'num_leaves': 1138, 'lambda_l1': 0.002627814351749041, 'lambda_l2': 3.2296665223707715, 'learning_rate': 0.2991513650595094}. Best is trial 3 with value: 48745669.870724514.
[I 2025-01-23 12:17:55,146] Using an existing study with name 'LightGBM_Abalone' instead of creating a new one.
[I 2025-01-23 12:17:57,939] Trial 200 finished with value: 4.768909644560739 and parameters: {'num_leaves': 38, 'lambda_l1': 4.013091402266944e-05, 'lambda_l2': 0.41924747135525087, 'learning_rate': 0.018272002016717356}. Best is trial 163 with value: 4.486410577271952.
[I 2025-01-23 12:18:01,001] Trial 201 finished with value: 4.5807031245118965 and parameters: {'num_leaves': 23, 'lambda_l1': 2.5788647846194196e-08, 'lambda_l2': 0.009002153855604607, 'learning_rate': 0.03207115916215915}. Best is trial 163 with value: 4.486410577271952.
[I 2025-01-23 12:18:01,521] Trial 202 finished with value: 4.548786675018739 and parameters: {'num_leaves': 29, 'lambda_l1': 1.2889181602426649e-05, 'lambda_l2': 0.006256731747437662, 'learning_rate': 0.15535347368405036}. Best is trial 163 with value: 4.486410577271952.
[I 2025-01-23 12:18:02,097] Trial 203 finished with value: 4.57965689002839 and parameters: {'num_leaves': 20, 'lambda_l1': 0.00021442455880034384, 'lambda_l2': 6.957168160113918e-05, 'learning_rate': 0.03474465582338129}. Best is trial 163 with value: 4.486410577271952.
[I 2025-01-23 12:18:03,847] Trial 204 finished with value: 4.58684777937473 and parameters: {'num_leaves': 25, 'lambda_l1': 2.4713450439795786e-05, 'lambda_l2': 0.002274623596181692, 'learning_rate': 0.029633321104408045}. Best is trial 163 with value: 4.486410577271952.
[I 2025-01-23 12:18:04,687] Trial 205 finished with value: 4.596803596568303 and parameters: {'num_leaves': 47, 'lambda_l1': 1.918294782936623e-08, 'lambda_l2': 0.017440450960337518, 'learning_rate': 0.02745328222162372}. Best is trial 163 with value: 4.486410577271952.
[I 2025-01-23 12:18:05,377] Trial 206 finished with value: 4.7289948479583765 and parameters: {'num_leaves': 31, 'lambda_l1': 4.2124924589996346e-07, 'lambda_l2': 4.509309304258364, 'learning_rate': 0.02102193350355222}. Best is trial 163 with value: 4.486410577271952.
[I 2025-01-23 12:18:05,965] Trial 207 finished with value: 4.708917206707483 and parameters: {'num_leaves': 21, 'lambda_l1': 0.00428656567166678, 'lambda_l2': 0.004011358666436701, 'learning_rate': 0.023615340410878316}. Best is trial 163 with value: 4.486410577271952.
[I 2025-01-23 12:18:06,583] Trial 208 finished with value: 4.558823580172761 and parameters: {'num_leaves': 26, 'lambda_l1': 7.363720827418915e-05, 'lambda_l2': 0.0011707060591962981, 'learning_rate': 0.03339237690735432}. Best is trial 163 with value: 4.486410577271952.
[I 2025-01-23 12:18:07,137] Trial 209 finished with value: 4.589629295241852 and parameters: {'num_leaves': 18, 'lambda_l1': 0.0001353844586542531, 'lambda_l2': 0.0017281838896742604, 'learning_rate': 0.03635462465459423}. Best is trial 163 with value: 4.486410577271952.
[I 2025-01-23 12:18:07,841] Trial 210 finished with value: 4.578746993674616 and parameters: {'num_leaves': 33, 'lambda_l1': 4.3143386592834504e-08, 'lambda_l2': 3.0773829313124295, 'learning_rate': 0.030485661862618352}. Best is trial 163 with value: 4.486410577271952.
[I 2025-01-23 12:18:08,461] Trial 211 finished with value: 4.912867694166795 and parameters: {'num_leaves': 24, 'lambda_l1': 2.8314924919820878e-05, 'lambda_l2': 0.002280003683913761, 'learning_rate': 0.016591106570466196}. Best is trial 163 with value: 4.486410577271952.
[I 2025-01-23 12:18:09,102] Trial 212 finished with value: 4.820266568287876 and parameters: {'num_leaves': 26, 'lambda_l1': 1.6832012215095252e-05, 'lambda_l2': 0.003064111822708779, 'learning_rate': 0.018225540979417084}. Best is trial 163 with value: 4.486410577271952.
[I 2025-01-23 12:18:09,699] Trial 213 finished with value: 4.823781147143755 and parameters: {'num_leaves': 22, 'lambda_l1': 4.4853275586024804e-05, 'lambda_l2': 0.0015581508674828363, 'learning_rate': 0.018900382539807487}. Best is trial 163 with value: 4.486410577271952.
[I 2025-01-23 12:18:10,373] Trial 214 finished with value: 4.7315920014923085 and parameters: {'num_leaves': 31, 'lambda_l1': 7.521828161273944e-06, 'lambda_l2': 0.005833401551022295, 'learning_rate': 0.020176669031540074}. Best is trial 163 with value: 4.486410577271952.
[I 2025-01-23 12:18:10,884] Trial 215 finished with value: 4.973909831079828 and parameters: {'num_leaves': 16, 'lambda_l1': 3.106665844426432e-05, 'lambda_l2': 0.8512240879396606, 'learning_rate': 0.017550352379787356}. Best is trial 163 with value: 4.486410577271952.
[I 2025-01-23 12:18:11,428] Trial 216 finished with value: 4.517942724568853 and parameters: {'num_leaves': 25, 'lambda_l1': 1.174102294785498e-05, 'lambda_l2': 0.0008253513989364497, 'learning_rate': 0.07186570812269423}. Best is trial 163 with value: 4.486410577271952.
[I 2025-01-23 12:18:12,555] Trial 217 finished with value: 5.535774658565861 and parameters: {'num_leaves': 7, 'lambda_l1': 4.236984025284269e-06, 'lambda_l2': 1.4405023667757795, 'learning_rate': 0.015612576176177588}. Best is trial 163 with value: 4.486410577271952.
[I 2025-01-23 12:18:14,663] Trial 218 finished with value: 4.615650199573395 and parameters: {'num_leaves': 37, 'lambda_l1': 8.229399184414767e-05, 'lambda_l2': 0.0035576227664409605, 'learning_rate': 0.0251286790754091}. Best is trial 163 with value: 4.486410577271952.
[I 2025-01-23 12:18:15,325] Trial 219 finished with value: 4.703258302296386 and parameters: {'num_leaves': 29, 'lambda_l1': 2.399327543974726e-05, 'lambda_l2': 2.0534563283677844e-08, 'learning_rate': 0.02177032350388362}. Best is trial 163 with value: 4.486410577271952.
[I 2025-01-23 12:18:16,909] Trial 220 finished with value: 4.5600595536316515 and parameters: {'num_leaves': 20, 'lambda_l1': 6.039973761161457e-05, 'lambda_l2': 0.001970412737469758, 'learning_rate': 0.2311153316652832}. Best is trial 163 with value: 4.486410577271952.
[I 2025-01-23 12:18:18,732] Trial 221 finished with value: 4.6781044663780165 and parameters: {'num_leaves': 23, 'lambda_l1': 0.00011372447748235374, 'lambda_l2': 1.066246388440841, 'learning_rate': 0.024849650819385193}. Best is trial 163 with value: 4.486410577271952.
[I 2025-01-23 12:18:19,383] Trial 222 finished with value: 4.652712435697759 and parameters: {'num_leaves': 23, 'lambda_l1': 0.00017042016855138112, 'lambda_l2': 1.7844809362558698, 'learning_rate': 0.02622719232876272}. Best is trial 163 with value: 4.486410577271952.
[I 2025-01-23 12:18:19,950] Trial 223 finished with value: 4.634325872395506 and parameters: {'num_leaves': 21, 'lambda_l1': 0.00015034503101468737, 'lambda_l2': 0.5618221316869355, 'learning_rate': 0.028340135033070576}. Best is trial 163 with value: 4.486410577271952.
[I 2025-01-23 12:18:20,624] Trial 224 finished with value: 4.682717434244897 and parameters: {'num_leaves': 27, 'lambda_l1': 1.7973578207778375e-05, 'lambda_l2': 1.1703782814256392, 'learning_rate': 0.023156431989325123}. Best is trial 163 with value: 4.486410577271952.
[I 2025-01-23 12:18:22,388] Trial 225 finished with value: 4.846512279454366 and parameters: {'num_leaves': 18, 'lambda_l1': 3.761120393184345e-05, 'lambda_l2': 0.0010066428618165134, 'learning_rate': 0.01955329470135251}. Best is trial 163 with value: 4.486410577271952.
[I 2025-01-23 12:18:22,945] Trial 226 finished with value: 4.668612519673047 and parameters: {'num_leaves': 13, 'lambda_l1': 9.265870549685793e-05, 'lambda_l2': 0.008495905962159005, 'learning_rate': 0.032520151834179285}. Best is trial 163 with value: 4.486410577271952.
[I 2025-01-23 12:18:23,376] Trial 227 finished with value: 4.583913517556934 and parameters: {'num_leaves': 31, 'lambda_l1': 0.0003201699351424892, 'lambda_l2': 2.8056460488015817, 'learning_rate': 0.18223769736610448}. Best is trial 163 with value: 4.486410577271952.
[I 2025-01-23 12:18:23,987] Trial 228 finished with value: 4.778236310611403 and parameters: {'num_leaves': 23, 'lambda_l1': 1.0213045095573965e-08, 'lambda_l2': 6.377131087304059, 'learning_rate': 0.021612574865689526}. Best is trial 163 with value: 4.486410577271952.
[I 2025-01-23 12:18:24,630] Trial 229 finished with value: 4.648957595245353 and parameters: {'num_leaves': 28, 'lambda_l1': 6.334400179386685e-07, 'lambda_l2': 0.00508433801969665, 'learning_rate': 0.02441515639881129}. Best is trial 163 with value: 4.486410577271952.
[I 2025-01-23 12:18:26,012] Trial 230 finished with value: 4.570482326788912 and parameters: {'num_leaves': 40, 'lambda_l1': 6.810277332301065e-06, 'lambda_l2': 0.00043212986812112653, 'learning_rate': 0.030184338076723275}. Best is trial 163 with value: 4.486410577271952.
[I 2025-01-23 12:18:27,205] Trial 231 finished with value: 4.552690301140352 and parameters: {'num_leaves': 20, 'lambda_l1': 2.096937095361368e-05, 'lambda_l2': 0.001559419567480207, 'learning_rate': 0.040016492096665}. Best is trial 163 with value: 4.486410577271952.
[I 2025-01-23 12:18:28,454] Trial 232 finished with value: 4.5492393893225 and parameters: {'num_leaves': 25, 'lambda_l1': 1.1003363440041762e-05, 'lambda_l2': 3.751562442080634e-06, 'learning_rate': 0.036290253945913904}. Best is trial 163 with value: 4.486410577271952.
[I 2025-01-23 12:18:28,958] Trial 233 finished with value: 4.937161040727403 and parameters: {'num_leaves': 16, 'lambda_l1': 5.282031573919822e-05, 'lambda_l2': 2.2673809482442082e-07, 'learning_rate': 0.018133952750506364}. Best is trial 163 with value: 4.486410577271952.
[I 2025-01-23 12:18:29,582] Trial 234 finished with value: 4.6313813211622215 and parameters: {'num_leaves': 22, 'lambda_l1': 0.01652100487771072, 'lambda_l2': 9.54093536919817e-06, 'learning_rate': 0.02721802764212634}. Best is trial 163 with value: 4.486410577271952.
[I 2025-01-23 12:18:30,264] Trial 235 finished with value: 4.534859081892742 and parameters: {'num_leaves': 32, 'lambda_l1': 0.20247585897895962, 'lambda_l2': 0.002180399393482591, 'learning_rate': 0.03855734239955829}. Best is trial 163 with value: 4.486410577271952.
[I 2025-01-23 12:18:30,895] Trial 236 finished with value: 4.744367949689463 and parameters: {'num_leaves': 27, 'lambda_l1': 2.8068284966816105e-05, 'lambda_l2': 0.0028856984473610986, 'learning_rate': 0.020243124197416414}. Best is trial 163 with value: 4.486410577271952.
[I 2025-01-23 12:18:31,365] Trial 237 finished with value: 4.5409974284940695 and parameters: {'num_leaves': 19, 'lambda_l1': 0.0014260215029805977, 'lambda_l2': 1.4442036584029379, 'learning_rate': 0.10075835443920132}. Best is trial 163 with value: 4.486410577271952.
[I 2025-01-23 12:18:32,002] Trial 238 finished with value: 4.70193147872646 and parameters: {'num_leaves': 24, 'lambda_l1': 0.00014254672602391494, 'lambda_l2': 0.00018803809311123502, 'learning_rate': 0.022827805437028916}. Best is trial 163 with value: 4.486410577271952.
[I 2025-01-23 12:18:32,712] Trial 239 finished with value: 4.826446062580474 and parameters: {'num_leaves': 35, 'lambda_l1': 1.2984922229043815e-05, 'lambda_l2': 0.004665960094847684, 'learning_rate': 0.016962793562207392}. Best is trial 163 with value: 4.486410577271952.
[I 2025-01-23 12:18:33,112] Trial 240 finished with value: 4.581434391728449 and parameters: {'num_leaves': 5, 'lambda_l1': 0.00022021692130244362, 'lambda_l2': 0.0012016729461134363, 'learning_rate': 0.13144852445787908}. Best is trial 163 with value: 4.486410577271952.
[I 2025-01-23 12:18:33,723] Trial 241 finished with value: 4.78279265828216 and parameters: {'num_leaves': 24, 'lambda_l1': 8.116635579026375e-06, 'lambda_l2': 0.008562926188824135, 'learning_rate': 0.01942476757220324}. Best is trial 163 with value: 4.486410577271952.
[I 2025-01-23 12:18:35,549] Trial 242 finished with value: 4.749485704165542 and parameters: {'num_leaves': 29, 'lambda_l1': 1.4594771507483648e-05, 'lambda_l2': 0.011474146098115453, 'learning_rate': 0.01991354313650155}. Best is trial 163 with value: 4.486410577271952.
[I 2025-01-23 12:18:37,391] Trial 243 finished with value: 4.836095883506076 and parameters: {'num_leaves': 22, 'lambda_l1': 5.297348403083089e-06, 'lambda_l2': 0.013009446809951109, 'learning_rate': 0.018721943559546605}. Best is trial 163 with value: 4.486410577271952.
[I 2025-01-23 12:18:38,071] Trial 244 finished with value: 4.735070293118385 and parameters: {'num_leaves': 26, 'lambda_l1': 3.6442440397706775e-05, 'lambda_l2': 0.0032005639798725087, 'learning_rate': 0.021076963299716076}. Best is trial 163 with value: 4.486410577271952.
[I 2025-01-23 12:18:38,625] Trial 245 finished with value: 4.649630486531869 and parameters: {'num_leaves': 19, 'lambda_l1': 9.072674676448102e-06, 'lambda_l2': 0.019989254277296937, 'learning_rate': 0.02857215869347151}. Best is trial 163 with value: 4.486410577271952.
[I 2025-01-23 12:18:41,830] Trial 246 finished with value: 4.829210229009548 and parameters: {'num_leaves': 31, 'lambda_l1': 1.9280837771085552e-05, 'lambda_l2': 3.953490351689699e-05, 'learning_rate': 0.01745407755219077}. Best is trial 163 with value: 4.486410577271952.
[I 2025-01-23 12:18:43,112] Trial 247 finished with value: 4.664804523701769 and parameters: {'num_leaves': 22, 'lambda_l1': 6.807877842796303e-05, 'lambda_l2': 0.006883497993424759, 'learning_rate': 0.02603241565455395}. Best is trial 163 with value: 4.486410577271952.
[I 2025-01-23 12:18:43,758] Trial 248 finished with value: 4.561016885392208 and parameters: {'num_leaves': 28, 'lambda_l1': 4.478345440838166e-05, 'lambda_l2': 2.388780636409646, 'learning_rate': 0.0329500643132703}. Best is trial 163 with value: 4.486410577271952.
[I 2025-01-23 12:18:45,448] Trial 249 finished with value: 4.737737438703846 and parameters: {'num_leaves': 499, 'lambda_l1': 0.00010240741796533027, 'lambda_l2': 0.0007656163962904265, 'learning_rate': 0.018382661835246464}. Best is trial 163 with value: 4.486410577271952.
[I 2025-01-23 12:18:45,983] Trial 250 finished with value: 4.760301185130331 and parameters: {'num_leaves': 17, 'lambda_l1': 3.090009954640424e-06, 'lambda_l2': 4.364265503778636, 'learning_rate': 0.02382033511461888}. Best is trial 163 with value: 4.486410577271952.
[I 2025-01-23 12:18:46,606] Trial 251 finished with value: 4.572524387540552 and parameters: {'num_leaves': 25, 'lambda_l1': 1.6040306798217176e-08, 'lambda_l2': 0.0015353986525808003, 'learning_rate': 0.030796008361519182}. Best is trial 163 with value: 4.486410577271952.
[I 2025-01-23 12:18:47,375] Trial 252 finished with value: 4.694414900528889 and parameters: {'num_leaves': 37, 'lambda_l1': 2.7046823843677704e-05, 'lambda_l2': 0.005201824322352605, 'learning_rate': 0.021213566164289727}. Best is trial 163 with value: 4.486410577271952.
[I 2025-01-23 12:18:48,069] Trial 253 finished with value: 4.661050774931054 and parameters: {'num_leaves': 33, 'lambda_l1': 9.7778446509202e-06, 'lambda_l2': 0.0025863841243997446, 'learning_rate': 0.022669850222815868}. Best is trial 163 with value: 4.486410577271952.
[I 2025-01-23 12:18:48,637] Trial 254 finished with value: 4.647326035604117 and parameters: {'num_leaves': 20, 'lambda_l1': 8.648685925091248e-08, 'lambda_l2': 0.7833310281060278, 'learning_rate': 0.02851052142455985}. Best is trial 163 with value: 4.486410577271952.
[I 2025-01-23 12:18:50,407] Trial 255 finished with value: 4.626984579226518 and parameters: {'num_leaves': 856, 'lambda_l1': 1.657037611344483e-05, 'lambda_l2': 0.335227239114474, 'learning_rate': 0.02547110859601068}. Best is trial 163 with value: 4.486410577271952.
[I 2025-01-23 12:18:51,052] Trial 256 finished with value: 4.769822822272121 and parameters: {'num_leaves': 29, 'lambda_l1': 5.188538532043981e-05, 'lambda_l2': 1.9328070835059475e-06, 'learning_rate': 0.01919151427756114}. Best is trial 163 with value: 4.486410577271952.
[I 2025-01-23 12:18:51,658] Trial 257 finished with value: 4.75737838983921 and parameters: {'num_leaves': 24, 'lambda_l1': 5.592666977332772e-06, 'lambda_l2': 0.009409072338734564, 'learning_rate': 0.02051599731366812}. Best is trial 163 with value: 4.486410577271952.
[I 2025-01-23 12:18:52,132] Trial 258 finished with value: 4.537152918371544 and parameters: {'num_leaves': 14, 'lambda_l1': 0.00013388154867853018, 'lambda_l2': 5.134089747451225e-07, 'learning_rate': 0.08426816155933914}. Best is trial 163 with value: 4.486410577271952.
[I 2025-01-23 12:18:52,691] Trial 259 finished with value: 4.950960229254816 and parameters: {'num_leaves': 20, 'lambda_l1': 3.108400111968959e-05, 'lambda_l2': 7.829317969626824e-08, 'learning_rate': 0.016634462887356767}. Best is trial 163 with value: 4.486410577271952.
[I 2025-01-23 12:18:53,301] Trial 260 finished with value: 4.54458210572351 and parameters: {'num_leaves': 27, 'lambda_l1': 7.186578612044338e-05, 'lambda_l2': 0.003998951118028596, 'learning_rate': 0.036535978494803334}. Best is trial 163 with value: 4.486410577271952.
[I 2025-01-23 12:18:58,433] Trial 261 finished with value: 4.63217992829322 and parameters: {'num_leaves': 17, 'lambda_l1': 3.192974088829201e-08, 'lambda_l2': 0.00010558146090282786, 'learning_rate': 0.03179666927423966}. Best is trial 163 with value: 4.486410577271952.
[I 2025-01-23 12:18:59,066] Trial 262 finished with value: 4.691116680470172 and parameters: {'num_leaves': 22, 'lambda_l1': 1.2416052097492815e-05, 'lambda_l2': 8.950129528736083e-07, 'learning_rate': 0.024227154113971826}. Best is trial 163 with value: 4.486410577271952.
[I 2025-01-23 12:18:59,877] Trial 263 finished with value: 4.587354350712693 and parameters: {'num_leaves': 44, 'lambda_l1': 1.7691254480801883e-06, 'lambda_l2': 2.178516625688759e-05, 'learning_rate': 0.027452293443590188}. Best is trial 163 with value: 4.486410577271952.
[I 2025-01-23 12:19:00,320] Trial 264 finished with value: 5.370726860477473 and parameters: {'num_leaves': 9, 'lambda_l1': 2.1418532192366996e-07, 'lambda_l2': 8.498890815066797, 'learning_rate': 0.01569681733157365}. Best is trial 163 with value: 4.486410577271952.
[I 2025-01-23 12:19:02,107] Trial 265 finished with value: 4.81358604163611 and parameters: {'num_leaves': 33, 'lambda_l1': 0.00021670271576180303, 'lambda_l2': 1.7117179296249645, 'learning_rate': 0.017835641384308102}. Best is trial 163 with value: 4.486410577271952.
[I 2025-01-23 12:19:02,542] Trial 266 finished with value: 4.54423726674343 and parameters: {'num_leaves': 26, 'lambda_l1': 9.342868551856073e-05, 'lambda_l2': 0.0010812103974943757, 'learning_rate': 0.19661770739233017}. Best is trial 163 with value: 4.486410577271952.
[I 2025-01-23 12:19:03,134] Trial 267 finished with value: 4.713426064226149 and parameters: {'num_leaves': 23, 'lambda_l1': 2.3959363841874166e-05, 'lambda_l2': 1.3246116435286957e-08, 'learning_rate': 0.022465706901850725}. Best is trial 163 with value: 4.486410577271952.
[I 2025-01-23 12:19:03,855] Trial 268 finished with value: 4.727344008293114 and parameters: {'num_leaves': 36, 'lambda_l1': 1.754436134184167e-05, 'lambda_l2': 0.033502973122701465, 'learning_rate': 0.01981251518204252}. Best is trial 163 with value: 4.486410577271952.
[I 2025-01-23 12:19:04,515] Trial 269 finished with value: 4.597166829292813 and parameters: {'num_leaves': 30, 'lambda_l1': 7.187332011461227e-06, 'lambda_l2': 0.0018772577784515552, 'learning_rate': 0.026962678243265283}. Best is trial 163 with value: 4.486410577271952.
[I 2025-01-23 12:19:05,125] Trial 270 finished with value: 4.5489176628011485 and parameters: {'num_leaves': 25, 'lambda_l1': 3.802737400734458e-05, 'lambda_l2': 0.0005223682110367415, 'learning_rate': 0.03384530691077559}. Best is trial 163 with value: 4.486410577271952.
[I 2025-01-23 12:19:05,696] Trial 271 finished with value: 4.641858188303764 and parameters: {'num_leaves': 19, 'lambda_l1': 0.0006846728798153841, 'lambda_l2': 0.0034871206355191224, 'learning_rate': 0.02976785713628012}. Best is trial 163 with value: 4.486410577271952.
[I 2025-01-23 12:19:06,336] Trial 272 finished with value: 4.5204581406961815 and parameters: {'num_leaves': 30, 'lambda_l1': 0.00038331605307170597, 'lambda_l2': 0.1848091112677267, 'learning_rate': 0.03863796267982603}. Best is trial 163 with value: 4.486410577271952.
[I 2025-01-23 12:19:06,866] Trial 273 finished with value: 4.8464856167712815 and parameters: {'num_leaves': 15, 'lambda_l1': 1.0529200555103922e-05, 'lambda_l2': 3.250886550620664, 'learning_rate': 0.021316999678027863}. Best is trial 163 with value: 4.486410577271952.
[I 2025-01-23 12:19:07,422] Trial 274 finished with value: 4.681508816476287 and parameters: {'num_leaves': 21, 'lambda_l1': 3.880683482457566e-06, 'lambda_l2': 0.01218298959067618, 'learning_rate': 0.025040382949530707}. Best is trial 163 with value: 4.486410577271952.
[I 2025-01-23 12:19:08,058] Trial 275 finished with value: 4.809018839045628 and parameters: {'num_leaves': 25, 'lambda_l1': 0.00014214677732989574, 'lambda_l2': 1.2096381320856568, 'learning_rate': 0.018842014627769663}. Best is trial 163 with value: 4.486410577271952.
[I 2025-01-23 12:19:10,638] Trial 276 finished with value: 4.638525851657503 and parameters: {'num_leaves': 187, 'lambda_l1': 4.868870732192514e-05, 'lambda_l2': 0.0021918886431751728, 'learning_rate': 0.023396900051015617}. Best is trial 163 with value: 4.486410577271952.
[I 2025-01-23 12:19:12,017] Trial 277 finished with value: 4.574070686443855 and parameters: {'num_leaves': 38, 'lambda_l1': 6.957320418058929e-05, 'lambda_l2': 0.005599857364980287, 'learning_rate': 0.031036412900567186}. Best is trial 163 with value: 4.486410577271952.
[I 2025-01-23 12:19:12,534] Trial 278 finished with value: 4.562003190240268 and parameters: {'num_leaves': 17, 'lambda_l1': 1.9119470153585474e-05, 'lambda_l2': 0.0013718548842946304, 'learning_rate': 0.04366831767935984}. Best is trial 163 with value: 4.486410577271952.
[I 2025-01-23 12:19:13,166] Trial 279 finished with value: 4.843097100480885 and parameters: {'num_leaves': 29, 'lambda_l1': 3.029803852306453e-05, 'lambda_l2': 0.6073372780871297, 'learning_rate': 0.017361216094896947}. Best is trial 163 with value: 4.486410577271952.
[I 2025-01-23 12:19:13,720] Trial 280 finished with value: 4.568142443959751 and parameters: {'num_leaves': 21, 'lambda_l1': 0.0002314508675129068, 'lambda_l2': 4.950437481708255e-08, 'learning_rate': 0.03463293106835213}. Best is trial 163 with value: 4.486410577271952.
[I 2025-01-23 12:19:15,347] Trial 281 finished with value: 4.764357285733025 and parameters: {'num_leaves': 11, 'lambda_l1': 1.2039128502507186e-05, 'lambda_l2': 0.0028748841041371237, 'learning_rate': 0.028432388273571876}. Best is trial 163 with value: 4.486410577271952.
[I 2025-01-23 12:19:17,121] Trial 282 finished with value: 4.751769265096633 and parameters: {'num_leaves': 26, 'lambda_l1': 0.007494271021405489, 'lambda_l2': 0.0009563893748875452, 'learning_rate': 0.02039994141809063}. Best is trial 163 with value: 4.486410577271952.
[I 2025-01-23 12:19:17,561] Trial 283 finished with value: 4.589940136884116 and parameters: {'num_leaves': 33, 'lambda_l1': 0.00010346185806329547, 'lambda_l2': 1.9497243529927504, 'learning_rate': 0.25237721322315776}. Best is trial 163 with value: 4.486410577271952.
[I 2025-01-23 12:19:18,141] Trial 284 finished with value: 4.639884511269935 and parameters: {'num_leaves': 23, 'lambda_l1': 2.3203514951730575e-08, 'lambda_l2': 0.008149775876245028, 'learning_rate': 0.026010835085881583}. Best is trial 163 with value: 4.486410577271952.
[I 2025-01-23 12:19:18,545] Trial 285 finished with value: 4.559247741472861 and parameters: {'num_leaves': 19, 'lambda_l1': 6.960209341844067e-06, 'lambda_l2': 0.0018564893966849295, 'learning_rate': 0.16175615588110615}. Best is trial 163 with value: 4.486410577271952.
[I 2025-01-23 12:19:19,293] Trial 286 finished with value: 4.99613000007818 and parameters: {'num_leaves': 40, 'lambda_l1': 2.12948586596534e-05, 'lambda_l2': 0.004139618403616779, 'learning_rate': 0.013838378611580368}. Best is trial 163 with value: 4.486410577271952.
[I 2025-01-23 12:19:20,991] Trial 287 finished with value: 4.694835863475252 and parameters: {'num_leaves': 28, 'lambda_l1': 5.7192347364387157e-05, 'lambda_l2': 0.9609824481690421, 'learning_rate': 0.02205803761058771}. Best is trial 163 with value: 4.486410577271952.
[I 2025-01-23 12:19:21,552] Trial 288 finished with value: 4.83983228697752 and parameters: {'num_leaves': 22, 'lambda_l1': 1.623451413934701e-05, 'lambda_l2': 0.0007207449094900385, 'learning_rate': 0.01850054573363259}. Best is trial 163 with value: 4.486410577271952.
[I 2025-01-23 12:19:22,237] Trial 289 finished with value: 4.602931391348572 and parameters: {'num_leaves': 34, 'lambda_l1': 3.6809361111862105e-05, 'lambda_l2': 4.808056700953191, 'learning_rate': 0.029204420842476014}. Best is trial 163 with value: 4.486410577271952.
[I 2025-01-23 12:19:24,229] Trial 290 finished with value: 4.866752950137491 and parameters: {'num_leaves': 17, 'lambda_l1': 9.135293892782033e-06, 'lambda_l2': 0.006271349648537824, 'learning_rate': 0.019571042102726935}. Best is trial 163 with value: 4.486410577271952.
[I 2025-01-23 12:19:25,476] Trial 291 finished with value: 4.653413362338673 and parameters: {'num_leaves': 26, 'lambda_l1': 0.002542407386594589, 'lambda_l2': 0.0003359869286533545, 'learning_rate': 0.024672278661498067}. Best is trial 163 with value: 4.486410577271952.
[I 2025-01-23 12:19:26,337] Trial 292 finished with value: 4.8306278608085895 and parameters: {'num_leaves': 51, 'lambda_l1': 1.0159600316728697e-06, 'lambda_l2': 0.0013740225591240146, 'learning_rate': 0.01620005058065094}. Best is trial 163 with value: 4.486410577271952.
[I 2025-01-23 12:19:27,015] Trial 293 finished with value: 4.695057284936301 and parameters: {'num_leaves': 32, 'lambda_l1': 3.1733750138746754e-07, 'lambda_l2': 0.0031124455354385977, 'learning_rate': 0.021744542084869433}. Best is trial 163 with value: 4.486410577271952.
[I 2025-01-23 12:19:28,129] Trial 294 finished with value: 4.590463897220485 and parameters: {'num_leaves': 85, 'lambda_l1': 0.00016912082389668122, 'lambda_l2': 0.015874125326852315, 'learning_rate': 0.03220700302319399}. Best is trial 163 with value: 4.486410577271952.
[I 2025-01-23 12:19:28,583] Trial 295 finished with value: 4.534477541895455 and parameters: {'num_leaves': 23, 'lambda_l1': 4.71953251557114e-06, 'lambda_l2': 5.775237951078961e-06, 'learning_rate': 0.14690711911331372}. Best is trial 163 with value: 4.486410577271952.
[I 2025-01-23 12:19:29,116] Trial 296 finished with value: 4.565927390811714 and parameters: {'num_leaves': 19, 'lambda_l1': 7.715883126922125e-05, 'lambda_l2': 2.2942912456701245, 'learning_rate': 0.04087710314875881}. Best is trial 163 with value: 4.486410577271952.
[I 2025-01-23 12:19:29,759] Trial 297 finished with value: 4.610260107711551 and parameters: {'num_leaves': 28, 'lambda_l1': 5.691178110883107e-08, 'lambda_l2': 0.002344225989149887, 'learning_rate': 0.026837030293323873}. Best is trial 163 with value: 4.486410577271952.
[I 2025-01-23 12:19:30,560] Trial 298 finished with value: 4.550191052486538 and parameters: {'num_leaves': 44, 'lambda_l1': 2.6614053357310123e-05, 'lambda_l2': 0.005094453334686572, 'learning_rate': 0.036593657461907854}. Best is trial 163 with value: 4.486410577271952.
[I 2025-01-23 12:19:31,234] Trial 299 finished with value: 4.856463255798087 and parameters: {'num_leaves': 24, 'lambda_l1': 1.4107776260672738e-05, 'lambda_l2': 0.00106974117347743, 'learning_rate': 0.01769184619077196}. Best is trial 163 with value: 4.486410577271952.
[I 2025-01-23 12:19:45,264] Using an existing study with name 'LightGBM_NYC_Taxi' instead of creating a new one.
[I 2025-01-23 12:20:59,241] Trial 200 finished with value: 3.1623103147569553 and parameters: {'num_leaves': 2370, 'lambda_l1': 0.0343074320876473, 'lambda_l2': 0.000581339915043327, 'learning_rate': 0.051794328570140824}. Best is trial 175 with value: 3.0347291833074177.
[I 2025-01-23 12:22:04,791] Trial 201 finished with value: 3.1795415930088433 and parameters: {'num_leaves': 2026, 'lambda_l1': 0.08100426620887531, 'lambda_l2': 6.198440368223582e-08, 'learning_rate': 0.04737770453361337}. Best is trial 175 with value: 3.0347291833074177.
[I 2025-01-23 12:23:12,698] Trial 202 finished with value: 3.16398250060498 and parameters: {'num_leaves': 2260, 'lambda_l1': 0.11103590364162372, 'lambda_l2': 1.519213177775678e-07, 'learning_rate': 0.0463930246565195}. Best is trial 175 with value: 3.0347291833074177.
[I 2025-01-23 12:24:01,218] Trial 203 finished with value: 3.190109122983232 and parameters: {'num_leaves': 1496, 'lambda_l1': 0.18270509017956066, 'lambda_l2': 6.128354640206999e-08, 'learning_rate': 0.0426249552713619}. Best is trial 175 with value: 3.0347291833074177.
[I 2025-01-23 12:24:19,823] Trial 204 finished with value: 3.274207379895825 and parameters: {'num_leaves': 285, 'lambda_l1': 0.06228342761708784, 'lambda_l2': 2.4737070248218973e-08, 'learning_rate': 0.038194840707555806}. Best is trial 175 with value: 3.0347291833074177.
[I 2025-01-23 12:25:15,674] Trial 205 finished with value: 3.1750698108974116 and parameters: {'num_leaves': 1754, 'lambda_l1': 0.12029046245470525, 'lambda_l2': 1.0749185507505076e-07, 'learning_rate': 0.043335776346225416}. Best is trial 175 with value: 3.0347291833074177.
[I 2025-01-23 12:26:33,856] Trial 206 finished with value: 3.1844500047838205 and parameters: {'num_leaves': 2788, 'lambda_l1': 0.017031377578339658, 'lambda_l2': 3.218950773600912e-08, 'learning_rate': 0.034929979225250346}. Best is trial 175 with value: 3.0347291833074177.
[I 2025-01-23 12:27:36,822] Trial 207 finished with value: 3.1629809244486946 and parameters: {'num_leaves': 2135, 'lambda_l1': 0.3067962060909108, 'lambda_l2': 4.7500502444099027e-08, 'learning_rate': 0.049263371743914236}. Best is trial 175 with value: 3.0347291833074177.
[I 2025-01-23 12:29:12,392] Trial 208 finished with value: 3.163723550322704 and parameters: {'num_leaves': 3514, 'lambda_l1': 0.04117143267421721, 'lambda_l2': 1.9327298280381995e-08, 'learning_rate': 0.03953242464597588}. Best is trial 175 with value: 3.0347291833074177.
[I 2025-01-23 12:29:43,605] Trial 209 finished with value: 3.2651133006669313 and parameters: {'num_leaves': 1591, 'lambda_l1': 0.07387818121721641, 'lambda_l2': 7.709070727486919e-08, 'learning_rate': 0.25332289160182364}. Best is trial 175 with value: 3.0347291833074177.
[I 2025-01-23 12:30:51,505] Trial 210 finished with value: 3.1985551441729902 and parameters: {'num_leaves': 2524, 'lambda_l1': 0.17722234933152112, 'lambda_l2': 2.49960464180105e-07, 'learning_rate': 0.033021185184178715}. Best is trial 175 with value: 3.0347291833074177.
[I 2025-01-23 12:31:57,919] Trial 211 finished with value: 3.172719691268224 and parameters: {'num_leaves': 2495, 'lambda_l1': 0.256738293304723, 'lambda_l2': 3.931308253589354e-08, 'learning_rate': 0.04574831486195009}. Best is trial 175 with value: 3.0347291833074177.
[I 2025-01-23 12:32:56,729] Trial 212 finished with value: 3.1797575781531524 and parameters: {'num_leaves': 2104, 'lambda_l1': 0.20438281227350524, 'lambda_l2': 3.4565021584909624e-08, 'learning_rate': 0.04276859103704146}. Best is trial 175 with value: 3.0347291833074177.
[I 2025-01-23 12:34:15,566] Trial 213 finished with value: 3.1363225279488818 and parameters: {'num_leaves': 3029, 'lambda_l1': 0.003919830293861803, 'lambda_l2': 5.338931769241521e-08, 'learning_rate': 0.05515551472454082}. Best is trial 175 with value: 3.0347291833074177.
[I 2025-01-23 12:35:12,021] Trial 214 finished with value: 3.186947494802683 and parameters: {'num_leaves': 1927, 'lambda_l1': 1.812763819016073e-05, 'lambda_l2': 2.2045177030871138e-08, 'learning_rate': 0.03737738041586674}. Best is trial 175 with value: 3.0347291833074177.
[I 2025-01-23 12:36:22,412] Trial 215 finished with value: 3.1839535286249188 and parameters: {'num_leaves': 2473, 'lambda_l1': 0.10715681923057514, 'lambda_l2': 8.967058570568484e-08, 'learning_rate': 0.04108513629776499}. Best is trial 175 with value: 3.0347291833074177.
[I 2025-01-23 12:37:41,449] Trial 216 finished with value: 3.176075154205456 and parameters: {'num_leaves': 3107, 'lambda_l1': 0.4426660175847923, 'lambda_l2': 1.4203515179821925e-08, 'learning_rate': 0.04434897859601342}. Best is trial 175 with value: 3.0347291833074177.
[I 2025-01-23 12:37:55,501] Trial 217 finished with value: 3.30417530190946 and parameters: {'num_leaves': 170, 'lambda_l1': 0.15186681205329236, 'lambda_l2': 3.187611659586318e-08, 'learning_rate': 0.039645554201872504}. Best is trial 175 with value: 3.0347291833074177.
[I 2025-01-23 12:38:55,932] Trial 218 finished with value: 3.2006477070815285 and parameters: {'num_leaves': 2177, 'lambda_l1': 0.30695222132194117, 'lambda_l2': 5.458351839923157e-08, 'learning_rate': 0.03659756779471942}. Best is trial 175 with value: 3.0347291833074177.
[I 2025-01-23 12:39:37,098] Trial 219 finished with value: 3.2213513529240836 and parameters: {'num_leaves': 1721, 'lambda_l1': 0.059115075672760274, 'lambda_l2': 2.0945211198645317e-08, 'learning_rate': 0.1878048023940137}. Best is trial 175 with value: 3.0347291833074177.
[I 2025-01-23 12:39:47,559] Trial 220 finished with value: 3.393146230150594 and parameters: {'num_leaves': 62, 'lambda_l1': 0.08600073939993426, 'lambda_l2': 1.576871721684971e-07, 'learning_rate': 0.046503142216428886}. Best is trial 175 with value: 3.0347291833074177.
[I 2025-01-23 12:40:48,185] Trial 221 finished with value: 3.1812740708120257 and parameters: {'num_leaves': 2034, 'lambda_l1': 0.3028688060631747, 'lambda_l2': 3.448289741968607e-08, 'learning_rate': 0.04163567247155338}. Best is trial 175 with value: 3.0347291833074177.
[I 2025-01-23 12:41:41,038] Trial 222 finished with value: 3.1899513894777614 and parameters: {'num_leaves': 1804, 'lambda_l1': 0.22800439523695168, 'lambda_l2': 4.0994450990721056e-08, 'learning_rate': 0.04244776190341932}. Best is trial 175 with value: 3.0347291833074177.
[I 2025-01-23 12:42:51,773] Trial 223 finished with value: 3.180323050549574 and parameters: {'num_leaves': 2626, 'lambda_l1': 0.13503392654218296, 'lambda_l2': 1.0254758981379867e-08, 'learning_rate': 0.03890857761211156}. Best is trial 175 with value: 3.0347291833074177.
[I 2025-01-23 12:43:37,692] Trial 224 finished with value: 3.1649888755212054 and parameters: {'num_leaves': 1449, 'lambda_l1': 0.11152308030495153, 'lambda_l2': 2.7192019887091083e-08, 'learning_rate': 0.049422527503120935}. Best is trial 175 with value: 3.0347291833074177.
[I 2025-01-23 12:44:40,834] Trial 225 finished with value: 3.181700294436018 and parameters: {'num_leaves': 2276, 'lambda_l1': 0.3534697988698793, 'lambda_l2': 7.196417721159816e-08, 'learning_rate': 0.044559531904896844}. Best is trial 175 with value: 3.0347291833074177.
[I 2025-01-23 12:46:15,662] Trial 226 finished with value: 3.1855147832933572 and parameters: {'num_leaves': 3598, 'lambda_l1': 0.4795241251055284, 'lambda_l2': 1.7463990562745298e-08, 'learning_rate': 0.03601552981530753}. Best is trial 175 with value: 3.0347291833074177.
[I 2025-01-23 12:47:16,343] Trial 227 finished with value: 3.194427401190051 and parameters: {'num_leaves': 1937, 'lambda_l1': 0.20532979918595357, 'lambda_l2': 4.1466471462761294e-08, 'learning_rate': 0.04169823276610332}. Best is trial 175 with value: 3.0347291833074177.
[I 2025-01-23 12:48:31,546] Trial 228 finished with value: 3.1919355792345465 and parameters: {'num_leaves': 2760, 'lambda_l1': 0.05034238982803655, 'lambda_l2': 2.606654869506951e-08, 'learning_rate': 0.03258200139598277}. Best is trial 175 with value: 3.0347291833074177.
[I 2025-01-23 12:49:41,677] Trial 229 finished with value: 3.184373518526824 and parameters: {'num_leaves': 2370, 'lambda_l1': 0.08453874488444756, 'lambda_l2': 1.0152591737942225e-07, 'learning_rate': 0.040162441961214324}. Best is trial 175 with value: 3.0347291833074177.
[I 2025-01-23 12:50:31,137] Trial 230 finished with value: 3.1711850269951958 and parameters: {'num_leaves': 1646, 'lambda_l1': 0.03492935636020559, 'lambda_l2': 5.780221583213131e-08, 'learning_rate': 0.05181634876996784}. Best is trial 175 with value: 3.0347291833074177.
[I 2025-01-23 12:51:16,490] Trial 231 finished with value: 3.2175828485154305 and parameters: {'num_leaves': 1378, 'lambda_l1': 0.0450751858293429, 'lambda_l2': 3.4391221907784474e-08, 'learning_rate': 0.03563706213908039}. Best is trial 175 with value: 3.0347291833074177.
[I 2025-01-23 12:52:13,583] Trial 232 finished with value: 3.1601932611978474 and parameters: {'num_leaves': 1864, 'lambda_l1': 0.1389593722001176, 'lambda_l2': 1.7236329070240275e-08, 'learning_rate': 0.13235376866075882}. Best is trial 175 with value: 3.0347291833074177.
[I 2025-01-23 12:53:09,207] Trial 233 finished with value: 3.2142504833881373 and parameters: {'num_leaves': 1596, 'lambda_l1': 0.07100207105305298, 'lambda_l2': 4.423009737166187e-08, 'learning_rate': 0.0372584896599028}. Best is trial 175 with value: 3.0347291833074177.
[I 2025-01-23 12:54:14,207] Trial 234 finished with value: 3.1981250913006796 and parameters: {'num_leaves': 2017, 'lambda_l1': 0.19999416308658652, 'lambda_l2': 2.8751326152145526e-08, 'learning_rate': 0.038675066995885764}. Best is trial 175 with value: 3.0347291833074177.
[I 2025-01-23 12:55:23,032] Trial 235 finished with value: 3.1614108962917964 and parameters: {'num_leaves': 2510, 'lambda_l1': 0.0975831165597085, 'lambda_l2': 6.934139644878883e-08, 'learning_rate': 0.04571361587081741}. Best is trial 175 with value: 3.0347291833074177.
[I 2025-01-23 12:56:45,921] Trial 236 finished with value: 3.179163745543009 and parameters: {'num_leaves': 3107, 'lambda_l1': 0.022485355029503443, 'lambda_l2': 1.4825697522440366e-08, 'learning_rate': 0.0346212523173165}. Best is trial 175 with value: 3.0347291833074177.
[I 2025-01-23 12:57:37,751] Trial 237 finished with value: 3.229322072417399 and parameters: {'num_leaves': 1645, 'lambda_l1': 0.5703753338098247, 'lambda_l2': 1.2096546801791533e-07, 'learning_rate': 0.03133945611743157}. Best is trial 175 with value: 3.0347291833074177.
[I 2025-01-23 12:58:19,666] Trial 238 finished with value: 3.196490426024495 and parameters: {'num_leaves': 1234, 'lambda_l1': 0.038095066042824366, 'lambda_l2': 2.345707639311715e-08, 'learning_rate': 0.042881009169336036}. Best is trial 175 with value: 3.0347291833074177.
[I 2025-01-23 12:59:23,796] Trial 239 finished with value: 3.184024685413754 and parameters: {'num_leaves': 2211, 'lambda_l1': 0.06413983091201442, 'lambda_l2': 0.008667795053264614, 'learning_rate': 0.03998101228894587}. Best is trial 175 with value: 3.0347291833074177.
[I 2025-01-23 13:00:34,550] Trial 240 finished with value: 3.1575279200512876 and parameters: {'num_leaves': 2721, 'lambda_l1': 0.15897889182256852, 'lambda_l2': 1.0004787896702057e-08, 'learning_rate': 0.047640707780600755}. Best is trial 175 with value: 3.0347291833074177.
[I 2025-01-23 13:02:17,631] Trial 241 finished with value: 3.150219971300385 and parameters: {'num_leaves': 4061, 'lambda_l1': 0.1542717378547575, 'lambda_l2': 1.301715738104155e-08, 'learning_rate': 0.04256914326582198}. Best is trial 175 with value: 3.0347291833074177.
[I 2025-01-23 13:03:30,357] Trial 242 finished with value: 3.20123716702194 and parameters: {'num_leaves': 2506, 'lambda_l1': 0.2762545452613646, 'lambda_l2': 4.1435931464118815e-08, 'learning_rate': 0.03768422307714071}. Best is trial 175 with value: 3.0347291833074177.
[I 2025-01-23 13:04:28,333] Trial 243 finished with value: 3.196248401679173 and parameters: {'num_leaves': 1977, 'lambda_l1': 0.10494501985839143, 'lambda_l2': 2.254491986654048e-08, 'learning_rate': 0.041473731349578956}. Best is trial 175 with value: 3.0347291833074177.
[I 2025-01-23 13:05:50,973] Trial 244 finished with value: 3.16218439797417 and parameters: {'num_leaves': 2961, 'lambda_l1': 0.14284126230272576, 'lambda_l2': 4.575508412276562e-06, 'learning_rate': 0.04446104531724597}. Best is trial 175 with value: 3.0347291833074177.
[I 2025-01-23 13:06:55,808] Trial 245 finished with value: 3.197250836865171 and parameters: {'num_leaves': 2191, 'lambda_l1': 0.07588538669920174, 'lambda_l2': 1.629865328670636e-08, 'learning_rate': 0.036378597867527916}. Best is trial 175 with value: 3.0347291833074177.
[I 2025-01-23 13:08:04,656] Trial 246 finished with value: 3.1761222277721357 and parameters: {'num_leaves': 2566, 'lambda_l1': 0.23095159399733844, 'lambda_l2': 3.412281687795922e-08, 'learning_rate': 0.039360174310356974}. Best is trial 175 with value: 3.0347291833074177.
[I 2025-01-23 13:09:00,574] Trial 247 finished with value: 3.2103847828377505 and parameters: {'num_leaves': 1813, 'lambda_l1': 2.658460822641698e-06, 'lambda_l2': 6.269569916159812e-08, 'learning_rate': 0.03412571617520143}. Best is trial 175 with value: 3.0347291833074177.
[I 2025-01-23 13:10:29,680] Trial 248 finished with value: 3.136499668104009 and parameters: {'num_leaves': 3399, 'lambda_l1': 0.05278840297613822, 'lambda_l2': 2.917273813823604e-08, 'learning_rate': 0.047198590639981636}. Best is trial 175 with value: 3.0347291833074177.
[I 2025-01-23 13:11:32,340] Trial 249 finished with value: 3.1877164407152683 and parameters: {'num_leaves': 2153, 'lambda_l1': 0.38359201641659996, 'lambda_l2': 8.038612862040132e-08, 'learning_rate': 0.041513410831420995}. Best is trial 175 with value: 3.0347291833074177.
[I 2025-01-23 13:12:48,746] Trial 250 finished with value: 3.167196098932782 and parameters: {'num_leaves': 2829, 'lambda_l1': 0.10889585229768907, 'lambda_l2': 4.7926537654754156e-08, 'learning_rate': 0.04435311675906139}. Best is trial 175 with value: 3.0347291833074177.
[I 2025-01-23 13:13:39,445] Trial 251 finished with value: 3.201182099208431 and parameters: {'num_leaves': 1588, 'lambda_l1': 0.16335326521921478, 'lambda_l2': 1.4946982067983532e-08, 'learning_rate': 0.037622476356965875}. Best is trial 175 with value: 3.0347291833074177.
[I 2025-01-23 13:14:43,701] Trial 252 finished with value: 3.187519357134562 and parameters: {'num_leaves': 1934, 'lambda_l1': 0.08222042246484726, 'lambda_l2': 2.177081355676569e-08, 'learning_rate': 0.04069581339015899}. Best is trial 175 with value: 3.0347291833074177.
[I 2025-01-23 13:15:49,452] Trial 253 finished with value: 3.1450743477464185 and parameters: {'num_leaves': 2403, 'lambda_l1': 0.030088720214080177, 'lambda_l2': 4.486766006663371e-08, 'learning_rate': 0.05000201349887815}. Best is trial 175 with value: 3.0347291833074177.
[I 2025-01-23 13:16:02,695] Trial 254 finished with value: 3.3466940496959703 and parameters: {'num_leaves': 103, 'lambda_l1': 0.2722719615856876, 'lambda_l2': 6.37847415418313e-05, 'learning_rate': 0.04324229853442925}. Best is trial 175 with value: 3.0347291833074177.
[I 2025-01-23 13:17:26,656] Trial 255 finished with value: 3.2094189195930185 and parameters: {'num_leaves': 3101, 'lambda_l1': 0.05185558971011231, 'lambda_l2': 9.321909610020355e-08, 'learning_rate': 0.030217185506966227}. Best is trial 175 with value: 3.0347291833074177.
[I 2025-01-23 13:18:13,456] Trial 256 finished with value: 3.223922716942038 and parameters: {'num_leaves': 1426, 'lambda_l1': 0.1904344359563319, 'lambda_l2': 2.8781696550910098e-08, 'learning_rate': 0.034012068069441743}. Best is trial 175 with value: 3.0347291833074177.
[I 2025-01-23 13:19:16,085] Trial 257 finished with value: 3.1921463062557263 and parameters: {'num_leaves': 2220, 'lambda_l1': 0.11044746930456123, 'lambda_l2': 6.220971086460489e-08, 'learning_rate': 0.037866782739359166}. Best is trial 175 with value: 3.0347291833074177.
[I 2025-01-23 13:19:37,666] Trial 258 finished with value: 3.246846679671498 and parameters: {'num_leaves': 446, 'lambda_l1': 0.396051263461448, 'lambda_l2': 1.3876155519623204e-08, 'learning_rate': 0.045585527432719514}. Best is trial 175 with value: 3.0347291833074177.
[I 2025-01-23 13:21:11,150] Trial 259 finished with value: 3.1619626643940406 and parameters: {'num_leaves': 3665, 'lambda_l1': 0.07931600717390003, 'lambda_l2': 1.4601863340656065e-07, 'learning_rate': 0.0402852830592631}. Best is trial 175 with value: 3.0347291833074177.
[I 2025-01-23 13:22:07,537] Trial 260 finished with value: 3.2116056631830476 and parameters: {'num_leaves': 1755, 'lambda_l1': 0.6912030812050001, 'lambda_l2': 1.9534155618865387e-08, 'learning_rate': 0.03563857282154111}. Best is trial 175 with value: 3.0347291833074177.
[I 2025-01-23 13:23:19,532] Trial 261 finished with value: 3.201495615388693 and parameters: {'num_leaves': 2645, 'lambda_l1': 0.1410286519736216, 'lambda_l2': 3.60240820989238e-08, 'learning_rate': 0.03215299484456525}. Best is trial 175 with value: 3.0347291833074177.
[I 2025-01-23 13:24:19,540] Trial 262 finished with value: 3.1694244656027504 and parameters: {'num_leaves': 1932, 'lambda_l1': 0.04088148567858158, 'lambda_l2': 4.875216790677156e-08, 'learning_rate': 0.048205714678533754}. Best is trial 175 with value: 3.0347291833074177.
[I 2025-01-23 13:25:25,308] Trial 263 finished with value: 3.178864329713159 and parameters: {'num_leaves': 2208, 'lambda_l1': 0.23811298891876614, 'lambda_l2': 2.5655348558499e-08, 'learning_rate': 0.04245213023316437}. Best is trial 175 with value: 3.0347291833074177.
[I 2025-01-23 13:26:46,648] Trial 264 finished with value: 3.182270522578485 and parameters: {'num_leaves': 2804, 'lambda_l1': 0.09545750315402186, 'lambda_l2': 1.0020427152551618e-08, 'learning_rate': 0.038587883254557344}. Best is trial 175 with value: 3.0347291833074177.
[I 2025-01-23 13:27:43,082] Trial 265 finished with value: 3.194624309193685 and parameters: {'num_leaves': 1558, 'lambda_l1': 0.00038300477109597835, 'lambda_l2': 9.47186288776814e-08, 'learning_rate': 0.044980630216308125}. Best is trial 175 with value: 3.0347291833074177.
[I 2025-01-23 13:28:55,916] Trial 266 finished with value: 3.1315474046041976 and parameters: {'num_leaves': 2404, 'lambda_l1': 0.058445954390040064, 'lambda_l2': 2.110114963418487e-07, 'learning_rate': 0.06138963699372646}. Best is trial 175 with value: 3.0347291833074177.
[I 2025-01-23 13:30:23,248] Trial 267 finished with value: 3.180359042676214 and parameters: {'num_leaves': 3265, 'lambda_l1': 0.1692374148383269, 'lambda_l2': 6.336888974464383e-08, 'learning_rate': 0.03595157687740014}. Best is trial 175 with value: 3.0347291833074177.
[I 2025-01-23 13:31:20,024] Trial 268 finished with value: 3.1805137410715756 and parameters: {'num_leaves': 1856, 'lambda_l1': 0.3631263942674061, 'lambda_l2': 3.366690765960892e-08, 'learning_rate': 0.041105803897856515}. Best is trial 175 with value: 3.0347291833074177.
[I 2025-01-23 13:32:31,918] Trial 269 finished with value: 3.156936116278682 and parameters: {'num_leaves': 2564, 'lambda_l1': 0.12142641062027414, 'lambda_l2': 1.9351498208831287e-08, 'learning_rate': 0.05080379441539545}. Best is trial 175 with value: 3.0347291833074177.
[I 2025-01-23 13:33:32,951] Trial 270 finished with value: 3.1562741947092685 and parameters: {'num_leaves': 2052, 'lambda_l1': 0.02619714140806749, 'lambda_l2': 4.6019277636470624e-08, 'learning_rate': 0.05427126777301607}. Best is trial 175 with value: 3.0347291833074177.
[I 2025-01-23 13:34:16,661] Trial 271 finished with value: 3.2039664174344358 and parameters: {'num_leaves': 1352, 'lambda_l1': 0.05925514840724028, 'lambda_l2': 1.4843595220973181e-08, 'learning_rate': 0.03859336958311446}. Best is trial 175 with value: 3.0347291833074177.
[I 2025-01-23 13:35:57,271] Trial 272 finished with value: 3.1470750369475327 and parameters: {'num_leaves': 3946, 'lambda_l1': 0.014906338549746297, 'lambda_l2': 1.0199743621273442e-07, 'learning_rate': 0.046842579125740844}. Best is trial 175 with value: 3.0347291833074177.
[I 2025-01-23 13:36:35,216] Trial 273 finished with value: 3.2439116621160657 and parameters: {'num_leaves': 1030, 'lambda_l1': 0.23278331135738733, 'lambda_l2': 2.6853530001260953e-08, 'learning_rate': 0.033258303402692736}. Best is trial 175 with value: 3.0347291833074177.
[I 2025-01-23 13:37:57,778] Trial 274 finished with value: 3.1834219641284762 and parameters: {'num_leaves': 3150, 'lambda_l1': 0.5345137529696586, 'lambda_l2': 7.60927362572139e-08, 'learning_rate': 0.0429031748453527}. Best is trial 175 with value: 3.0347291833074177.
[I 2025-01-23 13:38:51,526] Trial 275 finished with value: 3.1940499872239725 and parameters: {'num_leaves': 1682, 'lambda_l1': 0.08667232906319389, 'lambda_l2': 3.565920970784507e-08, 'learning_rate': 0.036532986214663006}. Best is trial 175 with value: 3.0347291833074177.
[I 2025-01-23 13:39:56,256] Trial 276 finished with value: 3.1818900202073435 and parameters: {'num_leaves': 2275, 'lambda_l1': 0.1317247676539526, 'lambda_l2': 1.8340431394966946e-08, 'learning_rate': 0.040210822604999565}. Best is trial 175 with value: 3.0347291833074177.
[I 2025-01-23 13:41:13,636] Trial 277 finished with value: 3.17215614752621 and parameters: {'num_leaves': 2844, 'lambda_l1': 0.2746398060538791, 'lambda_l2': 1.343171723418129e-07, 'learning_rate': 0.04388780032652402}. Best is trial 175 with value: 3.0347291833074177.
[I 2025-01-23 13:42:12,839] Trial 278 finished with value: 3.218884787263407 and parameters: {'num_leaves': 1942, 'lambda_l1': 0.03859457448792485, 'lambda_l2': 5.477224585428086e-08, 'learning_rate': 0.029514161366018463}. Best is trial 175 with value: 3.0347291833074177.
[I 2025-01-23 13:43:23,168] Trial 279 finished with value: 3.1747752780001948 and parameters: {'num_leaves': 2457, 'lambda_l1': 0.18904275096372902, 'lambda_l2': 0.0001436280658819093, 'learning_rate': 0.03840786964697054}. Best is trial 175 with value: 3.0347291833074177.
[I 2025-01-23 13:44:58,148] Trial 280 finished with value: 3.1457411597120952 and parameters: {'num_leaves': 3563, 'lambda_l1': 0.06860883841699497, 'lambda_l2': 2.8249302288888333e-08, 'learning_rate': 0.04729722481121115}. Best is trial 175 with value: 3.0347291833074177.
[I 2025-01-23 13:45:49,236] Trial 281 finished with value: 3.2760929749418652 and parameters: {'num_leaves': 1545, 'lambda_l1': 0.12251178757912415, 'lambda_l2': 1.2618888376013029e-08, 'learning_rate': 0.02409506534351511}. Best is trial 175 with value: 3.0347291833074177.
[I 2025-01-23 13:46:51,050] Trial 282 finished with value: 3.236155318951016 and parameters: {'num_leaves': 2144, 'lambda_l1': 0.09115760316135374, 'lambda_l2': 2.9816655867570575e-07, 'learning_rate': 0.025621348264521077}. Best is trial 175 with value: 3.0347291833074177.
[I 2025-01-23 13:47:45,775] Trial 283 finished with value: 3.199198820770755 and parameters: {'num_leaves': 1772, 'lambda_l1': 0.04701682967612347, 'lambda_l2': 4.9576151579391326e-08, 'learning_rate': 0.03461886686524772}. Best is trial 175 with value: 3.0347291833074177.
[I 2025-01-23 13:49:06,041] Trial 284 finished with value: 3.17590569849085 and parameters: {'num_leaves': 2804, 'lambda_l1': 0.17655763616599335, 'lambda_l2': 1.017364275087637e-08, 'learning_rate': 0.04099535703582939}. Best is trial 175 with value: 3.0347291833074177.
[I 2025-01-23 13:50:14,768] Trial 285 finished with value: 3.1873208369894312 and parameters: {'num_leaves': 2389, 'lambda_l1': 0.35938000812938264, 'lambda_l2': 2.1402040563717385e-08, 'learning_rate': 0.043609229521964776}. Best is trial 175 with value: 3.0347291833074177.
[I 2025-01-23 13:50:56,417] Trial 286 finished with value: 3.2280037441758394 and parameters: {'num_leaves': 1182, 'lambda_l1': 0.2425428746241738, 'lambda_l2': 7.061144976769138e-07, 'learning_rate': 0.03245729006146196}. Best is trial 175 with value: 3.0347291833074177.
[I 2025-01-23 13:52:22,004] Trial 287 finished with value: 3.168728968923639 and parameters: {'num_leaves': 3159, 'lambda_l1': 5.7394025699239266e-08, 'lambda_l2': 6.919866570169398e-08, 'learning_rate': 0.03701636027960609}. Best is trial 175 with value: 3.0347291833074177.
[I 2025-01-23 13:53:23,078] Trial 288 finished with value: 3.156630952677158 and parameters: {'num_leaves': 1947, 'lambda_l1': 0.06007499306609425, 'lambda_l2': 1.574646479845846e-07, 'learning_rate': 0.05107300515106869}. Best is trial 175 with value: 3.0347291833074177.
[I 2025-01-23 13:54:14,847] Trial 289 finished with value: 3.183800813031198 and parameters: {'num_leaves': 1638, 'lambda_l1': 0.03208938322626858, 'lambda_l2': 3.8924238561118605e-08, 'learning_rate': 0.04519971683022543}. Best is trial 175 with value: 3.0347291833074177.
[I 2025-01-23 13:55:29,324] Trial 290 finished with value: 3.1769967267102044 and parameters: {'num_leaves': 2702, 'lambda_l1': 0.0001412000306148641, 'lambda_l2': 3.1611660386546025e-05, 'learning_rate': 0.040381803776104626}. Best is trial 175 with value: 3.0347291833074177.
[I 2025-01-23 13:56:34,683] Trial 291 finished with value: 3.2089919850565076 and parameters: {'num_leaves': 2184, 'lambda_l1': 0.12455344676735061, 'lambda_l2': 2.1397119580615523e-08, 'learning_rate': 0.03531706016000799}. Best is trial 175 with value: 3.0347291833074177.
[I 2025-01-23 13:57:18,504] Trial 292 finished with value: 3.197215053815526 and parameters: {'num_leaves': 1391, 'lambda_l1': 0.5971347829937983, 'lambda_l2': 8.79749996978474e-08, 'learning_rate': 0.04745440450359027}. Best is trial 175 with value: 3.0347291833074177.
[I 2025-01-23 13:59:08,640] Trial 293 finished with value: 3.15799063669565 and parameters: {'num_leaves': 4096, 'lambda_l1': 0.08685697663510022, 'lambda_l2': 3.055572504519485e-08, 'learning_rate': 0.042074716149726354}. Best is trial 175 with value: 3.0347291833074177.
[I 2025-01-23 14:00:33,750] Trial 294 finished with value: 3.173239285420629 and parameters: {'num_leaves': 3248, 'lambda_l1': 4.947429379827415e-05, 'lambda_l2': 1.5398812182520533e-08, 'learning_rate': 0.0381911334699349}. Best is trial 175 with value: 3.0347291833074177.
[I 2025-01-23 14:01:31,678] Trial 295 finished with value: 3.2079350197094234 and parameters: {'num_leaves': 1900, 'lambda_l1': 0.14562587069870658, 'lambda_l2': 5.592446874893556e-08, 'learning_rate': 0.031257117881314675}. Best is trial 175 with value: 3.0347291833074177.
[I 2025-01-23 14:02:42,880] Trial 296 finished with value: 3.264981006515652 and parameters: {'num_leaves': 2513, 'lambda_l1': 0.022750422650111898, 'lambda_l2': 3.659692558331962e-08, 'learning_rate': 0.022744890898154648}. Best is trial 175 with value: 3.0347291833074177.
[I 2025-01-23 14:03:50,913] Trial 297 finished with value: 3.2985460986030475 and parameters: {'num_leaves': 2178, 'lambda_l1': 0.3318504688935131, 'lambda_l2': 1.0587534807574493e-07, 'learning_rate': 0.02095744678578199}. Best is trial 175 with value: 3.0347291833074177.
[I 2025-01-23 14:05:08,900] Trial 298 finished with value: 3.1819523590548826 and parameters: {'num_leaves': 2793, 'lambda_l1': 0.1929484136256285, 'lambda_l2': 2.336962443497902e-08, 'learning_rate': 0.0398160251679854}. Best is trial 175 with value: 3.0347291833074177.
[I 2025-01-23 14:06:01,703] Trial 299 finished with value: 3.190060405677165 and parameters: {'num_leaves': 1720, 'lambda_l1': 0.08191210655862428, 'lambda_l2': 2.0905800023136656e-07, 'learning_rate': 0.04388010927944651}. Best is trial 175 with value: 3.0347291833074177.
Traceback (most recent call last):
  File "train.py", line 185, in <module>
    main(arguments)
  File "train.py", line 146, in main
    model_name = str2model(args.model_name)
  File "/home/mburu/Master_Thesis/master-thesis-da/DNN_Trial/models/__init__.py", line 37, in str2model
    from models.tree_models import LightGBM
  File "/home/mburu/Master_Thesis/master-thesis-da/DNN_Trial/models/tree_models.py", line 1, in <module>
    import xgboost as xgb
ModuleNotFoundError: No module named 'xgboost'
srun: error: stud-000: task 0: Exited with exit code 1
Traceback (most recent call last):
  File "train.py", line 185, in <module>
    main(arguments)
  File "train.py", line 146, in main
    model_name = str2model(args.model_name)
  File "/home/mburu/Master_Thesis/master-thesis-da/DNN_Trial/models/__init__.py", line 37, in str2model
    from models.tree_models import LightGBM
  File "/home/mburu/Master_Thesis/master-thesis-da/DNN_Trial/models/tree_models.py", line 1, in <module>
    import xgboost as xgb
ModuleNotFoundError: No module named 'xgboost'
srun: error: stud-000: task 0: Exited with exit code 1
