/home/mburu/.local/lib/python3.8/site-packages/sklearn/preprocessing/_encoders.py:975: FutureWarning: `sparse` was renamed to `sparse_output` in version 1.2 and will be removed in 1.4. `sparse_output` is ignored unless you leave `sparse` to its default value.
  warnings.warn(
[I 2024-12-10 08:22:45,320] A new study created in RDB with name: XGBoost_SAT11
[I 2024-12-10 08:22:52,576] Trial 0 finished with value: 1232272.1833964803 and parameters: {'max_depth': 6, 'alpha': 0.0004304749921107339, 'lambda': 0.15769374261019653, 'eta': 0.1268139296231747}. Best is trial 0 with value: 1232272.1833964803.
[I 2024-12-10 08:23:05,569] Trial 1 finished with value: 1240854.2882973372 and parameters: {'max_depth': 5, 'alpha': 3.13960365038869e-08, 'lambda': 1.791880642175846e-06, 'eta': 0.03478601269846083}. Best is trial 0 with value: 1232272.1833964803.
[I 2024-12-10 08:23:13,873] Trial 2 finished with value: 1294223.338800853 and parameters: {'max_depth': 8, 'alpha': 3.024979982911572e-06, 'lambda': 4.1966602084886485e-08, 'eta': 0.148082350943262}. Best is trial 0 with value: 1232272.1833964803.
[I 2024-12-10 08:23:17,077] Trial 3 finished with value: 1303363.3745572125 and parameters: {'max_depth': 4, 'alpha': 2.0545532095826082e-07, 'lambda': 0.0004497864905482959, 'eta': 0.2236314278546845}. Best is trial 0 with value: 1232272.1833964803.
[I 2024-12-10 08:23:32,111] Trial 4 finished with value: 1281892.6438889145 and parameters: {'max_depth': 5, 'alpha': 0.00015859086925837555, 'lambda': 1.4763580705101075e-06, 'eta': 0.024735356504733474}. Best is trial 0 with value: 1232272.1833964803.
[I 2024-12-10 08:23:42,559] Trial 5 finished with value: 1229052.0175072136 and parameters: {'max_depth': 6, 'alpha': 1.293692795501057e-06, 'lambda': 6.627979680201134e-07, 'eta': 0.059441147331191234}. Best is trial 5 with value: 1229052.0175072136.
[I 2024-12-10 08:23:48,676] Trial 6 finished with value: 1866311.320993112 and parameters: {'max_depth': 2, 'alpha': 0.30253798810607063, 'lambda': 0.040124079075817526, 'eta': 0.018785916458264367}. Best is trial 5 with value: 1229052.0175072136.
[I 2024-12-10 08:23:54,996] Trial 7 finished with value: 1633010.10367676 and parameters: {'max_depth': 2, 'alpha': 8.253876027495396e-05, 'lambda': 1.623072540542439e-07, 'eta': 0.049104377043040104}. Best is trial 5 with value: 1229052.0175072136.
[I 2024-12-10 08:24:03,189] Trial 8 finished with value: 1448875.9472894284 and parameters: {'max_depth': 3, 'alpha': 0.004002770220585192, 'lambda': 3.83547301875285e-05, 'eta': 0.03017252255396935}. Best is trial 5 with value: 1229052.0175072136.
[I 2024-12-10 08:24:17,286] Trial 9 finished with value: 1201746.1616668408 and parameters: {'max_depth': 7, 'alpha': 3.732967882557503e-07, 'lambda': 0.7928736502069128, 'eta': 0.08341695162755208}. Best is trial 9 with value: 1201746.1616668408.
[I 2024-12-10 08:26:59,772] Trial 10 finished with value: 1466741.1267263915 and parameters: {'max_depth': 12, 'alpha': 1.8410800224461227e-08, 'lambda': 0.0030160072574989165, 'eta': 0.010955982760052175}. Best is trial 9 with value: 1201746.1616668408.
[I 2024-12-10 08:27:11,898] Trial 11 finished with value: 1270353.8082535188 and parameters: {'max_depth': 8, 'alpha': 2.4222438249683425e-06, 'lambda': 1.710939459422731e-05, 'eta': 0.08339602448277314}. Best is trial 9 with value: 1201746.1616668408.
[I 2024-12-10 08:27:26,569] Trial 12 finished with value: 1250003.3156106013 and parameters: {'max_depth': 8, 'alpha': 2.169916370514092e-06, 'lambda': 0.5528424150030474, 'eta': 0.07813659194236226}. Best is trial 9 with value: 1201746.1616668408.
[I 2024-12-10 08:28:27,455] Trial 13 finished with value: 1461594.42044832 and parameters: {'max_depth': 12, 'alpha': 3.170511734032867e-07, 'lambda': 0.004261381902841117, 'eta': 0.05746786248552094}. Best is trial 9 with value: 1201746.1616668408.
[I 2024-12-10 08:28:32,187] Trial 14 finished with value: 1344336.7501535504 and parameters: {'max_depth': 3, 'alpha': 1.4900180911815284e-05, 'lambda': 1.2945215629433428e-06, 'eta': 0.11291156694461862}. Best is trial 9 with value: 1201746.1616668408.
[I 2024-12-10 08:28:36,596] Trial 15 finished with value: 1334450.118177081 and parameters: {'max_depth': 7, 'alpha': 2.5466468546487405e-07, 'lambda': 1.129505426410249e-08, 'eta': 0.2822626303923133}. Best is trial 9 with value: 1201746.1616668408.
[I 2024-12-10 08:28:43,517] Trial 16 finished with value: 1324398.152864152 and parameters: {'max_depth': 4, 'alpha': 0.001986251119152139, 'lambda': 0.0007525295176890314, 'eta': 0.05801016918283026}. Best is trial 9 with value: 1201746.1616668408.
[I 2024-12-10 08:29:25,693] Trial 17 finished with value: 1364684.4559203484 and parameters: {'max_depth': 10, 'alpha': 7.1969918752506965e-06, 'lambda': 1.0774625391709113e-05, 'eta': 0.0448776335566581}. Best is trial 9 with value: 1201746.1616668408.
[I 2024-12-10 08:29:33,759] Trial 18 finished with value: 1245644.157309876 and parameters: {'max_depth': 6, 'alpha': 1.4442773510251054e-07, 'lambda': 0.010069424123316148, 'eta': 0.08370953444993556}. Best is trial 9 with value: 1201746.1616668408.
[I 2024-12-10 08:29:37,286] Trial 19 finished with value: 1379588.9445334247 and parameters: {'max_depth': 3, 'alpha': 2.8586754927029185e-05, 'lambda': 0.00013809582034318186, 'eta': 0.15849169964735738}. Best is trial 9 with value: 1201746.1616668408.
[I 2024-12-10 08:31:09,090] Trial 20 finished with value: 1329517.1166731068 and parameters: {'max_depth': 10, 'alpha': 1.0219918553112728e-08, 'lambda': 2.4342904111334504e-07, 'eta': 0.01775598882004273}. Best is trial 9 with value: 1201746.1616668408.
[I 2024-12-10 08:31:16,710] Trial 21 finished with value: 1225797.976851883 and parameters: {'max_depth': 6, 'alpha': 0.0008234856241147168, 'lambda': 0.3057826303577514, 'eta': 0.12252463034211859}. Best is trial 9 with value: 1201746.1616668408.
[I 2024-12-10 08:31:25,135] Trial 22 finished with value: 1211091.0693157976 and parameters: {'max_depth': 6, 'alpha': 0.06308651671294932, 'lambda': 0.7857932076147381, 'eta': 0.10216192527394828}. Best is trial 9 with value: 1201746.1616668408.
[I 2024-12-10 08:31:30,222] Trial 23 finished with value: 1239859.3296213043 and parameters: {'max_depth': 5, 'alpha': 0.07935957479463597, 'lambda': 0.8337093914937691, 'eta': 0.1859047974971706}. Best is trial 9 with value: 1201746.1616668408.
[I 2024-12-10 08:31:38,938] Trial 24 finished with value: 1260111.7965968163 and parameters: {'max_depth': 7, 'alpha': 0.02254842632811953, 'lambda': 0.0628501361527633, 'eta': 0.10081466698500556}. Best is trial 9 with value: 1201746.1616668408.
[I 2024-12-10 08:31:56,335] Trial 25 finished with value: 1310947.475578017 and parameters: {'max_depth': 9, 'alpha': 0.5680583432684642, 'lambda': 0.1616497341907139, 'eta': 0.10134754017687385}. Best is trial 9 with value: 1201746.1616668408.
[I 2024-12-10 08:32:01,498] Trial 26 finished with value: 1301473.2749457194 and parameters: {'max_depth': 7, 'alpha': 0.009719219268991086, 'lambda': 0.02347514203129761, 'eta': 0.21592088160653544}. Best is trial 9 with value: 1201746.1616668408.
[I 2024-12-10 08:32:08,505] Trial 27 finished with value: 1262844.3734133323 and parameters: {'max_depth': 4, 'alpha': 0.0005646941542443011, 'lambda': 0.23821780644186732, 'eta': 0.07513635414923754}. Best is trial 9 with value: 1201746.1616668408.
[I 2024-12-10 08:32:14,097] Trial 28 finished with value: 1227705.3917923758 and parameters: {'max_depth': 5, 'alpha': 0.0793384035683781, 'lambda': 0.833008575250212, 'eta': 0.1357895019798518}. Best is trial 9 with value: 1201746.1616668408.
[I 2024-12-10 08:32:21,553] Trial 29 finished with value: 1237584.3676195298 and parameters: {'max_depth': 6, 'alpha': 0.0006570354374649264, 'lambda': 0.13347090093913938, 'eta': 0.11058562348522732}. Best is trial 9 with value: 1201746.1616668408.
[I 2024-12-10 08:32:25,740] Trial 30 finished with value: 1341257.6720070562 and parameters: {'max_depth': 7, 'alpha': 0.0021669262205106826, 'lambda': 0.011591461677096267, 'eta': 0.2926393505786832}. Best is trial 9 with value: 1201746.1616668408.
[I 2024-12-10 08:32:31,656] Trial 31 finished with value: 1230163.1658646208 and parameters: {'max_depth': 5, 'alpha': 0.06554352913581594, 'lambda': 0.7637326451797977, 'eta': 0.14124004304597038}. Best is trial 9 with value: 1201746.1616668408.
[I 2024-12-10 08:32:37,657] Trial 32 finished with value: 1244368.7389893797 and parameters: {'max_depth': 6, 'alpha': 0.05577677938925762, 'lambda': 0.2245856665762963, 'eta': 0.12830027478754355}. Best is trial 9 with value: 1201746.1616668408.
[I 2024-12-10 08:32:42,038] Trial 33 finished with value: 1229502.4638118865 and parameters: {'max_depth': 5, 'alpha': 0.9052801890003468, 'lambda': 0.9338771659209298, 'eta': 0.178638487707206}. Best is trial 9 with value: 1201746.1616668408.
[I 2024-12-10 08:32:49,281] Trial 34 finished with value: 1274959.5269978642 and parameters: {'max_depth': 4, 'alpha': 0.14015178719746263, 'lambda': 0.057542676048035576, 'eta': 0.07067353868602978}. Best is trial 9 with value: 1201746.1616668408.
[I 2024-12-10 08:32:56,566] Trial 35 finished with value: 1229331.543941208 and parameters: {'max_depth': 6, 'alpha': 0.013287810906663727, 'lambda': 0.3572286845604049, 'eta': 0.09625662986358824}. Best is trial 9 with value: 1201746.1616668408.
[I 2024-12-10 08:33:09,507] Trial 36 finished with value: 1310351.289250888 and parameters: {'max_depth': 9, 'alpha': 0.00031085628097790786, 'lambda': 0.06760560798304847, 'eta': 0.1267509674557458}. Best is trial 9 with value: 1201746.1616668408.
[I 2024-12-10 08:33:22,247] Trial 37 finished with value: 1238830.6052542832 and parameters: {'max_depth': 5, 'alpha': 0.027285807739317193, 'lambda': 0.01861731355497317, 'eta': 0.03887993960516121}. Best is trial 9 with value: 1201746.1616668408.
[I 2024-12-10 08:33:30,634] Trial 38 finished with value: 1284254.727475407 and parameters: {'max_depth': 8, 'alpha': 7.299382827807986e-05, 'lambda': 0.1136194825074801, 'eta': 0.1588083190991885}. Best is trial 9 with value: 1201746.1616668408.
[I 2024-12-10 08:33:34,790] Trial 39 finished with value: 1263817.503473235 and parameters: {'max_depth': 6, 'alpha': 0.2486855234460082, 'lambda': 0.0019545126055689355, 'eta': 0.22562136837063018}. Best is trial 9 with value: 1201746.1616668408.
[I 2024-12-10 08:33:44,026] Trial 40 finished with value: 1227807.4065523907 and parameters: {'max_depth': 5, 'alpha': 0.004982128174343897, 'lambda': 0.36141704379759637, 'eta': 0.0671519684938443}. Best is trial 9 with value: 1201746.1616668408.
[I 2024-12-10 08:33:52,226] Trial 41 finished with value: 1234507.3667850213 and parameters: {'max_depth': 5, 'alpha': 0.004891704846340787, 'lambda': 0.341719221016273, 'eta': 0.06312407388866798}. Best is trial 9 with value: 1201746.1616668408.
[I 2024-12-10 08:34:03,003] Trial 42 finished with value: 1215714.4323099623 and parameters: {'max_depth': 7, 'alpha': 0.001292295495872822, 'lambda': 0.3409099334434237, 'eta': 0.08971496810312102}. Best is trial 9 with value: 1201746.1616668408.
[I 2024-12-10 08:34:17,631] Trial 43 finished with value: 1207764.9664389305 and parameters: {'max_depth': 7, 'alpha': 0.0010552557863401594, 'lambda': 0.9405139134411943, 'eta': 0.0887292549136487}. Best is trial 9 with value: 1201746.1616668408.
[I 2024-12-10 08:34:34,356] Trial 44 finished with value: 1291044.7486170796 and parameters: {'max_depth': 9, 'alpha': 0.0010509333133835467, 'lambda': 0.044047754494669016, 'eta': 0.09175290873213186}. Best is trial 9 with value: 1201746.1616668408.
[I 2024-12-10 08:34:49,677] Trial 45 finished with value: 1213861.7377552104 and parameters: {'max_depth': 7, 'alpha': 0.0001378889204828437, 'lambda': 0.11580407043199412, 'eta': 0.05115505231087169}. Best is trial 9 with value: 1201746.1616668408.
[I 2024-12-10 08:35:06,260] Trial 46 finished with value: 1231113.0222531809 and parameters: {'max_depth': 7, 'alpha': 0.00017961896770593707, 'lambda': 0.1369297130565872, 'eta': 0.04760975460734742}. Best is trial 9 with value: 1201746.1616668408.
[I 2024-12-10 08:35:37,900] Trial 47 finished with value: 1263825.9041475484 and parameters: {'max_depth': 8, 'alpha': 5.135839446944271e-05, 'lambda': 0.005582176697079507, 'eta': 0.025583376489467742}. Best is trial 9 with value: 1201746.1616668408.
[I 2024-12-10 08:36:33,079] Trial 48 finished with value: 1233191.826289117 and parameters: {'max_depth': 10, 'alpha': 7.198616214633288e-08, 'lambda': 0.9887426987515948, 'eta': 0.0351433598776517}. Best is trial 9 with value: 1201746.1616668408.
[I 2024-12-10 08:36:50,802] Trial 49 finished with value: 1283008.113601805 and parameters: {'max_depth': 8, 'alpha': 0.00016453881543689584, 'lambda': 0.03575004095259291, 'eta': 0.05178072224879125}. Best is trial 9 with value: 1201746.1616668408.
[I 2024-12-10 08:37:00,715] Trial 50 finished with value: 1234601.7697181322 and parameters: {'max_depth': 7, 'alpha': 9.077388491436091e-06, 'lambda': 0.001021474609111012, 'eta': 0.0859988872729433}. Best is trial 9 with value: 1201746.1616668408.
[I 2024-12-10 08:37:11,122] Trial 51 finished with value: 1249535.9179868824 and parameters: {'max_depth': 8, 'alpha': 0.0015719634475292402, 'lambda': 0.42817969174530396, 'eta': 0.10952281689244435}. Best is trial 9 with value: 1201746.1616668408.
[I 2024-12-10 08:37:39,441] Trial 52 finished with value: 1375395.7696887567 and parameters: {'max_depth': 11, 'alpha': 3.42771709918721e-05, 'lambda': 0.14793309733977927, 'eta': 0.12076824036057515}. Best is trial 9 with value: 1201746.1616668408.
[I 2024-12-10 08:37:59,730] Trial 53 finished with value: 1273778.3818581612 and parameters: {'max_depth': 9, 'alpha': 0.00034648356239498407, 'lambda': 0.3564195347214947, 'eta': 0.07535211982658975}. Best is trial 9 with value: 1201746.1616668408.
[I 2024-12-10 08:38:10,710] Trial 54 finished with value: 1249249.21698223 and parameters: {'max_depth': 6, 'alpha': 1.8221052980098377e-05, 'lambda': 0.10003759542428925, 'eta': 0.062163994509256706}. Best is trial 9 with value: 1201746.1616668408.
[I 2024-12-10 08:38:29,812] Trial 55 finished with value: 1246982.8754411216 and parameters: {'max_depth': 7, 'alpha': 1.2444432240792617e-06, 'lambda': 4.190994009540408e-06, 'eta': 0.04189762863121436}. Best is trial 9 with value: 1201746.1616668408.
[I 2024-12-10 08:38:40,879] Trial 56 finished with value: 1228416.881306546 and parameters: {'max_depth': 7, 'alpha': 0.00013705981899619934, 'lambda': 0.000197119598053302, 'eta': 0.08599800996037608}. Best is trial 9 with value: 1201746.1616668408.
[I 2024-12-10 08:39:23,286] Trial 57 finished with value: 1322131.1294351637 and parameters: {'max_depth': 11, 'alpha': 0.00338927083717436, 'lambda': 0.47703079806789983, 'eta': 0.05400438401104289}. Best is trial 9 with value: 1201746.1616668408.
[I 2024-12-10 08:39:30,533] Trial 58 finished with value: 1235587.4681026493 and parameters: {'max_depth': 6, 'alpha': 5.634231342532385e-07, 'lambda': 0.02542565533494197, 'eta': 0.09611453023793647}. Best is trial 9 with value: 1201746.1616668408.
[I 2024-12-10 08:39:46,177] Trial 59 finished with value: 1266755.1034891051 and parameters: {'max_depth': 8, 'alpha': 0.000870485559381986, 'lambda': 0.25928545631447153, 'eta': 0.07749258023185852}. Best is trial 9 with value: 1201746.1616668408.
[I 2024-12-10 08:40:01,181] Trial 60 finished with value: 1323995.449879736 and parameters: {'max_depth': 9, 'alpha': 7.415388094599652e-06, 'lambda': 6.0985031383888374e-05, 'eta': 0.11354183826842415}. Best is trial 9 with value: 1201746.1616668408.
[I 2024-12-10 08:40:07,907] Trial 61 finished with value: 1207283.911977485 and parameters: {'max_depth': 6, 'alpha': 0.009928884601777021, 'lambda': 0.990059029521285, 'eta': 0.18218269522960084}. Best is trial 9 with value: 1201746.1616668408.
[I 2024-12-10 08:40:13,454] Trial 62 finished with value: 1237279.7061794242 and parameters: {'max_depth': 6, 'alpha': 0.007991728365615037, 'lambda': 0.5789528438982153, 'eta': 0.1602266798849099}. Best is trial 9 with value: 1201746.1616668408.
[I 2024-12-10 08:40:22,932] Trial 63 finished with value: 1261522.1560674156 and parameters: {'max_depth': 8, 'alpha': 0.025459809259236927, 'lambda': 0.21929831091991864, 'eta': 0.14826255670218383}. Best is trial 9 with value: 1201746.1616668408.
[I 2024-12-10 08:40:29,142] Trial 64 finished with value: 1278899.6091649644 and parameters: {'max_depth': 7, 'alpha': 0.0026194452486076047, 'lambda': 0.08502170048182024, 'eta': 0.2167969103591819}. Best is trial 9 with value: 1201746.1616668408.
[I 2024-12-10 08:40:35,698] Trial 65 finished with value: 1253265.312473989 and parameters: {'max_depth': 7, 'alpha': 0.0013579993001767655, 'lambda': 0.9329189271134524, 'eta': 0.1834952835104744}. Best is trial 9 with value: 1201746.1616668408.
[I 2024-12-10 08:40:45,467] Trial 66 finished with value: 1220049.2425042356 and parameters: {'max_depth': 6, 'alpha': 0.0003745794680155739, 'lambda': 0.5816446359783665, 'eta': 0.0681201374367303}. Best is trial 9 with value: 1201746.1616668408.
[I 2024-12-10 08:40:51,532] Trial 67 finished with value: 1599315.8154678768 and parameters: {'max_depth': 2, 'alpha': 0.00029102308977474857, 'lambda': 0.5578211413139635, 'eta': 0.06796804709016449}. Best is trial 9 with value: 1201746.1616668408.
[I 2024-12-10 08:41:24,664] Trial 68 finished with value: 1327437.2521854227 and parameters: {'max_depth': 10, 'alpha': 0.01118094644751655, 'lambda': 0.1868062886958981, 'eta': 0.05687624429635448}. Best is trial 9 with value: 1201746.1616668408.
[I 2024-12-10 08:41:36,477] Trial 69 finished with value: 1312056.3378445792 and parameters: {'max_depth': 9, 'alpha': 8.454797361133853e-05, 'lambda': 0.0124097242741158, 'eta': 0.24390845579641857}. Best is trial 9 with value: 1201746.1616668408.
[I 2024-12-10 08:42:07,069] Trial 70 finished with value: 1252286.864031562 and parameters: {'max_depth': 6, 'alpha': 0.041985292108247876, 'lambda': 0.4745958292070663, 'eta': 0.012676809379597103}. Best is trial 9 with value: 1201746.1616668408.
[I 2024-12-10 08:42:21,509] Trial 71 finished with value: 1218865.7658970268 and parameters: {'max_depth': 7, 'alpha': 0.0008400843142298642, 'lambda': 0.27131357398172873, 'eta': 0.0889361637236054}. Best is trial 9 with value: 1201746.1616668408.
[I 2024-12-10 08:42:32,046] Trial 72 finished with value: 1242038.7440133456 and parameters: {'max_depth': 7, 'alpha': 0.0004436531518047442, 'lambda': 0.20329513367533492, 'eta': 0.08029800060444274}. Best is trial 9 with value: 1201746.1616668408.
[I 2024-12-10 08:42:46,645] Trial 73 finished with value: 1224478.9170679322 and parameters: {'max_depth': 8, 'alpha': 0.006822123320180015, 'lambda': 0.9818941100425329, 'eta': 0.10649920923893837}. Best is trial 9 with value: 1201746.1616668408.
[I 2024-12-10 08:42:55,442] Trial 74 finished with value: 1237341.0237418711 and parameters: {'max_depth': 6, 'alpha': 0.0002436465061019997, 'lambda': 0.08749647460013317, 'eta': 0.09280795823513373}. Best is trial 9 with value: 1201746.1616668408.
[I 2024-12-10 08:43:01,899] Trial 75 finished with value: 1302338.5477895807 and parameters: {'max_depth': 4, 'alpha': 0.15009350982686848, 'lambda': 0.6263258047263759, 'eta': 0.06759172658204432}. Best is trial 9 with value: 1201746.1616668408.
[I 2024-12-10 08:43:19,250] Trial 76 finished with value: 1221209.6545295708 and parameters: {'max_depth': 7, 'alpha': 0.000499418093264387, 'lambda': 0.304256162824037, 'eta': 0.047553357067526524}. Best is trial 9 with value: 1201746.1616668408.
[I 2024-12-10 08:43:26,791] Trial 77 finished with value: 1239468.4670091006 and parameters: {'max_depth': 5, 'alpha': 0.0006801515471058326, 'lambda': 3.089802663760611e-08, 'eta': 0.07296366098241526}. Best is trial 9 with value: 1201746.1616668408.
[I 2024-12-10 08:43:39,682] Trial 78 finished with value: 1280646.8853667565 and parameters: {'max_depth': 8, 'alpha': 0.0028149373572737587, 'lambda': 0.051289496525075175, 'eta': 0.08793257797055878}. Best is trial 9 with value: 1201746.1616668408.
[I 2024-12-10 08:43:52,690] Trial 79 finished with value: 1244322.5923521332 and parameters: {'max_depth': 7, 'alpha': 0.0013224077025669754, 'lambda': 0.13970573753687782, 'eta': 0.06407775277947382}. Best is trial 9 with value: 1201746.1616668408.
[I 2024-12-10 08:44:05,928] Trial 80 finished with value: 1215047.0779372212 and parameters: {'max_depth': 6, 'alpha': 5.273580474399859e-05, 'lambda': 0.5725960888804684, 'eta': 0.058991484819247125}. Best is trial 9 with value: 1201746.1616668408.
[I 2024-12-10 08:44:17,472] Trial 81 finished with value: 1204501.013591929 and parameters: {'max_depth': 6, 'alpha': 4.166959414925051e-06, 'lambda': 0.42799121185778305, 'eta': 0.059583348062973274}. Best is trial 9 with value: 1201746.1616668408.
[I 2024-12-10 08:44:31,498] Trial 82 finished with value: 1219194.1208469302 and parameters: {'max_depth': 6, 'alpha': 3.462502845979991e-06, 'lambda': 0.2830735423211707, 'eta': 0.0423071650241686}. Best is trial 9 with value: 1201746.1616668408.
[I 2024-12-10 08:44:47,757] Trial 83 finished with value: 1215070.5192907215 and parameters: {'max_depth': 7, 'alpha': 6.116806662970945e-08, 'lambda': 0.6331955415681007, 'eta': 0.05891758438077557}. Best is trial 9 with value: 1201746.1616668408.
[I 2024-12-10 08:44:59,266] Trial 84 finished with value: 1227240.6500358735 and parameters: {'max_depth': 6, 'alpha': 6.266873749147572e-08, 'lambda': 0.624516114644831, 'eta': 0.0524217692013751}. Best is trial 9 with value: 1201746.1616668408.
[I 2024-12-10 08:45:24,911] Trial 85 finished with value: 1238262.1651035394 and parameters: {'max_depth': 8, 'alpha': 4.131355587278105e-07, 'lambda': 0.4700482326991822, 'eta': 0.035837930546290336}. Best is trial 9 with value: 1201746.1616668408.
[I 2024-12-10 08:45:31,545] Trial 86 finished with value: 1379000.9607447358 and parameters: {'max_depth': 3, 'alpha': 1.6743664129629733e-08, 'lambda': 0.1034121756775244, 'eta': 0.059323606368498226}. Best is trial 9 with value: 1201746.1616668408.
[I 2024-12-10 08:45:50,974] Trial 87 finished with value: 1239507.4891990446 and parameters: {'max_depth': 7, 'alpha': 1.4009015872292374e-07, 'lambda': 0.16974428088911672, 'eta': 0.04422370378533261}. Best is trial 9 with value: 1201746.1616668408.
[I 2024-12-10 08:46:07,054] Trial 88 finished with value: 1223147.042716692 and parameters: {'max_depth': 5, 'alpha': 1.026928490550372e-06, 'lambda': 0.8984232000838551, 'eta': 0.029778967576194887}. Best is trial 9 with value: 1201746.1616668408.
[I 2024-12-10 08:46:24,895] Trial 89 finished with value: 1218499.6936649058 and parameters: {'max_depth': 7, 'alpha': 3.4461929905193455e-06, 'lambda': 0.38117005319233116, 'eta': 0.05013054787359447}. Best is trial 9 with value: 1201746.1616668408.
[I 2024-12-10 08:46:50,844] Trial 90 finished with value: 1260500.7035172705 and parameters: {'max_depth': 8, 'alpha': 4.2875255538119016e-08, 'lambda': 0.027586934754975197, 'eta': 0.038978926221649876}. Best is trial 9 with value: 1201746.1616668408.
[I 2024-12-10 08:47:01,493] Trial 91 finished with value: 1223246.561804688 and parameters: {'max_depth': 6, 'alpha': 4.141836109347867e-06, 'lambda': 0.4253717795022124, 'eta': 0.05591500462841312}. Best is trial 9 with value: 1201746.1616668408.
[I 2024-12-10 08:47:20,152] Trial 92 finished with value: 1208253.4492150852 and parameters: {'max_depth': 7, 'alpha': 1.4752584872221803e-07, 'lambda': 0.6955627555644923, 'eta': 0.050551597374757784}. Best is trial 9 with value: 1201746.1616668408.
[I 2024-12-10 08:47:45,589] Trial 93 finished with value: 1241665.2850922584 and parameters: {'max_depth': 9, 'alpha': 7.319289981171687e-07, 'lambda': 0.684721900210944, 'eta': 0.06117736567662693}. Best is trial 9 with value: 1201746.1616668408.
[I 2024-12-10 08:48:00,623] Trial 94 finished with value: 1209792.9512475096 and parameters: {'max_depth': 7, 'alpha': 1.650710275184749e-07, 'lambda': 0.9967534745718171, 'eta': 0.048100665221803}. Best is trial 9 with value: 1201746.1616668408.
[I 2024-12-10 08:48:13,874] Trial 95 finished with value: 1220685.9726271015 and parameters: {'max_depth': 6, 'alpha': 1.9684922153741903e-07, 'lambda': 0.951823501696437, 'eta': 0.04529653935478921}. Best is trial 9 with value: 1201746.1616668408.
[I 2024-12-10 08:48:30,065] Trial 96 finished with value: 1238770.1120503691 and parameters: {'max_depth': 6, 'alpha': 9.108231342078377e-08, 'lambda': 0.20510288302478444, 'eta': 0.04023415251453026}. Best is trial 9 with value: 1201746.1616668408.
[I 2024-12-10 08:48:46,048] Trial 97 finished with value: 1231660.1561627989 and parameters: {'max_depth': 7, 'alpha': 3.196694909271004e-07, 'lambda': 0.06333091815923024, 'eta': 0.0495356703207347}. Best is trial 9 with value: 1201746.1616668408.
[I 2024-12-10 08:48:59,537] Trial 98 finished with value: 1260283.3405271037 and parameters: {'max_depth': 5, 'alpha': 2.4565073823679708e-08, 'lambda': 0.6042847917451402, 'eta': 0.02963312994314862}. Best is trial 9 with value: 1201746.1616668408.
[I 2024-12-10 08:49:18,348] Trial 99 finished with value: 1290873.2198930867 and parameters: {'max_depth': 8, 'alpha': 1.419216683080641e-07, 'lambda': 1.5455571858221686e-05, 'eta': 0.05817830057610896}. Best is trial 9 with value: 1201746.1616668408.
[I 2024-12-10 08:49:35,935] A new study created in RDB with name: XGBoost_Diamonds
[I 2024-12-10 08:49:41,526] Trial 0 finished with value: 374263.66129176045 and parameters: {'max_depth': 2, 'alpha': 8.078540015147434e-07, 'lambda': 0.9856299257989594, 'eta': 0.10285739402717485}. Best is trial 0 with value: 374263.66129176045.
[I 2024-12-10 08:49:56,544] Trial 1 finished with value: 302755.92848919064 and parameters: {'max_depth': 11, 'alpha': 2.582220570885702e-07, 'lambda': 6.7388897957914755e-06, 'eta': 0.15440977154297292}. Best is trial 1 with value: 302755.92848919064.
[I 2024-12-10 08:50:00,676] Trial 2 finished with value: 276037.8663677485 and parameters: {'max_depth': 7, 'alpha': 0.06641523879481386, 'lambda': 0.00011540240792131065, 'eta': 0.08186125954827667}. Best is trial 2 with value: 276037.8663677485.
[I 2024-12-10 08:50:05,958] Trial 3 finished with value: 423352.69484646636 and parameters: {'max_depth': 2, 'alpha': 2.5326545194771325e-05, 'lambda': 0.7836988647388299, 'eta': 0.04369386717309163}. Best is trial 2 with value: 276037.8663677485.
[I 2024-12-10 08:50:08,269] Trial 4 finished with value: 287364.9683756494 and parameters: {'max_depth': 6, 'alpha': 8.350876160062519e-08, 'lambda': 0.03162487818150316, 'eta': 0.1982212559789303}. Best is trial 2 with value: 276037.8663677485.
[I 2024-12-10 08:50:19,266] Trial 5 finished with value: 280276.97268771584 and parameters: {'max_depth': 5, 'alpha': 0.00018577951606291987, 'lambda': 2.0420430751405717e-05, 'eta': 0.012016664155330748}. Best is trial 2 with value: 276037.8663677485.
[I 2024-12-10 08:50:23,335] Trial 6 finished with value: 368985.95433050935 and parameters: {'max_depth': 2, 'alpha': 2.266811650244894e-08, 'lambda': 0.08798913119086256, 'eta': 0.24986547694308547}. Best is trial 2 with value: 276037.8663677485.
[I 2024-12-10 08:50:30,479] Trial 7 finished with value: 276060.0144452042 and parameters: {'max_depth': 7, 'alpha': 1.577591679899212e-07, 'lambda': 0.901389762460952, 'eta': 0.042819568673518806}. Best is trial 2 with value: 276037.8663677485.
[I 2024-12-10 08:50:36,636] Trial 8 finished with value: 320368.6795031092 and parameters: {'max_depth': 3, 'alpha': 0.0001875622553078154, 'lambda': 5.207509453341854e-08, 'eta': 0.030078616082759232}. Best is trial 2 with value: 276037.8663677485.
[I 2024-12-10 08:50:41,084] Trial 9 finished with value: 276071.34882876865 and parameters: {'max_depth': 6, 'alpha': 0.033978609797229435, 'lambda': 5.555111352583046e-06, 'eta': 0.05805046655928873}. Best is trial 2 with value: 276037.8663677485.
[I 2024-12-10 08:53:47,046] Trial 10 finished with value: 306314.41631028027 and parameters: {'max_depth': 12, 'alpha': 0.7218259092317253, 'lambda': 0.0016078850018416853, 'eta': 0.01638562110385498}. Best is trial 2 with value: 276037.8663677485.
[I 2024-12-10 08:53:54,036] Trial 11 finished with value: 277426.2423549388 and parameters: {'max_depth': 8, 'alpha': 0.009249252419410986, 'lambda': 0.0011553049734886335, 'eta': 0.08037915246862168}. Best is trial 2 with value: 276037.8663677485.
[I 2024-12-10 08:54:08,455] Trial 12 finished with value: 275411.7974577596 and parameters: {'max_depth': 8, 'alpha': 1.0450863484071895e-05, 'lambda': 1.0002577066813908e-07, 'eta': 0.02888463378118377}. Best is trial 12 with value: 275411.7974577596.
[I 2024-12-10 08:54:16,805] Trial 13 finished with value: 288416.9210684607 and parameters: {'max_depth': 4, 'alpha': 8.130745063102262e-06, 'lambda': 1.0184490806403066e-08, 'eta': 0.02352808196381163}. Best is trial 12 with value: 275411.7974577596.
[I 2024-12-10 08:54:42,435] Trial 14 finished with value: 277650.39904168365 and parameters: {'max_depth': 9, 'alpha': 0.0033621713534142087, 'lambda': 3.421095229786486e-07, 'eta': 0.025890793691765387}. Best is trial 12 with value: 275411.7974577596.
[I 2024-12-10 08:54:46,276] Trial 15 finished with value: 285918.5589096818 and parameters: {'max_depth': 4, 'alpha': 0.7682516583056492, 'lambda': 0.0003284896236294839, 'eta': 0.1046171600211935}. Best is trial 12 with value: 275411.7974577596.
[I 2024-12-10 08:54:58,859] Trial 16 finished with value: 279492.538412291 and parameters: {'max_depth': 9, 'alpha': 0.0008736600172798251, 'lambda': 6.324449411828345e-07, 'eta': 0.06011040738322092}. Best is trial 12 with value: 275411.7974577596.
[I 2024-12-10 08:55:05,518] Trial 17 finished with value: 315166.974903576 and parameters: {'max_depth': 3, 'alpha': 3.4704312714097012e-06, 'lambda': 6.462457651515599e-05, 'eta': 0.033955041615383555}. Best is trial 12 with value: 275411.7974577596.
[I 2024-12-10 08:55:15,427] Trial 18 finished with value: 277972.233641576 and parameters: {'max_depth': 5, 'alpha': 0.056061799435595874, 'lambda': 6.74442119276375e-07, 'eta': 0.017593003555448794}. Best is trial 12 with value: 275411.7974577596.
[I 2024-12-10 08:55:37,583] Trial 19 finished with value: 274429.88592108607 and parameters: {'max_depth': 7, 'alpha': 3.946325490741683e-05, 'lambda': 0.006327002552091592, 'eta': 0.010071952564099085}. Best is trial 19 with value: 274429.88592108607.
[I 2024-12-10 08:58:27,862] Trial 20 finished with value: 291777.8173425472 and parameters: {'max_depth': 11, 'alpha': 2.9739625986962354e-05, 'lambda': 0.013351936298470344, 'eta': 0.01050725814260031}. Best is trial 19 with value: 274429.88592108607.
[I 2024-12-10 08:58:44,239] Trial 21 finished with value: 273278.5536086137 and parameters: {'max_depth': 7, 'alpha': 2.3906089520214718e-06, 'lambda': 0.0016581809407678495, 'eta': 0.016260878386196016}. Best is trial 21 with value: 273278.5536086137.
[I 2024-12-10 08:59:08,295] Trial 22 finished with value: 274921.4864071389 and parameters: {'max_depth': 8, 'alpha': 2.039312628647409e-06, 'lambda': 0.003980628005887883, 'eta': 0.015732472092015806}. Best is trial 21 with value: 273278.5536086137.
[I 2024-12-10 08:59:22,709] Trial 23 finished with value: 274696.6120874158 and parameters: {'max_depth': 6, 'alpha': 1.293329685546338e-06, 'lambda': 0.004802479902996354, 'eta': 0.014753573123916555}. Best is trial 21 with value: 273278.5536086137.
[I 2024-12-10 08:59:34,071] Trial 24 finished with value: 279649.3837966259 and parameters: {'max_depth': 5, 'alpha': 1.0799066541604723e-06, 'lambda': 0.07999061672184186, 'eta': 0.012271814285557786}. Best is trial 21 with value: 273278.5536086137.
[I 2024-12-10 08:59:45,512] Trial 25 finished with value: 274667.21702819056 and parameters: {'max_depth': 6, 'alpha': 1.339375258674736e-08, 'lambda': 0.004950769637327808, 'eta': 0.019515339820519916}. Best is trial 21 with value: 273278.5536086137.
[I 2024-12-10 08:59:52,283] Trial 26 finished with value: 338826.97579586145 and parameters: {'max_depth': 3, 'alpha': 1.0126958781653077e-08, 'lambda': 0.00038557321292822453, 'eta': 0.020475864048356912}. Best is trial 21 with value: 273278.5536086137.
[I 2024-12-10 09:00:14,999] Trial 27 finished with value: 274082.73515361303 and parameters: {'max_depth': 7, 'alpha': 4.800903892027941e-08, 'lambda': 0.016248183173287252, 'eta': 0.010251604550251196}. Best is trial 21 with value: 273278.5536086137.
[I 2024-12-10 09:01:56,123] Trial 28 finished with value: 280158.7319913171 and parameters: {'max_depth': 10, 'alpha': 4.358522724773397e-08, 'lambda': 0.18048932198279943, 'eta': 0.010232628754301537}. Best is trial 21 with value: 273278.5536086137.
[I 2024-12-10 09:02:12,652] Trial 29 finished with value: 275159.701072669 and parameters: {'max_depth': 7, 'alpha': 2.905992914309605e-07, 'lambda': 0.019935567108234742, 'eta': 0.012985583482056041}. Best is trial 21 with value: 273278.5536086137.
[I 2024-12-10 09:03:13,852] Trial 30 finished with value: 277166.08593279065 and parameters: {'max_depth': 9, 'alpha': 6.601883375908508e-05, 'lambda': 0.0006778241535657076, 'eta': 0.010030006977613613}. Best is trial 21 with value: 273278.5536086137.
[I 2024-12-10 09:03:24,288] Trial 31 finished with value: 274757.24572331994 and parameters: {'max_depth': 6, 'alpha': 3.761806555939263e-07, 'lambda': 0.005077474937226212, 'eta': 0.020615804103451343}. Best is trial 21 with value: 273278.5536086137.
[I 2024-12-10 09:03:37,250] Trial 32 finished with value: 274632.0012436105 and parameters: {'max_depth': 7, 'alpha': 2.0151674731266284e-08, 'lambda': 0.010973116672898362, 'eta': 0.018944003995206887}. Best is trial 21 with value: 273278.5536086137.
[I 2024-12-10 09:03:54,169] Trial 33 finished with value: 274490.84753243235 and parameters: {'max_depth': 7, 'alpha': 6.00744182183258e-08, 'lambda': 0.03880116141864954, 'eta': 0.013319535031291158}. Best is trial 21 with value: 273278.5536086137.
[I 2024-12-10 09:04:05,509] Trial 34 finished with value: 278825.1922317422 and parameters: {'max_depth': 5, 'alpha': 5.7709621787871316e-08, 'lambda': 0.23689513295406459, 'eta': 0.014022870364716755}. Best is trial 21 with value: 273278.5536086137.
[I 2024-12-10 09:04:35,511] Trial 35 finished with value: 274664.5530103332 and parameters: {'max_depth': 8, 'alpha': 5.101059576472492e-07, 'lambda': 0.04388888449879295, 'eta': 0.012729567884721418}. Best is trial 21 with value: 273278.5536086137.
[I 2024-12-10 09:04:53,649] Trial 36 finished with value: 275166.3680069456 and parameters: {'max_depth': 7, 'alpha': 0.0006261674873967716, 'lambda': 0.00013562813434588869, 'eta': 0.01151500800880031}. Best is trial 21 with value: 273278.5536086137.
[I 2024-12-10 09:06:07,891] Trial 37 finished with value: 282451.89694821485 and parameters: {'max_depth': 10, 'alpha': 5.4833410231026036e-06, 'lambda': 0.0018869530342730994, 'eta': 0.01491200874862596}. Best is trial 21 with value: 273278.5536086137.
[I 2024-12-10 09:06:14,271] Trial 38 finished with value: 285840.4351353575 and parameters: {'max_depth': 4, 'alpha': 1.3517875058002973e-07, 'lambda': 0.15977424709812302, 'eta': 0.04205813477659568}. Best is trial 21 with value: 273278.5536086137.
[I 2024-12-10 09:07:33,407] Trial 39 finished with value: 282091.51005928003 and parameters: {'max_depth': 10, 'alpha': 2.141416641356581e-05, 'lambda': 0.4233779461326055, 'eta': 0.01243737477159867}. Best is trial 21 with value: 273278.5536086137.
[I 2024-12-10 09:07:38,088] Trial 40 finished with value: 280159.497152649 and parameters: {'max_depth': 7, 'alpha': 4.5310845482037975e-08, 'lambda': 0.05769487626412612, 'eta': 0.12835588377829404}. Best is trial 21 with value: 273278.5536086137.
[I 2024-12-10 09:07:51,519] Trial 41 finished with value: 274492.86563650565 and parameters: {'max_depth': 7, 'alpha': 1.1995649905038388e-07, 'lambda': 0.01434773805584272, 'eta': 0.01901824397664008}. Best is trial 21 with value: 273278.5536086137.
[I 2024-12-10 09:08:01,290] Trial 42 finished with value: 275249.51954547723 and parameters: {'max_depth': 6, 'alpha': 1.3569922235497355e-07, 'lambda': 0.02201759659424492, 'eta': 0.022917609866685135}. Best is trial 21 with value: 273278.5536086137.
[I 2024-12-10 09:08:12,489] Trial 43 finished with value: 278070.12241312355 and parameters: {'max_depth': 5, 'alpha': 6.791794437785971e-07, 'lambda': 0.009984530092600535, 'eta': 0.016408820141468883}. Best is trial 21 with value: 273278.5536086137.
[I 2024-12-10 09:08:44,774] Trial 44 finished with value: 274928.428617784 and parameters: {'max_depth': 8, 'alpha': 2.2034970610624526e-06, 'lambda': 0.0025504181982471358, 'eta': 0.01135148659371379}. Best is trial 21 with value: 273278.5536086137.
[I 2024-12-10 09:08:49,364] Trial 45 finished with value: 299743.68902081635 and parameters: {'max_depth': 9, 'alpha': 8.437332332112185e-08, 'lambda': 0.02759623701014672, 'eta': 0.29346194374663187}. Best is trial 21 with value: 273278.5536086137.
[I 2024-12-10 09:08:56,989] Trial 46 finished with value: 274538.0556266769 and parameters: {'max_depth': 6, 'alpha': 2.83457163181872e-08, 'lambda': 0.0008450195310117169, 'eta': 0.03607156220650624}. Best is trial 21 with value: 273278.5536086137.
[I 2024-12-10 09:09:12,363] Trial 47 finished with value: 274699.7235364554 and parameters: {'max_depth': 7, 'alpha': 1.84616417995994e-07, 'lambda': 2.278700603407047e-05, 'eta': 0.014317316150658798}. Best is trial 21 with value: 273278.5536086137.
[I 2024-12-10 09:11:16,860] Trial 48 finished with value: 298142.51245424023 and parameters: {'max_depth': 12, 'alpha': 1.4362041132084073e-05, 'lambda': 0.09981466117212245, 'eta': 0.022604590636876323}. Best is trial 21 with value: 273278.5536086137.
[I 2024-12-10 09:11:32,924] Trial 49 finished with value: 274812.5388271312 and parameters: {'max_depth': 8, 'alpha': 8.939972580494666e-05, 'lambda': 0.00023801212520576517, 'eta': 0.02739072293749278}. Best is trial 21 with value: 273278.5536086137.
[I 2024-12-10 09:12:02,043] Trial 50 finished with value: 295861.28375357704 and parameters: {'max_depth': 11, 'alpha': 0.00030895112573435974, 'lambda': 0.009952552436677553, 'eta': 0.07109914048948153}. Best is trial 21 with value: 273278.5536086137.
[I 2024-12-10 09:12:09,202] Trial 51 finished with value: 274519.8806408625 and parameters: {'max_depth': 6, 'alpha': 3.130006508118599e-08, 'lambda': 0.0007871076370328926, 'eta': 0.03544288221706226}. Best is trial 21 with value: 273278.5536086137.
[I 2024-12-10 09:12:32,045] Trial 52 finished with value: 273989.90491847834 and parameters: {'max_depth': 8, 'alpha': 9.368493688615528e-08, 'lambda': 0.0012692603210578746, 'eta': 0.017559555198246084}. Best is trial 21 with value: 273278.5536086137.
[I 2024-12-10 09:13:09,996] Trial 53 finished with value: 277517.34450133063 and parameters: {'max_depth': 9, 'alpha': 2.692538144546049e-07, 'lambda': 0.0026659427270496415, 'eta': 0.017166979438874685}. Best is trial 21 with value: 273278.5536086137.
[I 2024-12-10 09:13:37,458] Trial 54 finished with value: 274395.3352088197 and parameters: {'max_depth': 8, 'alpha': 8.576264558812315e-08, 'lambda': 0.03923181993673531, 'eta': 0.013963561217883303}. Best is trial 21 with value: 273278.5536086137.
[I 2024-12-10 09:14:04,803] Trial 55 finished with value: 275086.1083200729 and parameters: {'max_depth': 8, 'alpha': 8.465197165647179e-07, 'lambda': 5.086891452787949e-05, 'eta': 0.01342672150835542}. Best is trial 21 with value: 273278.5536086137.
[I 2024-12-10 09:15:39,155] Trial 56 finished with value: 283611.83653688047 and parameters: {'max_depth': 10, 'alpha': 4.731507706719282e-06, 'lambda': 0.03979029343507491, 'eta': 0.011192401834054596}. Best is trial 21 with value: 273278.5536086137.
[I 2024-12-10 09:15:43,415] Trial 57 finished with value: 282329.27837324777 and parameters: {'max_depth': 8, 'alpha': 4.658755877168741e-05, 'lambda': 0.8273309714401343, 'eta': 0.1839300904293748}. Best is trial 21 with value: 273278.5536086137.
[I 2024-12-10 09:17:40,097] Trial 58 finished with value: 294292.9826169206 and parameters: {'max_depth': 11, 'alpha': 8.117261281616539e-08, 'lambda': 0.0016473340835439104, 'eta': 0.015996422396144225}. Best is trial 21 with value: 273278.5536086137.
[I 2024-12-10 09:18:35,297] Trial 59 finished with value: 276699.84404967574 and parameters: {'max_depth': 9, 'alpha': 0.003136943704968527, 'lambda': 0.006479131653401593, 'eta': 0.011331832148281942}. Best is trial 21 with value: 273278.5536086137.
[I 2024-12-10 09:18:41,360] Trial 60 finished with value: 537056.9458482901 and parameters: {'max_depth': 2, 'alpha': 1.905732108095673e-06, 'lambda': 0.09705514958648116, 'eta': 0.013592136338488053}. Best is trial 21 with value: 273278.5536086137.
[I 2024-12-10 09:18:53,892] Trial 61 finished with value: 275336.2519686939 and parameters: {'max_depth': 7, 'alpha': 9.878465467897589e-08, 'lambda': 0.021130802028271316, 'eta': 0.018296170417836842}. Best is trial 21 with value: 273278.5536086137.
[I 2024-12-10 09:19:15,958] Trial 62 finished with value: 274445.3380905986 and parameters: {'max_depth': 7, 'alpha': 2.0023721864395165e-08, 'lambda': 0.01603072465028471, 'eta': 0.010084223025515053}. Best is trial 21 with value: 273278.5536086137.
[I 2024-12-10 09:19:35,773] Trial 63 finished with value: 274262.9636162176 and parameters: {'max_depth': 7, 'alpha': 2.3550428071430778e-08, 'lambda': 0.0033548034163548932, 'eta': 0.01099381117775529}. Best is trial 21 with value: 273278.5536086137.
[I 2024-12-10 09:20:33,386] Trial 64 finished with value: 276954.2058388465 and parameters: {'max_depth': 9, 'alpha': 1.669051563332128e-08, 'lambda': 0.003059820330623876, 'eta': 0.01060518908028335}. Best is trial 21 with value: 273278.5536086137.
[I 2024-12-10 09:21:08,083] Trial 65 finished with value: 275115.57981071464 and parameters: {'max_depth': 8, 'alpha': 2.4532705947549835e-08, 'lambda': 0.0013270342086138596, 'eta': 0.010148930413242543}. Best is trial 21 with value: 273278.5536086137.
[I 2024-12-10 09:21:24,216] Trial 66 finished with value: 274804.5028337705 and parameters: {'max_depth': 6, 'alpha': 1.0347843132273511e-08, 'lambda': 0.0005283183766125713, 'eta': 0.011937769852723492}. Best is trial 21 with value: 273278.5536086137.
[I 2024-12-10 09:23:10,308] Trial 67 finished with value: 282469.8631617248 and parameters: {'max_depth': 10, 'alpha': 2.605378333089632e-07, 'lambda': 0.00816484322832552, 'eta': 0.010017425143903531}. Best is trial 21 with value: 273278.5536086137.
[I 2024-12-10 09:23:21,893] Trial 68 finished with value: 277702.85314201686 and parameters: {'max_depth': 5, 'alpha': 3.695368493531446e-08, 'lambda': 0.00023887470558990023, 'eta': 0.015390360840286414}. Best is trial 21 with value: 273278.5536086137.
[I 2024-12-10 09:24:15,568] Trial 69 finished with value: 276919.13970164116 and parameters: {'max_depth': 9, 'alpha': 4.864488067665851e-07, 'lambda': 0.004942503982102589, 'eta': 0.012182137184152855}. Best is trial 21 with value: 273278.5536086137.
[I 2024-12-10 09:24:41,367] Trial 70 finished with value: 277129.45990534866 and parameters: {'max_depth': 8, 'alpha': 1.8338257411410356e-08, 'lambda': 0.2543118551024115, 'eta': 0.01471964547266042}. Best is trial 21 with value: 273278.5536086137.
[I 2024-12-10 09:24:58,140] Trial 71 finished with value: 275230.5053734705 and parameters: {'max_depth': 7, 'alpha': 5.923088740237466e-08, 'lambda': 0.05632656772174154, 'eta': 0.01296028745625951}. Best is trial 21 with value: 273278.5536086137.
[I 2024-12-10 09:25:17,699] Trial 72 finished with value: 274540.5130711834 and parameters: {'max_depth': 7, 'alpha': 1.9331106017905224e-07, 'lambda': 3.085201956914775e-06, 'eta': 0.011332496098237008}. Best is trial 21 with value: 273278.5536086137.
[I 2024-12-10 09:25:32,263] Trial 73 finished with value: 274692.62138041964 and parameters: {'max_depth': 7, 'alpha': 5.7690630922048896e-08, 'lambda': 0.017581154330514874, 'eta': 0.017097791727486537}. Best is trial 21 with value: 273278.5536086137.
[I 2024-12-10 09:25:46,657] Trial 74 finished with value: 274732.34172004723 and parameters: {'max_depth': 6, 'alpha': 1.3791057808597907e-08, 'lambda': 0.03010594354453972, 'eta': 0.013811457136249258}. Best is trial 21 with value: 273278.5536086137.
[I 2024-12-10 09:26:15,884] Trial 75 finished with value: 274323.1420061011 and parameters: {'max_depth': 8, 'alpha': 3.6721964038749916e-08, 'lambda': 0.38259093315275117, 'eta': 0.012462936636384562}. Best is trial 21 with value: 273278.5536086137.
[I 2024-12-10 09:26:49,303] Trial 76 finished with value: 274651.4288146668 and parameters: {'max_depth': 8, 'alpha': 3.3032571127307405e-08, 'lambda': 0.4190549226554834, 'eta': 0.010742327949756035}. Best is trial 21 with value: 273278.5536086137.
[I 2024-12-10 09:27:16,214] Trial 77 finished with value: 277654.91605803004 and parameters: {'max_depth': 9, 'alpha': 8.759692792452006e-08, 'lambda': 0.003777115251103863, 'eta': 0.02441113376353453}. Best is trial 21 with value: 273278.5536086137.
[I 2024-12-10 09:28:39,465] Trial 78 finished with value: 280768.25608008937 and parameters: {'max_depth': 10, 'alpha': 2.2150657821645362e-08, 'lambda': 0.1356809875932721, 'eta': 0.012300655855952958}. Best is trial 21 with value: 273278.5536086137.
[I 2024-12-10 09:28:51,025] Trial 79 finished with value: 274609.43319285865 and parameters: {'max_depth': 6, 'alpha': 0.00018603707992310552, 'lambda': 0.5382349964476907, 'eta': 0.020198018092438333}. Best is trial 21 with value: 273278.5536086137.
[I 2024-12-10 09:30:53,072] Trial 80 finished with value: 294251.82343765144 and parameters: {'max_depth': 11, 'alpha': 3.700624380330786e-07, 'lambda': 0.0010504864238325747, 'eta': 0.015574511413124978}. Best is trial 21 with value: 273278.5536086137.
[I 2024-12-10 09:31:11,933] Trial 81 finished with value: 274176.7742552658 and parameters: {'max_depth': 7, 'alpha': 4.9347954068789734e-08, 'lambda': 0.05768934799277633, 'eta': 0.01281093820016774}. Best is trial 21 with value: 273278.5536086137.
[I 2024-12-10 09:31:48,055] Trial 82 finished with value: 273822.0584100578 and parameters: {'max_depth': 8, 'alpha': 1.635063216131513e-07, 'lambda': 0.014001156518131523, 'eta': 0.010004150186582168}. Best is trial 21 with value: 273278.5536086137.
[I 2024-12-10 09:32:18,124] Trial 83 finished with value: 274967.4239724203 and parameters: {'max_depth': 8, 'alpha': 1.634188332702122e-07, 'lambda': 0.006471847655963965, 'eta': 0.012161658297365369}. Best is trial 21 with value: 273278.5536086137.
[I 2024-12-10 09:33:22,368] Trial 84 finished with value: 299178.5267789446 and parameters: {'max_depth': 12, 'alpha': 4.397476735640272e-08, 'lambda': 0.0717221359814103, 'eta': 0.049520733966653706}. Best is trial 21 with value: 273278.5536086137.
[I 2024-12-10 09:33:55,286] Trial 85 finished with value: 275034.04650492803 and parameters: {'max_depth': 8, 'alpha': 5.781524822202899e-07, 'lambda': 0.0023642246129874926, 'eta': 0.01106826680917309}. Best is trial 21 with value: 273278.5536086137.
[I 2024-12-10 09:34:37,890] Trial 86 finished with value: 276770.66495550825 and parameters: {'max_depth': 9, 'alpha': 1.1166024747255427e-05, 'lambda': 0.224497246327093, 'eta': 0.014594382262479635}. Best is trial 21 with value: 273278.5536086137.
[I 2024-12-10 09:34:56,929] Trial 87 finished with value: 273607.8918208353 and parameters: {'max_depth': 7, 'alpha': 1.0409233712415592e-06, 'lambda': 0.0112428069568445, 'eta': 0.01322448826084122}. Best is trial 21 with value: 273278.5536086137.
[I 2024-12-10 09:35:11,671] Trial 88 finished with value: 273348.08260736516 and parameters: {'max_depth': 7, 'alpha': 1.9561193630946955e-07, 'lambda': 0.04732406150937383, 'eta': 0.01815502841138104}. Best is trial 21 with value: 273278.5536086137.
[I 2024-12-10 09:35:24,808] Trial 89 finished with value: 274391.71052792075 and parameters: {'max_depth': 7, 'alpha': 1.2627258280258723e-06, 'lambda': 0.012944735715085375, 'eta': 0.018237281218263526}. Best is trial 21 with value: 273278.5536086137.
[I 2024-12-10 09:35:31,686] Trial 90 finished with value: 286577.21098499856 and parameters: {'max_depth': 4, 'alpha': 3.034523682088034e-06, 'lambda': 0.008394059965440686, 'eta': 0.031469345403294206}. Best is trial 21 with value: 273278.5536086137.
[I 2024-12-10 09:35:43,843] Trial 91 finished with value: 274272.00999606086 and parameters: {'max_depth': 7, 'alpha': 1.3029350497419357e-06, 'lambda': 0.01386048062068504, 'eta': 0.02148490969194222}. Best is trial 21 with value: 273278.5536086137.
[I 2024-12-10 09:35:54,848] Trial 92 finished with value: 274373.86486551416 and parameters: {'max_depth': 6, 'alpha': 9.825637744924772e-07, 'lambda': 0.024487450633130167, 'eta': 0.021802896716406214}. Best is trial 21 with value: 273278.5536086137.
[I 2024-12-10 09:36:08,407] Trial 93 finished with value: 274963.235178671 and parameters: {'max_depth': 7, 'alpha': 2.128599356370092e-07, 'lambda': 0.1241266284846858, 'eta': 0.016660503148785026}. Best is trial 21 with value: 273278.5536086137.
[I 2024-12-10 09:36:28,164] Trial 94 finished with value: 274431.4935990469 and parameters: {'max_depth': 8, 'alpha': 4.051338771894782e-07, 'lambda': 1.3101860740288582e-08, 'eta': 0.020756270032523096}. Best is trial 21 with value: 273278.5536086137.
[I 2024-12-10 09:36:43,705] Trial 95 finished with value: 275026.80283773056 and parameters: {'max_depth': 6, 'alpha': 1.2998917238365296e-07, 'lambda': 0.06369033403741554, 'eta': 0.012835755696427935}. Best is trial 21 with value: 273278.5536086137.
[I 2024-12-10 09:36:59,918] Trial 96 finished with value: 274702.2649646142 and parameters: {'max_depth': 8, 'alpha': 1.402505031201042e-06, 'lambda': 0.0036595783465141773, 'eta': 0.025559267579300597}. Best is trial 21 with value: 273278.5536086137.
[I 2024-12-10 09:37:13,226] Trial 97 finished with value: 274378.08014132397 and parameters: {'max_depth': 7, 'alpha': 3.2858645257433334e-07, 'lambda': 0.001908058686596452, 'eta': 0.017395627707713128}. Best is trial 21 with value: 273278.5536086137.
[I 2024-12-10 09:37:57,889] Trial 98 finished with value: 276737.50563554524 and parameters: {'max_depth': 9, 'alpha': 6.498714083985192e-07, 'lambda': 0.04738933589014517, 'eta': 0.013576299790325843}. Best is trial 21 with value: 273278.5536086137.
[I 2024-12-10 09:38:04,729] Trial 99 finished with value: 349721.58049702377 and parameters: {'max_depth': 3, 'alpha': 6.05917304981362e-08, 'lambda': 0.012249403323698086, 'eta': 0.015683361662043267}. Best is trial 21 with value: 273278.5536086137.
/home/mburu/.local/lib/python3.8/site-packages/sklearn/preprocessing/_encoders.py:975: FutureWarning: `sparse` was renamed to `sparse_output` in version 1.2 and will be removed in 1.4. `sparse_output` is ignored unless you leave `sparse` to its default value.
  warnings.warn(
[I 2024-12-10 09:38:24,192] A new study created in RDB with name: XGBoost_House Prices Nominal
[I 2024-12-10 09:38:35,677] Trial 0 finished with value: 714373285.5207033 and parameters: {'max_depth': 6, 'alpha': 8.61596853218869e-08, 'lambda': 1.491356022834768e-05, 'eta': 0.02105442524809786}. Best is trial 0 with value: 714373285.5207033.
[I 2024-12-10 09:38:43,211] Trial 1 finished with value: 733204025.1644362 and parameters: {'max_depth': 10, 'alpha': 2.346369942986867e-08, 'lambda': 0.3145579011505124, 'eta': 0.2271922645487602}. Best is trial 0 with value: 714373285.5207033.
[I 2024-12-10 09:38:48,612] Trial 2 finished with value: 685546395.2546469 and parameters: {'max_depth': 2, 'alpha': 0.4769589708306315, 'lambda': 7.62070032521085e-05, 'eta': 0.012615829549183034}. Best is trial 2 with value: 685546395.2546469.
[I 2024-12-10 09:38:51,789] Trial 3 finished with value: 627039563.9965475 and parameters: {'max_depth': 2, 'alpha': 4.868551260414112e-07, 'lambda': 1.169526185681013e-05, 'eta': 0.05977810486209887}. Best is trial 3 with value: 627039563.9965475.
[I 2024-12-10 09:39:17,981] Trial 4 finished with value: 1235074575.9691148 and parameters: {'max_depth': 11, 'alpha': 0.02413420880805593, 'lambda': 0.0005173736272122489, 'eta': 0.10917718104522547}. Best is trial 3 with value: 627039563.9965475.
[I 2024-12-10 09:39:28,194] Trial 5 finished with value: 626931853.2775971 and parameters: {'max_depth': 5, 'alpha': 1.2501990091887336e-06, 'lambda': 8.454830560500517e-05, 'eta': 0.014920176048222931}. Best is trial 5 with value: 626931853.2775971.
[I 2024-12-10 09:39:42,346] Trial 6 finished with value: 704605084.0173392 and parameters: {'max_depth': 6, 'alpha': 0.0004530380875879257, 'lambda': 0.025009402353724834, 'eta': 0.021116259690354182}. Best is trial 5 with value: 626931853.2775971.
[I 2024-12-10 09:40:04,292] Trial 7 finished with value: 623095699.26989 and parameters: {'max_depth': 8, 'alpha': 6.70137878527107e-06, 'lambda': 0.5909800417799514, 'eta': 0.024579757617732335}. Best is trial 7 with value: 623095699.26989.
[I 2024-12-10 09:40:08,554] Trial 8 finished with value: 610016858.082893 and parameters: {'max_depth': 4, 'alpha': 0.08581882055267726, 'lambda': 1.2428350887969123e-06, 'eta': 0.028456637303881486}. Best is trial 8 with value: 610016858.082893.
[I 2024-12-10 09:40:10,237] Trial 9 finished with value: 669259613.1831943 and parameters: {'max_depth': 2, 'alpha': 5.047488861261953e-08, 'lambda': 9.117981023265814e-06, 'eta': 0.16735264300263838}. Best is trial 8 with value: 610016858.082893.
[I 2024-12-10 09:40:13,431] Trial 10 finished with value: 638189081.7720846 and parameters: {'max_depth': 3, 'alpha': 0.001639583190636284, 'lambda': 2.1037656363629026e-08, 'eta': 0.041515261485481195}. Best is trial 8 with value: 610016858.082893.
[I 2024-12-10 09:40:17,221] Trial 11 finished with value: 619877280.0924841 and parameters: {'max_depth': 4, 'alpha': 1.412507502331236e-05, 'lambda': 1.0120982861438998e-07, 'eta': 0.0369833001303808}. Best is trial 8 with value: 610016858.082893.
[I 2024-12-10 09:40:20,024] Trial 12 finished with value: 647569512.985657 and parameters: {'max_depth': 3, 'alpha': 3.907967352166202e-05, 'lambda': 6.107160524408485e-08, 'eta': 0.044850881233209156}. Best is trial 8 with value: 610016858.082893.
[I 2024-12-10 09:40:22,396] Trial 13 finished with value: 616661700.1234308 and parameters: {'max_depth': 3, 'alpha': 0.008237061556349626, 'lambda': 3.4384811953777805e-07, 'eta': 0.0756247202961411}. Best is trial 8 with value: 610016858.082893.
[I 2024-12-10 09:40:24,539] Trial 14 finished with value: 638404476.5578253 and parameters: {'max_depth': 3, 'alpha': 0.044590560127435, 'lambda': 1.2625382183649102e-06, 'eta': 0.08406977211770265}. Best is trial 8 with value: 610016858.082893.
[I 2024-12-10 09:40:27,333] Trial 15 finished with value: 644189121.7099571 and parameters: {'max_depth': 4, 'alpha': 0.7933273393535867, 'lambda': 1.1325943785578704e-06, 'eta': 0.08596530440587959}. Best is trial 8 with value: 610016858.082893.
[I 2024-12-10 09:40:31,360] Trial 16 finished with value: 624889256.0236713 and parameters: {'max_depth': 3, 'alpha': 0.012004808147667058, 'lambda': 4.546068553207689e-07, 'eta': 0.030920739259146932}. Best is trial 8 with value: 610016858.082893.
[I 2024-12-10 09:40:34,071] Trial 17 finished with value: 620880532.649833 and parameters: {'max_depth': 4, 'alpha': 0.002026892671120314, 'lambda': 0.007163718450332761, 'eta': 0.06088456219800232}. Best is trial 8 with value: 610016858.082893.
[I 2024-12-10 09:40:36,312] Trial 18 finished with value: 663222714.4302832 and parameters: {'max_depth': 5, 'alpha': 0.1203928143112036, 'lambda': 1.2229723171244325e-08, 'eta': 0.12965257151652015}. Best is trial 8 with value: 610016858.082893.
[I 2024-12-10 09:41:09,999] Trial 19 finished with value: 816485380.1551592 and parameters: {'max_depth': 7, 'alpha': 0.0002966185011459468, 'lambda': 2.4205075032753943e-07, 'eta': 0.01054421188353266}. Best is trial 8 with value: 610016858.082893.
[I 2024-12-10 09:41:11,458] Trial 20 finished with value: 698664189.7674195 and parameters: {'max_depth': 3, 'alpha': 0.005754793243445757, 'lambda': 4.15067743660929e-06, 'eta': 0.2750525019630987}. Best is trial 8 with value: 610016858.082893.
[I 2024-12-10 09:41:16,133] Trial 21 finished with value: 619865619.7485046 and parameters: {'max_depth': 4, 'alpha': 3.172620710116041e-05, 'lambda': 9.982104060524958e-08, 'eta': 0.03514547819747965}. Best is trial 8 with value: 610016858.082893.
[I 2024-12-10 09:41:21,829] Trial 22 finished with value: 628363253.8631432 and parameters: {'max_depth': 5, 'alpha': 0.00016656700901874653, 'lambda': 6.917585128220702e-08, 'eta': 0.028936926090059586}. Best is trial 8 with value: 610016858.082893.
[I 2024-12-10 09:41:24,889] Trial 23 finished with value: 612419222.5615022 and parameters: {'max_depth': 4, 'alpha': 0.19388169023932786, 'lambda': 1.779166474957739e-06, 'eta': 0.07273619010157256}. Best is trial 8 with value: 610016858.082893.
[I 2024-12-10 09:41:28,654] Trial 24 finished with value: 638549899.4453026 and parameters: {'max_depth': 5, 'alpha': 0.22304116600713067, 'lambda': 1.4396885064182756e-06, 'eta': 0.07220743658032273}. Best is trial 8 with value: 610016858.082893.
[I 2024-12-10 09:41:31,367] Trial 25 finished with value: 639682919.9948914 and parameters: {'max_depth': 3, 'alpha': 0.08573772570919648, 'lambda': 0.0012359739387738237, 'eta': 0.05133103545035411}. Best is trial 8 with value: 610016858.082893.
[I 2024-12-10 09:41:35,579] Trial 26 finished with value: 730396437.1637636 and parameters: {'max_depth': 6, 'alpha': 0.003945286338498224, 'lambda': 2.887862070064231e-05, 'eta': 0.11642672583452093}. Best is trial 8 with value: 610016858.082893.
[I 2024-12-10 09:41:43,087] Trial 27 finished with value: 939298755.0777664 and parameters: {'max_depth': 8, 'alpha': 0.023857565235050466, 'lambda': 2.9677882367947057e-06, 'eta': 0.1676687234567579}. Best is trial 8 with value: 610016858.082893.
[I 2024-12-10 09:41:45,764] Trial 28 finished with value: 616216997.3654406 and parameters: {'max_depth': 4, 'alpha': 0.28768518721655767, 'lambda': 5.140374561513973e-07, 'eta': 0.07297330967085339}. Best is trial 8 with value: 610016858.082893.
[I 2024-12-10 09:41:57,216] Trial 29 finished with value: 818614907.2978518 and parameters: {'max_depth': 7, 'alpha': 0.8930396525200417, 'lambda': 0.0003652493135981834, 'eta': 0.05026434360379273}. Best is trial 8 with value: 610016858.082893.
[I 2024-12-10 09:42:03,823] Trial 30 finished with value: 607058919.5679533 and parameters: {'max_depth': 4, 'alpha': 0.22110042169895133, 'lambda': 1.7828349209827826e-05, 'eta': 0.016545649340729947}. Best is trial 30 with value: 607058919.5679533.
[I 2024-12-10 09:42:11,455] Trial 31 finished with value: 605943117.481364 and parameters: {'max_depth': 4, 'alpha': 0.20324999659062254, 'lambda': 1.8789579465560997e-05, 'eta': 0.014465117701506687}. Best is trial 31 with value: 605943117.481364.
[I 2024-12-10 09:42:21,935] Trial 32 finished with value: 629219455.2497293 and parameters: {'max_depth': 5, 'alpha': 0.08410723410663924, 'lambda': 2.9820541025441487e-05, 'eta': 0.015524164548620097}. Best is trial 31 with value: 605943117.481364.
[I 2024-12-10 09:42:28,857] Trial 33 finished with value: 610238934.5094266 and parameters: {'max_depth': 4, 'alpha': 0.22770218492508942, 'lambda': 4.489869206646867e-06, 'eta': 0.017576327402871565}. Best is trial 31 with value: 605943117.481364.
[I 2024-12-10 09:42:44,535] Trial 34 finished with value: 706607851.4802768 and parameters: {'max_depth': 6, 'alpha': 0.03902949443674372, 'lambda': 7.240665195043755e-06, 'eta': 0.018157056437164632}. Best is trial 31 with value: 605943117.481364.
[I 2024-12-10 09:42:58,307] Trial 35 finished with value: 628479756.8960174 and parameters: {'max_depth': 5, 'alpha': 0.4739072612916042, 'lambda': 0.00020104451448725707, 'eta': 0.01032132394834625}. Best is trial 31 with value: 605943117.481364.
[I 2024-12-10 09:43:06,142] Trial 36 finished with value: 607714377.5153164 and parameters: {'max_depth': 4, 'alpha': 0.017687506292798465, 'lambda': 4.2971885081250504e-05, 'eta': 0.014132368034915672}. Best is trial 31 with value: 605943117.481364.
[I 2024-12-10 09:43:34,678] Trial 37 finished with value: 819241859.712335 and parameters: {'max_depth': 7, 'alpha': 0.001073452799832886, 'lambda': 2.8527847551727734e-05, 'eta': 0.01210551486248228}. Best is trial 31 with value: 605943117.481364.
[I 2024-12-10 09:43:39,900] Trial 38 finished with value: 639192870.4679114 and parameters: {'max_depth': 2, 'alpha': 0.034866356063043086, 'lambda': 0.0014668541047315484, 'eta': 0.02183122103933387}. Best is trial 31 with value: 605943117.481364.
[I 2024-12-10 09:45:59,658] Trial 39 finished with value: 1276322037.3303742 and parameters: {'max_depth': 12, 'alpha': 0.015556093330500743, 'lambda': 7.586953104348965e-05, 'eta': 0.026167587883987004}. Best is trial 31 with value: 605943117.481364.
[I 2024-12-10 09:46:19,371] Trial 40 finished with value: 714514354.4297383 and parameters: {'max_depth': 6, 'alpha': 1.0701091541536011e-08, 'lambda': 1.4818585293031481e-05, 'eta': 0.013585765851730327}. Best is trial 31 with value: 605943117.481364.
[I 2024-12-10 09:46:25,853] Trial 41 finished with value: 617155914.1543591 and parameters: {'max_depth': 4, 'alpha': 0.09071985528614405, 'lambda': 7.821917307459053e-05, 'eta': 0.017013701278959993}. Best is trial 31 with value: 605943117.481364.
[I 2024-12-10 09:46:34,652] Trial 42 finished with value: 632041252.112716 and parameters: {'max_depth': 5, 'alpha': 0.44123201707924575, 'lambda': 6.547307346679489e-06, 'eta': 0.02018845755747479}. Best is trial 31 with value: 605943117.481364.
[I 2024-12-10 09:46:43,083] Trial 43 finished with value: 611398159.2481827 and parameters: {'max_depth': 4, 'alpha': 0.18246068909706156, 'lambda': 3.9536289676425597e-05, 'eta': 0.013113936261886573}. Best is trial 31 with value: 605943117.481364.
[I 2024-12-10 09:47:41,495] Trial 44 finished with value: 779843798.3692831 and parameters: {'max_depth': 10, 'alpha': 0.41793496031904276, 'lambda': 0.11190504814138409, 'eta': 0.017266590256134366}. Best is trial 31 with value: 605943117.481364.
[I 2024-12-10 09:47:49,329] Trial 45 finished with value: 636470683.5584704 and parameters: {'max_depth': 5, 'alpha': 5.42916178483641e-07, 'lambda': 0.00019829020977326698, 'eta': 0.023511787878365824}. Best is trial 31 with value: 605943117.481364.
[I 2024-12-10 09:47:57,791] Trial 46 finished with value: 610620943.1498468 and parameters: {'max_depth': 4, 'alpha': 0.04308632489813377, 'lambda': 1.4691158729084337e-05, 'eta': 0.014622876215102975}. Best is trial 31 with value: 605943117.481364.
[I 2024-12-10 09:48:04,797] Trial 47 finished with value: 660286947.5429223 and parameters: {'max_depth': 3, 'alpha': 0.9475598682101488, 'lambda': 4.105916702409626e-06, 'eta': 0.011692938869732265}. Best is trial 31 with value: 605943117.481364.
[I 2024-12-10 09:48:11,169] Trial 48 finished with value: 616962624.9212121 and parameters: {'max_depth': 4, 'alpha': 0.011862804433115362, 'lambda': 8.033109759362453e-07, 'eta': 0.019195217413158296}. Best is trial 31 with value: 605943117.481364.
[I 2024-12-10 09:48:22,447] Trial 49 finished with value: 706810925.6263491 and parameters: {'max_depth': 6, 'alpha': 0.07665382351176635, 'lambda': 0.0009310084061685948, 'eta': 0.02674065862094494}. Best is trial 31 with value: 605943117.481364.
