[I 2024-12-20 17:00:50,121] A new study created in RDB with name: XGBoost_SAT11
[I 2024-12-20 17:00:57,300] Trial 0 finished with value: 1480097.4319657495 and parameters: {'max_depth': 4, 'alpha': 0.0339842944354098, 'lambda': 7.468176976538768e-07, 'eta': 0.02327321582052394}. Best is trial 0 with value: 1480097.4319657495.
[I 2024-12-20 17:01:07,020] Trial 1 finished with value: 1230399.7468157941 and parameters: {'max_depth': 5, 'alpha': 7.081812680231627e-07, 'lambda': 0.2631421002203921, 'eta': 0.05170161989378006}. Best is trial 1 with value: 1230399.7468157941.
[I 2024-12-20 17:01:10,771] Trial 2 finished with value: 1925749.6816039116 and parameters: {'max_depth': 2, 'alpha': 0.000149446212468876, 'lambda': 2.4420123363911682e-06, 'eta': 0.02939820455172079}. Best is trial 1 with value: 1230399.7468157941.
[I 2024-12-20 17:01:17,095] Trial 3 finished with value: 1322758.7228313826 and parameters: {'max_depth': 8, 'alpha': 1.0386377831315083e-08, 'lambda': 2.099193468014133e-07, 'eta': 0.21357391325288128}. Best is trial 1 with value: 1230399.7468157941.
[I 2024-12-20 17:01:30,939] Trial 4 finished with value: 1285557.8660102792 and parameters: {'max_depth': 8, 'alpha': 0.04791744245395944, 'lambda': 6.465762138866595e-07, 'eta': 0.11052105724423178}. Best is trial 1 with value: 1230399.7468157941.
[I 2024-12-20 17:01:37,725] Trial 5 finished with value: 1495585.7371459142 and parameters: {'max_depth': 4, 'alpha': 0.0005499269018872505, 'lambda': 0.00010375022774527786, 'eta': 0.021764896251318715}. Best is trial 1 with value: 1230399.7468157941.
[I 2024-12-20 17:01:48,427] Trial 6 finished with value: 1413200.5709054414 and parameters: {'max_depth': 5, 'alpha': 0.5001377996712532, 'lambda': 0.004666975015806692, 'eta': 0.016141511981931672}. Best is trial 1 with value: 1230399.7468157941.
[I 2024-12-20 17:02:54,407] Trial 7 finished with value: 1381436.4761266205 and parameters: {'max_depth': 11, 'alpha': 1.2934546745028833e-06, 'lambda': 4.64301413581985e-05, 'eta': 0.0328088088159652}. Best is trial 1 with value: 1230399.7468157941.
[I 2024-12-20 17:02:58,348] Trial 8 finished with value: 1816071.4333578595 and parameters: {'max_depth': 2, 'alpha': 2.1837722418289415e-07, 'lambda': 0.0007110017975906979, 'eta': 0.04670716595926031}. Best is trial 1 with value: 1230399.7468157941.
[I 2024-12-20 17:03:02,287] Trial 9 finished with value: 2154914.6115809204 and parameters: {'max_depth': 2, 'alpha': 0.0004919537873009731, 'lambda': 0.08380009599944527, 'eta': 0.015145833911897598}. Best is trial 1 with value: 1230399.7468157941.
[I 2024-12-20 17:03:07,082] Trial 10 finished with value: 1378810.0909359623 and parameters: {'max_depth': 3, 'alpha': 4.074172391717624e-06, 'lambda': 0.5820434784603316, 'eta': 0.09603782785800104}. Best is trial 1 with value: 1230399.7468157941.
[I 2024-12-20 17:03:16,276] Trial 11 finished with value: 1258903.0662886854 and parameters: {'max_depth': 7, 'alpha': 0.01982937826520215, 'lambda': 7.6021195710511205e-06, 'eta': 0.09627753338974179}. Best is trial 1 with value: 1230399.7468157941.
[I 2024-12-20 17:03:26,297] Trial 12 finished with value: 1228078.6895072493 and parameters: {'max_depth': 6, 'alpha': 1.0835117969932922e-05, 'lambda': 1.6924155535083954e-08, 'eta': 0.07451797692987082}. Best is trial 12 with value: 1228078.6895072493.
[I 2024-12-20 17:03:37,067] Trial 13 finished with value: 1255607.7186463652 and parameters: {'max_depth': 6, 'alpha': 7.3036404642341835e-06, 'lambda': 0.013533935065181451, 'eta': 0.05741286016019025}. Best is trial 12 with value: 1228078.6895072493.
[I 2024-12-20 17:03:41,957] Trial 14 finished with value: 1451163.8213220518 and parameters: {'max_depth': 3, 'alpha': 1.1633276345502392e-07, 'lambda': 1.829014525389411e-08, 'eta': 0.06209463534348602}. Best is trial 12 with value: 1228078.6895072493.
[I 2024-12-20 17:04:14,569] Trial 15 finished with value: 1486795.2520718132 and parameters: {'max_depth': 12, 'alpha': 1.802874298910629e-05, 'lambda': 1.2890717360883546e-08, 'eta': 0.19402579300328351}. Best is trial 12 with value: 1228078.6895072493.
[I 2024-12-20 17:04:25,253] Trial 16 finished with value: 1488575.9726903657 and parameters: {'max_depth': 5, 'alpha': 3.2244128097228435e-07, 'lambda': 0.8903482545031928, 'eta': 0.01060744193564342}. Best is trial 12 with value: 1228078.6895072493.
[I 2024-12-20 17:04:28,988] Trial 17 finished with value: 1394333.6619576325 and parameters: {'max_depth': 3, 'alpha': 1.7670118430652256e-08, 'lambda': 0.0005808958692965345, 'eta': 0.141874685850158}. Best is trial 12 with value: 1228078.6895072493.
[I 2024-12-20 17:04:49,021] Trial 18 finished with value: 1301834.6802110793 and parameters: {'max_depth': 9, 'alpha': 2.590452363277367e-05, 'lambda': 0.046616450932834785, 'eta': 0.06635525044756185}. Best is trial 12 with value: 1228078.6895072493.
[I 2024-12-20 17:05:02,975] Trial 19 finished with value: 1248907.6868447745 and parameters: {'max_depth': 6, 'alpha': 0.0014397337718377481, 'lambda': 1.0010045957318861e-07, 'eta': 0.043572411214955815}. Best is trial 12 with value: 1228078.6895072493.
[I 2024-12-20 17:05:08,848] Trial 20 finished with value: 1274226.4961724512 and parameters: {'max_depth': 5, 'alpha': 1.0472563754908771e-06, 'lambda': 0.0017812801056749782, 'eta': 0.07659549431383125}. Best is trial 12 with value: 1228078.6895072493.
[I 2024-12-20 17:05:23,373] Trial 21 finished with value: 1223161.5167153752 and parameters: {'max_depth': 6, 'alpha': 0.006544964317995957, 'lambda': 6.792440568060678e-08, 'eta': 0.03905765708499712}. Best is trial 21 with value: 1223161.5167153752.
[I 2024-12-20 17:05:37,258] Trial 22 finished with value: 1250325.698611909 and parameters: {'max_depth': 6, 'alpha': 0.004081159033544225, 'lambda': 5.763732081744718e-08, 'eta': 0.037385726673889445}. Best is trial 21 with value: 1223161.5167153752.
[I 2024-12-20 17:05:43,945] Trial 23 finished with value: 1327976.6110704371 and parameters: {'max_depth': 4, 'alpha': 8.955769552450863e-05, 'lambda': 1.1840381601822134e-05, 'eta': 0.049571163340683067}. Best is trial 21 with value: 1223161.5167153752.
[I 2024-12-20 17:05:53,183] Trial 24 finished with value: 1242745.2274908684 and parameters: {'max_depth': 7, 'alpha': 5.594996292575124e-05, 'lambda': 5.294937912861383e-07, 'eta': 0.08192896353460263}. Best is trial 21 with value: 1223161.5167153752.
[I 2024-12-20 17:06:05,387] Trial 25 finished with value: 1326974.3028460483 and parameters: {'max_depth': 9, 'alpha': 0.8895618145902985, 'lambda': 4.73670279515292e-08, 'eta': 0.13287200759215964}. Best is trial 21 with value: 1223161.5167153752.
[I 2024-12-20 17:06:16,005] Trial 26 finished with value: 1309834.7785318147 and parameters: {'max_depth': 5, 'alpha': 4.871002559983189e-08, 'lambda': 1.0107978263071352e-08, 'eta': 0.025937202589695122}. Best is trial 21 with value: 1223161.5167153752.
[I 2024-12-20 17:06:33,974] Trial 27 finished with value: 1257835.042005644 and parameters: {'max_depth': 7, 'alpha': 2.5799489499924656e-06, 'lambda': 5.371925954376898e-06, 'eta': 0.03732223599596366}. Best is trial 21 with value: 1223161.5167153752.
[I 2024-12-20 17:06:44,127] Trial 28 finished with value: 1399479.0326003334 and parameters: {'max_depth': 10, 'alpha': 0.006769631897391851, 'lambda': 0.00011151731991469979, 'eta': 0.2661983388696892}. Best is trial 21 with value: 1223161.5167153752.
[I 2024-12-20 17:07:01,169] Trial 29 finished with value: 1295321.359616837 and parameters: {'max_depth': 6, 'alpha': 0.0717784675078116, 'lambda': 1.9442906046324775e-07, 'eta': 0.02052989541611338}. Best is trial 21 with value: 1223161.5167153752.
[I 2024-12-20 17:07:06,964] Trial 30 finished with value: 1312827.054756953 and parameters: {'max_depth': 4, 'alpha': 1.191174552167118e-05, 'lambda': 1.3584990920722041e-06, 'eta': 0.0754135657792682}. Best is trial 21 with value: 1223161.5167153752.
[I 2024-12-20 17:07:19,767] Trial 31 finished with value: 1259595.5251915997 and parameters: {'max_depth': 8, 'alpha': 6.741174113529717e-05, 'lambda': 4.642710023711679e-07, 'eta': 0.08092171994114061}. Best is trial 21 with value: 1223161.5167153752.
[I 2024-12-20 17:07:34,399] Trial 32 finished with value: 1241452.979269341 and parameters: {'max_depth': 7, 'alpha': 0.0002071402875388201, 'lambda': 3.695142687063557e-08, 'eta': 0.0563335100613845}. Best is trial 21 with value: 1223161.5167153752.
[I 2024-12-20 17:07:49,430] Trial 33 finished with value: 1242849.1769200463 and parameters: {'max_depth': 7, 'alpha': 0.0003619771460058891, 'lambda': 3.7304719509441966e-08, 'eta': 0.051652687321375415}. Best is trial 21 with value: 1223161.5167153752.
[I 2024-12-20 17:08:00,008] Trial 34 finished with value: 1298609.5006561063 and parameters: {'max_depth': 5, 'alpha': 6.129222079324748e-07, 'lambda': 1.2577079664296497e-07, 'eta': 0.02970340801302547}. Best is trial 21 with value: 1223161.5167153752.
[I 2024-12-20 17:08:27,558] Trial 35 finished with value: 1270924.9250734765 and parameters: {'max_depth': 8, 'alpha': 0.00019442767333926453, 'lambda': 2.727934353106028e-07, 'eta': 0.03533992636908258}. Best is trial 21 with value: 1223161.5167153752.
[I 2024-12-20 17:08:41,786] Trial 36 finished with value: 1236904.4383117587 and parameters: {'max_depth': 6, 'alpha': 0.004214016558255772, 'lambda': 1.7993747274244385e-06, 'eta': 0.04463903623004116}. Best is trial 21 with value: 1223161.5167153752.
[I 2024-12-20 17:08:55,115] Trial 37 finished with value: 1230165.9245932635 and parameters: {'max_depth': 6, 'alpha': 0.14108911740688493, 'lambda': 1.8650086793184465e-06, 'eta': 0.042329098355575655}. Best is trial 21 with value: 1223161.5167153752.
[I 2024-12-20 17:09:05,727] Trial 38 finished with value: 1328700.3999718945 and parameters: {'max_depth': 5, 'alpha': 0.16603756346474757, 'lambda': 2.1220377237307916e-05, 'eta': 0.023552884296730216}. Best is trial 21 with value: 1223161.5167153752.
[I 2024-12-20 17:10:07,505] Trial 39 finished with value: 1297146.467923797 and parameters: {'max_depth': 9, 'alpha': 0.17530381586679486, 'lambda': 3.0846017010787925e-06, 'eta': 0.01886151063197677}. Best is trial 21 with value: 1223161.5167153752.
[I 2024-12-20 17:10:14,654] Trial 40 finished with value: 1447901.8040251909 and parameters: {'max_depth': 4, 'alpha': 0.010056222876982738, 'lambda': 0.0002123885087626968, 'eta': 0.027122510368214916}. Best is trial 21 with value: 1223161.5167153752.
[I 2024-12-20 17:10:27,106] Trial 41 finished with value: 1252125.5843815056 and parameters: {'max_depth': 6, 'alpha': 0.0015842843026544749, 'lambda': 2.2557884417777147e-06, 'eta': 0.04334050501223356}. Best is trial 21 with value: 1223161.5167153752.
[I 2024-12-20 17:10:40,538] Trial 42 finished with value: 1239491.8039560663 and parameters: {'max_depth': 6, 'alpha': 0.0024249868174810634, 'lambda': 1.308404256251486e-06, 'eta': 0.04160076959290606}. Best is trial 21 with value: 1223161.5167153752.
[I 2024-12-20 17:10:50,674] Trial 43 finished with value: 1296288.3303687407 and parameters: {'max_depth': 5, 'alpha': 0.026747128648332806, 'lambda': 2.6415820620755502e-05, 'eta': 0.03215022677187431}. Best is trial 21 with value: 1223161.5167153752.
[I 2024-12-20 17:11:07,239] Trial 44 finished with value: 1277437.5181152427 and parameters: {'max_depth': 8, 'alpha': 0.10303535732338294, 'lambda': 0.12248952634831896, 'eta': 0.06722669912994649}. Best is trial 21 with value: 1223161.5167153752.
[I 2024-12-20 17:11:15,113] Trial 45 finished with value: 1250600.144757438 and parameters: {'max_depth': 7, 'alpha': 0.3596317520501098, 'lambda': 9.562398348470759e-07, 'eta': 0.11300924218761606}. Best is trial 21 with value: 1223161.5167153752.
[I 2024-12-20 17:11:27,860] Trial 46 finished with value: 1246055.5351544188 and parameters: {'max_depth': 6, 'alpha': 0.012137054661353447, 'lambda': 3.0421404104799944e-07, 'eta': 0.04861861744583464}. Best is trial 21 with value: 1223161.5167153752.
[I 2024-12-20 17:11:33,036] Trial 47 finished with value: 1378328.619189423 and parameters: {'max_depth': 3, 'alpha': 0.04068932395220539, 'lambda': 8.7686432050639e-08, 'eta': 0.09580941312646364}. Best is trial 21 with value: 1223161.5167153752.
[I 2024-12-20 17:12:02,761] Trial 48 finished with value: 1366753.0064766076 and parameters: {'max_depth': 10, 'alpha': 0.0008429810360324226, 'lambda': 2.1183929294491264e-08, 'eta': 0.05871385002217794}. Best is trial 21 with value: 1223161.5167153752.
[I 2024-12-20 17:12:12,342] Trial 49 finished with value: 1264365.8700799893 and parameters: {'max_depth': 5, 'alpha': 6.739634316431348e-06, 'lambda': 0.006941955991499552, 'eta': 0.04126853803454274}. Best is trial 21 with value: 1223161.5167153752.
[I 2024-12-20 17:12:30,337] Trial 50 finished with value: 1267160.0882970402 and parameters: {'max_depth': 8, 'alpha': 2.2994970902979176e-06, 'lambda': 7.156810098150554e-05, 'eta': 0.06336692900167057}. Best is trial 21 with value: 1223161.5167153752.
[I 2024-12-20 17:12:45,488] Trial 51 finished with value: 1255829.1724558608 and parameters: {'max_depth': 6, 'alpha': 0.0022016074935285864, 'lambda': 8.090893918399078e-06, 'eta': 0.04034099254542794}. Best is trial 21 with value: 1223161.5167153752.
[I 2024-12-20 17:13:01,043] Trial 52 finished with value: 1256814.767052422 and parameters: {'max_depth': 6, 'alpha': 0.003548559178210475, 'lambda': 1.3594694460402957e-06, 'eta': 0.03154060374361841}. Best is trial 21 with value: 1223161.5167153752.
[I 2024-12-20 17:13:17,634] Trial 53 finished with value: 1244940.2029872322 and parameters: {'max_depth': 7, 'alpha': 0.017507502972053866, 'lambda': 0.2346923534409442, 'eta': 0.046317797551426954}. Best is trial 21 with value: 1223161.5167153752.
[I 2024-12-20 17:13:30,443] Trial 54 finished with value: 1240083.7256296475 and parameters: {'max_depth': 6, 'alpha': 3.678874133497939e-05, 'lambda': 3.2777410614657527e-06, 'eta': 0.0546902683380372}. Best is trial 21 with value: 1223161.5167153752.
[I 2024-12-20 17:13:40,160] Trial 55 finished with value: 1289861.0871529765 and parameters: {'max_depth': 5, 'alpha': 0.0005606402757553213, 'lambda': 2.2355980503597697e-08, 'eta': 0.035692363212344265}. Best is trial 21 with value: 1223161.5167153752.
[I 2024-12-20 17:13:50,038] Trial 56 finished with value: 1261392.4104731504 and parameters: {'max_depth': 6, 'alpha': 0.005663162510025519, 'lambda': 6.905398477491955e-07, 'eta': 0.0715032536937428}. Best is trial 21 with value: 1223161.5167153752.
[I 2024-12-20 17:13:55,574] Trial 57 finished with value: 1294023.744778018 and parameters: {'max_depth': 4, 'alpha': 6.37235179395869e-08, 'lambda': 1.1547014179366137e-07, 'eta': 0.08967369513200453}. Best is trial 21 with value: 1223161.5167153752.
[I 2024-12-20 17:14:15,842] Trial 58 finished with value: 1275946.847378899 and parameters: {'max_depth': 8, 'alpha': 2.649402324323101e-07, 'lambda': 0.020911611890309247, 'eta': 0.05000603644174209}. Best is trial 21 with value: 1223161.5167153752.
[I 2024-12-20 17:15:03,798] Trial 59 finished with value: 1313765.680752879 and parameters: {'max_depth': 9, 'alpha': 0.0024335417775219236, 'lambda': 1.776166625459954e-05, 'eta': 0.027323715149070192}. Best is trial 21 with value: 1223161.5167153752.
[I 2024-12-20 17:15:22,188] Trial 60 finished with value: 1242250.384850903 and parameters: {'max_depth': 7, 'alpha': 0.0009499334863250049, 'lambda': 0.0009533617570980807, 'eta': 0.041968616735669435}. Best is trial 21 with value: 1223161.5167153752.
[I 2024-12-20 17:15:35,543] Trial 61 finished with value: 1227713.4492068267 and parameters: {'max_depth': 6, 'alpha': 3.117373208192498e-05, 'lambda': 2.5851796615978105e-06, 'eta': 0.053633885383299836}. Best is trial 21 with value: 1223161.5167153752.
[I 2024-12-20 17:15:45,331] Trial 62 finished with value: 1253305.145258236 and parameters: {'max_depth': 6, 'alpha': 0.0001377497175617529, 'lambda': 1.5632701653851802e-06, 'eta': 0.06338072326118306}. Best is trial 21 with value: 1223161.5167153752.
[I 2024-12-20 17:16:04,214] Trial 63 finished with value: 1239941.3372095812 and parameters: {'max_depth': 7, 'alpha': 7.088416100351025e-06, 'lambda': 4.697055193562781e-06, 'eta': 0.039073791023675586}. Best is trial 21 with value: 1223161.5167153752.
[I 2024-12-20 17:16:12,721] Trial 64 finished with value: 1265512.6367763088 and parameters: {'max_depth': 5, 'alpha': 0.00034709934560487227, 'lambda': 1.9660673656370133e-07, 'eta': 0.05493102791089522}. Best is trial 21 with value: 1223161.5167153752.
[I 2024-12-20 17:16:28,748] Trial 65 finished with value: 1241826.2423424036 and parameters: {'max_depth': 6, 'alpha': 2.0966224105421797e-05, 'lambda': 0.00022335191594111657, 'eta': 0.034956686454760584}. Best is trial 21 with value: 1223161.5167153752.
[I 2024-12-20 17:16:45,140] Trial 66 finished with value: 1252395.8859049503 and parameters: {'max_depth': 7, 'alpha': 3.224351722752042e-05, 'lambda': 3.8234244985220736e-05, 'eta': 0.045062977794113994}. Best is trial 21 with value: 1223161.5167153752.
[I 2024-12-20 17:16:51,905] Trial 67 finished with value: 1259841.9795358626 and parameters: {'max_depth': 5, 'alpha': 1.279221886045212e-06, 'lambda': 1.098698839058334e-05, 'eta': 0.0857437342114664}. Best is trial 21 with value: 1223161.5167153752.
[I 2024-12-20 17:17:20,743] Trial 68 finished with value: 1375299.5723042276 and parameters: {'max_depth': 10, 'alpha': 7.821698889262478e-07, 'lambda': 5.372970040098119e-07, 'eta': 0.07191947670929198}. Best is trial 21 with value: 1223161.5167153752.
[I 2024-12-20 17:17:38,605] Trial 69 finished with value: 1378632.8735315334 and parameters: {'max_depth': 6, 'alpha': 1.3540016641380715e-05, 'lambda': 1.022187729919446e-08, 'eta': 0.01125458163550324}. Best is trial 21 with value: 1223161.5167153752.
[I 2024-12-20 17:18:32,890] Trial 70 finished with value: 1463670.0244876186 and parameters: {'max_depth': 12, 'alpha': 3.3204780197153344e-06, 'lambda': 7.882506936378219e-08, 'eta': 0.10634078515224703}. Best is trial 21 with value: 1223161.5167153752.
[I 2024-12-20 17:18:53,531] Trial 71 finished with value: 1235956.2523943516 and parameters: {'max_depth': 7, 'alpha': 1.0855148865266738e-05, 'lambda': 5.2414241154883524e-06, 'eta': 0.04029899233425234}. Best is trial 21 with value: 1223161.5167153752.
[I 2024-12-20 17:19:09,270] Trial 72 finished with value: 1244060.7875921242 and parameters: {'max_depth': 7, 'alpha': 5.142850524560068e-05, 'lambda': 9.328743818372005e-07, 'eta': 0.050976998391663565}. Best is trial 21 with value: 1223161.5167153752.
[I 2024-12-20 17:19:23,719] Trial 73 finished with value: 1235508.2061629654 and parameters: {'max_depth': 6, 'alpha': 9.789282292165615e-06, 'lambda': 5.332175943965945e-06, 'eta': 0.03875537269069813}. Best is trial 21 with value: 1223161.5167153752.
[I 2024-12-20 17:19:46,017] Trial 74 finished with value: 1240823.3007677852 and parameters: {'max_depth': 7, 'alpha': 1.2926511131792593e-05, 'lambda': 5.3134917399929215e-06, 'eta': 0.029831954108393618}. Best is trial 21 with value: 1223161.5167153752.
[I 2024-12-20 17:20:22,300] Trial 75 finished with value: 1256416.2662353786 and parameters: {'max_depth': 8, 'alpha': 5.3931374904915674e-06, 'lambda': 2.1952337062055536e-06, 'eta': 0.025110973052231093}. Best is trial 21 with value: 1223161.5167153752.
[I 2024-12-20 17:20:31,098] Trial 76 finished with value: 1251282.7645222982 and parameters: {'max_depth': 5, 'alpha': 8.082518785951282e-05, 'lambda': 1.0387407344413643e-05, 'eta': 0.05931484075241774}. Best is trial 21 with value: 1223161.5167153752.
[I 2024-12-20 17:21:09,287] Trial 77 finished with value: 1322800.088412232 and parameters: {'max_depth': 9, 'alpha': 1.8166446037281887e-06, 'lambda': 3.971643806502997e-07, 'eta': 0.03461268992038702}. Best is trial 21 with value: 1223161.5167153752.
[I 2024-12-20 17:21:13,402] Trial 78 finished with value: 1817779.7965543852 and parameters: {'max_depth': 2, 'alpha': 4.094434672108141e-06, 'lambda': 3.6738564387421074e-06, 'eta': 0.04555514961025455}. Best is trial 21 with value: 1223161.5167153752.
[I 2024-12-20 17:21:28,199] Trial 79 finished with value: 1231288.9952232589 and parameters: {'max_depth': 6, 'alpha': 4.041790804926708e-07, 'lambda': 1.5697117896318375e-05, 'eta': 0.03896709177714346}. Best is trial 21 with value: 1223161.5167153752.
[I 2024-12-20 17:21:37,945] Trial 80 finished with value: 1272199.7313915275 and parameters: {'max_depth': 5, 'alpha': 6.451177965071785e-07, 'lambda': 3.2937385982498404e-05, 'eta': 0.03812096971816471}. Best is trial 21 with value: 1223161.5167153752.
[I 2024-12-20 17:21:50,170] Trial 81 finished with value: 1247418.6775659155 and parameters: {'max_depth': 6, 'alpha': 1.9457052439976048e-07, 'lambda': 1.6147409007521316e-05, 'eta': 0.05344862357119793}. Best is trial 21 with value: 1223161.5167153752.
[I 2024-12-20 17:22:21,107] Trial 82 finished with value: 1275568.0457021152 and parameters: {'max_depth': 8, 'alpha': 1.0195370299858329e-08, 'lambda': 6.117359326587711e-06, 'eta': 0.032643295422677125}. Best is trial 21 with value: 1223161.5167153752.
[I 2024-12-20 17:22:36,460] Trial 83 finished with value: 1242823.803517354 and parameters: {'max_depth': 7, 'alpha': 9.262958594551656e-08, 'lambda': 7.179262014798604e-05, 'eta': 0.048007176538287746}. Best is trial 21 with value: 1223161.5167153752.
[I 2024-12-20 17:22:46,773] Trial 84 finished with value: 1246688.1676718784 and parameters: {'max_depth': 6, 'alpha': 2.4145750831634295e-08, 'lambda': 1.9721597024369988e-06, 'eta': 0.06711354011713071}. Best is trial 21 with value: 1223161.5167153752.
[I 2024-12-20 17:23:09,239] Trial 85 finished with value: 1241485.8428863971 and parameters: {'max_depth': 7, 'alpha': 0.4295725970856646, 'lambda': 3.755876561316752e-08, 'eta': 0.03763615713608928}. Best is trial 21 with value: 1223161.5167153752.
[I 2024-12-20 17:23:18,217] Trial 86 finished with value: 1272214.7675675987 and parameters: {'max_depth': 5, 'alpha': 4.260814759923141e-07, 'lambda': 7.252790210760217e-06, 'eta': 0.043699733310591}. Best is trial 21 with value: 1223161.5167153752.
[I 2024-12-20 17:23:33,583] Trial 87 finished with value: 1263461.5912983357 and parameters: {'max_depth': 6, 'alpha': 0.8818588053215748, 'lambda': 1.4505539108237843e-05, 'eta': 0.03145120597548339}. Best is trial 21 with value: 1223161.5167153752.
[I 2024-12-20 17:23:44,623] Trial 88 finished with value: 1238987.2827803697 and parameters: {'max_depth': 6, 'alpha': 9.907929856169766e-06, 'lambda': 1.6063416972185132e-08, 'eta': 0.059093144241295165}. Best is trial 21 with value: 1223161.5167153752.
[I 2024-12-20 17:23:55,159] Trial 89 finished with value: 1305145.9285869154 and parameters: {'max_depth': 5, 'alpha': 1.8659701786815325e-05, 'lambda': 0.00023794937759998814, 'eta': 0.029099899586394813}. Best is trial 21 with value: 1223161.5167153752.
[I 2024-12-20 17:24:08,433] Trial 90 finished with value: 1252046.1454732555 and parameters: {'max_depth': 6, 'alpha': 1.4456399340934672e-07, 'lambda': 8.210321137484778e-07, 'eta': 0.04042419499026833}. Best is trial 21 with value: 1223161.5167153752.
[I 2024-12-20 17:24:19,497] Trial 91 finished with value: 1237657.7471048492 and parameters: {'max_depth': 6, 'alpha': 4.8262796567493325e-06, 'lambda': 2.0269747816358735e-08, 'eta': 0.058214307936866334}. Best is trial 21 with value: 1223161.5167153752.
[I 2024-12-20 17:24:29,966] Trial 92 finished with value: 1256995.0113975373 and parameters: {'max_depth': 6, 'alpha': 1.956156483934913e-06, 'lambda': 1.3991036067044055e-07, 'eta': 0.04956582709744138}. Best is trial 21 with value: 1223161.5167153752.
[I 2024-12-20 17:24:42,572] Trial 93 finished with value: 1248839.7723630085 and parameters: {'max_depth': 7, 'alpha': 0.06358536751809683, 'lambda': 3.260202176090228e-08, 'eta': 0.0749119438450373}. Best is trial 21 with value: 1223161.5167153752.
[I 2024-12-20 17:24:50,127] Trial 94 finished with value: 1321039.8594689749 and parameters: {'max_depth': 4, 'alpha': 5.128998853546924e-06, 'lambda': 2.684685914352204e-08, 'eta': 0.053342332534439665}. Best is trial 21 with value: 1223161.5167153752.
[I 2024-12-20 17:25:11,966] Trial 95 finished with value: 1265476.588261032 and parameters: {'max_depth': 8, 'alpha': 3.7726312296514194e-05, 'lambda': 3.4289391884756973e-06, 'eta': 0.046718031727223705}. Best is trial 21 with value: 1223161.5167153752.
[I 2024-12-20 17:25:22,765] Trial 96 finished with value: 1270150.9489242746 and parameters: {'max_depth': 7, 'alpha': 0.00012913146152358828, 'lambda': 3.1313437345210747e-07, 'eta': 0.06203076882738346}. Best is trial 21 with value: 1223161.5167153752.
[I 2024-12-20 17:25:37,871] Trial 97 finished with value: 1241178.7779161795 and parameters: {'max_depth': 6, 'alpha': 4.1739097129588887e-07, 'lambda': 6.404540351337915e-08, 'eta': 0.03476066360509415}. Best is trial 21 with value: 1223161.5167153752.
[I 2024-12-20 17:26:34,173] Trial 98 finished with value: 1401753.2139708134 and parameters: {'max_depth': 11, 'alpha': 1.0295129048250131e-06, 'lambda': 0.0025731870300139533, 'eta': 0.042076743636668086}. Best is trial 21 with value: 1223161.5167153752.
[I 2024-12-20 17:26:48,871] Trial 99 finished with value: 1240337.170132292 and parameters: {'max_depth': 6, 'alpha': 8.787925299846493e-06, 'lambda': 4.890681230814947e-08, 'eta': 0.03752826100026086}. Best is trial 21 with value: 1223161.5167153752.
[I 2024-12-20 17:27:07,145] A new study created in RDB with name: XGBoost_Diamonds
[I 2024-12-20 17:27:11,215] Trial 0 finished with value: 292306.2270950383 and parameters: {'max_depth': 3, 'alpha': 0.0014425673649162854, 'lambda': 0.5404914239132657, 'eta': 0.2519161662111549}. Best is trial 0 with value: 292306.2270950383.
[I 2024-12-20 17:27:15,068] Trial 1 finished with value: 297608.8117846007 and parameters: {'max_depth': 3, 'alpha': 0.12954415185581106, 'lambda': 0.0005886107548792737, 'eta': 0.12805393792284933}. Best is trial 0 with value: 292306.2270950383.
[I 2024-12-20 17:27:19,885] Trial 2 finished with value: 290599.226091395 and parameters: {'max_depth': 4, 'alpha': 1.9956444969316114e-06, 'lambda': 3.072537660448439e-08, 'eta': 0.03833279581180479}. Best is trial 2 with value: 290599.226091395.
[I 2024-12-20 17:28:00,726] Trial 3 finished with value: 308330.94997266954 and parameters: {'max_depth': 12, 'alpha': 0.00010611607674221053, 'lambda': 1.726428106222928e-06, 'eta': 0.0931003319319962}. Best is trial 2 with value: 290599.226091395.
[I 2024-12-20 17:28:03,239] Trial 4 finished with value: 295873.792900702 and parameters: {'max_depth': 4, 'alpha': 0.0025084962173497548, 'lambda': 2.1835983138518312e-07, 'eta': 0.19221772286413116}. Best is trial 2 with value: 290599.226091395.
[I 2024-12-20 17:28:08,174] Trial 5 finished with value: 419983.7361083878 and parameters: {'max_depth': 2, 'alpha': 0.000635002128254942, 'lambda': 1.1354367665827146e-08, 'eta': 0.0896563222809792}. Best is trial 2 with value: 290599.226091395.
[I 2024-12-20 17:28:12,340] Trial 6 finished with value: 434743.4117825023 and parameters: {'max_depth': 3, 'alpha': 0.001856650859018449, 'lambda': 1.3358773963557408e-07, 'eta': 0.014144328174449402}. Best is trial 2 with value: 290599.226091395.
[I 2024-12-20 17:28:16,753] Trial 7 finished with value: 275491.43905724643 and parameters: {'max_depth': 6, 'alpha': 8.891017560079875e-06, 'lambda': 2.0000041609866644e-08, 'eta': 0.06970403554673064}. Best is trial 7 with value: 275491.43905724643.
[I 2024-12-20 17:29:01,229] Trial 8 finished with value: 295400.02611883415 and parameters: {'max_depth': 11, 'alpha': 4.5343873546556355e-06, 'lambda': 0.0016498822201685653, 'eta': 0.04462321762374024}. Best is trial 7 with value: 275491.43905724643.
[I 2024-12-20 17:29:05,159] Trial 9 finished with value: 277832.54392191523 and parameters: {'max_depth': 7, 'alpha': 8.142616675594744e-08, 'lambda': 2.251305503315381e-05, 'eta': 0.1053546664540674}. Best is trial 7 with value: 275491.43905724643.
[I 2024-12-20 17:29:14,173] Trial 10 finished with value: 275595.96268376696 and parameters: {'max_depth': 6, 'alpha': 3.155962371101229e-08, 'lambda': 0.07793664012651356, 'eta': 0.0211786398495631}. Best is trial 7 with value: 275491.43905724643.
[I 2024-12-20 17:29:26,527] Trial 11 finished with value: 274798.5930261739 and parameters: {'max_depth': 7, 'alpha': 1.609160589270901e-08, 'lambda': 0.5990088315575179, 'eta': 0.01893383767247054}. Best is trial 11 with value: 274798.5930261739.
[I 2024-12-20 17:29:42,121] Trial 12 finished with value: 278643.5814348942 and parameters: {'max_depth': 7, 'alpha': 1.0760347997546918e-06, 'lambda': 0.014368997430355978, 'eta': 0.010859674279107038}. Best is trial 11 with value: 274798.5930261739.
[I 2024-12-20 17:30:04,128] Trial 13 finished with value: 277310.67125794984 and parameters: {'max_depth': 9, 'alpha': 2.3203892003364563e-08, 'lambda': 1.3325921972676515e-05, 'eta': 0.030874310973302906}. Best is trial 11 with value: 274798.5930261739.
[I 2024-12-20 17:30:08,913] Trial 14 finished with value: 278781.3351917259 and parameters: {'max_depth': 5, 'alpha': 3.996754103419709e-07, 'lambda': 0.0002973515191740692, 'eta': 0.05963626039567606}. Best is trial 11 with value: 274798.5930261739.
[I 2024-12-20 17:30:26,209] Trial 15 finished with value: 274639.65811868047 and parameters: {'max_depth': 8, 'alpha': 7.109434401598804e-06, 'lambda': 0.016303796258866358, 'eta': 0.02286381461417094}. Best is trial 15 with value: 274639.65811868047.
[I 2024-12-20 17:30:58,797] Trial 16 finished with value: 275715.379173262 and parameters: {'max_depth': 9, 'alpha': 3.370760951283924e-05, 'lambda': 0.8516952146880642, 'eta': 0.019749207778434703}. Best is trial 15 with value: 274639.65811868047.
[I 2024-12-20 17:31:25,808] Trial 17 finished with value: 277415.3819741152 and parameters: {'max_depth': 9, 'alpha': 0.048786939290797755, 'lambda': 0.009663387616919494, 'eta': 0.0253612469936848}. Best is trial 15 with value: 274639.65811868047.
[I 2024-12-20 17:31:32,295] Trial 18 finished with value: 289692.8285192024 and parameters: {'max_depth': 5, 'alpha': 2.2584540088714005e-07, 'lambda': 0.10911261133013264, 'eta': 0.01481696478250089}. Best is trial 15 with value: 274639.65811868047.
[I 2024-12-20 17:31:44,931] Trial 19 finished with value: 275815.69868510606 and parameters: {'max_depth': 8, 'alpha': 1.3416700159953949e-08, 'lambda': 0.006278543886949177, 'eta': 0.03203496368104447}. Best is trial 15 with value: 274639.65811868047.
[I 2024-12-20 17:33:36,131] Trial 20 finished with value: 291184.414838337 and parameters: {'max_depth': 11, 'alpha': 6.653426213321009e-05, 'lambda': 0.049537471088973606, 'eta': 0.016186224507083475}. Best is trial 15 with value: 274639.65811868047.
[I 2024-12-20 17:33:41,620] Trial 21 finished with value: 274271.80975207954 and parameters: {'max_depth': 6, 'alpha': 1.1985895403165697e-05, 'lambda': 3.454573608065881e-05, 'eta': 0.06410833033270485}. Best is trial 21 with value: 274271.80975207954.
[I 2024-12-20 17:33:47,385] Trial 22 finished with value: 274016.98584612797 and parameters: {'max_depth': 6, 'alpha': 1.5870463652595106e-05, 'lambda': 1.4591025757511502e-05, 'eta': 0.047061829993759505}. Best is trial 22 with value: 274016.98584612797.
[I 2024-12-20 17:33:52,531] Trial 23 finished with value: 278432.8632091883 and parameters: {'max_depth': 5, 'alpha': 1.5623105333707013e-05, 'lambda': 3.715875430654259e-05, 'eta': 0.05171476154381843}. Best is trial 22 with value: 274016.98584612797.
[I 2024-12-20 17:33:57,268] Trial 24 finished with value: 276295.19841830817 and parameters: {'max_depth': 6, 'alpha': 0.00011061305098785944, 'lambda': 2.42178387641899e-06, 'eta': 0.0673855965139879}. Best is trial 22 with value: 274016.98584612797.
[I 2024-12-20 17:34:07,866] Trial 25 finished with value: 275460.3064355784 and parameters: {'max_depth': 8, 'alpha': 0.012821639105694223, 'lambda': 0.00015132980684292712, 'eta': 0.04126256761282324}. Best is trial 22 with value: 274016.98584612797.
[I 2024-12-20 17:34:12,679] Trial 26 finished with value: 295769.8634289943 and parameters: {'max_depth': 4, 'alpha': 0.00030288792453301335, 'lambda': 6.060019297500352e-06, 'eta': 0.02670793280189649}. Best is trial 22 with value: 274016.98584612797.
[I 2024-12-20 17:34:15,460] Trial 27 finished with value: 282384.35664055886 and parameters: {'max_depth': 5, 'alpha': 2.6267235051222724e-06, 'lambda': 8.302811386376732e-05, 'eta': 0.12687424673989028}. Best is trial 22 with value: 274016.98584612797.
[I 2024-12-20 17:34:19,146] Trial 28 finished with value: 435203.52996630984 and parameters: {'max_depth': 2, 'alpha': 1.8333786233142514e-05, 'lambda': 0.0012199225599669448, 'eta': 0.07389024415306135}. Best is trial 22 with value: 274016.98584612797.
[I 2024-12-20 17:34:21,466] Trial 29 finished with value: 290122.162958664 and parameters: {'max_depth': 6, 'alpha': 4.764738620783441e-07, 'lambda': 1.160226356259921e-06, 'eta': 0.26690720863009787}. Best is trial 22 with value: 274016.98584612797.
[I 2024-12-20 17:34:45,101] Trial 30 finished with value: 283854.32864718983 and parameters: {'max_depth': 10, 'alpha': 0.7951784622590963, 'lambda': 0.002819595097973062, 'eta': 0.05203601277108978}. Best is trial 22 with value: 274016.98584612797.
[I 2024-12-20 17:34:58,475] Trial 31 finished with value: 274987.59500001266 and parameters: {'max_depth': 7, 'alpha': 1.2156861111385506e-07, 'lambda': 0.23781747229066882, 'eta': 0.01987247664403332}. Best is trial 22 with value: 274016.98584612797.
[I 2024-12-20 17:35:25,652] Trial 32 finished with value: 279604.4935462171 and parameters: {'max_depth': 8, 'alpha': 6.012097874888139e-06, 'lambda': 0.4378162181157239, 'eta': 0.01002802056003439}. Best is trial 22 with value: 274016.98584612797.
[I 2024-12-20 17:35:33,441] Trial 33 finished with value: 274838.8374444681 and parameters: {'max_depth': 7, 'alpha': 1.146831575847374e-06, 'lambda': 0.03258500311184015, 'eta': 0.03640183846102529}. Best is trial 22 with value: 274016.98584612797.
[I 2024-12-20 17:35:36,080] Trial 34 finished with value: 285109.2982335269 and parameters: {'max_depth': 6, 'alpha': 0.0005573152451898638, 'lambda': 0.0004051239054552447, 'eta': 0.19086125075442875}. Best is trial 22 with value: 274016.98584612797.
[I 2024-12-20 17:35:51,732] Trial 35 finished with value: 274849.0712088201 and parameters: {'max_depth': 8, 'alpha': 4.151490268550288e-05, 'lambda': 7.165233319067099e-05, 'eta': 0.025115802597335563}. Best is trial 22 with value: 274016.98584612797.
[I 2024-12-20 17:35:56,034] Trial 36 finished with value: 476066.82171676273 and parameters: {'max_depth': 3, 'alpha': 0.0002326786691856033, 'lambda': 6.0446410107591186e-06, 'eta': 0.011884241843356342}. Best is trial 22 with value: 274016.98584612797.
[I 2024-12-20 17:36:10,165] Trial 37 finished with value: 274198.14307685883 and parameters: {'max_depth': 7, 'alpha': 1.503654851279897e-06, 'lambda': 4.935109038591369e-07, 'eta': 0.01680948206866062}. Best is trial 22 with value: 274016.98584612797.
[I 2024-12-20 17:36:13,748] Trial 38 finished with value: 287392.72216492094 and parameters: {'max_depth': 4, 'alpha': 2.1313875850984157e-06, 'lambda': 4.519050163065222e-07, 'eta': 0.08310366639526771}. Best is trial 22 with value: 274016.98584612797.
[I 2024-12-20 17:40:21,786] Trial 39 finished with value: 305053.8544151723 and parameters: {'max_depth': 12, 'alpha': 1.1800345596611017e-05, 'lambda': 7.198225086328147e-08, 'eta': 0.01303560784719635}. Best is trial 22 with value: 274016.98584612797.
[I 2024-12-20 17:40:48,337] Trial 40 finished with value: 282960.8735396064 and parameters: {'max_depth': 10, 'alpha': 4.291949145818392e-06, 'lambda': 5.588138182321327e-07, 'eta': 0.04470056173105521}. Best is trial 22 with value: 274016.98584612797.
[I 2024-12-20 17:41:02,456] Trial 41 finished with value: 274110.09869202576 and parameters: {'max_depth': 7, 'alpha': 5.72296295600334e-07, 'lambda': 6.288934370702938e-06, 'eta': 0.017191107713544745}. Best is trial 22 with value: 274016.98584612797.
[I 2024-12-20 17:41:11,849] Trial 42 finished with value: 277879.8734526228 and parameters: {'max_depth': 6, 'alpha': 1.0579879778856176e-06, 'lambda': 4.701014725272837e-06, 'eta': 0.01591498747266874}. Best is trial 22 with value: 274016.98584612797.
[I 2024-12-20 17:41:18,189] Trial 43 finished with value: 281334.10992607346 and parameters: {'max_depth': 5, 'alpha': 5.593623384614066e-08, 'lambda': 1.3159770724159936e-05, 'eta': 0.023027727572598678}. Best is trial 22 with value: 274016.98584612797.
[I 2024-12-20 17:41:32,263] Trial 44 finished with value: 274423.13113822904 and parameters: {'max_depth': 7, 'alpha': 3.655936608590253e-07, 'lambda': 1.3386808240231417e-06, 'eta': 0.01695891291475743}. Best is trial 22 with value: 274016.98584612797.
[I 2024-12-20 17:41:45,426] Trial 45 finished with value: 274610.5426039937 and parameters: {'max_depth': 7, 'alpha': 2.515282193225716e-07, 'lambda': 8.955549567793576e-08, 'eta': 0.01714330656376871}. Best is trial 22 with value: 274016.98584612797.
[I 2024-12-20 17:41:48,670] Trial 46 finished with value: 278068.33988985413 and parameters: {'max_depth': 6, 'alpha': 7.53828025595472e-07, 'lambda': 1.1528358471961679e-06, 'eta': 0.11121161637804408}. Best is trial 22 with value: 274016.98584612797.
[I 2024-12-20 17:41:54,026] Trial 47 finished with value: 289845.90804826445 and parameters: {'max_depth': 9, 'alpha': 1.3800903125166546e-07, 'lambda': 3.019371004965884e-07, 'eta': 0.18743691255276848}. Best is trial 22 with value: 274016.98584612797.
[I 2024-12-20 17:42:09,278] Trial 48 finished with value: 275270.73292467085 and parameters: {'max_depth': 7, 'alpha': 2.491870518767633e-06, 'lambda': 3.0124812499762555e-06, 'eta': 0.013019272783618563}. Best is trial 22 with value: 274016.98584612797.
[I 2024-12-20 17:42:44,951] Trial 49 finished with value: 283217.36071654636 and parameters: {'max_depth': 10, 'alpha': 4.3467905686765084e-08, 'lambda': 2.746788040963885e-05, 'eta': 0.03311423302919109}. Best is trial 22 with value: 274016.98584612797.
[I 2024-12-20 17:42:47,913] Trial 50 finished with value: 280625.2994625204 and parameters: {'max_depth': 6, 'alpha': 4.2873662018732804e-07, 'lambda': 2.912137024322245e-08, 'eta': 0.15863247456426796}. Best is trial 22 with value: 274016.98584612797.
[I 2024-12-20 17:43:01,771] Trial 51 finished with value: 274912.32118097006 and parameters: {'max_depth': 7, 'alpha': 1.747406689555173e-07, 'lambda': 1.396309620242198e-07, 'eta': 0.01718100928798949}. Best is trial 22 with value: 274016.98584612797.
[I 2024-12-20 17:43:14,909] Trial 52 finished with value: 274308.92237600824 and parameters: {'max_depth': 7, 'alpha': 3.004299056894798e-07, 'lambda': 8.026820332685372e-08, 'eta': 0.018354884667194565}. Best is trial 22 with value: 274016.98584612797.
[I 2024-12-20 17:43:30,056] Trial 53 finished with value: 274442.6768218062 and parameters: {'max_depth': 8, 'alpha': 1.4577070317907256e-06, 'lambda': 1.3082596498164581e-08, 'eta': 0.028412775768787694}. Best is trial 22 with value: 274016.98584612797.
[I 2024-12-20 17:44:05,368] Trial 54 finished with value: 277962.32655904687 and parameters: {'max_depth': 9, 'alpha': 4.45805869270181e-06, 'lambda': 8.920265658660517e-07, 'eta': 0.01823688625873353}. Best is trial 22 with value: 274016.98584612797.
[I 2024-12-20 17:44:11,792] Trial 55 finished with value: 291194.78728047706 and parameters: {'max_depth': 5, 'alpha': 2.716748176504953e-05, 'lambda': 5.082797017148026e-08, 'eta': 0.014150278597578829}. Best is trial 22 with value: 274016.98584612797.
[I 2024-12-20 17:44:23,738] Trial 56 finished with value: 274222.2704535622 and parameters: {'max_depth': 7, 'alpha': 4.906204689352344e-07, 'lambda': 1.683986303903621e-05, 'eta': 0.022303448025817168}. Best is trial 22 with value: 274016.98584612797.
[I 2024-12-20 17:44:41,579] Trial 57 finished with value: 275039.51467447483 and parameters: {'max_depth': 8, 'alpha': 8.335844636881599e-08, 'lambda': 1.3146287422756178e-05, 'eta': 0.022003716728292762}. Best is trial 22 with value: 274016.98584612797.
[I 2024-12-20 17:44:45,797] Trial 58 finished with value: 318018.311243713 and parameters: {'max_depth': 3, 'alpha': 6.970994041694184e-07, 'lambda': 0.00018736463586426855, 'eta': 0.0628113958504456}. Best is trial 22 with value: 274016.98584612797.
[I 2024-12-20 17:44:55,517] Trial 59 finished with value: 283632.38117825525 and parameters: {'max_depth': 6, 'alpha': 9.421614390615244e-06, 'lambda': 4.851128433164875e-05, 'eta': 0.01181934820981351}. Best is trial 22 with value: 274016.98584612797.
[I 2024-12-20 17:45:11,486] Trial 60 finished with value: 276868.83573707944 and parameters: {'max_depth': 9, 'alpha': 0.00013800593835734486, 'lambda': 1.961303708772027e-05, 'eta': 0.04597799403511388}. Best is trial 22 with value: 274016.98584612797.
[I 2024-12-20 17:45:26,180] Trial 61 finished with value: 274179.7005059802 and parameters: {'max_depth': 7, 'alpha': 3.0704118715752324e-07, 'lambda': 2.1813548681425944e-06, 'eta': 0.015431569077254445}. Best is trial 22 with value: 274016.98584612797.
[I 2024-12-20 17:45:44,527] Trial 62 finished with value: 275071.94320434117 and parameters: {'max_depth': 8, 'alpha': 2.8717447554363158e-06, 'lambda': 8.346889143421995e-06, 'eta': 0.021000791447784366}. Best is trial 22 with value: 274016.98584612797.
[I 2024-12-20 17:48:04,169] Trial 63 finished with value: 293118.35981973365 and parameters: {'max_depth': 11, 'alpha': 2.707674335914286e-07, 'lambda': 2.568884970784522e-06, 'eta': 0.01377268687222821}. Best is trial 22 with value: 274016.98584612797.
[I 2024-12-20 17:48:17,153] Trial 64 finished with value: 274679.5924062611 and parameters: {'max_depth': 7, 'alpha': 7.277778006837283e-07, 'lambda': 1.597922899446885e-07, 'eta': 0.01916396651947079}. Best is trial 22 with value: 274016.98584612797.
[I 2024-12-20 17:48:26,764] Trial 65 finished with value: 278494.7268204739 and parameters: {'max_depth': 6, 'alpha': 8.205403639874065e-08, 'lambda': 3.6298681154436337e-06, 'eta': 0.015378178672784893}. Best is trial 22 with value: 274016.98584612797.
[I 2024-12-20 17:48:32,979] Trial 66 finished with value: 276215.6534893613 and parameters: {'max_depth': 8, 'alpha': 1.8826767608332735e-06, 'lambda': 5.742487734823865e-07, 'eta': 0.0832972558435825}. Best is trial 22 with value: 274016.98584612797.
[I 2024-12-20 17:48:40,338] Trial 67 finished with value: 279132.52364859835 and parameters: {'max_depth': 5, 'alpha': 2.4814102103960714e-08, 'lambda': 4.93227096826356e-05, 'eta': 0.028812134100542994}. Best is trial 22 with value: 274016.98584612797.
[I 2024-12-20 17:48:47,992] Trial 68 finished with value: 274384.2304696475 and parameters: {'max_depth': 7, 'alpha': 7.345388299320669e-05, 'lambda': 9.38447947971758e-06, 'eta': 0.03694193640398847}. Best is trial 22 with value: 274016.98584612797.
[I 2024-12-20 17:49:37,239] Trial 69 finished with value: 278161.0586606689 and parameters: {'max_depth': 9, 'alpha': 0.003919272799523743, 'lambda': 3.2988079529692953e-07, 'eta': 0.010790912347970312}. Best is trial 22 with value: 274016.98584612797.
[I 2024-12-20 17:49:58,772] Trial 70 finished with value: 283527.20665909146 and parameters: {'max_depth': 10, 'alpha': 6.424733987160328e-06, 'lambda': 1.8934425568775299e-06, 'eta': 0.05907283354826033}. Best is trial 22 with value: 274016.98584612797.
[I 2024-12-20 17:50:07,749] Trial 71 finished with value: 273177.5012499313 and parameters: {'max_depth': 7, 'alpha': 4.6618184587081785e-05, 'lambda': 1.065503612860975e-05, 'eta': 0.03550236099490267}. Best is trial 71 with value: 273177.5012499313.
[I 2024-12-20 17:50:18,646] Trial 72 finished with value: 274987.5323795001 and parameters: {'max_depth': 7, 'alpha': 2.3205072764367915e-05, 'lambda': 0.0001272631146317639, 'eta': 0.02512082468719431}. Best is trial 71 with value: 273177.5012499313.
[I 2024-12-20 17:50:25,339] Trial 73 finished with value: 275135.5689352894 and parameters: {'max_depth': 6, 'alpha': 1.2914061095150955e-05, 'lambda': 2.3619593717376385e-05, 'eta': 0.039535599950016494}. Best is trial 71 with value: 273177.5012499313.
[I 2024-12-20 17:50:34,789] Trial 74 finished with value: 276603.47517409304 and parameters: {'max_depth': 8, 'alpha': 4.8230483606431245e-05, 'lambda': 7.955230321602901e-06, 'eta': 0.04973122952656924}. Best is trial 71 with value: 273177.5012499313.
[I 2024-12-20 17:50:43,030] Trial 75 finished with value: 274238.99466713343 and parameters: {'max_depth': 7, 'alpha': 5.833581577024528e-07, 'lambda': 1.6616726055366296e-05, 'eta': 0.034423311663751295}. Best is trial 71 with value: 273177.5012499313.
[I 2024-12-20 17:50:50,150] Trial 76 finished with value: 275434.93804326095 and parameters: {'max_depth': 6, 'alpha': 3.833695073263834e-06, 'lambda': 1.9135747506430058e-05, 'eta': 0.03179553295679648}. Best is trial 71 with value: 273177.5012499313.
[I 2024-12-20 17:50:56,557] Trial 77 finished with value: 275216.92887237464 and parameters: {'max_depth': 7, 'alpha': 1.4584825129093606e-06, 'lambda': 8.358020086009639e-05, 'eta': 0.0554805822872042}. Best is trial 71 with value: 273177.5012499313.
[I 2024-12-20 17:51:08,854] Trial 78 finished with value: 275775.2882149193 and parameters: {'max_depth': 8, 'alpha': 6.226652339420162e-07, 'lambda': 3.407614753007952e-05, 'eta': 0.0341493817644383}. Best is trial 71 with value: 273177.5012499313.
[I 2024-12-20 17:51:14,760] Trial 79 finished with value: 277012.8762094778 and parameters: {'max_depth': 5, 'alpha': 1.8425143253838998e-05, 'lambda': 4.3289626040259055e-06, 'eta': 0.0433668999195808}. Best is trial 71 with value: 273177.5012499313.
[I 2024-12-20 17:52:22,436] Trial 80 finished with value: 294645.5796407714 and parameters: {'max_depth': 11, 'alpha': 1.0634666221283519e-06, 'lambda': 0.0002521485878012002, 'eta': 0.029223484424602035}. Best is trial 71 with value: 273177.5012499313.
[I 2024-12-20 17:52:33,253] Trial 81 finished with value: 275484.31763520546 and parameters: {'max_depth': 7, 'alpha': 2.185346809923751e-07, 'lambda': 7.254739183925992e-07, 'eta': 0.02361742012038209}. Best is trial 71 with value: 273177.5012499313.
[I 2024-12-20 17:52:36,892] Trial 82 finished with value: 632959.0135670294 and parameters: {'max_depth': 2, 'alpha': 3.46560804940193e-07, 'lambda': 1.3836782558309767e-05, 'eta': 0.01790550662577134}. Best is trial 71 with value: 273177.5012499313.
[I 2024-12-20 17:52:43,812] Trial 83 finished with value: 276794.47280550894 and parameters: {'max_depth': 8, 'alpha': 1.3043955881853702e-07, 'lambda': 1.6410824069768602e-06, 'eta': 0.07327459223102241}. Best is trial 71 with value: 273177.5012499313.
[I 2024-12-20 17:52:56,289] Trial 84 finished with value: 273513.2468156448 and parameters: {'max_depth': 7, 'alpha': 5.224596280118024e-07, 'lambda': 5.573001766828236e-05, 'eta': 0.02119181894267262}. Best is trial 71 with value: 273177.5012499313.
[I 2024-12-20 17:53:05,664] Trial 85 finished with value: 276081.9185746225 and parameters: {'max_depth': 6, 'alpha': 6.63461530112754e-06, 'lambda': 0.0005596751232566294, 'eta': 0.020459292019325625}. Best is trial 71 with value: 273177.5012499313.
[I 2024-12-20 17:53:12,402] Trial 86 finished with value: 273820.98454233806 and parameters: {'max_depth': 7, 'alpha': 0.00017259395083451637, 'lambda': 5.2112951362073645e-05, 'eta': 0.04984734147718882}. Best is trial 71 with value: 273177.5012499313.
[I 2024-12-20 17:53:21,664] Trial 87 finished with value: 276419.46929965 and parameters: {'max_depth': 8, 'alpha': 0.0001635454897367776, 'lambda': 7.143011706332676e-05, 'eta': 0.047925736432550825}. Best is trial 71 with value: 273177.5012499313.
[I 2024-12-20 17:53:47,343] Trial 88 finished with value: 277837.10477466387 and parameters: {'max_depth': 9, 'alpha': 0.00032946674139613393, 'lambda': 6.714635030393271e-06, 'eta': 0.026986324220561856}. Best is trial 71 with value: 273177.5012499313.
[I 2024-12-20 17:54:02,323] Trial 89 finished with value: 274258.7176223569 and parameters: {'max_depth': 7, 'alpha': 0.0008632239939257919, 'lambda': 4.653147853891372e-05, 'eta': 0.015354567759845254}. Best is trial 71 with value: 273177.5012499313.
[I 2024-12-20 17:54:10,111] Trial 90 finished with value: 274043.4811797742 and parameters: {'max_depth': 7, 'alpha': 6.0640278702701436e-05, 'lambda': 1.1959319955688944e-05, 'eta': 0.041331222915195}. Best is trial 71 with value: 273177.5012499313.
[I 2024-12-20 17:54:17,998] Trial 91 finished with value: 274287.93509250216 and parameters: {'max_depth': 7, 'alpha': 7.152485692587373e-05, 'lambda': 1.1856965968776972e-05, 'eta': 0.041035712769241624}. Best is trial 71 with value: 273177.5012499313.
[I 2024-12-20 17:54:26,507] Trial 92 finished with value: 273794.65314560325 and parameters: {'max_depth': 7, 'alpha': 0.00021291515688809728, 'lambda': 4.499240910653587e-06, 'eta': 0.034821677413173165}. Best is trial 71 with value: 273177.5012499313.
[I 2024-12-20 17:54:31,873] Trial 93 finished with value: 275082.66049786797 and parameters: {'max_depth': 6, 'alpha': 0.00041164286619910614, 'lambda': 4.950577026601882e-06, 'eta': 0.05290750437236985}. Best is trial 71 with value: 273177.5012499313.
[I 2024-12-20 17:54:39,931] Trial 94 finished with value: 276203.91938299837 and parameters: {'max_depth': 8, 'alpha': 0.00016373793920957118, 'lambda': 2.449059963955655e-06, 'eta': 0.056500591756950665}. Best is trial 71 with value: 273177.5012499313.
[I 2024-12-20 17:54:46,625] Trial 95 finished with value: 275163.84254580905 and parameters: {'max_depth': 6, 'alpha': 0.0019752348675031953, 'lambda': 2.804535905626556e-05, 'eta': 0.03802389901408647}. Best is trial 71 with value: 273177.5012499313.
[I 2024-12-20 17:55:03,343] Trial 96 finished with value: 278026.8304143845 and parameters: {'max_depth': 9, 'alpha': 4.802659313946323e-05, 'lambda': 9.373233221160257e-06, 'eta': 0.04272209624812564}. Best is trial 71 with value: 273177.5012499313.
[I 2024-12-20 17:55:19,103] Trial 97 finished with value: 276155.66950075584 and parameters: {'max_depth': 7, 'alpha': 0.00020352438805385458, 'lambda': 3.3679507814951664e-06, 'eta': 0.012291895065795824}. Best is trial 71 with value: 273177.5012499313.
[I 2024-12-20 17:55:44,265] Trial 98 finished with value: 283966.7100701348 and parameters: {'max_depth': 10, 'alpha': 0.0005357893970755502, 'lambda': 9.261083179674707e-07, 'eta': 0.04892163964934833}. Best is trial 71 with value: 273177.5012499313.
[I 2024-12-20 17:56:00,460] Trial 99 finished with value: 274851.40059217875 and parameters: {'max_depth': 8, 'alpha': 0.0011635132340543505, 'lambda': 0.0001341776823652923, 'eta': 0.02408329305745229}. Best is trial 71 with value: 273177.5012499313.
Traceback (most recent call last):
  File "train.py", line 185, in <module>
    main(arguments)
  File "train.py", line 144, in main
    X, y = load_data(args)
  File "/home/mburu/Master_Thesis/master-thesis-da/DNN_Trial/utils/load_data.py", line 241, in load_data
    print(X.shape)
UnboundLocalError: local variable 'X' referenced before assignment
srun: error: stud-000: task 0: Exited with exit code 1
Traceback (most recent call last):
  File "train.py", line 185, in <module>
    main(arguments)
  File "train.py", line 144, in main
    X, y = load_data(args)
  File "/home/mburu/Master_Thesis/master-thesis-da/DNN_Trial/utils/load_data.py", line 241, in load_data
    print(X.shape)
UnboundLocalError: local variable 'X' referenced before assignment
srun: error: stud-000: task 0: Exited with exit code 1
Traceback (most recent call last):
  File "train.py", line 185, in <module>
    main(arguments)
  File "train.py", line 144, in main
    X, y = load_data(args)
  File "/home/mburu/Master_Thesis/master-thesis-da/DNN_Trial/utils/load_data.py", line 241, in load_data
    print(X.shape)
UnboundLocalError: local variable 'X' referenced before assignment
srun: error: stud-000: task 0: Exited with exit code 1
