Traceback (most recent call last):
  File "train.py", line 186, in <module>
    main(arguments)
  File "train.py", line 145, in main
    X, y = load_data(args)
  File "/home/mburu/Master_Thesis/master-thesis-da/DNN_Trial/utils/load_data.py", line 279, in load_data
    X[:, num_idx] = scaler.fit_transform(X[:, num_idx])
  File "/home/mburu/.local/lib/python3.8/site-packages/sklearn/utils/_set_output.py", line 157, in wrapped
    data_to_wrap = f(self, X, *args, **kwargs)
  File "/home/mburu/.local/lib/python3.8/site-packages/sklearn/base.py", line 916, in fit_transform
    return self.fit(X, **fit_params).transform(X)
  File "/home/mburu/.local/lib/python3.8/site-packages/sklearn/preprocessing/_data.py", line 839, in fit
    return self.partial_fit(X, y, sample_weight)
  File "/home/mburu/.local/lib/python3.8/site-packages/sklearn/base.py", line 1152, in wrapper
    return fit_method(estimator, *args, **kwargs)
  File "/home/mburu/.local/lib/python3.8/site-packages/sklearn/preprocessing/_data.py", line 875, in partial_fit
    X = self._validate_data(
  File "/home/mburu/.local/lib/python3.8/site-packages/sklearn/base.py", line 605, in _validate_data
    out = check_array(X, input_name="X", **check_params)
  File "/home/mburu/.local/lib/python3.8/site-packages/sklearn/utils/validation.py", line 915, in check_array
    array = _asarray_with_order(array, order=order, dtype=dtype, xp=xp)
  File "/home/mburu/.local/lib/python3.8/site-packages/sklearn/utils/_array_api.py", line 380, in _asarray_with_order
    array = numpy.asarray(array, order=order, dtype=dtype)
ValueError: could not convert string to float: 'RL'
srun: error: stud-000: task 0: Exited with exit code 1
