[I 2025-01-01 21:13:44,234] Using an existing study with name 'XGBoost_SAT11' instead of creating a new one.
[I 2025-01-01 21:13:52,197] Trial 200 finished with value: 1251465.1083443416 and parameters: {'max_depth': 5, 'alpha': 0.00014369266717529104, 'lambda': 1.3763212838053279e-06, 'eta': 0.08492381828490704}. Best is trial 138 with value: 1163929.5140608437.
[I 2025-01-01 21:13:57,256] Trial 201 finished with value: 1260548.3825089796 and parameters: {'max_depth': 5, 'alpha': 0.0004907306134818388, 'lambda': 7.828361745668565e-08, 'eta': 0.1321372273527039}. Best is trial 138 with value: 1163929.5140608437.
[I 2025-01-01 21:14:02,735] Trial 202 finished with value: 1253777.1985776597 and parameters: {'max_depth': 5, 'alpha': 0.00024103342234031247, 'lambda': 1.1930309119864543e-07, 'eta': 0.12398141570856121}. Best is trial 138 with value: 1163929.5140608437.
[I 2025-01-01 21:14:09,016] Trial 203 finished with value: 1256467.118209662 and parameters: {'max_depth': 5, 'alpha': 0.0008543792131924091, 'lambda': 5.812385429387549e-08, 'eta': 0.1102584265745803}. Best is trial 138 with value: 1163929.5140608437.
[I 2025-01-01 21:14:14,460] Trial 204 finished with value: 1247330.0084166634 and parameters: {'max_depth': 5, 'alpha': 0.0006452795113667153, 'lambda': 3.365567128925827e-07, 'eta': 0.12021853606658467}. Best is trial 138 with value: 1163929.5140608437.
[I 2025-01-01 21:14:19,896] Trial 205 finished with value: 1245540.202138927 and parameters: {'max_depth': 5, 'alpha': 0.0011826252597920118, 'lambda': 1.6710795656458088e-07, 'eta': 0.13558654071850987}. Best is trial 138 with value: 1163929.5140608437.
[I 2025-01-01 21:14:26,186] Trial 206 finished with value: 1235644.471756978 and parameters: {'max_depth': 5, 'alpha': 0.00036517963542010307, 'lambda': 3.037808089321627e-08, 'eta': 0.10060405424870784}. Best is trial 138 with value: 1163929.5140608437.
[I 2025-01-01 21:14:31,602] Trial 207 finished with value: 1241221.2775060271 and parameters: {'max_depth': 5, 'alpha': 0.00022894181018405816, 'lambda': 4.834444781909082e-07, 'eta': 0.10856935681591556}. Best is trial 138 with value: 1163929.5140608437.
[I 2025-01-01 21:14:36,901] Trial 208 finished with value: 1265674.9458773967 and parameters: {'max_depth': 5, 'alpha': 0.00016514236811335998, 'lambda': 1.067165851735969e-07, 'eta': 0.12413895025606528}. Best is trial 138 with value: 1163929.5140608437.
[I 2025-01-01 21:14:41,330] Trial 209 finished with value: 1259095.157205654 and parameters: {'max_depth': 5, 'alpha': 0.00010083801773367529, 'lambda': 2.4946354265723647e-07, 'eta': 0.15218005995192807}. Best is trial 138 with value: 1163929.5140608437.
[I 2025-01-01 21:14:46,458] Trial 210 finished with value: 1273048.6668666208 and parameters: {'max_depth': 5, 'alpha': 0.0003385777554039126, 'lambda': 7.200956253120458e-07, 'eta': 0.11581683789763275}. Best is trial 138 with value: 1163929.5140608437.
[I 2025-01-01 21:14:52,005] Trial 211 finished with value: 1231429.5130263562 and parameters: {'max_depth': 5, 'alpha': 0.0002015369026087075, 'lambda': 2.1767942730476924e-07, 'eta': 0.10936458281047653}. Best is trial 138 with value: 1163929.5140608437.
[I 2025-01-01 21:14:58,205] Trial 212 finished with value: 1243922.9675853432 and parameters: {'max_depth': 5, 'alpha': 0.00017257907493958304, 'lambda': 1.4013315334401325e-07, 'eta': 0.10833371261836393}. Best is trial 138 with value: 1163929.5140608437.
[I 2025-01-01 21:15:03,263] Trial 213 finished with value: 1259304.2657595032 and parameters: {'max_depth': 5, 'alpha': 0.000515817548754256, 'lambda': 3.180516050693985e-07, 'eta': 0.13133052251707433}. Best is trial 138 with value: 1163929.5140608437.
[I 2025-01-01 21:15:09,745] Trial 214 finished with value: 1233759.4110466992 and parameters: {'max_depth': 5, 'alpha': 0.0001292909465513578, 'lambda': 7.598068864616805e-08, 'eta': 0.11838703629735833}. Best is trial 138 with value: 1163929.5140608437.
[I 2025-01-01 21:15:16,747] Trial 215 finished with value: 1246647.3473581532 and parameters: {'max_depth': 5, 'alpha': 0.00032606972926855886, 'lambda': 2.5320231049557063e-07, 'eta': 0.09648375467612941}. Best is trial 138 with value: 1163929.5140608437.
[I 2025-01-01 21:15:23,283] Trial 216 finished with value: 1247315.5858535995 and parameters: {'max_depth': 5, 'alpha': 7.093224107253766e-05, 'lambda': 4.941988335159043e-08, 'eta': 0.10103141450071369}. Best is trial 138 with value: 1163929.5140608437.
[I 2025-01-01 21:15:28,855] Trial 217 finished with value: 1266953.9333479786 and parameters: {'max_depth': 5, 'alpha': 0.23673851083077338, 'lambda': 4.475217954366491e-07, 'eta': 0.12443949749551575}. Best is trial 138 with value: 1163929.5140608437.
[I 2025-01-01 21:15:34,494] Trial 218 finished with value: 1238960.3696237423 and parameters: {'max_depth': 5, 'alpha': 0.0007645864595651701, 'lambda': 2.0002501334312658e-07, 'eta': 0.11262621684444797}. Best is trial 138 with value: 1163929.5140608437.
[I 2025-01-01 21:15:39,571] Trial 219 finished with value: 1268818.5962997098 and parameters: {'max_depth': 5, 'alpha': 0.00019250434445681377, 'lambda': 9.333436639615574e-07, 'eta': 0.13513400297748576}. Best is trial 138 with value: 1163929.5140608437.
[I 2025-01-01 21:15:45,702] Trial 220 finished with value: 1248067.5000111812 and parameters: {'max_depth': 5, 'alpha': 0.0005782457004116882, 'lambda': 1.0234053422650375e-07, 'eta': 0.10444460273681477}. Best is trial 138 with value: 1163929.5140608437.
[I 2025-01-01 21:15:52,244] Trial 221 finished with value: 1257709.4639038825 and parameters: {'max_depth': 5, 'alpha': 6.314338018383456e-05, 'lambda': 5.775854152383486e-07, 'eta': 0.09395237267983379}. Best is trial 138 with value: 1163929.5140608437.
[I 2025-01-01 21:15:57,903] Trial 222 finished with value: 1261217.852622259 and parameters: {'max_depth': 5, 'alpha': 7.29163840735949e-05, 'lambda': 3.514742955656795e-07, 'eta': 0.09419015624791827}. Best is trial 138 with value: 1163929.5140608437.
[I 2025-01-01 21:16:04,285] Trial 223 finished with value: 1259752.8698116732 and parameters: {'max_depth': 5, 'alpha': 9.030494042246014e-05, 'lambda': 6.550413159459328e-07, 'eta': 0.11728635764216881}. Best is trial 138 with value: 1163929.5140608437.
[I 2025-01-01 21:16:10,776] Trial 224 finished with value: 1252418.1544825532 and parameters: {'max_depth': 5, 'alpha': 0.05224953480399269, 'lambda': 1.424481778330801e-07, 'eta': 0.10811182791142977}. Best is trial 138 with value: 1163929.5140608437.
[I 2025-01-01 21:16:16,890] Trial 225 finished with value: 1233155.0679901117 and parameters: {'max_depth': 5, 'alpha': 0.0002816428743139001, 'lambda': 9.825385215205693e-07, 'eta': 0.12606626814871705}. Best is trial 138 with value: 1163929.5140608437.
[I 2025-01-01 21:16:23,345] Trial 226 finished with value: 1243090.3176810262 and parameters: {'max_depth': 5, 'alpha': 0.00012870856887399536, 'lambda': 2.7158452425010956e-07, 'eta': 0.10046683523583515}. Best is trial 138 with value: 1163929.5140608437.
[I 2025-01-01 21:16:30,149] Trial 227 finished with value: 1221401.5047165188 and parameters: {'max_depth': 5, 'alpha': 0.0010768516954360943, 'lambda': 5.493631540838936e-07, 'eta': 0.11416924565018748}. Best is trial 138 with value: 1163929.5140608437.
[I 2025-01-01 21:16:37,074] Trial 228 finished with value: 1253489.5002831155 and parameters: {'max_depth': 5, 'alpha': 0.0019090755509457637, 'lambda': 1.9144394418823313e-07, 'eta': 0.08722865007983212}. Best is trial 138 with value: 1163929.5140608437.
[I 2025-01-01 21:16:41,969] Trial 229 finished with value: 1243687.281838491 and parameters: {'max_depth': 5, 'alpha': 0.0004306587913361804, 'lambda': 8.495133064643574e-08, 'eta': 0.1421314767243186}. Best is trial 138 with value: 1163929.5140608437.
[I 2025-01-01 21:16:47,429] Trial 230 finished with value: 1275287.844803345 and parameters: {'max_depth': 5, 'alpha': 4.8126093500300946e-05, 'lambda': 3.436946120741097e-07, 'eta': 0.12052249462906967}. Best is trial 138 with value: 1163929.5140608437.
[I 2025-01-01 21:16:52,149] Trial 231 finished with value: 1277899.511560326 and parameters: {'max_depth': 5, 'alpha': 4.117247480939329e-05, 'lambda': 2.489723131719078e-08, 'eta': 0.11190815436545391}. Best is trial 138 with value: 1163929.5140608437.
[I 2025-01-01 21:16:58,074] Trial 232 finished with value: 1244226.858155083 and parameters: {'max_depth': 5, 'alpha': 0.00010594621555142032, 'lambda': 1.7126138562226776e-08, 'eta': 0.10439707021299634}. Best is trial 138 with value: 1163929.5140608437.
[I 2025-01-01 21:17:03,201] Trial 233 finished with value: 1275459.4406204887 and parameters: {'max_depth': 5, 'alpha': 0.08874867856145628, 'lambda': 4.704118776910342e-08, 'eta': 0.12994592101037533}. Best is trial 138 with value: 1163929.5140608437.
[I 2025-01-01 21:17:09,009] Trial 234 finished with value: 1244890.7111024195 and parameters: {'max_depth': 5, 'alpha': 6.704235818923882e-05, 'lambda': 1.2259565367746612e-07, 'eta': 0.1183088669925288}. Best is trial 138 with value: 1163929.5140608437.
[I 2025-01-01 21:17:15,671] Trial 235 finished with value: 1237203.6316313515 and parameters: {'max_depth': 5, 'alpha': 0.00015041753797004193, 'lambda': 6.749905409899151e-08, 'eta': 0.09835485405890107}. Best is trial 138 with value: 1163929.5140608437.
[I 2025-01-01 21:17:20,508] Trial 236 finished with value: 1609233.872225211 and parameters: {'max_depth': 2, 'alpha': 0.00023927024334022943, 'lambda': 7.457874219813791e-07, 'eta': 0.11010163646658745}. Best is trial 138 with value: 1163929.5140608437.
[I 2025-01-01 21:17:26,988] Trial 237 finished with value: 1240976.5576520641 and parameters: {'max_depth': 5, 'alpha': 8.527631802436422e-05, 'lambda': 3.48637327664298e-08, 'eta': 0.12140189817161226}. Best is trial 138 with value: 1163929.5140608437.
[I 2025-01-01 21:17:32,133] Trial 238 finished with value: 1256131.2963955377 and parameters: {'max_depth': 5, 'alpha': 1.6091019868071346e-05, 'lambda': 4.1640449173379664e-07, 'eta': 0.12990459592046688}. Best is trial 138 with value: 1163929.5140608437.
[I 2025-01-01 21:17:37,999] Trial 239 finished with value: 1248857.5824164853 and parameters: {'max_depth': 5, 'alpha': 0.0001813189624292519, 'lambda': 2.4196415944283357e-07, 'eta': 0.11320884476299588}. Best is trial 138 with value: 1163929.5140608437.
[I 2025-01-01 21:17:44,800] Trial 240 finished with value: 1239092.96468005 and parameters: {'max_depth': 5, 'alpha': 4.3340069547480454e-05, 'lambda': 1.6485794950267102e-07, 'eta': 0.10384685218658826}. Best is trial 138 with value: 1163929.5140608437.
[I 2025-01-01 21:17:50,435] Trial 241 finished with value: 1253802.3479171663 and parameters: {'max_depth': 5, 'alpha': 0.011882884980849872, 'lambda': 1.7193420079082556e-07, 'eta': 0.11592394018898833}. Best is trial 138 with value: 1163929.5140608437.
[I 2025-01-01 21:17:56,026] Trial 242 finished with value: 1250859.6888347226 and parameters: {'max_depth': 5, 'alpha': 0.0032535732921631986, 'lambda': 2.8896298721901604e-07, 'eta': 0.12309935182405903}. Best is trial 138 with value: 1163929.5140608437.
[I 2025-01-01 21:18:00,706] Trial 243 finished with value: 1255889.2291845316 and parameters: {'max_depth': 5, 'alpha': 0.001921699916187527, 'lambda': 2.112514772537445e-07, 'eta': 0.13774995229049478}. Best is trial 138 with value: 1163929.5140608437.
[I 2025-01-01 21:18:06,453] Trial 244 finished with value: 1245521.8342507768 and parameters: {'max_depth': 5, 'alpha': 0.001407588330604445, 'lambda': 4.801511962228879e-07, 'eta': 0.11556133775451512}. Best is trial 138 with value: 1163929.5140608437.
[I 2025-01-01 21:18:12,560] Trial 245 finished with value: 1241177.999851423 and parameters: {'max_depth': 5, 'alpha': 0.0077132382462815905, 'lambda': 1.1291601760416842e-07, 'eta': 0.10723964137859962}. Best is trial 138 with value: 1163929.5140608437.
[I 2025-01-01 21:18:19,381] Trial 246 finished with value: 1249994.599760042 and parameters: {'max_depth': 5, 'alpha': 0.00010300697035612513, 'lambda': 7.208038778148311e-08, 'eta': 0.09696531578399246}. Best is trial 138 with value: 1163929.5140608437.
[I 2025-01-01 21:18:25,485] Trial 247 finished with value: 1242700.077720928 and parameters: {'max_depth': 5, 'alpha': 0.0006624578478870312, 'lambda': 3.5851765810823613e-07, 'eta': 0.12296085821190181}. Best is trial 138 with value: 1163929.5140608437.
[I 2025-01-01 21:18:30,774] Trial 248 finished with value: 1249158.6668835976 and parameters: {'max_depth': 5, 'alpha': 0.00032860366990509213, 'lambda': 2.075512215226395e-07, 'eta': 0.12976574437409022}. Best is trial 138 with value: 1163929.5140608437.
[I 2025-01-01 21:18:36,094] Trial 249 finished with value: 1272619.0144202737 and parameters: {'max_depth': 5, 'alpha': 0.00015960920362601317, 'lambda': 1.5235466853946275e-08, 'eta': 0.11209212648955859}. Best is trial 138 with value: 1163929.5140608437.
[I 2025-01-01 21:18:44,704] Using an existing study with name 'XGBoost_Diamonds' instead of creating a new one.
[I 2025-01-01 21:18:56,584] Trial 200 finished with value: 288194.94538202486 and parameters: {'max_depth': 7, 'alpha': 0.0004835498803135551, 'lambda': 1.7131331368540364e-05, 'eta': 0.04071275238937694}. Best is trial 101 with value: 272431.1490428589.
[I 2025-01-01 21:19:11,900] Trial 201 finished with value: 290677.805090957 and parameters: {'max_depth': 7, 'alpha': 8.196932334265261e-07, 'lambda': 1.0732148212425548e-05, 'eta': 0.018359601492793382}. Best is trial 101 with value: 272431.1490428589.
[I 2025-01-01 21:19:26,989] Trial 202 finished with value: 290476.3515263199 and parameters: {'max_depth': 7, 'alpha': 5.134987857651364e-07, 'lambda': 2.880752459496754e-05, 'eta': 0.020372938822152156}. Best is trial 101 with value: 272431.1490428589.
[I 2025-01-01 21:19:35,746] Trial 203 finished with value: 288870.36559148284 and parameters: {'max_depth': 7, 'alpha': 2.2781421666349382e-07, 'lambda': 2.0434091621699676e-05, 'eta': 0.051057220149672004}. Best is trial 101 with value: 272431.1490428589.
[I 2025-01-01 21:19:45,314] Trial 204 finished with value: 291045.9345224431 and parameters: {'max_depth': 6, 'alpha': 1.4504688445001276e-06, 'lambda': 5.9424545492499884e-05, 'eta': 0.03480843896802368}. Best is trial 101 with value: 272431.1490428589.
[I 2025-01-01 21:20:00,254] Trial 205 finished with value: 289698.31226804364 and parameters: {'max_depth': 7, 'alpha': 3.327889145620863e-07, 'lambda': 4.919588758454122e-06, 'eta': 0.02291728392505712}. Best is trial 101 with value: 272431.1490428589.
[I 2025-01-01 21:20:09,997] Trial 206 finished with value: 296080.80614484346 and parameters: {'max_depth': 6, 'alpha': 4.678715004635401e-07, 'lambda': 3.5862292719637026e-05, 'eta': 0.025010644198043327}. Best is trial 101 with value: 272431.1490428589.
[I 2025-01-01 21:20:36,009] Trial 207 finished with value: 288960.6920574327 and parameters: {'max_depth': 8, 'alpha': 3.697682513807916e-05, 'lambda': 1.427789828446887e-05, 'eta': 0.014033570047756126}. Best is trial 101 with value: 272431.1490428589.
[I 2025-01-01 21:20:51,514] Trial 208 finished with value: 294876.81070138206 and parameters: {'max_depth': 7, 'alpha': 2.0167976824306978e-07, 'lambda': 3.325900681006314e-07, 'eta': 0.015923268241188733}. Best is trial 101 with value: 272431.1490428589.
[I 2025-01-01 21:21:05,022] Trial 209 finished with value: 287462.2570626166 and parameters: {'max_depth': 7, 'alpha': 3.222407708652755e-07, 'lambda': 2.7451193353935698e-06, 'eta': 0.029747783037287014}. Best is trial 101 with value: 272431.1490428589.
[I 2025-01-01 21:21:15,637] Trial 210 finished with value: 287745.5573511139 and parameters: {'max_depth': 7, 'alpha': 7.460519835318624e-07, 'lambda': 7.428404684088955e-06, 'eta': 0.04714304299688051}. Best is trial 101 with value: 272431.1490428589.
[I 2025-01-01 21:21:29,125] Trial 211 finished with value: 287145.98626048444 and parameters: {'max_depth': 7, 'alpha': 6.158565857523642e-07, 'lambda': 1.4779419307768693e-05, 'eta': 0.032506783372281016}. Best is trial 101 with value: 272431.1490428589.
[I 2025-01-01 21:21:41,371] Trial 212 finished with value: 287608.0794799764 and parameters: {'max_depth': 7, 'alpha': 9.936696749552683e-07, 'lambda': 1.0098385501378277e-05, 'eta': 0.03451739294018364}. Best is trial 101 with value: 272431.1490428589.
[I 2025-01-01 21:21:54,774] Trial 213 finished with value: 288393.41318620526 and parameters: {'max_depth': 7, 'alpha': 4.09680358564345e-07, 'lambda': 2.116212086750673e-05, 'eta': 0.03763004932342473}. Best is trial 101 with value: 272431.1490428589.
[I 2025-01-01 21:22:05,765] Trial 214 finished with value: 289069.8588532987 and parameters: {'max_depth': 7, 'alpha': 2.2099514952504702e-07, 'lambda': 4.3371179436164536e-06, 'eta': 0.04335224666562917}. Best is trial 101 with value: 272431.1490428589.
[I 2025-01-01 21:22:20,674] Trial 215 finished with value: 287464.7299792241 and parameters: {'max_depth': 7, 'alpha': 5.993535366275575e-07, 'lambda': 1.957407040684123e-05, 'eta': 0.026897822238967386}. Best is trial 101 with value: 272431.1490428589.
[I 2025-01-01 21:22:45,003] Trial 216 finished with value: 287537.2407753238 and parameters: {'max_depth': 8, 'alpha': 2.7799425541783314e-07, 'lambda': 5.875558607877289e-06, 'eta': 0.017459071737615895}. Best is trial 101 with value: 272431.1490428589.
[I 2025-01-01 21:22:54,095] Trial 217 finished with value: 289490.7905622192 and parameters: {'max_depth': 7, 'alpha': 1.3919810056729353e-07, 'lambda': 1.851602583356862e-06, 'eta': 0.053932079762641034}. Best is trial 101 with value: 272431.1490428589.
[I 2025-01-01 21:23:04,631] Trial 218 finished with value: 287478.10265098175 and parameters: {'max_depth': 7, 'alpha': 0.00011540980591533042, 'lambda': 1.1140262495324126e-06, 'eta': 0.04772371055982082}. Best is trial 101 with value: 272431.1490428589.
[I 2025-01-01 21:23:13,935] Trial 219 finished with value: 291491.1770454322 and parameters: {'max_depth': 6, 'alpha': 7.972395872355551e-08, 'lambda': 2.993255653734091e-05, 'eta': 0.04064133392092867}. Best is trial 101 with value: 272431.1490428589.
[I 2025-01-01 21:23:28,736] Trial 220 finished with value: 287565.2299903825 and parameters: {'max_depth': 8, 'alpha': 6.872856047687372e-05, 'lambda': 3.634652553132745e-06, 'eta': 0.036626638873272305}. Best is trial 101 with value: 272431.1490428589.
[I 2025-01-01 21:23:38,203] Trial 221 finished with value: 287775.0318195877 and parameters: {'max_depth': 7, 'alpha': 1.5707201318238413e-07, 'lambda': 2.50804168495662e-05, 'eta': 0.05025239153385987}. Best is trial 101 with value: 272431.1490428589.
[I 2025-01-01 21:23:51,654] Trial 222 finished with value: 288966.41133741953 and parameters: {'max_depth': 7, 'alpha': 3.790531857730023e-07, 'lambda': 4.1884281459724906e-05, 'eta': 0.031288617602671924}. Best is trial 101 with value: 272431.1490428589.
[I 2025-01-01 21:24:05,054] Trial 223 finished with value: 289362.5858069551 and parameters: {'max_depth': 7, 'alpha': 9.930117150262482e-08, 'lambda': 6.850076267727826e-05, 'eta': 0.028890165683473693}. Best is trial 101 with value: 272431.1490428589.
[I 2025-01-01 21:24:17,461] Trial 224 finished with value: 288515.5001059307 and parameters: {'max_depth': 7, 'alpha': 1.7957958043310164e-07, 'lambda': 1.9012749447223963e-05, 'eta': 0.03445805397053869}. Best is trial 101 with value: 272431.1490428589.
[I 2025-01-01 21:25:50,660] Trial 225 finished with value: 299621.7970082819 and parameters: {'max_depth': 12, 'alpha': 0.000266114789153121, 'lambda': 1.198157406181152e-05, 'eta': 0.031086514923751633}. Best is trial 101 with value: 272431.1490428589.
[I 2025-01-01 21:26:02,955] Trial 226 finished with value: 287990.4102185229 and parameters: {'max_depth': 7, 'alpha': 2.848391024163083e-07, 'lambda': 7.422122258547932e-06, 'eta': 0.038886241096483}. Best is trial 101 with value: 272431.1490428589.
[I 2025-01-01 21:26:17,051] Trial 227 finished with value: 286383.3945408335 and parameters: {'max_depth': 7, 'alpha': 5.187638099738947e-07, 'lambda': 6.782233152000784e-07, 'eta': 0.03330669240922513}. Best is trial 101 with value: 272431.1490428589.
[I 2025-01-01 21:26:27,576] Trial 228 finished with value: 287976.74203647306 and parameters: {'max_depth': 7, 'alpha': 1.1267823362787044e-06, 'lambda': 1.5935375346188835e-05, 'eta': 0.043736627658714396}. Best is trial 101 with value: 272431.1490428589.
[I 2025-01-01 21:26:32,163] Trial 229 finished with value: 530103.3175687578 and parameters: {'max_depth': 3, 'alpha': 7.836867786307164e-07, 'lambda': 0.003910694517610368, 'eta': 0.02211882401595376}. Best is trial 101 with value: 272431.1490428589.
[I 2025-01-01 21:26:38,405] Trial 230 finished with value: 299000.5755383337 and parameters: {'max_depth': 5, 'alpha': 2.77381345580865e-07, 'lambda': 1.0320726035559934e-05, 'eta': 0.059890797856366314}. Best is trial 101 with value: 272431.1490428589.
[I 2025-01-01 21:26:53,921] Trial 231 finished with value: 294794.7611681477 and parameters: {'max_depth': 7, 'alpha': 4.9667682497434955e-05, 'lambda': 4.290767696830754e-05, 'eta': 0.015412784932210414}. Best is trial 101 with value: 272431.1490428589.
[I 2025-01-01 21:27:09,452] Trial 232 finished with value: 294588.0647640877 and parameters: {'max_depth': 7, 'alpha': 0.0008458758514582207, 'lambda': 8.741238355016062e-05, 'eta': 0.015783562885127916}. Best is trial 101 with value: 272431.1490428589.
[I 2025-01-01 21:27:24,949] Trial 233 finished with value: 293734.307060357 and parameters: {'max_depth': 7, 'alpha': 4.4955004585805645e-07, 'lambda': 2.7066147477042763e-05, 'eta': 0.016791823725387806}. Best is trial 101 with value: 272431.1490428589.
[I 2025-01-01 21:27:40,208] Trial 234 finished with value: 290666.96539653966 and parameters: {'max_depth': 7, 'alpha': 0.006367642884229316, 'lambda': 4.916716733229599e-05, 'eta': 0.019219001224646058}. Best is trial 101 with value: 272431.1490428589.
[I 2025-01-01 21:27:55,741] Trial 235 finished with value: 297666.239737625 and parameters: {'max_depth': 7, 'alpha': 1.7409192745221267e-07, 'lambda': 3.428326559508028e-05, 'eta': 0.014324893143162825}. Best is trial 101 with value: 272431.1490428589.
[I 2025-01-01 21:28:04,723] Trial 236 finished with value: 287893.7461007608 and parameters: {'max_depth': 7, 'alpha': 3.3230367239256013e-07, 'lambda': 2.500108220244899e-06, 'eta': 0.05266404013881794}. Best is trial 101 with value: 272431.1490428589.
[I 2025-01-01 21:28:12,733] Trial 237 finished with value: 291539.12887569633 and parameters: {'max_depth': 6, 'alpha': 0.030777556797936666, 'lambda': 0.00011706647619089098, 'eta': 0.04877204625152181}. Best is trial 101 with value: 272431.1490428589.
[I 2025-01-01 21:28:20,456] Trial 238 finished with value: 289993.00852940365 and parameters: {'max_depth': 6, 'alpha': 0.0024220308233695335, 'lambda': 1.4078946478939963e-06, 'eta': 0.05478910427140581}. Best is trial 101 with value: 272431.1490428589.
[I 2025-01-01 21:28:31,458] Trial 239 finished with value: 287653.7155608382 and parameters: {'max_depth': 7, 'alpha': 2.219199084981032e-07, 'lambda': 5.8251961987943137e-05, 'eta': 0.04638136383533117}. Best is trial 101 with value: 272431.1490428589.
[I 2025-01-01 21:28:43,806] Trial 240 finished with value: 287623.5487316709 and parameters: {'max_depth': 7, 'alpha': 1.1461236288346009e-07, 'lambda': 4.696184793770808e-07, 'eta': 0.035656484565772556}. Best is trial 101 with value: 272431.1490428589.
[I 2025-01-01 21:28:50,251] Trial 241 finished with value: 299593.4145519834 and parameters: {'max_depth': 5, 'alpha': 1.1280591656585076e-05, 'lambda': 2.685653982796934e-05, 'eta': 0.061490957770017216}. Best is trial 101 with value: 272431.1490428589.
[I 2025-01-01 21:28:57,802] Trial 242 finished with value: 289699.1090907664 and parameters: {'max_depth': 6, 'alpha': 0.001283689478719475, 'lambda': 1.7886140406215423e-05, 'eta': 0.06762433182763819}. Best is trial 101 with value: 272431.1490428589.
[I 2025-01-01 21:29:07,804] Trial 243 finished with value: 315616.4506032478 and parameters: {'max_depth': 6, 'alpha': 5.402173443095365e-07, 'lambda': 3.823411223314136e-05, 'eta': 0.014608763057752697}. Best is trial 101 with value: 272431.1490428589.
[I 2025-01-01 21:29:14,818] Trial 244 finished with value: 290934.89400662 and parameters: {'max_depth': 7, 'alpha': 1.800095979779906e-05, 'lambda': 1.230620027478966e-05, 'eta': 0.08240835978550665}. Best is trial 101 with value: 272431.1490428589.
[I 2025-01-01 21:29:23,685] Trial 245 finished with value: 288129.17810125474 and parameters: {'max_depth': 7, 'alpha': 0.00014880910036850305, 'lambda': 3.839674471271027e-06, 'eta': 0.05644998023006007}. Best is trial 101 with value: 272431.1490428589.
[I 2025-01-01 21:29:33,219] Trial 246 finished with value: 288576.58248946274 and parameters: {'max_depth': 7, 'alpha': 5.421061149732851e-06, 'lambda': 2.2232402921697478e-05, 'eta': 0.050818995415443796}. Best is trial 101 with value: 272431.1490428589.
[I 2025-01-01 21:29:40,022] Trial 247 finished with value: 292443.70971052034 and parameters: {'max_depth': 6, 'alpha': 3.119258417316031e-05, 'lambda': 5.444937830418364e-06, 'eta': 0.057597919284858544}. Best is trial 101 with value: 272431.1490428589.
[I 2025-01-01 21:29:52,277] Trial 248 finished with value: 289208.2370092579 and parameters: {'max_depth': 7, 'alpha': 8.048624350844752e-06, 'lambda': 6.705719082821311e-05, 'eta': 0.033357189374564146}. Best is trial 101 with value: 272431.1490428589.
[I 2025-01-01 21:30:07,849] Trial 249 finished with value: 299907.6800782494 and parameters: {'max_depth': 7, 'alpha': 7.49645721267166e-05, 'lambda': 7.722039234400676e-06, 'eta': 0.013387918520257211}. Best is trial 101 with value: 272431.1490428589.
[I 2025-01-01 21:30:23,296] Using an existing study with name 'XGBoost_House_Prices_Nominal' instead of creating a new one.
[I 2025-01-01 21:30:37,743] Trial 51 finished with value: 821146542.8492758 and parameters: {'max_depth': 7, 'alpha': 0.0002197968977550929, 'lambda': 0.05700314532317735, 'eta': 0.02480176877015399}. Best is trial 42 with value: 623238664.0453135.
[I 2025-01-01 21:30:40,857] Trial 52 finished with value: 656810926.4468536 and parameters: {'max_depth': 4, 'alpha': 4.9431838398204196e-05, 'lambda': 0.0028061371083343977, 'eta': 0.06823322680133277}. Best is trial 42 with value: 623238664.0453135.
[I 2025-01-01 21:30:43,658] Trial 53 finished with value: 647435955.3549587 and parameters: {'max_depth': 4, 'alpha': 0.0007455076011040247, 'lambda': 0.00021909822708925114, 'eta': 0.09875167184151527}. Best is trial 42 with value: 623238664.0453135.
[I 2025-01-01 21:30:49,918] Trial 54 finished with value: 694823725.7245275 and parameters: {'max_depth': 5, 'alpha': 1.882846756708104e-05, 'lambda': 1.5292772691441248e-07, 'eta': 0.032040285801731204}. Best is trial 42 with value: 623238664.0453135.
[I 2025-01-01 21:30:55,071] Trial 55 finished with value: 639709180.7714633 and parameters: {'max_depth': 4, 'alpha': 1.395876858246128e-06, 'lambda': 0.0012601375327123822, 'eta': 0.03757430849554049}. Best is trial 42 with value: 623238664.0453135.
[I 2025-01-01 21:30:59,738] Trial 56 finished with value: 776192268.9258637 and parameters: {'max_depth': 6, 'alpha': 5.589527603637101e-06, 'lambda': 7.141845745986506e-05, 'eta': 0.08118329414655645}. Best is trial 42 with value: 623238664.0453135.
[I 2025-01-01 21:31:03,369] Trial 57 finished with value: 659163524.8576254 and parameters: {'max_depth': 3, 'alpha': 0.00010810353802135901, 'lambda': 0.5345233039213604, 'eta': 0.048928849575538544}. Best is trial 42 with value: 623238664.0453135.
[I 2025-01-01 21:31:51,698] Trial 58 finished with value: 1319132234.705991 and parameters: {'max_depth': 12, 'alpha': 0.5308866656767309, 'lambda': 0.00034806131623323685, 'eta': 0.06067490022871644}. Best is trial 42 with value: 623238664.0453135.
[I 2025-01-01 21:31:56,949] Trial 59 finished with value: 869969287.683326 and parameters: {'max_depth': 7, 'alpha': 0.0008895826572577635, 'lambda': 2.5588877029783123e-08, 'eta': 0.11063323409026822}. Best is trial 42 with value: 623238664.0453135.
[I 2025-01-01 21:32:00,158] Trial 60 finished with value: 627853908.8010294 and parameters: {'max_depth': 4, 'alpha': 2.056917609626198e-06, 'lambda': 0.0070402885725755334, 'eta': 0.06753167422912525}. Best is trial 42 with value: 623238664.0453135.
[I 2025-01-01 21:32:29,178] Trial 61 finished with value: 1048014322.9728327 and parameters: {'max_depth': 10, 'alpha': 2.4752752083773846e-06, 'lambda': 0.006884133400710941, 'eta': 0.04267844987580028}. Best is trial 42 with value: 623238664.0453135.
[I 2025-01-01 21:32:33,383] Trial 62 finished with value: 624205793.6168014 and parameters: {'max_depth': 4, 'alpha': 9.45600655599583e-06, 'lambda': 0.0013390322467523236, 'eta': 0.054790940661634195}. Best is trial 42 with value: 623238664.0453135.
[I 2025-01-01 21:32:38,216] Trial 63 finished with value: 669737062.6864792 and parameters: {'max_depth': 5, 'alpha': 8.589103006166629e-06, 'lambda': 0.0015615856415113593, 'eta': 0.05507398294980381}. Best is trial 42 with value: 623238664.0453135.
[I 2025-01-01 21:32:42,839] Trial 64 finished with value: 640040786.0155318 and parameters: {'max_depth': 4, 'alpha': 2.489128438620992e-07, 'lambda': 0.020149802389635176, 'eta': 0.046840852764074556}. Best is trial 42 with value: 623238664.0453135.
[I 2025-01-01 21:32:45,932] Trial 65 finished with value: 610313009.8125492 and parameters: {'max_depth': 3, 'alpha': 6.45199631203893e-07, 'lambda': 0.006674028650895898, 'eta': 0.06910450843488232}. Best is trial 65 with value: 610313009.8125492.
[I 2025-01-01 21:32:49,749] Trial 66 finished with value: 632009136.2942792 and parameters: {'max_depth': 4, 'alpha': 5.482255505438545e-07, 'lambda': 0.041429038235740026, 'eta': 0.06278590921490167}. Best is trial 65 with value: 610313009.8125492.
[I 2025-01-01 21:32:52,544] Trial 67 finished with value: 658422053.6384795 and parameters: {'max_depth': 3, 'alpha': 1.6338044882178017e-06, 'lambda': 0.005424179503929786, 'eta': 0.08409733739850236}. Best is trial 65 with value: 610313009.8125492.
[I 2025-01-01 21:32:56,436] Trial 68 finished with value: 686430221.55592 and parameters: {'max_depth': 5, 'alpha': 7.35427976800666e-08, 'lambda': 0.00871767057972333, 'eta': 0.06992178812922388}. Best is trial 65 with value: 610313009.8125492.
[I 2025-01-01 21:32:59,425] Trial 69 finished with value: 639800132.1735746 and parameters: {'max_depth': 3, 'alpha': 3.966891613342495e-05, 'lambda': 4.4749226112931836e-07, 'eta': 0.05448515545856854}. Best is trial 65 with value: 610313009.8125492.
[I 2025-01-01 21:33:02,736] Trial 70 finished with value: 635665833.7581489 and parameters: {'max_depth': 4, 'alpha': 0.00022985092623235753, 'lambda': 0.15874498819820698, 'eta': 0.06876870098166518}. Best is trial 65 with value: 610313009.8125492.
[I 2025-01-01 21:33:10,659] Trial 71 finished with value: 751743077.5108823 and parameters: {'max_depth': 6, 'alpha': 4.501811472433382e-06, 'lambda': 0.004560439046204961, 'eta': 0.031766396914288494}. Best is trial 65 with value: 610313009.8125492.
[I 2025-01-01 21:33:14,319] Trial 72 finished with value: 628775072.2874186 and parameters: {'max_depth': 4, 'alpha': 6.250244616746004e-07, 'lambda': 0.047485791238199494, 'eta': 0.06279036344657123}. Best is trial 65 with value: 610313009.8125492.
[I 2025-01-01 21:33:19,005] Trial 73 finished with value: 653239638.3584653 and parameters: {'max_depth': 4, 'alpha': 2.1483173634186186e-07, 'lambda': 0.17404094510742626, 'eta': 0.03949816454368492}. Best is trial 65 with value: 610313009.8125492.
[I 2025-01-01 21:33:21,398] Trial 74 finished with value: 662135935.9017746 and parameters: {'max_depth': 3, 'alpha': 3.962114527230797e-07, 'lambda': 0.04306122873198776, 'eta': 0.08801746720378902}. Best is trial 65 with value: 610313009.8125492.
[I 2025-01-01 21:33:25,622] Trial 75 finished with value: 690348140.6598102 and parameters: {'max_depth': 5, 'alpha': 6.245814572922761e-07, 'lambda': 0.01285115675586208, 'eta': 0.05433586443748239}. Best is trial 65 with value: 610313009.8125492.
[I 2025-01-01 21:33:29,401] Trial 76 finished with value: 655345980.8825271 and parameters: {'max_depth': 3, 'alpha': 2.5810936969819265e-08, 'lambda': 0.0005618579001115773, 'eta': 0.044187811780720225}. Best is trial 65 with value: 610313009.8125492.
[I 2025-01-01 21:33:35,379] Trial 77 finished with value: 714125189.5229003 and parameters: {'max_depth': 4, 'alpha': 1.0646633214083092e-05, 'lambda': 1.2947335564306464e-06, 'eta': 0.010028087043716107}. Best is trial 65 with value: 610313009.8125492.
[I 2025-01-01 21:33:39,435] Trial 78 finished with value: 688776297.1721594 and parameters: {'max_depth': 5, 'alpha': 1.0503666818342695e-06, 'lambda': 0.003625436715178362, 'eta': 0.06524111668754479}. Best is trial 65 with value: 610313009.8125492.
[I 2025-01-01 21:33:43,775] Trial 79 finished with value: 652014780.242049 and parameters: {'max_depth': 3, 'alpha': 1.3364628808560127e-07, 'lambda': 0.0021448913583909874, 'eta': 0.03683452465863882}. Best is trial 65 with value: 610313009.8125492.
[I 2025-01-01 21:33:46,799] Trial 80 finished with value: 646547998.904762 and parameters: {'max_depth': 4, 'alpha': 2.4128843462489235e-05, 'lambda': 3.0992332547765517e-07, 'eta': 0.09764422424362487}. Best is trial 65 with value: 610313009.8125492.
[I 2025-01-01 21:33:49,845] Trial 81 finished with value: 646067240.2671413 and parameters: {'max_depth': 4, 'alpha': 7.135815751943402e-05, 'lambda': 0.010012767026099274, 'eta': 0.07446770196372937}. Best is trial 65 with value: 610313009.8125492.
[I 2025-01-01 21:33:53,780] Trial 82 finished with value: 637771203.0389297 and parameters: {'max_depth': 4, 'alpha': 7.039401661040947e-07, 'lambda': 0.04208356087755459, 'eta': 0.051413890434902194}. Best is trial 65 with value: 610313009.8125492.
[I 2025-01-01 21:33:57,100] Trial 83 finished with value: 642572353.6458237 and parameters: {'max_depth': 4, 'alpha': 1.9458936837810787e-06, 'lambda': 0.026829173070451275, 'eta': 0.062939573464296}. Best is trial 65 with value: 610313009.8125492.
[I 2025-01-01 21:34:00,472] Trial 84 finished with value: 650529814.1267245 and parameters: {'max_depth': 3, 'alpha': 3.4790823109237915e-07, 'lambda': 0.13558970569237355, 'eta': 0.05788719319181867}. Best is trial 65 with value: 610313009.8125492.
[I 2025-01-01 21:34:03,868] Trial 85 finished with value: 657489314.242732 and parameters: {'max_depth': 4, 'alpha': 3.899699981354173e-06, 'lambda': 0.06505592002140302, 'eta': 0.0645439085525132}. Best is trial 65 with value: 610313009.8125492.
[I 2025-01-01 21:34:14,974] Trial 86 finished with value: 786037442.5057132 and parameters: {'max_depth': 9, 'alpha': 0.0004163965452952019, 'lambda': 0.30306397848181776, 'eta': 0.07093857160940197}. Best is trial 65 with value: 610313009.8125492.
[I 2025-01-01 21:34:20,319] Trial 87 finished with value: 690626219.151132 and parameters: {'max_depth': 5, 'alpha': 1.0600879839856635e-05, 'lambda': 9.548575364900832e-08, 'eta': 0.046094315740291374}. Best is trial 65 with value: 610313009.8125492.
[I 2025-01-01 21:34:24,539] Trial 88 finished with value: 641835187.5444883 and parameters: {'max_depth': 3, 'alpha': 7.721502556782209e-07, 'lambda': 0.09075802171518092, 'eta': 0.041508980297302565}. Best is trial 65 with value: 610313009.8125492.
[I 2025-01-01 21:34:27,465] Trial 89 finished with value: 635728045.0935526 and parameters: {'max_depth': 4, 'alpha': 3.0694711274628323e-06, 'lambda': 7.196115096097327e-07, 'eta': 0.0811334875433557}. Best is trial 65 with value: 610313009.8125492.
[I 2025-01-01 21:34:31,628] Trial 90 finished with value: 689780687.6917269 and parameters: {'max_depth': 5, 'alpha': 1.361603397265168e-06, 'lambda': 4.3735491711887235e-06, 'eta': 0.05752137236877014}. Best is trial 65 with value: 610313009.8125492.
[I 2025-01-01 21:34:36,692] Trial 91 finished with value: 651403042.5157716 and parameters: {'max_depth': 4, 'alpha': 6.727871169388181e-06, 'lambda': 0.000994038276706426, 'eta': 0.03498883789676678}. Best is trial 65 with value: 610313009.8125492.
[I 2025-01-01 21:35:19,464] Trial 92 finished with value: 1242662704.1074626 and parameters: {'max_depth': 11, 'alpha': 2.3908557415556686e-06, 'lambda': 0.00043678526399789784, 'eta': 0.04850540204160662}. Best is trial 65 with value: 610313009.8125492.
[I 2025-01-01 21:35:22,931] Trial 93 finished with value: 652540950.9930472 and parameters: {'max_depth': 3, 'alpha': 2.628021580932852e-05, 'lambda': 0.0018674386735646363, 'eta': 0.05229274879474887}. Best is trial 65 with value: 610313009.8125492.
[I 2025-01-01 21:35:26,480] Trial 94 finished with value: 639511878.0381658 and parameters: {'max_depth': 3, 'alpha': 4.775109640676832e-07, 'lambda': 0.0002985659341740566, 'eta': 0.06003534369653467}. Best is trial 65 with value: 610313009.8125492.
[I 2025-01-01 21:35:30,173] Trial 95 finished with value: 636866227.8654512 and parameters: {'max_depth': 3, 'alpha': 4.343940639259903e-06, 'lambda': 0.030855020931429923, 'eta': 0.05036332783587963}. Best is trial 65 with value: 610313009.8125492.
[I 2025-01-01 21:35:33,124] Trial 96 finished with value: 618071159.5154366 and parameters: {'max_depth': 3, 'alpha': 0.00017535341435778872, 'lambda': 0.0007556619830696619, 'eta': 0.0734356713115655}. Best is trial 65 with value: 610313009.8125492.
[I 2025-01-01 21:35:35,731] Trial 97 finished with value: 638222890.4755533 and parameters: {'max_depth': 4, 'alpha': 0.0001766637659803643, 'lambda': 0.0010925772754595963, 'eta': 0.09182007587676037}. Best is trial 65 with value: 610313009.8125492.
[I 2025-01-01 21:35:38,543] Trial 98 finished with value: 655488599.3641655 and parameters: {'max_depth': 3, 'alpha': 0.0012772816398097632, 'lambda': 0.0038589470485691653, 'eta': 0.07385148307342401}. Best is trial 65 with value: 610313009.8125492.
[I 2025-01-01 21:35:41,414] Trial 99 finished with value: 646623418.4157054 and parameters: {'max_depth': 3, 'alpha': 8.479676657993521e-05, 'lambda': 1.5959982953842335e-06, 'eta': 0.06555061571935214}. Best is trial 65 with value: 610313009.8125492.
[I 2025-01-01 21:35:44,061] Trial 100 finished with value: 723242835.5125699 and parameters: {'max_depth': 2, 'alpha': 0.0004885769683560151, 'lambda': 0.007182879763728629, 'eta': 0.08648789496549608}. Best is trial 65 with value: 610313009.8125492.
[I 2025-01-01 21:35:50,917] Using an existing study with name 'XGBoost_Mercedes_Benz' instead of creating a new one.
[I 2025-01-01 21:35:55,290] Trial 350 finished with value: 69.21604121671596 and parameters: {'max_depth': 2, 'alpha': 3.7743580071633597e-06, 'lambda': 2.8034060590812304e-08, 'eta': 0.06072798365517736}. Best is trial 348 with value: 69.008191215538.
[I 2025-01-01 21:35:58,685] Trial 351 finished with value: 69.26026947304263 and parameters: {'max_depth': 2, 'alpha': 8.816653411676845e-06, 'lambda': 9.826599884088387e-05, 'eta': 0.06877922930785912}. Best is trial 348 with value: 69.008191215538.
[I 2025-01-01 21:36:02,346] Trial 352 finished with value: 69.16718873897022 and parameters: {'max_depth': 2, 'alpha': 2.731862409534597e-06, 'lambda': 5.339897548829975e-08, 'eta': 0.06429177786389284}. Best is trial 348 with value: 69.008191215538.
[I 2025-01-01 21:36:05,699] Trial 353 finished with value: 69.24055318200219 and parameters: {'max_depth': 2, 'alpha': 5.331084177344267e-06, 'lambda': 0.0005334555462527232, 'eta': 0.07187950263667334}. Best is trial 348 with value: 69.008191215538.
[I 2025-01-01 21:36:09,623] Trial 354 finished with value: 69.22981388728536 and parameters: {'max_depth': 2, 'alpha': 1.8049932320066618e-06, 'lambda': 1.5716577410481787e-08, 'eta': 0.06043199279241485}. Best is trial 348 with value: 69.008191215538.
[I 2025-01-01 21:36:12,959] Trial 355 finished with value: 69.15427508853864 and parameters: {'max_depth': 2, 'alpha': 2.569910096702546e-06, 'lambda': 2.1608978107422576e-07, 'eta': 0.07548521890451124}. Best is trial 348 with value: 69.008191215538.
[I 2025-01-01 21:36:16,239] Trial 356 finished with value: 69.23094064206366 and parameters: {'max_depth': 2, 'alpha': 2.8415824314272273e-06, 'lambda': 6.954452007952654e-08, 'eta': 0.08127093487165327}. Best is trial 348 with value: 69.008191215538.
[I 2025-01-01 21:36:20,110] Trial 357 finished with value: 69.29479131477729 and parameters: {'max_depth': 2, 'alpha': 3.596351070066743e-06, 'lambda': 3.9374685495603155e-08, 'eta': 0.05694751573574302}. Best is trial 348 with value: 69.008191215538.
[I 2025-01-01 21:36:23,608] Trial 358 finished with value: 69.23289328855037 and parameters: {'max_depth': 2, 'alpha': 1.7603177551960026e-06, 'lambda': 4.4590611573328816e-07, 'eta': 0.06742745353298642}. Best is trial 348 with value: 69.008191215538.
[I 2025-01-01 21:36:28,661] Trial 359 finished with value: 73.10488156411006 and parameters: {'max_depth': 5, 'alpha': 2.8538630646612396e-07, 'lambda': 1.3672447632606412e-07, 'eta': 0.06198446876482724}. Best is trial 348 with value: 69.008191215538.
[I 2025-01-01 21:36:32,040] Trial 360 finished with value: 69.10712100769766 and parameters: {'max_depth': 2, 'alpha': 3.38997590485042e-06, 'lambda': 0.0009985396962646474, 'eta': 0.08465811198641725}. Best is trial 348 with value: 69.008191215538.
[I 2025-01-01 21:36:35,969] Trial 361 finished with value: 69.19517089235194 and parameters: {'max_depth': 2, 'alpha': 5.275923398440244e-07, 'lambda': 2.5881284117521646e-08, 'eta': 0.056584789413473745}. Best is trial 348 with value: 69.008191215538.
[I 2025-01-01 21:36:39,791] Trial 362 finished with value: 69.21211058764494 and parameters: {'max_depth': 2, 'alpha': 2.610219493159014e-07, 'lambda': 9.165308155277789e-08, 'eta': 0.07341472175806255}. Best is trial 348 with value: 69.008191215538.
[I 2025-01-01 21:36:43,844] Trial 363 finished with value: 69.11819606180244 and parameters: {'max_depth': 2, 'alpha': 7.334549840411122e-06, 'lambda': 4.6277962042378984e-08, 'eta': 0.06511576512565218}. Best is trial 348 with value: 69.008191215538.
[I 2025-01-01 21:36:47,809] Trial 364 finished with value: 69.2114263633826 and parameters: {'max_depth': 2, 'alpha': 3.989181761843926e-07, 'lambda': 3.966606201780701e-08, 'eta': 0.06132515159172161}. Best is trial 348 with value: 69.008191215538.
[I 2025-01-01 21:36:51,449] Trial 365 finished with value: 69.24563020807129 and parameters: {'max_depth': 2, 'alpha': 2.417355001650427e-07, 'lambda': 6.91107983859647e-08, 'eta': 0.06933104286593546}. Best is trial 348 with value: 69.008191215538.
[I 2025-01-01 21:36:55,721] Trial 366 finished with value: 69.25464283189913 and parameters: {'max_depth': 2, 'alpha': 1.2348173926210991e-05, 'lambda': 1.1359618931407933e-07, 'eta': 0.055537316422881955}. Best is trial 348 with value: 69.008191215538.
[I 2025-01-01 21:36:59,232] Trial 367 finished with value: 69.24374450399532 and parameters: {'max_depth': 2, 'alpha': 1.3891927627384505e-06, 'lambda': 4.638777480516303e-06, 'eta': 0.07831013604284313}. Best is trial 348 with value: 69.008191215538.
[I 2025-01-01 21:37:03,681] Trial 368 finished with value: 69.24034198818192 and parameters: {'max_depth': 2, 'alpha': 0.9670001216134785, 'lambda': 5.804749695141916e-08, 'eta': 0.037978294397766926}. Best is trial 348 with value: 69.008191215538.
[I 2025-01-01 21:37:15,560] Trial 369 finished with value: 80.49291760788327 and parameters: {'max_depth': 8, 'alpha': 5.666403835896884e-07, 'lambda': 2.0165131032641157e-08, 'eta': 0.06492419569337589}. Best is trial 348 with value: 69.008191215538.
[I 2025-01-01 21:37:19,413] Trial 370 finished with value: 69.12176716680463 and parameters: {'max_depth': 2, 'alpha': 1.957907848819247e-07, 'lambda': 1.4685321841935827e-06, 'eta': 0.0589733178091945}. Best is trial 348 with value: 69.008191215538.
[I 2025-01-01 21:37:24,021] Trial 371 finished with value: 69.18208298616186 and parameters: {'max_depth': 2, 'alpha': 3.898943091784189e-07, 'lambda': 1.8066150063251976e-07, 'eta': 0.041796109958544166}. Best is trial 348 with value: 69.008191215538.
[I 2025-01-01 21:37:28,122] Trial 372 finished with value: 69.14087975674005 and parameters: {'max_depth': 2, 'alpha': 3.211067216101987e-07, 'lambda': 2.8704984408466766e-08, 'eta': 0.05314291728847245}. Best is trial 348 with value: 69.008191215538.
[I 2025-01-01 21:37:31,276] Trial 373 finished with value: 69.26834314115095 and parameters: {'max_depth': 2, 'alpha': 3.889597845209948e-05, 'lambda': 9.97129889540058e-05, 'eta': 0.09039472830815923}. Best is trial 348 with value: 69.008191215538.
[I 2025-01-01 21:37:34,960] Trial 374 finished with value: 69.14492817806325 and parameters: {'max_depth': 2, 'alpha': 6.111913364973184e-07, 'lambda': 0.00024076927463062252, 'eta': 0.07488588769994242}. Best is trial 348 with value: 69.008191215538.
[I 2025-01-01 21:37:38,693] Trial 375 finished with value: 69.31200976817468 and parameters: {'max_depth': 2, 'alpha': 4.6270853723985197e-07, 'lambda': 8.348154865214057e-08, 'eta': 0.06230136849575045}. Best is trial 348 with value: 69.008191215538.
[I 2025-01-01 21:37:42,651] Trial 376 finished with value: 69.2686138172811 and parameters: {'max_depth': 2, 'alpha': 1.8840166664730058e-06, 'lambda': 3.0937120004329845e-07, 'eta': 0.052689498249085115}. Best is trial 348 with value: 69.008191215538.
[I 2025-01-01 21:37:46,247] Trial 377 finished with value: 69.20445391675466 and parameters: {'max_depth': 2, 'alpha': 2.1799147703039487e-07, 'lambda': 0.0014385199264416951, 'eta': 0.06866312383073807}. Best is trial 348 with value: 69.008191215538.
[I 2025-01-01 21:37:50,192] Trial 378 finished with value: 69.29921557194066 and parameters: {'max_depth': 2, 'alpha': 3.042992846358698e-07, 'lambda': 3.598108273837302e-08, 'eta': 0.057943614199275364}. Best is trial 348 with value: 69.008191215538.
[I 2025-01-01 21:37:53,842] Trial 379 finished with value: 69.17414788743258 and parameters: {'max_depth': 2, 'alpha': 4.334911866879712e-06, 'lambda': 5.754606275087887e-08, 'eta': 0.06505177737084207}. Best is trial 348 with value: 69.008191215538.
[I 2025-01-01 21:37:57,151] Trial 380 finished with value: 69.18528786345287 and parameters: {'max_depth': 2, 'alpha': 0.4829795849760344, 'lambda': 1.043923413792759e-07, 'eta': 0.08415848196832415}. Best is trial 348 with value: 69.008191215538.
[I 2025-01-01 21:38:01,375] Trial 381 finished with value: 69.1871102551841 and parameters: {'max_depth': 2, 'alpha': 1.280381188403918e-06, 'lambda': 1.3096455496049607e-08, 'eta': 0.04975718248575163}. Best is trial 348 with value: 69.008191215538.
[I 2025-01-01 21:38:04,421] Trial 382 finished with value: 69.27863958154202 and parameters: {'max_depth': 2, 'alpha': 1.7042110680646203e-07, 'lambda': 1.5868270503877677e-05, 'eta': 0.1030287504827664}. Best is trial 348 with value: 69.008191215538.
[I 2025-01-01 21:38:08,349] Trial 383 finished with value: 69.24230426266247 and parameters: {'max_depth': 2, 'alpha': 6.525015249055973e-07, 'lambda': 4.1963037610196624e-08, 'eta': 0.055115992900274684}. Best is trial 348 with value: 69.008191215538.
[I 2025-01-01 21:38:11,925] Trial 384 finished with value: 69.1731065432555 and parameters: {'max_depth': 2, 'alpha': 4.111892293143993e-07, 'lambda': 2.230670320515905e-08, 'eta': 0.07081258291016168}. Best is trial 348 with value: 69.008191215538.
[I 2025-01-01 21:38:16,052] Trial 385 finished with value: 69.19636352585822 and parameters: {'max_depth': 2, 'alpha': 2.859190552460747e-07, 'lambda': 6.911797128967824e-08, 'eta': 0.06049750714703375}. Best is trial 348 with value: 69.008191215538.
[I 2025-01-01 21:38:19,523] Trial 386 finished with value: 69.14336578705073 and parameters: {'max_depth': 2, 'alpha': 1.2817753626814454e-07, 'lambda': 1.552942776644534e-07, 'eta': 0.07536670400392007}. Best is trial 348 with value: 69.008191215538.
[I 2025-01-01 21:38:23,163] Trial 387 finished with value: 69.06605803155466 and parameters: {'max_depth': 2, 'alpha': 8.434386006935831e-07, 'lambda': 3.360035752184408e-08, 'eta': 0.06601116195358965}. Best is trial 348 with value: 69.008191215538.
[I 2025-01-01 21:38:26,961] Trial 388 finished with value: 69.13134835608113 and parameters: {'max_depth': 2, 'alpha': 1.0872092699758368e-06, 'lambda': 3.304077548064908e-08, 'eta': 0.0654636018475145}. Best is trial 348 with value: 69.008191215538.
[I 2025-01-01 21:38:30,607] Trial 389 finished with value: 69.13021870668555 and parameters: {'max_depth': 2, 'alpha': 0.030708431991756373, 'lambda': 0.00016063906239193425, 'eta': 0.06860696207761155}. Best is trial 348 with value: 69.008191215538.
[I 2025-01-01 21:38:33,788] Trial 390 finished with value: 69.28605252599664 and parameters: {'max_depth': 2, 'alpha': 0.00013653248387844483, 'lambda': 1.3927906318586686e-08, 'eta': 0.08051445083469035}. Best is trial 348 with value: 69.008191215538.
[I 2025-01-01 21:38:37,774] Trial 391 finished with value: 69.12109536163236 and parameters: {'max_depth': 2, 'alpha': 2.13442555253451e-06, 'lambda': 1.9683524386828667e-08, 'eta': 0.061711527402986056}. Best is trial 348 with value: 69.008191215538.
[I 2025-01-01 21:38:41,356] Trial 392 finished with value: 69.20561598113547 and parameters: {'max_depth': 2, 'alpha': 0.0024846459008129596, 'lambda': 0.0004154365954630611, 'eta': 0.0731686757223955}. Best is trial 348 with value: 69.008191215538.
[I 2025-01-01 21:39:12,347] Trial 393 finished with value: 86.89369777827082 and parameters: {'max_depth': 12, 'alpha': 9.4617695778802e-07, 'lambda': 0.000738554878953213, 'eta': 0.06536734326073043}. Best is trial 348 with value: 69.008191215538.
[I 2025-01-01 21:39:16,108] Trial 394 finished with value: 69.22801803985863 and parameters: {'max_depth': 2, 'alpha': 7.54149049333388e-07, 'lambda': 3.117077706651589e-08, 'eta': 0.05839394398723167}. Best is trial 348 with value: 69.008191215538.
[I 2025-01-01 21:39:19,785] Trial 395 finished with value: 69.29487716000992 and parameters: {'max_depth': 2, 'alpha': 1.380494949899106e-06, 'lambda': 3.669249955771341e-05, 'eta': 0.07046622622052304}. Best is trial 348 with value: 69.008191215538.
[I 2025-01-01 21:39:23,271] Trial 396 finished with value: 69.19643470232835 and parameters: {'max_depth': 2, 'alpha': 2.2610424965011452e-07, 'lambda': 4.281089251036035e-08, 'eta': 0.08822181056764145}. Best is trial 348 with value: 69.008191215538.
[I 2025-01-01 21:39:27,039] Trial 397 finished with value: 69.12645546551153 and parameters: {'max_depth': 2, 'alpha': 0.00020149759665572973, 'lambda': 8.056168391426554e-05, 'eta': 0.0633005770195475}. Best is trial 348 with value: 69.008191215538.
[I 2025-01-01 21:39:35,076] Trial 398 finished with value: 77.53171129579351 and parameters: {'max_depth': 7, 'alpha': 6.0887654628162114e-06, 'lambda': 2.5590356254391467e-08, 'eta': 0.07669525779662245}. Best is trial 348 with value: 69.008191215538.
[I 2025-01-01 21:39:38,474] Trial 399 finished with value: 69.28969784626943 and parameters: {'max_depth': 2, 'alpha': 2.8766506600392397e-06, 'lambda': 5.0012917948143346e-08, 'eta': 0.09534806453712656}. Best is trial 348 with value: 69.008191215538.
[I 2025-01-01 21:39:50,908] Using an existing study with name 'XGBoost_Allstate_Claims' instead of creating a new one.
[I 2025-01-01 21:40:21,328] Trial 350 finished with value: 3660561.546513956 and parameters: {'max_depth': 6, 'alpha': 0.00027529651417604827, 'lambda': 0.31225217019543294, 'eta': 0.02718174188104497}. Best is trial 232 with value: 3609433.5521156983.
[I 2025-01-01 21:40:59,770] Trial 351 finished with value: 3636011.2946995385 and parameters: {'max_depth': 7, 'alpha': 1.332713763943246e-05, 'lambda': 0.9923985684131675, 'eta': 0.032730560905917985}. Best is trial 232 with value: 3609433.5521156983.
[I 2025-01-01 21:41:38,197] Trial 352 finished with value: 3638715.607040569 and parameters: {'max_depth': 7, 'alpha': 2.5013463817041598e-06, 'lambda': 2.7729102199358842e-06, 'eta': 0.036586369187255885}. Best is trial 232 with value: 3609433.5521156983.
[I 2025-01-01 21:42:13,646] Trial 353 finished with value: 3630631.3228460364 and parameters: {'max_depth': 7, 'alpha': 1.5904716656001708e-06, 'lambda': 1.3918648786343163e-06, 'eta': 0.04488965696691176}. Best is trial 232 with value: 3609433.5521156983.
[I 2025-01-01 21:43:05,883] Trial 354 finished with value: 3635882.228629003 and parameters: {'max_depth': 8, 'alpha': 0.00019837554734702985, 'lambda': 0.45991136623160206, 'eta': 0.0344076105521305}. Best is trial 232 with value: 3609433.5521156983.
[I 2025-01-01 21:43:42,136] Trial 355 finished with value: 3630560.0103488737 and parameters: {'max_depth': 7, 'alpha': 0.000869176768617162, 'lambda': 0.70013366638339, 'eta': 0.04088360010143526}. Best is trial 232 with value: 3609433.5521156983.
[I 2025-01-01 21:44:11,043] Trial 356 finished with value: 3641433.628232771 and parameters: {'max_depth': 6, 'alpha': 3.384156459310066e-06, 'lambda': 0.5260094044835798, 'eta': 0.038092487305237115}. Best is trial 232 with value: 3609433.5521156983.
[I 2025-01-01 21:44:49,437] Trial 357 finished with value: 3635967.546190062 and parameters: {'max_depth': 7, 'alpha': 0.0001210073567585832, 'lambda': 0.999709454471415, 'eta': 0.03136499622934565}. Best is trial 232 with value: 3609433.5521156983.
[I 2025-01-01 21:45:27,853] Trial 358 finished with value: 3643789.7774400995 and parameters: {'max_depth': 7, 'alpha': 0.0003406059891544927, 'lambda': 0.001570468448765242, 'eta': 0.03475133542824714}. Best is trial 232 with value: 3609433.5521156983.
[I 2025-01-01 21:46:00,938] Trial 359 finished with value: 3638221.588774956 and parameters: {'max_depth': 7, 'alpha': 2.277403554530075e-05, 'lambda': 0.36560072732590393, 'eta': 0.04687077157248993}. Best is trial 232 with value: 3609433.5521156983.
[I 2025-01-01 21:46:38,377] Trial 360 finished with value: 3631324.7588852695 and parameters: {'max_depth': 7, 'alpha': 7.805753526097224e-06, 'lambda': 0.6954903079732853, 'eta': 0.03745732617005038}. Best is trial 232 with value: 3609433.5521156983.
[I 2025-01-01 21:46:56,156] Trial 361 finished with value: 3798416.898697066 and parameters: {'max_depth': 3, 'alpha': 4.969166605695207e-06, 'lambda': 0.23915475047466997, 'eta': 0.04122988244976024}. Best is trial 232 with value: 3609433.5521156983.
[I 2025-01-01 21:47:35,036] Trial 362 finished with value: 3643134.131390111 and parameters: {'max_depth': 7, 'alpha': 6.688848935731761e-07, 'lambda': 0.5573850112885361, 'eta': 0.028798596839436773}. Best is trial 232 with value: 3609433.5521156983.
[I 2025-01-01 21:48:27,289] Trial 363 finished with value: 3630448.7522675404 and parameters: {'max_depth': 8, 'alpha': 0.0015407554531290698, 'lambda': 0.7166667924481676, 'eta': 0.03284537947923292}. Best is trial 232 with value: 3609433.5521156983.
[I 2025-01-01 21:49:05,975] Trial 364 finished with value: 3639264.8680315716 and parameters: {'max_depth': 7, 'alpha': 1.1981805693689914e-06, 'lambda': 6.499226322974532e-05, 'eta': 0.03583495778483785}. Best is trial 232 with value: 3609433.5521156983.
[I 2025-01-01 21:49:40,902] Trial 365 finished with value: 3633861.365862881 and parameters: {'max_depth': 7, 'alpha': 1.1541471308373864e-05, 'lambda': 0.025142965555547698, 'eta': 0.043929481110991896}. Best is trial 232 with value: 3609433.5521156983.
[I 2025-01-01 21:50:28,860] Trial 366 finished with value: 3632636.721546045 and parameters: {'max_depth': 8, 'alpha': 0.0006995982114810039, 'lambda': 0.4113163943734547, 'eta': 0.0392993127213459}. Best is trial 232 with value: 3609433.5521156983.
[I 2025-01-01 21:51:06,990] Trial 367 finished with value: 3631495.5593391196 and parameters: {'max_depth': 7, 'alpha': 0.8152432521552294, 'lambda': 0.6970507641646332, 'eta': 0.032649829188530696}. Best is trial 232 with value: 3609433.5521156983.
[I 2025-01-01 21:51:45,335] Trial 368 finished with value: 3640543.057761309 and parameters: {'max_depth': 7, 'alpha': 0.00022607811293802186, 'lambda': 0.9983745444253078, 'eta': 0.03049059576459466}. Best is trial 232 with value: 3609433.5521156983.
[I 2025-01-01 21:52:22,847] Trial 369 finished with value: 3636101.037863298 and parameters: {'max_depth': 7, 'alpha': 6.126558103632915e-05, 'lambda': 0.4685679023471196, 'eta': 0.03746971579258683}. Best is trial 232 with value: 3609433.5521156983.
[I 2025-01-01 21:52:58,922] Trial 370 finished with value: 3629536.7470418075 and parameters: {'max_depth': 7, 'alpha': 0.0003737259370209953, 'lambda': 0.9995356051601001, 'eta': 0.04244325901353205}. Best is trial 232 with value: 3609433.5521156983.
[I 2025-01-01 21:53:36,644] Trial 371 finished with value: 3640173.374734889 and parameters: {'max_depth': 7, 'alpha': 6.9830799246101845e-06, 'lambda': 0.5638125116928688, 'eta': 0.03505553088840925}. Best is trial 232 with value: 3609433.5521156983.
[I 2025-01-01 21:54:24,947] Trial 372 finished with value: 3637555.8246408715 and parameters: {'max_depth': 8, 'alpha': 1.9049996054141304e-06, 'lambda': 0.9997201608264187, 'eta': 0.03977894133863099}. Best is trial 232 with value: 3609433.5521156983.
[I 2025-01-01 21:54:58,559] Trial 373 finished with value: 3629956.197314085 and parameters: {'max_depth': 7, 'alpha': 3.467396959092808e-06, 'lambda': 8.716887877853555e-08, 'eta': 0.04707633880556565}. Best is trial 232 with value: 3609433.5521156983.
[I 2025-01-01 21:55:14,991] Trial 374 finished with value: 3660320.9601733796 and parameters: {'max_depth': 6, 'alpha': 3.2969416799701724e-07, 'lambda': 3.3299273644516146e-05, 'eta': 0.13102035450104307}. Best is trial 232 with value: 3609433.5521156983.
[I 2025-01-01 21:55:51,781] Trial 375 finished with value: 3635202.4930332974 and parameters: {'max_depth': 7, 'alpha': 2.0087686569425552e-05, 'lambda': 0.32116603502167596, 'eta': 0.036948011001718004}. Best is trial 232 with value: 3609433.5521156983.
[I 2025-01-01 21:56:30,158] Trial 376 finished with value: 3635564.286438632 and parameters: {'max_depth': 7, 'alpha': 0.0001677354157830062, 'lambda': 0.6675786332059673, 'eta': 0.0313080589751486}. Best is trial 232 with value: 3609433.5521156983.
[I 2025-01-01 21:57:07,973] Trial 377 finished with value: 3632287.1624765443 and parameters: {'max_depth': 7, 'alpha': 5.1691074950709136e-06, 'lambda': 0.6728295116219996, 'eta': 0.03438387116651426}. Best is trial 232 with value: 3609433.5521156983.
[I 2025-01-01 21:57:56,022] Trial 378 finished with value: 3626727.0179741634 and parameters: {'max_depth': 8, 'alpha': 3.765819013710515e-05, 'lambda': 0.44045536850688477, 'eta': 0.0412797240183127}. Best is trial 232 with value: 3609433.5521156983.
[I 2025-01-01 21:58:33,267] Trial 379 finished with value: 3627296.79458958 and parameters: {'max_depth': 7, 'alpha': 9.765051727288459e-06, 'lambda': 0.6753336217329382, 'eta': 0.03859235740362355}. Best is trial 232 with value: 3609433.5521156983.
[I 2025-01-01 21:59:06,779] Trial 380 finished with value: 3627768.197739174 and parameters: {'max_depth': 7, 'alpha': 0.000502224348953433, 'lambda': 0.7216324906873723, 'eta': 0.052060479970300784}. Best is trial 232 with value: 3609433.5521156983.
[I 2025-01-01 21:59:20,350] Trial 381 finished with value: 3695769.6161336624 and parameters: {'max_depth': 6, 'alpha': 8.897695535273333e-05, 'lambda': 0.20492230698306016, 'eta': 0.23222212565757455}. Best is trial 232 with value: 3609433.5521156983.
[I 2025-01-01 21:59:59,252] Trial 382 finished with value: 3638249.413957414 and parameters: {'max_depth': 7, 'alpha': 2.510764686749081e-06, 'lambda': 0.9940684996938287, 'eta': 0.029039567354270088}. Best is trial 232 with value: 3609433.5521156983.
[I 2025-01-01 22:00:19,797] Trial 383 finished with value: 3641164.5545852645 and parameters: {'max_depth': 7, 'alpha': 1.563644313703403e-05, 'lambda': 0.4795463669585643, 'eta': 0.11398530975335752}. Best is trial 232 with value: 3609433.5521156983.
[I 2025-01-01 22:00:57,739] Trial 384 finished with value: 3637011.633733984 and parameters: {'max_depth': 7, 'alpha': 0.00031086332434869366, 'lambda': 0.3110621411535398, 'eta': 0.03355224380012903}. Best is trial 232 with value: 3609433.5521156983.
[I 2025-01-01 22:01:40,729] Trial 385 finished with value: 3634708.7367762453 and parameters: {'max_depth': 8, 'alpha': 3.4507476286508824e-06, 'lambda': 0.7185790725148427, 'eta': 0.04364559113776047}. Best is trial 232 with value: 3609433.5521156983.
[I 2025-01-01 22:02:20,225] Trial 386 finished with value: 3641488.9088256382 and parameters: {'max_depth': 7, 'alpha': 0.00011160342549808419, 'lambda': 0.513707717210321, 'eta': 0.02677010126107113}. Best is trial 232 with value: 3609433.5521156983.
[I 2025-01-01 22:02:57,927] Trial 387 finished with value: 3631154.738710971 and parameters: {'max_depth': 7, 'alpha': 0.0010039404306921907, 'lambda': 0.9869190995780894, 'eta': 0.035716881946245005}. Best is trial 232 with value: 3609433.5521156983.
[I 2025-01-01 22:03:26,843] Trial 388 finished with value: 3642029.470591616 and parameters: {'max_depth': 6, 'alpha': 0.0002469899459367408, 'lambda': 0.3903944206486846, 'eta': 0.0388817989202598}. Best is trial 232 with value: 3609433.5521156983.
[I 2025-01-01 22:04:05,220] Trial 389 finished with value: 3633154.193741441 and parameters: {'max_depth': 7, 'alpha': 7.415022654785903e-06, 'lambda': 0.5960655345661673, 'eta': 0.03296524551443184}. Best is trial 232 with value: 3609433.5521156983.
[I 2025-01-01 22:04:50,762] Trial 390 finished with value: 3631078.271618467 and parameters: {'max_depth': 8, 'alpha': 2.2308516903978675e-06, 'lambda': 0.7779256654427739, 'eta': 0.04151515772280805}. Best is trial 232 with value: 3609433.5521156983.
[I 2025-01-01 22:05:28,504] Trial 391 finished with value: 3636872.841326373 and parameters: {'max_depth': 7, 'alpha': 3.0120667086693935e-05, 'lambda': 0.5275509644573134, 'eta': 0.03648970315877433}. Best is trial 232 with value: 3609433.5521156983.
[I 2025-01-01 22:06:06,948] Trial 392 finished with value: 3635840.3304750673 and parameters: {'max_depth': 7, 'alpha': 1.3091651860394815e-06, 'lambda': 0.7695316271960438, 'eta': 0.030941925300620503}. Best is trial 232 with value: 3609433.5521156983.
[I 2025-01-01 22:06:51,329] Trial 393 finished with value: 3632356.884628862 and parameters: {'max_depth': 8, 'alpha': 4.060588468434627e-06, 'lambda': 0.3712670300100902, 'eta': 0.04417580254822685}. Best is trial 232 with value: 3609433.5521156983.
[I 2025-01-01 22:07:27,828] Trial 394 finished with value: 3637121.6085203746 and parameters: {'max_depth': 7, 'alpha': 0.000718907501476408, 'lambda': 0.7128314900241226, 'eta': 0.03779874199068506}. Best is trial 232 with value: 3609433.5521156983.
[I 2025-01-01 22:08:03,381] Trial 395 finished with value: 3627408.2436237163 and parameters: {'max_depth': 7, 'alpha': 0.00016051881452923807, 'lambda': 0.9852881645578, 'eta': 0.04798340476648915}. Best is trial 232 with value: 3609433.5521156983.
[I 2025-01-01 22:08:34,834] Trial 396 finished with value: 3803551.779541907 and parameters: {'max_depth': 6, 'alpha': 8.258017264196454e-07, 'lambda': 1.893639863541473e-08, 'eta': 0.011602648764998892}. Best is trial 232 with value: 3609433.5521156983.
[I 2025-01-01 22:09:13,779] Trial 397 finished with value: 3643545.4101683698 and parameters: {'max_depth': 7, 'alpha': 1.1013227876591845e-05, 'lambda': 0.008959541883525369, 'eta': 0.03466352527083393}. Best is trial 232 with value: 3609433.5521156983.
[I 2025-01-01 22:09:50,760] Trial 398 finished with value: 3634114.556764613 and parameters: {'max_depth': 7, 'alpha': 4.6601405459411666e-07, 'lambda': 0.5233268640673764, 'eta': 0.03999218848010345}. Best is trial 232 with value: 3609433.5521156983.
[I 2025-01-01 22:10:29,071] Trial 399 finished with value: 3638363.2581988303 and parameters: {'max_depth': 7, 'alpha': 0.0004353848329005571, 'lambda': 0.9983305415729969, 'eta': 0.0323697847996573}. Best is trial 232 with value: 3609433.5521156983.
