[I 2025-01-01 20:53:44,898] Using an existing study with name 'XGBoost_Brazillian_Houses' instead of creating a new one.
[I 2025-01-01 20:53:46,698] Trial 1 finished with value: 18864047.681038998 and parameters: {'max_depth': 4, 'alpha': 0.06648386264873866, 'lambda': 0.06882160298494025, 'eta': 0.07397624461588025}. Best is trial 1 with value: 18864047.681038998.
[I 2025-01-01 20:53:47,802] Trial 2 finished with value: 18678947.696183067 and parameters: {'max_depth': 2, 'alpha': 7.232756582098928e-06, 'lambda': 0.00020290983797781572, 'eta': 0.18348938156742886}. Best is trial 2 with value: 18678947.696183067.
[I 2025-01-01 20:53:50,904] Trial 3 finished with value: 18125737.435107373 and parameters: {'max_depth': 8, 'alpha': 0.012367554269845232, 'lambda': 1.1115275227575698e-05, 'eta': 0.12064640375856947}. Best is trial 3 with value: 18125737.435107373.
[I 2025-01-01 20:54:04,738] Trial 4 finished with value: 19397846.297787808 and parameters: {'max_depth': 10, 'alpha': 0.025967879462550747, 'lambda': 0.4253546702667403, 'eta': 0.013681665749673574}. Best is trial 3 with value: 18125737.435107373.
[I 2025-01-01 20:54:06,138] Trial 5 finished with value: 17863502.63960212 and parameters: {'max_depth': 2, 'alpha': 6.147543053749406e-07, 'lambda': 0.005744732982388423, 'eta': 0.13453072647442435}. Best is trial 5 with value: 17863502.63960212.
[I 2025-01-01 20:54:07,397] Trial 6 finished with value: 19377026.512667257 and parameters: {'max_depth': 3, 'alpha': 0.1449295296714953, 'lambda': 0.21943876598520612, 'eta': 0.2775151252676173}. Best is trial 5 with value: 17863502.63960212.
[I 2025-01-01 20:54:08,750] Trial 7 finished with value: 18901098.16311311 and parameters: {'max_depth': 2, 'alpha': 0.001284370684939599, 'lambda': 0.0009146957301363464, 'eta': 0.18995285487364566}. Best is trial 5 with value: 17863502.63960212.
[I 2025-01-01 20:54:11,734] Trial 8 finished with value: 18541715.797435693 and parameters: {'max_depth': 5, 'alpha': 6.650928484987718e-05, 'lambda': 0.024632877485132033, 'eta': 0.01590534594925755}. Best is trial 5 with value: 17863502.63960212.
[I 2025-01-01 20:54:14,168] Trial 9 finished with value: 18714910.26274516 and parameters: {'max_depth': 5, 'alpha': 5.424900868924541e-07, 'lambda': 0.008328739143997201, 'eta': 0.02473122439461082}. Best is trial 5 with value: 17863502.63960212.
[I 2025-01-01 20:54:15,420] Trial 10 finished with value: 18607972.88134338 and parameters: {'max_depth': 2, 'alpha': 0.004422039059965438, 'lambda': 6.765223560175743e-08, 'eta': 0.18067579472699546}. Best is trial 5 with value: 17863502.63960212.
[I 2025-01-01 20:54:17,246] Trial 11 finished with value: 17929845.37986837 and parameters: {'max_depth': 3, 'alpha': 2.046766328450055e-08, 'lambda': 4.75680116279875e-06, 'eta': 0.05086554659662701}. Best is trial 5 with value: 17863502.63960212.
[I 2025-01-01 20:54:19,337] Trial 12 finished with value: 17971271.091495477 and parameters: {'max_depth': 3, 'alpha': 2.1879126398371544e-08, 'lambda': 2.265631654977424e-06, 'eta': 0.04805962275728291}. Best is trial 5 with value: 17863502.63960212.
[I 2025-01-01 20:54:20,912] Trial 13 finished with value: 18271522.73072659 and parameters: {'max_depth': 3, 'alpha': 1.5559191250281337e-08, 'lambda': 7.497628464039782e-07, 'eta': 0.051105474149263044}. Best is trial 5 with value: 17863502.63960212.
[I 2025-01-01 20:54:22,661] Trial 14 finished with value: 18302050.042653363 and parameters: {'max_depth': 3, 'alpha': 4.3994204670747756e-07, 'lambda': 2.3963260947935922e-05, 'eta': 0.09207775218209367}. Best is trial 5 with value: 17863502.63960212.
[I 2025-01-01 20:54:24,565] Trial 15 finished with value: 18065524.023213893 and parameters: {'max_depth': 4, 'alpha': 3.590699195423442e-07, 'lambda': 0.0014181469239083011, 'eta': 0.039632470641239155}. Best is trial 5 with value: 17863502.63960212.
[I 2025-01-01 20:54:27,058] Trial 16 finished with value: 17767909.383185737 and parameters: {'max_depth': 2, 'alpha': 1.5785487186321683e-05, 'lambda': 1.0762266248742563e-08, 'eta': 0.028568556175689045}. Best is trial 16 with value: 17767909.383185737.
[I 2025-01-01 20:54:29,416] Trial 17 finished with value: 17787906.698905222 and parameters: {'max_depth': 2, 'alpha': 3.412486941755772e-05, 'lambda': 1.1604201968498746e-08, 'eta': 0.025912054687780343}. Best is trial 16 with value: 17767909.383185737.
[I 2025-01-01 20:54:34,174] Trial 18 finished with value: 17567731.37633305 and parameters: {'max_depth': 6, 'alpha': 0.00015778121422535557, 'lambda': 1.5952022877261422e-08, 'eta': 0.022387466188443634}. Best is trial 18 with value: 17567731.37633305.
[I 2025-01-01 20:54:39,971] Trial 19 finished with value: 18060825.725587092 and parameters: {'max_depth': 7, 'alpha': 0.00037645403108274887, 'lambda': 1.307051122590526e-07, 'eta': 0.022817058763100112}. Best is trial 18 with value: 17567731.37633305.
[I 2025-01-01 20:55:59,235] Trial 20 finished with value: 19159410.668222338 and parameters: {'max_depth': 12, 'alpha': 0.8922174657192823, 'lambda': 1.216492714168316e-08, 'eta': 0.010046234066517477}. Best is trial 18 with value: 17567731.37633305.
[I 2025-01-01 20:56:03,918] Trial 21 finished with value: 18118095.949715737 and parameters: {'max_depth': 7, 'alpha': 5.788628052063476e-06, 'lambda': 2.7190793797444617e-07, 'eta': 0.03348943241312336}. Best is trial 18 with value: 17567731.37633305.
[I 2025-01-01 20:56:08,532] Trial 22 finished with value: 17498317.055755753 and parameters: {'max_depth': 6, 'alpha': 4.707212404517378e-05, 'lambda': 1.1988678469352888e-08, 'eta': 0.024623860902201818}. Best is trial 22 with value: 17498317.055755753.
[I 2025-01-01 20:56:13,655] Trial 23 finished with value: 17532379.783780914 and parameters: {'max_depth': 6, 'alpha': 0.0002749676065533463, 'lambda': 3.653369394538941e-08, 'eta': 0.015544463151090919}. Best is trial 22 with value: 17498317.055755753.
[I 2025-01-01 20:56:18,990] Trial 24 finished with value: 17565588.494054 and parameters: {'max_depth': 6, 'alpha': 0.0002964928295082276, 'lambda': 5.6488022719094884e-08, 'eta': 0.01752603950227117}. Best is trial 22 with value: 17498317.055755753.
[I 2025-01-01 20:56:36,364] Trial 25 finished with value: 18393720.67490047 and parameters: {'max_depth': 9, 'alpha': 0.0004514187995611855, 'lambda': 6.581191810501838e-08, 'eta': 0.016465733328944358}. Best is trial 22 with value: 17498317.055755753.
[I 2025-01-01 20:56:41,955] Trial 26 finished with value: 17621842.566641252 and parameters: {'max_depth': 6, 'alpha': 0.001624954307813912, 'lambda': 7.247039925395969e-07, 'eta': 0.010263734017572957}. Best is trial 22 with value: 17498317.055755753.
[I 2025-01-01 20:56:44,852] Trial 27 finished with value: 18663672.001067895 and parameters: {'max_depth': 5, 'alpha': 2.8676459638483177e-06, 'lambda': 4.889170303589171e-08, 'eta': 0.017876007721147558}. Best is trial 22 with value: 17498317.055755753.
[I 2025-01-01 20:56:49,991] Trial 28 finished with value: 17585579.712800585 and parameters: {'max_depth': 6, 'alpha': 0.00014562289712752847, 'lambda': 3.2407358272324166e-07, 'eta': 0.012766929489668366}. Best is trial 22 with value: 17498317.055755753.
[I 2025-01-01 20:56:56,844] Trial 29 finished with value: 18079799.68835099 and parameters: {'max_depth': 7, 'alpha': 0.0010398437327530487, 'lambda': 4.5985031839619375e-05, 'eta': 0.019810051099145125}. Best is trial 22 with value: 17498317.055755753.
[I 2025-01-01 20:56:58,497] Trial 30 finished with value: 18584536.849339027 and parameters: {'max_depth': 4, 'alpha': 0.0048834443064946975, 'lambda': 1.9947633718645464e-06, 'eta': 0.06579163859995493}. Best is trial 22 with value: 17498317.055755753.
[I 2025-01-01 20:57:13,000] Trial 31 finished with value: 18788340.523023255 and parameters: {'max_depth': 10, 'alpha': 4.274975743660457e-05, 'lambda': 4.649954828710098e-08, 'eta': 0.03790629949699282}. Best is trial 22 with value: 17498317.055755753.
[I 2025-01-01 20:57:17,547] Trial 32 finished with value: 17555112.21827244 and parameters: {'max_depth': 6, 'alpha': 0.00020408208321876355, 'lambda': 2.3245507971901132e-08, 'eta': 0.020653833841286485}. Best is trial 22 with value: 17498317.055755753.
[I 2025-01-01 20:57:21,319] Trial 33 finished with value: 18487142.95380374 and parameters: {'max_depth': 5, 'alpha': 0.00026629030850553175, 'lambda': 3.3924127788463515e-08, 'eta': 0.013594204595680984}. Best is trial 22 with value: 17498317.055755753.
[I 2025-01-01 20:57:30,231] Trial 34 finished with value: 18150239.081038255 and parameters: {'max_depth': 8, 'alpha': 1.6915877179273418e-05, 'lambda': 2.352241731615873e-07, 'eta': 0.020423793066911188}. Best is trial 22 with value: 17498317.055755753.
[I 2025-01-01 20:57:34,605] Trial 35 finished with value: 17585659.632278692 and parameters: {'max_depth': 6, 'alpha': 3.395980682068488e-06, 'lambda': 7.453287981902572e-07, 'eta': 0.03148557822909737}. Best is trial 22 with value: 17498317.055755753.
[I 2025-01-01 20:57:45,812] Trial 36 finished with value: 18176203.043761473 and parameters: {'max_depth': 8, 'alpha': 0.004335277925533197, 'lambda': 1.239414086011267e-07, 'eta': 0.0116739453987754}. Best is trial 22 with value: 17498317.055755753.
[I 2025-01-01 20:57:48,837] Trial 37 finished with value: 18082646.859166272 and parameters: {'max_depth': 4, 'alpha': 0.021896081797852934, 'lambda': 0.0002456141253805777, 'eta': 0.015292215082965145}. Best is trial 22 with value: 17498317.055755753.
[I 2025-01-01 20:57:55,154] Trial 38 finished with value: 18068617.361818917 and parameters: {'max_depth': 7, 'alpha': 0.0005004517713524375, 'lambda': 2.999405255169593e-08, 'eta': 0.01866705649660333}. Best is trial 22 with value: 17498317.055755753.
[I 2025-01-01 20:58:10,692] Trial 39 finished with value: 18730020.197934113 and parameters: {'max_depth': 10, 'alpha': 9.503161875625975e-05, 'lambda': 8.127984204149725e-06, 'eta': 0.04035850495519531}. Best is trial 22 with value: 17498317.055755753.
[I 2025-01-01 20:58:14,168] Trial 40 finished with value: 18580906.49385143 and parameters: {'max_depth': 5, 'alpha': 2.0875450688994692e-05, 'lambda': 1.2943140866099326e-07, 'eta': 0.014841889252967085}. Best is trial 22 with value: 17498317.055755753.
[I 2025-01-01 20:58:26,798] Trial 41 finished with value: 18438694.00357954 and parameters: {'max_depth': 9, 'alpha': 0.0637078349222318, 'lambda': 1.54940557467278e-06, 'eta': 0.02691506964094611}. Best is trial 22 with value: 17498317.055755753.
[I 2025-01-01 20:58:31,523] Trial 42 finished with value: 17531321.37632346 and parameters: {'max_depth': 6, 'alpha': 0.00017696764566179284, 'lambda': 1.753777463004917e-08, 'eta': 0.021671488273024748}. Best is trial 22 with value: 17498317.055755753.
[I 2025-01-01 20:58:36,796] Trial 43 finished with value: 17513623.310146064 and parameters: {'max_depth': 6, 'alpha': 0.001511320918871716, 'lambda': 3.238935372636665e-08, 'eta': 0.021078372461594407}. Best is trial 22 with value: 17498317.055755753.
[I 2025-01-01 20:58:43,488] Trial 44 finished with value: 17996705.394987203 and parameters: {'max_depth': 7, 'alpha': 0.0019905109505018873, 'lambda': 2.380962462719278e-08, 'eta': 0.0230672995200347}. Best is trial 22 with value: 17498317.055755753.
[I 2025-01-01 20:58:45,891] Trial 45 finished with value: 18579358.905797876 and parameters: {'max_depth': 5, 'alpha': 0.0008566646758747991, 'lambda': 2.4577987024741464e-08, 'eta': 0.03373086978179795}. Best is trial 22 with value: 17498317.055755753.
[I 2025-01-01 20:58:51,258] Trial 46 finished with value: 17565351.349272814 and parameters: {'max_depth': 6, 'alpha': 6.576647407739577e-05, 'lambda': 1.5539673389452988e-07, 'eta': 0.012042600042290144}. Best is trial 22 with value: 17498317.055755753.
[I 2025-01-01 20:59:00,253] Trial 47 finished with value: 19092587.705007315 and parameters: {'max_depth': 9, 'alpha': 0.0028971737724698566, 'lambda': 0.1166790702677473, 'eta': 0.0295155931883998}. Best is trial 22 with value: 17498317.055755753.
[I 2025-01-01 20:59:09,817] Trial 48 finished with value: 18157762.027379517 and parameters: {'max_depth': 8, 'alpha': 0.014187298529726177, 'lambda': 4.78345602083729e-07, 'eta': 0.02195473186971444}. Best is trial 22 with value: 17498317.055755753.
[I 2025-01-01 20:59:34,877] Trial 49 finished with value: 19164699.774670795 and parameters: {'max_depth': 12, 'alpha': 1.6766724017962822e-06, 'lambda': 1.0146080753576182e-08, 'eta': 0.09641179726867322}. Best is trial 22 with value: 17498317.055755753.
[I 2025-01-01 20:59:41,197] Trial 50 finished with value: 18075277.49378676 and parameters: {'max_depth': 7, 'alpha': 0.008587374559284364, 'lambda': 7.67495691124454e-08, 'eta': 0.025468160666808484}. Best is trial 22 with value: 17498317.055755753.
[I 2025-01-01 20:59:49,327] Using an existing study with name 'XGBoost_House_Sales' instead of creating a new one.
[I 2025-01-01 20:59:56,607] Trial 200 finished with value: 14531211110.412405 and parameters: {'max_depth': 6, 'alpha': 0.5559478303745089, 'lambda': 0.0014034977584946374, 'eta': 0.07830206579607144}. Best is trial 143 with value: 14075350094.497763.
[I 2025-01-01 21:00:03,116] Trial 201 finished with value: 14322925747.233408 and parameters: {'max_depth': 6, 'alpha': 0.37990398703599715, 'lambda': 0.0004722001807647432, 'eta': 0.08503517323020716}. Best is trial 143 with value: 14075350094.497763.
[I 2025-01-01 21:00:11,417] Trial 202 finished with value: 15140921788.086697 and parameters: {'max_depth': 7, 'alpha': 0.4247844886108965, 'lambda': 0.0006814384617726097, 'eta': 0.0860971308437034}. Best is trial 143 with value: 14075350094.497763.
[I 2025-01-01 21:00:17,471] Trial 203 finished with value: 14640029749.89096 and parameters: {'max_depth': 6, 'alpha': 0.6679549186072746, 'lambda': 0.000357107153772569, 'eta': 0.09149635901723972}. Best is trial 143 with value: 14075350094.497763.
[I 2025-01-01 21:00:25,394] Trial 204 finished with value: 14394923874.096039 and parameters: {'max_depth': 6, 'alpha': 0.3165755512582084, 'lambda': 0.000863238931157214, 'eta': 0.07558394019930656}. Best is trial 143 with value: 14075350094.497763.
[I 2025-01-01 21:00:30,940] Trial 205 finished with value: 14393103222.392319 and parameters: {'max_depth': 6, 'alpha': 0.23640638938528472, 'lambda': 0.0006579224719722401, 'eta': 0.08408063508349436}. Best is trial 143 with value: 14075350094.497763.
[I 2025-01-01 21:00:40,224] Trial 206 finished with value: 14312407365.86196 and parameters: {'max_depth': 6, 'alpha': 0.4722266041029159, 'lambda': 0.000252335346408901, 'eta': 0.05685766689039752}. Best is trial 143 with value: 14075350094.497763.
[I 2025-01-01 21:00:53,502] Trial 207 finished with value: 14794507781.391275 and parameters: {'max_depth': 7, 'alpha': 0.5052316678086718, 'lambda': 0.00014746201220850328, 'eta': 0.057986955983087715}. Best is trial 143 with value: 14075350094.497763.
[I 2025-01-01 21:01:02,359] Trial 208 finished with value: 14420600601.074207 and parameters: {'max_depth': 6, 'alpha': 0.8005840035366425, 'lambda': 0.00045787107004310976, 'eta': 0.06595581540319301}. Best is trial 143 with value: 14075350094.497763.
[I 2025-01-01 21:01:16,807] Trial 209 finished with value: 14565866444.45457 and parameters: {'max_depth': 7, 'alpha': 0.34531047445696716, 'lambda': 0.00045210799351289423, 'eta': 0.04717213879575185}. Best is trial 143 with value: 14075350094.497763.
[I 2025-01-01 21:01:26,154] Trial 210 finished with value: 14148494369.728214 and parameters: {'max_depth': 6, 'alpha': 0.44027710451769553, 'lambda': 0.00036178627172701953, 'eta': 0.05509112929610874}. Best is trial 143 with value: 14075350094.497763.
[I 2025-01-01 21:01:35,533] Trial 211 finished with value: 14191863594.872547 and parameters: {'max_depth': 6, 'alpha': 0.4481723498846148, 'lambda': 0.0002580254743577818, 'eta': 0.05466083827185349}. Best is trial 143 with value: 14075350094.497763.
[I 2025-01-01 21:01:45,033] Trial 212 finished with value: 14281514577.274078 and parameters: {'max_depth': 6, 'alpha': 0.5588756817349959, 'lambda': 0.00020868318118036605, 'eta': 0.0508801442065538}. Best is trial 143 with value: 14075350094.497763.
[I 2025-01-01 21:01:53,775] Trial 213 finished with value: 14349717910.806324 and parameters: {'max_depth': 6, 'alpha': 0.5798195413163728, 'lambda': 0.00023058978587090195, 'eta': 0.05584152495020401}. Best is trial 143 with value: 14075350094.497763.
[I 2025-01-01 21:02:02,864] Trial 214 finished with value: 14476456433.564672 and parameters: {'max_depth': 6, 'alpha': 0.9467162262522691, 'lambda': 0.00020075795755849745, 'eta': 0.05034924179836492}. Best is trial 143 with value: 14075350094.497763.
[I 2025-01-01 21:02:12,184] Trial 215 finished with value: 14537539374.05 and parameters: {'max_depth': 6, 'alpha': 0.467426622531713, 'lambda': 0.00022927297387915276, 'eta': 0.042928929657830385}. Best is trial 143 with value: 14075350094.497763.
[I 2025-01-01 21:02:21,023] Trial 216 finished with value: 14303175228.977947 and parameters: {'max_depth': 6, 'alpha': 0.6718667173807096, 'lambda': 0.00015454608211693639, 'eta': 0.0527171854076956}. Best is trial 143 with value: 14075350094.497763.
[I 2025-01-01 21:02:29,941] Trial 217 finished with value: 14378163277.818562 and parameters: {'max_depth': 6, 'alpha': 0.6320132135703803, 'lambda': 0.00011070997780928111, 'eta': 0.053016126475725116}. Best is trial 143 with value: 14075350094.497763.
[I 2025-01-01 21:02:39,583] Trial 218 finished with value: 14331100352.31982 and parameters: {'max_depth': 6, 'alpha': 0.6561532690277008, 'lambda': 6.235073639823686e-05, 'eta': 0.04825282229937134}. Best is trial 143 with value: 14075350094.497763.
[I 2025-01-01 21:02:48,883] Trial 219 finished with value: 14381246974.684702 and parameters: {'max_depth': 6, 'alpha': 0.9973080218988367, 'lambda': 8.271083555531981e-05, 'eta': 0.04777207096980144}. Best is trial 143 with value: 14075350094.497763.
[I 2025-01-01 21:02:58,244] Trial 220 finished with value: 14526443745.837214 and parameters: {'max_depth': 6, 'alpha': 0.7174892900666779, 'lambda': 0.0001234654382084499, 'eta': 0.04291468282611566}. Best is trial 143 with value: 14075350094.497763.
[I 2025-01-01 21:03:08,766] Trial 221 finished with value: 14340856184.167059 and parameters: {'max_depth': 6, 'alpha': 0.4451552490429046, 'lambda': 0.00031757584633478975, 'eta': 0.048449894230537804}. Best is trial 143 with value: 14075350094.497763.
[I 2025-01-01 21:03:17,796] Trial 222 finished with value: 14283858872.147907 and parameters: {'max_depth': 6, 'alpha': 0.4308908999302232, 'lambda': 0.0001466072020937638, 'eta': 0.051140398790526356}. Best is trial 143 with value: 14075350094.497763.
[I 2025-01-01 21:03:27,072] Trial 223 finished with value: 14189036911.362707 and parameters: {'max_depth': 6, 'alpha': 0.4485539865753522, 'lambda': 5.3182813178398567e-05, 'eta': 0.0507354352857825}. Best is trial 143 with value: 14075350094.497763.
[I 2025-01-01 21:03:35,958] Trial 224 finished with value: 14372664315.210224 and parameters: {'max_depth': 6, 'alpha': 0.4339525899929436, 'lambda': 0.00016780271538871606, 'eta': 0.05314360225820134}. Best is trial 143 with value: 14075350094.497763.
[I 2025-01-01 21:03:45,731] Trial 225 finished with value: 14133175568.988712 and parameters: {'max_depth': 6, 'alpha': 0.390287914343809, 'lambda': 3.400277542458386e-05, 'eta': 0.053508126377034546}. Best is trial 143 with value: 14075350094.497763.
[I 2025-01-01 21:03:54,626] Trial 226 finished with value: 14199364490.553867 and parameters: {'max_depth': 6, 'alpha': 0.5301129062930876, 'lambda': 5.0545789726090727e-05, 'eta': 0.056367791375704815}. Best is trial 143 with value: 14075350094.497763.
[I 2025-01-01 21:04:03,920] Trial 227 finished with value: 14418209510.760227 and parameters: {'max_depth': 6, 'alpha': 0.264245325588295, 'lambda': 4.199711196978668e-05, 'eta': 0.054362098977259236}. Best is trial 143 with value: 14075350094.497763.
[I 2025-01-01 21:04:13,496] Trial 228 finished with value: 14280398120.745594 and parameters: {'max_depth': 6, 'alpha': 0.24800339658496376, 'lambda': 1.9775692848038574e-05, 'eta': 0.05023280626639213}. Best is trial 143 with value: 14075350094.497763.
[I 2025-01-01 21:04:27,537] Trial 229 finished with value: 14717971415.016018 and parameters: {'max_depth': 7, 'alpha': 0.22336679989910818, 'lambda': 2.5403005078211225e-05, 'eta': 0.0441611018892646}. Best is trial 143 with value: 14075350094.497763.
[I 2025-01-01 21:04:37,422] Trial 230 finished with value: 14264653346.265476 and parameters: {'max_depth': 6, 'alpha': 8.761455315632826e-05, 'lambda': 1.0923546493873928e-05, 'eta': 0.050635292928690484}. Best is trial 143 with value: 14075350094.497763.
[I 2025-01-01 21:04:46,121] Trial 231 finished with value: 14335835279.276556 and parameters: {'max_depth': 6, 'alpha': 0.4991449833853854, 'lambda': 2.0747985172012314e-05, 'eta': 0.05064726457106976}. Best is trial 143 with value: 14075350094.497763.
[I 2025-01-01 21:04:55,607] Trial 232 finished with value: 14328111930.940945 and parameters: {'max_depth': 6, 'alpha': 3.425625532412457e-05, 'lambda': 3.135113356048106e-05, 'eta': 0.050685288197806246}. Best is trial 143 with value: 14075350094.497763.
[I 2025-01-01 21:05:05,007] Trial 233 finished with value: 14210346829.319702 and parameters: {'max_depth': 6, 'alpha': 0.0001056580034829327, 'lambda': 5.552845915800569e-05, 'eta': 0.055466391559396006}. Best is trial 143 with value: 14075350094.497763.
[I 2025-01-01 21:05:14,366] Trial 234 finished with value: 14522297569.545094 and parameters: {'max_depth': 6, 'alpha': 0.00010232185999132185, 'lambda': 1.1406691241247368e-05, 'eta': 0.04580954727188035}. Best is trial 143 with value: 14075350094.497763.
[I 2025-01-01 21:05:23,045] Trial 235 finished with value: 14220531931.008352 and parameters: {'max_depth': 6, 'alpha': 5.1661986890358584e-05, 'lambda': 5.992052308020414e-05, 'eta': 0.05457918928043904}. Best is trial 143 with value: 14075350094.497763.
[I 2025-01-01 21:05:33,363] Trial 236 finished with value: 14354510184.957052 and parameters: {'max_depth': 6, 'alpha': 1.9303067776136403e-05, 'lambda': 4.0484160304430185e-05, 'eta': 0.038882231199433605}. Best is trial 143 with value: 14075350094.497763.
[I 2025-01-01 21:05:42,766] Trial 237 finished with value: 14276141516.292719 and parameters: {'max_depth': 6, 'alpha': 7.108254471124567e-05, 'lambda': 5.136793349450323e-05, 'eta': 0.05650361536235429}. Best is trial 143 with value: 14075350094.497763.
[I 2025-01-01 21:05:51,739] Trial 238 finished with value: 14425032001.28835 and parameters: {'max_depth': 6, 'alpha': 5.1754824943606176e-05, 'lambda': 6.7287598418764514e-06, 'eta': 0.058234612982739034}. Best is trial 143 with value: 14075350094.497763.
[I 2025-01-01 21:06:01,403] Trial 239 finished with value: 14153152272.362478 and parameters: {'max_depth': 6, 'alpha': 8.099991113566528e-05, 'lambda': 6.413029925197738e-05, 'eta': 0.05488106420641646}. Best is trial 143 with value: 14075350094.497763.
[I 2025-01-01 21:06:10,491] Trial 240 finished with value: 14250188572.806198 and parameters: {'max_depth': 6, 'alpha': 6.341416474774718e-05, 'lambda': 6.062399120248344e-05, 'eta': 0.05624459286923508}. Best is trial 143 with value: 14075350094.497763.
[I 2025-01-01 21:06:19,708] Trial 241 finished with value: 14284589461.386179 and parameters: {'max_depth': 6, 'alpha': 8.490380601431619e-05, 'lambda': 5.289126516041404e-05, 'eta': 0.060014120316541374}. Best is trial 143 with value: 14075350094.497763.
[I 2025-01-01 21:06:28,801] Trial 242 finished with value: 14209807343.602917 and parameters: {'max_depth': 6, 'alpha': 7.107323872312237e-05, 'lambda': 6.273963388915365e-05, 'eta': 0.05637230531639479}. Best is trial 143 with value: 14075350094.497763.
[I 2025-01-01 21:06:37,061] Trial 243 finished with value: 14422362568.106064 and parameters: {'max_depth': 6, 'alpha': 4.83687578780865e-05, 'lambda': 6.697115963450393e-05, 'eta': 0.05544173613603538}. Best is trial 143 with value: 14075350094.497763.
[I 2025-01-01 21:06:45,828] Trial 244 finished with value: 14328296457.380894 and parameters: {'max_depth': 6, 'alpha': 6.363484327707411e-05, 'lambda': 1.8620977644728995e-05, 'eta': 0.05625466064299267}. Best is trial 143 with value: 14075350094.497763.
[I 2025-01-01 21:06:54,712] Trial 245 finished with value: 14252007023.555136 and parameters: {'max_depth': 6, 'alpha': 0.0001087654925522175, 'lambda': 4.989136732581424e-05, 'eta': 0.054094404770161274}. Best is trial 143 with value: 14075350094.497763.
[I 2025-01-01 21:07:03,581] Trial 246 finished with value: 14298417527.098475 and parameters: {'max_depth': 6, 'alpha': 0.00012771621499965902, 'lambda': 5.0647383014616555e-05, 'eta': 0.06026697242513891}. Best is trial 143 with value: 14075350094.497763.
[I 2025-01-01 21:07:12,988] Trial 247 finished with value: 14139211200.834171 and parameters: {'max_depth': 6, 'alpha': 8.346557109641072e-05, 'lambda': 3.366773007797112e-05, 'eta': 0.05390201096703254}. Best is trial 143 with value: 14075350094.497763.
[I 2025-01-01 21:07:22,047] Trial 248 finished with value: 14157327472.867779 and parameters: {'max_depth': 6, 'alpha': 0.00011884325076263987, 'lambda': 3.807120211479303e-05, 'eta': 0.05460989136652258}. Best is trial 143 with value: 14075350094.497763.
[I 2025-01-01 21:07:31,105] Trial 249 finished with value: 14298099826.287746 and parameters: {'max_depth': 6, 'alpha': 0.00011062086081804187, 'lambda': 3.184445691706448e-05, 'eta': 0.0543041293670659}. Best is trial 143 with value: 14075350094.497763.
