[I 2025-01-01 21:07:42,492] Using an existing study with name 'XGBoost_Boston' instead of creating a new one.
[I 2025-01-01 21:07:44,961] Trial 200 finished with value: 9.108088726343086 and parameters: {'max_depth': 3, 'alpha': 0.002185855803077412, 'lambda': 0.00019425766637546298, 'eta': 0.06266034293692276}. Best is trial 175 with value: 8.485717560182938.
[I 2025-01-01 21:07:47,618] Trial 201 finished with value: 8.92496914659403 and parameters: {'max_depth': 3, 'alpha': 9.145235729938792e-07, 'lambda': 0.00011047513865645683, 'eta': 0.04765759939718509}. Best is trial 175 with value: 8.485717560182938.
[I 2025-01-01 21:07:49,924] Trial 202 finished with value: 8.837581973900942 and parameters: {'max_depth': 3, 'alpha': 3.533605785640698e-05, 'lambda': 7.26356739271455e-05, 'eta': 0.06980522855818036}. Best is trial 175 with value: 8.485717560182938.
[I 2025-01-01 21:07:52,507] Trial 203 finished with value: 8.80658598725006 and parameters: {'max_depth': 3, 'alpha': 7.722574954593474e-06, 'lambda': 0.0007456392282077287, 'eta': 0.07933351014952743}. Best is trial 175 with value: 8.485717560182938.
[I 2025-01-01 21:07:54,555] Trial 204 finished with value: 8.762624076507985 and parameters: {'max_depth': 3, 'alpha': 2.6512722481787782e-06, 'lambda': 3.867660925595676e-05, 'eta': 0.08372480947288752}. Best is trial 175 with value: 8.485717560182938.
[I 2025-01-01 21:07:56,725] Trial 205 finished with value: 9.058472972118004 and parameters: {'max_depth': 3, 'alpha': 0.004551463882680913, 'lambda': 0.00013941848640322508, 'eta': 0.0740506498701046}. Best is trial 175 with value: 8.485717560182938.
[I 2025-01-01 21:07:58,696] Trial 206 finished with value: 8.814178030113391 and parameters: {'max_depth': 3, 'alpha': 0.0029539398098583935, 'lambda': 0.08417845772995648, 'eta': 0.08569083017256057}. Best is trial 175 with value: 8.485717560182938.
[I 2025-01-01 21:08:00,798] Trial 207 finished with value: 8.968238329473316 and parameters: {'max_depth': 3, 'alpha': 0.006722566289286867, 'lambda': 9.890580759882014e-05, 'eta': 0.06766975399773129}. Best is trial 175 with value: 8.485717560182938.
[I 2025-01-01 21:08:03,037] Trial 208 finished with value: 8.854923303638008 and parameters: {'max_depth': 3, 'alpha': 0.001794146221744419, 'lambda': 5.463938667848957e-05, 'eta': 0.09454387456045994}. Best is trial 175 with value: 8.485717560182938.
[I 2025-01-01 21:08:05,025] Trial 209 finished with value: 9.034613215338284 and parameters: {'max_depth': 3, 'alpha': 0.004024567292131914, 'lambda': 0.0010848431132643346, 'eta': 0.07815910956419962}. Best is trial 175 with value: 8.485717560182938.
[I 2025-01-01 21:08:07,425] Trial 210 finished with value: 8.741692991422267 and parameters: {'max_depth': 3, 'alpha': 2.698432041343408e-07, 'lambda': 0.00022074536242317798, 'eta': 0.054810424435223846}. Best is trial 175 with value: 8.485717560182938.
[I 2025-01-01 21:08:09,482] Trial 211 finished with value: 8.749524740512577 and parameters: {'max_depth': 3, 'alpha': 0.0012785518836330135, 'lambda': 6.64228922967495e-05, 'eta': 0.08543873115383448}. Best is trial 175 with value: 8.485717560182938.
[I 2025-01-01 21:08:11,165] Trial 212 finished with value: 8.885680958114467 and parameters: {'max_depth': 3, 'alpha': 0.0008539933199142256, 'lambda': 4.2395817091455785e-05, 'eta': 0.08157156804522506}. Best is trial 175 with value: 8.485717560182938.
[I 2025-01-01 21:08:13,534] Trial 213 finished with value: 9.385139376455358 and parameters: {'max_depth': 3, 'alpha': 0.0023996240661650976, 'lambda': 0.9158742796222978, 'eta': 0.09090497396337731}. Best is trial 175 with value: 8.485717560182938.
[I 2025-01-01 21:08:15,843] Trial 214 finished with value: 8.820028645881724 and parameters: {'max_depth': 3, 'alpha': 0.0014473589962688128, 'lambda': 6.741405291682438e-05, 'eta': 0.0720916056078294}. Best is trial 175 with value: 8.485717560182938.
[I 2025-01-01 21:08:17,599] Trial 215 finished with value: 8.735297262808379 and parameters: {'max_depth': 3, 'alpha': 1.1127281827558187e-05, 'lambda': 0.00016050215371089674, 'eta': 0.08407318909136427}. Best is trial 175 with value: 8.485717560182938.
[I 2025-01-01 21:08:19,918] Trial 216 finished with value: 8.486902228796128 and parameters: {'max_depth': 3, 'alpha': 0.002846747723508392, 'lambda': 2.3854132555795146e-05, 'eta': 0.07879547863596895}. Best is trial 175 with value: 8.485717560182938.
[I 2025-01-01 21:08:21,825] Trial 217 finished with value: 8.95597992024366 and parameters: {'max_depth': 3, 'alpha': 0.005514980525969547, 'lambda': 1.4407384089178536e-05, 'eta': 0.07571271708259901}. Best is trial 175 with value: 8.485717560182938.
[I 2025-01-01 21:08:24,324] Trial 218 finished with value: 8.711618086694028 and parameters: {'max_depth': 3, 'alpha': 0.003036365626345936, 'lambda': 3.314314105806171e-05, 'eta': 0.07878684466669605}. Best is trial 175 with value: 8.485717560182938.
[I 2025-01-01 21:08:26,113] Trial 219 finished with value: 8.831001030033423 and parameters: {'max_depth': 3, 'alpha': 0.0022855957554336727, 'lambda': 1.038585121037251e-05, 'eta': 0.09716783856297415}. Best is trial 175 with value: 8.485717560182938.
[I 2025-01-01 21:08:28,573] Trial 220 finished with value: 8.765681786420087 and parameters: {'max_depth': 3, 'alpha': 0.008425559571746375, 'lambda': 2.4382758464201304e-05, 'eta': 0.05879859254220987}. Best is trial 175 with value: 8.485717560182938.
[I 2025-01-01 21:08:30,388] Trial 221 finished with value: 9.000550919473447 and parameters: {'max_depth': 3, 'alpha': 0.001576985705741636, 'lambda': 4.509478610913763e-05, 'eta': 0.08793976555199176}. Best is trial 175 with value: 8.485717560182938.
[I 2025-01-01 21:08:34,059] Trial 222 finished with value: 9.688002832607868 and parameters: {'max_depth': 3, 'alpha': 4.941749433075846e-06, 'lambda': 0.00010301720328969895, 'eta': 0.013752748631649615}. Best is trial 175 with value: 8.485717560182938.
[I 2025-01-01 21:08:35,895] Trial 223 finished with value: 8.88989388927845 and parameters: {'max_depth': 3, 'alpha': 0.0009672282150036326, 'lambda': 5.277154294748504e-05, 'eta': 0.08295882657279989}. Best is trial 175 with value: 8.485717560182938.
[I 2025-01-01 21:08:38,204] Trial 224 finished with value: 8.84828466641664 and parameters: {'max_depth': 3, 'alpha': 0.0036030746982544104, 'lambda': 0.0005879959566109135, 'eta': 0.07192191805627172}. Best is trial 175 with value: 8.485717560182938.
[I 2025-01-01 21:08:40,089] Trial 225 finished with value: 8.815214126350803 and parameters: {'max_depth': 3, 'alpha': 0.0021467098982671756, 'lambda': 2.517010407232858e-05, 'eta': 0.09072604936287232}. Best is trial 175 with value: 8.485717560182938.
[I 2025-01-01 21:08:42,102] Trial 226 finished with value: 8.66886743289886 and parameters: {'max_depth': 3, 'alpha': 0.0045066601339092014, 'lambda': 8.180438334306406e-05, 'eta': 0.08052704523997443}. Best is trial 175 with value: 8.485717560182938.
[I 2025-01-01 21:08:44,577] Trial 227 finished with value: 8.644200401204621 and parameters: {'max_depth': 3, 'alpha': 0.0052377414665117274, 'lambda': 9.979219887025315e-05, 'eta': 0.07931526809753567}. Best is trial 175 with value: 8.485717560182938.
[I 2025-01-01 21:08:46,632] Trial 228 finished with value: 8.956303280498545 and parameters: {'max_depth': 3, 'alpha': 0.0050642987563784625, 'lambda': 0.00011653593931765023, 'eta': 0.0665180176707983}. Best is trial 175 with value: 8.485717560182938.
[I 2025-01-01 21:08:48,450] Trial 229 finished with value: 8.982716576012436 and parameters: {'max_depth': 3, 'alpha': 0.004017732270483523, 'lambda': 0.00014501863899549732, 'eta': 0.07739543203248128}. Best is trial 175 with value: 8.485717560182938.
[I 2025-01-01 21:08:50,506] Trial 230 finished with value: 12.935626988650972 and parameters: {'max_depth': 5, 'alpha': 0.0033587156319456277, 'lambda': 8.983237011729661e-05, 'eta': 0.13666400504043397}. Best is trial 175 with value: 8.485717560182938.
[I 2025-01-01 21:08:52,830] Trial 231 finished with value: 8.744805299369684 and parameters: {'max_depth': 3, 'alpha': 0.007170112277683805, 'lambda': 0.0002875761095429243, 'eta': 0.07825310219875237}. Best is trial 175 with value: 8.485717560182938.
[I 2025-01-01 21:08:54,759] Trial 232 finished with value: 8.721890389076695 and parameters: {'max_depth': 3, 'alpha': 0.015802905640330836, 'lambda': 7.228256951994327e-05, 'eta': 0.08615335931692848}. Best is trial 175 with value: 8.485717560182938.
[I 2025-01-01 21:08:57,148] Trial 233 finished with value: 9.003592747840209 and parameters: {'max_depth': 3, 'alpha': 0.005376879261660773, 'lambda': 7.401888493383367e-05, 'eta': 0.052219560844224924}. Best is trial 175 with value: 8.485717560182938.
[I 2025-01-01 21:08:59,256] Trial 234 finished with value: 8.604426284463631 and parameters: {'max_depth': 3, 'alpha': 0.010336910773495554, 'lambda': 4.0433060652192284e-05, 'eta': 0.08079985148894031}. Best is trial 175 with value: 8.485717560182938.
[I 2025-01-01 21:09:01,630] Trial 235 finished with value: 8.979909428078523 and parameters: {'max_depth': 3, 'alpha': 0.00256391911568128, 'lambda': 3.34612658409064e-05, 'eta': 0.07336574755889362}. Best is trial 175 with value: 8.485717560182938.
[I 2025-01-01 21:09:03,495] Trial 236 finished with value: 9.064265291176747 and parameters: {'max_depth': 3, 'alpha': 0.004537125235975486, 'lambda': 0.0014315728100795897, 'eta': 0.0988389529589906}. Best is trial 175 with value: 8.485717560182938.
[I 2025-01-01 21:09:05,567] Trial 237 finished with value: 8.747855326394387 and parameters: {'max_depth': 3, 'alpha': 0.0018834762185175624, 'lambda': 1.8236075804732496e-05, 'eta': 0.07997896490601906}. Best is trial 175 with value: 8.485717560182938.
[I 2025-01-01 21:09:08,092] Trial 238 finished with value: 8.806455541020995 and parameters: {'max_depth': 3, 'alpha': 0.0030673239559032093, 'lambda': 0.00017606839459728983, 'eta': 0.06940173393075919}. Best is trial 175 with value: 8.485717560182938.
[I 2025-01-01 21:09:10,163] Trial 239 finished with value: 8.848428693617251 and parameters: {'max_depth': 3, 'alpha': 8.273696965729198e-05, 'lambda': 0.0008022637224333579, 'eta': 0.09103127148247503}. Best is trial 175 with value: 8.485717560182938.
[I 2025-01-01 21:09:11,521] Trial 240 finished with value: 9.499001530111341 and parameters: {'max_depth': 3, 'alpha': 0.007379448880354436, 'lambda': 0.0003679886567022588, 'eta': 0.18587969090339665}. Best is trial 175 with value: 8.485717560182938.
[I 2025-01-01 21:09:13,426] Trial 241 finished with value: 8.64341441717749 and parameters: {'max_depth': 3, 'alpha': 0.013216373005744034, 'lambda': 4.786161749569032e-05, 'eta': 0.08448190444850796}. Best is trial 175 with value: 8.485717560182938.
[I 2025-01-01 21:09:15,587] Trial 242 finished with value: 8.787509870050787 and parameters: {'max_depth': 3, 'alpha': 0.013158559959588178, 'lambda': 0.0001023334198360999, 'eta': 0.08130348669231045}. Best is trial 175 with value: 8.485717560182938.
[I 2025-01-01 21:09:17,713] Trial 243 finished with value: 9.181334862767857 and parameters: {'max_depth': 3, 'alpha': 0.018051782076019835, 'lambda': 5.806611537121924e-05, 'eta': 0.0760725026856388}. Best is trial 175 with value: 8.485717560182938.
[I 2025-01-01 21:09:19,634] Trial 244 finished with value: 8.668986877040691 and parameters: {'max_depth': 3, 'alpha': 0.010908615951265927, 'lambda': 3.9395749898604074e-05, 'eta': 0.08773658375151354}. Best is trial 175 with value: 8.485717560182938.
[I 2025-01-01 21:09:21,517] Trial 245 finished with value: 8.722139855509223 and parameters: {'max_depth': 3, 'alpha': 0.010294095889552846, 'lambda': 3.071630000037102e-05, 'eta': 0.0911552294971416}. Best is trial 175 with value: 8.485717560182938.
[I 2025-01-01 21:09:23,480] Trial 246 finished with value: 8.738774582302458 and parameters: {'max_depth': 3, 'alpha': 0.010937291844215704, 'lambda': 4.609967066168222e-05, 'eta': 0.08240016526877868}. Best is trial 175 with value: 8.485717560182938.
[I 2025-01-01 21:09:25,935] Trial 247 finished with value: 8.739257298378888 and parameters: {'max_depth': 3, 'alpha': 0.006469915692981673, 'lambda': 2.321407072931033e-05, 'eta': 0.07777970834803294}. Best is trial 175 with value: 8.485717560182938.
[I 2025-01-01 21:09:28,062] Trial 248 finished with value: 8.814374359667731 and parameters: {'max_depth': 3, 'alpha': 0.015093224091137808, 'lambda': 4.437510776139126e-05, 'eta': 0.09658772665394358}. Best is trial 175 with value: 8.485717560182938.
[I 2025-01-01 21:09:30,362] Trial 249 finished with value: 8.638971863679542 and parameters: {'max_depth': 3, 'alpha': 0.008403925433958508, 'lambda': 7.423980920967344e-05, 'eta': 0.072766820967731}. Best is trial 175 with value: 8.485717560182938.
[I 2025-01-01 21:09:36,082] Using an existing study with name 'XGBoost_Socmob' instead of creating a new one.
[I 2025-01-01 21:09:45,874] Trial 200 finished with value: 225.58671454826145 and parameters: {'max_depth': 8, 'alpha': 0.6887568516052418, 'lambda': 0.3099775165878233, 'eta': 0.010008087121529239}. Best is trial 81 with value: 205.1329125380158.
[I 2025-01-01 21:09:52,847] Trial 201 finished with value: 256.0452219256259 and parameters: {'max_depth': 7, 'alpha': 0.0007303961516010642, 'lambda': 0.004228585063782019, 'eta': 0.011179306399549036}. Best is trial 81 with value: 205.1329125380158.
[I 2025-01-01 21:10:01,067] Trial 202 finished with value: 218.78417366717775 and parameters: {'max_depth': 8, 'alpha': 0.00113868793451259, 'lambda': 0.6838848126089199, 'eta': 0.01212590017082325}. Best is trial 81 with value: 205.1329125380158.
[I 2025-01-01 21:10:07,748] Trial 203 finished with value: 221.52896744269847 and parameters: {'max_depth': 7, 'alpha': 0.004355418438856958, 'lambda': 0.732313652833084, 'eta': 0.010808801020580855}. Best is trial 81 with value: 205.1329125380158.
[I 2025-01-01 21:10:19,118] Trial 204 finished with value: 229.7027035030194 and parameters: {'max_depth': 9, 'alpha': 0.00198043497113383, 'lambda': 0.4642045500216464, 'eta': 0.010532709556436962}. Best is trial 81 with value: 205.1329125380158.
[I 2025-01-01 21:10:25,506] Trial 205 finished with value: 214.44432058640254 and parameters: {'max_depth': 7, 'alpha': 0.00025424043398328695, 'lambda': 0.9681120633832789, 'eta': 0.011736176833178834}. Best is trial 81 with value: 205.1329125380158.
[I 2025-01-01 21:10:31,628] Trial 206 finished with value: 214.22178232865113 and parameters: {'max_depth': 7, 'alpha': 0.0002450720376412908, 'lambda': 0.9857037883033481, 'eta': 0.012627428514530315}. Best is trial 81 with value: 205.1329125380158.
[I 2025-01-01 21:10:37,734] Trial 207 finished with value: 213.6340032960483 and parameters: {'max_depth': 7, 'alpha': 0.0001937374645907359, 'lambda': 0.9901250635186614, 'eta': 0.012720702018170296}. Best is trial 81 with value: 205.1329125380158.
[I 2025-01-01 21:10:44,670] Trial 208 finished with value: 217.8694183521678 and parameters: {'max_depth': 7, 'alpha': 0.000280121034757285, 'lambda': 0.7736508866778097, 'eta': 0.012502940722558496}. Best is trial 81 with value: 205.1329125380158.
[I 2025-01-01 21:10:50,903] Trial 209 finished with value: 213.0479536104371 and parameters: {'max_depth': 7, 'alpha': 0.00021029826196033112, 'lambda': 0.946361619051109, 'eta': 0.01173610102503757}. Best is trial 81 with value: 205.1329125380158.
[I 2025-01-01 21:10:58,269] Trial 210 finished with value: 212.53905983988201 and parameters: {'max_depth': 7, 'alpha': 0.0003348121289162161, 'lambda': 0.9861791074426235, 'eta': 0.011673894812095924}. Best is trial 81 with value: 205.1329125380158.
[I 2025-01-01 21:11:04,619] Trial 211 finished with value: 211.92741672853305 and parameters: {'max_depth': 7, 'alpha': 0.00020919162063911498, 'lambda': 0.9613902428667339, 'eta': 0.011787678352583769}. Best is trial 81 with value: 205.1329125380158.
[I 2025-01-01 21:11:11,371] Trial 212 finished with value: 213.09188904520232 and parameters: {'max_depth': 7, 'alpha': 0.00022890214385346678, 'lambda': 0.9665961654990238, 'eta': 0.011655457099549443}. Best is trial 81 with value: 205.1329125380158.
[I 2025-01-01 21:11:18,012] Trial 213 finished with value: 210.3910305810275 and parameters: {'max_depth': 7, 'alpha': 0.00020988679612687173, 'lambda': 0.9991779106385654, 'eta': 0.011949362398842084}. Best is trial 81 with value: 205.1329125380158.
[I 2025-01-01 21:11:24,542] Trial 214 finished with value: 214.96866069169604 and parameters: {'max_depth': 7, 'alpha': 0.0002357207102550133, 'lambda': 0.9553246425585885, 'eta': 0.01199153629072283}. Best is trial 81 with value: 205.1329125380158.
[I 2025-01-01 21:11:30,792] Trial 215 finished with value: 211.2135622954034 and parameters: {'max_depth': 7, 'alpha': 0.00016664164995486944, 'lambda': 0.9834846848604286, 'eta': 0.01304685889588136}. Best is trial 81 with value: 205.1329125380158.
[I 2025-01-01 21:11:37,012] Trial 216 finished with value: 210.24538758780582 and parameters: {'max_depth': 7, 'alpha': 0.0001612166256138654, 'lambda': 0.9978600437013769, 'eta': 0.013635843267676397}. Best is trial 81 with value: 205.1329125380158.
[I 2025-01-01 21:11:43,595] Trial 217 finished with value: 221.7088315649101 and parameters: {'max_depth': 7, 'alpha': 0.00010472157117492442, 'lambda': 0.5931692665316558, 'eta': 0.013618826292403753}. Best is trial 81 with value: 205.1329125380158.
[I 2025-01-01 21:12:01,862] Trial 218 finished with value: 228.76941592914494 and parameters: {'max_depth': 12, 'alpha': 0.00011946426182489406, 'lambda': 0.6522747837500656, 'eta': 0.014308727362653454}. Best is trial 81 with value: 205.1329125380158.
[I 2025-01-01 21:12:07,891] Trial 219 finished with value: 222.7357222339271 and parameters: {'max_depth': 7, 'alpha': 0.00016771678259889565, 'lambda': 0.5189778072729606, 'eta': 0.013141586291530538}. Best is trial 81 with value: 205.1329125380158.
[I 2025-01-01 21:12:14,244] Trial 220 finished with value: 213.7141926712183 and parameters: {'max_depth': 7, 'alpha': 0.0004138890782789508, 'lambda': 0.9836466273033021, 'eta': 0.011631285598762493}. Best is trial 81 with value: 205.1329125380158.
[I 2025-01-01 21:12:20,451] Trial 221 finished with value: 212.81577028629778 and parameters: {'max_depth': 7, 'alpha': 0.00043399189516587903, 'lambda': 0.9958107842788763, 'eta': 0.011780527889299943}. Best is trial 81 with value: 205.1329125380158.
[I 2025-01-01 21:12:26,413] Trial 222 finished with value: 219.6469445629536 and parameters: {'max_depth': 7, 'alpha': 0.0005079282208500145, 'lambda': 0.744432050431982, 'eta': 0.01295548009991651}. Best is trial 81 with value: 205.1329125380158.
[I 2025-01-01 21:12:32,821] Trial 223 finished with value: 219.60467242461195 and parameters: {'max_depth': 7, 'alpha': 0.000359143722051987, 'lambda': 0.7185522358333756, 'eta': 0.012039561338669869}. Best is trial 81 with value: 205.1329125380158.
[I 2025-01-01 21:12:39,082] Trial 224 finished with value: 212.27132977329083 and parameters: {'max_depth': 7, 'alpha': 0.00018160843708894545, 'lambda': 0.9757915569667112, 'eta': 0.011418965818904175}. Best is trial 81 with value: 205.1329125380158.
[I 2025-01-01 21:12:45,100] Trial 225 finished with value: 218.67589129722455 and parameters: {'max_depth': 7, 'alpha': 0.00017062332401658714, 'lambda': 0.5098528987563578, 'eta': 0.014309904089477904}. Best is trial 81 with value: 205.1329125380158.
[I 2025-01-01 21:12:51,348] Trial 226 finished with value: 213.23058552764655 and parameters: {'max_depth': 7, 'alpha': 0.0001673432758298136, 'lambda': 0.9792559973897692, 'eta': 0.012623739883237948}. Best is trial 81 with value: 205.1329125380158.
[I 2025-01-01 21:12:56,662] Trial 227 finished with value: 222.8239215467341 and parameters: {'max_depth': 6, 'alpha': 7.606610350252278e-05, 'lambda': 0.6808681013341557, 'eta': 0.011412731239309236}. Best is trial 81 with value: 205.1329125380158.
[I 2025-01-01 21:12:59,028] Trial 228 finished with value: 274.68668314814846 and parameters: {'max_depth': 7, 'alpha': 0.00011669345627305457, 'lambda': 0.4059543884314983, 'eta': 0.29633982597461417}. Best is trial 81 with value: 205.1329125380158.
[I 2025-01-01 21:13:05,043] Trial 229 finished with value: 220.41109564844055 and parameters: {'max_depth': 7, 'alpha': 0.0003445102056542301, 'lambda': 0.6794499092017056, 'eta': 0.01385765131031391}. Best is trial 81 with value: 205.1329125380158.
[I 2025-01-01 21:13:11,974] Trial 230 finished with value: 221.7623642324113 and parameters: {'max_depth': 7, 'alpha': 0.00020082361180076558, 'lambda': 0.5209935791454215, 'eta': 0.011246979764823821}. Best is trial 81 with value: 205.1329125380158.
[I 2025-01-01 21:13:18,005] Trial 231 finished with value: 211.0705749834553 and parameters: {'max_depth': 7, 'alpha': 0.0001596605048904153, 'lambda': 0.9345010421881702, 'eta': 0.012682135387900974}. Best is trial 81 with value: 205.1329125380158.
[I 2025-01-01 21:13:24,803] Trial 232 finished with value: 210.39092184609058 and parameters: {'max_depth': 7, 'alpha': 0.00015734532368997893, 'lambda': 0.9810086964798029, 'eta': 0.01228763930918387}. Best is trial 81 with value: 205.1329125380158.
[I 2025-01-01 21:13:31,351] Trial 233 finished with value: 211.60845036492373 and parameters: {'max_depth': 7, 'alpha': 0.00024439323725099037, 'lambda': 0.9976405679711221, 'eta': 0.011991240356043075}. Best is trial 81 with value: 205.1329125380158.
[I 2025-01-01 21:13:38,927] Trial 234 finished with value: 216.45001779181695 and parameters: {'max_depth': 8, 'alpha': 0.00032873120121727236, 'lambda': 0.6966908801125093, 'eta': 0.013147997780622308}. Best is trial 81 with value: 205.1329125380158.
[I 2025-01-01 21:13:45,812] Trial 235 finished with value: 212.69053348632391 and parameters: {'max_depth': 7, 'alpha': 9.070055358232325e-05, 'lambda': 0.9877004383659126, 'eta': 0.012227123314962477}. Best is trial 81 with value: 205.1329125380158.
[I 2025-01-01 21:13:52,075] Trial 236 finished with value: 223.45312723281614 and parameters: {'max_depth': 7, 'alpha': 7.698331335104209e-05, 'lambda': 0.6347584221810474, 'eta': 0.013489368972436555}. Best is trial 81 with value: 205.1329125380158.
[I 2025-01-01 21:14:00,273] Trial 237 finished with value: 222.76454294450838 and parameters: {'max_depth': 8, 'alpha': 0.00014119915980278602, 'lambda': 0.4208138867861439, 'eta': 0.012537139105937237}. Best is trial 81 with value: 205.1329125380158.
[I 2025-01-01 21:14:06,026] Trial 238 finished with value: 218.95217344778843 and parameters: {'max_depth': 7, 'alpha': 5.745668982637401e-05, 'lambda': 0.6957005749256979, 'eta': 0.015016907925565785}. Best is trial 81 with value: 205.1329125380158.
[I 2025-01-01 21:14:13,950] Trial 239 finished with value: 206.82319960918602 and parameters: {'max_depth': 8, 'alpha': 9.399616094819097e-05, 'lambda': 0.9948550659327583, 'eta': 0.011086233571227089}. Best is trial 81 with value: 205.1329125380158.
[I 2025-01-01 21:14:21,431] Trial 240 finished with value: 206.94277308146638 and parameters: {'max_depth': 8, 'alpha': 8.924223126943761e-05, 'lambda': 0.9803831603751125, 'eta': 0.012288711157184683}. Best is trial 81 with value: 205.1329125380158.
[I 2025-01-01 21:14:29,090] Trial 241 finished with value: 206.08461000752064 and parameters: {'max_depth': 8, 'alpha': 0.0001600213825136149, 'lambda': 0.9874971936407958, 'eta': 0.012175117410909864}. Best is trial 81 with value: 205.1329125380158.
[I 2025-01-01 21:14:36,897] Trial 242 finished with value: 216.49822560679735 and parameters: {'max_depth': 8, 'alpha': 0.00014031310745634678, 'lambda': 0.6890608933158872, 'eta': 0.012448868050983865}. Best is trial 81 with value: 205.1329125380158.
[I 2025-01-01 21:14:43,979] Trial 243 finished with value: 208.25314049094646 and parameters: {'max_depth': 8, 'alpha': 9.324905675885337e-05, 'lambda': 0.9965423888289712, 'eta': 0.014035515514337411}. Best is trial 81 with value: 205.1329125380158.
[I 2025-01-01 21:14:50,947] Trial 244 finished with value: 222.03066769278036 and parameters: {'max_depth': 8, 'alpha': 0.00011637572255701321, 'lambda': 0.5312069880637063, 'eta': 0.014518054564410802}. Best is trial 81 with value: 205.1329125380158.
[I 2025-01-01 21:14:57,573] Trial 245 finished with value: 206.5762574086 and parameters: {'max_depth': 8, 'alpha': 5.487469187822653e-05, 'lambda': 0.9954476120280614, 'eta': 0.015724576027710734}. Best is trial 81 with value: 205.1329125380158.
[I 2025-01-01 21:15:04,749] Trial 246 finished with value: 219.49187848398705 and parameters: {'max_depth': 8, 'alpha': 2.8552966830328695e-05, 'lambda': 0.6931842987459355, 'eta': 0.013971794936729271}. Best is trial 81 with value: 205.1329125380158.
[I 2025-01-01 21:15:11,931] Trial 247 finished with value: 220.03385367792845 and parameters: {'max_depth': 8, 'alpha': 5.972219603848936e-05, 'lambda': 0.5192510714047162, 'eta': 0.015877788066552805}. Best is trial 81 with value: 205.1329125380158.
[I 2025-01-01 21:15:19,060] Trial 248 finished with value: 219.51666347143927 and parameters: {'max_depth': 8, 'alpha': 5.0451360867305244e-05, 'lambda': 0.7014105239136339, 'eta': 0.015407819517855002}. Best is trial 81 with value: 205.1329125380158.
[I 2025-01-01 21:15:27,063] Trial 249 finished with value: 217.679447318557 and parameters: {'max_depth': 8, 'alpha': 0.00010212688935618336, 'lambda': 0.42786414316622234, 'eta': 0.013461615037998944}. Best is trial 81 with value: 205.1329125380158.
[I 2025-01-01 21:15:38,166] Using an existing study with name 'XGBoost_Sensory' instead of creating a new one.
[W 2025-01-01 21:15:38,461] Trial 200 failed with parameters: {'max_depth': 3, 'alpha': 7.182902469294571e-07, 'lambda': 0.004734591508817306, 'eta': 0.023088663593036293} because of the following error: TypeError("expected a sequence of integers or a single integer, got '11.0'").
Traceback (most recent call last):
  File "/home/mburu/.local/lib/python3.8/site-packages/optuna/study/_optimize.py", line 197, in _run_trial
    value_or_values = func(trial)
  File "train.py", line 138, in __call__
    sc, time = cross_validation(model, self.X, self.y, self.args, visual=False)
  File "train.py", line 46, in cross_validation
    loss_history, val_loss_history = curr_model.fit(X_train, y_train, X_test, y_test)  # X_val, y_val)
  File "/home/mburu/Master_Thesis/master-thesis-da/DNN_Trial/models/tree_models.py", line 43, in fit
    feature_types = self.feature_types().tolist()
  File "/home/mburu/Master_Thesis/master-thesis-da/DNN_Trial/models/tree_models.py", line 74, in feature_types
    feat_types = np.empty(np.max(np.concatenate([self.args.cat_idx, self.args.num_idx])) + 1, dtype=object)
TypeError: expected a sequence of integers or a single integer, got '11.0'
[W 2025-01-01 21:15:38,462] Trial 200 failed with value None.
Traceback (most recent call last):
  File "train.py", line 189, in <module>
    main(arguments)
  File "train.py", line 160, in main
    study.optimize(Objective(args, model_name, X, y), n_trials=args.n_trials)
  File "/home/mburu/.local/lib/python3.8/site-packages/optuna/study/study.py", line 475, in optimize
    _optimize(
  File "/home/mburu/.local/lib/python3.8/site-packages/optuna/study/_optimize.py", line 63, in _optimize
    _optimize_sequential(
  File "/home/mburu/.local/lib/python3.8/site-packages/optuna/study/_optimize.py", line 160, in _optimize_sequential
    frozen_trial = _run_trial(study, func, catch)
  File "/home/mburu/.local/lib/python3.8/site-packages/optuna/study/_optimize.py", line 248, in _run_trial
    raise func_err
  File "/home/mburu/.local/lib/python3.8/site-packages/optuna/study/_optimize.py", line 197, in _run_trial
    value_or_values = func(trial)
  File "train.py", line 138, in __call__
    sc, time = cross_validation(model, self.X, self.y, self.args, visual=False)
  File "train.py", line 46, in cross_validation
    loss_history, val_loss_history = curr_model.fit(X_train, y_train, X_test, y_test)  # X_val, y_val)
  File "/home/mburu/Master_Thesis/master-thesis-da/DNN_Trial/models/tree_models.py", line 43, in fit
    feature_types = self.feature_types().tolist()
  File "/home/mburu/Master_Thesis/master-thesis-da/DNN_Trial/models/tree_models.py", line 74, in feature_types
    feat_types = np.empty(np.max(np.concatenate([self.args.cat_idx, self.args.num_idx])) + 1, dtype=object)
TypeError: expected a sequence of integers or a single integer, got '11.0'
srun: error: stud-000: task 0: Exited with exit code 1
[I 2025-01-01 21:15:41,356] Using an existing study with name 'XGBoost_Moneyball' instead of creating a new one.
[I 2025-01-01 21:15:46,314] Trial 200 finished with value: 572.8786824702903 and parameters: {'max_depth': 7, 'alpha': 1.1717341485834966e-06, 'lambda': 0.030945338879432436, 'eta': 0.043664754350053674}. Best is trial 65 with value: 501.4594249456437.
[I 2025-01-01 21:15:48,593] Trial 201 finished with value: 503.9607845229974 and parameters: {'max_depth': 2, 'alpha': 1.8623286840992892e-06, 'lambda': 0.5228182487284799, 'eta': 0.06816736301104387}. Best is trial 65 with value: 501.4594249456437.
[I 2025-01-01 21:15:51,121] Trial 202 finished with value: 504.7427772769768 and parameters: {'max_depth': 2, 'alpha': 4.076023905023602e-06, 'lambda': 0.5640057952539882, 'eta': 0.06183186030149919}. Best is trial 65 with value: 501.4594249456437.
[I 2025-01-01 21:15:53,857] Trial 203 finished with value: 504.58470447596903 and parameters: {'max_depth': 2, 'alpha': 2.3959315630752797e-06, 'lambda': 0.6380193058895943, 'eta': 0.04743254775861442}. Best is trial 65 with value: 501.4594249456437.
[I 2025-01-01 21:15:56,355] Trial 204 finished with value: 504.51943687761815 and parameters: {'max_depth': 2, 'alpha': 1.7451713469007518e-06, 'lambda': 0.6619025725544431, 'eta': 0.055474981164913686}. Best is trial 65 with value: 501.4594249456437.
[I 2025-01-01 21:15:59,336] Trial 205 finished with value: 502.98947149807617 and parameters: {'max_depth': 2, 'alpha': 1.6879817787602489e-06, 'lambda': 0.6131107359897089, 'eta': 0.048420473213957385}. Best is trial 65 with value: 501.4594249456437.
[I 2025-01-01 21:16:02,295] Trial 206 finished with value: 504.58773203728214 and parameters: {'max_depth': 2, 'alpha': 5.844920178167123e-07, 'lambda': 0.9838643153188791, 'eta': 0.04889536676301848}. Best is trial 65 with value: 501.4594249456437.
[I 2025-01-01 21:16:05,075] Trial 207 finished with value: 502.27891901505444 and parameters: {'max_depth': 2, 'alpha': 1.6819016581755158e-06, 'lambda': 0.7256592680249426, 'eta': 0.050293328010874196}. Best is trial 65 with value: 501.4594249456437.
[I 2025-01-01 21:16:07,869] Trial 208 finished with value: 506.2949895366161 and parameters: {'max_depth': 2, 'alpha': 1.5455469244182304e-06, 'lambda': 0.9834269264075833, 'eta': 0.047982575781450626}. Best is trial 65 with value: 501.4594249456437.
[I 2025-01-01 21:16:10,968] Trial 209 finished with value: 503.1538823004697 and parameters: {'max_depth': 2, 'alpha': 1.9120475378339393e-07, 'lambda': 0.7002915805771164, 'eta': 0.04751108260950142}. Best is trial 65 with value: 501.4594249456437.
[I 2025-01-01 21:16:13,899] Trial 210 finished with value: 505.2089992332041 and parameters: {'max_depth': 2, 'alpha': 2.4711497951597955e-07, 'lambda': 0.6067487352978973, 'eta': 0.04770077034375072}. Best is trial 65 with value: 501.4594249456437.
[I 2025-01-01 21:16:16,746] Trial 211 finished with value: 506.12964567557253 and parameters: {'max_depth': 2, 'alpha': 1.8364707809616653e-07, 'lambda': 0.6818550667784359, 'eta': 0.04699197121452432}. Best is trial 65 with value: 501.4594249456437.
[I 2025-01-01 21:16:19,449] Trial 212 finished with value: 506.3499665660405 and parameters: {'max_depth': 2, 'alpha': 3.507384379901438e-06, 'lambda': 0.9814828512977438, 'eta': 0.050629701257857734}. Best is trial 65 with value: 501.4594249456437.
[I 2025-01-01 21:16:22,575] Trial 213 finished with value: 507.12735795197807 and parameters: {'max_depth': 2, 'alpha': 4.82438703310283e-07, 'lambda': 0.6004770708630756, 'eta': 0.04327028931524319}. Best is trial 65 with value: 501.4594249456437.
[I 2025-01-01 21:16:25,720] Trial 214 finished with value: 506.1902986709686 and parameters: {'max_depth': 2, 'alpha': 2.529388205883729e-07, 'lambda': 0.4301595087774385, 'eta': 0.04698431502602329}. Best is trial 65 with value: 501.4594249456437.
[I 2025-01-01 21:16:28,700] Trial 215 finished with value: 504.5690672696568 and parameters: {'max_depth': 2, 'alpha': 7.091808287873532e-07, 'lambda': 0.7013103472311212, 'eta': 0.05229415815763942}. Best is trial 65 with value: 501.4594249456437.
[I 2025-01-01 21:16:31,609] Trial 216 finished with value: 504.1948030845141 and parameters: {'max_depth': 2, 'alpha': 7.893336368684559e-07, 'lambda': 0.684568121700297, 'eta': 0.04946967232611922}. Best is trial 65 with value: 501.4594249456437.
[I 2025-01-01 21:16:34,275] Trial 217 finished with value: 502.6207130899161 and parameters: {'max_depth': 2, 'alpha': 6.07679197377208e-07, 'lambda': 0.722879538635122, 'eta': 0.050134450615168885}. Best is trial 65 with value: 501.4594249456437.
[I 2025-01-01 21:16:37,244] Trial 218 finished with value: 501.9678765418933 and parameters: {'max_depth': 2, 'alpha': 5.064513262481383e-07, 'lambda': 0.9970166461904986, 'eta': 0.0519407468307077}. Best is trial 65 with value: 501.4594249456437.
[I 2025-01-01 21:16:40,271] Trial 219 finished with value: 504.20742477805925 and parameters: {'max_depth': 2, 'alpha': 8.688104222506362e-07, 'lambda': 0.7333697949336772, 'eta': 0.05169864834180341}. Best is trial 65 with value: 501.4594249456437.
[I 2025-01-01 21:16:42,882] Trial 220 finished with value: 506.48930729976956 and parameters: {'max_depth': 2, 'alpha': 6.287321940512626e-07, 'lambda': 0.4561786677109724, 'eta': 0.052151523309297246}. Best is trial 65 with value: 501.4594249456437.
[I 2025-01-01 21:16:45,746] Trial 221 finished with value: 507.5646934736875 and parameters: {'max_depth': 2, 'alpha': 4.3297446210530486e-07, 'lambda': 0.9842631239456133, 'eta': 0.05014401425939105}. Best is trial 65 with value: 501.4594249456437.
[I 2025-01-01 21:16:48,617] Trial 222 finished with value: 508.72994707873187 and parameters: {'max_depth': 2, 'alpha': 9.296033736028301e-07, 'lambda': 0.7429203036011336, 'eta': 0.04497111164082032}. Best is trial 65 with value: 501.4594249456437.
[I 2025-01-01 21:16:51,431] Trial 223 finished with value: 500.4713282852387 and parameters: {'max_depth': 2, 'alpha': 6.511305108049527e-07, 'lambda': 0.7259930308044183, 'eta': 0.0512362812787266}. Best is trial 223 with value: 500.4713282852387.
[I 2025-01-01 21:16:54,400] Trial 224 finished with value: 504.0868080615968 and parameters: {'max_depth': 2, 'alpha': 6.599289752390865e-07, 'lambda': 0.5077238963425896, 'eta': 0.05240892836858447}. Best is trial 223 with value: 500.4713282852387.
[I 2025-01-01 21:16:57,189] Trial 225 finished with value: 502.8522883011857 and parameters: {'max_depth': 2, 'alpha': 6.495144048043328e-07, 'lambda': 0.6711791402920968, 'eta': 0.05169233647904998}. Best is trial 223 with value: 500.4713282852387.
[I 2025-01-01 21:17:00,251] Trial 226 finished with value: 508.4497135814187 and parameters: {'max_depth': 2, 'alpha': 4.7643920750440715e-07, 'lambda': 0.700390951264381, 'eta': 0.04137198332839209}. Best is trial 223 with value: 500.4713282852387.
[I 2025-01-01 21:17:03,228] Trial 227 finished with value: 507.7275947039423 and parameters: {'max_depth': 2, 'alpha': 7.122656210836465e-07, 'lambda': 0.4000591804747773, 'eta': 0.052316196791804666}. Best is trial 223 with value: 500.4713282852387.
[I 2025-01-01 21:17:06,041] Trial 228 finished with value: 502.8823064570157 and parameters: {'max_depth': 2, 'alpha': 6.324005784069211e-07, 'lambda': 0.6982829765673936, 'eta': 0.04982712075560227}. Best is trial 223 with value: 500.4713282852387.
[I 2025-01-01 21:17:09,270] Trial 229 finished with value: 503.85589068953425 and parameters: {'max_depth': 2, 'alpha': 7.717515340526033e-07, 'lambda': 0.7703449903119923, 'eta': 0.04912883832780937}. Best is trial 223 with value: 500.4713282852387.
[I 2025-01-01 21:17:12,680] Trial 230 finished with value: 508.0318964897233 and parameters: {'max_depth': 2, 'alpha': 6.9028478188092e-07, 'lambda': 0.7272273501423565, 'eta': 0.03894516039044366}. Best is trial 223 with value: 500.4713282852387.
[I 2025-01-01 21:17:15,457] Trial 231 finished with value: 505.05132533492826 and parameters: {'max_depth': 2, 'alpha': 3.646145516429496e-07, 'lambda': 0.4271184894454734, 'eta': 0.0458904115303943}. Best is trial 223 with value: 500.4713282852387.
[I 2025-01-01 21:17:18,285] Trial 232 finished with value: 503.3221746828034 and parameters: {'max_depth': 2, 'alpha': 1.2941662366755587e-06, 'lambda': 0.7552452267006672, 'eta': 0.05057057427832567}. Best is trial 223 with value: 500.4713282852387.
[I 2025-01-01 21:17:21,635] Trial 233 finished with value: 505.8500432066452 and parameters: {'max_depth': 2, 'alpha': 1.3404622037649497e-06, 'lambda': 0.9891284872828167, 'eta': 0.04835624029237353}. Best is trial 223 with value: 500.4713282852387.
[I 2025-01-01 21:17:24,694] Trial 234 finished with value: 504.33616564115556 and parameters: {'max_depth': 2, 'alpha': 8.41608430881484e-07, 'lambda': 0.6299685737659241, 'eta': 0.049694485418466106}. Best is trial 223 with value: 500.4713282852387.
[I 2025-01-01 21:17:27,683] Trial 235 finished with value: 500.34732486381654 and parameters: {'max_depth': 2, 'alpha': 8.558840581043251e-07, 'lambda': 0.628277922063527, 'eta': 0.051695558283983416}. Best is trial 235 with value: 500.34732486381654.
[I 2025-01-01 21:17:30,436] Trial 236 finished with value: 508.25007841011865 and parameters: {'max_depth': 2, 'alpha': 9.145012926613576e-07, 'lambda': 0.36418926504620436, 'eta': 0.0530955280633468}. Best is trial 235 with value: 500.34732486381654.
[I 2025-01-01 21:17:33,543] Trial 237 finished with value: 500.96891703408 and parameters: {'max_depth': 2, 'alpha': 1.2451277459666273e-06, 'lambda': 0.6900662910810909, 'eta': 0.050811820663788726}. Best is trial 235 with value: 500.34732486381654.
[I 2025-01-01 21:17:36,588] Trial 238 finished with value: 507.11907209235807 and parameters: {'max_depth': 2, 'alpha': 1.2679643886761012e-06, 'lambda': 0.5397448279118383, 'eta': 0.043100915490969435}. Best is trial 235 with value: 500.34732486381654.
[I 2025-01-01 21:17:39,571] Trial 239 finished with value: 507.00713448506747 and parameters: {'max_depth': 2, 'alpha': 1.7715745721407891e-06, 'lambda': 0.3624736908677809, 'eta': 0.049735907267984714}. Best is trial 235 with value: 500.34732486381654.
[I 2025-01-01 21:17:42,624] Trial 240 finished with value: 505.308516596608 and parameters: {'max_depth': 2, 'alpha': 9.958508666657437e-07, 'lambda': 0.7114700916833682, 'eta': 0.052290060635003716}. Best is trial 235 with value: 500.34732486381654.
[I 2025-01-01 21:17:45,703] Trial 241 finished with value: 502.2303355174422 and parameters: {'max_depth': 2, 'alpha': 7.359511783148924e-07, 'lambda': 0.7388970713006733, 'eta': 0.05180477042977357}. Best is trial 235 with value: 500.34732486381654.
[I 2025-01-01 21:17:48,473] Trial 242 finished with value: 507.13085210898026 and parameters: {'max_depth': 2, 'alpha': 3.449434173318617e-07, 'lambda': 0.5022063508565502, 'eta': 0.05364474949481458}. Best is trial 235 with value: 500.34732486381654.
[I 2025-01-01 21:17:51,502] Trial 243 finished with value: 506.1157311815985 and parameters: {'max_depth': 2, 'alpha': 7.610590935894121e-07, 'lambda': 0.6482833057742667, 'eta': 0.045130851484139464}. Best is trial 235 with value: 500.34732486381654.
[I 2025-01-01 21:17:54,277] Trial 244 finished with value: 507.77694879252897 and parameters: {'max_depth': 2, 'alpha': 5.081072603577515e-07, 'lambda': 0.9953292081534778, 'eta': 0.0495979084238547}. Best is trial 235 with value: 500.34732486381654.
[I 2025-01-01 21:17:57,132] Trial 245 finished with value: 506.14343435201107 and parameters: {'max_depth': 2, 'alpha': 1.1763100840415449e-06, 'lambda': 0.4610988183388112, 'eta': 0.054328810212652914}. Best is trial 235 with value: 500.34732486381654.
[I 2025-01-01 21:17:59,963] Trial 246 finished with value: 505.246560265576 and parameters: {'max_depth': 2, 'alpha': 1.6130685222100013e-06, 'lambda': 0.3297685272497272, 'eta': 0.04984562741059329}. Best is trial 235 with value: 500.34732486381654.
[I 2025-01-01 21:18:02,548] Trial 247 finished with value: 506.57191836989585 and parameters: {'max_depth': 2, 'alpha': 7.002033366893805e-07, 'lambda': 0.7213697843105525, 'eta': 0.05501494189713082}. Best is trial 235 with value: 500.34732486381654.
[I 2025-01-01 21:18:06,099] Trial 248 finished with value: 506.24923689936423 and parameters: {'max_depth': 2, 'alpha': 3.08983761729369e-07, 'lambda': 0.49510826776300826, 'eta': 0.046269201241820025}. Best is trial 235 with value: 500.34732486381654.
[I 2025-01-01 21:18:09,008] Trial 249 finished with value: 503.02174058440886 and parameters: {'max_depth': 2, 'alpha': 1.1717091991723415e-06, 'lambda': 0.705736837125436, 'eta': 0.05035625586215549}. Best is trial 235 with value: 500.34732486381654.
[I 2025-01-01 21:18:15,808] Using an existing study with name 'XGBoost_Black_Friday' instead of creating a new one.
[I 2025-01-01 21:18:28,796] Trial 200 finished with value: 11965246.271599745 and parameters: {'max_depth': 7, 'alpha': 0.03199879162616716, 'lambda': 0.3849165033498507, 'eta': 0.09093251294286818}. Best is trial 136 with value: 11948667.8256346.
[I 2025-01-01 21:18:42,561] Trial 201 finished with value: 11960100.834372118 and parameters: {'max_depth': 8, 'alpha': 0.00022862543792468278, 'lambda': 0.6458051879600082, 'eta': 0.1096335063846473}. Best is trial 136 with value: 11948667.8256346.
[I 2025-01-01 21:18:54,220] Trial 202 finished with value: 11959495.983709533 and parameters: {'max_depth': 8, 'alpha': 0.6629516832907901, 'lambda': 0.7174283344882164, 'eta': 0.10838376840769877}. Best is trial 136 with value: 11948667.8256346.
[I 2025-01-01 21:19:05,954] Trial 203 finished with value: 11960411.763054382 and parameters: {'max_depth': 8, 'alpha': 5.744436833407567e-05, 'lambda': 0.5375900080772843, 'eta': 0.11333998071535632}. Best is trial 136 with value: 11948667.8256346.
[I 2025-01-01 21:19:17,794] Trial 204 finished with value: 11960455.981306676 and parameters: {'max_depth': 8, 'alpha': 7.212719284939103e-05, 'lambda': 0.5332077709945544, 'eta': 0.1114052404061698}. Best is trial 136 with value: 11948667.8256346.
[I 2025-01-01 21:19:29,697] Trial 205 finished with value: 11971652.663997564 and parameters: {'max_depth': 8, 'alpha': 7.630894006194656e-05, 'lambda': 0.2704492275879591, 'eta': 0.11580130042085146}. Best is trial 136 with value: 11948667.8256346.
[I 2025-01-01 21:19:44,108] Trial 206 finished with value: 11989751.026245276 and parameters: {'max_depth': 9, 'alpha': 2.470372451691928e-05, 'lambda': 0.4807558795803923, 'eta': 0.11053051318089173}. Best is trial 136 with value: 11948667.8256346.
[I 2025-01-01 21:19:54,764] Trial 207 finished with value: 11969474.506305441 and parameters: {'max_depth': 8, 'alpha': 0.00020652907258942517, 'lambda': 0.4815436722028566, 'eta': 0.13132572269166515}. Best is trial 136 with value: 11948667.8256346.
[I 2025-01-01 21:20:05,866] Trial 208 finished with value: 11957912.647995722 and parameters: {'max_depth': 7, 'alpha': 6.761319244237354e-05, 'lambda': 0.2933648324828576, 'eta': 0.10933211629687507}. Best is trial 136 with value: 11948667.8256346.
[I 2025-01-01 21:20:15,375] Trial 209 finished with value: 11981633.42199015 and parameters: {'max_depth': 7, 'alpha': 0.00011347692938450285, 'lambda': 1.0581109598170196e-07, 'eta': 0.1254081801074901}. Best is trial 136 with value: 11948667.8256346.
[I 2025-01-01 21:20:27,294] Trial 210 finished with value: 11969481.400584305 and parameters: {'max_depth': 7, 'alpha': 3.6542799804193954e-05, 'lambda': 0.2375624975310496, 'eta': 0.09333742226433499}. Best is trial 136 with value: 11948667.8256346.
[I 2025-01-01 21:20:40,037] Trial 211 finished with value: 11957079.165218612 and parameters: {'max_depth': 8, 'alpha': 0.00010793364550966884, 'lambda': 0.6755709760511645, 'eta': 0.11107181651462943}. Best is trial 136 with value: 11948667.8256346.
[I 2025-01-01 21:20:51,233] Trial 212 finished with value: 11978134.636947464 and parameters: {'max_depth': 8, 'alpha': 7.611847264392274e-05, 'lambda': 0.35340125473509054, 'eta': 0.11705207759510938}. Best is trial 136 with value: 11948667.8256346.
[I 2025-01-01 21:21:01,623] Trial 213 finished with value: 11965362.387533348 and parameters: {'max_depth': 7, 'alpha': 4.873608604047854e-05, 'lambda': 0.612576966870741, 'eta': 0.10818857700230981}. Best is trial 136 with value: 11948667.8256346.
[I 2025-01-01 21:21:14,242] Trial 214 finished with value: 11992397.072076447 and parameters: {'max_depth': 8, 'alpha': 7.383594731503088e-05, 'lambda': 0.16351297242767537, 'eta': 0.10073621490760365}. Best is trial 136 with value: 11948667.8256346.
[I 2025-01-01 21:21:23,997] Trial 215 finished with value: 11949678.35545599 and parameters: {'max_depth': 7, 'alpha': 0.00012293962291099231, 'lambda': 0.5287583083374191, 'eta': 0.11887761554556275}. Best is trial 136 with value: 11948667.8256346.
[I 2025-01-01 21:21:33,449] Trial 216 finished with value: 11980160.856919214 and parameters: {'max_depth': 8, 'alpha': 0.00013294360713740088, 'lambda': 0.3465063251168358, 'eta': 0.14124460069078654}. Best is trial 136 with value: 11948667.8256346.
[I 2025-01-01 21:21:47,589] Trial 217 finished with value: 11998452.529609354 and parameters: {'max_depth': 9, 'alpha': 0.0002564686879313714, 'lambda': 0.503604321819727, 'eta': 0.12133916342680467}. Best is trial 136 with value: 11948667.8256346.
[I 2025-01-01 21:21:58,627] Trial 218 finished with value: 11960358.313984942 and parameters: {'max_depth': 8, 'alpha': 0.0001295476413148453, 'lambda': 0.6499691243610841, 'eta': 0.13140594751408172}. Best is trial 136 with value: 11948667.8256346.
[I 2025-01-01 21:22:08,987] Trial 219 finished with value: 11972777.32615462 and parameters: {'max_depth': 8, 'alpha': 0.00011829132720035622, 'lambda': 0.2073410190476548, 'eta': 0.13052359614194375}. Best is trial 136 with value: 11948667.8256346.
[I 2025-01-01 21:22:17,978] Trial 220 finished with value: 11955803.780540474 and parameters: {'max_depth': 7, 'alpha': 9.266184571719133e-05, 'lambda': 0.5482047559987457, 'eta': 0.13783028974100056}. Best is trial 136 with value: 11948667.8256346.
[I 2025-01-01 21:22:27,015] Trial 221 finished with value: 11963230.96451762 and parameters: {'max_depth': 7, 'alpha': 8.892593369722805e-05, 'lambda': 0.5455599308904674, 'eta': 0.1332020039712106}. Best is trial 136 with value: 11948667.8256346.
[I 2025-01-01 21:22:35,093] Trial 222 finished with value: 11970279.624508888 and parameters: {'max_depth': 7, 'alpha': 0.00013895983404340175, 'lambda': 0.41321771951372127, 'eta': 0.14802509009085482}. Best is trial 136 with value: 11948667.8256346.
[I 2025-01-01 21:22:45,261] Trial 223 finished with value: 11958738.96097163 and parameters: {'max_depth': 8, 'alpha': 4.160383496195442e-05, 'lambda': 0.6803162717217396, 'eta': 0.14005086562450675}. Best is trial 136 with value: 11948667.8256346.
[I 2025-01-01 21:22:54,255] Trial 224 finished with value: 11964412.868379403 and parameters: {'max_depth': 7, 'alpha': 3.698171914121007e-05, 'lambda': 0.2877430551719819, 'eta': 0.1386113473741436}. Best is trial 136 with value: 11948667.8256346.
[I 2025-01-01 21:23:04,628] Trial 225 finished with value: 11957580.763856685 and parameters: {'max_depth': 8, 'alpha': 5.1130260418063104e-05, 'lambda': 0.647138848445572, 'eta': 0.13842531550016338}. Best is trial 136 with value: 11948667.8256346.
[I 2025-01-01 21:23:15,216] Trial 226 finished with value: 11949427.836774653 and parameters: {'max_depth': 8, 'alpha': 2.356115039677266e-05, 'lambda': 0.6500240939961321, 'eta': 0.13881846527240524}. Best is trial 136 with value: 11948667.8256346.
[I 2025-01-01 21:23:23,580] Trial 227 finished with value: 11956140.129549012 and parameters: {'max_depth': 7, 'alpha': 2.5063052349972332e-05, 'lambda': 0.6991287468149306, 'eta': 0.14968122777799175}. Best is trial 136 with value: 11948667.8256346.
[I 2025-01-01 21:23:32,422] Trial 228 finished with value: 11956411.958988136 and parameters: {'max_depth': 7, 'alpha': 1.958933320988606e-05, 'lambda': 0.6588908080919664, 'eta': 0.15274477283669155}. Best is trial 136 with value: 11948667.8256346.
[I 2025-01-01 21:23:39,791] Trial 229 finished with value: 11949703.260072526 and parameters: {'max_depth': 7, 'alpha': 2.313451448725341e-05, 'lambda': 0.680017807082325, 'eta': 0.16743255621722225}. Best is trial 136 with value: 11948667.8256346.
[I 2025-01-01 21:23:47,555] Trial 230 finished with value: 11977341.497058682 and parameters: {'max_depth': 7, 'alpha': 1.7241599632036556e-05, 'lambda': 0.3412710174482636, 'eta': 0.16921558953900143}. Best is trial 136 with value: 11948667.8256346.
[I 2025-01-01 21:23:55,577] Trial 231 finished with value: 11955516.798228988 and parameters: {'max_depth': 7, 'alpha': 1.499005626735851e-05, 'lambda': 0.7176497518277656, 'eta': 0.1522652530028938}. Best is trial 136 with value: 11948667.8256346.
[I 2025-01-01 21:24:03,112] Trial 232 finished with value: 11951770.759675832 and parameters: {'max_depth': 7, 'alpha': 1.4805477760515272e-05, 'lambda': 0.6529966255857852, 'eta': 0.1561482133121784}. Best is trial 136 with value: 11948667.8256346.
[I 2025-01-01 21:24:11,676] Trial 233 finished with value: 11954280.545671098 and parameters: {'max_depth': 7, 'alpha': 1.0998111601354426e-05, 'lambda': 0.7049220596906624, 'eta': 0.15631976653624993}. Best is trial 136 with value: 11948667.8256346.
[I 2025-01-01 21:24:20,231] Trial 234 finished with value: 11944405.466730792 and parameters: {'max_depth': 7, 'alpha': 1.1640247669567992e-05, 'lambda': 0.7247662959484991, 'eta': 0.15619570109892808}. Best is trial 234 with value: 11944405.466730792.
[I 2025-01-01 21:24:27,852] Trial 235 finished with value: 11949478.58034927 and parameters: {'max_depth': 7, 'alpha': 6.416791281387568e-06, 'lambda': 0.7067532051955118, 'eta': 0.16623955517877317}. Best is trial 234 with value: 11944405.466730792.
[I 2025-01-01 21:24:35,473] Trial 236 finished with value: 11964630.27079171 and parameters: {'max_depth': 7, 'alpha': 9.340980503222024e-06, 'lambda': 0.7007672148114825, 'eta': 0.1566791588510805}. Best is trial 234 with value: 11944405.466730792.
[I 2025-01-01 21:24:42,666] Trial 237 finished with value: 11960442.716387745 and parameters: {'max_depth': 7, 'alpha': 1.6697945085781542e-05, 'lambda': 0.44923060621815525, 'eta': 0.17309199683574353}. Best is trial 234 with value: 11944405.466730792.
[I 2025-01-01 21:24:51,148] Trial 238 finished with value: 11947436.216333274 and parameters: {'max_depth': 7, 'alpha': 1.1939331421699758e-05, 'lambda': 0.7119955561550019, 'eta': 0.1546572370865806}. Best is trial 234 with value: 11944405.466730792.
[I 2025-01-01 21:24:59,016] Trial 239 finished with value: 11953295.938745636 and parameters: {'max_depth': 7, 'alpha': 5.6236501117466e-06, 'lambda': 0.40556880996965017, 'eta': 0.1654848650889001}. Best is trial 234 with value: 11944405.466730792.
[I 2025-01-01 21:25:06,702] Trial 240 finished with value: 11957003.717646074 and parameters: {'max_depth': 7, 'alpha': 5.014431717354765e-06, 'lambda': 0.3889788354151976, 'eta': 0.16357341489117241}. Best is trial 234 with value: 11944405.466730792.
[I 2025-01-01 21:25:13,648] Trial 241 finished with value: 11977708.546272768 and parameters: {'max_depth': 7, 'alpha': 4.946139173694232e-06, 'lambda': 0.3673328841769254, 'eta': 0.16507423264175514}. Best is trial 234 with value: 11944405.466730792.
[I 2025-01-01 21:25:20,958] Trial 242 finished with value: 11964177.725134151 and parameters: {'max_depth': 7, 'alpha': 5.219529098335048e-06, 'lambda': 0.4653471828556501, 'eta': 0.18013680962162937}. Best is trial 234 with value: 11944405.466730792.
[I 2025-01-01 21:25:29,368] Trial 243 finished with value: 11940284.879298385 and parameters: {'max_depth': 7, 'alpha': 2.501872792976626e-05, 'lambda': 0.7068883934789407, 'eta': 0.15366279388332343}. Best is trial 243 with value: 11940284.879298385.
[I 2025-01-01 21:25:37,718] Trial 244 finished with value: 11948953.587786283 and parameters: {'max_depth': 7, 'alpha': 1.1390960572341572e-05, 'lambda': 0.7626081387148398, 'eta': 0.1511079032680545}. Best is trial 243 with value: 11940284.879298385.
[I 2025-01-01 21:25:45,896] Trial 245 finished with value: 11945151.328001957 and parameters: {'max_depth': 7, 'alpha': 2.491683344943428e-05, 'lambda': 0.8083112497832227, 'eta': 0.15751582192780758}. Best is trial 243 with value: 11940284.879298385.
[I 2025-01-01 21:25:53,932] Trial 246 finished with value: 11956644.09325919 and parameters: {'max_depth': 7, 'alpha': 2.3449552878869062e-05, 'lambda': 0.7398106569060656, 'eta': 0.15218512967557912}. Best is trial 243 with value: 11940284.879298385.
[I 2025-01-01 21:26:03,148] Trial 247 finished with value: 11941737.935766324 and parameters: {'max_depth': 7, 'alpha': 1.1507866206623646e-05, 'lambda': 0.718679495575255, 'eta': 0.15284646721129339}. Best is trial 243 with value: 11940284.879298385.
[I 2025-01-01 21:26:12,496] Trial 248 finished with value: 11933311.861720938 and parameters: {'max_depth': 7, 'alpha': 1.2568566310657386e-05, 'lambda': 0.9889560577340516, 'eta': 0.1541618257465987}. Best is trial 248 with value: 11933311.861720938.
[I 2025-01-01 21:26:21,197] Trial 249 finished with value: 11942715.813637549 and parameters: {'max_depth': 7, 'alpha': 1.2108646066208109e-05, 'lambda': 0.8091778544643429, 'eta': 0.1516535342484554}. Best is trial 248 with value: 11933311.861720938.
