[I 2025-01-01 20:43:20,948] Using an existing study with name 'XGBoost_House_Prices_Nominal' instead of creating a new one.
[I 2025-01-01 20:43:28,493] Trial 1 finished with value: 689056463.5175841 and parameters: {'max_depth': 5, 'alpha': 0.0023506077940994284, 'lambda': 0.006139388629462587, 'eta': 0.029163583429172024}. Best is trial 1 with value: 689056463.5175841.
[I 2025-01-01 20:43:59,782] Trial 2 finished with value: 951808457.3526344 and parameters: {'max_depth': 8, 'alpha': 0.00012164005102418514, 'lambda': 7.900655584894743e-06, 'eta': 0.011254678981361633}. Best is trial 1 with value: 689056463.5175841.
[I 2025-01-01 20:44:04,107] Trial 3 finished with value: 727164891.2639415 and parameters: {'max_depth': 2, 'alpha': 1.4185296371531674e-06, 'lambda': 4.237325482413499e-07, 'eta': 0.02375608820264817}. Best is trial 1 with value: 689056463.5175841.
[I 2025-01-01 20:44:36,213] Trial 4 finished with value: 953005465.8419079 and parameters: {'max_depth': 8, 'alpha': 7.581296253126641e-07, 'lambda': 9.97139430087842e-05, 'eta': 0.011385662422653446}. Best is trial 1 with value: 689056463.5175841.
[I 2025-01-01 20:44:41,026] Trial 5 finished with value: 740964720.8270319 and parameters: {'max_depth': 3, 'alpha': 0.00015638803302353173, 'lambda': 0.8449043673238608, 'eta': 0.013840373031866717}. Best is trial 1 with value: 689056463.5175841.
[I 2025-01-01 20:44:46,451] Trial 6 finished with value: 1045703724.3619919 and parameters: {'max_depth': 9, 'alpha': 7.977839914924454e-06, 'lambda': 1.2742600225701706e-05, 'eta': 0.2827285304442022}. Best is trial 1 with value: 689056463.5175841.
[I 2025-01-01 20:44:48,196] Trial 7 finished with value: 758422400.6340818 and parameters: {'max_depth': 2, 'alpha': 3.794890437268563e-08, 'lambda': 0.1061223598842102, 'eta': 0.22115176918398208}. Best is trial 1 with value: 689056463.5175841.
[I 2025-01-01 20:44:50,359] Trial 8 finished with value: 675162348.9654026 and parameters: {'max_depth': 3, 'alpha': 1.4448051086033544e-05, 'lambda': 2.9470247557686834e-05, 'eta': 0.18801853957815345}. Best is trial 8 with value: 675162348.9654026.
[I 2025-01-01 20:44:56,600] Trial 9 finished with value: 918299442.6356947 and parameters: {'max_depth': 8, 'alpha': 0.2025897948570728, 'lambda': 0.0032591443893091004, 'eta': 0.1406111140159554}. Best is trial 8 with value: 675162348.9654026.
[I 2025-01-01 20:44:59,139] Trial 10 finished with value: 699424975.6449968 and parameters: {'max_depth': 2, 'alpha': 0.04633691967864669, 'lambda': 1.3176208509506243e-05, 'eta': 0.10701648865845835}. Best is trial 8 with value: 675162348.9654026.
[I 2025-01-01 20:45:02,624] Trial 11 finished with value: 652034081.4380465 and parameters: {'max_depth': 4, 'alpha': 1.2412841443727718e-08, 'lambda': 3.396488786273252e-08, 'eta': 0.06700549743854067}. Best is trial 11 with value: 652034081.4380465.
[I 2025-01-01 20:45:05,886] Trial 12 finished with value: 643017039.9250307 and parameters: {'max_depth': 4, 'alpha': 1.1186181816082411e-08, 'lambda': 1.6753158402334627e-08, 'eta': 0.06884923000993214}. Best is trial 12 with value: 643017039.9250307.
[I 2025-01-01 20:45:10,399] Trial 13 finished with value: 670055176.6817528 and parameters: {'max_depth': 5, 'alpha': 1.0289969399571236e-08, 'lambda': 1.0246760761472495e-08, 'eta': 0.06380283635207726}. Best is trial 12 with value: 643017039.9250307.
[I 2025-01-01 20:45:14,228] Trial 14 finished with value: 652936462.1711918 and parameters: {'max_depth': 4, 'alpha': 1.0411224509420116e-07, 'lambda': 1.0179127292451107e-08, 'eta': 0.05845562998727977}. Best is trial 12 with value: 643017039.9250307.
[I 2025-01-01 20:45:17,015] Trial 15 finished with value: 646842405.5584508 and parameters: {'max_depth': 4, 'alpha': 1.5950405915469863e-07, 'lambda': 2.9570970609284697e-07, 'eta': 0.08985736528694464}. Best is trial 12 with value: 643017039.9250307.
[I 2025-01-01 20:45:54,699] Trial 16 finished with value: 1396667126.1297827 and parameters: {'max_depth': 12, 'alpha': 3.1134841367212213e-07, 'lambda': 2.50942173822684e-07, 'eta': 0.0950668405064278}. Best is trial 12 with value: 643017039.9250307.
[I 2025-01-01 20:45:59,192] Trial 17 finished with value: 641355375.1938512 and parameters: {'max_depth': 3, 'alpha': 4.560817459584279e-06, 'lambda': 5.865605843690601e-07, 'eta': 0.03510293582751415}. Best is trial 17 with value: 641355375.1938512.
[I 2025-01-01 20:46:03,714] Trial 18 finished with value: 649212922.6171682 and parameters: {'max_depth': 3, 'alpha': 0.001739601005972919, 'lambda': 1.1384028929963258e-06, 'eta': 0.03432618598144913}. Best is trial 17 with value: 641355375.1938512.
[I 2025-01-01 20:46:12,752] Trial 19 finished with value: 759842940.5247552 and parameters: {'max_depth': 6, 'alpha': 6.90694743241225e-06, 'lambda': 7.71748152260152e-08, 'eta': 0.040200957496474295}. Best is trial 17 with value: 641355375.1938512.
[I 2025-01-01 20:46:17,545] Trial 20 finished with value: 670553608.0815369 and parameters: {'max_depth': 3, 'alpha': 0.0007146224760710101, 'lambda': 1.970846401874622e-06, 'eta': 0.01910192249640001}. Best is trial 17 with value: 641355375.1938512.
[I 2025-01-01 20:46:23,922] Trial 21 finished with value: 742360097.1824112 and parameters: {'max_depth': 6, 'alpha': 2.1481582433008677e-06, 'lambda': 0.0006336547894913355, 'eta': 0.044512407464727156}. Best is trial 17 with value: 641355375.1938512.
[I 2025-01-01 20:46:27,262] Trial 22 finished with value: 646798634.3067827 and parameters: {'max_depth': 4, 'alpha': 1.4347775909298467e-07, 'lambda': 6.83415644102235e-08, 'eta': 0.08962839644549213}. Best is trial 17 with value: 641355375.1938512.
[I 2025-01-01 20:46:30,328] Trial 23 finished with value: 714812392.9046589 and parameters: {'max_depth': 5, 'alpha': 6.1048292962069e-08, 'lambda': 6.291884580120721e-08, 'eta': 0.1309214647377444}. Best is trial 17 with value: 641355375.1938512.
[I 2025-01-01 20:46:33,438] Trial 24 finished with value: 639449293.9773072 and parameters: {'max_depth': 3, 'alpha': 4.4303522277964455e-07, 'lambda': 2.4536990930450663e-06, 'eta': 0.07598608919501061}. Best is trial 24 with value: 639449293.9773072.
[I 2025-01-01 20:46:37,539] Trial 25 finished with value: 624861838.0785546 and parameters: {'max_depth': 3, 'alpha': 3.163845903517872e-05, 'lambda': 2.2492624334010208e-06, 'eta': 0.04739191877903436}. Best is trial 25 with value: 624861838.0785546.
[I 2025-01-01 20:46:41,008] Trial 26 finished with value: 642850373.3569546 and parameters: {'max_depth': 3, 'alpha': 2.6804896229278165e-05, 'lambda': 2.8159207122023957e-06, 'eta': 0.04446215841219495}. Best is trial 25 with value: 624861838.0785546.
[I 2025-01-01 20:46:45,009] Trial 27 finished with value: 758021130.6784523 and parameters: {'max_depth': 2, 'alpha': 3.327293156369618e-05, 'lambda': 6.425106905657302e-05, 'eta': 0.019434137588103174}. Best is trial 25 with value: 624861838.0785546.
[I 2025-01-01 20:46:48,788] Trial 28 finished with value: 632945921.8928351 and parameters: {'max_depth': 3, 'alpha': 2.820350650173245e-06, 'lambda': 0.0002903305252221124, 'eta': 0.049824133075230696}. Best is trial 25 with value: 624861838.0785546.
[I 2025-01-01 20:46:52,900] Trial 29 finished with value: 643887901.7279966 and parameters: {'max_depth': 3, 'alpha': 4.830024840407928e-07, 'lambda': 0.00023023675314186705, 'eta': 0.05346250488846854}. Best is trial 25 with value: 624861838.0785546.
[I 2025-01-01 20:47:03,142] Trial 30 finished with value: 758906348.1983637 and parameters: {'max_depth': 6, 'alpha': 0.008987021791768577, 'lambda': 0.013400512950561235, 'eta': 0.028056418277617245}. Best is trial 25 with value: 624861838.0785546.
[I 2025-01-01 20:47:06,463] Trial 31 finished with value: 701266299.5258229 and parameters: {'max_depth': 5, 'alpha': 0.0003763296522030066, 'lambda': 0.0005753333414869479, 'eta': 0.07729367292494703}. Best is trial 25 with value: 624861838.0785546.
[I 2025-01-01 20:47:10,666] Trial 32 finished with value: 661485268.8998005 and parameters: {'max_depth': 3, 'alpha': 2.5206717908792403e-06, 'lambda': 2.786569630023673e-06, 'eta': 0.033297022539465405}. Best is trial 25 with value: 624861838.0785546.
[I 2025-01-01 20:47:14,787] Trial 33 finished with value: 625380751.3939711 and parameters: {'max_depth': 3, 'alpha': 5.8222298484592165e-05, 'lambda': 7.790651410182399e-07, 'eta': 0.04697183623520342}. Best is trial 25 with value: 624861838.0785546.
[I 2025-01-01 20:47:18,826] Trial 34 finished with value: 682135138.2298833 and parameters: {'max_depth': 2, 'alpha': 7.215105148430546e-05, 'lambda': 5.0165355846759125e-06, 'eta': 0.049478470647876915}. Best is trial 25 with value: 624861838.0785546.
[I 2025-01-01 20:47:24,098] Trial 35 finished with value: 641812943.7701519 and parameters: {'max_depth': 4, 'alpha': 9.134387180001937e-07, 'lambda': 2.5141328250251537e-05, 'eta': 0.029113354484236475}. Best is trial 25 with value: 624861838.0785546.
[I 2025-01-01 20:47:29,038] Trial 36 finished with value: 674943287.7047318 and parameters: {'max_depth': 5, 'alpha': 0.00010191466426826136, 'lambda': 0.00020658729384853962, 'eta': 0.0530214428923701}. Best is trial 25 with value: 624861838.0785546.
[I 2025-01-01 20:47:31,420] Trial 37 finished with value: 659349180.635065 and parameters: {'max_depth': 3, 'alpha': 0.00036044172290983163, 'lambda': 0.0022336751179349865, 'eta': 0.11958054064422284}. Best is trial 25 with value: 624861838.0785546.
[I 2025-01-01 20:47:35,750] Trial 38 finished with value: 743380263.8251284 and parameters: {'max_depth': 2, 'alpha': 3.3227476787123826e-05, 'lambda': 7.021611998818584e-07, 'eta': 0.021615876568492592}. Best is trial 25 with value: 624861838.0785546.
[I 2025-01-01 20:47:38,449] Trial 39 finished with value: 662101118.9373224 and parameters: {'max_depth': 3, 'alpha': 1.5530802131580235e-05, 'lambda': 8.221769258067475e-06, 'eta': 0.07666474119685827}. Best is trial 25 with value: 624861838.0785546.
[I 2025-01-01 20:47:42,285] Trial 40 finished with value: 875342852.476402 and parameters: {'max_depth': 7, 'alpha': 3.3804847234952646e-06, 'lambda': 3.91568928693098e-05, 'eta': 0.1598634316336818}. Best is trial 25 with value: 624861838.0785546.
[I 2025-01-01 20:48:48,645] Trial 41 finished with value: 1271323053.6846757 and parameters: {'max_depth': 10, 'alpha': 1.0394257530223065e-06, 'lambda': 1.7483592128439464e-07, 'eta': 0.014814829646733464}. Best is trial 25 with value: 624861838.0785546.
[I 2025-01-01 20:48:52,868] Trial 42 finished with value: 623238664.0453135 and parameters: {'max_depth': 3, 'alpha': 5.636728459326341e-06, 'lambda': 5.714379400990781e-07, 'eta': 0.038708781428211235}. Best is trial 42 with value: 623238664.0453135.
[I 2025-01-01 20:48:56,940] Trial 43 finished with value: 650593993.3949391 and parameters: {'max_depth': 3, 'alpha': 9.92789945070703e-06, 'lambda': 1.0838695387731517e-06, 'eta': 0.04198083738662596}. Best is trial 42 with value: 623238664.0453135.
[I 2025-01-01 20:49:02,382] Trial 44 finished with value: 651737612.3279477 and parameters: {'max_depth': 4, 'alpha': 5.971993687143721e-05, 'lambda': 1.6203467957098134e-05, 'eta': 0.02667740634652515}. Best is trial 42 with value: 623238664.0453135.
[I 2025-01-01 20:49:06,403] Trial 45 finished with value: 700700659.5843842 and parameters: {'max_depth': 2, 'alpha': 6.318546053418371e-06, 'lambda': 0.01929468389466757, 'eta': 0.038028652194207264}. Best is trial 42 with value: 623238664.0453135.
[I 2025-01-01 20:49:09,771] Trial 46 finished with value: 677392988.4633654 and parameters: {'max_depth': 3, 'alpha': 0.00015891928925671403, 'lambda': 7.677361627501501e-06, 'eta': 0.05887119034687077}. Best is trial 42 with value: 623238664.0453135.
[I 2025-01-01 20:49:13,133] Trial 47 finished with value: 635543014.5905585 and parameters: {'max_depth': 4, 'alpha': 1.7519059200027987e-05, 'lambda': 0.00012575443765319147, 'eta': 0.07568352360051658}. Best is trial 42 with value: 623238664.0453135.
[I 2025-01-01 20:49:17,505] Trial 48 finished with value: 645509976.5235195 and parameters: {'max_depth': 4, 'alpha': 1.511062755497662e-05, 'lambda': 0.00012094924476447424, 'eta': 0.048069492227564084}. Best is trial 42 with value: 623238664.0453135.
[I 2025-01-01 20:49:21,067] Trial 49 finished with value: 624974760.6856955 and parameters: {'max_depth': 4, 'alpha': 0.0002603315953810074, 'lambda': 0.0010214263706353796, 'eta': 0.06538471148851781}. Best is trial 42 with value: 623238664.0453135.
[I 2025-01-01 20:49:24,788] Trial 50 finished with value: 698388592.3127978 and parameters: {'max_depth': 5, 'alpha': 0.003836315557717598, 'lambda': 0.0009393167836750173, 'eta': 0.06018735699390261}. Best is trial 42 with value: 623238664.0453135.
