Traceback (most recent call last):
  File "train.py", line 186, in <module>
    main(arguments)
  File "train.py", line 145, in main
    X, y = load_data(args)
  File "/home/mburu/Master_Thesis/master-thesis-da/DNN_Trial/utils/load_data.py", line 279, in load_data
    X[:, num_idx] = scaler.fit_transform(X[:, num_idx])
  File "/home/mburu/.local/lib/python3.8/site-packages/sklearn/utils/_set_output.py", line 157, in wrapped
    data_to_wrap = f(self, X, *args, **kwargs)
  File "/home/mburu/.local/lib/python3.8/site-packages/sklearn/base.py", line 916, in fit_transform
    return self.fit(X, **fit_params).transform(X)
  File "/home/mburu/.local/lib/python3.8/site-packages/sklearn/preprocessing/_data.py", line 839, in fit
    return self.partial_fit(X, y, sample_weight)
  File "/home/mburu/.local/lib/python3.8/site-packages/sklearn/base.py", line 1152, in wrapper
    return fit_method(estimator, *args, **kwargs)
  File "/home/mburu/.local/lib/python3.8/site-packages/sklearn/preprocessing/_data.py", line 875, in partial_fit
    X = self._validate_data(
  File "/home/mburu/.local/lib/python3.8/site-packages/sklearn/base.py", line 605, in _validate_data
    out = check_array(X, input_name="X", **check_params)
  File "/home/mburu/.local/lib/python3.8/site-packages/sklearn/utils/validation.py", line 915, in check_array
    array = _asarray_with_order(array, order=order, dtype=dtype, xp=xp)
  File "/home/mburu/.local/lib/python3.8/site-packages/sklearn/utils/_array_api.py", line 380, in _asarray_with_order
    array = numpy.asarray(array, order=order, dtype=dtype)
ValueError: could not convert string to float: 'Sao Paulo'
srun: error: stud-000: task 0: Exited with exit code 1
[I 2024-12-27 13:37:43,587] Using an existing study with name 'XGBoost_House_Sales' instead of creating a new one.
[I 2024-12-27 13:37:51,312] Trial 100 finished with value: 14634479205.767029 and parameters: {'max_depth': 7, 'alpha': 0.12039247532681656, 'lambda': 0.19485615239545215, 'eta': 0.13434901953844697}. Best is trial 33 with value: 14185966243.44665.
[I 2024-12-27 13:37:56,981] Trial 101 finished with value: 14692643570.124203 and parameters: {'max_depth': 5, 'alpha': 0.04079190576692627, 'lambda': 0.09185915025595151, 'eta': 0.05779376747638333}. Best is trial 33 with value: 14185966243.44665.
[I 2024-12-27 13:38:02,763] Trial 102 finished with value: 14606179342.404175 and parameters: {'max_depth': 5, 'alpha': 0.010993862175384974, 'lambda': 0.00038819741680814454, 'eta': 0.05561828298593287}. Best is trial 33 with value: 14185966243.44665.
[I 2024-12-27 13:38:07,902] Trial 103 finished with value: 14762914528.792288 and parameters: {'max_depth': 5, 'alpha': 0.062132977685762536, 'lambda': 0.0017395696266837375, 'eta': 0.07331710425269174}. Best is trial 33 with value: 14185966243.44665.
[I 2024-12-27 13:38:17,343] Trial 104 finished with value: 14643767049.931787 and parameters: {'max_depth': 6, 'alpha': 0.001357690949967322, 'lambda': 0.0034449985648311895, 'eta': 0.0433502874757824}. Best is trial 33 with value: 14185966243.44665.
[I 2024-12-27 13:38:22,193] Trial 105 finished with value: 14366486624.296635 and parameters: {'max_depth': 5, 'alpha': 0.18998987634942638, 'lambda': 0.0288893136285292, 'eta': 0.0834602796446879}. Best is trial 33 with value: 14185966243.44665.
[I 2024-12-27 13:38:27,403] Trial 106 finished with value: 14676500051.912098 and parameters: {'max_depth': 6, 'alpha': 0.019252163455264797, 'lambda': 2.646605065208116e-07, 'eta': 0.10101044841031522}. Best is trial 33 with value: 14185966243.44665.
[I 2024-12-27 13:38:31,630] Trial 107 finished with value: 14794672357.111135 and parameters: {'max_depth': 4, 'alpha': 0.0003885352577220367, 'lambda': 0.0007368457788657319, 'eta': 0.08897838352232777}. Best is trial 33 with value: 14185966243.44665.
[I 2024-12-27 13:38:36,918] Trial 108 finished with value: 14610757015.73637 and parameters: {'max_depth': 5, 'alpha': 0.03511907681043041, 'lambda': 0.01590835232390367, 'eta': 0.0691555442448047}. Best is trial 33 with value: 14185966243.44665.
[I 2024-12-27 13:38:44,121] Trial 109 finished with value: 14712861217.406805 and parameters: {'max_depth': 6, 'alpha': 0.2826451271294692, 'lambda': 0.04971889226045169, 'eta': 0.06096116348973899}. Best is trial 33 with value: 14185966243.44665.
[I 2024-12-27 13:39:06,080] Trial 110 finished with value: 17324798023.84198 and parameters: {'max_depth': 10, 'alpha': 0.0005780265739782387, 'lambda': 0.0011587724715395437, 'eta': 0.10953980219217428}. Best is trial 33 with value: 14185966243.44665.
[I 2024-12-27 13:39:10,731] Trial 111 finished with value: 15066561155.604944 and parameters: {'max_depth': 5, 'alpha': 0.16126308625071695, 'lambda': 0.00011937985869808904, 'eta': 0.08269352801353431}. Best is trial 33 with value: 14185966243.44665.
[I 2024-12-27 13:39:15,055] Trial 112 finished with value: 14753080928.7768 and parameters: {'max_depth': 5, 'alpha': 2.705841080135878e-08, 'lambda': 0.028323057946171275, 'eta': 0.09577247430481384}. Best is trial 33 with value: 14185966243.44665.
[I 2024-12-27 13:39:19,534] Trial 113 finished with value: 14790968990.055613 and parameters: {'max_depth': 5, 'alpha': 0.08595577769248829, 'lambda': 0.31353412943824277, 'eta': 0.08450099349314008}. Best is trial 33 with value: 14185966243.44665.
[I 2024-12-27 13:39:24,706] Trial 114 finished with value: 14621977029.242182 and parameters: {'max_depth': 6, 'alpha': 0.20789465290701714, 'lambda': 0.02660628477900853, 'eta': 0.11944693099279734}. Best is trial 33 with value: 14185966243.44665.
[I 2024-12-27 13:39:28,355] Trial 115 finished with value: 15598071055.838139 and parameters: {'max_depth': 4, 'alpha': 0.6227560040119262, 'lambda': 0.011331580448412343, 'eta': 0.07691843231983549}. Best is trial 33 with value: 14185966243.44665.
[I 2024-12-27 13:39:31,405] Trial 116 finished with value: 19189138953.95022 and parameters: {'max_depth': 2, 'alpha': 0.0728064481150527, 'lambda': 0.006778219514416871, 'eta': 0.091443102117428}. Best is trial 33 with value: 14185966243.44665.
[I 2024-12-27 13:39:43,383] Trial 117 finished with value: 14842099633.106684 and parameters: {'max_depth': 7, 'alpha': 0.14349173238142524, 'lambda': 0.04258233904364423, 'eta': 0.04869020381692287}. Best is trial 33 with value: 14185966243.44665.
[I 2024-12-27 13:39:48,886] Trial 118 finished with value: 14912056966.993021 and parameters: {'max_depth': 6, 'alpha': 0.003922610010336824, 'lambda': 0.002214105011158956, 'eta': 0.1026659864465164}. Best is trial 33 with value: 14185966243.44665.
[I 2024-12-27 13:40:05,903] Trial 119 finished with value: 15972115899.146688 and parameters: {'max_depth': 8, 'alpha': 3.042572597087671e-06, 'lambda': 0.00029405086181993054, 'eta': 0.0534787357827942}. Best is trial 33 with value: 14185966243.44665.
[I 2024-12-27 13:40:11,963] Trial 120 finished with value: 14803612034.270859 and parameters: {'max_depth': 5, 'alpha': 0.0002556826289087986, 'lambda': 0.003766322732554254, 'eta': 0.03847210211682676}. Best is trial 33 with value: 14185966243.44665.
[I 2024-12-27 13:40:15,688] Trial 121 finished with value: 14998924211.14245 and parameters: {'max_depth': 5, 'alpha': 0.0008402839447183602, 'lambda': 0.005386752048291836, 'eta': 0.1114063225060812}. Best is trial 33 with value: 14185966243.44665.
[I 2024-12-27 13:40:19,371] Trial 122 finished with value: 14432537196.241764 and parameters: {'max_depth': 5, 'alpha': 9.478600195529053e-05, 'lambda': 0.018357217463767474, 'eta': 0.1261975658148541}. Best is trial 33 with value: 14185966243.44665.
[I 2024-12-27 13:40:23,971] Trial 123 finished with value: 14657885022.829071 and parameters: {'max_depth': 5, 'alpha': 0.0005163430088309201, 'lambda': 0.07755296035274807, 'eta': 0.09919469472736443}. Best is trial 33 with value: 14185966243.44665.
[I 2024-12-27 13:40:29,573] Trial 124 finished with value: 14839862794.998465 and parameters: {'max_depth': 5, 'alpha': 0.0002836346196216606, 'lambda': 0.009017252377528972, 'eta': 0.08258922873973157}. Best is trial 33 with value: 14185966243.44665.
[I 2024-12-27 13:40:36,188] Trial 125 finished with value: 14430704140.692226 and parameters: {'max_depth': 6, 'alpha': 0.00016711848420118325, 'lambda': 0.12774291226898524, 'eta': 0.08764582958002069}. Best is trial 33 with value: 14185966243.44665.
[I 2024-12-27 13:40:40,421] Trial 126 finished with value: 15253844361.11449 and parameters: {'max_depth': 4, 'alpha': 0.3573641780719028, 'lambda': 0.000478565468536013, 'eta': 0.06519642025588646}. Best is trial 33 with value: 14185966243.44665.
[I 2024-12-27 13:40:47,830] Trial 127 finished with value: 14514436582.6211 and parameters: {'max_depth': 6, 'alpha': 0.0016444752951354608, 'lambda': 0.0026660042388239294, 'eta': 0.07233274856873358}. Best is trial 33 with value: 14185966243.44665.
[I 2024-12-27 13:40:52,722] Trial 128 finished with value: 14505246785.06857 and parameters: {'max_depth': 5, 'alpha': 0.05309418388052972, 'lambda': 0.00147932856653667, 'eta': 0.09532207752339236}. Best is trial 33 with value: 14185966243.44665.
[I 2024-12-27 13:40:58,282] Trial 129 finished with value: 14500278228.57674 and parameters: {'max_depth': 6, 'alpha': 0.008761778196293733, 'lambda': 0.03247075943400676, 'eta': 0.10363538485849523}. Best is trial 33 with value: 14185966243.44665.
[I 2024-12-27 13:41:02,882] Trial 130 finished with value: 14615688796.108326 and parameters: {'max_depth': 5, 'alpha': 0.013060442838153205, 'lambda': 0.005610025938988761, 'eta': 0.07922621969587514}. Best is trial 33 with value: 14185966243.44665.
[I 2024-12-27 13:41:08,413] Trial 131 finished with value: 14524227472.500376 and parameters: {'max_depth': 5, 'alpha': 0.0018493783634706959, 'lambda': 0.07212666243826753, 'eta': 0.06859866520213304}. Best is trial 33 with value: 14185966243.44665.
[I 2024-12-27 13:41:13,403] Trial 132 finished with value: 14815690971.486868 and parameters: {'max_depth': 5, 'alpha': 0.005325145271676543, 'lambda': 0.051883499430974436, 'eta': 0.06148532383946975}. Best is trial 33 with value: 14185966243.44665.
[I 2024-12-27 13:41:21,286] Trial 133 finished with value: 14459586031.337738 and parameters: {'max_depth': 6, 'alpha': 0.0021746238205951137, 'lambda': 0.014328990646337823, 'eta': 0.0577689405080368}. Best is trial 33 with value: 14185966243.44665.
[I 2024-12-27 13:41:25,112] Trial 134 finished with value: 15129205497.013678 and parameters: {'max_depth': 4, 'alpha': 0.00038744585247158783, 'lambda': 0.00016542270166906644, 'eta': 0.07465236917459925}. Best is trial 33 with value: 14185966243.44665.
[I 2024-12-27 13:41:32,997] Trial 135 finished with value: 15176658347.811335 and parameters: {'max_depth': 7, 'alpha': 0.0011265000520575788, 'lambda': 0.0008363935542846042, 'eta': 0.09094390686714078}. Best is trial 33 with value: 14185966243.44665.
[I 2024-12-27 13:41:38,158] Trial 136 finished with value: 14725602049.860577 and parameters: {'max_depth': 5, 'alpha': 0.0028029256176921743, 'lambda': 0.022506801304590256, 'eta': 0.06764319130995133}. Best is trial 33 with value: 14185966243.44665.
[I 2024-12-27 13:41:44,762] Trial 137 finished with value: 14708948797.251328 and parameters: {'max_depth': 6, 'alpha': 0.029180796517528248, 'lambda': 0.1779404236582122, 'eta': 0.0822006375863856}. Best is trial 33 with value: 14185966243.44665.
[I 2024-12-27 13:41:49,523] Trial 138 finished with value: 14475772167.69337 and parameters: {'max_depth': 5, 'alpha': 0.020678591453189572, 'lambda': 0.10571451653528684, 'eta': 0.10884756619330582}. Best is trial 33 with value: 14185966243.44665.
[I 2024-12-27 13:41:54,308] Trial 139 finished with value: 14691509599.127132 and parameters: {'max_depth': 5, 'alpha': 0.0007244681511113338, 'lambda': 0.04799204314855559, 'eta': 0.11681561333492466}. Best is trial 33 with value: 14185966243.44665.
[I 2024-12-27 13:42:00,877] Trial 140 finished with value: 16389756465.300205 and parameters: {'max_depth': 5, 'alpha': 0.0004954359868143233, 'lambda': 0.009810428120198039, 'eta': 0.013005559519661947}. Best is trial 33 with value: 14185966243.44665.
[I 2024-12-27 13:42:06,415] Trial 141 finished with value: 14550531996.25647 and parameters: {'max_depth': 5, 'alpha': 0.5027732027431151, 'lambda': 0.01628786544482363, 'eta': 0.06967292826113393}. Best is trial 33 with value: 14185966243.44665.
[I 2024-12-27 13:42:11,673] Trial 142 finished with value: 14493843404.78685 and parameters: {'max_depth': 5, 'alpha': 0.2065387418560613, 'lambda': 0.036077688111373275, 'eta': 0.07330878221340704}. Best is trial 33 with value: 14185966243.44665.
[I 2024-12-27 13:42:19,061] Trial 143 finished with value: 14075350094.497763 and parameters: {'max_depth': 6, 'alpha': 0.25668131140669154, 'lambda': 0.02674780468060959, 'eta': 0.08671522082046093}. Best is trial 143 with value: 14075350094.497763.
[I 2024-12-27 13:42:24,837] Trial 144 finished with value: 14693887677.456354 and parameters: {'max_depth': 6, 'alpha': 0.2630084003701733, 'lambda': 0.059555376553807646, 'eta': 0.09560822829946744}. Best is trial 143 with value: 14075350094.497763.
[I 2024-12-27 13:42:34,050] Trial 145 finished with value: 14691119358.493122 and parameters: {'max_depth': 6, 'alpha': 0.11897190220635592, 'lambda': 0.0033540825771722874, 'eta': 0.04568380741565398}. Best is trial 143 with value: 14075350094.497763.
[I 2024-12-27 13:42:42,175] Trial 146 finished with value: 15023112478.033249 and parameters: {'max_depth': 7, 'alpha': 0.006815766398649632, 'lambda': 0.0235819683911702, 'eta': 0.07890582845630854}. Best is trial 143 with value: 14075350094.497763.
[I 2024-12-27 13:42:49,297] Trial 147 finished with value: 15331047190.137323 and parameters: {'max_depth': 7, 'alpha': 6.913398285095696e-05, 'lambda': 0.0021343882100729908, 'eta': 0.08800320029951804}. Best is trial 143 with value: 14075350094.497763.
[I 2024-12-27 13:42:54,410] Trial 148 finished with value: 14634838881.219967 and parameters: {'max_depth': 6, 'alpha': 0.099332526062941, 'lambda': 0.0012673609166957262, 'eta': 0.09978336933434996}. Best is trial 143 with value: 14075350094.497763.
[I 2024-12-27 13:42:57,423] Trial 149 finished with value: 15734986932.490381 and parameters: {'max_depth': 6, 'alpha': 0.9738928544375329, 'lambda': 0.0006027612382437067, 'eta': 0.2895820673158256}. Best is trial 143 with value: 14075350094.497763.
[I 2024-12-27 13:43:02,506] Trial 150 finished with value: 14110112200.672318 and parameters: {'max_depth': 5, 'alpha': 0.30554549431175343, 'lambda': 0.03533267206629798, 'eta': 0.08422239466978704}. Best is trial 143 with value: 14075350094.497763.
[I 2024-12-27 13:43:07,159] Trial 151 finished with value: 14426966870.570301 and parameters: {'max_depth': 5, 'alpha': 0.36401946228427323, 'lambda': 0.031206940010576684, 'eta': 0.08659557977642951}. Best is trial 143 with value: 14075350094.497763.
[I 2024-12-27 13:43:12,238] Trial 152 finished with value: 14577560566.339258 and parameters: {'max_depth': 5, 'alpha': 0.5636906332093349, 'lambda': 0.10580710822414727, 'eta': 0.09478096653657853}. Best is trial 143 with value: 14075350094.497763.
[I 2024-12-27 13:43:15,799] Trial 153 finished with value: 15122443534.802053 and parameters: {'max_depth': 4, 'alpha': 0.17700699367006012, 'lambda': 0.05035310608522335, 'eta': 0.08402336740429275}. Best is trial 143 with value: 14075350094.497763.
[I 2024-12-27 13:43:24,513] Trial 154 finished with value: 14499900708.76976 and parameters: {'max_depth': 6, 'alpha': 0.06572578202323032, 'lambda': 0.012281648518005056, 'eta': 0.05141525534689899}. Best is trial 143 with value: 14075350094.497763.
[I 2024-12-27 13:43:28,362] Trial 155 finished with value: 14836943507.90306 and parameters: {'max_depth': 5, 'alpha': 0.25114113032233015, 'lambda': 0.08229376479364874, 'eta': 0.10680153694452757}. Best is trial 143 with value: 14075350094.497763.
[I 2024-12-27 13:43:33,677] Trial 156 finished with value: 14466123568.141352 and parameters: {'max_depth': 5, 'alpha': 0.00014412823811337777, 'lambda': 0.022005554355029298, 'eta': 0.06323965967702422}. Best is trial 143 with value: 14075350094.497763.
[I 2024-12-27 13:43:38,596] Trial 157 finished with value: 14715290122.831726 and parameters: {'max_depth': 5, 'alpha': 0.14472647466839225, 'lambda': 0.008450072965036179, 'eta': 0.07630582450433372}. Best is trial 143 with value: 14075350094.497763.
[I 2024-12-27 13:43:45,214] Trial 158 finished with value: 14542336731.57136 and parameters: {'max_depth': 6, 'alpha': 0.098292431551052, 'lambda': 0.03850299038738832, 'eta': 0.0899923111143929}. Best is trial 143 with value: 14075350094.497763.
[I 2024-12-27 13:43:48,531] Trial 159 finished with value: 15209629543.663214 and parameters: {'max_depth': 4, 'alpha': 0.342369964584108, 'lambda': 0.00032860088032417913, 'eta': 0.12930698032865834}. Best is trial 143 with value: 14075350094.497763.
[I 2024-12-27 13:43:56,861] Trial 160 finished with value: 14510496332.658916 and parameters: {'max_depth': 6, 'alpha': 0.0036695750623791826, 'lambda': 0.001686338504353503, 'eta': 0.0562927970573741}. Best is trial 143 with value: 14075350094.497763.
[I 2024-12-27 13:44:01,570] Trial 161 finished with value: 14586900292.42866 and parameters: {'max_depth': 5, 'alpha': 0.2502582252178414, 'lambda': 0.01610764612935654, 'eta': 0.0708781610056224}. Best is trial 143 with value: 14075350094.497763.
[I 2024-12-27 13:44:07,016] Trial 162 finished with value: 14284032367.299627 and parameters: {'max_depth': 5, 'alpha': 0.47662064882481525, 'lambda': 0.004392378646788999, 'eta': 0.07790349229219214}. Best is trial 143 with value: 14075350094.497763.
[I 2024-12-27 13:44:12,403] Trial 163 finished with value: 14476349422.369686 and parameters: {'max_depth': 5, 'alpha': 0.44592199667125276, 'lambda': 0.00427200898665898, 'eta': 0.07910113990852863}. Best is trial 143 with value: 14075350094.497763.
[I 2024-12-27 13:44:17,494] Trial 164 finished with value: 14674593713.941776 and parameters: {'max_depth': 5, 'alpha': 0.6638221714994015, 'lambda': 0.006246578161646977, 'eta': 0.1006969147558756}. Best is trial 143 with value: 14075350094.497763.
[I 2024-12-27 13:44:22,760] Trial 165 finished with value: 14219245243.262238 and parameters: {'max_depth': 5, 'alpha': 0.0013315374294545924, 'lambda': 0.002851403176509125, 'eta': 0.09349393577748218}. Best is trial 143 with value: 14075350094.497763.
[I 2024-12-27 13:44:27,958] Trial 166 finished with value: 14748512756.973536 and parameters: {'max_depth': 6, 'alpha': 0.00020869778071107127, 'lambda': 0.005632606539295752, 'eta': 0.09449946933200755}. Best is trial 143 with value: 14075350094.497763.
[I 2024-12-27 13:44:32,400] Trial 167 finished with value: 14718300773.459637 and parameters: {'max_depth': 5, 'alpha': 0.000984069627850449, 'lambda': 0.002582484313321913, 'eta': 0.11564428739186638}. Best is trial 143 with value: 14075350094.497763.
[I 2024-12-27 13:44:37,161] Trial 168 finished with value: 14638743283.94775 and parameters: {'max_depth': 5, 'alpha': 0.1491297848200172, 'lambda': 0.003940592636272288, 'eta': 0.10644401091331707}. Best is trial 143 with value: 14075350094.497763.
[I 2024-12-27 13:45:04,656] Trial 169 finished with value: 17316984937.55656 and parameters: {'max_depth': 10, 'alpha': 0.047557252933303484, 'lambda': 0.0008797136553470487, 'eta': 0.08554612161119322}. Best is trial 143 with value: 14075350094.497763.
[I 2024-12-27 13:45:10,766] Trial 170 finished with value: 14453848778.704712 and parameters: {'max_depth': 6, 'alpha': 0.0003547444763613485, 'lambda': 0.002924670574229825, 'eta': 0.09210925221043126}. Best is trial 143 with value: 14075350094.497763.
[I 2024-12-27 13:45:15,840] Trial 171 finished with value: 14684084595.704784 and parameters: {'max_depth': 5, 'alpha': 0.0007197920434390552, 'lambda': 0.0015739356952392052, 'eta': 0.08124976680229719}. Best is trial 143 with value: 14075350094.497763.
[I 2024-12-27 13:45:19,825] Trial 172 finished with value: 15388059808.830997 and parameters: {'max_depth': 5, 'alpha': 0.001414479804511704, 'lambda': 0.06619306233581325, 'eta': 0.10054923165726815}. Best is trial 143 with value: 14075350094.497763.
[I 2024-12-27 13:45:25,873] Trial 173 finished with value: 14568424515.917105 and parameters: {'max_depth': 5, 'alpha': 4.4592311208777426e-05, 'lambda': 0.010887741964110555, 'eta': 0.0758875027415884}. Best is trial 143 with value: 14075350094.497763.
[I 2024-12-27 13:45:31,488] Trial 174 finished with value: 14640269475.11227 and parameters: {'max_depth': 5, 'alpha': 0.00216340344496249, 'lambda': 0.037468906667083836, 'eta': 0.06580511525772081}. Best is trial 143 with value: 14075350094.497763.
[I 2024-12-27 13:45:37,258] Trial 175 finished with value: 14453610155.030142 and parameters: {'max_depth': 5, 'alpha': 0.4481635771748256, 'lambda': 9.103760624805512e-05, 'eta': 0.060309296106916516}. Best is trial 143 with value: 14075350094.497763.
[I 2024-12-27 13:45:42,305] Trial 176 finished with value: 14757684604.65743 and parameters: {'max_depth': 5, 'alpha': 0.0005202648222426204, 'lambda': 0.027840751274463966, 'eta': 0.08661418682851157}. Best is trial 143 with value: 14075350094.497763.
[I 2024-12-27 13:45:49,372] Trial 177 finished with value: 14471630733.424488 and parameters: {'max_depth': 6, 'alpha': 0.0012457333898640984, 'lambda': 0.007642338780975185, 'eta': 0.09398145896975538}. Best is trial 143 with value: 14075350094.497763.
[I 2024-12-27 13:45:56,564] Trial 178 finished with value: 14354844428.229223 and parameters: {'max_depth': 6, 'alpha': 0.18759705900111306, 'lambda': 0.0009852917338980449, 'eta': 0.08089338091211931}. Best is trial 143 with value: 14075350094.497763.
[I 2024-12-27 13:46:02,215] Trial 179 finished with value: 14385823783.82359 and parameters: {'max_depth': 6, 'alpha': 0.22872212483518478, 'lambda': 0.00043725350049021163, 'eta': 0.11148759328459076}. Best is trial 143 with value: 14075350094.497763.
[I 2024-12-27 13:46:09,692] Trial 180 finished with value: 14405381402.915615 and parameters: {'max_depth': 6, 'alpha': 0.6915832042023417, 'lambda': 0.0010209421506420795, 'eta': 0.08264230972136691}. Best is trial 143 with value: 14075350094.497763.
[I 2024-12-27 13:46:15,397] Trial 181 finished with value: 14648902440.826435 and parameters: {'max_depth': 5, 'alpha': 0.18606321571861228, 'lambda': 0.002058373728061614, 'eta': 0.0902194140309957}. Best is trial 143 with value: 14075350094.497763.
[I 2024-12-27 13:46:21,143] Trial 182 finished with value: 14353803554.093655 and parameters: {'max_depth': 5, 'alpha': 0.30863139445088417, 'lambda': 0.0014352328353896776, 'eta': 0.07890789688285522}. Best is trial 143 with value: 14075350094.497763.
[I 2024-12-27 13:46:26,643] Trial 183 finished with value: 14685877317.165201 and parameters: {'max_depth': 6, 'alpha': 0.31504668651219414, 'lambda': 0.0011272941909096397, 'eta': 0.09976037761199427}. Best is trial 143 with value: 14075350094.497763.
[I 2024-12-27 13:46:32,180] Trial 184 finished with value: 14554475557.135782 and parameters: {'max_depth': 5, 'alpha': 0.124819277673523, 'lambda': 0.0006748728925504078, 'eta': 0.07929738641576836}. Best is trial 143 with value: 14075350094.497763.
[I 2024-12-27 13:46:35,517] Trial 185 finished with value: 18887991747.65742 and parameters: {'max_depth': 2, 'alpha': 0.30988610685021817, 'lambda': 0.004229567490136153, 'eta': 0.08617742972612408}. Best is trial 143 with value: 14075350094.497763.
[I 2024-12-27 13:46:40,597] Trial 186 finished with value: 14855963659.468454 and parameters: {'max_depth': 6, 'alpha': 0.48661316764679546, 'lambda': 0.0013542892367142273, 'eta': 0.11971137663879221}. Best is trial 143 with value: 14075350094.497763.
[I 2024-12-27 13:46:45,353] Trial 187 finished with value: 14434498386.673237 and parameters: {'max_depth': 5, 'alpha': 0.08573004189511144, 'lambda': 0.0022000729563510023, 'eta': 0.07364839425826539}. Best is trial 143 with value: 14075350094.497763.
[I 2024-12-27 13:46:50,372] Trial 188 finished with value: 14565350854.221424 and parameters: {'max_depth': 5, 'alpha': 0.1932056562007893, 'lambda': 0.002961822311360154, 'eta': 0.09578224895611358}. Best is trial 143 with value: 14075350094.497763.
[I 2024-12-27 13:46:58,130] Trial 189 finished with value: 15090571848.821712 and parameters: {'max_depth': 7, 'alpha': 0.014750111584325163, 'lambda': 0.00021786741951220124, 'eta': 0.08942599340364085}. Best is trial 143 with value: 14075350094.497763.
[I 2024-12-27 13:47:29,756] Trial 190 finished with value: 18358568927.38758 and parameters: {'max_depth': 11, 'alpha': 0.16099611045345164, 'lambda': 0.0018085750846452999, 'eta': 0.10557593192446867}. Best is trial 143 with value: 14075350094.497763.
[I 2024-12-27 13:47:35,379] Trial 191 finished with value: 14351905063.628775 and parameters: {'max_depth': 5, 'alpha': 0.32299865436093106, 'lambda': 0.0007498587962745175, 'eta': 0.06763594115583853}. Best is trial 143 with value: 14075350094.497763.
[I 2024-12-27 13:47:40,611] Trial 192 finished with value: 14546549384.438532 and parameters: {'max_depth': 5, 'alpha': 0.32367310908685415, 'lambda': 0.0009137092219737135, 'eta': 0.0811270523359028}. Best is trial 143 with value: 14075350094.497763.
[I 2024-12-27 13:47:46,968] Trial 193 finished with value: 14425418453.957178 and parameters: {'max_depth': 5, 'alpha': 0.7175388310173261, 'lambda': 0.0004008152817339667, 'eta': 0.0695888782544037}. Best is trial 143 with value: 14075350094.497763.
[I 2024-12-27 13:47:54,027] Trial 194 finished with value: 14330923921.032537 and parameters: {'max_depth': 6, 'alpha': 0.3899450899854512, 'lambda': 0.0006540415486177745, 'eta': 0.07885743425977237}. Best is trial 143 with value: 14075350094.497763.
[I 2024-12-27 13:48:02,153] Trial 195 finished with value: 14519243055.701838 and parameters: {'max_depth': 6, 'alpha': 0.4320167862930068, 'lambda': 0.0005811699900404554, 'eta': 0.06384756482059634}. Best is trial 143 with value: 14075350094.497763.
[I 2024-12-27 13:48:09,798] Trial 196 finished with value: 14677686178.618198 and parameters: {'max_depth': 6, 'alpha': 0.25502722426267704, 'lambda': 0.0005190199158139495, 'eta': 0.07605384781885509}. Best is trial 143 with value: 14075350094.497763.
[I 2024-12-27 13:48:16,828] Trial 197 finished with value: 14673489798.873621 and parameters: {'max_depth': 6, 'alpha': 0.9818731286138153, 'lambda': 0.00027722818347114845, 'eta': 0.07143065398485768}. Best is trial 143 with value: 14075350094.497763.
[I 2024-12-27 13:48:26,646] Trial 198 finished with value: 14555260185.990112 and parameters: {'max_depth': 6, 'alpha': 0.10915420821138566, 'lambda': 0.0010429661599293742, 'eta': 0.05288911608902728}. Best is trial 143 with value: 14075350094.497763.
[I 2024-12-27 13:48:34,964] Trial 199 finished with value: 14328578317.785574 and parameters: {'max_depth': 6, 'alpha': 0.5636747756622076, 'lambda': 0.0007368526042482431, 'eta': 0.08260504927873175}. Best is trial 143 with value: 14075350094.497763.
