Traceback (most recent call last):
  File "train.py", line 185, in <module>
    main(arguments)
  File "train.py", line 144, in main
    X, y = load_data(args)
  File "/home/mburu/Master_Thesis/master-thesis-da/DNN_Trial/utils/load_data.py", line 241, in load_data
    print(X.shape)
UnboundLocalError: local variable 'X' referenced before assignment
srun: error: stud-000: task 0: Exited with exit code 1
[I 2024-12-20 16:45:07,186] A new study created in RDB with name: XGBoost_Abalone
[I 2024-12-20 16:45:10,811] Trial 0 finished with value: 4.6345539977079016 and parameters: {'max_depth': 3, 'alpha': 0.019859760168907985, 'lambda': 0.07361917532664378, 'eta': 0.01692454114349687}. Best is trial 0 with value: 4.6345539977079016.
[I 2024-12-20 16:45:14,373] Trial 1 finished with value: 4.68068446889823 and parameters: {'max_depth': 3, 'alpha': 4.848316709274409e-06, 'lambda': 1.8472466186489088e-06, 'eta': 0.012156626751267408}. Best is trial 0 with value: 4.6345539977079016.
[I 2024-12-20 16:45:21,002] Trial 2 finished with value: 4.629292976538762 and parameters: {'max_depth': 6, 'alpha': 7.195142844103834e-07, 'lambda': 3.2598569339456154e-08, 'eta': 0.013258859225669934}. Best is trial 2 with value: 4.629292976538762.
[I 2024-12-20 16:45:22,678] Trial 3 finished with value: 4.592706672050466 and parameters: {'max_depth': 5, 'alpha': 0.6220216291208428, 'lambda': 0.7278414867690935, 'eta': 0.08915637951010023}. Best is trial 3 with value: 4.592706672050466.
[I 2024-12-20 16:46:42,218] Trial 4 finished with value: 5.348487649217578 and parameters: {'max_depth': 12, 'alpha': 2.2358467618390627e-06, 'lambda': 0.07820967658557557, 'eta': 0.011759826772731874}. Best is trial 3 with value: 4.592706672050466.
[I 2024-12-20 16:47:07,379] Trial 5 finished with value: 5.056417422474561 and parameters: {'max_depth': 12, 'alpha': 0.2866241148446796, 'lambda': 0.26585281963990814, 'eta': 0.028444753590445893}. Best is trial 3 with value: 4.592706672050466.
[I 2024-12-20 16:47:10,443] Trial 6 finished with value: 4.595689196171076 and parameters: {'max_depth': 3, 'alpha': 1.3808510370225658e-08, 'lambda': 1.3261143329861086e-05, 'eta': 0.02518660132434302}. Best is trial 3 with value: 4.592706672050466.
[I 2024-12-20 16:47:13,103] Trial 7 finished with value: 4.582204865509706 and parameters: {'max_depth': 4, 'alpha': 0.0034777699811258693, 'lambda': 0.000500332561544705, 'eta': 0.02854129830137857}. Best is trial 7 with value: 4.582204865509706.
[I 2024-12-20 16:47:17,623] Trial 8 finished with value: 4.5677079185602745 and parameters: {'max_depth': 5, 'alpha': 0.0008849080987207539, 'lambda': 8.533797838960754e-08, 'eta': 0.015112546809301904}. Best is trial 8 with value: 4.5677079185602745.
[I 2024-12-20 16:47:20,346] Trial 9 finished with value: 4.968574842886307 and parameters: {'max_depth': 8, 'alpha': 7.932850458052098e-07, 'lambda': 0.17687497511906575, 'eta': 0.14593581452410295}. Best is trial 8 with value: 4.5677079185602745.
[I 2024-12-20 16:47:21,449] Trial 10 finished with value: 4.681473665397737 and parameters: {'max_depth': 2, 'alpha': 0.00033201224757875667, 'lambda': 1.0290989083783318e-08, 'eta': 0.2943119241088317}. Best is trial 8 with value: 4.5677079185602745.
[I 2024-12-20 16:47:23,619] Trial 11 finished with value: 4.560533655791191 and parameters: {'max_depth': 4, 'alpha': 0.001126839343059781, 'lambda': 0.000547433809251505, 'eta': 0.040276493174804036}. Best is trial 11 with value: 4.560533655791191.
[I 2024-12-20 16:47:27,459] Trial 12 finished with value: 4.759939500711335 and parameters: {'max_depth': 7, 'alpha': 0.00018865653948316695, 'lambda': 0.0010825530830129665, 'eta': 0.054331499710745336}. Best is trial 11 with value: 4.560533655791191.
[I 2024-12-20 16:47:29,914] Trial 13 finished with value: 4.575235242301363 and parameters: {'max_depth': 4, 'alpha': 0.004592821358509914, 'lambda': 4.221735091163719e-07, 'eta': 0.0461853746308473}. Best is trial 11 with value: 4.560533655791191.
[I 2024-12-20 16:47:31,870] Trial 14 finished with value: 4.630258972950356 and parameters: {'max_depth': 2, 'alpha': 4.047211056545819e-05, 'lambda': 0.003951487255109446, 'eta': 0.0846813488501268}. Best is trial 11 with value: 4.560533655791191.
[I 2024-12-20 16:47:36,118] Trial 15 finished with value: 4.56397252939033 and parameters: {'max_depth': 5, 'alpha': 0.055948684072585665, 'lambda': 3.995288073915035e-05, 'eta': 0.01898318147298646}. Best is trial 11 with value: 4.560533655791191.
[I 2024-12-20 16:47:45,942] Trial 16 finished with value: 4.985425325529438 and parameters: {'max_depth': 9, 'alpha': 0.04295585218882733, 'lambda': 3.32977351859981e-05, 'eta': 0.03764555269222087}. Best is trial 11 with value: 4.560533655791191.
[I 2024-12-20 16:47:49,214] Trial 17 finished with value: 4.574018745625416 and parameters: {'max_depth': 4, 'alpha': 0.05299462865061329, 'lambda': 0.008176655801960992, 'eta': 0.020966797172083253}. Best is trial 11 with value: 4.560533655791191.
[I 2024-12-20 16:47:51,432] Trial 18 finished with value: 4.62681709939412 and parameters: {'max_depth': 6, 'alpha': 2.4110240633246162e-05, 'lambda': 0.00011308108174530055, 'eta': 0.07134736848678591}. Best is trial 11 with value: 4.560533655791191.
[I 2024-12-20 16:47:52,812] Trial 19 finished with value: 4.61859130726379 and parameters: {'max_depth': 3, 'alpha': 0.006108207691738602, 'lambda': 4.44633881202384e-06, 'eta': 0.12365579076283542}. Best is trial 11 with value: 4.560533655791191.
[I 2024-12-20 16:47:55,429] Trial 20 finished with value: 4.594698892887244 and parameters: {'max_depth': 5, 'alpha': 0.15901324038000997, 'lambda': 9.078025370082815e-05, 'eta': 0.03514613311859443}. Best is trial 11 with value: 4.560533655791191.
[I 2024-12-20 16:47:59,934] Trial 21 finished with value: 4.5774629895047045 and parameters: {'max_depth': 5, 'alpha': 0.0006370805654384362, 'lambda': 2.4018501594750567e-07, 'eta': 0.01574586091136781}. Best is trial 11 with value: 4.560533655791191.
[I 2024-12-20 16:48:05,216] Trial 22 finished with value: 4.62982800216601 and parameters: {'max_depth': 6, 'alpha': 0.0011128037587307357, 'lambda': 1.4877747290278775e-07, 'eta': 0.019746906484458364}. Best is trial 11 with value: 4.560533655791191.
[I 2024-12-20 16:48:09,295] Trial 23 finished with value: 4.612550473071432 and parameters: {'max_depth': 4, 'alpha': 0.013413295144068796, 'lambda': 0.006844186130370235, 'eta': 0.010085852017119782}. Best is trial 11 with value: 4.560533655791191.
[I 2024-12-20 16:48:25,266] Trial 24 finished with value: 5.014183526717756 and parameters: {'max_depth': 9, 'alpha': 0.0007268664396865652, 'lambda': 0.0002677819131751492, 'eta': 0.022716386282261247}. Best is trial 11 with value: 4.560533655791191.
[I 2024-12-20 16:48:28,139] Trial 25 finished with value: 4.587803443175948 and parameters: {'max_depth': 5, 'alpha': 0.001688630681581635, 'lambda': 1.5327152041955395e-06, 'eta': 0.03504867874868467}. Best is trial 11 with value: 4.560533655791191.
[I 2024-12-20 16:48:36,319] Trial 26 finished with value: 4.733180827468324 and parameters: {'max_depth': 7, 'alpha': 4.303794794010121e-05, 'lambda': 1.5038340920258728e-05, 'eta': 0.01624402606910689}. Best is trial 11 with value: 4.560533655791191.
[I 2024-12-20 16:48:39,750] Trial 27 finished with value: 4.765921151676854 and parameters: {'max_depth': 7, 'alpha': 0.1084895046065699, 'lambda': 0.001158307400422535, 'eta': 0.053258808256484866}. Best is trial 11 with value: 4.560533655791191.
[I 2024-12-20 16:48:42,310] Trial 28 finished with value: 4.578253223872798 and parameters: {'max_depth': 5, 'alpha': 0.9671897526033345, 'lambda': 0.02272955027970111, 'eta': 0.04092825710441802}. Best is trial 11 with value: 4.560533655791191.
[I 2024-12-20 16:48:45,640] Trial 29 finished with value: 4.633667526606297 and parameters: {'max_depth': 3, 'alpha': 0.016077208909393903, 'lambda': 5.280722352552966e-08, 'eta': 0.016535927420829773}. Best is trial 11 with value: 4.560533655791191.
[I 2024-12-20 16:48:50,434] Trial 30 finished with value: 4.6283598741074625 and parameters: {'max_depth': 6, 'alpha': 9.428656492407854e-05, 'lambda': 1.2223719841388441e-06, 'eta': 0.01982594461379305}. Best is trial 11 with value: 4.560533655791191.
[I 2024-12-20 16:48:53,769] Trial 31 finished with value: 4.5604180857032315 and parameters: {'max_depth': 4, 'alpha': 0.0393319929540219, 'lambda': 0.005874796163070822, 'eta': 0.02117896312184281}. Best is trial 31 with value: 4.5604180857032315.
[I 2024-12-20 16:48:56,484] Trial 32 finished with value: 4.547322277017564 and parameters: {'max_depth': 4, 'alpha': 0.029871955138646204, 'lambda': 0.030525118400987573, 'eta': 0.028377600069628865}. Best is trial 32 with value: 4.547322277017564.
[I 2024-12-20 16:48:58,917] Trial 33 finished with value: 4.573777200080893 and parameters: {'max_depth': 4, 'alpha': 0.03817152963663118, 'lambda': 0.033674310995262934, 'eta': 0.02948543032692902}. Best is trial 32 with value: 4.547322277017564.
[I 2024-12-20 16:49:00,959] Trial 34 finished with value: 4.574962274971471 and parameters: {'max_depth': 3, 'alpha': 0.012035380135820981, 'lambda': 0.0024514717640645566, 'eta': 0.06642148253544007}. Best is trial 32 with value: 4.547322277017564.
[I 2024-12-20 16:49:03,982] Trial 35 finished with value: 4.563254092696001 and parameters: {'max_depth': 4, 'alpha': 0.26071597577000355, 'lambda': 0.00019028676775437192, 'eta': 0.025332166734310647}. Best is trial 32 with value: 4.547322277017564.
[I 2024-12-20 16:49:06,670] Trial 36 finished with value: 4.556436720777205 and parameters: {'max_depth': 4, 'alpha': 0.16148374172302332, 'lambda': 0.01849674256927079, 'eta': 0.030696721195092105}. Best is trial 32 with value: 4.547322277017564.
[I 2024-12-20 16:49:09,083] Trial 37 finished with value: 4.579910727548367 and parameters: {'max_depth': 3, 'alpha': 0.5472770927184675, 'lambda': 0.01482854712077676, 'eta': 0.047158884104834035}. Best is trial 32 with value: 4.547322277017564.
[I 2024-12-20 16:49:12,130] Trial 38 finished with value: 4.547844338516325 and parameters: {'max_depth': 4, 'alpha': 0.003244398934840345, 'lambda': 0.6095374728036421, 'eta': 0.030495190963717077}. Best is trial 32 with value: 4.547322277017564.
[I 2024-12-20 16:49:15,883] Trial 39 finished with value: 4.56810347361728 and parameters: {'max_depth': 6, 'alpha': 2.539259075793872e-08, 'lambda': 0.6535383756198461, 'eta': 0.03038586891100933}. Best is trial 32 with value: 4.547322277017564.
[I 2024-12-20 16:49:19,427] Trial 40 finished with value: 4.667201560826343 and parameters: {'max_depth': 3, 'alpha': 0.10785044239209678, 'lambda': 0.10648332629627445, 'eta': 0.013034122830748597}. Best is trial 32 with value: 4.547322277017564.
[I 2024-12-20 16:49:22,198] Trial 41 finished with value: 4.574494136754956 and parameters: {'max_depth': 4, 'alpha': 0.002557751068842697, 'lambda': 0.042693052670304085, 'eta': 0.023795396850545558}. Best is trial 32 with value: 4.547322277017564.
[I 2024-12-20 16:49:24,627] Trial 42 finished with value: 4.548345995158995 and parameters: {'max_depth': 4, 'alpha': 0.008301647856913466, 'lambda': 0.3011426399790546, 'eta': 0.043144062388537206}. Best is trial 32 with value: 4.547322277017564.
[I 2024-12-20 16:49:27,522] Trial 43 finished with value: 4.5869551287617165 and parameters: {'max_depth': 5, 'alpha': 0.008533796802270158, 'lambda': 0.5128509959552958, 'eta': 0.03237434186418312}. Best is trial 32 with value: 4.547322277017564.
[I 2024-12-20 16:49:30,364] Trial 44 finished with value: 4.562214364050801 and parameters: {'max_depth': 4, 'alpha': 0.03696676464473926, 'lambda': 0.18250979153544025, 'eta': 0.026385889687289683}. Best is trial 32 with value: 4.547322277017564.
[I 2024-12-20 16:49:32,312] Trial 45 finished with value: 4.572512081892058 and parameters: {'max_depth': 4, 'alpha': 0.3659625052250676, 'lambda': 0.07905334929090783, 'eta': 0.0640698185278307}. Best is trial 32 with value: 4.547322277017564.
[I 2024-12-20 16:49:34,702] Trial 46 finished with value: 4.578993555766828 and parameters: {'max_depth': 3, 'alpha': 0.021303137012966322, 'lambda': 0.9472130221273514, 'eta': 0.046219058419390564}. Best is trial 32 with value: 4.547322277017564.
[I 2024-12-20 16:49:37,439] Trial 47 finished with value: 4.638213305418503 and parameters: {'max_depth': 2, 'alpha': 0.0038141620040937916, 'lambda': 0.3039658041015101, 'eta': 0.04274258105272583}. Best is trial 32 with value: 4.547322277017564.
[I 2024-12-20 16:49:40,323] Trial 48 finished with value: 4.5790428568131585 and parameters: {'max_depth': 5, 'alpha': 0.16746540808902144, 'lambda': 0.06256383020484088, 'eta': 0.0327262943649283}. Best is trial 32 with value: 4.547322277017564.
[I 2024-12-20 16:49:41,871] Trial 49 finished with value: 4.966575654320999 and parameters: {'max_depth': 6, 'alpha': 0.07906536796882664, 'lambda': 0.012576246831387538, 'eta': 0.2822906292488535}. Best is trial 32 with value: 4.547322277017564.
[I 2024-12-20 16:50:04,330] Trial 50 finished with value: 5.0385495414579 and parameters: {'max_depth': 11, 'alpha': 0.024730741860142357, 'lambda': 0.2312640217857727, 'eta': 0.028013075671918127}. Best is trial 32 with value: 4.547322277017564.
[I 2024-12-20 16:50:06,403] Trial 51 finished with value: 4.593230186624027 and parameters: {'max_depth': 4, 'alpha': 0.0003241839594593642, 'lambda': 0.002438529310162044, 'eta': 0.055638198151842615}. Best is trial 32 with value: 4.547322277017564.
[I 2024-12-20 16:50:08,655] Trial 52 finished with value: 4.571196958443947 and parameters: {'max_depth': 4, 'alpha': 0.002305843961433307, 'lambda': 0.0006109099602999991, 'eta': 0.03839018630407779}. Best is trial 32 with value: 4.547322277017564.
[I 2024-12-20 16:50:12,185] Trial 53 finished with value: 4.557495405761725 and parameters: {'max_depth': 4, 'alpha': 0.006382039022983476, 'lambda': 0.00401499851052192, 'eta': 0.02172092628374264}. Best is trial 32 with value: 4.547322277017564.
[I 2024-12-20 16:50:15,782] Trial 54 finished with value: 4.562261459178287 and parameters: {'max_depth': 5, 'alpha': 0.005962890789872135, 'lambda': 0.12016173075590277, 'eta': 0.0229433483573313}. Best is trial 32 with value: 4.547322277017564.
[I 2024-12-20 16:50:19,063] Trial 55 finished with value: 4.578618594244153 and parameters: {'max_depth': 4, 'alpha': 0.00892151679254585, 'lambda': 0.005155285173640432, 'eta': 0.01892541782978232}. Best is trial 32 with value: 4.547322277017564.
[I 2024-12-20 16:50:22,543] Trial 56 finished with value: 4.659694793275122 and parameters: {'max_depth': 3, 'alpha': 0.025591638608775856, 'lambda': 0.023708504681860604, 'eta': 0.013732386030657845}. Best is trial 32 with value: 4.547322277017564.
[I 2024-12-20 16:50:26,573] Trial 57 finished with value: 4.571773258483991 and parameters: {'max_depth': 5, 'alpha': 6.58414197183472e-06, 'lambda': 0.39559680818650994, 'eta': 0.02201434587969792}. Best is trial 32 with value: 4.547322277017564.
[I 2024-12-20 16:50:30,235] Trial 58 finished with value: 4.57156982957485 and parameters: {'max_depth': 4, 'alpha': 0.23660706639710757, 'lambda': 0.01186119991940116, 'eta': 0.018284200800483163}. Best is trial 32 with value: 4.547322277017564.
[I 2024-12-20 16:50:33,442] Trial 59 finished with value: 4.57748261650544 and parameters: {'max_depth': 5, 'alpha': 0.08849944343280503, 'lambda': 0.046875884972889845, 'eta': 0.025544154853723272}. Best is trial 32 with value: 4.547322277017564.
[I 2024-12-20 16:50:37,481] Trial 60 finished with value: 4.627476275286012 and parameters: {'max_depth': 6, 'alpha': 0.0018157281881569808, 'lambda': 0.002847340163432416, 'eta': 0.034235216216268224}. Best is trial 32 with value: 4.547322277017564.
[I 2024-12-20 16:50:39,951] Trial 61 finished with value: 4.5772500229789825 and parameters: {'max_depth': 4, 'alpha': 0.0045729849067528494, 'lambda': 0.0012135578135749302, 'eta': 0.039895577345445445}. Best is trial 32 with value: 4.547322277017564.
[I 2024-12-20 16:50:42,093] Trial 62 finished with value: 4.582653860881959 and parameters: {'max_depth': 3, 'alpha': 0.0002767637171870154, 'lambda': 0.0006780900590596343, 'eta': 0.05189317904541132}. Best is trial 32 with value: 4.547322277017564.
[I 2024-12-20 16:50:44,863] Trial 63 finished with value: 4.563411544914576 and parameters: {'max_depth': 4, 'alpha': 0.0010644260879939325, 'lambda': 0.006069198863164331, 'eta': 0.03107632327713509}. Best is trial 32 with value: 4.547322277017564.
[I 2024-12-20 16:50:47,301] Trial 64 finished with value: 4.549840008142157 and parameters: {'max_depth': 4, 'alpha': 0.0005919952346026744, 'lambda': 0.02438620582697218, 'eta': 0.036490438625765224}. Best is trial 32 with value: 4.547322277017564.
[I 2024-12-20 16:50:50,561] Trial 65 finished with value: 4.570681154805301 and parameters: {'max_depth': 5, 'alpha': 0.00012164292096447215, 'lambda': 0.1317404831052017, 'eta': 0.0282795920924829}. Best is trial 32 with value: 4.547322277017564.
[I 2024-12-20 16:50:53,893] Trial 66 finished with value: 4.548049039884527 and parameters: {'max_depth': 4, 'alpha': 0.0004427188301566027, 'lambda': 0.994437407264682, 'eta': 0.021509982039778372}. Best is trial 32 with value: 4.547322277017564.
[I 2024-12-20 16:51:08,707] Trial 67 finished with value: 4.93618441694319 and parameters: {'max_depth': 11, 'alpha': 0.0005066007052531724, 'lambda': 0.9277069734525782, 'eta': 0.03513549653644056}. Best is trial 32 with value: 4.547322277017564.
[I 2024-12-20 16:51:11,037] Trial 68 finished with value: 4.551500979558571 and parameters: {'max_depth': 4, 'alpha': 0.0005834199120194486, 'lambda': 0.3837762465420979, 'eta': 0.04374211076741416}. Best is trial 32 with value: 4.547322277017564.
[I 2024-12-20 16:51:13,896] Trial 69 finished with value: 4.644133741794405 and parameters: {'max_depth': 7, 'alpha': 0.00010254135949461686, 'lambda': 0.3693035169697913, 'eta': 0.08426309882140645}. Best is trial 32 with value: 4.547322277017564.
[I 2024-12-20 16:51:18,250] Trial 70 finished with value: 4.833293262659195 and parameters: {'max_depth': 8, 'alpha': 0.0005307237635010563, 'lambda': 0.168214322189085, 'eta': 0.058154612068959555}. Best is trial 32 with value: 4.547322277017564.
[I 2024-12-20 16:51:20,313] Trial 71 finished with value: 4.563716053712666 and parameters: {'max_depth': 4, 'alpha': 0.0012981848379710432, 'lambda': 0.021545877341821323, 'eta': 0.04854251603554144}. Best is trial 32 with value: 4.547322277017564.
[I 2024-12-20 16:51:22,469] Trial 72 finished with value: 4.558738410566309 and parameters: {'max_depth': 4, 'alpha': 0.0029677740694505693, 'lambda': 0.4884301382917174, 'eta': 0.04426722429991586}. Best is trial 32 with value: 4.547322277017564.
[I 2024-12-20 16:51:25,370] Trial 73 finished with value: 4.584659795536184 and parameters: {'max_depth': 3, 'alpha': 0.0001509209032793202, 'lambda': 0.27754959775953697, 'eta': 0.02804143668331821}. Best is trial 32 with value: 4.547322277017564.
[I 2024-12-20 16:51:28,054] Trial 74 finished with value: 4.581500605434863 and parameters: {'max_depth': 5, 'alpha': 4.037277156580077e-05, 'lambda': 0.06678073718818266, 'eta': 0.037593631527074414}. Best is trial 32 with value: 4.547322277017564.
[I 2024-12-20 16:51:30,599] Trial 75 finished with value: 4.549315649028293 and parameters: {'max_depth': 4, 'alpha': 0.0005750114180357832, 'lambda': 0.032876981377111404, 'eta': 0.037386715998895474}. Best is trial 32 with value: 4.547322277017564.
[I 2024-12-20 16:51:33,431] Trial 76 finished with value: 4.57353395554607 and parameters: {'max_depth': 5, 'alpha': 0.0002084291105833263, 'lambda': 0.6520697452240788, 'eta': 0.0372311915002931}. Best is trial 32 with value: 4.547322277017564.
[I 2024-12-20 16:51:35,783] Trial 77 finished with value: 4.576760975984444 and parameters: {'max_depth': 4, 'alpha': 6.355487503724863e-05, 'lambda': 0.03134092399843115, 'eta': 0.042395048690184824}. Best is trial 32 with value: 4.547322277017564.
[I 2024-12-20 16:51:38,178] Trial 78 finished with value: 4.5943483848367705 and parameters: {'max_depth': 5, 'alpha': 0.0007133897806867394, 'lambda': 0.19305544960429913, 'eta': 0.05103233597107848}. Best is trial 32 with value: 4.547322277017564.
[I 2024-12-20 16:51:40,659] Trial 79 finished with value: 4.549247997096847 and parameters: {'max_depth': 4, 'alpha': 1.5864397811200057e-05, 'lambda': 0.08620384647224459, 'eta': 0.031236560368935424}. Best is trial 32 with value: 4.547322277017564.
[I 2024-12-20 16:51:43,797] Trial 80 finished with value: 4.557540067497476 and parameters: {'max_depth': 4, 'alpha': 4.275352969863282e-06, 'lambda': 0.10051250332247873, 'eta': 0.024172464237327246}. Best is trial 32 with value: 4.547322277017564.
[I 2024-12-20 16:51:46,123] Trial 81 finished with value: 4.57446173906219 and parameters: {'max_depth': 4, 'alpha': 0.00040125875740917416, 'lambda': 0.04088491424948425, 'eta': 0.03348273823923436}. Best is trial 32 with value: 4.547322277017564.
[I 2024-12-20 16:51:48,905] Trial 82 finished with value: 4.549232330582785 and parameters: {'max_depth': 4, 'alpha': 0.001292698501944984, 'lambda': 0.2899983205785688, 'eta': 0.031388198044221556}. Best is trial 32 with value: 4.547322277017564.
[I 2024-12-20 16:51:52,236] Trial 83 finished with value: 4.558085177964317 and parameters: {'max_depth': 4, 'alpha': 1.1397601473328223e-05, 'lambda': 0.311774109782864, 'eta': 0.02612761591394449}. Best is trial 32 with value: 4.547322277017564.
[I 2024-12-20 16:51:54,900] Trial 84 finished with value: 4.547026295444175 and parameters: {'max_depth': 4, 'alpha': 2.3259181306165186e-05, 'lambda': 0.5470942980860554, 'eta': 0.03590100817319336}. Best is trial 84 with value: 4.547026295444175.
[I 2024-12-20 16:51:57,622] Trial 85 finished with value: 4.588098612604909 and parameters: {'max_depth': 5, 'alpha': 1.0297439730354466e-05, 'lambda': 0.7768977853320064, 'eta': 0.03615926415816214}. Best is trial 84 with value: 4.547026295444175.
[I 2024-12-20 16:52:00,306] Trial 86 finished with value: 4.569395835817231 and parameters: {'max_depth': 4, 'alpha': 6.063881168193481e-07, 'lambda': 0.06915888879935993, 'eta': 0.030677613798917844}. Best is trial 84 with value: 4.547026295444175.
[I 2024-12-20 16:52:02,621] Trial 87 finished with value: 4.556796844460091 and parameters: {'max_depth': 4, 'alpha': 1.7921171510413638e-06, 'lambda': 0.17346013673067812, 'eta': 0.04015025776106106}. Best is trial 84 with value: 4.547026295444175.
[I 2024-12-20 16:52:06,030] Trial 88 finished with value: 4.612882275572266 and parameters: {'max_depth': 3, 'alpha': 2.3328220032050977e-05, 'lambda': 0.5461236038748551, 'eta': 0.017598345990798604}. Best is trial 84 with value: 4.547026295444175.
[I 2024-12-20 16:52:09,173] Trial 89 finished with value: 4.572833137552583 and parameters: {'max_depth': 5, 'alpha': 2.2690155845688068e-05, 'lambda': 0.10596789610894325, 'eta': 0.027130810453939735}. Best is trial 84 with value: 4.547026295444175.
[I 2024-12-20 16:52:12,161] Trial 90 finished with value: 4.548387359992332 and parameters: {'max_depth': 4, 'alpha': 6.539662104183552e-05, 'lambda': 0.242125927026242, 'eta': 0.0325972525180061}. Best is trial 84 with value: 4.547026295444175.
[I 2024-12-20 16:52:14,943] Trial 91 finished with value: 4.534989022559373 and parameters: {'max_depth': 4, 'alpha': 6.733954814306036e-05, 'lambda': 0.9788191208134558, 'eta': 0.03236164091103508}. Best is trial 91 with value: 4.534989022559373.
[I 2024-12-20 16:52:17,661] Trial 92 finished with value: 4.55023170195742 and parameters: {'max_depth': 4, 'alpha': 6.645137384935399e-05, 'lambda': 0.63247979435434, 'eta': 0.031908094296759684}. Best is trial 91 with value: 4.534989022559373.
[I 2024-12-20 16:52:21,146] Trial 93 finished with value: 4.547029669299418 and parameters: {'max_depth': 4, 'alpha': 5.0503769136763035e-05, 'lambda': 0.962013640465812, 'eta': 0.02021598345699168}. Best is trial 91 with value: 4.534989022559373.
[I 2024-12-20 16:52:24,675] Trial 94 finished with value: 4.558990140365445 and parameters: {'max_depth': 4, 'alpha': 3.7935726448485834e-05, 'lambda': 0.24820175098415398, 'eta': 0.020214410037602583}. Best is trial 91 with value: 4.534989022559373.
[I 2024-12-20 16:52:42,673] Trial 95 finished with value: 4.748610405355673 and parameters: {'max_depth': 9, 'alpha': 1.844880544762039e-05, 'lambda': 0.9271992951379536, 'eta': 0.014999589264720553}. Best is trial 91 with value: 4.534989022559373.
[I 2024-12-20 16:52:45,967] Trial 96 finished with value: 4.557170276351044 and parameters: {'max_depth': 4, 'alpha': 5.640385817492817e-05, 'lambda': 0.9939774242727787, 'eta': 0.023980533738616448}. Best is trial 91 with value: 4.534989022559373.
[I 2024-12-20 16:52:48,848] Trial 97 finished with value: 4.57978268913522 and parameters: {'max_depth': 5, 'alpha': 1.3884354734029319e-05, 'lambda': 0.5670065496524803, 'eta': 0.029229322066339533}. Best is trial 91 with value: 4.534989022559373.
[I 2024-12-20 16:52:52,162] Trial 98 finished with value: 4.579572113115624 and parameters: {'max_depth': 3, 'alpha': 0.00020243950506467742, 'lambda': 0.3899854656709988, 'eta': 0.02600952253104541}. Best is trial 91 with value: 4.534989022559373.
[I 2024-12-20 16:52:54,664] Trial 99 finished with value: 4.572601578850003 and parameters: {'max_depth': 4, 'alpha': 7.026271562560236e-06, 'lambda': 0.22977835717219075, 'eta': 0.03354716775917574}. Best is trial 91 with value: 4.534989022559373.
Traceback (most recent call last):
  File "train.py", line 185, in <module>
    main(arguments)
  File "train.py", line 144, in main
    X, y = load_data(args)
  File "/home/mburu/Master_Thesis/master-thesis-da/DNN_Trial/utils/load_data.py", line 241, in load_data
    print(X.shape)
UnboundLocalError: local variable 'X' referenced before assignment
srun: error: stud-000: task 0: Exited with exit code 1
Traceback (most recent call last):
  File "train.py", line 185, in <module>
    main(arguments)
  File "train.py", line 144, in main
    X, y = load_data(args)
  File "/home/mburu/Master_Thesis/master-thesis-da/DNN_Trial/utils/load_data.py", line 241, in load_data
    print(X.shape)
UnboundLocalError: local variable 'X' referenced before assignment
srun: error: stud-000: task 0: Exited with exit code 1
[I 2024-12-20 16:53:04,475] A new study created in RDB with name: XGBoost_MIP
[I 2024-12-20 16:53:08,957] Trial 0 finished with value: 739047.0216700856 and parameters: {'max_depth': 3, 'alpha': 7.292688377723419e-05, 'lambda': 0.0025074822038510525, 'eta': 0.022940432116468883}. Best is trial 0 with value: 739047.0216700856.
[I 2024-12-20 16:53:29,911] Trial 1 finished with value: 888256.1576924433 and parameters: {'max_depth': 10, 'alpha': 0.5498874293994545, 'lambda': 0.0005151774733440141, 'eta': 0.038211990032477196}. Best is trial 0 with value: 739047.0216700856.
[I 2024-12-20 16:53:34,236] Trial 2 finished with value: 762575.3416166326 and parameters: {'max_depth': 6, 'alpha': 8.043464021870775e-08, 'lambda': 3.08711808582476e-07, 'eta': 0.0862124397340755}. Best is trial 0 with value: 739047.0216700856.
[I 2024-12-20 16:53:36,577] Trial 3 finished with value: 740821.2629029121 and parameters: {'max_depth': 4, 'alpha': 0.0001511922760096238, 'lambda': 0.0023708147442993983, 'eta': 0.07406038778328825}. Best is trial 0 with value: 739047.0216700856.
[I 2024-12-20 16:53:40,627] Trial 4 finished with value: 761857.8048738732 and parameters: {'max_depth': 6, 'alpha': 0.00038421265743509246, 'lambda': 1.290163291263802e-06, 'eta': 0.0959817152807717}. Best is trial 0 with value: 739047.0216700856.
[I 2024-12-20 16:53:59,072] Trial 5 finished with value: 783413.669727525 and parameters: {'max_depth': 7, 'alpha': 2.4142740381329762e-05, 'lambda': 6.812210357322593e-06, 'eta': 0.01507304104613516}. Best is trial 0 with value: 739047.0216700856.
[I 2024-12-20 16:54:13,163] Trial 6 finished with value: 837341.6114100798 and parameters: {'max_depth': 11, 'alpha': 1.6855659151743017e-06, 'lambda': 0.2162917804460993, 'eta': 0.09984132925324093}. Best is trial 0 with value: 739047.0216700856.
[I 2024-12-20 16:54:28,480] Trial 7 finished with value: 889947.8990748788 and parameters: {'max_depth': 11, 'alpha': 3.16009893656048e-05, 'lambda': 5.379722973388861e-06, 'eta': 0.1376200431318972}. Best is trial 0 with value: 739047.0216700856.
[I 2024-12-20 16:54:35,029] Trial 8 finished with value: 743682.3159740758 and parameters: {'max_depth': 4, 'alpha': 0.00022452025823938774, 'lambda': 7.184737062203654e-06, 'eta': 0.015162320234822394}. Best is trial 0 with value: 739047.0216700856.
[I 2024-12-20 16:54:38,461] Trial 9 finished with value: 813045.4857368456 and parameters: {'max_depth': 7, 'alpha': 2.345373696694902e-05, 'lambda': 0.004100866365609696, 'eta': 0.22884035314772685}. Best is trial 0 with value: 739047.0216700856.
[I 2024-12-20 16:54:41,441] Trial 10 finished with value: 783165.2173320194 and parameters: {'max_depth': 2, 'alpha': 0.01444474041729638, 'lambda': 1.8463534210682425e-08, 'eta': 0.034804707419921116}. Best is trial 0 with value: 739047.0216700856.
[I 2024-12-20 16:54:45,248] Trial 11 finished with value: 733560.0243175435 and parameters: {'max_depth': 3, 'alpha': 0.004532931895279697, 'lambda': 0.013186669858402235, 'eta': 0.02960455674718116}. Best is trial 11 with value: 733560.0243175435.
[I 2024-12-20 16:54:48,536] Trial 12 finished with value: 794814.3659761485 and parameters: {'max_depth': 2, 'alpha': 0.011036927463649334, 'lambda': 0.09128640859104833, 'eta': 0.0240266760921924}. Best is trial 11 with value: 733560.0243175435.
[I 2024-12-20 16:54:53,128] Trial 13 finished with value: 819386.4230353828 and parameters: {'max_depth': 3, 'alpha': 0.0156411820053197, 'lambda': 0.013716411997772635, 'eta': 0.010619631391163451}. Best is trial 11 with value: 733560.0243175435.
[I 2024-12-20 16:54:56,764] Trial 14 finished with value: 743649.2460614974 and parameters: {'max_depth': 3, 'alpha': 0.003046508971977784, 'lambda': 0.9617854897406317, 'eta': 0.027825361978161406}. Best is trial 11 with value: 733560.0243175435.
[I 2024-12-20 16:54:59,651] Trial 15 finished with value: 729096.643634782 and parameters: {'max_depth': 3, 'alpha': 0.43207324779504425, 'lambda': 0.00015543327142867968, 'eta': 0.048494450660382805}. Best is trial 15 with value: 729096.643634782.
[I 2024-12-20 16:55:02,628] Trial 16 finished with value: 764086.1348268194 and parameters: {'max_depth': 2, 'alpha': 0.6524463129263947, 'lambda': 0.0001384469410387011, 'eta': 0.04974084602856314}. Best is trial 15 with value: 729096.643634782.
[I 2024-12-20 16:55:05,417] Trial 17 finished with value: 729461.6547661076 and parameters: {'max_depth': 3, 'alpha': 0.09342559712314323, 'lambda': 8.246096469422684e-05, 'eta': 0.054727132303917216}. Best is trial 15 with value: 729096.643634782.
[I 2024-12-20 16:55:09,250] Trial 18 finished with value: 744742.0772741747 and parameters: {'max_depth': 5, 'alpha': 0.1096640401054232, 'lambda': 6.164000563772645e-05, 'eta': 0.05557546449320483}. Best is trial 15 with value: 729096.643634782.
[I 2024-12-20 16:55:11,118] Trial 19 finished with value: 745100.9580606929 and parameters: {'max_depth': 4, 'alpha': 0.10561725443396036, 'lambda': 4.417030265625003e-05, 'eta': 0.15782006629718984}. Best is trial 15 with value: 729096.643634782.
[I 2024-12-20 16:55:13,489] Trial 20 finished with value: 737520.2800203216 and parameters: {'max_depth': 3, 'alpha': 0.09999010995528085, 'lambda': 1.1248724760948738e-07, 'eta': 0.05672958718417745}. Best is trial 15 with value: 729096.643634782.
[I 2024-12-20 16:55:16,493] Trial 21 finished with value: 736134.9473071409 and parameters: {'max_depth': 3, 'alpha': 0.0038532697697963234, 'lambda': 0.0004552556808109265, 'eta': 0.040538424506737274}. Best is trial 15 with value: 729096.643634782.
[I 2024-12-20 16:55:19,233] Trial 22 finished with value: 758009.0342422917 and parameters: {'max_depth': 2, 'alpha': 0.0012088427000844664, 'lambda': 0.02534103723636069, 'eta': 0.07067266896330622}. Best is trial 15 with value: 729096.643634782.
[I 2024-12-20 16:55:24,678] Trial 23 finished with value: 756910.8360189606 and parameters: {'max_depth': 5, 'alpha': 0.06511067658902142, 'lambda': 0.0008047096257000537, 'eta': 0.03219283258228722}. Best is trial 15 with value: 729096.643634782.
[I 2024-12-20 16:55:28,961] Trial 24 finished with value: 747543.2472152337 and parameters: {'max_depth': 3, 'alpha': 0.6679912194555239, 'lambda': 0.0001151215849056433, 'eta': 0.019008408429877274}. Best is trial 15 with value: 729096.643634782.
[I 2024-12-20 16:55:32,235] Trial 25 finished with value: 738927.9336750468 and parameters: {'max_depth': 4, 'alpha': 0.02849600893467339, 'lambda': 1.8584916888569484e-05, 'eta': 0.046315730161434615}. Best is trial 15 with value: 729096.643634782.
[I 2024-12-20 16:55:35,704] Trial 26 finished with value: 760105.3833179559 and parameters: {'max_depth': 5, 'alpha': 0.0012510587457692489, 'lambda': 0.013362951471578313, 'eta': 0.06342931490117476}. Best is trial 15 with value: 729096.643634782.
[I 2024-12-20 16:55:37,700] Trial 27 finished with value: 738945.4071040086 and parameters: {'max_depth': 3, 'alpha': 0.28198618919025187, 'lambda': 1.6322331324086544e-06, 'eta': 0.12172801870601721}. Best is trial 15 with value: 729096.643634782.
[I 2024-12-20 16:55:41,966] Trial 28 finished with value: 732035.4610085367 and parameters: {'max_depth': 4, 'alpha': 0.004531588104405807, 'lambda': 0.0002308510550159056, 'eta': 0.02938569694868801}. Best is trial 15 with value: 729096.643634782.
[I 2024-12-20 16:56:10,422] Trial 29 finished with value: 820901.8757375448 and parameters: {'max_depth': 9, 'alpha': 0.042616761078454225, 'lambda': 0.00026797453238883005, 'eta': 0.019966763000119188}. Best is trial 15 with value: 729096.643634782.
[I 2024-12-20 16:56:12,051] Trial 30 finished with value: 777816.4238981372 and parameters: {'max_depth': 4, 'alpha': 0.197365231222476, 'lambda': 0.002366940688074333, 'eta': 0.2947370806734489}. Best is trial 15 with value: 729096.643634782.
[I 2024-12-20 16:56:18,075] Trial 31 finished with value: 741919.2124526439 and parameters: {'max_depth': 5, 'alpha': 0.005153523718561976, 'lambda': 2.3796776435873353e-05, 'eta': 0.02872109021057431}. Best is trial 15 with value: 729096.643634782.
[I 2024-12-20 16:56:20,840] Trial 32 finished with value: 741801.6730797283 and parameters: {'max_depth': 3, 'alpha': 0.0008115586773143364, 'lambda': 0.0012160158760549976, 'eta': 0.042820072544476305}. Best is trial 15 with value: 729096.643634782.
[I 2024-12-20 16:56:25,854] Trial 33 finished with value: 735502.8060494729 and parameters: {'max_depth': 4, 'alpha': 0.0063660077610476085, 'lambda': 0.00019206138271673842, 'eta': 0.02426539153449068}. Best is trial 15 with value: 729096.643634782.
[I 2024-12-20 16:56:29,027] Trial 34 finished with value: 743160.2355272548 and parameters: {'max_depth': 4, 'alpha': 0.03989341642395017, 'lambda': 0.006726733502758873, 'eta': 0.03686597476105751}. Best is trial 15 with value: 729096.643634782.
[I 2024-12-20 16:56:31,467] Trial 35 finished with value: 732243.874761258 and parameters: {'max_depth': 3, 'alpha': 3.0352633886607274e-06, 'lambda': 0.04396812788263619, 'eta': 0.07781122369400566}. Best is trial 15 with value: 729096.643634782.
[I 2024-12-20 16:56:35,064] Trial 36 finished with value: 764481.5208747264 and parameters: {'max_depth': 6, 'alpha': 2.631439754405047e-08, 'lambda': 0.11873798819793448, 'eta': 0.08292506328274397}. Best is trial 15 with value: 729096.643634782.
[I 2024-12-20 16:56:38,941] Trial 37 finished with value: 781114.4219124655 and parameters: {'max_depth': 6, 'alpha': 1.7512194184921511e-06, 'lambda': 1.511426993341404e-06, 'eta': 0.11010801550592682}. Best is trial 15 with value: 729096.643634782.
[I 2024-12-20 16:56:46,653] Trial 38 finished with value: 792534.3565953108 and parameters: {'max_depth': 8, 'alpha': 6.995588496057437e-06, 'lambda': 0.0010589250433718422, 'eta': 0.07412208388959686}. Best is trial 15 with value: 729096.643634782.
[I 2024-12-20 16:56:50,178] Trial 39 finished with value: 759456.7753759052 and parameters: {'max_depth': 5, 'alpha': 4.030661219625346e-06, 'lambda': 3.0669864215390447e-07, 'eta': 0.060369975662782516}. Best is trial 15 with value: 729096.643634782.
[I 2024-12-20 16:57:14,443] Trial 40 finished with value: 896032.4460121157 and parameters: {'max_depth': 12, 'alpha': 3.0630566254690734e-07, 'lambda': 1.7103180752215176e-05, 'eta': 0.08431155369235498}. Best is trial 15 with value: 729096.643634782.
[I 2024-12-20 16:57:17,489] Trial 41 finished with value: 733235.3467138316 and parameters: {'max_depth': 3, 'alpha': 0.23745733820169326, 'lambda': 0.052603026584734126, 'eta': 0.04845221240167418}. Best is trial 15 with value: 729096.643634782.
[I 2024-12-20 16:57:20,576] Trial 42 finished with value: 723592.7397740243 and parameters: {'max_depth': 3, 'alpha': 0.9593598183594774, 'lambda': 0.05406525121726712, 'eta': 0.05156328446943491}. Best is trial 42 with value: 723592.7397740243.
[I 2024-12-20 16:57:23,339] Trial 43 finished with value: 717020.3043778803 and parameters: {'max_depth': 4, 'alpha': 0.4198008232593341, 'lambda': 0.4207985228481829, 'eta': 0.06414163364234918}. Best is trial 43 with value: 717020.3043778803.
[I 2024-12-20 16:57:26,513] Trial 44 finished with value: 721776.5738050898 and parameters: {'max_depth': 4, 'alpha': 0.9934674019163017, 'lambda': 0.5823912420858474, 'eta': 0.04229721147205692}. Best is trial 43 with value: 717020.3043778803.
[I 2024-12-20 16:57:29,048] Trial 45 finished with value: 721305.6302784489 and parameters: {'max_depth': 4, 'alpha': 0.9704128794194163, 'lambda': 0.5791898685492403, 'eta': 0.06642799829673295}. Best is trial 43 with value: 717020.3043778803.
[I 2024-12-20 16:57:31,292] Trial 46 finished with value: 716235.1800545412 and parameters: {'max_depth': 4, 'alpha': 0.9877247397230108, 'lambda': 0.7414010936469697, 'eta': 0.0985441693758716}. Best is trial 46 with value: 716235.1800545412.
[I 2024-12-20 16:57:34,349] Trial 47 finished with value: 735812.7347555443 and parameters: {'max_depth': 6, 'alpha': 0.9116782126573258, 'lambda': 0.7889035698994794, 'eta': 0.1664343045839736}. Best is trial 46 with value: 716235.1800545412.
[I 2024-12-20 16:57:36,969] Trial 48 finished with value: 766810.9098040975 and parameters: {'max_depth': 5, 'alpha': 0.3301930817091448, 'lambda': 0.2926955513622339, 'eta': 0.1067330264437468}. Best is trial 46 with value: 716235.1800545412.
[I 2024-12-20 16:57:42,262] Trial 49 finished with value: 766925.0070171437 and parameters: {'max_depth': 7, 'alpha': 0.8396628709630176, 'lambda': 0.24144313627987934, 'eta': 0.06620243691306758}. Best is trial 46 with value: 716235.1800545412.
[I 2024-12-20 16:57:44,473] Trial 50 finished with value: 725229.3331222052 and parameters: {'max_depth': 4, 'alpha': 0.1899290842557011, 'lambda': 0.4414996740334814, 'eta': 0.09001442609178589}. Best is trial 46 with value: 716235.1800545412.
[I 2024-12-20 16:57:47,031] Trial 51 finished with value: 711562.9201157682 and parameters: {'max_depth': 4, 'alpha': 0.20367977381120567, 'lambda': 0.48861838837428473, 'eta': 0.09580129997125021}. Best is trial 51 with value: 711562.9201157682.
[I 2024-12-20 16:57:49,279] Trial 52 finished with value: 735601.9043607379 and parameters: {'max_depth': 4, 'alpha': 0.4146182124841388, 'lambda': 0.13323338148067612, 'eta': 0.09016713387189547}. Best is trial 51 with value: 711562.9201157682.
[I 2024-12-20 16:57:51,928] Trial 53 finished with value: 731968.0218980265 and parameters: {'max_depth': 5, 'alpha': 0.9979909164307527, 'lambda': 0.47098717616149816, 'eta': 0.1354591160258189}. Best is trial 51 with value: 711562.9201157682.
[I 2024-12-20 16:57:54,476] Trial 54 finished with value: 708106.5345282722 and parameters: {'max_depth': 4, 'alpha': 0.17286436261354315, 'lambda': 0.9433155371352998, 'eta': 0.09953868067184972}. Best is trial 54 with value: 708106.5345282722.
[I 2024-12-20 16:57:57,815] Trial 55 finished with value: 719198.7304002263 and parameters: {'max_depth': 6, 'alpha': 0.020767711666179845, 'lambda': 0.9013552141466825, 'eta': 0.09902790335738704}. Best is trial 54 with value: 708106.5345282722.
[I 2024-12-20 16:58:01,545] Trial 56 finished with value: 714852.5388359079 and parameters: {'max_depth': 7, 'alpha': 0.02172029032970278, 'lambda': 0.9758945556068297, 'eta': 0.1682016872231373}. Best is trial 54 with value: 708106.5345282722.
[I 2024-12-20 16:58:07,987] Trial 57 finished with value: 840489.9361909309 and parameters: {'max_depth': 8, 'alpha': 0.01920225754651766, 'lambda': 0.194331738006327, 'eta': 0.18604888033270292}. Best is trial 54 with value: 708106.5345282722.
[I 2024-12-20 16:58:11,866] Trial 58 finished with value: 735898.6128958155 and parameters: {'max_depth': 7, 'alpha': 0.05837268393192962, 'lambda': 0.9348748201452839, 'eta': 0.21645194869170223}. Best is trial 54 with value: 708106.5345282722.
[I 2024-12-20 16:58:16,609] Trial 59 finished with value: 809973.173580788 and parameters: {'max_depth': 8, 'alpha': 0.01130093421343104, 'lambda': 0.09863573567032106, 'eta': 0.13016414496209278}. Best is trial 54 with value: 708106.5345282722.
[I 2024-12-20 16:58:19,711] Trial 60 finished with value: 752338.4230326371 and parameters: {'max_depth': 6, 'alpha': 8.243680469098276e-05, 'lambda': 0.2986997706285364, 'eta': 0.1012557116228244}. Best is trial 54 with value: 708106.5345282722.
[I 2024-12-20 16:58:29,503] Trial 61 finished with value: 803751.6695000913 and parameters: {'max_depth': 10, 'alpha': 0.1780204435178794, 'lambda': 0.9739825610533123, 'eta': 0.11695423327727476}. Best is trial 54 with value: 708106.5345282722.
[I 2024-12-20 16:58:37,220] Trial 62 finished with value: 808759.2472960902 and parameters: {'max_depth': 9, 'alpha': 0.1341064890777051, 'lambda': 0.43550662724280004, 'eta': 0.1541537672941096}. Best is trial 54 with value: 708106.5345282722.
[I 2024-12-20 16:58:47,151] Trial 63 finished with value: 841872.3229538018 and parameters: {'max_depth': 9, 'alpha': 0.4364518827420837, 'lambda': 0.17999684399381297, 'eta': 0.09587385774689862}. Best is trial 54 with value: 708106.5345282722.
[I 2024-12-20 16:58:52,212] Trial 64 finished with value: 742274.3114658622 and parameters: {'max_depth': 6, 'alpha': 0.07178432313050943, 'lambda': 0.37413941727467387, 'eta': 0.06938473399790757}. Best is trial 54 with value: 708106.5345282722.
[I 2024-12-20 16:58:57,111] Trial 65 finished with value: 782997.9506506 and parameters: {'max_depth': 7, 'alpha': 0.023874244614323345, 'lambda': 0.07674830665351068, 'eta': 0.0790428096204094}. Best is trial 54 with value: 708106.5345282722.
[I 2024-12-20 16:58:59,290] Trial 66 finished with value: 754047.82666132 and parameters: {'max_depth': 5, 'alpha': 0.1076870180835515, 'lambda': 0.03099360971116059, 'eta': 0.18567252780412488}. Best is trial 54 with value: 708106.5345282722.
[I 2024-12-20 16:59:03,273] Trial 67 finished with value: 750217.901947693 and parameters: {'max_depth': 5, 'alpha': 0.26889390268315283, 'lambda': 0.17854853162201678, 'eta': 0.14277915949056763}. Best is trial 54 with value: 708106.5345282722.
[I 2024-12-20 16:59:11,586] Trial 68 finished with value: 806703.9878137091 and parameters: {'max_depth': 10, 'alpha': 0.4417995958848245, 'lambda': 0.6830339630805657, 'eta': 0.11951644654141254}. Best is trial 54 with value: 708106.5345282722.
[I 2024-12-20 16:59:13,822] Trial 69 finished with value: 704821.4517472989 and parameters: {'max_depth': 4, 'alpha': 0.042946134614512715, 'lambda': 0.9851950976619857, 'eta': 0.09811220810071773}. Best is trial 69 with value: 704821.4517472989.
[I 2024-12-20 16:59:17,607] Trial 70 finished with value: 864302.3139544837 and parameters: {'max_depth': 8, 'alpha': 0.009049230808916564, 'lambda': 0.28592973365813423, 'eta': 0.2732823698183172}. Best is trial 69 with value: 704821.4517472989.
[I 2024-12-20 16:59:19,977] Trial 71 finished with value: 719339.2437599901 and parameters: {'max_depth': 4, 'alpha': 0.03703993641844174, 'lambda': 0.5958500031701285, 'eta': 0.09800985156681141}. Best is trial 69 with value: 704821.4517472989.
[I 2024-12-20 16:59:22,338] Trial 72 finished with value: 709392.0819760645 and parameters: {'max_depth': 4, 'alpha': 0.03985050654000651, 'lambda': 0.8264723851228767, 'eta': 0.09761140469468223}. Best is trial 69 with value: 704821.4517472989.
[I 2024-12-20 16:59:25,055] Trial 73 finished with value: 731095.4089654946 and parameters: {'max_depth': 4, 'alpha': 0.002127772857341044, 'lambda': 1.4012887021685008e-08, 'eta': 0.10835233409524643}. Best is trial 69 with value: 704821.4517472989.
[I 2024-12-20 16:59:27,278] Trial 74 finished with value: 720039.9099187099 and parameters: {'max_depth': 5, 'alpha': 0.060640545357102615, 'lambda': 0.9349243498553474, 'eta': 0.12800138104790018}. Best is trial 69 with value: 704821.4517472989.
[I 2024-12-20 16:59:32,234] Trial 75 finished with value: 793892.0671483909 and parameters: {'max_depth': 7, 'alpha': 0.017856464635761075, 'lambda': 0.1427413257449452, 'eta': 0.0890470415837718}. Best is trial 69 with value: 704821.4517472989.
[I 2024-12-20 16:59:34,126] Trial 76 finished with value: 730433.2384276434 and parameters: {'max_depth': 4, 'alpha': 0.025732752198738995, 'lambda': 0.3868865873852335, 'eta': 0.1468771306431511}. Best is trial 69 with value: 704821.4517472989.
[I 2024-12-20 16:59:36,889] Trial 77 finished with value: 766764.9106850585 and parameters: {'max_depth': 6, 'alpha': 0.14119671926202715, 'lambda': 0.021336372496203362, 'eta': 0.17363714639836744}. Best is trial 69 with value: 704821.4517472989.
[I 2024-12-20 16:59:40,372] Trial 78 finished with value: 747859.7782599189 and parameters: {'max_depth': 5, 'alpha': 0.007853655437758752, 'lambda': 0.09549490907152415, 'eta': 0.058229217578163635}. Best is trial 69 with value: 704821.4517472989.
[I 2024-12-20 16:59:42,819] Trial 79 finished with value: 727386.7708576905 and parameters: {'max_depth': 4, 'alpha': 0.0005069346406080591, 'lambda': 0.3062082749506497, 'eta': 0.07440858713949684}. Best is trial 69 with value: 704821.4517472989.
[I 2024-12-20 16:59:46,784] Trial 80 finished with value: 753099.535830675 and parameters: {'max_depth': 7, 'alpha': 0.0027178195570145124, 'lambda': 0.06023019793384114, 'eta': 0.11259152418970474}. Best is trial 69 with value: 704821.4517472989.
[I 2024-12-20 16:59:48,891] Trial 81 finished with value: 711779.5514487351 and parameters: {'max_depth': 4, 'alpha': 0.033922840174028274, 'lambda': 0.6583318453547581, 'eta': 0.09973166402448284}. Best is trial 69 with value: 704821.4517472989.
[I 2024-12-20 16:59:51,318] Trial 82 finished with value: 711813.3142293959 and parameters: {'max_depth': 4, 'alpha': 0.042550599690637333, 'lambda': 0.9749437176434949, 'eta': 0.09672229281829083}. Best is trial 69 with value: 704821.4517472989.
[I 2024-12-20 16:59:53,787] Trial 83 finished with value: 710649.3038211185 and parameters: {'max_depth': 4, 'alpha': 0.04790713732489181, 'lambda': 0.5361691399729982, 'eta': 0.08469391804902526}. Best is trial 69 with value: 704821.4517472989.
[I 2024-12-20 16:59:56,368] Trial 84 finished with value: 725825.6592202444 and parameters: {'max_depth': 4, 'alpha': 0.00017815812449622955, 'lambda': 0.19832405682005616, 'eta': 0.08057732795157771}. Best is trial 69 with value: 704821.4517472989.
[I 2024-12-20 16:59:58,507] Trial 85 finished with value: 708668.997100904 and parameters: {'max_depth': 4, 'alpha': 0.04449329447632643, 'lambda': 0.5688215532917184, 'eta': 0.12198253663120569}. Best is trial 69 with value: 704821.4517472989.
[I 2024-12-20 17:00:00,331] Trial 86 finished with value: 722767.5321286231 and parameters: {'max_depth': 4, 'alpha': 0.012533026919802327, 'lambda': 0.502502881939348, 'eta': 0.12669012216170678}. Best is trial 69 with value: 704821.4517472989.
[I 2024-12-20 17:00:02,163] Trial 87 finished with value: 781085.1193287603 and parameters: {'max_depth': 5, 'alpha': 0.04039793320502094, 'lambda': 0.2417167932187997, 'eta': 0.2163139200490964}. Best is trial 69 with value: 704821.4517472989.
[I 2024-12-20 17:00:17,114] Trial 88 finished with value: 812862.9520926459 and parameters: {'max_depth': 11, 'alpha': 0.07884348361080679, 'lambda': 0.5960347496887353, 'eta': 0.10643894019781401}. Best is trial 69 with value: 704821.4517472989.
[I 2024-12-20 17:00:19,428] Trial 89 finished with value: 707815.5510993442 and parameters: {'max_depth': 4, 'alpha': 0.04917970114295495, 'lambda': 0.9913010471507042, 'eta': 0.08734955646904356}. Best is trial 69 with value: 704821.4517472989.
[I 2024-12-20 17:00:21,587] Trial 90 finished with value: 748873.2569633864 and parameters: {'max_depth': 4, 'alpha': 0.053398449749278216, 'lambda': 0.007331194186287319, 'eta': 0.08864438629678362}. Best is trial 69 with value: 704821.4517472989.
[I 2024-12-20 17:00:23,973] Trial 91 finished with value: 707539.1792338687 and parameters: {'max_depth': 4, 'alpha': 0.03252984192640552, 'lambda': 0.6708077966317395, 'eta': 0.1166097207718962}. Best is trial 69 with value: 704821.4517472989.
[I 2024-12-20 17:00:26,044] Trial 92 finished with value: 734279.9421505423 and parameters: {'max_depth': 4, 'alpha': 0.03369523146326974, 'lambda': 0.13155524296933693, 'eta': 0.11553333053509995}. Best is trial 69 with value: 704821.4517472989.
[I 2024-12-20 17:00:28,653] Trial 93 finished with value: 716410.7198720162 and parameters: {'max_depth': 4, 'alpha': 0.09395494001388399, 'lambda': 0.3347617288650442, 'eta': 0.08514596170708669}. Best is trial 69 with value: 704821.4517472989.
[I 2024-12-20 17:00:31,303] Trial 94 finished with value: 704553.8406917746 and parameters: {'max_depth': 4, 'alpha': 0.17695906610120446, 'lambda': 0.6471367384027412, 'eta': 0.09608257745771329}. Best is trial 94 with value: 704553.8406917746.
[I 2024-12-20 17:00:34,611] Trial 95 finished with value: 739073.8775931702 and parameters: {'max_depth': 5, 'alpha': 0.2245292536535264, 'lambda': 0.5923690335727051, 'eta': 0.07630621395225373}. Best is trial 94 with value: 704553.8406917746.
[I 2024-12-20 17:00:36,858] Trial 96 finished with value: 726983.5228780645 and parameters: {'max_depth': 3, 'alpha': 0.1476454807571611, 'lambda': 0.21623093641416816, 'eta': 0.13808644847618665}. Best is trial 94 with value: 704553.8406917746.
[I 2024-12-20 17:00:39,143] Trial 97 finished with value: 738502.8150440014 and parameters: {'max_depth': 4, 'alpha': 0.01330217270640626, 'lambda': 3.417572900772819e-08, 'eta': 0.10370035611065935}. Best is trial 94 with value: 704553.8406917746.
[I 2024-12-20 17:00:41,473] Trial 98 finished with value: 737197.4055722766 and parameters: {'max_depth': 4, 'alpha': 0.08699841512244487, 'lambda': 0.07695326567415849, 'eta': 0.09329178283569983}. Best is trial 94 with value: 704553.8406917746.
[I 2024-12-20 17:00:43,667] Trial 99 finished with value: 726649.5102766505 and parameters: {'max_depth': 4, 'alpha': 0.005741336311886542, 'lambda': 0.4340040180500992, 'eta': 0.12127054460113375}. Best is trial 94 with value: 704553.8406917746.
