[I 2025-01-10 00:51:19,181] Using an existing study with name 'TabTransformer_Boston' instead of creating a new one.
[I 2025-01-10 00:53:43,132] Trial 2 finished with value: 577.4656129937296 and parameters: {'dim': 32, 'depth': 1, 'heads': 8, 'weight_decay': -1, 'learning_rate': -6, 'dropout': 0.5}. Best is trial 2 with value: 577.4656129937296.
[I 2025-01-10 00:56:19,868] Trial 3 finished with value: 598.1345028239284 and parameters: {'dim': 64, 'depth': 6, 'heads': 2, 'weight_decay': -5, 'learning_rate': -6, 'dropout': 0.4}. Best is trial 2 with value: 577.4656129937296.
[I 2025-01-10 00:58:51,388] Trial 4 finished with value: 247.74844253395108 and parameters: {'dim': 32, 'depth': 6, 'heads': 8, 'weight_decay': -1, 'learning_rate': -3, 'dropout': 0.5}. Best is trial 4 with value: 247.74844253395108.
[I 2025-01-10 01:01:09,266] Trial 5 finished with value: 607.7204869313802 and parameters: {'dim': 32, 'depth': 6, 'heads': 8, 'weight_decay': -2, 'learning_rate': -5, 'dropout': 0.4}. Best is trial 4 with value: 247.74844253395108.
[I 2025-01-10 01:03:22,529] Trial 6 finished with value: 602.6549458609712 and parameters: {'dim': 32, 'depth': 3, 'heads': 8, 'weight_decay': -3, 'learning_rate': -6, 'dropout': 0.5}. Best is trial 4 with value: 247.74844253395108.
[I 2025-01-10 01:05:38,015] Trial 7 finished with value: 590.3135877848222 and parameters: {'dim': 32, 'depth': 6, 'heads': 8, 'weight_decay': -6, 'learning_rate': -5, 'dropout': 0.4}. Best is trial 4 with value: 247.74844253395108.
[I 2025-01-10 01:08:01,483] Trial 8 finished with value: 578.4563741239967 and parameters: {'dim': 64, 'depth': 6, 'heads': 4, 'weight_decay': -5, 'learning_rate': -5, 'dropout': 0.3}. Best is trial 4 with value: 247.74844253395108.
[I 2025-01-10 01:11:19,753] Trial 9 finished with value: 608.0389147376901 and parameters: {'dim': 128, 'depth': 12, 'heads': 4, 'weight_decay': -3, 'learning_rate': -5, 'dropout': 0.2}. Best is trial 4 with value: 247.74844253395108.
[I 2025-01-10 01:13:38,177] Trial 10 finished with value: 584.7407895893377 and parameters: {'dim': 64, 'depth': 3, 'heads': 8, 'weight_decay': -1, 'learning_rate': -5, 'dropout': 0}. Best is trial 4 with value: 247.74844253395108.
[I 2025-01-10 01:15:50,381] Trial 11 finished with value: 598.4571635923248 and parameters: {'dim': 32, 'depth': 3, 'heads': 8, 'weight_decay': -3, 'learning_rate': -5, 'dropout': 0.1}. Best is trial 4 with value: 247.74844253395108.
[I 2025-01-10 01:18:40,147] Trial 12 finished with value: 315.93593676651864 and parameters: {'dim': 256, 'depth': 2, 'heads': 2, 'weight_decay': -1, 'learning_rate': -3, 'dropout': 0.5}. Best is trial 4 with value: 247.74844253395108.
[I 2025-01-10 01:21:31,362] Trial 13 finished with value: 195.00048677562603 and parameters: {'dim': 256, 'depth': 2, 'heads': 2, 'weight_decay': -1, 'learning_rate': -3, 'dropout': 0.5}. Best is trial 13 with value: 195.00048677562603.
[I 2025-01-10 01:24:34,125] Trial 14 finished with value: 221.92066944778276 and parameters: {'dim': 256, 'depth': 2, 'heads': 2, 'weight_decay': -2, 'learning_rate': -3, 'dropout': 0.5}. Best is trial 13 with value: 195.00048677562603.
[I 2025-01-10 01:27:25,133] Trial 15 finished with value: 175.22584408759803 and parameters: {'dim': 256, 'depth': 2, 'heads': 2, 'weight_decay': -2, 'learning_rate': -3, 'dropout': 0.5}. Best is trial 15 with value: 175.22584408759803.
[I 2025-01-10 01:30:16,097] Trial 16 finished with value: 587.1565508603153 and parameters: {'dim': 256, 'depth': 2, 'heads': 2, 'weight_decay': -2, 'learning_rate': -4, 'dropout': 0}. Best is trial 15 with value: 175.22584408759803.
[I 2025-01-10 01:33:07,374] Trial 17 finished with value: 581.4655611052128 and parameters: {'dim': 256, 'depth': 2, 'heads': 2, 'weight_decay': -2, 'learning_rate': -4, 'dropout': 0.2}. Best is trial 15 with value: 175.22584408759803.
[I 2025-01-10 01:35:58,234] Trial 18 finished with value: 574.2838984596375 and parameters: {'dim': 256, 'depth': 2, 'heads': 2, 'weight_decay': -4, 'learning_rate': -4, 'dropout': 0.1}. Best is trial 15 with value: 175.22584408759803.
[I 2025-01-10 01:39:11,481] Trial 19 finished with value: 217.21176409946946 and parameters: {'dim': 128, 'depth': 12, 'heads': 2, 'weight_decay': -2, 'learning_rate': -3, 'dropout': 0.3}. Best is trial 15 with value: 175.22584408759803.
[I 2025-01-10 01:41:52,941] Trial 20 finished with value: 578.4048901845712 and parameters: {'dim': 256, 'depth': 1, 'heads': 2, 'weight_decay': -4, 'learning_rate': -4, 'dropout': 0.5}. Best is trial 15 with value: 175.22584408759803.
[I 2025-01-10 01:44:44,730] Trial 21 finished with value: 193.8137382150706 and parameters: {'dim': 256, 'depth': 2, 'heads': 4, 'weight_decay': -1, 'learning_rate': -3, 'dropout': 0.5}. Best is trial 15 with value: 175.22584408759803.
[I 2025-01-10 01:47:37,426] Trial 22 finished with value: 301.17430247184404 and parameters: {'dim': 256, 'depth': 2, 'heads': 4, 'weight_decay': -3, 'learning_rate': -3, 'dropout': 0.5}. Best is trial 15 with value: 175.22584408759803.
[I 2025-01-10 01:50:30,860] Trial 23 finished with value: 220.1795692267574 and parameters: {'dim': 256, 'depth': 2, 'heads': 4, 'weight_decay': -1, 'learning_rate': -3, 'dropout': 0.5}. Best is trial 15 with value: 175.22584408759803.
[I 2025-01-10 01:53:23,128] Trial 24 finished with value: 127.08393124253458 and parameters: {'dim': 256, 'depth': 2, 'heads': 4, 'weight_decay': -1, 'learning_rate': -3, 'dropout': 0.5}. Best is trial 24 with value: 127.08393124253458.
[I 2025-01-10 01:56:14,932] Trial 25 finished with value: 583.5897250376399 and parameters: {'dim': 256, 'depth': 2, 'heads': 4, 'weight_decay': -2, 'learning_rate': -4, 'dropout': 0.5}. Best is trial 24 with value: 127.08393124253458.
[I 2025-01-10 01:58:36,846] Trial 26 finished with value: 170.03922748312547 and parameters: {'dim': 128, 'depth': 2, 'heads': 4, 'weight_decay': -1, 'learning_rate': -3, 'dropout': 0.5}. Best is trial 24 with value: 127.08393124253458.
[I 2025-01-10 02:01:54,773] Trial 27 finished with value: 571.6713443519823 and parameters: {'dim': 128, 'depth': 12, 'heads': 4, 'weight_decay': -2, 'learning_rate': -4, 'dropout': 0.2}. Best is trial 24 with value: 127.08393124253458.
[I 2025-01-10 02:04:18,208] Trial 28 finished with value: 376.3420039050619 and parameters: {'dim': 128, 'depth': 2, 'heads': 4, 'weight_decay': -1, 'learning_rate': -3, 'dropout': 0.3}. Best is trial 24 with value: 127.08393124253458.
[I 2025-01-10 02:06:35,976] Trial 29 finished with value: 280.12029789881234 and parameters: {'dim': 128, 'depth': 1, 'heads': 4, 'weight_decay': -2, 'learning_rate': -3, 'dropout': 0}. Best is trial 24 with value: 127.08393124253458.
[I 2025-01-10 02:09:00,481] Trial 30 finished with value: 582.6106659608547 and parameters: {'dim': 128, 'depth': 2, 'heads': 4, 'weight_decay': -1, 'learning_rate': -4, 'dropout': 0.1}. Best is trial 24 with value: 127.08393124253458.
[I 2025-01-10 02:11:19,031] Trial 31 finished with value: 526.4332093856733 and parameters: {'dim': 128, 'depth': 1, 'heads': 4, 'weight_decay': -1, 'learning_rate': -3, 'dropout': 0.5}. Best is trial 24 with value: 127.08393124253458.
[I 2025-01-10 02:14:17,460] Using an existing study with name 'TabTransformer_Socmob' instead of creating a new one.
[I 2025-01-10 02:18:32,949] Trial 2 finished with value: 2013.5497187285746 and parameters: {'dim': 256, 'depth': 6, 'heads': 2, 'weight_decay': -3, 'learning_rate': -6, 'dropout': 0.2}. Best is trial 2 with value: 2013.5497187285746.
[I 2025-01-10 02:20:54,934] Trial 3 finished with value: 2013.6635688130918 and parameters: {'dim': 32, 'depth': 3, 'heads': 4, 'weight_decay': -5, 'learning_rate': -5, 'dropout': 0}. Best is trial 2 with value: 2013.5497187285746.
[I 2025-01-10 02:23:16,025] Trial 4 finished with value: 2009.879632560957 and parameters: {'dim': 32, 'depth': 2, 'heads': 4, 'weight_decay': -3, 'learning_rate': -5, 'dropout': 0}. Best is trial 4 with value: 2009.879632560957.
[I 2025-01-10 02:26:06,548] Trial 5 finished with value: 2015.6809182524848 and parameters: {'dim': 128, 'depth': 6, 'heads': 2, 'weight_decay': -3, 'learning_rate': -6, 'dropout': 0.4}. Best is trial 4 with value: 2009.879632560957.
[I 2025-01-10 02:28:42,831] Trial 6 finished with value: 2014.8323668378725 and parameters: {'dim': 128, 'depth': 3, 'heads': 2, 'weight_decay': -1, 'learning_rate': -5, 'dropout': 0}. Best is trial 4 with value: 2009.879632560957.
[I 2025-01-10 02:31:11,592] Trial 7 finished with value: 2019.6866636919542 and parameters: {'dim': 64, 'depth': 6, 'heads': 2, 'weight_decay': -1, 'learning_rate': -6, 'dropout': 0.4}. Best is trial 4 with value: 2009.879632560957.
[I 2025-01-10 02:33:43,013] Trial 8 finished with value: 2014.668776514567 and parameters: {'dim': 32, 'depth': 12, 'heads': 8, 'weight_decay': -1, 'learning_rate': -6, 'dropout': 0.1}. Best is trial 4 with value: 2009.879632560957.
[I 2025-01-10 02:36:16,553] Trial 9 finished with value: 2013.7080977435064 and parameters: {'dim': 64, 'depth': 6, 'heads': 8, 'weight_decay': -1, 'learning_rate': -6, 'dropout': 0.4}. Best is trial 4 with value: 2009.879632560957.
[I 2025-01-10 02:39:05,724] Trial 10 finished with value: 2019.296784330557 and parameters: {'dim': 128, 'depth': 6, 'heads': 2, 'weight_decay': -4, 'learning_rate': -6, 'dropout': 0.1}. Best is trial 4 with value: 2009.879632560957.
[I 2025-01-10 02:41:30,856] Trial 11 finished with value: 2007.0170688464727 and parameters: {'dim': 128, 'depth': 1, 'heads': 4, 'weight_decay': -1, 'learning_rate': -5, 'dropout': 0.1}. Best is trial 11 with value: 2007.0170688464727.
[I 2025-01-10 02:44:07,357] Trial 12 finished with value: 341.80207815824525 and parameters: {'dim': 256, 'depth': 1, 'heads': 4, 'weight_decay': -6, 'learning_rate': -3, 'dropout': 0.3}. Best is trial 12 with value: 341.80207815824525.
[I 2025-01-10 02:46:43,852] Trial 13 finished with value: 332.567417648879 and parameters: {'dim': 256, 'depth': 1, 'heads': 4, 'weight_decay': -6, 'learning_rate': -3, 'dropout': 0.3}. Best is trial 13 with value: 332.567417648879.
[I 2025-01-10 02:49:23,074] Trial 14 finished with value: 329.26580985652555 and parameters: {'dim': 256, 'depth': 1, 'heads': 4, 'weight_decay': -6, 'learning_rate': -3, 'dropout': 0.3}. Best is trial 14 with value: 329.26580985652555.
[I 2025-01-10 02:52:00,056] Trial 15 finished with value: 331.9035010561821 and parameters: {'dim': 256, 'depth': 1, 'heads': 4, 'weight_decay': -6, 'learning_rate': -3, 'dropout': 0.3}. Best is trial 14 with value: 329.26580985652555.
[I 2025-01-10 02:54:41,669] Trial 16 finished with value: 1884.2942427565606 and parameters: {'dim': 256, 'depth': 1, 'heads': 4, 'weight_decay': -5, 'learning_rate': -4, 'dropout': 0.5}. Best is trial 14 with value: 329.26580985652555.
[I 2025-01-10 02:57:22,661] Trial 17 finished with value: 1866.6350445653127 and parameters: {'dim': 256, 'depth': 1, 'heads': 4, 'weight_decay': -5, 'learning_rate': -4, 'dropout': 0.3}. Best is trial 14 with value: 329.26580985652555.
[I 2025-01-10 03:03:26,330] Trial 18 finished with value: 328.058245650853 and parameters: {'dim': 256, 'depth': 12, 'heads': 8, 'weight_decay': -6, 'learning_rate': -3, 'dropout': 0.3}. Best is trial 18 with value: 328.058245650853.
[I 2025-01-10 03:10:06,239] Trial 19 finished with value: 1874.8187239375227 and parameters: {'dim': 256, 'depth': 12, 'heads': 8, 'weight_decay': -4, 'learning_rate': -4, 'dropout': 0.3}. Best is trial 18 with value: 328.058245650853.
[I 2025-01-10 03:16:02,033] Trial 20 finished with value: 318.03241536023376 and parameters: {'dim': 256, 'depth': 12, 'heads': 8, 'weight_decay': -5, 'learning_rate': -3, 'dropout': 0.5}. Best is trial 20 with value: 318.03241536023376.
[I 2025-01-10 03:18:52,921] Trial 21 finished with value: 1867.9990038280866 and parameters: {'dim': 64, 'depth': 12, 'heads': 8, 'weight_decay': -5, 'learning_rate': -4, 'dropout': 0.5}. Best is trial 20 with value: 318.03241536023376.
[I 2025-01-10 03:24:45,926] Trial 22 finished with value: 327.20842656824055 and parameters: {'dim': 256, 'depth': 12, 'heads': 8, 'weight_decay': -4, 'learning_rate': -3, 'dropout': 0.5}. Best is trial 20 with value: 318.03241536023376.
[I 2025-01-10 03:30:39,678] Trial 23 finished with value: 336.14843105129887 and parameters: {'dim': 256, 'depth': 12, 'heads': 8, 'weight_decay': -4, 'learning_rate': -3, 'dropout': 0.5}. Best is trial 20 with value: 318.03241536023376.
[I 2025-01-10 03:36:31,289] Trial 24 finished with value: 286.3899802356503 and parameters: {'dim': 256, 'depth': 12, 'heads': 8, 'weight_decay': -5, 'learning_rate': -3, 'dropout': 0.5}. Best is trial 24 with value: 286.3899802356503.
[I 2025-01-10 03:42:23,385] Trial 25 finished with value: 341.9730896974135 and parameters: {'dim': 256, 'depth': 12, 'heads': 8, 'weight_decay': -4, 'learning_rate': -3, 'dropout': 0.5}. Best is trial 24 with value: 286.3899802356503.
[I 2025-01-10 03:48:52,520] Trial 26 finished with value: 1875.4187394185028 and parameters: {'dim': 256, 'depth': 12, 'heads': 8, 'weight_decay': -2, 'learning_rate': -4, 'dropout': 0.5}. Best is trial 24 with value: 286.3899802356503.
[I 2025-01-10 03:54:50,810] Trial 27 finished with value: 316.57372721259844 and parameters: {'dim': 256, 'depth': 12, 'heads': 8, 'weight_decay': -5, 'learning_rate': -3, 'dropout': 0.5}. Best is trial 24 with value: 286.3899802356503.
[I 2025-01-10 03:57:58,709] Trial 28 finished with value: 1835.1744364491224 and parameters: {'dim': 256, 'depth': 2, 'heads': 8, 'weight_decay': -5, 'learning_rate': -4, 'dropout': 0.5}. Best is trial 24 with value: 286.3899802356503.
[I 2025-01-10 04:00:32,959] Trial 29 finished with value: 338.1723314559726 and parameters: {'dim': 32, 'depth': 12, 'heads': 8, 'weight_decay': -5, 'learning_rate': -3, 'dropout': 0.2}. Best is trial 24 with value: 286.3899802356503.
[I 2025-01-10 04:03:22,203] Trial 30 finished with value: 332.9435143118155 and parameters: {'dim': 64, 'depth': 12, 'heads': 8, 'weight_decay': -5, 'learning_rate': -3, 'dropout': 0.5}. Best is trial 24 with value: 286.3899802356503.
[I 2025-01-10 04:06:52,593] Trial 31 finished with value: 1846.6407526737917 and parameters: {'dim': 256, 'depth': 3, 'heads': 8, 'weight_decay': -2, 'learning_rate': -4, 'dropout': 0.2}. Best is trial 24 with value: 286.3899802356503.
[I 2025-01-10 04:12:56,458] Using an existing study with name 'TabTransformer_Sensory' instead of creating a new one.
[I 2025-01-10 04:15:27,991] Trial 2 finished with value: 227.59364411721214 and parameters: {'dim': 128, 'depth': 3, 'heads': 8, 'weight_decay': -1, 'learning_rate': -6, 'dropout': 0.4}. Best is trial 2 with value: 227.59364411721214.
[I 2025-01-10 04:17:34,512] Trial 3 finished with value: 227.53779150813006 and parameters: {'dim': 32, 'depth': 1, 'heads': 8, 'weight_decay': -1, 'learning_rate': -6, 'dropout': 0.1}. Best is trial 3 with value: 227.53779150813006.
[I 2025-01-10 04:20:22,755] Trial 4 finished with value: 218.1151509115306 and parameters: {'dim': 256, 'depth': 2, 'heads': 4, 'weight_decay': -5, 'learning_rate': -4, 'dropout': 0.4}. Best is trial 4 with value: 218.1151509115306.
[I 2025-01-10 04:22:49,848] Trial 5 finished with value: 209.31478207128575 and parameters: {'dim': 256, 'depth': 1, 'heads': 4, 'weight_decay': -2, 'learning_rate': -4, 'dropout': 0.1}. Best is trial 5 with value: 209.31478207128575.
[I 2025-01-10 04:25:23,021] Trial 6 finished with value: 222.62343419800783 and parameters: {'dim': 64, 'depth': 12, 'heads': 4, 'weight_decay': -4, 'learning_rate': -5, 'dropout': 0.5}. Best is trial 5 with value: 209.31478207128575.
[I 2025-01-10 04:27:53,134] Trial 7 finished with value: 230.14804617977217 and parameters: {'dim': 256, 'depth': 1, 'heads': 4, 'weight_decay': -5, 'learning_rate': -6, 'dropout': 0.3}. Best is trial 5 with value: 209.31478207128575.
[I 2025-01-10 04:30:31,557] Trial 8 finished with value: 0.6579859061194161 and parameters: {'dim': 64, 'depth': 12, 'heads': 8, 'weight_decay': -5, 'learning_rate': -3, 'dropout': 0}. Best is trial 8 with value: 0.6579859061194161.
[I 2025-01-10 04:33:02,272] Trial 9 finished with value: 227.4348851362318 and parameters: {'dim': 256, 'depth': 1, 'heads': 4, 'weight_decay': -5, 'learning_rate': -5, 'dropout': 0.3}. Best is trial 8 with value: 0.6579859061194161.
[I 2025-01-10 04:35:40,242] Trial 10 finished with value: 229.42905339002695 and parameters: {'dim': 64, 'depth': 12, 'heads': 8, 'weight_decay': -2, 'learning_rate': -6, 'dropout': 0}. Best is trial 8 with value: 0.6579859061194161.
[I 2025-01-10 04:38:09,736] Trial 11 finished with value: 219.50939005209358 and parameters: {'dim': 256, 'depth': 1, 'heads': 2, 'weight_decay': -4, 'learning_rate': -5, 'dropout': 0.3}. Best is trial 8 with value: 0.6579859061194161.
[I 2025-01-10 04:40:31,408] Trial 12 finished with value: 0.6535769532928556 and parameters: {'dim': 64, 'depth': 6, 'heads': 2, 'weight_decay': -6, 'learning_rate': -3, 'dropout': 0}. Best is trial 12 with value: 0.6535769532928556.
[I 2025-01-10 04:42:53,302] Trial 13 finished with value: 0.6118930330337913 and parameters: {'dim': 64, 'depth': 6, 'heads': 2, 'weight_decay': -6, 'learning_rate': -3, 'dropout': 0}. Best is trial 13 with value: 0.6118930330337913.
[I 2025-01-10 04:45:14,180] Trial 14 finished with value: 0.6322581501361928 and parameters: {'dim': 64, 'depth': 6, 'heads': 2, 'weight_decay': -6, 'learning_rate': -3, 'dropout': 0.2}. Best is trial 13 with value: 0.6118930330337913.
[I 2025-01-10 04:47:33,013] Trial 15 finished with value: 0.6240268036547264 and parameters: {'dim': 64, 'depth': 6, 'heads': 2, 'weight_decay': -6, 'learning_rate': -3, 'dropout': 0.2}. Best is trial 13 with value: 0.6118930330337913.
[I 2025-01-10 04:50:12,704] Trial 16 finished with value: 212.28644082412924 and parameters: {'dim': 128, 'depth': 6, 'heads': 2, 'weight_decay': -6, 'learning_rate': -4, 'dropout': 0.2}. Best is trial 13 with value: 0.6118930330337913.
[I 2025-01-10 04:52:25,237] Trial 17 finished with value: 0.5934298657769321 and parameters: {'dim': 32, 'depth': 6, 'heads': 2, 'weight_decay': -3, 'learning_rate': -3, 'dropout': 0.2}. Best is trial 17 with value: 0.5934298657769321.
[I 2025-01-10 04:54:37,310] Trial 18 finished with value: 212.69678667972374 and parameters: {'dim': 32, 'depth': 6, 'heads': 2, 'weight_decay': -3, 'learning_rate': -4, 'dropout': 0.5}. Best is trial 17 with value: 0.5934298657769321.
[I 2025-01-10 04:56:43,726] Trial 19 finished with value: 0.6287818512940075 and parameters: {'dim': 32, 'depth': 3, 'heads': 2, 'weight_decay': -3, 'learning_rate': -3, 'dropout': 0.2}. Best is trial 17 with value: 0.5934298657769321.
[I 2025-01-10 04:58:49,704] Trial 20 finished with value: 0.6127235304211145 and parameters: {'dim': 32, 'depth': 2, 'heads': 2, 'weight_decay': -2, 'learning_rate': -3, 'dropout': 0}. Best is trial 17 with value: 0.5934298657769321.
[I 2025-01-10 05:01:01,792] Trial 21 finished with value: 214.27060843311787 and parameters: {'dim': 32, 'depth': 6, 'heads': 2, 'weight_decay': -3, 'learning_rate': -4, 'dropout': 0}. Best is trial 17 with value: 0.5934298657769321.
[I 2025-01-10 05:03:38,542] Trial 22 finished with value: 0.5915682181299382 and parameters: {'dim': 128, 'depth': 6, 'heads': 2, 'weight_decay': -4, 'learning_rate': -3, 'dropout': 0.2}. Best is trial 22 with value: 0.5915682181299382.
[I 2025-01-10 05:06:16,175] Trial 23 finished with value: 0.6100642053957241 and parameters: {'dim': 128, 'depth': 6, 'heads': 2, 'weight_decay': -4, 'learning_rate': -3, 'dropout': 0.2}. Best is trial 22 with value: 0.5915682181299382.
[I 2025-01-10 05:09:00,152] Trial 24 finished with value: 0.7559259885199883 and parameters: {'dim': 128, 'depth': 6, 'heads': 2, 'weight_decay': -4, 'learning_rate': -3, 'dropout': 0.2}. Best is trial 22 with value: 0.5915682181299382.
[I 2025-01-10 05:11:45,980] Trial 25 finished with value: 215.77540260599463 and parameters: {'dim': 128, 'depth': 6, 'heads': 2, 'weight_decay': -4, 'learning_rate': -4, 'dropout': 0.2}. Best is trial 22 with value: 0.5915682181299382.
[I 2025-01-10 05:14:31,715] Trial 26 finished with value: 0.600500668457617 and parameters: {'dim': 128, 'depth': 6, 'heads': 2, 'weight_decay': -3, 'learning_rate': -3, 'dropout': 0.2}. Best is trial 22 with value: 0.5915682181299382.
[I 2025-01-10 05:17:01,137] Trial 27 finished with value: 0.6311791118627574 and parameters: {'dim': 128, 'depth': 2, 'heads': 2, 'weight_decay': -3, 'learning_rate': -3, 'dropout': 0.2}. Best is trial 22 with value: 0.5915682181299382.
[I 2025-01-10 05:19:52,039] Trial 28 finished with value: 208.02121632168556 and parameters: {'dim': 128, 'depth': 6, 'heads': 2, 'weight_decay': -2, 'learning_rate': -4, 'dropout': 0.2}. Best is trial 22 with value: 0.5915682181299382.
[I 2025-01-10 05:22:25,956] Trial 29 finished with value: 0.809794420298816 and parameters: {'dim': 128, 'depth': 3, 'heads': 2, 'weight_decay': -3, 'learning_rate': -3, 'dropout': 0.2}. Best is trial 22 with value: 0.5915682181299382.
[I 2025-01-10 05:24:42,564] Trial 30 finished with value: 204.50336664012 and parameters: {'dim': 32, 'depth': 6, 'heads': 2, 'weight_decay': -3, 'learning_rate': -4, 'dropout': 0.2}. Best is trial 22 with value: 0.5915682181299382.
[I 2025-01-10 05:27:11,217] Trial 31 finished with value: 0.6020449818248588 and parameters: {'dim': 128, 'depth': 3, 'heads': 8, 'weight_decay': -2, 'learning_rate': -3, 'dropout': 0.4}. Best is trial 22 with value: 0.5915682181299382.
[I 2025-01-10 05:29:56,744] Using an existing study with name 'TabTransformer_Moneyball' instead of creating a new one.
[I 2025-01-10 05:32:40,822] Trial 2 finished with value: 519257.31805584126 and parameters: {'dim': 32, 'depth': 1, 'heads': 8, 'weight_decay': -3, 'learning_rate': -5, 'dropout': 0.2}. Best is trial 2 with value: 519257.31805584126.
[I 2025-01-10 05:35:13,269] Trial 3 finished with value: 519675.503052733 and parameters: {'dim': 64, 'depth': 3, 'heads': 8, 'weight_decay': -6, 'learning_rate': -5, 'dropout': 0.1}. Best is trial 2 with value: 519257.31805584126.
[I 2025-01-10 05:37:44,862] Trial 4 finished with value: 2588.5769697522965 and parameters: {'dim': 64, 'depth': 2, 'heads': 8, 'weight_decay': -6, 'learning_rate': -3, 'dropout': 0.3}. Best is trial 4 with value: 2588.5769697522965.
[I 2025-01-10 05:40:17,648] Trial 5 finished with value: 519136.578288268 and parameters: {'dim': 256, 'depth': 3, 'heads': 8, 'weight_decay': -3, 'learning_rate': -5, 'dropout': 0.1}. Best is trial 4 with value: 2588.5769697522965.
[I 2025-01-10 05:42:49,709] Trial 6 finished with value: 359979.11429575586 and parameters: {'dim': 32, 'depth': 2, 'heads': 4, 'weight_decay': -6, 'learning_rate': -4, 'dropout': 0.2}. Best is trial 4 with value: 2588.5769697522965.
[I 2025-01-10 05:45:21,721] Trial 7 finished with value: 519852.05131860205 and parameters: {'dim': 64, 'depth': 1, 'heads': 4, 'weight_decay': -6, 'learning_rate': -6, 'dropout': 0.4}. Best is trial 4 with value: 2588.5769697522965.
[I 2025-01-10 05:47:55,841] Trial 8 finished with value: 2417.3120980283456 and parameters: {'dim': 128, 'depth': 6, 'heads': 2, 'weight_decay': -1, 'learning_rate': -3, 'dropout': 0.1}. Best is trial 8 with value: 2417.3120980283456.
[I 2025-01-10 05:50:29,846] Trial 9 finished with value: 2780.7767921144537 and parameters: {'dim': 128, 'depth': 1, 'heads': 2, 'weight_decay': -6, 'learning_rate': -3, 'dropout': 0.1}. Best is trial 8 with value: 2417.3120980283456.
[I 2025-01-10 05:53:04,463] Trial 10 finished with value: 2812.958137372625 and parameters: {'dim': 256, 'depth': 3, 'heads': 2, 'weight_decay': -5, 'learning_rate': -3, 'dropout': 0.2}. Best is trial 8 with value: 2417.3120980283456.
[I 2025-01-10 05:55:36,279] Trial 11 finished with value: 519583.70319063065 and parameters: {'dim': 256, 'depth': 1, 'heads': 8, 'weight_decay': -4, 'learning_rate': -6, 'dropout': 0.3}. Best is trial 8 with value: 2417.3120980283456.
[I 2025-01-10 05:58:12,483] Trial 12 finished with value: 380196.0100854259 and parameters: {'dim': 128, 'depth': 6, 'heads': 2, 'weight_decay': -1, 'learning_rate': -4, 'dropout': 0}. Best is trial 8 with value: 2417.3120980283456.
[I 2025-01-10 06:00:51,192] Trial 13 finished with value: 2417.8579079535752 and parameters: {'dim': 64, 'depth': 12, 'heads': 2, 'weight_decay': -1, 'learning_rate': -3, 'dropout': 0.3}. Best is trial 8 with value: 2417.3120980283456.
[I 2025-01-10 06:03:30,784] Trial 14 finished with value: 339845.7715779604 and parameters: {'dim': 128, 'depth': 12, 'heads': 2, 'weight_decay': -1, 'learning_rate': -4, 'dropout': 0.5}. Best is trial 8 with value: 2417.3120980283456.
[I 2025-01-10 06:06:08,432] Trial 15 finished with value: 2732.417380320647 and parameters: {'dim': 128, 'depth': 6, 'heads': 2, 'weight_decay': -2, 'learning_rate': -3, 'dropout': 0.3}. Best is trial 8 with value: 2417.3120980283456.
[I 2025-01-10 06:08:48,885] Trial 16 finished with value: 2745.1222584968777 and parameters: {'dim': 64, 'depth': 12, 'heads': 2, 'weight_decay': -2, 'learning_rate': -3, 'dropout': 0.4}. Best is trial 8 with value: 2417.3120980283456.
[I 2025-01-10 06:11:28,756] Trial 17 finished with value: 380445.3254590278 and parameters: {'dim': 64, 'depth': 12, 'heads': 2, 'weight_decay': -2, 'learning_rate': -4, 'dropout': 0.5}. Best is trial 8 with value: 2417.3120980283456.
[I 2025-01-10 06:14:08,351] Trial 18 finished with value: 2457.3376133944025 and parameters: {'dim': 128, 'depth': 6, 'heads': 4, 'weight_decay': -1, 'learning_rate': -3, 'dropout': 0}. Best is trial 8 with value: 2417.3120980283456.
[I 2025-01-10 06:16:47,249] Trial 19 finished with value: 374268.1199155555 and parameters: {'dim': 32, 'depth': 6, 'heads': 2, 'weight_decay': -2, 'learning_rate': -4, 'dropout': 0.3}. Best is trial 8 with value: 2417.3120980283456.
[I 2025-01-10 06:19:31,474] Trial 20 finished with value: 2406.3670986507814 and parameters: {'dim': 64, 'depth': 12, 'heads': 2, 'weight_decay': -1, 'learning_rate': -3, 'dropout': 0.1}. Best is trial 20 with value: 2406.3670986507814.
[I 2025-01-10 06:22:10,483] Trial 21 finished with value: 318886.79332062445 and parameters: {'dim': 128, 'depth': 6, 'heads': 2, 'weight_decay': -4, 'learning_rate': -4, 'dropout': 0.1}. Best is trial 20 with value: 2406.3670986507814.
[I 2025-01-10 06:25:14,944] Trial 22 finished with value: 2845.0639605253027 and parameters: {'dim': 128, 'depth': 12, 'heads': 4, 'weight_decay': -3, 'learning_rate': -3, 'dropout': 0.1}. Best is trial 20 with value: 2406.3670986507814.
[I 2025-01-10 06:28:17,924] Trial 23 finished with value: 2492.9225653340736 and parameters: {'dim': 64, 'depth': 12, 'heads': 2, 'weight_decay': -1, 'learning_rate': -3, 'dropout': 0.1}. Best is trial 20 with value: 2406.3670986507814.
[I 2025-01-10 06:31:10,162] Trial 24 finished with value: 2394.2725020802454 and parameters: {'dim': 64, 'depth': 12, 'heads': 2, 'weight_decay': -1, 'learning_rate': -3, 'dropout': 0.1}. Best is trial 24 with value: 2394.2725020802454.
[I 2025-01-10 06:33:52,101] Trial 25 finished with value: 2526.744826035168 and parameters: {'dim': 64, 'depth': 12, 'heads': 2, 'weight_decay': -2, 'learning_rate': -3, 'dropout': 0.1}. Best is trial 24 with value: 2394.2725020802454.
[I 2025-01-10 06:36:33,869] Trial 26 finished with value: 371457.7405617035 and parameters: {'dim': 64, 'depth': 12, 'heads': 2, 'weight_decay': -1, 'learning_rate': -4, 'dropout': 0.1}. Best is trial 24 with value: 2394.2725020802454.
[I 2025-01-10 06:39:11,745] Trial 27 finished with value: 2749.647982536376 and parameters: {'dim': 64, 'depth': 2, 'heads': 2, 'weight_decay': -2, 'learning_rate': -3, 'dropout': 0.1}. Best is trial 24 with value: 2394.2725020802454.
[I 2025-01-10 06:41:51,932] Trial 28 finished with value: 362116.60611215944 and parameters: {'dim': 256, 'depth': 6, 'heads': 2, 'weight_decay': -1, 'learning_rate': -4, 'dropout': 0.1}. Best is trial 24 with value: 2394.2725020802454.
[I 2025-01-10 06:44:33,127] Trial 29 finished with value: 2698.315219869755 and parameters: {'dim': 32, 'depth': 12, 'heads': 2, 'weight_decay': -2, 'learning_rate': -3, 'dropout': 0.1}. Best is trial 24 with value: 2394.2725020802454.
[I 2025-01-10 06:47:13,805] Trial 30 finished with value: 519328.37078432215 and parameters: {'dim': 64, 'depth': 12, 'heads': 4, 'weight_decay': -1, 'learning_rate': -5, 'dropout': 0}. Best is trial 24 with value: 2394.2725020802454.
[I 2025-01-10 06:49:52,991] Trial 31 finished with value: 2705.38638099614 and parameters: {'dim': 32, 'depth': 6, 'heads': 2, 'weight_decay': -3, 'learning_rate': -3, 'dropout': 0.5}. Best is trial 24 with value: 2394.2725020802454.
[I 2025-01-10 06:52:41,824] Using an existing study with name 'TabTransformer_Black_Friday' instead of creating a new one.
[I 2025-01-10 09:44:34,277] Trial 2 finished with value: 12443717.191287499 and parameters: {'dim': 128, 'depth': 2, 'heads': 8, 'weight_decay': -5, 'learning_rate': -3, 'dropout': 0.4}. Best is trial 2 with value: 12443717.191287499.
[I 2025-01-10 12:35:34,160] Trial 3 finished with value: 13213996.726343187 and parameters: {'dim': 128, 'depth': 2, 'heads': 2, 'weight_decay': -1, 'learning_rate': -4, 'dropout': 0.4}. Best is trial 2 with value: 12443717.191287499.
[I 2025-01-10 18:52:28,830] Trial 4 finished with value: 23454218.367710993 and parameters: {'dim': 256, 'depth': 6, 'heads': 8, 'weight_decay': -2, 'learning_rate': -5, 'dropout': 0.2}. Best is trial 2 with value: 12443717.191287499.
[I 2025-01-10 20:46:03,446] Trial 5 finished with value: 116763243.07014892 and parameters: {'dim': 32, 'depth': 1, 'heads': 4, 'weight_decay': -6, 'learning_rate': -6, 'dropout': 0.4}. Best is trial 2 with value: 12443717.191287499.
[I 2025-01-11 09:05:12,894] Trial 6 finished with value: 23820017.620607335 and parameters: {'dim': 256, 'depth': 12, 'heads': 4, 'weight_decay': -4, 'learning_rate': -5, 'dropout': 0.2}. Best is trial 2 with value: 12443717.191287499.
[I 2025-01-11 14:57:38,328] Trial 7 finished with value: 13056080.537716288 and parameters: {'dim': 128, 'depth': 6, 'heads': 8, 'weight_decay': -4, 'learning_rate': -4, 'dropout': 0}. Best is trial 2 with value: 12443717.191287499.
[I 2025-01-12 03:40:05,791] Trial 8 finished with value: 23053198.683385815 and parameters: {'dim': 256, 'depth': 12, 'heads': 2, 'weight_decay': -1, 'learning_rate': -5, 'dropout': 0.5}. Best is trial 2 with value: 12443717.191287499.
[I 2025-01-12 15:41:21,914] Trial 9 finished with value: 24429890.606968403 and parameters: {'dim': 256, 'depth': 12, 'heads': 8, 'weight_decay': -1, 'learning_rate': -5, 'dropout': 0.1}. Best is trial 2 with value: 12443717.191287499.
[I 2025-01-12 17:03:45,146] Trial 10 finished with value: 13172921.419932278 and parameters: {'dim': 64, 'depth': 3, 'heads': 4, 'weight_decay': -1, 'learning_rate': -3, 'dropout': 0.5}. Best is trial 2 with value: 12443717.191287499.
[I 2025-01-12 18:25:20,018] Trial 11 finished with value: 12691505.5427309 and parameters: {'dim': 256, 'depth': 1, 'heads': 8, 'weight_decay': -3, 'learning_rate': -3, 'dropout': 0}. Best is trial 2 with value: 12443717.191287499.
[I 2025-01-12 20:36:53,374] Trial 12 finished with value: 12457356.85544509 and parameters: {'dim': 128, 'depth': 2, 'heads': 8, 'weight_decay': -6, 'learning_rate': -3, 'dropout': 0.3}. Best is trial 2 with value: 12443717.191287499.
[I 2025-01-12 22:49:53,382] Trial 13 finished with value: 12421735.392065033 and parameters: {'dim': 128, 'depth': 2, 'heads': 8, 'weight_decay': -6, 'learning_rate': -3, 'dropout': 0.3}. Best is trial 13 with value: 12421735.392065033.
srun: Job step aborted: Waiting up to 32 seconds for job step to finish.
slurmstepd: error: *** JOB 949231 ON stud-000 CANCELLED AT 2025-01-13T00:51:34 DUE TO TIME LIMIT ***
slurmstepd: error: *** STEP 949231.4 ON stud-000 CANCELLED AT 2025-01-13T00:51:34 DUE TO TIME LIMIT ***
