[I 2025-01-19 09:05:38,885] Using an existing study with name 'TabTransformer_Allstate_Claims' instead of creating a new one.
[I 2025-01-19 10:38:21,879] Trial 9 finished with value: 3758325.806649287 and parameters: {'dim': 32, 'depth': 2, 'heads': 4, 'weight_decay': -2, 'learning_rate': -5, 'dropout': 0}. Best is trial 1 with value: 3552409.371169546.
[I 2025-01-19 11:45:27,803] Trial 10 finished with value: 3557416.508405545 and parameters: {'dim': 64, 'depth': 2, 'heads': 2, 'weight_decay': -6, 'learning_rate': -4, 'dropout': 0.1}. Best is trial 1 with value: 3552409.371169546.
[I 2025-01-19 12:12:38,072] Trial 11 finished with value: 3596006.213412009 and parameters: {'dim': 256, 'depth': 3, 'heads': 4, 'weight_decay': -4, 'learning_rate': -3, 'dropout': 0.3}. Best is trial 1 with value: 3552409.371169546.
[I 2025-01-19 13:17:17,917] Trial 12 finished with value: 3551278.97940188 and parameters: {'dim': 256, 'depth': 1, 'heads': 8, 'weight_decay': -5, 'learning_rate': -4, 'dropout': 0.5}. Best is trial 12 with value: 3551278.97940188.
[I 2025-01-19 13:45:38,299] Trial 13 finished with value: 3578821.0177025646 and parameters: {'dim': 256, 'depth': 1, 'heads': 8, 'weight_decay': -5, 'learning_rate': -3, 'dropout': 0.5}. Best is trial 12 with value: 3551278.97940188.
[I 2025-01-19 15:14:24,777] Trial 14 finished with value: 3756605.1369802253 and parameters: {'dim': 256, 'depth': 1, 'heads': 8, 'weight_decay': -4, 'learning_rate': -5, 'dropout': 0.2}. Best is trial 12 with value: 3551278.97940188.
[I 2025-01-19 16:15:05,950] Trial 15 finished with value: 3554813.4499998116 and parameters: {'dim': 256, 'depth': 12, 'heads': 4, 'weight_decay': -6, 'learning_rate': -4, 'dropout': 0.5}. Best is trial 12 with value: 3551278.97940188.
[I 2025-01-19 17:43:23,693] Trial 16 finished with value: 3759075.1755647226 and parameters: {'dim': 128, 'depth': 3, 'heads': 2, 'weight_decay': -5, 'learning_rate': -5, 'dropout': 0.5}. Best is trial 12 with value: 3551278.97940188.
[I 2025-01-19 18:09:46,729] Trial 17 finished with value: 3588834.559394808 and parameters: {'dim': 256, 'depth': 1, 'heads': 8, 'weight_decay': -4, 'learning_rate': -3, 'dropout': 0.3}. Best is trial 12 with value: 3551278.97940188.
[I 2025-01-19 19:15:03,056] Trial 18 finished with value: 3552339.2416718667 and parameters: {'dim': 256, 'depth': 1, 'heads': 8, 'weight_decay': -6, 'learning_rate': -4, 'dropout': 0.2}. Best is trial 12 with value: 3551278.97940188.
[I 2025-01-19 20:42:42,276] Trial 19 finished with value: 3747877.473662275 and parameters: {'dim': 256, 'depth': 1, 'heads': 8, 'weight_decay': -3, 'learning_rate': -5, 'dropout': 0.2}. Best is trial 12 with value: 3551278.97940188.
[I 2025-01-19 21:08:56,957] Trial 20 finished with value: 3584505.3326785006 and parameters: {'dim': 128, 'depth': 1, 'heads': 8, 'weight_decay': -5, 'learning_rate': -3, 'dropout': 0.2}. Best is trial 12 with value: 3551278.97940188.
[I 2025-01-19 22:14:32,472] Trial 21 finished with value: 3552337.684078374 and parameters: {'dim': 256, 'depth': 1, 'heads': 8, 'weight_decay': -3, 'learning_rate': -4, 'dropout': 0.5}. Best is trial 12 with value: 3551278.97940188.
[I 2025-01-19 23:18:04,191] Trial 22 finished with value: 3551246.41642021 and parameters: {'dim': 256, 'depth': 1, 'heads': 8, 'weight_decay': -3, 'learning_rate': -4, 'dropout': 0.5}. Best is trial 22 with value: 3551246.41642021.
[I 2025-01-20 00:34:39,658] Trial 23 finished with value: 3551292.639002528 and parameters: {'dim': 256, 'depth': 1, 'heads': 8, 'weight_decay': -3, 'learning_rate': -4, 'dropout': 0.5}. Best is trial 22 with value: 3551246.41642021.
[I 2025-01-20 01:40:28,013] Trial 24 finished with value: 3552868.9233552376 and parameters: {'dim': 256, 'depth': 1, 'heads': 8, 'weight_decay': -3, 'learning_rate': -4, 'dropout': 0.5}. Best is trial 22 with value: 3551246.41642021.
[I 2025-01-20 03:11:51,592] Trial 25 finished with value: 3743403.7792845615 and parameters: {'dim': 256, 'depth': 1, 'heads': 8, 'weight_decay': -3, 'learning_rate': -5, 'dropout': 0.5}. Best is trial 22 with value: 3551246.41642021.
[I 2025-01-20 04:17:20,324] Trial 26 finished with value: 3554025.979076552 and parameters: {'dim': 256, 'depth': 12, 'heads': 8, 'weight_decay': -4, 'learning_rate': -4, 'dropout': 0.5}. Best is trial 22 with value: 3551246.41642021.
[I 2025-01-20 04:47:50,234] Trial 27 finished with value: 3590202.8327255123 and parameters: {'dim': 256, 'depth': 1, 'heads': 4, 'weight_decay': -2, 'learning_rate': -3, 'dropout': 0.5}. Best is trial 22 with value: 3551246.41642021.
[I 2025-01-20 05:54:08,981] Trial 28 finished with value: 3553880.4474036843 and parameters: {'dim': 128, 'depth': 6, 'heads': 8, 'weight_decay': -3, 'learning_rate': -4, 'dropout': 0.5}. Best is trial 22 with value: 3551246.41642021.
[I 2025-01-20 07:26:29,092] Trial 29 finished with value: 3748959.936637097 and parameters: {'dim': 64, 'depth': 1, 'heads': 8, 'weight_decay': -4, 'learning_rate': -5, 'dropout': 0.5}. Best is trial 22 with value: 3551246.41642021.
[I 2025-01-20 08:59:49,622] Trial 30 finished with value: 3584789.694026989 and parameters: {'dim': 64, 'depth': 6, 'heads': 8, 'weight_decay': -1, 'learning_rate': -4, 'dropout': 0.5}. Best is trial 22 with value: 3551246.41642021.
[I 2025-01-20 09:29:06,280] Trial 31 finished with value: 3585276.5890120105 and parameters: {'dim': 256, 'depth': 1, 'heads': 4, 'weight_decay': -2, 'learning_rate': -3, 'dropout': 0.4}. Best is trial 22 with value: 3551246.41642021.
[I 2025-01-20 10:34:08,857] Trial 32 finished with value: 3548593.5110861138 and parameters: {'dim': 256, 'depth': 1, 'heads': 8, 'weight_decay': -3, 'learning_rate': -4, 'dropout': 0.5}. Best is trial 32 with value: 3548593.5110861138.
[I 2025-01-20 11:43:13,365] Trial 33 finished with value: 3554398.271515871 and parameters: {'dim': 256, 'depth': 1, 'heads': 8, 'weight_decay': -3, 'learning_rate': -4, 'dropout': 0.5}. Best is trial 32 with value: 3548593.5110861138.
[I 2025-01-20 12:49:37,101] Trial 34 finished with value: 3548099.6336374814 and parameters: {'dim': 256, 'depth': 1, 'heads': 8, 'weight_decay': -3, 'learning_rate': -4, 'dropout': 0.5}. Best is trial 34 with value: 3548099.6336374814.
[I 2025-01-20 13:56:05,206] Trial 35 finished with value: 3550025.1686057323 and parameters: {'dim': 256, 'depth': 6, 'heads': 8, 'weight_decay': -4, 'learning_rate': -4, 'dropout': 0}. Best is trial 34 with value: 3548099.6336374814.
[I 2025-01-20 15:08:44,927] Trial 36 finished with value: 3553317.254199615 and parameters: {'dim': 256, 'depth': 6, 'heads': 8, 'weight_decay': -4, 'learning_rate': -4, 'dropout': 0}. Best is trial 34 with value: 3548099.6336374814.
[I 2025-01-20 16:22:06,993] Trial 37 finished with value: 3549185.0182960406 and parameters: {'dim': 32, 'depth': 6, 'heads': 8, 'weight_decay': -2, 'learning_rate': -4, 'dropout': 0}. Best is trial 34 with value: 3548099.6336374814.
[I 2025-01-20 17:56:12,855] Trial 38 finished with value: 4766123.44097834 and parameters: {'dim': 32, 'depth': 6, 'heads': 2, 'weight_decay': -1, 'learning_rate': -6, 'dropout': 0}. Best is trial 34 with value: 3548099.6336374814.
[I 2025-01-20 18:25:16,477] Trial 39 finished with value: 3574285.4658692544 and parameters: {'dim': 32, 'depth': 6, 'heads': 8, 'weight_decay': -2, 'learning_rate': -3, 'dropout': 0}. Best is trial 34 with value: 3548099.6336374814.
[I 2025-01-20 19:31:54,633] Trial 40 finished with value: 3554705.017957927 and parameters: {'dim': 32, 'depth': 6, 'heads': 8, 'weight_decay': -2, 'learning_rate': -4, 'dropout': 0}. Best is trial 34 with value: 3548099.6336374814.
[I 2025-01-20 21:06:04,772] Trial 41 finished with value: 3779343.042423828 and parameters: {'dim': 32, 'depth': 6, 'heads': 2, 'weight_decay': -1, 'learning_rate': -5, 'dropout': 0}. Best is trial 34 with value: 3548099.6336374814.
[I 2025-01-20 22:16:19,919] Trial 42 finished with value: 3550127.6801248267 and parameters: {'dim': 32, 'depth': 2, 'heads': 8, 'weight_decay': -3, 'learning_rate': -4, 'dropout': 0.4}. Best is trial 34 with value: 3548099.6336374814.
[I 2025-01-20 23:26:16,960] Trial 43 finished with value: 3546744.9497103365 and parameters: {'dim': 32, 'depth': 2, 'heads': 8, 'weight_decay': -2, 'learning_rate': -4, 'dropout': 0.4}. Best is trial 43 with value: 3546744.9497103365.
[I 2025-01-21 00:37:58,426] Trial 44 finished with value: 3547232.3748400947 and parameters: {'dim': 32, 'depth': 2, 'heads': 8, 'weight_decay': -2, 'learning_rate': -4, 'dropout': 0.4}. Best is trial 43 with value: 3546744.9497103365.
[I 2025-01-21 01:42:46,191] Trial 45 finished with value: 3549707.9901860156 and parameters: {'dim': 32, 'depth': 2, 'heads': 8, 'weight_decay': -2, 'learning_rate': -4, 'dropout': 0.4}. Best is trial 43 with value: 3546744.9497103365.
[I 2025-01-21 02:52:51,875] Trial 46 finished with value: 3553093.7899638666 and parameters: {'dim': 32, 'depth': 2, 'heads': 8, 'weight_decay': -2, 'learning_rate': -4, 'dropout': 0.4}. Best is trial 43 with value: 3546744.9497103365.
[I 2025-01-21 04:21:26,141] Trial 47 finished with value: 3589690.9289171756 and parameters: {'dim': 32, 'depth': 2, 'heads': 4, 'weight_decay': -1, 'learning_rate': -4, 'dropout': 0.4}. Best is trial 43 with value: 3546744.9497103365.
[I 2025-01-21 05:24:16,979] Trial 48 finished with value: 3546437.0810431303 and parameters: {'dim': 32, 'depth': 2, 'heads': 8, 'weight_decay': -2, 'learning_rate': -4, 'dropout': 0.1}. Best is trial 48 with value: 3546437.0810431303.
[I 2025-01-21 05:52:37,762] Trial 49 finished with value: 3591248.374878779 and parameters: {'dim': 32, 'depth': 2, 'heads': 2, 'weight_decay': -2, 'learning_rate': -3, 'dropout': 0.1}. Best is trial 48 with value: 3546437.0810431303.
[I 2025-01-21 07:17:14,987] Trial 50 finished with value: 3793583.3094478236 and parameters: {'dim': 32, 'depth': 2, 'heads': 8, 'weight_decay': -1, 'learning_rate': -5, 'dropout': 0.1}. Best is trial 48 with value: 3546437.0810431303.
[I 2025-01-21 08:22:33,337] Trial 51 finished with value: 3551469.337009641 and parameters: {'dim': 64, 'depth': 2, 'heads': 8, 'weight_decay': -2, 'learning_rate': -4, 'dropout': 0.1}. Best is trial 48 with value: 3546437.0810431303.
[I 2025-01-21 09:26:42,722] Trial 52 finished with value: 3546695.437851999 and parameters: {'dim': 32, 'depth': 2, 'heads': 8, 'weight_decay': -2, 'learning_rate': -4, 'dropout': 0.4}. Best is trial 48 with value: 3546437.0810431303.
[I 2025-01-21 10:30:18,303] Trial 53 finished with value: 3551699.587042241 and parameters: {'dim': 32, 'depth': 2, 'heads': 8, 'weight_decay': -2, 'learning_rate': -4, 'dropout': 0.4}. Best is trial 48 with value: 3546437.0810431303.
srun: Job step aborted: Waiting up to 32 seconds for job step to finish.
slurmstepd: error: *** JOB 958696 ON stud-000 CANCELLED AT 2025-01-22T09:05:29 DUE TO TIME LIMIT ***
slurmstepd: error: *** STEP 958696.0 ON stud-000 CANCELLED AT 2025-01-22T09:05:29 DUE TO TIME LIMIT ***
