[I 2025-01-08 09:31:24,774] Using an existing study with name 'TabTransformer_Boston' instead of creating a new one.
[W 2025-01-08 09:31:51,113] Trial 1 failed with parameters: {'dim': 64, 'depth': 1, 'heads': 4, 'weight_decay': -4, 'learning_rate': -6, 'dropout': 0.3} because of the following error: AttributeError("module 'numpy' has no attribute 'float'.\n`np.float` was a deprecated alias for the builtin `float`. To avoid this error in existing code, use `float` by itself. Doing this will not modify any behavior and is safe. If you specifically wanted the numpy scalar type, use `np.float64` here.\nThe aliases was originally deprecated in NumPy 1.20; for more details and guidance see the original release note at:\n    https://numpy.org/devdocs/release/1.20.0-notes.html#deprecations").
Traceback (most recent call last):
  File "/home/mburu/.local/lib/python3.8/site-packages/optuna/study/_optimize.py", line 197, in _run_trial
    value_or_values = func(trial)
  File "train.py", line 134, in __call__
    sc, time = cross_validation(model, self.X, self.y, self.args, visual=False)
  File "train.py", line 52, in cross_validation
    curr_model.predict(X_test)
  File "/home/mburu/Master_Thesis/master-thesis-da/DNN_Trial/models/basemodel_torch.py", line 129, in predict
    self.predictions = self.predict_helper(X)
  File "/home/mburu/Master_Thesis/master-thesis-da/DNN_Trial/models/tabtransformer.py", line 155, in predict_helper
    X = np.array(X, dtype=np.float)
  File "/home/mburu/.local/lib/python3.8/site-packages/numpy/__init__.py", line 305, in __getattr__
    raise AttributeError(__former_attrs__[attr])
AttributeError: module 'numpy' has no attribute 'float'.
`np.float` was a deprecated alias for the builtin `float`. To avoid this error in existing code, use `float` by itself. Doing this will not modify any behavior and is safe. If you specifically wanted the numpy scalar type, use `np.float64` here.
The aliases was originally deprecated in NumPy 1.20; for more details and guidance see the original release note at:
    https://numpy.org/devdocs/release/1.20.0-notes.html#deprecations
[W 2025-01-08 09:31:51,115] Trial 1 failed with value None.
Traceback (most recent call last):
  File "train.py", line 185, in <module>
    main(arguments)
  File "train.py", line 156, in main
    study.optimize(Objective(args, model_name, X, y), n_trials=args.n_trials)
  File "/home/mburu/.local/lib/python3.8/site-packages/optuna/study/study.py", line 475, in optimize
    _optimize(
  File "/home/mburu/.local/lib/python3.8/site-packages/optuna/study/_optimize.py", line 63, in _optimize
    _optimize_sequential(
  File "/home/mburu/.local/lib/python3.8/site-packages/optuna/study/_optimize.py", line 160, in _optimize_sequential
    frozen_trial = _run_trial(study, func, catch)
  File "/home/mburu/.local/lib/python3.8/site-packages/optuna/study/_optimize.py", line 248, in _run_trial
    raise func_err
  File "/home/mburu/.local/lib/python3.8/site-packages/optuna/study/_optimize.py", line 197, in _run_trial
    value_or_values = func(trial)
  File "train.py", line 134, in __call__
    sc, time = cross_validation(model, self.X, self.y, self.args, visual=False)
  File "train.py", line 52, in cross_validation
    curr_model.predict(X_test)
  File "/home/mburu/Master_Thesis/master-thesis-da/DNN_Trial/models/basemodel_torch.py", line 129, in predict
    self.predictions = self.predict_helper(X)
  File "/home/mburu/Master_Thesis/master-thesis-da/DNN_Trial/models/tabtransformer.py", line 155, in predict_helper
    X = np.array(X, dtype=np.float)
  File "/home/mburu/.local/lib/python3.8/site-packages/numpy/__init__.py", line 305, in __getattr__
    raise AttributeError(__former_attrs__[attr])
AttributeError: module 'numpy' has no attribute 'float'.
`np.float` was a deprecated alias for the builtin `float`. To avoid this error in existing code, use `float` by itself. Doing this will not modify any behavior and is safe. If you specifically wanted the numpy scalar type, use `np.float64` here.
The aliases was originally deprecated in NumPy 1.20; for more details and guidance see the original release note at:
    https://numpy.org/devdocs/release/1.20.0-notes.html#deprecations
srun: error: stud-000: task 0: Exited with exit code 1
[I 2025-01-08 09:31:55,626] Using an existing study with name 'TabTransformer_Socmob' instead of creating a new one.
[W 2025-01-08 09:32:29,418] Trial 1 failed with parameters: {'dim': 128, 'depth': 6, 'heads': 4, 'weight_decay': -2, 'learning_rate': -5, 'dropout': 0} because of the following error: AttributeError("module 'numpy' has no attribute 'float'.\n`np.float` was a deprecated alias for the builtin `float`. To avoid this error in existing code, use `float` by itself. Doing this will not modify any behavior and is safe. If you specifically wanted the numpy scalar type, use `np.float64` here.\nThe aliases was originally deprecated in NumPy 1.20; for more details and guidance see the original release note at:\n    https://numpy.org/devdocs/release/1.20.0-notes.html#deprecations").
Traceback (most recent call last):
  File "/home/mburu/.local/lib/python3.8/site-packages/optuna/study/_optimize.py", line 197, in _run_trial
    value_or_values = func(trial)
  File "train.py", line 134, in __call__
    sc, time = cross_validation(model, self.X, self.y, self.args, visual=False)
  File "train.py", line 52, in cross_validation
    curr_model.predict(X_test)
  File "/home/mburu/Master_Thesis/master-thesis-da/DNN_Trial/models/basemodel_torch.py", line 129, in predict
    self.predictions = self.predict_helper(X)
  File "/home/mburu/Master_Thesis/master-thesis-da/DNN_Trial/models/tabtransformer.py", line 155, in predict_helper
    X = np.array(X, dtype=np.float)
  File "/home/mburu/.local/lib/python3.8/site-packages/numpy/__init__.py", line 305, in __getattr__
    raise AttributeError(__former_attrs__[attr])
AttributeError: module 'numpy' has no attribute 'float'.
`np.float` was a deprecated alias for the builtin `float`. To avoid this error in existing code, use `float` by itself. Doing this will not modify any behavior and is safe. If you specifically wanted the numpy scalar type, use `np.float64` here.
The aliases was originally deprecated in NumPy 1.20; for more details and guidance see the original release note at:
    https://numpy.org/devdocs/release/1.20.0-notes.html#deprecations
[W 2025-01-08 09:32:29,420] Trial 1 failed with value None.
Traceback (most recent call last):
  File "train.py", line 185, in <module>
    main(arguments)
  File "train.py", line 156, in main
    study.optimize(Objective(args, model_name, X, y), n_trials=args.n_trials)
  File "/home/mburu/.local/lib/python3.8/site-packages/optuna/study/study.py", line 475, in optimize
    _optimize(
  File "/home/mburu/.local/lib/python3.8/site-packages/optuna/study/_optimize.py", line 63, in _optimize
    _optimize_sequential(
  File "/home/mburu/.local/lib/python3.8/site-packages/optuna/study/_optimize.py", line 160, in _optimize_sequential
    frozen_trial = _run_trial(study, func, catch)
  File "/home/mburu/.local/lib/python3.8/site-packages/optuna/study/_optimize.py", line 248, in _run_trial
    raise func_err
  File "/home/mburu/.local/lib/python3.8/site-packages/optuna/study/_optimize.py", line 197, in _run_trial
    value_or_values = func(trial)
  File "train.py", line 134, in __call__
    sc, time = cross_validation(model, self.X, self.y, self.args, visual=False)
  File "train.py", line 52, in cross_validation
    curr_model.predict(X_test)
  File "/home/mburu/Master_Thesis/master-thesis-da/DNN_Trial/models/basemodel_torch.py", line 129, in predict
    self.predictions = self.predict_helper(X)
  File "/home/mburu/Master_Thesis/master-thesis-da/DNN_Trial/models/tabtransformer.py", line 155, in predict_helper
    X = np.array(X, dtype=np.float)
  File "/home/mburu/.local/lib/python3.8/site-packages/numpy/__init__.py", line 305, in __getattr__
    raise AttributeError(__former_attrs__[attr])
AttributeError: module 'numpy' has no attribute 'float'.
`np.float` was a deprecated alias for the builtin `float`. To avoid this error in existing code, use `float` by itself. Doing this will not modify any behavior and is safe. If you specifically wanted the numpy scalar type, use `np.float64` here.
The aliases was originally deprecated in NumPy 1.20; for more details and guidance see the original release note at:
    https://numpy.org/devdocs/release/1.20.0-notes.html#deprecations
srun: error: stud-000: task 0: Exited with exit code 1
[I 2025-01-08 09:32:34,466] Using an existing study with name 'TabTransformer_Sensory' instead of creating a new one.
[W 2025-01-08 09:33:00,559] Trial 1 failed with parameters: {'dim': 64, 'depth': 2, 'heads': 2, 'weight_decay': -5, 'learning_rate': -6, 'dropout': 0.1} because of the following error: AttributeError("module 'numpy' has no attribute 'float'.\n`np.float` was a deprecated alias for the builtin `float`. To avoid this error in existing code, use `float` by itself. Doing this will not modify any behavior and is safe. If you specifically wanted the numpy scalar type, use `np.float64` here.\nThe aliases was originally deprecated in NumPy 1.20; for more details and guidance see the original release note at:\n    https://numpy.org/devdocs/release/1.20.0-notes.html#deprecations").
Traceback (most recent call last):
  File "/home/mburu/.local/lib/python3.8/site-packages/optuna/study/_optimize.py", line 197, in _run_trial
    value_or_values = func(trial)
  File "train.py", line 134, in __call__
    sc, time = cross_validation(model, self.X, self.y, self.args, visual=False)
  File "train.py", line 52, in cross_validation
    curr_model.predict(X_test)
  File "/home/mburu/Master_Thesis/master-thesis-da/DNN_Trial/models/basemodel_torch.py", line 129, in predict
    self.predictions = self.predict_helper(X)
  File "/home/mburu/Master_Thesis/master-thesis-da/DNN_Trial/models/tabtransformer.py", line 155, in predict_helper
    X = np.array(X, dtype=np.float)
  File "/home/mburu/.local/lib/python3.8/site-packages/numpy/__init__.py", line 305, in __getattr__
    raise AttributeError(__former_attrs__[attr])
AttributeError: module 'numpy' has no attribute 'float'.
`np.float` was a deprecated alias for the builtin `float`. To avoid this error in existing code, use `float` by itself. Doing this will not modify any behavior and is safe. If you specifically wanted the numpy scalar type, use `np.float64` here.
The aliases was originally deprecated in NumPy 1.20; for more details and guidance see the original release note at:
    https://numpy.org/devdocs/release/1.20.0-notes.html#deprecations
[W 2025-01-08 09:33:00,561] Trial 1 failed with value None.
Traceback (most recent call last):
  File "train.py", line 185, in <module>
    main(arguments)
  File "train.py", line 156, in main
    study.optimize(Objective(args, model_name, X, y), n_trials=args.n_trials)
  File "/home/mburu/.local/lib/python3.8/site-packages/optuna/study/study.py", line 475, in optimize
    _optimize(
  File "/home/mburu/.local/lib/python3.8/site-packages/optuna/study/_optimize.py", line 63, in _optimize
    _optimize_sequential(
  File "/home/mburu/.local/lib/python3.8/site-packages/optuna/study/_optimize.py", line 160, in _optimize_sequential
    frozen_trial = _run_trial(study, func, catch)
  File "/home/mburu/.local/lib/python3.8/site-packages/optuna/study/_optimize.py", line 248, in _run_trial
    raise func_err
  File "/home/mburu/.local/lib/python3.8/site-packages/optuna/study/_optimize.py", line 197, in _run_trial
    value_or_values = func(trial)
  File "train.py", line 134, in __call__
    sc, time = cross_validation(model, self.X, self.y, self.args, visual=False)
  File "train.py", line 52, in cross_validation
    curr_model.predict(X_test)
  File "/home/mburu/Master_Thesis/master-thesis-da/DNN_Trial/models/basemodel_torch.py", line 129, in predict
    self.predictions = self.predict_helper(X)
  File "/home/mburu/Master_Thesis/master-thesis-da/DNN_Trial/models/tabtransformer.py", line 155, in predict_helper
    X = np.array(X, dtype=np.float)
  File "/home/mburu/.local/lib/python3.8/site-packages/numpy/__init__.py", line 305, in __getattr__
    raise AttributeError(__former_attrs__[attr])
AttributeError: module 'numpy' has no attribute 'float'.
`np.float` was a deprecated alias for the builtin `float`. To avoid this error in existing code, use `float` by itself. Doing this will not modify any behavior and is safe. If you specifically wanted the numpy scalar type, use `np.float64` here.
The aliases was originally deprecated in NumPy 1.20; for more details and guidance see the original release note at:
    https://numpy.org/devdocs/release/1.20.0-notes.html#deprecations
srun: error: stud-000: task 0: Exited with exit code 1
[I 2025-01-08 09:33:05,047] Using an existing study with name 'TabTransformer_Moneyball' instead of creating a new one.
[W 2025-01-08 09:33:34,345] Trial 1 failed with parameters: {'dim': 128, 'depth': 6, 'heads': 2, 'weight_decay': -6, 'learning_rate': -3, 'dropout': 0.1} because of the following error: AttributeError("module 'numpy' has no attribute 'float'.\n`np.float` was a deprecated alias for the builtin `float`. To avoid this error in existing code, use `float` by itself. Doing this will not modify any behavior and is safe. If you specifically wanted the numpy scalar type, use `np.float64` here.\nThe aliases was originally deprecated in NumPy 1.20; for more details and guidance see the original release note at:\n    https://numpy.org/devdocs/release/1.20.0-notes.html#deprecations").
Traceback (most recent call last):
  File "/home/mburu/.local/lib/python3.8/site-packages/optuna/study/_optimize.py", line 197, in _run_trial
    value_or_values = func(trial)
  File "train.py", line 134, in __call__
    sc, time = cross_validation(model, self.X, self.y, self.args, visual=False)
  File "train.py", line 52, in cross_validation
    curr_model.predict(X_test)
  File "/home/mburu/Master_Thesis/master-thesis-da/DNN_Trial/models/basemodel_torch.py", line 129, in predict
    self.predictions = self.predict_helper(X)
  File "/home/mburu/Master_Thesis/master-thesis-da/DNN_Trial/models/tabtransformer.py", line 155, in predict_helper
    X = np.array(X, dtype=np.float)
  File "/home/mburu/.local/lib/python3.8/site-packages/numpy/__init__.py", line 305, in __getattr__
    raise AttributeError(__former_attrs__[attr])
AttributeError: module 'numpy' has no attribute 'float'.
`np.float` was a deprecated alias for the builtin `float`. To avoid this error in existing code, use `float` by itself. Doing this will not modify any behavior and is safe. If you specifically wanted the numpy scalar type, use `np.float64` here.
The aliases was originally deprecated in NumPy 1.20; for more details and guidance see the original release note at:
    https://numpy.org/devdocs/release/1.20.0-notes.html#deprecations
[W 2025-01-08 09:33:34,347] Trial 1 failed with value None.
Traceback (most recent call last):
  File "train.py", line 185, in <module>
    main(arguments)
  File "train.py", line 156, in main
    study.optimize(Objective(args, model_name, X, y), n_trials=args.n_trials)
  File "/home/mburu/.local/lib/python3.8/site-packages/optuna/study/study.py", line 475, in optimize
    _optimize(
  File "/home/mburu/.local/lib/python3.8/site-packages/optuna/study/_optimize.py", line 63, in _optimize
    _optimize_sequential(
  File "/home/mburu/.local/lib/python3.8/site-packages/optuna/study/_optimize.py", line 160, in _optimize_sequential
    frozen_trial = _run_trial(study, func, catch)
  File "/home/mburu/.local/lib/python3.8/site-packages/optuna/study/_optimize.py", line 248, in _run_trial
    raise func_err
  File "/home/mburu/.local/lib/python3.8/site-packages/optuna/study/_optimize.py", line 197, in _run_trial
    value_or_values = func(trial)
  File "train.py", line 134, in __call__
    sc, time = cross_validation(model, self.X, self.y, self.args, visual=False)
  File "train.py", line 52, in cross_validation
    curr_model.predict(X_test)
  File "/home/mburu/Master_Thesis/master-thesis-da/DNN_Trial/models/basemodel_torch.py", line 129, in predict
    self.predictions = self.predict_helper(X)
  File "/home/mburu/Master_Thesis/master-thesis-da/DNN_Trial/models/tabtransformer.py", line 155, in predict_helper
    X = np.array(X, dtype=np.float)
  File "/home/mburu/.local/lib/python3.8/site-packages/numpy/__init__.py", line 305, in __getattr__
    raise AttributeError(__former_attrs__[attr])
AttributeError: module 'numpy' has no attribute 'float'.
`np.float` was a deprecated alias for the builtin `float`. To avoid this error in existing code, use `float` by itself. Doing this will not modify any behavior and is safe. If you specifically wanted the numpy scalar type, use `np.float64` here.
The aliases was originally deprecated in NumPy 1.20; for more details and guidance see the original release note at:
    https://numpy.org/devdocs/release/1.20.0-notes.html#deprecations
srun: error: stud-000: task 0: Exited with exit code 1
[I 2025-01-08 09:33:41,125] Using an existing study with name 'TabTransformer_Black_Friday' instead of creating a new one.
[W 2025-01-08 09:52:36,252] Trial 1 failed with parameters: {'dim': 128, 'depth': 1, 'heads': 2, 'weight_decay': -6, 'learning_rate': -4, 'dropout': 0.1} because of the following error: AttributeError("module 'numpy' has no attribute 'float'.\n`np.float` was a deprecated alias for the builtin `float`. To avoid this error in existing code, use `float` by itself. Doing this will not modify any behavior and is safe. If you specifically wanted the numpy scalar type, use `np.float64` here.\nThe aliases was originally deprecated in NumPy 1.20; for more details and guidance see the original release note at:\n    https://numpy.org/devdocs/release/1.20.0-notes.html#deprecations").
Traceback (most recent call last):
  File "/home/mburu/.local/lib/python3.8/site-packages/optuna/study/_optimize.py", line 197, in _run_trial
    value_or_values = func(trial)
  File "train.py", line 134, in __call__
    sc, time = cross_validation(model, self.X, self.y, self.args, visual=False)
  File "train.py", line 52, in cross_validation
    curr_model.predict(X_test)
  File "/home/mburu/Master_Thesis/master-thesis-da/DNN_Trial/models/basemodel_torch.py", line 129, in predict
    self.predictions = self.predict_helper(X)
  File "/home/mburu/Master_Thesis/master-thesis-da/DNN_Trial/models/tabtransformer.py", line 155, in predict_helper
    X = np.array(X, dtype=np.float)
  File "/home/mburu/.local/lib/python3.8/site-packages/numpy/__init__.py", line 305, in __getattr__
    raise AttributeError(__former_attrs__[attr])
AttributeError: module 'numpy' has no attribute 'float'.
`np.float` was a deprecated alias for the builtin `float`. To avoid this error in existing code, use `float` by itself. Doing this will not modify any behavior and is safe. If you specifically wanted the numpy scalar type, use `np.float64` here.
The aliases was originally deprecated in NumPy 1.20; for more details and guidance see the original release note at:
    https://numpy.org/devdocs/release/1.20.0-notes.html#deprecations
[W 2025-01-08 09:52:36,255] Trial 1 failed with value None.
Traceback (most recent call last):
  File "train.py", line 185, in <module>
    main(arguments)
  File "train.py", line 156, in main
    study.optimize(Objective(args, model_name, X, y), n_trials=args.n_trials)
  File "/home/mburu/.local/lib/python3.8/site-packages/optuna/study/study.py", line 475, in optimize
    _optimize(
  File "/home/mburu/.local/lib/python3.8/site-packages/optuna/study/_optimize.py", line 63, in _optimize
    _optimize_sequential(
  File "/home/mburu/.local/lib/python3.8/site-packages/optuna/study/_optimize.py", line 160, in _optimize_sequential
    frozen_trial = _run_trial(study, func, catch)
  File "/home/mburu/.local/lib/python3.8/site-packages/optuna/study/_optimize.py", line 248, in _run_trial
    raise func_err
  File "/home/mburu/.local/lib/python3.8/site-packages/optuna/study/_optimize.py", line 197, in _run_trial
    value_or_values = func(trial)
  File "train.py", line 134, in __call__
    sc, time = cross_validation(model, self.X, self.y, self.args, visual=False)
  File "train.py", line 52, in cross_validation
    curr_model.predict(X_test)
  File "/home/mburu/Master_Thesis/master-thesis-da/DNN_Trial/models/basemodel_torch.py", line 129, in predict
    self.predictions = self.predict_helper(X)
  File "/home/mburu/Master_Thesis/master-thesis-da/DNN_Trial/models/tabtransformer.py", line 155, in predict_helper
    X = np.array(X, dtype=np.float)
  File "/home/mburu/.local/lib/python3.8/site-packages/numpy/__init__.py", line 305, in __getattr__
    raise AttributeError(__former_attrs__[attr])
AttributeError: module 'numpy' has no attribute 'float'.
`np.float` was a deprecated alias for the builtin `float`. To avoid this error in existing code, use `float` by itself. Doing this will not modify any behavior and is safe. If you specifically wanted the numpy scalar type, use `np.float64` here.
The aliases was originally deprecated in NumPy 1.20; for more details and guidance see the original release note at:
    https://numpy.org/devdocs/release/1.20.0-notes.html#deprecations
srun: error: stud-000: task 0: Exited with exit code 1
