/home/mburu/.local/lib/python3.8/site-packages/sklearn/preprocessing/_encoders.py:975: FutureWarning: `sparse` was renamed to `sparse_output` in version 1.2 and will be removed in 1.4. `sparse_output` is ignored unless you leave `sparse` to its default value.
  warnings.warn(
[I 2024-12-05 02:02:41,953] A new study created in RDB with name: RandomForest_Boston
[I 2024-12-05 02:02:42,397] Trial 0 finished with value: 25.327302431981472 and parameters: {'max_depth': 2, 'n_estimators': 11}. Best is trial 0 with value: 25.327302431981472.
[I 2024-12-05 02:02:43,826] Trial 1 finished with value: 24.056316417225396 and parameters: {'max_depth': 2, 'n_estimators': 69}. Best is trial 1 with value: 24.056316417225396.
[I 2024-12-05 02:02:44,624] Trial 2 finished with value: 25.62001090822556 and parameters: {'max_depth': 2, 'n_estimators': 11}. Best is trial 1 with value: 24.056316417225396.
[I 2024-12-05 02:02:45,485] Trial 3 finished with value: 17.859683383465562 and parameters: {'max_depth': 3, 'n_estimators': 38}. Best is trial 3 with value: 17.859683383465562.
[I 2024-12-05 02:02:45,921] Trial 4 finished with value: 24.775696581326734 and parameters: {'max_depth': 2, 'n_estimators': 12}. Best is trial 3 with value: 17.859683383465562.
[I 2024-12-05 02:02:46,520] Trial 5 finished with value: 11.541362523564608 and parameters: {'max_depth': 11, 'n_estimators': 22}. Best is trial 5 with value: 11.541362523564608.
[I 2024-12-05 02:02:46,982] Trial 6 finished with value: 12.814572108885809 and parameters: {'max_depth': 6, 'n_estimators': 14}. Best is trial 5 with value: 11.541362523564608.
[I 2024-12-05 02:02:47,496] Trial 7 finished with value: 11.256214700401292 and parameters: {'max_depth': 7, 'n_estimators': 11}. Best is trial 7 with value: 11.256214700401292.
[I 2024-12-05 02:02:48,575] Trial 8 finished with value: 23.793177438634174 and parameters: {'max_depth': 2, 'n_estimators': 80}. Best is trial 7 with value: 11.256214700401292.
[I 2024-12-05 02:02:48,964] Trial 9 finished with value: 14.287569449725657 and parameters: {'max_depth': 5, 'n_estimators': 8}. Best is trial 7 with value: 11.256214700401292.
[I 2024-12-05 02:02:49,367] Trial 10 finished with value: 13.392220250813287 and parameters: {'max_depth': 9, 'n_estimators': 5}. Best is trial 7 with value: 11.256214700401292.
[I 2024-12-05 02:02:50,024] Trial 11 finished with value: 10.659174661221815 and parameters: {'max_depth': 11, 'n_estimators': 27}. Best is trial 11 with value: 10.659174661221815.
[I 2024-12-05 02:02:50,649] Trial 12 finished with value: 11.41886679618283 and parameters: {'max_depth': 8, 'n_estimators': 26}. Best is trial 11 with value: 10.659174661221815.
[I 2024-12-05 02:02:51,485] Trial 13 finished with value: 11.078729306039085 and parameters: {'max_depth': 12, 'n_estimators': 42}. Best is trial 11 with value: 10.659174661221815.
[I 2024-12-05 02:02:52,355] Trial 14 finished with value: 11.285151437717985 and parameters: {'max_depth': 11, 'n_estimators': 43}. Best is trial 11 with value: 10.659174661221815.
[I 2024-12-05 02:02:53,110] Trial 15 finished with value: 13.143781695604963 and parameters: {'max_depth': 4, 'n_estimators': 43}. Best is trial 11 with value: 10.659174661221815.
[I 2024-12-05 02:02:53,800] Trial 16 finished with value: 12.655786376100933 and parameters: {'max_depth': 12, 'n_estimators': 30}. Best is trial 11 with value: 10.659174661221815.
[I 2024-12-05 02:02:55,271] Trial 17 finished with value: 10.789921128012402 and parameters: {'max_depth': 9, 'n_estimators': 100}. Best is trial 11 with value: 10.659174661221815.
[I 2024-12-05 02:02:56,758] Trial 18 finished with value: 11.788284366194697 and parameters: {'max_depth': 9, 'n_estimators': 97}. Best is trial 11 with value: 10.659174661221815.
[I 2024-12-05 02:02:57,695] Trial 19 finished with value: 13.540804290106184 and parameters: {'max_depth': 4, 'n_estimators': 59}. Best is trial 11 with value: 10.659174661221815.
[I 2024-12-05 02:02:58,200] Trial 20 finished with value: 12.774177235473978 and parameters: {'max_depth': 6, 'n_estimators': 17}. Best is trial 11 with value: 10.659174661221815.
[I 2024-12-05 02:02:59,166] Trial 21 finished with value: 11.52141355997176 and parameters: {'max_depth': 10, 'n_estimators': 55}. Best is trial 11 with value: 10.659174661221815.
[I 2024-12-05 02:02:59,920] Trial 22 finished with value: 11.721887699442487 and parameters: {'max_depth': 12, 'n_estimators': 32}. Best is trial 11 with value: 10.659174661221815.
[I 2024-12-05 02:03:00,474] Trial 23 finished with value: 12.33593573085157 and parameters: {'max_depth': 8, 'n_estimators': 20}. Best is trial 11 with value: 10.659174661221815.
[I 2024-12-05 02:03:01,311] Trial 24 finished with value: 11.537241697701543 and parameters: {'max_depth': 7, 'n_estimators': 50}. Best is trial 11 with value: 10.659174661221815.
[I 2024-12-05 02:03:02,750] Trial 25 finished with value: 10.839682934921628 and parameters: {'max_depth': 10, 'n_estimators': 95}. Best is trial 11 with value: 10.659174661221815.
[I 2024-12-05 02:03:03,924] Trial 26 finished with value: 17.08606550875776 and parameters: {'max_depth': 3, 'n_estimators': 87}. Best is trial 11 with value: 10.659174661221815.
[I 2024-12-05 02:03:05,199] Trial 27 finished with value: 11.027182825162685 and parameters: {'max_depth': 9, 'n_estimators': 73}. Best is trial 11 with value: 10.659174661221815.
[I 2024-12-05 02:03:06,566] Trial 28 finished with value: 11.08093801683565 and parameters: {'max_depth': 7, 'n_estimators': 94}. Best is trial 11 with value: 10.659174661221815.
[I 2024-12-05 02:03:07,515] Trial 29 finished with value: 12.622163979308196 and parameters: {'max_depth': 5, 'n_estimators': 63}. Best is trial 11 with value: 10.659174661221815.
[I 2024-12-05 02:03:07,936] Trial 30 finished with value: 13.52996646587889 and parameters: {'max_depth': 10, 'n_estimators': 7}. Best is trial 11 with value: 10.659174661221815.
[I 2024-12-05 02:03:09,221] Trial 31 finished with value: 11.20567026174263 and parameters: {'max_depth': 9, 'n_estimators': 81}. Best is trial 11 with value: 10.659174661221815.
[I 2024-12-05 02:03:10,326] Trial 32 finished with value: 11.605012460680104 and parameters: {'max_depth': 8, 'n_estimators': 71}. Best is trial 11 with value: 10.659174661221815.
[I 2024-12-05 02:03:11,520] Trial 33 finished with value: 11.378892720575385 and parameters: {'max_depth': 10, 'n_estimators': 72}. Best is trial 11 with value: 10.659174661221815.
[I 2024-12-05 02:03:12,871] Trial 34 finished with value: 11.856699159393585 and parameters: {'max_depth': 6, 'n_estimators': 99}. Best is trial 11 with value: 10.659174661221815.
[I 2024-12-05 02:03:13,802] Trial 35 finished with value: 11.110284582305937 and parameters: {'max_depth': 8, 'n_estimators': 51}. Best is trial 11 with value: 10.659174661221815.
[I 2024-12-05 02:03:15,036] Trial 36 finished with value: 11.218190200095046 and parameters: {'max_depth': 10, 'n_estimators': 73}. Best is trial 11 with value: 10.659174661221815.
[I 2024-12-05 02:03:15,949] Trial 37 finished with value: 16.547206943917512 and parameters: {'max_depth': 3, 'n_estimators': 64}. Best is trial 11 with value: 10.659174661221815.
[I 2024-12-05 02:03:16,714] Trial 38 finished with value: 11.164316235572688 and parameters: {'max_depth': 11, 'n_estimators': 36}. Best is trial 11 with value: 10.659174661221815.
[I 2024-12-05 02:03:17,315] Trial 39 finished with value: 12.195190274613603 and parameters: {'max_depth': 9, 'n_estimators': 24}. Best is trial 11 with value: 10.659174661221815.
[I 2024-12-05 02:03:17,809] Trial 40 finished with value: 11.28330944409739 and parameters: {'max_depth': 7, 'n_estimators': 14}. Best is trial 11 with value: 10.659174661221815.
[I 2024-12-05 02:03:18,690] Trial 41 finished with value: 11.19371375407105 and parameters: {'max_depth': 11, 'n_estimators': 45}. Best is trial 11 with value: 10.659174661221815.
[I 2024-12-05 02:03:20,045] Trial 42 finished with value: 11.419480855012965 and parameters: {'max_depth': 12, 'n_estimators': 80}. Best is trial 11 with value: 10.659174661221815.
[I 2024-12-05 02:03:20,626] Trial 43 finished with value: 11.32592058658382 and parameters: {'max_depth': 12, 'n_estimators': 19}. Best is trial 11 with value: 10.659174661221815.
[I 2024-12-05 02:03:21,267] Trial 44 finished with value: 12.250029820524563 and parameters: {'max_depth': 9, 'n_estimators': 29}. Best is trial 11 with value: 10.659174661221815.
[I 2024-12-05 02:03:22,702] Trial 45 finished with value: 11.084870352281708 and parameters: {'max_depth': 11, 'n_estimators': 87}. Best is trial 11 with value: 10.659174661221815.
[I 2024-12-05 02:03:23,505] Trial 46 finished with value: 11.36649216376237 and parameters: {'max_depth': 10, 'n_estimators': 39}. Best is trial 11 with value: 10.659174661221815.
[I 2024-12-05 02:03:24,207] Trial 47 finished with value: 11.903876126481169 and parameters: {'max_depth': 8, 'n_estimators': 33}. Best is trial 11 with value: 10.659174661221815.
[I 2024-12-05 02:03:25,082] Trial 48 finished with value: 12.36099390816452 and parameters: {'max_depth': 5, 'n_estimators': 56}. Best is trial 11 with value: 10.659174661221815.
[I 2024-12-05 02:03:25,658] Trial 49 finished with value: 12.914829716669397 and parameters: {'max_depth': 6, 'n_estimators': 26}. Best is trial 11 with value: 10.659174661221815.
[I 2024-12-05 02:03:26,815] Trial 50 finished with value: 11.824273202522777 and parameters: {'max_depth': 11, 'n_estimators': 64}. Best is trial 11 with value: 10.659174661221815.
[I 2024-12-05 02:03:28,161] Trial 51 finished with value: 11.18369911383553 and parameters: {'max_depth': 7, 'n_estimators': 94}. Best is trial 11 with value: 10.659174661221815.
[I 2024-12-05 02:03:29,649] Trial 52 finished with value: 11.575380333468434 and parameters: {'max_depth': 9, 'n_estimators': 99}. Best is trial 11 with value: 10.659174661221815.
[I 2024-12-05 02:03:30,956] Trial 53 finished with value: 11.668437074103448 and parameters: {'max_depth': 10, 'n_estimators': 79}. Best is trial 11 with value: 10.659174661221815.
[I 2024-12-05 02:03:32,411] Trial 54 finished with value: 10.890915280656335 and parameters: {'max_depth': 12, 'n_estimators': 89}. Best is trial 11 with value: 10.659174661221815.
[I 2024-12-05 02:03:33,340] Trial 55 finished with value: 11.086310346099062 and parameters: {'max_depth': 12, 'n_estimators': 49}. Best is trial 11 with value: 10.659174661221815.
[I 2024-12-05 02:03:34,730] Trial 56 finished with value: 11.038950566476 and parameters: {'max_depth': 11, 'n_estimators': 85}. Best is trial 11 with value: 10.659174661221815.
[I 2024-12-05 02:03:36,125] Trial 57 finished with value: 11.138556507331254 and parameters: {'max_depth': 11, 'n_estimators': 83}. Best is trial 11 with value: 10.659174661221815.
[I 2024-12-05 02:03:37,273] Trial 58 finished with value: 11.066892497513928 and parameters: {'max_depth': 9, 'n_estimators': 71}. Best is trial 11 with value: 10.659174661221815.
[I 2024-12-05 02:03:37,764] Trial 59 finished with value: 12.549684013408882 and parameters: {'max_depth': 10, 'n_estimators': 10}. Best is trial 11 with value: 10.659174661221815.
[I 2024-12-05 02:03:39,202] Trial 60 finished with value: 11.302266497178273 and parameters: {'max_depth': 11, 'n_estimators': 89}. Best is trial 11 with value: 10.659174661221815.
[I 2024-12-05 02:03:40,420] Trial 61 finished with value: 11.301498667331126 and parameters: {'max_depth': 9, 'n_estimators': 74}. Best is trial 11 with value: 10.659174661221815.
[I 2024-12-05 02:03:41,609] Trial 62 finished with value: 11.194762939915254 and parameters: {'max_depth': 8, 'n_estimators': 67}. Best is trial 11 with value: 10.659174661221815.
[I 2024-12-05 02:03:42,664] Trial 63 finished with value: 11.10129280897142 and parameters: {'max_depth': 9, 'n_estimators': 61}. Best is trial 11 with value: 10.659174661221815.
[I 2024-12-05 02:03:43,980] Trial 64 finished with value: 10.682093517990232 and parameters: {'max_depth': 12, 'n_estimators': 76}. Best is trial 11 with value: 10.659174661221815.
[I 2024-12-05 02:03:45,388] Trial 65 finished with value: 11.120870677702806 and parameters: {'max_depth': 12, 'n_estimators': 86}. Best is trial 11 with value: 10.659174661221815.
[I 2024-12-05 02:03:46,716] Trial 66 finished with value: 11.323352384897976 and parameters: {'max_depth': 12, 'n_estimators': 75}. Best is trial 11 with value: 10.659174661221815.
[I 2024-12-05 02:03:48,253] Trial 67 finished with value: 11.077496895663343 and parameters: {'max_depth': 10, 'n_estimators': 100}. Best is trial 11 with value: 10.659174661221815.
[I 2024-12-05 02:03:49,286] Trial 68 finished with value: 11.46282546309667 and parameters: {'max_depth': 11, 'n_estimators': 54}. Best is trial 11 with value: 10.659174661221815.
[I 2024-12-05 02:03:50,225] Trial 69 finished with value: 13.78680742415369 and parameters: {'max_depth': 4, 'n_estimators': 59}. Best is trial 11 with value: 10.659174661221815.
[I 2024-12-05 02:03:50,644] Trial 70 finished with value: 12.32778361491105 and parameters: {'max_depth': 10, 'n_estimators': 5}. Best is trial 11 with value: 10.659174661221815.
[I 2024-12-05 02:03:51,778] Trial 71 finished with value: 11.491344721815839 and parameters: {'max_depth': 9, 'n_estimators': 67}. Best is trial 11 with value: 10.659174661221815.
[I 2024-12-05 02:03:53,222] Trial 72 finished with value: 10.989758078191105 and parameters: {'max_depth': 11, 'n_estimators': 88}. Best is trial 11 with value: 10.659174661221815.
[I 2024-12-05 02:03:54,717] Trial 73 finished with value: 11.169561399114595 and parameters: {'max_depth': 12, 'n_estimators': 90}. Best is trial 11 with value: 10.659174661221815.
[I 2024-12-05 02:03:56,061] Trial 74 finished with value: 10.778452705114049 and parameters: {'max_depth': 11, 'n_estimators': 80}. Best is trial 11 with value: 10.659174661221815.
[I 2024-12-05 02:03:57,336] Trial 75 finished with value: 10.892227230184256 and parameters: {'max_depth': 10, 'n_estimators': 75}. Best is trial 11 with value: 10.659174661221815.
[I 2024-12-05 02:03:58,613] Trial 76 finished with value: 11.671889745235246 and parameters: {'max_depth': 11, 'n_estimators': 78}. Best is trial 11 with value: 10.659174661221815.
[I 2024-12-05 02:03:59,023] Trial 77 finished with value: 12.617695237256772 and parameters: {'max_depth': 10, 'n_estimators': 6}. Best is trial 11 with value: 10.659174661221815.
[I 2024-12-05 02:04:00,511] Trial 78 finished with value: 11.588908747821373 and parameters: {'max_depth': 12, 'n_estimators': 95}. Best is trial 11 with value: 10.659174661221815.
[I 2024-12-05 02:04:01,889] Trial 79 finished with value: 11.28932138471817 and parameters: {'max_depth': 11, 'n_estimators': 81}. Best is trial 11 with value: 10.659174661221815.
[I 2024-12-05 02:04:03,040] Trial 80 finished with value: 11.412893097943321 and parameters: {'max_depth': 10, 'n_estimators': 68}. Best is trial 11 with value: 10.659174661221815.
[I 2024-12-05 02:04:04,388] Trial 81 finished with value: 11.170196815263122 and parameters: {'max_depth': 8, 'n_estimators': 92}. Best is trial 11 with value: 10.659174661221815.
[I 2024-12-05 02:04:05,655] Trial 82 finished with value: 10.743779289252029 and parameters: {'max_depth': 12, 'n_estimators': 74}. Best is trial 11 with value: 10.659174661221815.
[I 2024-12-05 02:04:06,934] Trial 83 finished with value: 11.374901473706904 and parameters: {'max_depth': 12, 'n_estimators': 76}. Best is trial 11 with value: 10.659174661221815.
[I 2024-12-05 02:04:08,315] Trial 84 finished with value: 11.116212391114503 and parameters: {'max_depth': 12, 'n_estimators': 87}. Best is trial 11 with value: 10.659174661221815.
[I 2024-12-05 02:04:09,401] Trial 85 finished with value: 11.346962965760868 and parameters: {'max_depth': 11, 'n_estimators': 57}. Best is trial 11 with value: 10.659174661221815.
[I 2024-12-05 02:04:09,935] Trial 86 finished with value: 12.645197814011947 and parameters: {'max_depth': 10, 'n_estimators': 16}. Best is trial 11 with value: 10.659174661221815.
[I 2024-12-05 02:04:11,103] Trial 87 finished with value: 11.204510631356934 and parameters: {'max_depth': 11, 'n_estimators': 67}. Best is trial 11 with value: 10.659174661221815.
[I 2024-12-05 02:04:12,678] Trial 88 finished with value: 11.593017624010784 and parameters: {'max_depth': 12, 'n_estimators': 100}. Best is trial 11 with value: 10.659174661221815.
[I 2024-12-05 02:04:13,178] Trial 89 finished with value: 11.60974454805936 and parameters: {'max_depth': 11, 'n_estimators': 10}. Best is trial 11 with value: 10.659174661221815.
[I 2024-12-05 02:04:13,994] Trial 90 finished with value: 23.30593185910879 and parameters: {'max_depth': 2, 'n_estimators': 52}. Best is trial 11 with value: 10.659174661221815.
[I 2024-12-05 02:04:15,252] Trial 91 finished with value: 11.04723468314534 and parameters: {'max_depth': 10, 'n_estimators': 76}. Best is trial 11 with value: 10.659174661221815.
[I 2024-12-05 02:04:16,295] Trial 92 finished with value: 11.07797093726427 and parameters: {'max_depth': 9, 'n_estimators': 62}. Best is trial 11 with value: 10.659174661221815.
[I 2024-12-05 02:04:17,679] Trial 93 finished with value: 11.371070739841347 and parameters: {'max_depth': 11, 'n_estimators': 83}. Best is trial 11 with value: 10.659174661221815.
[I 2024-12-05 02:04:18,918] Trial 94 finished with value: 10.941926550408947 and parameters: {'max_depth': 12, 'n_estimators': 70}. Best is trial 11 with value: 10.659174661221815.
[I 2024-12-05 02:04:19,830] Trial 95 finished with value: 12.0764162930337 and parameters: {'max_depth': 12, 'n_estimators': 47}. Best is trial 11 with value: 10.659174661221815.
[I 2024-12-05 02:04:21,311] Trial 96 finished with value: 11.188500297652725 and parameters: {'max_depth': 12, 'n_estimators': 93}. Best is trial 11 with value: 10.659174661221815.
[I 2024-12-05 02:04:22,550] Trial 97 finished with value: 11.753730721746225 and parameters: {'max_depth': 10, 'n_estimators': 70}. Best is trial 11 with value: 10.659174661221815.
[I 2024-12-05 02:04:23,859] Trial 98 finished with value: 11.560049348130853 and parameters: {'max_depth': 11, 'n_estimators': 84}. Best is trial 11 with value: 10.659174661221815.
[I 2024-12-05 02:04:25,214] Trial 99 finished with value: 11.204561990461011 and parameters: {'max_depth': 10, 'n_estimators': 91}. Best is trial 11 with value: 10.659174661221815.
/home/mburu/.local/lib/python3.8/site-packages/sklearn/preprocessing/_encoders.py:975: FutureWarning: `sparse` was renamed to `sparse_output` in version 1.2 and will be removed in 1.4. `sparse_output` is ignored unless you leave `sparse` to its default value.
  warnings.warn(
[I 2024-12-05 02:04:28,749] A new study created in RDB with name: RandomForest_Socmob
[I 2024-12-05 02:04:29,258] Trial 0 finished with value: 305.4979331217715 and parameters: {'max_depth': 8, 'n_estimators': 14}. Best is trial 0 with value: 305.4979331217715.
[I 2024-12-05 02:04:30,210] Trial 1 finished with value: 306.7388424588054 and parameters: {'max_depth': 6, 'n_estimators': 57}. Best is trial 0 with value: 305.4979331217715.
[I 2024-12-05 02:04:30,619] Trial 2 finished with value: 563.3285474002803 and parameters: {'max_depth': 2, 'n_estimators': 7}. Best is trial 0 with value: 305.4979331217715.
[I 2024-12-05 02:04:31,018] Trial 3 finished with value: 395.7296058575997 and parameters: {'max_depth': 3, 'n_estimators': 6}. Best is trial 0 with value: 305.4979331217715.
[I 2024-12-05 02:04:31,437] Trial 4 finished with value: 556.1885850392107 and parameters: {'max_depth': 2, 'n_estimators': 6}. Best is trial 0 with value: 305.4979331217715.
[I 2024-12-05 02:04:31,808] Trial 5 finished with value: 446.45389298653373 and parameters: {'max_depth': 3, 'n_estimators': 5}. Best is trial 0 with value: 305.4979331217715.
[I 2024-12-05 02:04:32,907] Trial 6 finished with value: 344.7512184537735 and parameters: {'max_depth': 5, 'n_estimators': 73}. Best is trial 0 with value: 305.4979331217715.
[I 2024-12-05 02:04:34,012] Trial 7 finished with value: 316.5173735466078 and parameters: {'max_depth': 6, 'n_estimators': 62}. Best is trial 0 with value: 305.4979331217715.
[I 2024-12-05 02:04:34,429] Trial 8 finished with value: 356.91879123978663 and parameters: {'max_depth': 6, 'n_estimators': 7}. Best is trial 0 with value: 305.4979331217715.
[I 2024-12-05 02:04:34,848] Trial 9 finished with value: 342.28653846756526 and parameters: {'max_depth': 6, 'n_estimators': 8}. Best is trial 0 with value: 305.4979331217715.
[I 2024-12-05 02:04:35,417] Trial 10 finished with value: 303.9261394718768 and parameters: {'max_depth': 12, 'n_estimators': 17}. Best is trial 10 with value: 303.9261394718768.
[I 2024-12-05 02:04:35,992] Trial 11 finished with value: 270.8325656156247 and parameters: {'max_depth': 11, 'n_estimators': 18}. Best is trial 11 with value: 270.8325656156247.
[I 2024-12-05 02:04:36,716] Trial 12 finished with value: 258.56285510038566 and parameters: {'max_depth': 12, 'n_estimators': 29}. Best is trial 12 with value: 258.56285510038566.
[I 2024-12-05 02:04:37,449] Trial 13 finished with value: 279.7994836302476 and parameters: {'max_depth': 11, 'n_estimators': 32}. Best is trial 12 with value: 258.56285510038566.
[I 2024-12-05 02:04:38,107] Trial 14 finished with value: 296.79337154781695 and parameters: {'max_depth': 9, 'n_estimators': 31}. Best is trial 12 with value: 258.56285510038566.
[I 2024-12-05 02:04:38,730] Trial 15 finished with value: 297.8685087967925 and parameters: {'max_depth': 9, 'n_estimators': 28}. Best is trial 12 with value: 258.56285510038566.
[I 2024-12-05 02:04:39,227] Trial 16 finished with value: 275.16253841630595 and parameters: {'max_depth': 12, 'n_estimators': 12}. Best is trial 12 with value: 258.56285510038566.
[I 2024-12-05 02:04:39,949] Trial 17 finished with value: 299.3105436418899 and parameters: {'max_depth': 8, 'n_estimators': 40}. Best is trial 12 with value: 258.56285510038566.
[I 2024-12-05 02:04:40,485] Trial 18 finished with value: 426.4074702478341 and parameters: {'max_depth': 3, 'n_estimators': 20}. Best is trial 12 with value: 258.56285510038566.
[I 2024-12-05 02:04:40,920] Trial 19 finished with value: 396.877142769047 and parameters: {'max_depth': 4, 'n_estimators': 11}. Best is trial 12 with value: 258.56285510038566.
[I 2024-12-05 02:04:41,772] Trial 20 finished with value: 295.18384083100153 and parameters: {'max_depth': 10, 'n_estimators': 42}. Best is trial 12 with value: 258.56285510038566.
[I 2024-12-05 02:04:42,277] Trial 21 finished with value: 307.9280378820583 and parameters: {'max_depth': 12, 'n_estimators': 11}. Best is trial 12 with value: 258.56285510038566.
[I 2024-12-05 02:04:42,847] Trial 22 finished with value: 299.55656973234943 and parameters: {'max_depth': 8, 'n_estimators': 22}. Best is trial 12 with value: 258.56285510038566.
[I 2024-12-05 02:04:44,452] Trial 23 finished with value: 284.29834964900846 and parameters: {'max_depth': 10, 'n_estimators': 100}. Best is trial 12 with value: 258.56285510038566.
[I 2024-12-05 02:04:44,955] Trial 24 finished with value: 298.5053078848618 and parameters: {'max_depth': 12, 'n_estimators': 12}. Best is trial 12 with value: 258.56285510038566.
[I 2024-12-05 02:04:45,531] Trial 25 finished with value: 313.22178561505325 and parameters: {'max_depth': 7, 'n_estimators': 23}. Best is trial 12 with value: 258.56285510038566.
[I 2024-12-05 02:04:46,035] Trial 26 finished with value: 287.13832020761225 and parameters: {'max_depth': 10, 'n_estimators': 16}. Best is trial 12 with value: 258.56285510038566.
[I 2024-12-05 02:04:46,464] Trial 27 finished with value: 399.1617738260524 and parameters: {'max_depth': 4, 'n_estimators': 9}. Best is trial 12 with value: 258.56285510038566.
[I 2024-12-05 02:04:46,999] Trial 28 finished with value: 312.7099089734171 and parameters: {'max_depth': 7, 'n_estimators': 18}. Best is trial 12 with value: 258.56285510038566.
[I 2024-12-05 02:04:47,500] Trial 29 finished with value: 316.1095431240279 and parameters: {'max_depth': 8, 'n_estimators': 13}. Best is trial 12 with value: 258.56285510038566.
[I 2024-12-05 02:04:48,002] Trial 30 finished with value: 309.5450704248469 and parameters: {'max_depth': 9, 'n_estimators': 15}. Best is trial 12 with value: 258.56285510038566.
[I 2024-12-05 02:04:48,711] Trial 31 finished with value: 291.68054374859696 and parameters: {'max_depth': 12, 'n_estimators': 29}. Best is trial 12 with value: 258.56285510038566.
[I 2024-12-05 02:04:49,454] Trial 32 finished with value: 296.2404438100019 and parameters: {'max_depth': 10, 'n_estimators': 35}. Best is trial 12 with value: 258.56285510038566.
[I 2024-12-05 02:04:50,109] Trial 33 finished with value: 276.69254965826224 and parameters: {'max_depth': 11, 'n_estimators': 25}. Best is trial 12 with value: 258.56285510038566.
[I 2024-12-05 02:04:50,744] Trial 34 finished with value: 291.5108024475951 and parameters: {'max_depth': 11, 'n_estimators': 25}. Best is trial 12 with value: 258.56285510038566.
[I 2024-12-05 02:04:51,504] Trial 35 finished with value: 309.8315638616452 and parameters: {'max_depth': 7, 'n_estimators': 40}. Best is trial 12 with value: 258.56285510038566.
[I 2024-12-05 02:04:52,478] Trial 36 finished with value: 285.66632303099 and parameters: {'max_depth': 11, 'n_estimators': 49}. Best is trial 12 with value: 258.56285510038566.
[I 2024-12-05 02:04:53,039] Trial 37 finished with value: 281.7406350407315 and parameters: {'max_depth': 9, 'n_estimators': 19}. Best is trial 12 with value: 258.56285510038566.
[I 2024-12-05 02:04:53,552] Trial 38 finished with value: 335.27781183279967 and parameters: {'max_depth': 5, 'n_estimators': 14}. Best is trial 12 with value: 258.56285510038566.
[I 2024-12-05 02:04:54,014] Trial 39 finished with value: 295.254398449189 and parameters: {'max_depth': 11, 'n_estimators': 9}. Best is trial 12 with value: 258.56285510038566.
[I 2024-12-05 02:04:54,581] Trial 40 finished with value: 542.3659028792814 and parameters: {'max_depth': 2, 'n_estimators': 26}. Best is trial 12 with value: 258.56285510038566.
[I 2024-12-05 02:04:55,323] Trial 41 finished with value: 290.96362093862496 and parameters: {'max_depth': 11, 'n_estimators': 35}. Best is trial 12 with value: 258.56285510038566.
[I 2024-12-05 02:04:56,030] Trial 42 finished with value: 306.57422943693524 and parameters: {'max_depth': 10, 'n_estimators': 33}. Best is trial 12 with value: 258.56285510038566.
[I 2024-12-05 02:04:56,598] Trial 43 finished with value: 324.8052797581355 and parameters: {'max_depth': 8, 'n_estimators': 22}. Best is trial 12 with value: 258.56285510038566.
[I 2024-12-05 02:04:57,632] Trial 44 finished with value: 271.59407873219914 and parameters: {'max_depth': 12, 'n_estimators': 51}. Best is trial 12 with value: 258.56285510038566.
[I 2024-12-05 02:04:58,724] Trial 45 finished with value: 280.52536391903266 and parameters: {'max_depth': 12, 'n_estimators': 56}. Best is trial 12 with value: 258.56285510038566.
[I 2024-12-05 02:04:59,904] Trial 46 finished with value: 290.6043825602857 and parameters: {'max_depth': 9, 'n_estimators': 71}. Best is trial 12 with value: 258.56285510038566.
[I 2024-12-05 02:05:00,856] Trial 47 finished with value: 282.80094996003993 and parameters: {'max_depth': 11, 'n_estimators': 48}. Best is trial 12 with value: 258.56285510038566.
[I 2024-12-05 02:05:02,031] Trial 48 finished with value: 342.0931798014322 and parameters: {'max_depth': 5, 'n_estimators': 84}. Best is trial 12 with value: 258.56285510038566.
[I 2024-12-05 02:05:02,595] Trial 49 finished with value: 283.95619327366614 and parameters: {'max_depth': 10, 'n_estimators': 17}. Best is trial 12 with value: 258.56285510038566.
[I 2024-12-05 02:05:03,008] Trial 50 finished with value: 347.63807911917627 and parameters: {'max_depth': 12, 'n_estimators': 5}. Best is trial 12 with value: 258.56285510038566.
[I 2024-12-05 02:05:03,671] Trial 51 finished with value: 279.2836897835886 and parameters: {'max_depth': 11, 'n_estimators': 25}. Best is trial 12 with value: 258.56285510038566.
[I 2024-12-05 02:05:04,340] Trial 52 finished with value: 297.95581291881786 and parameters: {'max_depth': 9, 'n_estimators': 27}. Best is trial 12 with value: 258.56285510038566.
[I 2024-12-05 02:05:04,930] Trial 53 finished with value: 273.83252060148476 and parameters: {'max_depth': 11, 'n_estimators': 20}. Best is trial 12 with value: 258.56285510038566.
[I 2024-12-05 02:05:05,512] Trial 54 finished with value: 283.95877933122813 and parameters: {'max_depth': 12, 'n_estimators': 20}. Best is trial 12 with value: 258.56285510038566.
[I 2024-12-05 02:05:06,024] Trial 55 finished with value: 297.54810553992525 and parameters: {'max_depth': 10, 'n_estimators': 15}. Best is trial 12 with value: 258.56285510038566.
[I 2024-12-05 02:05:06,633] Trial 56 finished with value: 301.47898184518147 and parameters: {'max_depth': 11, 'n_estimators': 23}. Best is trial 12 with value: 258.56285510038566.
[I 2024-12-05 02:05:07,082] Trial 57 finished with value: 311.62652633280277 and parameters: {'max_depth': 7, 'n_estimators': 10}. Best is trial 12 with value: 258.56285510038566.
[I 2024-12-05 02:05:07,515] Trial 58 finished with value: 303.65920692532495 and parameters: {'max_depth': 9, 'n_estimators': 7}. Best is trial 12 with value: 258.56285510038566.
[I 2024-12-05 02:05:08,024] Trial 59 finished with value: 298.7604843934581 and parameters: {'max_depth': 8, 'n_estimators': 12}. Best is trial 12 with value: 258.56285510038566.
[I 2024-12-05 02:05:08,612] Trial 60 finished with value: 276.3939831141448 and parameters: {'max_depth': 12, 'n_estimators': 18}. Best is trial 12 with value: 258.56285510038566.
[I 2024-12-05 02:05:09,201] Trial 61 finished with value: 286.51836348811673 and parameters: {'max_depth': 12, 'n_estimators': 18}. Best is trial 12 with value: 258.56285510038566.
[I 2024-12-05 02:05:09,792] Trial 62 finished with value: 303.6236330525242 and parameters: {'max_depth': 10, 'n_estimators': 20}. Best is trial 12 with value: 258.56285510038566.
[I 2024-12-05 02:05:10,494] Trial 63 finished with value: 296.4533036678873 and parameters: {'max_depth': 11, 'n_estimators': 30}. Best is trial 12 with value: 258.56285510038566.
[I 2024-12-05 02:05:11,039] Trial 64 finished with value: 271.9354081072303 and parameters: {'max_depth': 12, 'n_estimators': 16}. Best is trial 12 with value: 258.56285510038566.
[I 2024-12-05 02:05:11,542] Trial 65 finished with value: 412.9019676510485 and parameters: {'max_depth': 3, 'n_estimators': 16}. Best is trial 12 with value: 258.56285510038566.
[I 2024-12-05 02:05:12,050] Trial 66 finished with value: 290.07357523324976 and parameters: {'max_depth': 12, 'n_estimators': 13}. Best is trial 12 with value: 258.56285510038566.
[I 2024-12-05 02:05:12,547] Trial 67 finished with value: 307.9338626242062 and parameters: {'max_depth': 10, 'n_estimators': 14}. Best is trial 12 with value: 258.56285510038566.
[I 2024-12-05 02:05:13,051] Trial 68 finished with value: 291.1760537566531 and parameters: {'max_depth': 12, 'n_estimators': 11}. Best is trial 12 with value: 258.56285510038566.
[I 2024-12-05 02:05:13,636] Trial 69 finished with value: 278.2210544939374 and parameters: {'max_depth': 10, 'n_estimators': 17}. Best is trial 12 with value: 258.56285510038566.
[I 2024-12-05 02:05:14,138] Trial 70 finished with value: 315.8409517336076 and parameters: {'max_depth': 11, 'n_estimators': 13}. Best is trial 12 with value: 258.56285510038566.
[I 2024-12-05 02:05:14,772] Trial 71 finished with value: 280.3989113597976 and parameters: {'max_depth': 11, 'n_estimators': 24}. Best is trial 12 with value: 258.56285510038566.
[I 2024-12-05 02:05:15,592] Trial 72 finished with value: 283.41281251471713 and parameters: {'max_depth': 12, 'n_estimators': 21}. Best is trial 12 with value: 258.56285510038566.
[I 2024-12-05 02:05:16,163] Trial 73 finished with value: 281.65135355806206 and parameters: {'max_depth': 9, 'n_estimators': 19}. Best is trial 12 with value: 258.56285510038566.
[I 2024-12-05 02:05:16,669] Trial 74 finished with value: 315.61232482321515 and parameters: {'max_depth': 11, 'n_estimators': 15}. Best is trial 12 with value: 258.56285510038566.
[I 2024-12-05 02:05:17,338] Trial 75 finished with value: 291.49122575575285 and parameters: {'max_depth': 12, 'n_estimators': 28}. Best is trial 12 with value: 258.56285510038566.
[I 2024-12-05 02:05:17,827] Trial 76 finished with value: 263.996465207559 and parameters: {'max_depth': 10, 'n_estimators': 10}. Best is trial 12 with value: 258.56285510038566.
[I 2024-12-05 02:05:18,252] Trial 77 finished with value: 302.9817574205955 and parameters: {'max_depth': 10, 'n_estimators': 8}. Best is trial 12 with value: 258.56285510038566.
[I 2024-12-05 02:05:18,666] Trial 78 finished with value: 386.4605267126245 and parameters: {'max_depth': 4, 'n_estimators': 6}. Best is trial 12 with value: 258.56285510038566.
[I 2024-12-05 02:05:19,167] Trial 79 finished with value: 305.0628584629979 and parameters: {'max_depth': 9, 'n_estimators': 12}. Best is trial 12 with value: 258.56285510038566.
[I 2024-12-05 02:05:19,642] Trial 80 finished with value: 297.2152184911155 and parameters: {'max_depth': 12, 'n_estimators': 10}. Best is trial 12 with value: 258.56285510038566.
[I 2024-12-05 02:05:20,165] Trial 81 finished with value: 294.41531332679676 and parameters: {'max_depth': 11, 'n_estimators': 16}. Best is trial 12 with value: 258.56285510038566.
[I 2024-12-05 02:05:21,078] Trial 82 finished with value: 274.2942654360381 and parameters: {'max_depth': 11, 'n_estimators': 38}. Best is trial 12 with value: 258.56285510038566.
[I 2024-12-05 02:05:21,879] Trial 83 finished with value: 282.08724952273116 and parameters: {'max_depth': 10, 'n_estimators': 38}. Best is trial 12 with value: 258.56285510038566.
[I 2024-12-05 02:05:22,873] Trial 84 finished with value: 280.2789102045291 and parameters: {'max_depth': 12, 'n_estimators': 48}. Best is trial 12 with value: 258.56285510038566.
[I 2024-12-05 02:05:23,749] Trial 85 finished with value: 275.1940261202658 and parameters: {'max_depth': 11, 'n_estimators': 43}. Best is trial 12 with value: 258.56285510038566.
[I 2024-12-05 02:05:24,640] Trial 86 finished with value: 277.968190690989 and parameters: {'max_depth': 10, 'n_estimators': 43}. Best is trial 12 with value: 258.56285510038566.
[I 2024-12-05 02:05:25,336] Trial 87 finished with value: 310.2816750180618 and parameters: {'max_depth': 6, 'n_estimators': 35}. Best is trial 12 with value: 258.56285510038566.
[I 2024-12-05 02:05:26,518] Trial 88 finished with value: 283.79121699121106 and parameters: {'max_depth': 11, 'n_estimators': 65}. Best is trial 12 with value: 258.56285510038566.
[I 2024-12-05 02:05:27,511] Trial 89 finished with value: 298.6125405236966 and parameters: {'max_depth': 8, 'n_estimators': 56}. Best is trial 12 with value: 258.56285510038566.
[I 2024-12-05 02:05:28,279] Trial 90 finished with value: 423.9616891651628 and parameters: {'max_depth': 3, 'n_estimators': 43}. Best is trial 12 with value: 258.56285510038566.
[I 2024-12-05 02:05:29,201] Trial 91 finished with value: 286.51122662890776 and parameters: {'max_depth': 12, 'n_estimators': 46}. Best is trial 12 with value: 258.56285510038566.
[I 2024-12-05 02:05:30,039] Trial 92 finished with value: 286.50479625753616 and parameters: {'max_depth': 11, 'n_estimators': 39}. Best is trial 12 with value: 258.56285510038566.
[I 2024-12-05 02:05:31,027] Trial 93 finished with value: 274.87015859694253 and parameters: {'max_depth': 11, 'n_estimators': 52}. Best is trial 12 with value: 258.56285510038566.
[I 2024-12-05 02:05:32,057] Trial 94 finished with value: 291.33962411356 and parameters: {'max_depth': 11, 'n_estimators': 53}. Best is trial 12 with value: 258.56285510038566.
[I 2024-12-05 02:05:33,155] Trial 95 finished with value: 290.83997522759813 and parameters: {'max_depth': 10, 'n_estimators': 62}. Best is trial 12 with value: 258.56285510038566.
[I 2024-12-05 02:05:33,963] Trial 96 finished with value: 545.5170725279294 and parameters: {'max_depth': 2, 'n_estimators': 45}. Best is trial 12 with value: 258.56285510038566.
[I 2024-12-05 02:05:34,932] Trial 97 finished with value: 298.90021251628366 and parameters: {'max_depth': 9, 'n_estimators': 51}. Best is trial 12 with value: 258.56285510038566.
[I 2024-12-05 02:05:35,676] Trial 98 finished with value: 282.990340593411 and parameters: {'max_depth': 11, 'n_estimators': 33}. Best is trial 12 with value: 258.56285510038566.
[I 2024-12-05 02:05:36,909] Trial 99 finished with value: 281.9609241508657 and parameters: {'max_depth': 10, 'n_estimators': 73}. Best is trial 12 with value: 258.56285510038566.
/home/mburu/.local/lib/python3.8/site-packages/sklearn/preprocessing/_encoders.py:975: FutureWarning: `sparse` was renamed to `sparse_output` in version 1.2 and will be removed in 1.4. `sparse_output` is ignored unless you leave `sparse` to its default value.
  warnings.warn(
[I 2024-12-05 02:05:40,498] A new study created in RDB with name: RandomForest_Sensory
[I 2024-12-05 02:05:40,965] Trial 0 finished with value: 0.5383648930789471 and parameters: {'max_depth': 6, 'n_estimators': 6}. Best is trial 0 with value: 0.5383648930789471.
[I 2024-12-05 02:05:41,447] Trial 1 finished with value: 0.5079319152639479 and parameters: {'max_depth': 7, 'n_estimators': 17}. Best is trial 1 with value: 0.5079319152639479.
[I 2024-12-05 02:05:42,153] Trial 2 finished with value: 0.5112248161278176 and parameters: {'max_depth': 12, 'n_estimators': 34}. Best is trial 1 with value: 0.5079319152639479.
[I 2024-12-05 02:05:42,848] Trial 3 finished with value: 0.5011011505217121 and parameters: {'max_depth': 5, 'n_estimators': 38}. Best is trial 3 with value: 0.5011011505217121.
[I 2024-12-05 02:05:43,345] Trial 4 finished with value: 0.5878223901554512 and parameters: {'max_depth': 2, 'n_estimators': 20}. Best is trial 3 with value: 0.5011011505217121.
[I 2024-12-05 02:05:43,729] Trial 5 finished with value: 0.5547787954488372 and parameters: {'max_depth': 8, 'n_estimators': 5}. Best is trial 3 with value: 0.5011011505217121.
[I 2024-12-05 02:05:44,128] Trial 6 finished with value: 0.5972509832114757 and parameters: {'max_depth': 2, 'n_estimators': 7}. Best is trial 3 with value: 0.5011011505217121.
[I 2024-12-05 02:05:44,552] Trial 7 finished with value: 0.5468051890449033 and parameters: {'max_depth': 8, 'n_estimators': 5}. Best is trial 3 with value: 0.5011011505217121.
[I 2024-12-05 02:05:45,003] Trial 8 finished with value: 0.5420986842292547 and parameters: {'max_depth': 7, 'n_estimators': 11}. Best is trial 3 with value: 0.5011011505217121.
[I 2024-12-05 02:05:45,505] Trial 9 finished with value: 0.5872639623859885 and parameters: {'max_depth': 2, 'n_estimators': 12}. Best is trial 3 with value: 0.5011011505217121.
[I 2024-12-05 02:05:46,797] Trial 10 finished with value: 0.5155383407552385 and parameters: {'max_depth': 4, 'n_estimators': 96}. Best is trial 3 with value: 0.5011011505217121.
[I 2024-12-05 02:05:47,555] Trial 11 finished with value: 0.5160433238141824 and parameters: {'max_depth': 4, 'n_estimators': 46}. Best is trial 3 with value: 0.5011011505217121.
[I 2024-12-05 02:05:48,164] Trial 12 finished with value: 0.4973163634576444 and parameters: {'max_depth': 5, 'n_estimators': 30}. Best is trial 12 with value: 0.4973163634576444.
[I 2024-12-05 02:05:48,867] Trial 13 finished with value: 0.5485645658971928 and parameters: {'max_depth': 3, 'n_estimators': 38}. Best is trial 12 with value: 0.4973163634576444.
[I 2024-12-05 02:05:49,931] Trial 14 finished with value: 0.5055505277195513 and parameters: {'max_depth': 5, 'n_estimators': 68}. Best is trial 12 with value: 0.4973163634576444.
[I 2024-12-05 02:05:50,553] Trial 15 finished with value: 0.554425202582985 and parameters: {'max_depth': 3, 'n_estimators': 28}. Best is trial 12 with value: 0.4973163634576444.
[I 2024-12-05 02:05:51,439] Trial 16 finished with value: 0.5429333318646347 and parameters: {'max_depth': 3, 'n_estimators': 55}. Best is trial 12 with value: 0.4973163634576444.
[I 2024-12-05 02:05:52,027] Trial 17 finished with value: 0.517773306124731 and parameters: {'max_depth': 11, 'n_estimators': 25}. Best is trial 12 with value: 0.4973163634576444.
[I 2024-12-05 02:05:52,512] Trial 18 finished with value: 0.5131481935869606 and parameters: {'max_depth': 5, 'n_estimators': 14}. Best is trial 12 with value: 0.4973163634576444.
[I 2024-12-05 02:05:53,539] Trial 19 finished with value: 0.5016147014665919 and parameters: {'max_depth': 5, 'n_estimators': 69}. Best is trial 12 with value: 0.4973163634576444.
[I 2024-12-05 02:05:54,175] Trial 20 finished with value: 0.5101129296229316 and parameters: {'max_depth': 10, 'n_estimators': 30}. Best is trial 12 with value: 0.4973163634576444.
[I 2024-12-05 02:05:55,294] Trial 21 finished with value: 0.4977600779273349 and parameters: {'max_depth': 5, 'n_estimators': 75}. Best is trial 12 with value: 0.4973163634576444.
[I 2024-12-05 02:05:56,621] Trial 22 finished with value: 0.5107019979895142 and parameters: {'max_depth': 4, 'n_estimators': 95}. Best is trial 12 with value: 0.4973163634576444.
[I 2024-12-05 02:05:57,353] Trial 23 finished with value: 0.508589308995505 and parameters: {'max_depth': 6, 'n_estimators': 42}. Best is trial 12 with value: 0.4973163634576444.
[I 2024-12-05 02:05:58,171] Trial 24 finished with value: 0.4970727766139911 and parameters: {'max_depth': 6, 'n_estimators': 50}. Best is trial 24 with value: 0.4970727766139911.
[I 2024-12-05 02:05:59,152] Trial 25 finished with value: 0.4896948076712041 and parameters: {'max_depth': 6, 'n_estimators': 60}. Best is trial 25 with value: 0.4896948076712041.
[I 2024-12-05 02:06:00,134] Trial 26 finished with value: 0.5025648097122277 and parameters: {'max_depth': 9, 'n_estimators': 53}. Best is trial 25 with value: 0.4896948076712041.
[I 2024-12-05 02:06:01,006] Trial 27 finished with value: 0.49684172132335974 and parameters: {'max_depth': 6, 'n_estimators': 55}. Best is trial 25 with value: 0.4896948076712041.
[I 2024-12-05 02:06:01,992] Trial 28 finished with value: 0.49117509570771833 and parameters: {'max_depth': 6, 'n_estimators': 59}. Best is trial 25 with value: 0.4896948076712041.
[I 2024-12-05 02:06:03,135] Trial 29 finished with value: 0.4972264167219622 and parameters: {'max_depth': 6, 'n_estimators': 78}. Best is trial 25 with value: 0.4896948076712041.
[I 2024-12-05 02:06:04,158] Trial 30 finished with value: 0.4983871844933822 and parameters: {'max_depth': 7, 'n_estimators': 59}. Best is trial 25 with value: 0.4896948076712041.
[I 2024-12-05 02:06:04,982] Trial 31 finished with value: 0.5005099749018982 and parameters: {'max_depth': 6, 'n_estimators': 50}. Best is trial 25 with value: 0.4896948076712041.
[I 2024-12-05 02:06:05,984] Trial 32 finished with value: 0.4950287667196557 and parameters: {'max_depth': 7, 'n_estimators': 62}. Best is trial 25 with value: 0.4896948076712041.
[I 2024-12-05 02:06:07,302] Trial 33 finished with value: 0.48806968375669674 and parameters: {'max_depth': 7, 'n_estimators': 82}. Best is trial 33 with value: 0.48806968375669674.
[I 2024-12-05 02:06:08,908] Trial 34 finished with value: 0.4984366395640655 and parameters: {'max_depth': 8, 'n_estimators': 85}. Best is trial 33 with value: 0.48806968375669674.
[I 2024-12-05 02:06:09,992] Trial 35 finished with value: 0.4886425982036709 and parameters: {'max_depth': 9, 'n_estimators': 63}. Best is trial 33 with value: 0.48806968375669674.
[I 2024-12-05 02:06:11,231] Trial 36 finished with value: 0.4984824947855085 and parameters: {'max_depth': 9, 'n_estimators': 81}. Best is trial 33 with value: 0.48806968375669674.
[I 2024-12-05 02:06:12,035] Trial 37 finished with value: 0.5229505138944556 and parameters: {'max_depth': 11, 'n_estimators': 41}. Best is trial 33 with value: 0.48806968375669674.
[I 2024-12-05 02:06:13,500] Trial 38 finished with value: 0.49639186634484106 and parameters: {'max_depth': 9, 'n_estimators': 98}. Best is trial 33 with value: 0.48806968375669674.
[I 2024-12-05 02:06:14,014] Trial 39 finished with value: 0.5155100214258502 and parameters: {'max_depth': 7, 'n_estimators': 18}. Best is trial 33 with value: 0.48806968375669674.
[I 2024-12-05 02:06:14,774] Trial 40 finished with value: 0.508699085793958 and parameters: {'max_depth': 12, 'n_estimators': 35}. Best is trial 33 with value: 0.48806968375669674.
[I 2024-12-05 02:06:15,867] Trial 41 finished with value: 0.4883227177429964 and parameters: {'max_depth': 8, 'n_estimators': 66}. Best is trial 33 with value: 0.48806968375669674.
[I 2024-12-05 02:06:16,954] Trial 42 finished with value: 0.495374628648576 and parameters: {'max_depth': 8, 'n_estimators': 68}. Best is trial 33 with value: 0.48806968375669674.
[I 2024-12-05 02:06:18,010] Trial 43 finished with value: 0.49380212105079757 and parameters: {'max_depth': 10, 'n_estimators': 60}. Best is trial 33 with value: 0.48806968375669674.
[I 2024-12-05 02:06:18,813] Trial 44 finished with value: 0.48980967114755963 and parameters: {'max_depth': 8, 'n_estimators': 44}. Best is trial 33 with value: 0.48806968375669674.
[I 2024-12-05 02:06:19,619] Trial 45 finished with value: 0.5015677523063714 and parameters: {'max_depth': 8, 'n_estimators': 47}. Best is trial 33 with value: 0.48806968375669674.
[I 2024-12-05 02:06:21,139] Trial 46 finished with value: 0.5078952004309587 and parameters: {'max_depth': 10, 'n_estimators': 84}. Best is trial 33 with value: 0.48806968375669674.
[I 2024-12-05 02:06:22,249] Trial 47 finished with value: 0.4854819892300165 and parameters: {'max_depth': 7, 'n_estimators': 71}. Best is trial 47 with value: 0.4854819892300165.
[I 2024-12-05 02:06:23,373] Trial 48 finished with value: 0.5037000233447847 and parameters: {'max_depth': 9, 'n_estimators': 67}. Best is trial 47 with value: 0.4854819892300165.
[I 2024-12-05 02:06:23,793] Trial 49 finished with value: 0.5683706008665634 and parameters: {'max_depth': 7, 'n_estimators': 7}. Best is trial 47 with value: 0.4854819892300165.
[I 2024-12-05 02:06:25,060] Trial 50 finished with value: 0.49283360522749325 and parameters: {'max_depth': 7, 'n_estimators': 89}. Best is trial 47 with value: 0.4854819892300165.
[I 2024-12-05 02:06:26,201] Trial 51 finished with value: 0.5003585043334399 and parameters: {'max_depth': 8, 'n_estimators': 73}. Best is trial 47 with value: 0.4854819892300165.
[I 2024-12-05 02:06:27,057] Trial 52 finished with value: 0.5066657372674573 and parameters: {'max_depth': 11, 'n_estimators': 44}. Best is trial 47 with value: 0.4854819892300165.
[I 2024-12-05 02:06:27,633] Trial 53 finished with value: 0.5208263342913371 and parameters: {'max_depth': 8, 'n_estimators': 23}. Best is trial 47 with value: 0.4854819892300165.
[I 2024-12-05 02:06:28,729] Trial 54 finished with value: 0.5063265704667977 and parameters: {'max_depth': 9, 'n_estimators': 67}. Best is trial 47 with value: 0.4854819892300165.
[I 2024-12-05 02:06:29,443] Trial 55 finished with value: 0.5162117377552885 and parameters: {'max_depth': 10, 'n_estimators': 34}. Best is trial 47 with value: 0.4854819892300165.
[I 2024-12-05 02:06:30,612] Trial 56 finished with value: 0.4957870029218384 and parameters: {'max_depth': 7, 'n_estimators': 77}. Best is trial 47 with value: 0.4854819892300165.
[I 2024-12-05 02:06:32,031] Trial 57 finished with value: 0.5034049625314643 and parameters: {'max_depth': 8, 'n_estimators': 99}. Best is trial 47 with value: 0.4854819892300165.
[I 2024-12-05 02:06:32,462] Trial 58 finished with value: 0.5432076518644504 and parameters: {'max_depth': 9, 'n_estimators': 9}. Best is trial 47 with value: 0.4854819892300165.
[I 2024-12-05 02:06:33,202] Trial 59 finished with value: 0.5065149051022455 and parameters: {'max_depth': 10, 'n_estimators': 38}. Best is trial 47 with value: 0.4854819892300165.
[I 2024-12-05 02:06:34,166] Trial 60 finished with value: 0.51138942691263 and parameters: {'max_depth': 11, 'n_estimators': 53}. Best is trial 47 with value: 0.4854819892300165.
[I 2024-12-05 02:06:35,252] Trial 61 finished with value: 0.5018053399556129 and parameters: {'max_depth': 6, 'n_estimators': 60}. Best is trial 47 with value: 0.4854819892300165.
[I 2024-12-05 02:06:36,282] Trial 62 finished with value: 0.49657525810135683 and parameters: {'max_depth': 5, 'n_estimators': 62}. Best is trial 47 with value: 0.4854819892300165.
[I 2024-12-05 02:06:37,399] Trial 63 finished with value: 0.4900466927702798 and parameters: {'max_depth': 7, 'n_estimators': 73}. Best is trial 47 with value: 0.4854819892300165.
[I 2024-12-05 02:06:38,663] Trial 64 finished with value: 0.4887729598661291 and parameters: {'max_depth': 7, 'n_estimators': 88}. Best is trial 47 with value: 0.4854819892300165.
[I 2024-12-05 02:06:39,985] Trial 65 finished with value: 0.4951408962843534 and parameters: {'max_depth': 8, 'n_estimators': 91}. Best is trial 47 with value: 0.4854819892300165.
[I 2024-12-05 02:06:41,254] Trial 66 finished with value: 0.4954678510291729 and parameters: {'max_depth': 9, 'n_estimators': 78}. Best is trial 47 with value: 0.4854819892300165.
[I 2024-12-05 02:06:42,119] Trial 67 finished with value: 0.5161032707561296 and parameters: {'max_depth': 12, 'n_estimators': 46}. Best is trial 47 with value: 0.4854819892300165.
[I 2024-12-05 02:06:43,317] Trial 68 finished with value: 0.5165628271069358 and parameters: {'max_depth': 4, 'n_estimators': 87}. Best is trial 47 with value: 0.4854819892300165.
[I 2024-12-05 02:06:44,149] Trial 69 finished with value: 0.4964359022663 and parameters: {'max_depth': 7, 'n_estimators': 51}. Best is trial 47 with value: 0.4854819892300165.
[I 2024-12-05 02:06:45,184] Trial 70 finished with value: 0.4986664556104228 and parameters: {'max_depth': 6, 'n_estimators': 66}. Best is trial 47 with value: 0.4854819892300165.
[I 2024-12-05 02:06:46,321] Trial 71 finished with value: 0.49700705861258987 and parameters: {'max_depth': 7, 'n_estimators': 74}. Best is trial 47 with value: 0.4854819892300165.
[I 2024-12-05 02:06:47,425] Trial 72 finished with value: 0.4874057493496351 and parameters: {'max_depth': 7, 'n_estimators': 72}. Best is trial 47 with value: 0.4854819892300165.
[I 2024-12-05 02:06:48,375] Trial 73 finished with value: 0.5001801402860607 and parameters: {'max_depth': 8, 'n_estimators': 55}. Best is trial 47 with value: 0.4854819892300165.
[I 2024-12-05 02:06:49,550] Trial 74 finished with value: 0.4909628110919943 and parameters: {'max_depth': 6, 'n_estimators': 82}. Best is trial 47 with value: 0.4854819892300165.
[I 2024-12-05 02:06:50,613] Trial 75 finished with value: 0.4966692172290605 and parameters: {'max_depth': 8, 'n_estimators': 64}. Best is trial 47 with value: 0.4854819892300165.
[I 2024-12-05 02:06:51,913] Trial 76 finished with value: 0.4939762668597961 and parameters: {'max_depth': 7, 'n_estimators': 90}. Best is trial 47 with value: 0.4854819892300165.
[I 2024-12-05 02:06:52,872] Trial 77 finished with value: 0.4945143643948514 and parameters: {'max_depth': 9, 'n_estimators': 57}. Best is trial 47 with value: 0.4854819892300165.
[I 2024-12-05 02:06:54,358] Trial 78 finished with value: 0.4940937494960215 and parameters: {'max_depth': 9, 'n_estimators': 100}. Best is trial 47 with value: 0.4854819892300165.
[I 2024-12-05 02:06:55,512] Trial 79 finished with value: 0.5100384377210295 and parameters: {'max_depth': 8, 'n_estimators': 71}. Best is trial 47 with value: 0.4854819892300165.
[I 2024-12-05 02:06:56,016] Trial 80 finished with value: 0.5059913622695298 and parameters: {'max_depth': 10, 'n_estimators': 14}. Best is trial 47 with value: 0.4854819892300165.
[I 2024-12-05 02:06:57,258] Trial 81 finished with value: 0.49931358133707837 and parameters: {'max_depth': 7, 'n_estimators': 74}. Best is trial 47 with value: 0.4854819892300165.
[I 2024-12-05 02:06:58,448] Trial 82 finished with value: 0.49312760168407815 and parameters: {'max_depth': 7, 'n_estimators': 82}. Best is trial 47 with value: 0.4854819892300165.
[I 2024-12-05 02:06:59,282] Trial 83 finished with value: 0.48802978290959853 and parameters: {'max_depth': 6, 'n_estimators': 49}. Best is trial 47 with value: 0.4854819892300165.
[I 2024-12-05 02:07:00,074] Trial 84 finished with value: 0.4984029454814429 and parameters: {'max_depth': 5, 'n_estimators': 49}. Best is trial 47 with value: 0.4854819892300165.
[I 2024-12-05 02:07:00,790] Trial 85 finished with value: 0.5009965704420616 and parameters: {'max_depth': 6, 'n_estimators': 42}. Best is trial 47 with value: 0.4854819892300165.
[I 2024-12-05 02:07:01,803] Trial 86 finished with value: 0.49232899983546397 and parameters: {'max_depth': 6, 'n_estimators': 63}. Best is trial 47 with value: 0.4854819892300165.
[I 2024-12-05 02:07:02,749] Trial 87 finished with value: 0.4996676616585047 and parameters: {'max_depth': 8, 'n_estimators': 56}. Best is trial 47 with value: 0.4854819892300165.
[I 2024-12-05 02:07:03,890] Trial 88 finished with value: 0.4909855256495369 and parameters: {'max_depth': 7, 'n_estimators': 69}. Best is trial 47 with value: 0.4854819892300165.
[I 2024-12-05 02:07:04,482] Trial 89 finished with value: 0.5865711457244336 and parameters: {'max_depth': 2, 'n_estimators': 28}. Best is trial 47 with value: 0.4854819892300165.
[I 2024-12-05 02:07:05,255] Trial 90 finished with value: 0.49975406934352595 and parameters: {'max_depth': 11, 'n_estimators': 40}. Best is trial 47 with value: 0.4854819892300165.
[I 2024-12-05 02:07:06,353] Trial 91 finished with value: 0.4916069067362983 and parameters: {'max_depth': 7, 'n_estimators': 72}. Best is trial 47 with value: 0.4854819892300165.
[I 2024-12-05 02:07:07,560] Trial 92 finished with value: 0.49568165571194206 and parameters: {'max_depth': 8, 'n_estimators': 79}. Best is trial 47 with value: 0.4854819892300165.
[I 2024-12-05 02:07:08,575] Trial 93 finished with value: 0.49361403384064095 and parameters: {'max_depth': 6, 'n_estimators': 64}. Best is trial 47 with value: 0.4854819892300165.
[I 2024-12-05 02:07:09,851] Trial 94 finished with value: 0.48898060690924144 and parameters: {'max_depth': 7, 'n_estimators': 89}. Best is trial 47 with value: 0.4854819892300165.
[I 2024-12-05 02:07:11,233] Trial 95 finished with value: 0.4974727402860113 and parameters: {'max_depth': 9, 'n_estimators': 91}. Best is trial 47 with value: 0.4854819892300165.
[I 2024-12-05 02:07:12,446] Trial 96 finished with value: 0.5042056107092641 and parameters: {'max_depth': 5, 'n_estimators': 87}. Best is trial 47 with value: 0.4854819892300165.
[I 2024-12-05 02:07:13,841] Trial 97 finished with value: 0.5003552571564327 and parameters: {'max_depth': 8, 'n_estimators': 93}. Best is trial 47 with value: 0.4854819892300165.
[I 2024-12-05 02:07:14,802] Trial 98 finished with value: 0.49234182019154227 and parameters: {'max_depth': 6, 'n_estimators': 59}. Best is trial 47 with value: 0.4854819892300165.
[I 2024-12-05 02:07:15,622] Trial 99 finished with value: 0.547092576148849 and parameters: {'max_depth': 3, 'n_estimators': 53}. Best is trial 47 with value: 0.4854819892300165.
/home/mburu/.local/lib/python3.8/site-packages/sklearn/preprocessing/_encoders.py:975: FutureWarning: `sparse` was renamed to `sparse_output` in version 1.2 and will be removed in 1.4. `sparse_output` is ignored unless you leave `sparse` to its default value.
  warnings.warn(
[I 2024-12-05 02:07:19,721] A new study created in RDB with name: RandomForest_Moneyball
[I 2024-12-05 02:07:20,473] Trial 0 finished with value: 931.1774830011025 and parameters: {'max_depth': 3, 'n_estimators': 42}. Best is trial 0 with value: 931.1774830011025.
[I 2024-12-05 02:07:21,321] Trial 1 finished with value: 1535.239354989532 and parameters: {'max_depth': 2, 'n_estimators': 47}. Best is trial 0 with value: 931.1774830011025.
[I 2024-12-05 02:07:21,807] Trial 2 finished with value: 1558.4578989593115 and parameters: {'max_depth': 2, 'n_estimators': 15}. Best is trial 0 with value: 931.1774830011025.
[I 2024-12-05 02:07:22,287] Trial 3 finished with value: 644.9087526233565 and parameters: {'max_depth': 8, 'n_estimators': 11}. Best is trial 3 with value: 644.9087526233565.
[I 2024-12-05 02:07:22,757] Trial 4 finished with value: 662.5147878081507 and parameters: {'max_depth': 8, 'n_estimators': 10}. Best is trial 3 with value: 644.9087526233565.
[I 2024-12-05 02:07:23,244] Trial 5 finished with value: 698.3625617684611 and parameters: {'max_depth': 5, 'n_estimators': 16}. Best is trial 3 with value: 644.9087526233565.
[I 2024-12-05 02:07:23,610] Trial 6 finished with value: 1622.9345879558114 and parameters: {'max_depth': 2, 'n_estimators': 5}. Best is trial 3 with value: 644.9087526233565.
[I 2024-12-05 02:07:24,259] Trial 7 finished with value: 681.0994789427893 and parameters: {'max_depth': 12, 'n_estimators': 10}. Best is trial 3 with value: 644.9087526233565.
[I 2024-12-05 02:07:24,682] Trial 8 finished with value: 700.6834744174035 and parameters: {'max_depth': 10, 'n_estimators': 5}. Best is trial 3 with value: 644.9087526233565.
[I 2024-12-05 02:07:25,214] Trial 9 finished with value: 663.4972239310375 and parameters: {'max_depth': 6, 'n_estimators': 16}. Best is trial 3 with value: 644.9087526233565.
[I 2024-12-05 02:07:25,924] Trial 10 finished with value: 747.591170882456 and parameters: {'max_depth': 4, 'n_estimators': 36}. Best is trial 3 with value: 644.9087526233565.
[I 2024-12-05 02:07:26,411] Trial 11 finished with value: 659.4936946117417 and parameters: {'max_depth': 8, 'n_estimators': 9}. Best is trial 3 with value: 644.9087526233565.
[I 2024-12-05 02:07:27,830] Trial 12 finished with value: 628.9247886664507 and parameters: {'max_depth': 7, 'n_estimators': 89}. Best is trial 12 with value: 628.9247886664507.
[I 2024-12-05 02:07:29,203] Trial 13 finished with value: 643.2392191108772 and parameters: {'max_depth': 6, 'n_estimators': 95}. Best is trial 12 with value: 628.9247886664507.
[I 2024-12-05 02:07:30,356] Trial 14 finished with value: 740.9696478061069 and parameters: {'max_depth': 4, 'n_estimators': 81}. Best is trial 12 with value: 628.9247886664507.
[I 2024-12-05 02:07:31,860] Trial 15 finished with value: 642.1422292239397 and parameters: {'max_depth': 6, 'n_estimators': 98}. Best is trial 12 with value: 628.9247886664507.
[I 2024-12-05 02:07:32,780] Trial 16 finished with value: 915.6800298695173 and parameters: {'max_depth': 3, 'n_estimators': 57}. Best is trial 12 with value: 628.9247886664507.
[I 2024-12-05 02:07:33,415] Trial 17 finished with value: 657.2392815982681 and parameters: {'max_depth': 6, 'n_estimators': 26}. Best is trial 12 with value: 628.9247886664507.
[I 2024-12-05 02:07:34,441] Trial 18 finished with value: 915.7819879156165 and parameters: {'max_depth': 3, 'n_estimators': 68}. Best is trial 12 with value: 628.9247886664507.
[I 2024-12-05 02:07:35,906] Trial 19 finished with value: 672.6598269443892 and parameters: {'max_depth': 5, 'n_estimators': 100}. Best is trial 12 with value: 628.9247886664507.
[I 2024-12-05 02:07:36,697] Trial 20 finished with value: 638.2475747784035 and parameters: {'max_depth': 9, 'n_estimators': 29}. Best is trial 12 with value: 628.9247886664507.
[I 2024-12-05 02:07:37,530] Trial 21 finished with value: 617.2976059463313 and parameters: {'max_depth': 10, 'n_estimators': 28}. Best is trial 21 with value: 617.2976059463313.
[I 2024-12-05 02:07:38,347] Trial 22 finished with value: 637.9493087407451 and parameters: {'max_depth': 10, 'n_estimators': 29}. Best is trial 21 with value: 617.2976059463313.
[I 2024-12-05 02:07:39,092] Trial 23 finished with value: 626.1805262666965 and parameters: {'max_depth': 12, 'n_estimators': 22}. Best is trial 21 with value: 617.2976059463313.
[I 2024-12-05 02:07:39,833] Trial 24 finished with value: 641.4420040850111 and parameters: {'max_depth': 12, 'n_estimators': 21}. Best is trial 21 with value: 617.2976059463313.
[I 2024-12-05 02:07:40,542] Trial 25 finished with value: 632.3944885473978 and parameters: {'max_depth': 11, 'n_estimators': 21}. Best is trial 21 with value: 617.2976059463313.
[I 2024-12-05 02:07:41,508] Trial 26 finished with value: 633.105284684422 and parameters: {'max_depth': 7, 'n_estimators': 48}. Best is trial 21 with value: 617.2976059463313.
[I 2024-12-05 02:07:42,870] Trial 27 finished with value: 630.4765368488921 and parameters: {'max_depth': 9, 'n_estimators': 63}. Best is trial 21 with value: 617.2976059463313.
[I 2024-12-05 02:07:43,304] Trial 28 finished with value: 691.1112194009531 and parameters: {'max_depth': 7, 'n_estimators': 7}. Best is trial 21 with value: 617.2976059463313.
[I 2024-12-05 02:07:44,168] Trial 29 finished with value: 628.5750842674548 and parameters: {'max_depth': 10, 'n_estimators': 34}. Best is trial 21 with value: 617.2976059463313.
[I 2024-12-05 02:07:45,092] Trial 30 finished with value: 622.490974668631 and parameters: {'max_depth': 10, 'n_estimators': 38}. Best is trial 21 with value: 617.2976059463313.
[I 2024-12-05 02:07:46,134] Trial 31 finished with value: 618.3138413193452 and parameters: {'max_depth': 10, 'n_estimators': 40}. Best is trial 21 with value: 617.2976059463313.
[I 2024-12-05 02:07:47,286] Trial 32 finished with value: 622.0663028707897 and parameters: {'max_depth': 12, 'n_estimators': 42}. Best is trial 21 with value: 617.2976059463313.
[I 2024-12-05 02:07:48,364] Trial 33 finished with value: 624.014515505512 and parameters: {'max_depth': 10, 'n_estimators': 41}. Best is trial 21 with value: 617.2976059463313.
[I 2024-12-05 02:07:49,559] Trial 34 finished with value: 618.7807661007196 and parameters: {'max_depth': 9, 'n_estimators': 52}. Best is trial 21 with value: 617.2976059463313.
[I 2024-12-05 02:07:50,746] Trial 35 finished with value: 633.2286714254335 and parameters: {'max_depth': 9, 'n_estimators': 51}. Best is trial 21 with value: 617.2976059463313.
[I 2024-12-05 02:07:51,678] Trial 36 finished with value: 622.19434720294 and parameters: {'max_depth': 8, 'n_estimators': 44}. Best is trial 21 with value: 617.2976059463313.
[I 2024-12-05 02:07:53,326] Trial 37 finished with value: 615.4986697196182 and parameters: {'max_depth': 11, 'n_estimators': 73}. Best is trial 37 with value: 615.4986697196182.
[I 2024-12-05 02:07:54,934] Trial 38 finished with value: 617.1176781032365 and parameters: {'max_depth': 11, 'n_estimators': 71}. Best is trial 37 with value: 615.4986697196182.
[I 2024-12-05 02:07:56,602] Trial 39 finished with value: 618.9453710023643 and parameters: {'max_depth': 11, 'n_estimators': 73}. Best is trial 37 with value: 615.4986697196182.
[I 2024-12-05 02:07:57,825] Trial 40 finished with value: 623.8585840120364 and parameters: {'max_depth': 8, 'n_estimators': 61}. Best is trial 37 with value: 615.4986697196182.
[I 2024-12-05 02:07:59,192] Trial 41 finished with value: 616.4419243708878 and parameters: {'max_depth': 11, 'n_estimators': 55}. Best is trial 37 with value: 615.4986697196182.
[I 2024-12-05 02:08:00,711] Trial 42 finished with value: 614.7402450700116 and parameters: {'max_depth': 11, 'n_estimators': 72}. Best is trial 42 with value: 614.7402450700116.
[I 2024-12-05 02:08:02,404] Trial 43 finished with value: 621.6597565848417 and parameters: {'max_depth': 11, 'n_estimators': 79}. Best is trial 42 with value: 614.7402450700116.
[I 2024-12-05 02:08:04,057] Trial 44 finished with value: 625.0599322146167 and parameters: {'max_depth': 11, 'n_estimators': 73}. Best is trial 42 with value: 614.7402450700116.
[I 2024-12-05 02:08:05,301] Trial 45 finished with value: 622.0764804713172 and parameters: {'max_depth': 9, 'n_estimators': 55}. Best is trial 42 with value: 614.7402450700116.
[I 2024-12-05 02:08:06,734] Trial 46 finished with value: 632.217048158386 and parameters: {'max_depth': 7, 'n_estimators': 83}. Best is trial 42 with value: 614.7402450700116.
[I 2024-12-05 02:08:08,342] Trial 47 finished with value: 618.2439904896596 and parameters: {'max_depth': 12, 'n_estimators': 65}. Best is trial 42 with value: 614.7402450700116.
[I 2024-12-05 02:08:08,870] Trial 48 finished with value: 649.5560586392451 and parameters: {'max_depth': 8, 'n_estimators': 12}. Best is trial 42 with value: 614.7402450700116.
[I 2024-12-05 02:08:10,543] Trial 49 finished with value: 609.7558121791565 and parameters: {'max_depth': 11, 'n_estimators': 73}. Best is trial 49 with value: 609.7558121791565.
[I 2024-12-05 02:08:11,746] Trial 50 finished with value: 1495.0834381163704 and parameters: {'max_depth': 2, 'n_estimators': 87}. Best is trial 49 with value: 609.7558121791565.
[I 2024-12-05 02:08:13,438] Trial 51 finished with value: 622.8666298182857 and parameters: {'max_depth': 11, 'n_estimators': 77}. Best is trial 49 with value: 609.7558121791565.
[I 2024-12-05 02:08:14,857] Trial 52 finished with value: 626.2101262317077 and parameters: {'max_depth': 11, 'n_estimators': 58}. Best is trial 49 with value: 609.7558121791565.
[I 2024-12-05 02:08:16,534] Trial 53 finished with value: 617.0887721117517 and parameters: {'max_depth': 12, 'n_estimators': 71}. Best is trial 49 with value: 609.7558121791565.
[I 2024-12-05 02:08:18,227] Trial 54 finished with value: 620.8002850137707 and parameters: {'max_depth': 12, 'n_estimators': 69}. Best is trial 49 with value: 609.7558121791565.
[I 2024-12-05 02:08:20,021] Trial 55 finished with value: 616.4949086634512 and parameters: {'max_depth': 9, 'n_estimators': 91}. Best is trial 49 with value: 609.7558121791565.
[I 2024-12-05 02:08:21,397] Trial 56 finished with value: 672.2907343001823 and parameters: {'max_depth': 5, 'n_estimators': 86}. Best is trial 49 with value: 609.7558121791565.
[I 2024-12-05 02:08:23,228] Trial 57 finished with value: 617.9903733672909 and parameters: {'max_depth': 9, 'n_estimators': 95}. Best is trial 49 with value: 609.7558121791565.
[I 2024-12-05 02:08:24,404] Trial 58 finished with value: 622.8623942563875 and parameters: {'max_depth': 8, 'n_estimators': 61}. Best is trial 49 with value: 609.7558121791565.
[I 2024-12-05 02:08:25,564] Trial 59 finished with value: 610.3809113371458 and parameters: {'max_depth': 12, 'n_estimators': 48}. Best is trial 49 with value: 609.7558121791565.
[I 2024-12-05 02:08:26,953] Trial 60 finished with value: 621.7589670937091 and parameters: {'max_depth': 11, 'n_estimators': 47}. Best is trial 49 with value: 609.7558121791565.
[I 2024-12-05 02:08:28,292] Trial 61 finished with value: 624.3936705648341 and parameters: {'max_depth': 12, 'n_estimators': 55}. Best is trial 49 with value: 609.7558121791565.
[I 2024-12-05 02:08:30,295] Trial 62 finished with value: 611.9264176684107 and parameters: {'max_depth': 10, 'n_estimators': 100}. Best is trial 49 with value: 609.7558121791565.
[I 2024-12-05 02:08:32,263] Trial 63 finished with value: 616.2282251587033 and parameters: {'max_depth': 10, 'n_estimators': 93}. Best is trial 49 with value: 609.7558121791565.
[I 2024-12-05 02:08:33,903] Trial 64 finished with value: 615.9012581400674 and parameters: {'max_depth': 10, 'n_estimators': 77}. Best is trial 49 with value: 609.7558121791565.
[I 2024-12-05 02:08:35,312] Trial 65 finished with value: 737.1552410119959 and parameters: {'max_depth': 4, 'n_estimators': 100}. Best is trial 49 with value: 609.7558121791565.
[I 2024-12-05 02:08:37,047] Trial 66 finished with value: 620.6851786687969 and parameters: {'max_depth': 10, 'n_estimators': 82}. Best is trial 49 with value: 609.7558121791565.
[I 2024-12-05 02:08:38,698] Trial 67 finished with value: 624.1313632012946 and parameters: {'max_depth': 10, 'n_estimators': 79}. Best is trial 49 with value: 609.7558121791565.
[I 2024-12-05 02:08:40,167] Trial 68 finished with value: 611.8390082583834 and parameters: {'max_depth': 10, 'n_estimators': 65}. Best is trial 49 with value: 609.7558121791565.
[I 2024-12-05 02:08:41,551] Trial 69 finished with value: 618.4027411478021 and parameters: {'max_depth': 9, 'n_estimators': 65}. Best is trial 49 with value: 609.7558121791565.
[I 2024-12-05 02:08:42,404] Trial 70 finished with value: 626.0164280542283 and parameters: {'max_depth': 8, 'n_estimators': 35}. Best is trial 49 with value: 609.7558121791565.
[I 2024-12-05 02:08:44,359] Trial 71 finished with value: 616.6848372614604 and parameters: {'max_depth': 10, 'n_estimators': 95}. Best is trial 49 with value: 609.7558121791565.
[I 2024-12-05 02:08:46,175] Trial 72 finished with value: 609.674144317741 and parameters: {'max_depth': 10, 'n_estimators': 88}. Best is trial 72 with value: 609.674144317741.
[I 2024-12-05 02:08:47,931] Trial 73 finished with value: 613.6328478452353 and parameters: {'max_depth': 12, 'n_estimators': 76}. Best is trial 72 with value: 609.674144317741.
[I 2024-12-05 02:08:49,568] Trial 74 finished with value: 619.1427647304482 and parameters: {'max_depth': 12, 'n_estimators': 66}. Best is trial 72 with value: 609.674144317741.
[I 2024-12-05 02:08:51,417] Trial 75 finished with value: 623.7167711661216 and parameters: {'max_depth': 11, 'n_estimators': 86}. Best is trial 72 with value: 609.674144317741.
[I 2024-12-05 02:08:52,768] Trial 76 finished with value: 619.4066986971159 and parameters: {'max_depth': 12, 'n_estimators': 49}. Best is trial 72 with value: 609.674144317741.
[I 2024-12-05 02:08:54,160] Trial 77 finished with value: 634.0592652455595 and parameters: {'max_depth': 11, 'n_estimators': 60}. Best is trial 72 with value: 609.674144317741.
[I 2024-12-05 02:08:54,761] Trial 78 finished with value: 642.27538564528 and parameters: {'max_depth': 9, 'n_estimators': 18}. Best is trial 72 with value: 609.674144317741.
[I 2024-12-05 02:08:55,993] Trial 79 finished with value: 629.2145309585916 and parameters: {'max_depth': 7, 'n_estimators': 71}. Best is trial 72 with value: 609.674144317741.
[I 2024-12-05 02:08:56,476] Trial 80 finished with value: 690.0735183052973 and parameters: {'max_depth': 11, 'n_estimators': 6}. Best is trial 72 with value: 609.674144317741.
[I 2024-12-05 02:08:58,203] Trial 81 finished with value: 619.3724192377882 and parameters: {'max_depth': 10, 'n_estimators': 83}. Best is trial 72 with value: 609.674144317741.
[I 2024-12-05 02:09:00,024] Trial 82 finished with value: 620.1837478486071 and parameters: {'max_depth': 12, 'n_estimators': 80}. Best is trial 72 with value: 609.674144317741.
[I 2024-12-05 02:09:01,651] Trial 83 finished with value: 619.324893973349 and parameters: {'max_depth': 10, 'n_estimators': 75}. Best is trial 72 with value: 609.674144317741.
[I 2024-12-05 02:09:03,607] Trial 84 finished with value: 617.1054864756746 and parameters: {'max_depth': 9, 'n_estimators': 100}. Best is trial 72 with value: 609.674144317741.
[I 2024-12-05 02:09:05,174] Trial 85 finished with value: 619.0315188809411 and parameters: {'max_depth': 11, 'n_estimators': 65}. Best is trial 72 with value: 609.674144317741.
[I 2024-12-05 02:09:06,789] Trial 86 finished with value: 620.2072528704231 and parameters: {'max_depth': 10, 'n_estimators': 75}. Best is trial 72 with value: 609.674144317741.
[I 2024-12-05 02:09:08,710] Trial 87 finished with value: 618.1541559788895 and parameters: {'max_depth': 12, 'n_estimators': 89}. Best is trial 72 with value: 609.674144317741.
[I 2024-12-05 02:09:10,057] Trial 88 finished with value: 619.6081754347108 and parameters: {'max_depth': 11, 'n_estimators': 53}. Best is trial 72 with value: 609.674144317741.
[I 2024-12-05 02:09:11,403] Trial 89 finished with value: 623.1865709092821 and parameters: {'max_depth': 10, 'n_estimators': 58}. Best is trial 72 with value: 609.674144317741.
[I 2024-12-05 02:09:12,541] Trial 90 finished with value: 619.829018876803 and parameters: {'max_depth': 12, 'n_estimators': 44}. Best is trial 72 with value: 609.674144317741.
[I 2024-12-05 02:09:14,221] Trial 91 finished with value: 619.4474034699208 and parameters: {'max_depth': 9, 'n_estimators': 92}. Best is trial 72 with value: 609.674144317741.
[I 2024-12-05 02:09:15,757] Trial 92 finished with value: 622.6544918061778 and parameters: {'max_depth': 10, 'n_estimators': 68}. Best is trial 72 with value: 609.674144317741.
[I 2024-12-05 02:09:17,613] Trial 93 finished with value: 615.6893089578095 and parameters: {'max_depth': 10, 'n_estimators': 87}. Best is trial 72 with value: 609.674144317741.
[I 2024-12-05 02:09:19,329] Trial 94 finished with value: 617.0712111329108 and parameters: {'max_depth': 11, 'n_estimators': 77}. Best is trial 72 with value: 609.674144317741.
[I 2024-12-05 02:09:20,986] Trial 95 finished with value: 617.8729214757797 and parameters: {'max_depth': 9, 'n_estimators': 85}. Best is trial 72 with value: 609.674144317741.
[I 2024-12-05 02:09:22,517] Trial 96 finished with value: 617.685848541184 and parameters: {'max_depth': 12, 'n_estimators': 62}. Best is trial 72 with value: 609.674144317741.
[I 2024-12-05 02:09:24,117] Trial 97 finished with value: 617.3423747533727 and parameters: {'max_depth': 11, 'n_estimators': 71}. Best is trial 72 with value: 609.674144317741.
[I 2024-12-05 02:09:25,776] Trial 98 finished with value: 614.7838906098377 and parameters: {'max_depth': 10, 'n_estimators': 78}. Best is trial 72 with value: 609.674144317741.
[I 2024-12-05 02:09:27,383] Trial 99 finished with value: 617.0999982149121 and parameters: {'max_depth': 8, 'n_estimators': 89}. Best is trial 72 with value: 609.674144317741.
/home/mburu/.local/lib/python3.8/site-packages/sklearn/preprocessing/_encoders.py:975: FutureWarning: `sparse` was renamed to `sparse_output` in version 1.2 and will be removed in 1.4. `sparse_output` is ignored unless you leave `sparse` to its default value.
  warnings.warn(
[I 2024-12-05 02:09:32,937] A new study created in RDB with name: RandomForest_Black_Friday
[I 2024-12-05 02:10:00,975] Trial 0 finished with value: 13728224.56097262 and parameters: {'max_depth': 5, 'n_estimators': 81}. Best is trial 0 with value: 13728224.56097262.
[I 2024-12-05 02:10:19,662] Trial 1 finished with value: 13701907.506003324 and parameters: {'max_depth': 5, 'n_estimators': 53}. Best is trial 1 with value: 13701907.506003324.
[I 2024-12-05 02:11:03,671] Trial 2 finished with value: 12636613.824221594 and parameters: {'max_depth': 10, 'n_estimators': 90}. Best is trial 2 with value: 12636613.824221594.
[I 2024-12-05 02:11:08,193] Trial 3 finished with value: 14901536.858256299 and parameters: {'max_depth': 4, 'n_estimators': 7}. Best is trial 2 with value: 12636613.824221594.
[I 2024-12-05 02:11:12,295] Trial 4 finished with value: 16164344.950738866 and parameters: {'max_depth': 3, 'n_estimators': 5}. Best is trial 2 with value: 12636613.824221594.
[I 2024-12-05 02:11:42,969] Trial 5 finished with value: 12858544.753970454 and parameters: {'max_depth': 8, 'n_estimators': 70}. Best is trial 2 with value: 12636613.824221594.
[I 2024-12-05 02:11:49,300] Trial 6 finished with value: 17847843.939380843 and parameters: {'max_depth': 2, 'n_estimators': 24}. Best is trial 2 with value: 12636613.824221594.
[I 2024-12-05 02:11:55,010] Trial 7 finished with value: 12784984.10481239 and parameters: {'max_depth': 9, 'n_estimators': 6}. Best is trial 2 with value: 12636613.824221594.
[I 2024-12-05 02:12:16,869] Trial 8 finished with value: 16040307.622829113 and parameters: {'max_depth': 3, 'n_estimators': 88}. Best is trial 2 with value: 12636613.824221594.
[I 2024-12-05 02:12:31,902] Trial 9 finished with value: 17854690.855477918 and parameters: {'max_depth': 2, 'n_estimators': 77}. Best is trial 2 with value: 12636613.824221594.
[I 2024-12-05 02:12:49,829] Trial 10 finished with value: 12536836.051038895 and parameters: {'max_depth': 12, 'n_estimators': 31}. Best is trial 10 with value: 12536836.051038895.
[I 2024-12-05 02:13:07,421] Trial 11 finished with value: 12528035.063022722 and parameters: {'max_depth': 12, 'n_estimators': 31}. Best is trial 11 with value: 12528035.063022722.
[I 2024-12-05 02:13:24,673] Trial 12 finished with value: 12533294.99523398 and parameters: {'max_depth': 12, 'n_estimators': 27}. Best is trial 11 with value: 12528035.063022722.
[I 2024-12-05 02:13:32,933] Trial 13 finished with value: 13037885.145414539 and parameters: {'max_depth': 7, 'n_estimators': 13}. Best is trial 11 with value: 12528035.063022722.
[I 2024-12-05 02:13:54,237] Trial 14 finished with value: 12524619.640594207 and parameters: {'max_depth': 12, 'n_estimators': 36}. Best is trial 14 with value: 12524619.640594207.
[I 2024-12-05 02:14:12,300] Trial 15 finished with value: 13324783.644326176 and parameters: {'max_depth': 6, 'n_estimators': 43}. Best is trial 14 with value: 12524619.640594207.
[I 2024-12-05 02:14:21,626] Trial 16 finished with value: 12661762.427667432 and parameters: {'max_depth': 10, 'n_estimators': 15}. Best is trial 14 with value: 12524619.640594207.
[I 2024-12-05 02:14:30,206] Trial 17 finished with value: 13036926.874735571 and parameters: {'max_depth': 7, 'n_estimators': 16}. Best is trial 14 with value: 12524619.640594207.
[I 2024-12-05 02:14:51,854] Trial 18 finished with value: 12526394.511886578 and parameters: {'max_depth': 12, 'n_estimators': 38}. Best is trial 14 with value: 12524619.640594207.
[I 2024-12-05 02:15:12,824] Trial 19 finished with value: 12863867.077391464 and parameters: {'max_depth': 8, 'n_estimators': 45}. Best is trial 14 with value: 12524619.640594207.
[I 2024-12-05 02:15:18,432] Trial 20 finished with value: 14834796.517048854 and parameters: {'max_depth': 4, 'n_estimators': 10}. Best is trial 14 with value: 12524619.640594207.
[I 2024-12-05 02:15:40,533] Trial 21 finished with value: 12534003.35119493 and parameters: {'max_depth': 12, 'n_estimators': 38}. Best is trial 14 with value: 12524619.640594207.
[I 2024-12-05 02:15:53,279] Trial 22 finished with value: 12654302.877466273 and parameters: {'max_depth': 10, 'n_estimators': 21}. Best is trial 14 with value: 12524619.640594207.
[I 2024-12-05 02:16:23,410] Trial 23 finished with value: 12522607.184587093 and parameters: {'max_depth': 12, 'n_estimators': 56}. Best is trial 23 with value: 12522607.184587093.
[I 2024-12-05 02:16:52,058] Trial 24 finished with value: 12739372.048980942 and parameters: {'max_depth': 9, 'n_estimators': 60}. Best is trial 23 with value: 12522607.184587093.
[I 2024-12-05 02:17:14,319] Trial 25 finished with value: 13321083.24017987 and parameters: {'max_depth': 6, 'n_estimators': 56}. Best is trial 23 with value: 12522607.184587093.
[I 2024-12-05 02:17:36,421] Trial 26 finished with value: 12649241.252585655 and parameters: {'max_depth': 10, 'n_estimators': 42}. Best is trial 23 with value: 12522607.184587093.
[I 2024-12-05 02:17:52,468] Trial 27 finished with value: 13033938.667386403 and parameters: {'max_depth': 7, 'n_estimators': 34}. Best is trial 23 with value: 12522607.184587093.
[I 2024-12-05 02:18:02,835] Trial 28 finished with value: 12863048.904821534 and parameters: {'max_depth': 8, 'n_estimators': 18}. Best is trial 23 with value: 12522607.184587093.
[I 2024-12-05 02:18:24,064] Trial 29 finished with value: 13704043.222387657 and parameters: {'max_depth': 5, 'n_estimators': 63}. Best is trial 23 with value: 12522607.184587093.
[I 2024-12-05 02:18:50,616] Trial 30 finished with value: 12578745.483468546 and parameters: {'max_depth': 11, 'n_estimators': 49}. Best is trial 23 with value: 12522607.184587093.
[I 2024-12-05 02:19:07,873] Trial 31 finished with value: 12531195.196152115 and parameters: {'max_depth': 12, 'n_estimators': 30}. Best is trial 23 with value: 12522607.184587093.
[I 2024-12-05 02:19:25,844] Trial 32 finished with value: 12730255.365236936 and parameters: {'max_depth': 9, 'n_estimators': 36}. Best is trial 23 with value: 12522607.184587093.
[I 2024-12-05 02:19:39,065] Trial 33 finished with value: 12589208.694491724 and parameters: {'max_depth': 11, 'n_estimators': 24}. Best is trial 23 with value: 12522607.184587093.
[I 2024-12-05 02:20:06,531] Trial 34 finished with value: 12582712.49305591 and parameters: {'max_depth': 11, 'n_estimators': 51}. Best is trial 23 with value: 12522607.184587093.
[I 2024-12-05 02:20:21,573] Trial 35 finished with value: 12744312.360644221 and parameters: {'max_depth': 9, 'n_estimators': 29}. Best is trial 23 with value: 12522607.184587093.
[I 2024-12-05 02:20:32,068] Trial 36 finished with value: 16116334.49197362 and parameters: {'max_depth': 3, 'n_estimators': 37}. Best is trial 23 with value: 12522607.184587093.
[I 2024-12-05 02:21:07,554] Trial 37 finished with value: 12576902.809031323 and parameters: {'max_depth': 11, 'n_estimators': 71}. Best is trial 23 with value: 12522607.184587093.
[I 2024-12-05 02:21:49,114] Trial 38 finished with value: 12855918.783785058 and parameters: {'max_depth': 8, 'n_estimators': 96}. Best is trial 23 with value: 12522607.184587093.
[I 2024-12-05 02:21:59,666] Trial 39 finished with value: 13327591.801376645 and parameters: {'max_depth': 6, 'n_estimators': 23}. Best is trial 23 with value: 12522607.184587093.
[I 2024-12-05 02:22:25,904] Trial 40 finished with value: 12645037.704759276 and parameters: {'max_depth': 10, 'n_estimators': 52}. Best is trial 23 with value: 12522607.184587093.
[I 2024-12-05 02:22:43,450] Trial 41 finished with value: 12537737.762928426 and parameters: {'max_depth': 12, 'n_estimators': 27}. Best is trial 23 with value: 12522607.184587093.
[I 2024-12-05 02:22:56,779] Trial 42 finished with value: 12538986.505549634 and parameters: {'max_depth': 12, 'n_estimators': 20}. Best is trial 23 with value: 12522607.184587093.
[I 2024-12-05 02:23:14,061] Trial 43 finished with value: 12744100.966512013 and parameters: {'max_depth': 9, 'n_estimators': 34}. Best is trial 23 with value: 12522607.184587093.
[I 2024-12-05 02:23:30,453] Trial 44 finished with value: 12584482.636268247 and parameters: {'max_depth': 11, 'n_estimators': 30}. Best is trial 23 with value: 12522607.184587093.
[I 2024-12-05 02:23:46,200] Trial 45 finished with value: 12655119.958874827 and parameters: {'max_depth': 10, 'n_estimators': 26}. Best is trial 23 with value: 12522607.184587093.
[I 2024-12-05 02:24:09,318] Trial 46 finished with value: 12528528.972619232 and parameters: {'max_depth': 12, 'n_estimators': 41}. Best is trial 23 with value: 12522607.184587093.
[I 2024-12-05 02:24:28,854] Trial 47 finished with value: 12862471.482197767 and parameters: {'max_depth': 8, 'n_estimators': 41}. Best is trial 23 with value: 12522607.184587093.
[I 2024-12-05 02:25:01,120] Trial 48 finished with value: 12644073.69067778 and parameters: {'max_depth': 10, 'n_estimators': 65}. Best is trial 23 with value: 12522607.184587093.
[I 2024-12-05 02:25:42,499] Trial 49 finished with value: 12575291.645925596 and parameters: {'max_depth': 11, 'n_estimators': 80}. Best is trial 23 with value: 12522607.184587093.
[I 2024-12-05 02:26:04,795] Trial 50 finished with value: 12736458.301112337 and parameters: {'max_depth': 9, 'n_estimators': 46}. Best is trial 23 with value: 12522607.184587093.
[I 2024-12-05 02:26:24,499] Trial 51 finished with value: 12525783.214646611 and parameters: {'max_depth': 12, 'n_estimators': 33}. Best is trial 23 with value: 12522607.184587093.
[I 2024-12-05 02:26:46,585] Trial 52 finished with value: 12527640.318158314 and parameters: {'max_depth': 12, 'n_estimators': 40}. Best is trial 23 with value: 12522607.184587093.
[I 2024-12-05 02:27:04,560] Trial 53 finished with value: 12588188.054412903 and parameters: {'max_depth': 11, 'n_estimators': 32}. Best is trial 23 with value: 12522607.184587093.
[I 2024-12-05 02:27:35,999] Trial 54 finished with value: 12514074.379927227 and parameters: {'max_depth': 12, 'n_estimators': 57}. Best is trial 54 with value: 12514074.379927227.
[I 2024-12-05 02:28:02,897] Trial 55 finished with value: 12646439.238680065 and parameters: {'max_depth': 10, 'n_estimators': 53}. Best is trial 54 with value: 12514074.379927227.
[I 2024-12-05 02:28:40,092] Trial 56 finished with value: 12523316.011372417 and parameters: {'max_depth': 12, 'n_estimators': 70}. Best is trial 54 with value: 12514074.379927227.
[I 2024-12-05 02:29:11,423] Trial 57 finished with value: 12586074.34818099 and parameters: {'max_depth': 11, 'n_estimators': 59}. Best is trial 54 with value: 12514074.379927227.
[I 2024-12-05 02:29:30,059] Trial 58 finished with value: 16077519.404301276 and parameters: {'max_depth': 3, 'n_estimators': 72}. Best is trial 54 with value: 12514074.379927227.
[I 2024-12-05 02:30:11,371] Trial 59 finished with value: 12732161.139811957 and parameters: {'max_depth': 9, 'n_estimators': 88}. Best is trial 54 with value: 12514074.379927227.
[I 2024-12-05 02:30:30,740] Trial 60 finished with value: 13033848.704265133 and parameters: {'max_depth': 7, 'n_estimators': 46}. Best is trial 54 with value: 12514074.379927227.
[I 2024-12-05 02:31:08,007] Trial 61 finished with value: 12515379.360195799 and parameters: {'max_depth': 12, 'n_estimators': 68}. Best is trial 54 with value: 12514074.379927227.
[I 2024-12-05 02:31:55,755] Trial 62 finished with value: 12639645.729644176 and parameters: {'max_depth': 10, 'n_estimators': 100}. Best is trial 54 with value: 12514074.379927227.
[I 2024-12-05 02:32:30,635] Trial 63 finished with value: 12520352.50465456 and parameters: {'max_depth': 12, 'n_estimators': 66}. Best is trial 54 with value: 12514074.379927227.
[I 2024-12-05 02:33:10,735] Trial 64 finished with value: 12523617.749760782 and parameters: {'max_depth': 12, 'n_estimators': 78}. Best is trial 54 with value: 12514074.379927227.
[I 2024-12-05 02:33:51,820] Trial 65 finished with value: 12566397.802679053 and parameters: {'max_depth': 11, 'n_estimators': 85}. Best is trial 54 with value: 12514074.379927227.
[I 2024-12-05 02:34:28,698] Trial 66 finished with value: 12640626.704244185 and parameters: {'max_depth': 10, 'n_estimators': 77}. Best is trial 54 with value: 12514074.379927227.
[I 2024-12-05 02:35:03,927] Trial 67 finished with value: 12523695.497248705 and parameters: {'max_depth': 12, 'n_estimators': 66}. Best is trial 54 with value: 12514074.379927227.
[I 2024-12-05 02:35:38,855] Trial 68 finished with value: 12577024.76687246 and parameters: {'max_depth': 11, 'n_estimators': 67}. Best is trial 54 with value: 12514074.379927227.
[I 2024-12-05 02:35:57,176] Trial 69 finished with value: 14772478.607569948 and parameters: {'max_depth': 4, 'n_estimators': 60}. Best is trial 54 with value: 12514074.379927227.
[I 2024-12-05 02:36:22,183] Trial 70 finished with value: 13721462.85118101 and parameters: {'max_depth': 5, 'n_estimators': 73}. Best is trial 54 with value: 12514074.379927227.
[I 2024-12-05 02:37:04,133] Trial 71 finished with value: 12514714.360450787 and parameters: {'max_depth': 12, 'n_estimators': 80}. Best is trial 54 with value: 12514074.379927227.
[I 2024-12-05 02:37:46,379] Trial 72 finished with value: 12518857.107562955 and parameters: {'max_depth': 12, 'n_estimators': 81}. Best is trial 54 with value: 12514074.379927227.
[I 2024-12-05 02:38:30,895] Trial 73 finished with value: 12570133.026503483 and parameters: {'max_depth': 11, 'n_estimators': 89}. Best is trial 54 with value: 12514074.379927227.
[I 2024-12-05 02:38:47,002] Trial 74 finished with value: 17851393.528150015 and parameters: {'max_depth': 2, 'n_estimators': 83}. Best is trial 54 with value: 12514074.379927227.
[I 2024-12-05 02:39:17,499] Trial 75 finished with value: 12522840.450994028 and parameters: {'max_depth': 12, 'n_estimators': 56}. Best is trial 54 with value: 12514074.379927227.
[I 2024-12-05 02:39:46,263] Trial 76 finished with value: 12647740.334252404 and parameters: {'max_depth': 10, 'n_estimators': 57}. Best is trial 54 with value: 12514074.379927227.
[I 2024-12-05 02:40:15,144] Trial 77 finished with value: 12577100.04967729 and parameters: {'max_depth': 11, 'n_estimators': 55}. Best is trial 54 with value: 12514074.379927227.
[I 2024-12-05 02:40:24,200] Trial 78 finished with value: 12567207.535147093 and parameters: {'max_depth': 12, 'n_estimators': 10}. Best is trial 54 with value: 12514074.379927227.
[I 2024-12-05 02:40:55,864] Trial 79 finished with value: 12581485.8655265 and parameters: {'max_depth': 11, 'n_estimators': 63}. Best is trial 54 with value: 12514074.379927227.
[I 2024-12-05 02:41:41,915] Trial 80 finished with value: 12638059.377603175 and parameters: {'max_depth': 10, 'n_estimators': 96}. Best is trial 54 with value: 12514074.379927227.
[I 2024-12-05 02:42:22,437] Trial 81 finished with value: 12524521.50716718 and parameters: {'max_depth': 12, 'n_estimators': 76}. Best is trial 54 with value: 12514074.379927227.
[I 2024-12-05 02:42:49,541] Trial 82 finished with value: 12531652.854435723 and parameters: {'max_depth': 12, 'n_estimators': 49}. Best is trial 54 with value: 12514074.379927227.
[I 2024-12-05 02:43:21,636] Trial 83 finished with value: 12735551.89339285 and parameters: {'max_depth': 9, 'n_estimators': 70}. Best is trial 54 with value: 12514074.379927227.
[I 2024-12-05 02:44:01,005] Trial 84 finished with value: 12520690.85566178 and parameters: {'max_depth': 12, 'n_estimators': 77}. Best is trial 54 with value: 12514074.379927227.
[I 2024-12-05 02:44:32,366] Trial 85 finished with value: 12568517.91448662 and parameters: {'max_depth': 11, 'n_estimators': 62}. Best is trial 54 with value: 12514074.379927227.
[I 2024-12-05 02:45:15,806] Trial 86 finished with value: 12512464.445196083 and parameters: {'max_depth': 12, 'n_estimators': 83}. Best is trial 86 with value: 12512464.445196083.
[I 2024-12-05 02:45:56,995] Trial 87 finished with value: 12577775.19649699 and parameters: {'max_depth': 11, 'n_estimators': 82}. Best is trial 86 with value: 12512464.445196083.
[I 2024-12-05 02:46:39,721] Trial 88 finished with value: 12642503.782564346 and parameters: {'max_depth': 10, 'n_estimators': 88}. Best is trial 86 with value: 12512464.445196083.
[I 2024-12-05 02:47:09,824] Trial 89 finished with value: 12521638.834032994 and parameters: {'max_depth': 12, 'n_estimators': 56}. Best is trial 86 with value: 12512464.445196083.
[I 2024-12-05 02:47:56,301] Trial 90 finished with value: 12639107.791587234 and parameters: {'max_depth': 10, 'n_estimators': 95}. Best is trial 86 with value: 12512464.445196083.
[I 2024-12-05 02:48:23,997] Trial 91 finished with value: 12531530.948560676 and parameters: {'max_depth': 12, 'n_estimators': 49}. Best is trial 86 with value: 12512464.445196083.
[I 2024-12-05 02:48:53,200] Trial 92 finished with value: 12585613.222531637 and parameters: {'max_depth': 11, 'n_estimators': 56}. Best is trial 86 with value: 12512464.445196083.
[I 2024-12-05 02:49:29,359] Trial 93 finished with value: 12517218.950550416 and parameters: {'max_depth': 12, 'n_estimators': 68}. Best is trial 86 with value: 12512464.445196083.
[I 2024-12-05 02:50:08,854] Trial 94 finished with value: 12518237.854221445 and parameters: {'max_depth': 12, 'n_estimators': 75}. Best is trial 86 with value: 12512464.445196083.
[I 2024-12-05 02:50:43,429] Trial 95 finished with value: 12573840.96832422 and parameters: {'max_depth': 11, 'n_estimators': 67}. Best is trial 86 with value: 12512464.445196083.
[I 2024-12-05 02:51:23,239] Trial 96 finished with value: 12522133.369744807 and parameters: {'max_depth': 12, 'n_estimators': 76}. Best is trial 86 with value: 12512464.445196083.
[I 2024-12-05 02:52:04,538] Trial 97 finished with value: 12737443.201123487 and parameters: {'max_depth': 9, 'n_estimators': 92}. Best is trial 86 with value: 12512464.445196083.
[I 2024-12-05 02:52:40,368] Trial 98 finished with value: 12854769.826839834 and parameters: {'max_depth': 8, 'n_estimators': 84}. Best is trial 86 with value: 12512464.445196083.
[I 2024-12-05 02:53:17,831] Trial 99 finished with value: 12572295.455392916 and parameters: {'max_depth': 11, 'n_estimators': 74}. Best is trial 86 with value: 12512464.445196083.
