/home/mburu/.local/lib/python3.8/site-packages/sklearn/preprocessing/_encoders.py:975: FutureWarning: `sparse` was renamed to `sparse_output` in version 1.2 and will be removed in 1.4. `sparse_output` is ignored unless you leave `sparse` to its default value.
  warnings.warn(
[I 2024-12-05 02:54:05,749] A new study created in RDB with name: RandomForest_Brazillian Houses
[I 2024-12-05 02:54:06,376] Trial 0 finished with value: 67428864.48699911 and parameters: {'max_depth': 3, 'n_estimators': 15}. Best is trial 0 with value: 67428864.48699911.
[I 2024-12-05 02:54:06,879] Trial 1 finished with value: 60298094.11457536 and parameters: {'max_depth': 3, 'n_estimators': 5}. Best is trial 1 with value: 60298094.11457536.
[I 2024-12-05 02:54:07,587] Trial 2 finished with value: 65056196.794593096 and parameters: {'max_depth': 6, 'n_estimators': 12}. Best is trial 1 with value: 60298094.11457536.
[I 2024-12-05 02:54:08,852] Trial 3 finished with value: 46575268.74395162 and parameters: {'max_depth': 9, 'n_estimators': 27}. Best is trial 3 with value: 46575268.74395162.
[I 2024-12-05 02:54:09,650] Trial 4 finished with value: 48110538.0850748 and parameters: {'max_depth': 4, 'n_estimators': 26}. Best is trial 3 with value: 46575268.74395162.
[I 2024-12-05 02:54:10,431] Trial 5 finished with value: 42257852.00118159 and parameters: {'max_depth': 2, 'n_estimators': 42}. Best is trial 5 with value: 42257852.00118159.
[I 2024-12-05 02:54:11,730] Trial 6 finished with value: 51605686.258430116 and parameters: {'max_depth': 2, 'n_estimators': 80}. Best is trial 5 with value: 42257852.00118159.
[I 2024-12-05 02:54:12,858] Trial 7 finished with value: 35960645.51775918 and parameters: {'max_depth': 9, 'n_estimators': 16}. Best is trial 7 with value: 35960645.51775918.
[I 2024-12-05 02:54:14,323] Trial 8 finished with value: 85899008.53188571 and parameters: {'max_depth': 7, 'n_estimators': 20}. Best is trial 7 with value: 35960645.51775918.
[I 2024-12-05 02:54:15,171] Trial 9 finished with value: 25765565.886185683 and parameters: {'max_depth': 10, 'n_estimators': 14}. Best is trial 9 with value: 25765565.886185683.
[I 2024-12-05 02:54:15,909] Trial 10 finished with value: 69497320.29589857 and parameters: {'max_depth': 12, 'n_estimators': 7}. Best is trial 9 with value: 25765565.886185683.
[I 2024-12-05 02:54:16,785] Trial 11 finished with value: 43290621.484493725 and parameters: {'max_depth': 12, 'n_estimators': 10}. Best is trial 9 with value: 25765565.886185683.
[I 2024-12-05 02:54:18,048] Trial 12 finished with value: 29313838.3116905 and parameters: {'max_depth': 7, 'n_estimators': 43}. Best is trial 9 with value: 25765565.886185683.
[I 2024-12-05 02:54:19,323] Trial 13 finished with value: 45408272.47204124 and parameters: {'max_depth': 6, 'n_estimators': 47}. Best is trial 9 with value: 25765565.886185683.
[I 2024-12-05 02:54:21,881] Trial 14 finished with value: 37305411.86444019 and parameters: {'max_depth': 8, 'n_estimators': 99}. Best is trial 9 with value: 25765565.886185683.
[I 2024-12-05 02:54:23,060] Trial 15 finished with value: 49995319.31442315 and parameters: {'max_depth': 5, 'n_estimators': 51}. Best is trial 9 with value: 25765565.886185683.
[I 2024-12-05 02:54:24,345] Trial 16 finished with value: 63279482.00887215 and parameters: {'max_depth': 10, 'n_estimators': 32}. Best is trial 9 with value: 25765565.886185683.
[I 2024-12-05 02:54:25,606] Trial 17 finished with value: 39106339.8550233 and parameters: {'max_depth': 4, 'n_estimators': 66}. Best is trial 9 with value: 25765565.886185683.
[I 2024-12-05 02:54:26,822] Trial 18 finished with value: 40196492.81358252 and parameters: {'max_depth': 7, 'n_estimators': 34}. Best is trial 9 with value: 25765565.886185683.
[I 2024-12-05 02:54:27,424] Trial 19 finished with value: 20767799.00067737 and parameters: {'max_depth': 5, 'n_estimators': 9}. Best is trial 19 with value: 20767799.00067737.
[I 2024-12-05 02:54:27,933] Trial 20 finished with value: 57819271.33976599 and parameters: {'max_depth': 3, 'n_estimators': 7}. Best is trial 19 with value: 20767799.00067737.
[I 2024-12-05 02:54:28,588] Trial 21 finished with value: 24892616.90565409 and parameters: {'max_depth': 5, 'n_estimators': 9}. Best is trial 19 with value: 20767799.00067737.
[I 2024-12-05 02:54:29,232] Trial 22 finished with value: 53428640.97392011 and parameters: {'max_depth': 5, 'n_estimators': 9}. Best is trial 19 with value: 20767799.00067737.
[I 2024-12-05 02:54:29,794] Trial 23 finished with value: 53230967.85102588 and parameters: {'max_depth': 5, 'n_estimators': 5}. Best is trial 19 with value: 20767799.00067737.
[I 2024-12-05 02:54:30,345] Trial 24 finished with value: 22863194.04871706 and parameters: {'max_depth': 4, 'n_estimators': 7}. Best is trial 19 with value: 20767799.00067737.
[I 2024-12-05 02:54:30,908] Trial 25 finished with value: 71863169.10816231 and parameters: {'max_depth': 4, 'n_estimators': 7}. Best is trial 19 with value: 20767799.00067737.
[I 2024-12-05 02:54:31,437] Trial 26 finished with value: 87411434.77625254 and parameters: {'max_depth': 3, 'n_estimators': 8}. Best is trial 19 with value: 20767799.00067737.
[I 2024-12-05 02:54:32,167] Trial 27 finished with value: 43935109.44992312 and parameters: {'max_depth': 6, 'n_estimators': 11}. Best is trial 19 with value: 20767799.00067737.
[I 2024-12-05 02:54:32,717] Trial 28 finished with value: 47054304.882482596 and parameters: {'max_depth': 5, 'n_estimators': 6}. Best is trial 19 with value: 20767799.00067737.
[I 2024-12-05 02:54:33,499] Trial 29 finished with value: 53372396.691457786 and parameters: {'max_depth': 4, 'n_estimators': 18}. Best is trial 19 with value: 20767799.00067737.
[I 2024-12-05 02:54:34,274] Trial 30 finished with value: 47181525.326013185 and parameters: {'max_depth': 6, 'n_estimators': 13}. Best is trial 19 with value: 20767799.00067737.
[I 2024-12-05 02:54:35,228] Trial 31 finished with value: 28497746.29575039 and parameters: {'max_depth': 10, 'n_estimators': 13}. Best is trial 19 with value: 20767799.00067737.
[I 2024-12-05 02:54:35,818] Trial 32 finished with value: 94038507.71323434 and parameters: {'max_depth': 3, 'n_estimators': 10}. Best is trial 19 with value: 20767799.00067737.
[I 2024-12-05 02:54:36,539] Trial 33 finished with value: 19736246.285014495 and parameters: {'max_depth': 5, 'n_estimators': 14}. Best is trial 33 with value: 19736246.285014495.
[I 2024-12-05 02:54:37,105] Trial 34 finished with value: 23035345.007387023 and parameters: {'max_depth': 5, 'n_estimators': 5}. Best is trial 33 with value: 19736246.285014495.
[I 2024-12-05 02:54:37,633] Trial 35 finished with value: 20863836.79177109 and parameters: {'max_depth': 4, 'n_estimators': 5}. Best is trial 33 with value: 19736246.285014495.
[I 2024-12-05 02:54:38,149] Trial 36 finished with value: 74807430.6718935 and parameters: {'max_depth': 4, 'n_estimators': 6}. Best is trial 33 with value: 19736246.285014495.
[I 2024-12-05 02:54:38,718] Trial 37 finished with value: 27924065.415606417 and parameters: {'max_depth': 6, 'n_estimators': 6}. Best is trial 33 with value: 19736246.285014495.
[I 2024-12-05 02:54:39,253] Trial 38 finished with value: 59126576.493683614 and parameters: {'max_depth': 4, 'n_estimators': 8}. Best is trial 33 with value: 19736246.285014495.
[I 2024-12-05 02:54:39,969] Trial 39 finished with value: 53535422.14248574 and parameters: {'max_depth': 3, 'n_estimators': 22}. Best is trial 33 with value: 19736246.285014495.
[I 2024-12-05 02:54:40,577] Trial 40 finished with value: 91703967.03379498 and parameters: {'max_depth': 2, 'n_estimators': 16}. Best is trial 33 with value: 19736246.285014495.
[I 2024-12-05 02:54:41,140] Trial 41 finished with value: 46011490.0425862 and parameters: {'max_depth': 5, 'n_estimators': 5}. Best is trial 33 with value: 19736246.285014495.
[I 2024-12-05 02:54:41,683] Trial 42 finished with value: 73462320.35450633 and parameters: {'max_depth': 5, 'n_estimators': 5}. Best is trial 33 with value: 19736246.285014495.
[I 2024-12-05 02:54:42,295] Trial 43 finished with value: 36893003.86976916 and parameters: {'max_depth': 7, 'n_estimators': 6}. Best is trial 33 with value: 19736246.285014495.
[I 2024-12-05 02:54:42,801] Trial 44 finished with value: 104655069.64900246 and parameters: {'max_depth': 4, 'n_estimators': 5}. Best is trial 33 with value: 19736246.285014495.
[I 2024-12-05 02:54:43,506] Trial 45 finished with value: 46501996.61421393 and parameters: {'max_depth': 6, 'n_estimators': 11}. Best is trial 33 with value: 19736246.285014495.
[I 2024-12-05 02:54:44,133] Trial 46 finished with value: 58257810.5537343 and parameters: {'max_depth': 8, 'n_estimators': 7}. Best is trial 33 with value: 19736246.285014495.
[I 2024-12-05 02:54:44,721] Trial 47 finished with value: 51674144.4299611 and parameters: {'max_depth': 4, 'n_estimators': 8}. Best is trial 33 with value: 19736246.285014495.
[I 2024-12-05 02:54:45,481] Trial 48 finished with value: 28449482.514530666 and parameters: {'max_depth': 8, 'n_estimators': 9}. Best is trial 33 with value: 19736246.285014495.
[I 2024-12-05 02:54:46,208] Trial 49 finished with value: 48468815.17691083 and parameters: {'max_depth': 5, 'n_estimators': 15}. Best is trial 33 with value: 19736246.285014495.
[I 2024-12-05 02:54:46,824] Trial 50 finished with value: 117684943.38375394 and parameters: {'max_depth': 7, 'n_estimators': 6}. Best is trial 33 with value: 19736246.285014495.
[I 2024-12-05 02:54:47,498] Trial 51 finished with value: 52572393.29767003 and parameters: {'max_depth': 6, 'n_estimators': 9}. Best is trial 33 with value: 19736246.285014495.
[I 2024-12-05 02:54:48,221] Trial 52 finished with value: 59332782.82297428 and parameters: {'max_depth': 5, 'n_estimators': 12}. Best is trial 33 with value: 19736246.285014495.
[I 2024-12-05 02:54:48,831] Trial 53 finished with value: 50338986.94128074 and parameters: {'max_depth': 4, 'n_estimators': 10}. Best is trial 33 with value: 19736246.285014495.
[I 2024-12-05 02:54:49,398] Trial 54 finished with value: 69934733.2601593 and parameters: {'max_depth': 5, 'n_estimators': 7}. Best is trial 33 with value: 19736246.285014495.
[I 2024-12-05 02:54:49,963] Trial 55 finished with value: 34254941.67583917 and parameters: {'max_depth': 6, 'n_estimators': 5}. Best is trial 33 with value: 19736246.285014495.
[I 2024-12-05 02:54:50,604] Trial 56 finished with value: 25686891.023507826 and parameters: {'max_depth': 5, 'n_estimators': 8}. Best is trial 33 with value: 19736246.285014495.
[I 2024-12-05 02:54:51,379] Trial 57 finished with value: 43025307.64015641 and parameters: {'max_depth': 3, 'n_estimators': 24}. Best is trial 33 with value: 19736246.285014495.
[I 2024-12-05 02:54:52,331] Trial 58 finished with value: 51069291.84914919 and parameters: {'max_depth': 7, 'n_estimators': 19}. Best is trial 33 with value: 19736246.285014495.
[I 2024-12-05 02:54:52,947] Trial 59 finished with value: 54408345.17620746 and parameters: {'max_depth': 4, 'n_estimators': 11}. Best is trial 33 with value: 19736246.285014495.
[I 2024-12-05 02:54:53,904] Trial 60 finished with value: 24494799.85707315 and parameters: {'max_depth': 9, 'n_estimators': 17}. Best is trial 33 with value: 19736246.285014495.
[I 2024-12-05 02:54:55,389] Trial 61 finished with value: 27390004.427202143 and parameters: {'max_depth': 11, 'n_estimators': 31}. Best is trial 33 with value: 19736246.285014495.
[I 2024-12-05 02:54:56,192] Trial 62 finished with value: 46237705.221270815 and parameters: {'max_depth': 9, 'n_estimators': 15}. Best is trial 33 with value: 19736246.285014495.
[I 2024-12-05 02:54:57,040] Trial 63 finished with value: 43678173.950338386 and parameters: {'max_depth': 8, 'n_estimators': 17}. Best is trial 33 with value: 19736246.285014495.
[I 2024-12-05 02:54:57,924] Trial 64 finished with value: 77732298.41061543 and parameters: {'max_depth': 11, 'n_estimators': 13}. Best is trial 33 with value: 19736246.285014495.
[I 2024-12-05 02:54:58,635] Trial 65 finished with value: 34814873.0079578 and parameters: {'max_depth': 9, 'n_estimators': 9}. Best is trial 33 with value: 19736246.285014495.
[I 2024-12-05 02:54:59,775] Trial 66 finished with value: 49867590.60633942 and parameters: {'max_depth': 11, 'n_estimators': 20}. Best is trial 33 with value: 19736246.285014495.
[I 2024-12-05 02:55:00,468] Trial 67 finished with value: 53468482.68444686 and parameters: {'max_depth': 12, 'n_estimators': 7}. Best is trial 33 with value: 19736246.285014495.
[I 2024-12-05 02:55:01,106] Trial 68 finished with value: 17427457.507873595 and parameters: {'max_depth': 7, 'n_estimators': 10}. Best is trial 68 with value: 17427457.507873595.
[I 2024-12-05 02:55:01,827] Trial 69 finished with value: 41909991.96379079 and parameters: {'max_depth': 8, 'n_estimators': 12}. Best is trial 68 with value: 17427457.507873595.
[I 2024-12-05 02:55:02,706] Trial 70 finished with value: 44085168.67637165 and parameters: {'max_depth': 9, 'n_estimators': 14}. Best is trial 68 with value: 17427457.507873595.
[I 2024-12-05 02:55:03,299] Trial 71 finished with value: 51586874.78286791 and parameters: {'max_depth': 5, 'n_estimators': 10}. Best is trial 68 with value: 17427457.507873595.
[I 2024-12-05 02:55:04,095] Trial 72 finished with value: 33946873.42536583 and parameters: {'max_depth': 10, 'n_estimators': 11}. Best is trial 68 with value: 17427457.507873595.
[I 2024-12-05 02:55:04,690] Trial 73 finished with value: 77758704.38300167 and parameters: {'max_depth': 6, 'n_estimators': 8}. Best is trial 68 with value: 17427457.507873595.
[I 2024-12-05 02:55:05,280] Trial 74 finished with value: 35827628.56872727 and parameters: {'max_depth': 7, 'n_estimators': 6}. Best is trial 68 with value: 17427457.507873595.
[I 2024-12-05 02:55:05,993] Trial 75 finished with value: 48288166.09139459 and parameters: {'max_depth': 6, 'n_estimators': 10}. Best is trial 68 with value: 17427457.507873595.
[I 2024-12-05 02:55:06,556] Trial 76 finished with value: 60162893.05280485 and parameters: {'max_depth': 4, 'n_estimators': 7}. Best is trial 68 with value: 17427457.507873595.
[I 2024-12-05 02:55:07,286] Trial 77 finished with value: 61664159.831037425 and parameters: {'max_depth': 5, 'n_estimators': 12}. Best is trial 68 with value: 17427457.507873595.
[I 2024-12-05 02:55:08,169] Trial 78 finished with value: 36997609.97393624 and parameters: {'max_depth': 10, 'n_estimators': 9}. Best is trial 68 with value: 17427457.507873595.
[I 2024-12-05 02:55:09,233] Trial 79 finished with value: 23061298.01891675 and parameters: {'max_depth': 9, 'n_estimators': 17}. Best is trial 68 with value: 17427457.507873595.
[I 2024-12-05 02:55:10,435] Trial 80 finished with value: 41840450.66956483 and parameters: {'max_depth': 11, 'n_estimators': 22}. Best is trial 68 with value: 17427457.507873595.
[I 2024-12-05 02:55:11,289] Trial 81 finished with value: 35069454.81028776 and parameters: {'max_depth': 8, 'n_estimators': 17}. Best is trial 68 with value: 17427457.507873595.
[I 2024-12-05 02:55:12,128] Trial 82 finished with value: 19455394.892928153 and parameters: {'max_depth': 10, 'n_estimators': 14}. Best is trial 68 with value: 17427457.507873595.
[I 2024-12-05 02:55:12,939] Trial 83 finished with value: 25073284.900906704 and parameters: {'max_depth': 9, 'n_estimators': 14}. Best is trial 68 with value: 17427457.507873595.
[I 2024-12-05 02:55:13,801] Trial 84 finished with value: 41884961.23123205 and parameters: {'max_depth': 10, 'n_estimators': 16}. Best is trial 68 with value: 17427457.507873595.
[I 2024-12-05 02:55:15,010] Trial 85 finished with value: 61305517.98134961 and parameters: {'max_depth': 12, 'n_estimators': 18}. Best is trial 68 with value: 17427457.507873595.
[I 2024-12-05 02:55:15,966] Trial 86 finished with value: 56033540.66130956 and parameters: {'max_depth': 9, 'n_estimators': 20}. Best is trial 68 with value: 17427457.507873595.
[I 2024-12-05 02:55:17,115] Trial 87 finished with value: 44027498.1916622 and parameters: {'max_depth': 10, 'n_estimators': 25}. Best is trial 68 with value: 17427457.507873595.
[I 2024-12-05 02:55:17,994] Trial 88 finished with value: 67434523.63614984 and parameters: {'max_depth': 8, 'n_estimators': 18}. Best is trial 68 with value: 17427457.507873595.
[I 2024-12-05 02:55:18,737] Trial 89 finished with value: 32114352.401681043 and parameters: {'max_depth': 7, 'n_estimators': 15}. Best is trial 68 with value: 17427457.507873595.
[I 2024-12-05 02:55:19,665] Trial 90 finished with value: 50949617.60368143 and parameters: {'max_depth': 11, 'n_estimators': 14}. Best is trial 68 with value: 17427457.507873595.
[I 2024-12-05 02:55:20,523] Trial 91 finished with value: 40650463.865230605 and parameters: {'max_depth': 10, 'n_estimators': 13}. Best is trial 68 with value: 17427457.507873595.
[I 2024-12-05 02:55:21,064] Trial 92 finished with value: 22370691.19865193 and parameters: {'max_depth': 5, 'n_estimators': 8}. Best is trial 68 with value: 17427457.507873595.
[I 2024-12-05 02:55:21,736] Trial 93 finished with value: 52730001.82861394 and parameters: {'max_depth': 9, 'n_estimators': 8}. Best is trial 68 with value: 17427457.507873595.
[I 2024-12-05 02:55:22,443] Trial 94 finished with value: 43542031.30036922 and parameters: {'max_depth': 4, 'n_estimators': 16}. Best is trial 68 with value: 17427457.507873595.
[I 2024-12-05 02:55:23,475] Trial 95 finished with value: 36832847.23363609 and parameters: {'max_depth': 12, 'n_estimators': 11}. Best is trial 68 with value: 17427457.507873595.
[I 2024-12-05 02:55:25,100] Trial 96 finished with value: 37570458.455807164 and parameters: {'max_depth': 6, 'n_estimators': 70}. Best is trial 68 with value: 17427457.507873595.
[I 2024-12-05 02:55:25,689] Trial 97 finished with value: 54285333.37638702 and parameters: {'max_depth': 2, 'n_estimators': 10}. Best is trial 68 with value: 17427457.507873595.
[I 2024-12-05 02:55:26,632] Trial 98 finished with value: 38624340.408976644 and parameters: {'max_depth': 8, 'n_estimators': 23}. Best is trial 68 with value: 17427457.507873595.
[I 2024-12-05 02:55:27,382] Trial 99 finished with value: 83861072.50484306 and parameters: {'max_depth': 9, 'n_estimators': 5}. Best is trial 68 with value: 17427457.507873595.
/home/mburu/.local/lib/python3.8/site-packages/sklearn/preprocessing/_encoders.py:975: FutureWarning: `sparse` was renamed to `sparse_output` in version 1.2 and will be removed in 1.4. `sparse_output` is ignored unless you leave `sparse` to its default value.
  warnings.warn(
[I 2024-12-05 02:55:30,832] A new study created in RDB with name: RandomForest_Abalone
[I 2024-12-05 02:55:31,414] Trial 0 finished with value: 5.7028066543835845 and parameters: {'max_depth': 3, 'n_estimators': 19}. Best is trial 0 with value: 5.7028066543835845.
[I 2024-12-05 02:55:31,963] Trial 1 finished with value: 4.879241453285369 and parameters: {'max_depth': 5, 'n_estimators': 14}. Best is trial 1 with value: 4.879241453285369.
[I 2024-12-05 02:55:33,040] Trial 2 finished with value: 6.324796087383122 and parameters: {'max_depth': 2, 'n_estimators': 73}. Best is trial 1 with value: 4.879241453285369.
[I 2024-12-05 02:55:33,511] Trial 3 finished with value: 4.946791821116883 and parameters: {'max_depth': 5, 'n_estimators': 7}. Best is trial 1 with value: 4.879241453285369.
[I 2024-12-05 02:55:34,047] Trial 4 finished with value: 5.667221489487138 and parameters: {'max_depth': 3, 'n_estimators': 18}. Best is trial 1 with value: 4.879241453285369.
[I 2024-12-05 02:55:34,459] Trial 5 finished with value: 5.7643748355354045 and parameters: {'max_depth': 3, 'n_estimators': 5}. Best is trial 1 with value: 4.879241453285369.
[I 2024-12-05 02:55:34,871] Trial 6 finished with value: 6.418731899331405 and parameters: {'max_depth': 2, 'n_estimators': 6}. Best is trial 1 with value: 4.879241453285369.
[I 2024-12-05 02:55:35,413] Trial 7 finished with value: 5.714147534392564 and parameters: {'max_depth': 3, 'n_estimators': 16}. Best is trial 1 with value: 4.879241453285369.
[I 2024-12-05 02:55:36,795] Trial 8 finished with value: 4.831518868005725 and parameters: {'max_depth': 5, 'n_estimators': 63}. Best is trial 8 with value: 4.831518868005725.
[I 2024-12-05 02:55:37,902] Trial 9 finished with value: 6.3329504946350985 and parameters: {'max_depth': 2, 'n_estimators': 74}. Best is trial 8 with value: 4.831518868005725.
[I 2024-12-05 02:55:39,346] Trial 10 finished with value: 4.654409305290779 and parameters: {'max_depth': 11, 'n_estimators': 40}. Best is trial 10 with value: 4.654409305290779.
[I 2024-12-05 02:55:40,736] Trial 11 finished with value: 4.648295339920024 and parameters: {'max_depth': 12, 'n_estimators': 41}. Best is trial 11 with value: 4.648295339920024.
[I 2024-12-05 02:55:41,992] Trial 12 finished with value: 4.7302151081576636 and parameters: {'max_depth': 12, 'n_estimators': 36}. Best is trial 11 with value: 4.648295339920024.
[I 2024-12-05 02:55:43,301] Trial 13 finished with value: 4.692060817476302 and parameters: {'max_depth': 12, 'n_estimators': 38}. Best is trial 11 with value: 4.648295339920024.
[I 2024-12-05 02:55:44,254] Trial 14 finished with value: 4.638070880329229 and parameters: {'max_depth': 8, 'n_estimators': 37}. Best is trial 14 with value: 4.638070880329229.
[I 2024-12-05 02:55:45,081] Trial 15 finished with value: 4.574659752464512 and parameters: {'max_depth': 8, 'n_estimators': 29}. Best is trial 15 with value: 4.574659752464512.
[I 2024-12-05 02:55:45,872] Trial 16 finished with value: 4.6209356376824715 and parameters: {'max_depth': 8, 'n_estimators': 25}. Best is trial 15 with value: 4.574659752464512.
[I 2024-12-05 02:55:46,423] Trial 17 finished with value: 4.707534597687329 and parameters: {'max_depth': 8, 'n_estimators': 10}. Best is trial 15 with value: 4.574659752464512.
[I 2024-12-05 02:55:47,200] Trial 18 finished with value: 4.6707765384938735 and parameters: {'max_depth': 7, 'n_estimators': 27}. Best is trial 15 with value: 4.574659752464512.
[I 2024-12-05 02:55:47,989] Trial 19 finished with value: 4.642798670676323 and parameters: {'max_depth': 7, 'n_estimators': 27}. Best is trial 15 with value: 4.574659752464512.
[I 2024-12-05 02:55:48,623] Trial 20 finished with value: 4.785743746657468 and parameters: {'max_depth': 9, 'n_estimators': 12}. Best is trial 15 with value: 4.574659752464512.
[I 2024-12-05 02:55:49,367] Trial 21 finished with value: 4.7145478720215515 and parameters: {'max_depth': 6, 'n_estimators': 26}. Best is trial 15 with value: 4.574659752464512.
[I 2024-12-05 02:55:50,747] Trial 22 finished with value: 4.6159754277124065 and parameters: {'max_depth': 9, 'n_estimators': 51}. Best is trial 15 with value: 4.574659752464512.
[I 2024-12-05 02:55:52,170] Trial 23 finished with value: 4.598566782405554 and parameters: {'max_depth': 9, 'n_estimators': 56}. Best is trial 15 with value: 4.574659752464512.
[I 2024-12-05 02:55:53,694] Trial 24 finished with value: 4.621820760817154 and parameters: {'max_depth': 10, 'n_estimators': 56}. Best is trial 15 with value: 4.574659752464512.
[I 2024-12-05 02:55:54,992] Trial 25 finished with value: 5.075437893314115 and parameters: {'max_depth': 4, 'n_estimators': 89}. Best is trial 15 with value: 4.574659752464512.
[I 2024-12-05 02:55:56,007] Trial 26 finished with value: 4.675192480457071 and parameters: {'max_depth': 6, 'n_estimators': 49}. Best is trial 15 with value: 4.574659752464512.
[I 2024-12-05 02:55:57,455] Trial 27 finished with value: 4.641054724339163 and parameters: {'max_depth': 10, 'n_estimators': 53}. Best is trial 15 with value: 4.574659752464512.
[I 2024-12-05 02:55:59,531] Trial 28 finished with value: 4.554288697719008 and parameters: {'max_depth': 9, 'n_estimators': 92}. Best is trial 28 with value: 4.554288697719008.
[I 2024-12-05 02:56:00,899] Trial 29 finished with value: 5.070890774438949 and parameters: {'max_depth': 4, 'n_estimators': 98}. Best is trial 28 with value: 4.554288697719008.
[I 2024-12-05 02:56:02,410] Trial 30 finished with value: 4.627242479967871 and parameters: {'max_depth': 7, 'n_estimators': 80}. Best is trial 28 with value: 4.554288697719008.
[I 2024-12-05 02:56:03,907] Trial 31 finished with value: 4.603422448882305 and parameters: {'max_depth': 9, 'n_estimators': 63}. Best is trial 28 with value: 4.554288697719008.
[I 2024-12-05 02:56:05,204] Trial 32 finished with value: 4.68717540487615 and parameters: {'max_depth': 6, 'n_estimators': 70}. Best is trial 28 with value: 4.554288697719008.
[I 2024-12-05 02:56:06,817] Trial 33 finished with value: 4.6046414357055845 and parameters: {'max_depth': 10, 'n_estimators': 62}. Best is trial 28 with value: 4.554288697719008.
[I 2024-12-05 02:56:08,878] Trial 34 finished with value: 4.581764402105184 and parameters: {'max_depth': 9, 'n_estimators': 91}. Best is trial 28 with value: 4.554288697719008.
[I 2024-12-05 02:56:10,800] Trial 35 finished with value: 4.587234374420612 and parameters: {'max_depth': 8, 'n_estimators': 94}. Best is trial 28 with value: 4.554288697719008.
[I 2024-12-05 02:56:12,571] Trial 36 finished with value: 4.622592395130669 and parameters: {'max_depth': 7, 'n_estimators': 95}. Best is trial 28 with value: 4.554288697719008.
[I 2024-12-05 02:56:14,040] Trial 37 finished with value: 4.698702037081697 and parameters: {'max_depth': 6, 'n_estimators': 84}. Best is trial 28 with value: 4.554288697719008.
[I 2024-12-05 02:56:14,748] Trial 38 finished with value: 4.69154161814487 and parameters: {'max_depth': 8, 'n_estimators': 21}. Best is trial 28 with value: 4.554288697719008.
[I 2024-12-05 02:56:15,227] Trial 39 finished with value: 4.901613733905585 and parameters: {'max_depth': 5, 'n_estimators': 9}. Best is trial 28 with value: 4.554288697719008.
[I 2024-12-05 02:56:17,924] Trial 40 finished with value: 4.568595086761857 and parameters: {'max_depth': 11, 'n_estimators': 99}. Best is trial 28 with value: 4.554288697719008.
[I 2024-12-05 02:56:20,607] Trial 41 finished with value: 4.592886141218644 and parameters: {'max_depth': 11, 'n_estimators': 99}. Best is trial 28 with value: 4.554288697719008.
[I 2024-12-05 02:56:22,560] Trial 42 finished with value: 4.646022121656 and parameters: {'max_depth': 11, 'n_estimators': 69}. Best is trial 28 with value: 4.554288697719008.
[I 2024-12-05 02:56:24,522] Trial 43 finished with value: 4.605513304226732 and parameters: {'max_depth': 10, 'n_estimators': 80}. Best is trial 28 with value: 4.554288697719008.
[I 2024-12-05 02:56:25,635] Trial 44 finished with value: 4.607319925834629 and parameters: {'max_depth': 8, 'n_estimators': 45}. Best is trial 28 with value: 4.554288697719008.
[I 2024-12-05 02:56:27,427] Trial 45 finished with value: 4.572333217409932 and parameters: {'max_depth': 9, 'n_estimators': 79}. Best is trial 28 with value: 4.554288697719008.
[I 2024-12-05 02:56:29,619] Trial 46 finished with value: 4.607474998443708 and parameters: {'max_depth': 11, 'n_estimators': 78}. Best is trial 28 with value: 4.554288697719008.
[I 2024-12-05 02:56:30,329] Trial 47 finished with value: 4.621571958887921 and parameters: {'max_depth': 9, 'n_estimators': 17}. Best is trial 28 with value: 4.554288697719008.
[I 2024-12-05 02:56:31,430] Trial 48 finished with value: 4.681536043291237 and parameters: {'max_depth': 12, 'n_estimators': 31}. Best is trial 28 with value: 4.554288697719008.
[I 2024-12-05 02:56:33,170] Trial 49 finished with value: 4.601901829983132 and parameters: {'max_depth': 10, 'n_estimators': 67}. Best is trial 28 with value: 4.554288697719008.
[I 2024-12-05 02:56:33,964] Trial 50 finished with value: 4.6451499156241125 and parameters: {'max_depth': 7, 'n_estimators': 32}. Best is trial 28 with value: 4.554288697719008.
[I 2024-12-05 02:56:35,812] Trial 51 finished with value: 4.588510225160938 and parameters: {'max_depth': 8, 'n_estimators': 89}. Best is trial 28 with value: 4.554288697719008.
[I 2024-12-05 02:56:38,016] Trial 52 finished with value: 4.608934299972135 and parameters: {'max_depth': 9, 'n_estimators': 100}. Best is trial 28 with value: 4.554288697719008.
[I 2024-12-05 02:56:40,083] Trial 53 finished with value: 4.597303068491103 and parameters: {'max_depth': 11, 'n_estimators': 76}. Best is trial 28 with value: 4.554288697719008.
[I 2024-12-05 02:56:41,875] Trial 54 finished with value: 4.571922500807757 and parameters: {'max_depth': 8, 'n_estimators': 86}. Best is trial 28 with value: 4.554288697719008.
[I 2024-12-05 02:56:42,585] Trial 55 finished with value: 4.886461564679609 and parameters: {'max_depth': 12, 'n_estimators': 14}. Best is trial 28 with value: 4.554288697719008.
[I 2024-12-05 02:56:44,126] Trial 56 finished with value: 4.576414792798926 and parameters: {'max_depth': 9, 'n_estimators': 62}. Best is trial 28 with value: 4.554288697719008.
[I 2024-12-05 02:56:45,828] Trial 57 finished with value: 4.608635490102986 and parameters: {'max_depth': 10, 'n_estimators': 60}. Best is trial 28 with value: 4.554288697719008.
[I 2024-12-05 02:56:46,714] Trial 58 finished with value: 4.8277344408968474 and parameters: {'max_depth': 5, 'n_estimators': 47}. Best is trial 28 with value: 4.554288697719008.
[I 2024-12-05 02:56:47,774] Trial 59 finished with value: 4.619169939791469 and parameters: {'max_depth': 7, 'n_estimators': 43}. Best is trial 28 with value: 4.554288697719008.
[I 2024-12-05 02:56:49,682] Trial 60 finished with value: 4.606484439398319 and parameters: {'max_depth': 10, 'n_estimators': 73}. Best is trial 28 with value: 4.554288697719008.
[I 2024-12-05 02:56:51,559] Trial 61 finished with value: 4.583294543751008 and parameters: {'max_depth': 9, 'n_estimators': 82}. Best is trial 28 with value: 4.554288697719008.
[I 2024-12-05 02:56:53,834] Trial 62 finished with value: 4.610563288366903 and parameters: {'max_depth': 11, 'n_estimators': 85}. Best is trial 28 with value: 4.554288697719008.
[I 2024-12-05 02:56:55,368] Trial 63 finished with value: 4.583766943122214 and parameters: {'max_depth': 8, 'n_estimators': 70}. Best is trial 28 with value: 4.554288697719008.
[I 2024-12-05 02:56:56,822] Trial 64 finished with value: 4.591165233542343 and parameters: {'max_depth': 9, 'n_estimators': 57}. Best is trial 28 with value: 4.554288697719008.
[I 2024-12-05 02:56:59,322] Trial 65 finished with value: 4.607731426206743 and parameters: {'max_depth': 12, 'n_estimators': 88}. Best is trial 28 with value: 4.554288697719008.
[I 2024-12-05 02:57:01,037] Trial 66 finished with value: 4.622751551890029 and parameters: {'max_depth': 10, 'n_estimators': 65}. Best is trial 28 with value: 4.554288697719008.
[I 2024-12-05 02:57:02,797] Trial 67 finished with value: 4.590736950482765 and parameters: {'max_depth': 9, 'n_estimators': 75}. Best is trial 28 with value: 4.554288697719008.
[I 2024-12-05 02:57:04,683] Trial 68 finished with value: 4.574585689807373 and parameters: {'max_depth': 8, 'n_estimators': 90}. Best is trial 28 with value: 4.554288697719008.
[I 2024-12-05 02:57:05,279] Trial 69 finished with value: 5.1060693015506535 and parameters: {'max_depth': 4, 'n_estimators': 23}. Best is trial 28 with value: 4.554288697719008.
[I 2024-12-05 02:57:05,761] Trial 70 finished with value: 5.001240654962428 and parameters: {'max_depth': 8, 'n_estimators': 5}. Best is trial 28 with value: 4.554288697719008.
[I 2024-12-05 02:57:07,653] Trial 71 finished with value: 4.607633102783187 and parameters: {'max_depth': 7, 'n_estimators': 91}. Best is trial 28 with value: 4.554288697719008.
[I 2024-12-05 02:57:09,803] Trial 72 finished with value: 4.575054212717328 and parameters: {'max_depth': 10, 'n_estimators': 86}. Best is trial 28 with value: 4.554288697719008.
[I 2024-12-05 02:57:11,844] Trial 73 finished with value: 4.579835291759265 and parameters: {'max_depth': 8, 'n_estimators': 100}. Best is trial 28 with value: 4.554288697719008.
[I 2024-12-05 02:57:13,947] Trial 74 finished with value: 4.590180733958803 and parameters: {'max_depth': 10, 'n_estimators': 82}. Best is trial 28 with value: 4.554288697719008.
[I 2024-12-05 02:57:15,670] Trial 75 finished with value: 4.6918475645555535 and parameters: {'max_depth': 12, 'n_estimators': 53}. Best is trial 28 with value: 4.554288697719008.
[I 2024-12-05 02:57:16,225] Trial 76 finished with value: 5.1452347706371535 and parameters: {'max_depth': 11, 'n_estimators': 6}. Best is trial 28 with value: 4.554288697719008.
[I 2024-12-05 02:57:17,561] Trial 77 finished with value: 4.685150972677741 and parameters: {'max_depth': 6, 'n_estimators': 74}. Best is trial 28 with value: 4.554288697719008.
[I 2024-12-05 02:57:18,833] Trial 78 finished with value: 4.609587760377522 and parameters: {'max_depth': 7, 'n_estimators': 61}. Best is trial 28 with value: 4.554288697719008.
[I 2024-12-05 02:57:19,814] Trial 79 finished with value: 5.6661440740902815 and parameters: {'max_depth': 3, 'n_estimators': 67}. Best is trial 28 with value: 4.554288697719008.
[I 2024-12-05 02:57:21,787] Trial 80 finished with value: 4.586774456822914 and parameters: {'max_depth': 9, 'n_estimators': 85}. Best is trial 28 with value: 4.554288697719008.
[I 2024-12-05 02:57:23,782] Trial 81 finished with value: 4.588193938908292 and parameters: {'max_depth': 8, 'n_estimators': 100}. Best is trial 28 with value: 4.554288697719008.
[I 2024-12-05 02:57:25,665] Trial 82 finished with value: 4.6007510930313344 and parameters: {'max_depth': 8, 'n_estimators': 92}. Best is trial 28 with value: 4.554288697719008.
[I 2024-12-05 02:57:27,748] Trial 83 finished with value: 4.627263824042467 and parameters: {'max_depth': 11, 'n_estimators': 77}. Best is trial 28 with value: 4.554288697719008.
[I 2024-12-05 02:57:30,167] Trial 84 finished with value: 4.574223776977069 and parameters: {'max_depth': 10, 'n_estimators': 100}. Best is trial 28 with value: 4.554288697719008.
[I 2024-12-05 02:57:32,417] Trial 85 finished with value: 4.5804643212451435 and parameters: {'max_depth': 10, 'n_estimators': 90}. Best is trial 28 with value: 4.554288697719008.
[I 2024-12-05 02:57:34,514] Trial 86 finished with value: 4.617320626237448 and parameters: {'max_depth': 11, 'n_estimators': 79}. Best is trial 28 with value: 4.554288697719008.
[I 2024-12-05 02:57:35,622] Trial 87 finished with value: 6.322187072273607 and parameters: {'max_depth': 2, 'n_estimators': 84}. Best is trial 28 with value: 4.554288697719008.
[I 2024-12-05 02:57:37,252] Trial 88 finished with value: 4.586599495743427 and parameters: {'max_depth': 9, 'n_estimators': 70}. Best is trial 28 with value: 4.554288697719008.
[I 2024-12-05 02:57:39,787] Trial 89 finished with value: 4.584780234995778 and parameters: {'max_depth': 10, 'n_estimators': 94}. Best is trial 28 with value: 4.554288697719008.
[I 2024-12-05 02:57:40,927] Trial 90 finished with value: 4.699178763503911 and parameters: {'max_depth': 11, 'n_estimators': 33}. Best is trial 28 with value: 4.554288697719008.
[I 2024-12-05 02:57:42,887] Trial 91 finished with value: 4.578961346953653 and parameters: {'max_depth': 8, 'n_estimators': 96}. Best is trial 28 with value: 4.554288697719008.
[I 2024-12-05 02:57:43,625] Trial 92 finished with value: 4.722636103387215 and parameters: {'max_depth': 9, 'n_estimators': 19}. Best is trial 28 with value: 4.554288697719008.
[I 2024-12-05 02:57:45,715] Trial 93 finished with value: 4.57435013048824 and parameters: {'max_depth': 9, 'n_estimators': 94}. Best is trial 28 with value: 4.554288697719008.
[I 2024-12-05 02:57:47,849] Trial 94 finished with value: 4.581853153855127 and parameters: {'max_depth': 10, 'n_estimators': 87}. Best is trial 28 with value: 4.554288697719008.
[I 2024-12-05 02:57:49,553] Trial 95 finished with value: 4.6014565131230265 and parameters: {'max_depth': 9, 'n_estimators': 73}. Best is trial 28 with value: 4.554288697719008.
[I 2024-12-05 02:57:51,865] Trial 96 finished with value: 4.63973584337422 and parameters: {'max_depth': 12, 'n_estimators': 79}. Best is trial 28 with value: 4.554288697719008.
[I 2024-12-05 02:57:53,331] Trial 97 finished with value: 4.537417258118909 and parameters: {'max_depth': 9, 'n_estimators': 58}. Best is trial 97 with value: 4.537417258118909.
[I 2024-12-05 02:57:55,579] Trial 98 finished with value: 4.606008107123999 and parameters: {'max_depth': 10, 'n_estimators': 92}. Best is trial 97 with value: 4.537417258118909.
[I 2024-12-05 02:57:56,967] Trial 99 finished with value: 4.836820133637734 and parameters: {'max_depth': 5, 'n_estimators': 84}. Best is trial 97 with value: 4.537417258118909.
/home/mburu/.local/lib/python3.8/site-packages/sklearn/preprocessing/_encoders.py:975: FutureWarning: `sparse` was renamed to `sparse_output` in version 1.2 and will be removed in 1.4. `sparse_output` is ignored unless you leave `sparse` to its default value.
  warnings.warn(
[I 2024-12-05 02:58:13,936] A new study created in RDB with name: RandomForest_NYC Taxi
[I 2024-12-05 02:59:54,020] Trial 0 finished with value: 4.199983191086771 and parameters: {'max_depth': 3, 'n_estimators': 5}. Best is trial 0 with value: 4.199983191086771.
[I 2024-12-05 03:03:00,275] Trial 1 finished with value: 3.826890161971818 and parameters: {'max_depth': 5, 'n_estimators': 11}. Best is trial 1 with value: 3.826890161971818.
[I 2024-12-05 03:05:32,941] Trial 2 finished with value: 4.430617988533854 and parameters: {'max_depth': 2, 'n_estimators': 19}. Best is trial 1 with value: 3.826890161971818.
[I 2024-12-05 03:08:21,173] Trial 3 finished with value: 4.42904627707364 and parameters: {'max_depth': 2, 'n_estimators': 22}. Best is trial 1 with value: 3.826890161971818.
[I 2024-12-05 03:11:24,972] Trial 4 finished with value: 3.897061857649413 and parameters: {'max_depth': 5, 'n_estimators': 9}. Best is trial 1 with value: 3.826890161971818.
[I 2024-12-05 03:20:40,169] Trial 5 finished with value: 4.138828616666743 and parameters: {'max_depth': 3, 'n_estimators': 72}. Best is trial 1 with value: 3.826890161971818.
[I 2024-12-05 03:26:38,605] Trial 6 finished with value: 4.136497133805053 and parameters: {'max_depth': 3, 'n_estimators': 41}. Best is trial 1 with value: 3.826890161971818.
[I 2024-12-05 03:28:07,549] Trial 7 finished with value: 4.451184868101907 and parameters: {'max_depth': 2, 'n_estimators': 6}. Best is trial 1 with value: 3.826890161971818.
[I 2024-12-05 03:31:43,132] Trial 8 finished with value: 4.139366471574683 and parameters: {'max_depth': 3, 'n_estimators': 22}. Best is trial 1 with value: 3.826890161971818.
[I 2024-12-05 03:39:00,113] Trial 9 finished with value: 4.433926261483391 and parameters: {'max_depth': 2, 'n_estimators': 79}. Best is trial 1 with value: 3.826890161971818.
[I 2024-12-05 03:43:24,232] Trial 10 finished with value: 3.3428364983664443 and parameters: {'max_depth': 10, 'n_estimators': 11}. Best is trial 10 with value: 3.3428364983664443.
[I 2024-12-05 03:48:19,586] Trial 11 finished with value: 3.383262501594666 and parameters: {'max_depth': 12, 'n_estimators': 12}. Best is trial 10 with value: 3.3428364983664443.
[I 2024-12-05 03:53:12,306] Trial 12 finished with value: 3.247190906134365 and parameters: {'max_depth': 12, 'n_estimators': 12}. Best is trial 12 with value: 3.247190906134365.
[I 2024-12-05 03:58:46,291] Trial 13 finished with value: 3.3310637063234703 and parameters: {'max_depth': 11, 'n_estimators': 15}. Best is trial 12 with value: 3.247190906134365.
[I 2024-12-05 04:08:42,499] Trial 14 finished with value: 3.5201102929063324 and parameters: {'max_depth': 8, 'n_estimators': 36}. Best is trial 12 with value: 3.247190906134365.
[I 2024-12-05 04:13:07,450] Trial 15 finished with value: 3.6935703064889083 and parameters: {'max_depth': 7, 'n_estimators': 15}. Best is trial 12 with value: 3.247190906134365.
[I 2024-12-05 04:16:25,992] Trial 16 finished with value: 3.374829361568453 and parameters: {'max_depth': 12, 'n_estimators': 7}. Best is trial 12 with value: 3.247190906134365.
[I 2024-12-05 04:24:35,257] Trial 17 finished with value: 3.664265786005818 and parameters: {'max_depth': 7, 'n_estimators': 32}. Best is trial 12 with value: 3.247190906134365.
[I 2024-12-05 04:27:38,737] Trial 18 finished with value: 3.526832000504155 and parameters: {'max_depth': 9, 'n_estimators': 8}. Best is trial 12 with value: 3.247190906134365.
[I 2024-12-05 04:31:49,736] Trial 19 finished with value: 3.74320000712157 and parameters: {'max_depth': 6, 'n_estimators': 16}. Best is trial 12 with value: 3.247190906134365.
[I 2024-12-05 04:40:47,089] Trial 20 finished with value: 3.3987459730972818 and parameters: {'max_depth': 10, 'n_estimators': 28}. Best is trial 12 with value: 3.247190906134365.
[I 2024-12-05 04:45:14,397] Trial 21 finished with value: 3.428364224407253 and parameters: {'max_depth': 10, 'n_estimators': 12}. Best is trial 12 with value: 3.247190906134365.
[I 2024-12-05 04:49:50,967] Trial 22 finished with value: 3.342682310649132 and parameters: {'max_depth': 12, 'n_estimators': 10}. Best is trial 12 with value: 3.247190906134365.
[I 2024-12-05 04:55:36,027] Trial 23 finished with value: 3.319306364615522 and parameters: {'max_depth': 12, 'n_estimators': 15}. Best is trial 12 with value: 3.247190906134365.
[I 2024-12-05 05:00:32,495] Trial 24 finished with value: 3.5908341000609005 and parameters: {'max_depth': 8, 'n_estimators': 16}. Best is trial 12 with value: 3.247190906134365.
[I 2024-12-05 05:08:54,387] Trial 25 finished with value: 3.4678021334196836 and parameters: {'max_depth': 9, 'n_estimators': 27}. Best is trial 12 with value: 3.247190906134365.
[I 2024-12-05 05:25:57,255] Trial 26 finished with value: 3.2539468945357273 and parameters: {'max_depth': 12, 'n_estimators': 50}. Best is trial 12 with value: 3.247190906134365.
[I 2024-12-05 05:34:34,559] Trial 27 finished with value: 4.034025857825261 and parameters: {'max_depth': 4, 'n_estimators': 50}. Best is trial 12 with value: 3.247190906134365.
[I 2024-12-05 05:45:59,256] Trial 28 finished with value: 3.619227800900466 and parameters: {'max_depth': 7, 'n_estimators': 45}. Best is trial 12 with value: 3.247190906134365.
[I 2024-12-05 05:58:17,478] Trial 29 finished with value: 3.7593316987975833 and parameters: {'max_depth': 6, 'n_estimators': 56}. Best is trial 12 with value: 3.247190906134365.
[I 2024-12-05 06:08:41,936] Trial 30 finished with value: 4.004895106342505 and parameters: {'max_depth': 4, 'n_estimators': 63}. Best is trial 12 with value: 3.247190906134365.
[I 2024-12-05 06:14:05,090] Trial 31 finished with value: 3.34728513612867 and parameters: {'max_depth': 11, 'n_estimators': 14}. Best is trial 12 with value: 3.247190906134365.
[I 2024-12-05 06:21:14,411] Trial 32 finished with value: 3.3309977862530302 and parameters: {'max_depth': 11, 'n_estimators': 20}. Best is trial 12 with value: 3.247190906134365.
[I 2024-12-05 06:27:43,258] Trial 33 finished with value: 3.489974686546168 and parameters: {'max_depth': 9, 'n_estimators': 19}. Best is trial 12 with value: 3.247190906134365.
[I 2024-12-05 06:56:11,738] Trial 34 finished with value: 3.2921465194973036 and parameters: {'max_depth': 11, 'n_estimators': 90}. Best is trial 12 with value: 3.247190906134365.
[I 2024-12-05 07:21:41,203] Trial 35 finished with value: 3.5535873218848537 and parameters: {'max_depth': 8, 'n_estimators': 100}. Best is trial 12 with value: 3.247190906134365.
[I 2024-12-05 07:48:23,386] Trial 36 finished with value: 3.37923921206841 and parameters: {'max_depth': 10, 'n_estimators': 90}. Best is trial 12 with value: 3.247190906134365.
[I 2024-12-05 07:51:18,004] Trial 37 finished with value: 3.4225196521381833 and parameters: {'max_depth': 12, 'n_estimators': 5}. Best is trial 12 with value: 3.247190906134365.
[I 2024-12-05 08:04:48,239] Trial 38 finished with value: 3.8748792280783904 and parameters: {'max_depth': 5, 'n_estimators': 72}. Best is trial 12 with value: 3.247190906134365.
[I 2024-12-05 08:13:03,966] Trial 39 finished with value: 3.4278623467341958 and parameters: {'max_depth': 9, 'n_estimators': 25}. Best is trial 12 with value: 3.247190906134365.
[I 2024-12-05 08:31:56,899] Trial 40 finished with value: 3.3323978276807376 and parameters: {'max_depth': 11, 'n_estimators': 60}. Best is trial 12 with value: 3.247190906134365.
[I 2024-12-05 08:38:56,662] Trial 41 finished with value: 3.330876499167778 and parameters: {'max_depth': 11, 'n_estimators': 19}. Best is trial 12 with value: 3.247190906134365.
[I 2024-12-05 08:43:14,612] Trial 42 finished with value: 3.4531999358450847 and parameters: {'max_depth': 10, 'n_estimators': 9}. Best is trial 12 with value: 3.247190906134365.
[I 2024-12-05 08:51:18,022] Trial 43 finished with value: 3.3231415379123646 and parameters: {'max_depth': 12, 'n_estimators': 22}. Best is trial 12 with value: 3.247190906134365.
[I 2024-12-05 09:04:34,946] Trial 44 finished with value: 3.2497277102351667 and parameters: {'max_depth': 12, 'n_estimators': 39}. Best is trial 12 with value: 3.247190906134365.
[I 2024-12-05 09:14:28,166] Trial 45 finished with value: 3.529903335682993 and parameters: {'max_depth': 8, 'n_estimators': 36}. Best is trial 12 with value: 3.247190906134365.
[I 2024-12-05 09:27:12,660] Trial 46 finished with value: 3.4698901534059354 and parameters: {'max_depth': 9, 'n_estimators': 44}. Best is trial 12 with value: 3.247190906134365.
[I 2024-12-05 09:50:52,589] Trial 47 finished with value: 3.3205925474055085 and parameters: {'max_depth': 11, 'n_estimators': 76}. Best is trial 12 with value: 3.247190906134365.
[I 2024-12-05 10:06:23,398] Trial 48 finished with value: 3.3661931778420553 and parameters: {'max_depth': 10, 'n_estimators': 50}. Best is trial 12 with value: 3.247190906134365.
[I 2024-12-05 10:15:14,082] Trial 49 finished with value: 3.7450755613700815 and parameters: {'max_depth': 6, 'n_estimators': 38}. Best is trial 12 with value: 3.247190906134365.
[I 2024-12-05 10:20:48,312] Trial 50 finished with value: 3.3475483668078008 and parameters: {'max_depth': 12, 'n_estimators': 13}. Best is trial 12 with value: 3.247190906134365.
[I 2024-12-05 10:44:45,719] Trial 51 finished with value: 3.3013821611432177 and parameters: {'max_depth': 11, 'n_estimators': 76}. Best is trial 12 with value: 3.247190906134365.
[I 2024-12-05 11:11:05,497] Trial 52 finished with value: 3.309956963108462 and parameters: {'max_depth': 11, 'n_estimators': 84}. Best is trial 12 with value: 3.247190906134365.
[I 2024-12-05 11:38:39,450] Trial 53 finished with value: 3.370033546148562 and parameters: {'max_depth': 10, 'n_estimators': 93}. Best is trial 12 with value: 3.247190906134365.
[I 2024-12-05 12:05:34,385] Trial 54 finished with value: 3.321094398075311 and parameters: {'max_depth': 11, 'n_estimators': 85}. Best is trial 12 with value: 3.247190906134365.
[I 2024-12-05 12:23:12,047] Trial 55 finished with value: 3.4734854334489214 and parameters: {'max_depth': 9, 'n_estimators': 61}. Best is trial 12 with value: 3.247190906134365.
[I 2024-12-05 12:49:32,529] Trial 56 finished with value: 3.3110733696651353 and parameters: {'max_depth': 11, 'n_estimators': 82}. Best is trial 12 with value: 3.247190906134365.
[I 2024-12-05 13:08:08,779] Trial 57 finished with value: 3.5255255255455835 and parameters: {'max_depth': 8, 'n_estimators': 68}. Best is trial 12 with value: 3.247190906134365.
[I 2024-12-05 13:31:26,861] Trial 58 finished with value: 3.369945886193426 and parameters: {'max_depth': 10, 'n_estimators': 73}. Best is trial 12 with value: 3.247190906134365.
[I 2024-12-05 13:45:27,001] Trial 59 finished with value: 3.6260962654788678 and parameters: {'max_depth': 7, 'n_estimators': 52}. Best is trial 12 with value: 3.247190906134365.
[I 2024-12-05 13:57:29,433] Trial 60 finished with value: 3.2821044397271684 and parameters: {'max_depth': 12, 'n_estimators': 32}. Best is trial 12 with value: 3.247190906134365.
[I 2024-12-05 14:09:19,525] Trial 61 finished with value: 3.274338184692295 and parameters: {'max_depth': 12, 'n_estimators': 31}. Best is trial 12 with value: 3.247190906134365.
[I 2024-12-05 14:25:38,607] Trial 62 finished with value: 3.2960219137650144 and parameters: {'max_depth': 12, 'n_estimators': 41}. Best is trial 12 with value: 3.247190906134365.
[I 2024-12-05 14:38:21,473] Trial 63 finished with value: 3.2588104259401027 and parameters: {'max_depth': 12, 'n_estimators': 32}. Best is trial 12 with value: 3.247190906134365.
[I 2024-12-05 14:51:06,162] Trial 64 finished with value: 3.2756601487955805 and parameters: {'max_depth': 12, 'n_estimators': 32}. Best is trial 12 with value: 3.247190906134365.
[I 2024-12-05 15:03:58,679] Trial 65 finished with value: 3.271820407101959 and parameters: {'max_depth': 12, 'n_estimators': 32}. Best is trial 12 with value: 3.247190906134365.
[I 2024-12-05 15:17:47,531] Trial 66 finished with value: 3.2750163063472906 and parameters: {'max_depth': 12, 'n_estimators': 33}. Best is trial 12 with value: 3.247190906134365.
[I 2024-12-05 15:28:32,405] Trial 67 finished with value: 3.413917164791841 and parameters: {'max_depth': 10, 'n_estimators': 29}. Best is trial 12 with value: 3.247190906134365.
[I 2024-12-05 15:37:14,515] Trial 68 finished with value: 3.471398952871165 and parameters: {'max_depth': 9, 'n_estimators': 24}. Best is trial 12 with value: 3.247190906134365.
[I 2024-12-05 15:52:08,175] Trial 69 finished with value: 3.24088776122232 and parameters: {'max_depth': 12, 'n_estimators': 37}. Best is trial 69 with value: 3.24088776122232.
[I 2024-12-05 16:06:18,715] Trial 70 finished with value: 3.3893255392585226 and parameters: {'max_depth': 10, 'n_estimators': 40}. Best is trial 69 with value: 3.24088776122232.
[I 2024-12-05 16:20:19,526] Trial 71 finished with value: 3.277456429515945 and parameters: {'max_depth': 12, 'n_estimators': 34}. Best is trial 69 with value: 3.24088776122232.
[I 2024-12-05 16:37:42,889] Trial 72 finished with value: 3.3138237577339202 and parameters: {'max_depth': 11, 'n_estimators': 46}. Best is trial 69 with value: 3.24088776122232.
[I 2024-12-05 16:49:24,977] Trial 73 finished with value: 3.2977782411950556 and parameters: {'max_depth': 12, 'n_estimators': 28}. Best is trial 69 with value: 3.24088776122232.
[I 2024-12-05 17:01:34,535] Trial 74 finished with value: 3.250132561216936 and parameters: {'max_depth': 12, 'n_estimators': 30}. Best is trial 69 with value: 3.24088776122232.
[I 2024-12-05 17:12:36,185] Trial 75 finished with value: 3.4146339085421276 and parameters: {'max_depth': 10, 'n_estimators': 30}. Best is trial 69 with value: 3.24088776122232.
[I 2024-12-05 17:23:16,622] Trial 76 finished with value: 3.3591071777947867 and parameters: {'max_depth': 11, 'n_estimators': 25}. Best is trial 69 with value: 3.24088776122232.
[I 2024-12-05 17:37:31,722] Trial 77 finished with value: 3.241374599472791 and parameters: {'max_depth': 12, 'n_estimators': 36}. Best is trial 69 with value: 3.24088776122232.
[I 2024-12-05 17:45:19,001] Trial 78 finished with value: 3.9981200291865973 and parameters: {'max_depth': 4, 'n_estimators': 37}. Best is trial 69 with value: 3.24088776122232.
[I 2024-12-05 18:00:36,957] Trial 79 finished with value: 3.4555138086919492 and parameters: {'max_depth': 9, 'n_estimators': 46}. Best is trial 69 with value: 3.24088776122232.
[I 2024-12-05 18:20:52,131] Trial 80 finished with value: 3.3390982828364506 and parameters: {'max_depth': 11, 'n_estimators': 55}. Best is trial 69 with value: 3.24088776122232.
[I 2024-12-05 18:32:00,498] Trial 81 finished with value: 3.306240778145257 and parameters: {'max_depth': 12, 'n_estimators': 26}. Best is trial 69 with value: 3.24088776122232.
[I 2024-12-05 18:44:11,077] Trial 82 finished with value: 3.2316079996509055 and parameters: {'max_depth': 12, 'n_estimators': 30}. Best is trial 82 with value: 3.2316079996509055.
[I 2024-12-05 18:59:09,454] Trial 83 finished with value: 3.3351667386283212 and parameters: {'max_depth': 11, 'n_estimators': 40}. Best is trial 82 with value: 3.2316079996509055.
[I 2024-12-05 19:13:16,961] Trial 84 finished with value: 3.2720728194515076 and parameters: {'max_depth': 12, 'n_estimators': 36}. Best is trial 82 with value: 3.2316079996509055.
[I 2024-12-05 19:22:28,242] Trial 85 finished with value: 3.3917574955064014 and parameters: {'max_depth': 10, 'n_estimators': 23}. Best is trial 82 with value: 3.2316079996509055.
[I 2024-12-05 19:31:20,950] Trial 86 finished with value: 3.8385688929917876 and parameters: {'max_depth': 5, 'n_estimators': 35}. Best is trial 82 with value: 3.2316079996509055.
[I 2024-12-05 19:48:05,803] Trial 87 finished with value: 3.3034133471705855 and parameters: {'max_depth': 11, 'n_estimators': 43}. Best is trial 82 with value: 3.2316079996509055.
[I 2024-12-05 19:52:28,306] Trial 88 finished with value: 4.1242378484943085 and parameters: {'max_depth': 3, 'n_estimators': 21}. Best is trial 82 with value: 3.2316079996509055.
[I 2024-12-05 20:03:05,984] Trial 89 finished with value: 3.40274086324671 and parameters: {'max_depth': 10, 'n_estimators': 27}. Best is trial 82 with value: 3.2316079996509055.
[I 2024-12-05 20:11:41,332] Trial 90 finished with value: 3.2762215334483984 and parameters: {'max_depth': 12, 'n_estimators': 18}. Best is trial 82 with value: 3.2316079996509055.
[I 2024-12-05 20:27:06,537] Trial 91 finished with value: 3.2663005116606016 and parameters: {'max_depth': 12, 'n_estimators': 38}. Best is trial 82 with value: 3.2316079996509055.
[I 2024-12-05 20:42:15,267] Trial 92 finished with value: 3.306861964111954 and parameters: {'max_depth': 11, 'n_estimators': 39}. Best is trial 82 with value: 3.2316079996509055.
[I 2024-12-05 21:01:11,327] Trial 93 finished with value: 3.2682305883074734 and parameters: {'max_depth': 12, 'n_estimators': 48}. Best is trial 82 with value: 3.2316079996509055.
[I 2024-12-05 21:20:47,505] Trial 94 finished with value: 3.3098338790074306 and parameters: {'max_depth': 11, 'n_estimators': 49}. Best is trial 82 with value: 3.2316079996509055.
[I 2024-12-05 21:38:39,362] Trial 95 finished with value: 3.247068137213276 and parameters: {'max_depth': 12, 'n_estimators': 43}. Best is trial 82 with value: 3.2316079996509055.
[I 2024-12-05 21:42:35,633] Trial 96 finished with value: 3.4633799389092217 and parameters: {'max_depth': 11, 'n_estimators': 7}. Best is trial 82 with value: 3.2316079996509055.
[I 2024-12-05 22:02:06,054] Trial 97 finished with value: 3.3544373385703623 and parameters: {'max_depth': 10, 'n_estimators': 55}. Best is trial 82 with value: 3.2316079996509055.
[I 2024-12-05 22:18:36,705] Trial 98 finished with value: 3.338369120092763 and parameters: {'max_depth': 11, 'n_estimators': 44}. Best is trial 82 with value: 3.2316079996509055.
[I 2024-12-05 22:24:00,487] Trial 99 finished with value: 4.424652863475493 and parameters: {'max_depth': 2, 'n_estimators': 41}. Best is trial 82 with value: 3.2316079996509055.
/home/mburu/.local/lib/python3.8/site-packages/sklearn/preprocessing/_encoders.py:975: FutureWarning: `sparse` was renamed to `sparse_output` in version 1.2 and will be removed in 1.4. `sparse_output` is ignored unless you leave `sparse` to its default value.
  warnings.warn(
[I 2024-12-05 22:36:38,186] A new study created in RDB with name: RandomForest_House Sales
[I 2024-12-05 22:36:39,471] Trial 0 finished with value: 31637098062.156258 and parameters: {'max_depth': 5, 'n_estimators': 10}. Best is trial 0 with value: 31637098062.156258.
[I 2024-12-05 22:36:40,320] Trial 1 finished with value: 61858973416.530495 and parameters: {'max_depth': 2, 'n_estimators': 15}. Best is trial 0 with value: 31637098062.156258.
[I 2024-12-05 22:36:41,148] Trial 2 finished with value: 31367499230.82315 and parameters: {'max_depth': 5, 'n_estimators': 6}. Best is trial 2 with value: 31367499230.82315.
[I 2024-12-05 22:36:43,157] Trial 3 finished with value: 26635021005.33525 and parameters: {'max_depth': 6, 'n_estimators': 22}. Best is trial 3 with value: 26635021005.33525.
[I 2024-12-05 22:36:46,278] Trial 4 finished with value: 21855354986.400993 and parameters: {'max_depth': 8, 'n_estimators': 27}. Best is trial 4 with value: 21855354986.400993.
[I 2024-12-05 22:36:48,634] Trial 5 finished with value: 61166004701.077255 and parameters: {'max_depth': 2, 'n_estimators': 72}. Best is trial 4 with value: 21855354986.400993.
[I 2024-12-05 22:36:50,391] Trial 6 finished with value: 60803034500.63464 and parameters: {'max_depth': 2, 'n_estimators': 47}. Best is trial 4 with value: 21855354986.400993.
[I 2024-12-05 22:36:51,667] Trial 7 finished with value: 27286366094.902115 and parameters: {'max_depth': 6, 'n_estimators': 9}. Best is trial 4 with value: 21855354986.400993.
[I 2024-12-05 22:36:52,257] Trial 8 finished with value: 63477864291.252686 and parameters: {'max_depth': 2, 'n_estimators': 6}. Best is trial 4 with value: 21855354986.400993.
[I 2024-12-05 22:36:53,545] Trial 9 finished with value: 47591101709.797386 and parameters: {'max_depth': 3, 'n_estimators': 22}. Best is trial 4 with value: 21855354986.400993.
[I 2024-12-05 22:37:00,586] Trial 10 finished with value: 17712765056.52558 and parameters: {'max_depth': 12, 'n_estimators': 44}. Best is trial 10 with value: 17712765056.52558.
[I 2024-12-05 22:37:06,640] Trial 11 finished with value: 18078030482.128723 and parameters: {'max_depth': 12, 'n_estimators': 38}. Best is trial 10 with value: 17712765056.52558.
[I 2024-12-05 22:37:12,251] Trial 12 finished with value: 18464430059.758324 and parameters: {'max_depth': 11, 'n_estimators': 40}. Best is trial 10 with value: 17712765056.52558.
[I 2024-12-05 22:37:27,255] Trial 13 finished with value: 17531434067.21288 and parameters: {'max_depth': 12, 'n_estimators': 100}. Best is trial 13 with value: 17531434067.21288.
[I 2024-12-05 22:37:37,186] Trial 14 finished with value: 19802876318.873253 and parameters: {'max_depth': 9, 'n_estimators': 92}. Best is trial 13 with value: 17531434067.21288.
[I 2024-12-05 22:37:43,309] Trial 15 finished with value: 21358216027.82065 and parameters: {'max_depth': 8, 'n_estimators': 63}. Best is trial 13 with value: 17531434067.21288.
[I 2024-12-05 22:37:47,010] Trial 16 finished with value: 47797912071.06487 and parameters: {'max_depth': 3, 'n_estimators': 87}. Best is trial 13 with value: 17531434067.21288.
[I 2024-12-05 22:37:54,222] Trial 17 finished with value: 19243271132.977337 and parameters: {'max_depth': 10, 'n_estimators': 57}. Best is trial 13 with value: 17531434067.21288.
[I 2024-12-05 22:37:57,090] Trial 18 finished with value: 23649475405.42676 and parameters: {'max_depth': 7, 'n_estimators': 30}. Best is trial 13 with value: 17531434067.21288.
[I 2024-12-05 22:38:05,048] Trial 19 finished with value: 17790175863.192932 and parameters: {'max_depth': 12, 'n_estimators': 50}. Best is trial 13 with value: 17531434067.21288.
[I 2024-12-05 22:38:09,292] Trial 20 finished with value: 47166213274.08487 and parameters: {'max_depth': 3, 'n_estimators': 98}. Best is trial 13 with value: 17531434067.21288.
[I 2024-12-05 22:38:17,587] Trial 21 finished with value: 17435973549.774467 and parameters: {'max_depth': 12, 'n_estimators': 52}. Best is trial 21 with value: 17435973549.774467.
[I 2024-12-05 22:38:26,096] Trial 22 finished with value: 18761453117.0326 and parameters: {'max_depth': 10, 'n_estimators': 71}. Best is trial 21 with value: 17435973549.774467.
[I 2024-12-05 22:38:30,511] Trial 23 finished with value: 19748633634.298172 and parameters: {'max_depth': 9, 'n_estimators': 38}. Best is trial 21 with value: 17435973549.774467.
[I 2024-12-05 22:38:40,975] Trial 24 finished with value: 17902837262.630356 and parameters: {'max_depth': 12, 'n_estimators': 70}. Best is trial 21 with value: 17435973549.774467.
[I 2024-12-05 22:38:43,888] Trial 25 finished with value: 23498668312.85724 and parameters: {'max_depth': 7, 'n_estimators': 32}. Best is trial 21 with value: 17435973549.774467.
[I 2024-12-05 22:38:46,905] Trial 26 finished with value: 38096430678.14195 and parameters: {'max_depth': 4, 'n_estimators': 52}. Best is trial 21 with value: 17435973549.774467.
[I 2024-12-05 22:38:49,780] Trial 27 finished with value: 19392069028.709785 and parameters: {'max_depth': 10, 'n_estimators': 15}. Best is trial 21 with value: 17435973549.774467.
[I 2024-12-05 22:38:57,811] Trial 28 finished with value: 21035700403.96361 and parameters: {'max_depth': 8, 'n_estimators': 82}. Best is trial 21 with value: 17435973549.774467.
[I 2024-12-05 22:39:00,464] Trial 29 finished with value: 37720033369.0248 and parameters: {'max_depth': 4, 'n_estimators': 43}. Best is trial 21 with value: 17435973549.774467.
[I 2024-12-05 22:39:01,796] Trial 30 finished with value: 31844119756.73239 and parameters: {'max_depth': 5, 'n_estimators': 14}. Best is trial 21 with value: 17435973549.774467.
[I 2024-12-05 22:39:10,210] Trial 31 finished with value: 17808701961.61341 and parameters: {'max_depth': 12, 'n_estimators': 53}. Best is trial 21 with value: 17435973549.774467.
[I 2024-12-05 22:39:18,844] Trial 32 finished with value: 18062356737.135353 and parameters: {'max_depth': 11, 'n_estimators': 64}. Best is trial 21 with value: 17435973549.774467.
[I 2024-12-05 22:39:22,965] Trial 33 finished with value: 20106601246.446297 and parameters: {'max_depth': 9, 'n_estimators': 33}. Best is trial 21 with value: 17435973549.774467.
[I 2024-12-05 22:39:29,608] Trial 34 finished with value: 18257814961.756657 and parameters: {'max_depth': 11, 'n_estimators': 48}. Best is trial 21 with value: 17435973549.774467.
[I 2024-12-05 22:39:32,311] Trial 35 finished with value: 23644440352.016792 and parameters: {'max_depth': 7, 'n_estimators': 25}. Best is trial 21 with value: 17435973549.774467.
[I 2024-12-05 22:39:35,187] Trial 36 finished with value: 19603653971.54842 and parameters: {'max_depth': 10, 'n_estimators': 18}. Best is trial 21 with value: 17435973549.774467.
[I 2024-12-05 22:39:46,948] Trial 37 finished with value: 17690384248.16359 and parameters: {'max_depth': 12, 'n_estimators': 77}. Best is trial 21 with value: 17435973549.774467.
[I 2024-12-05 22:39:52,866] Trial 38 finished with value: 26456538644.943012 and parameters: {'max_depth': 6, 'n_estimators': 80}. Best is trial 21 with value: 17435973549.774467.
[I 2024-12-05 22:39:59,721] Trial 39 finished with value: 19812034745.26372 and parameters: {'max_depth': 9, 'n_estimators': 62}. Best is trial 21 with value: 17435973549.774467.
[I 2024-12-05 22:40:09,452] Trial 40 finished with value: 21330377534.78631 and parameters: {'max_depth': 8, 'n_estimators': 100}. Best is trial 21 with value: 17435973549.774467.
[I 2024-12-05 22:40:20,926] Trial 41 finished with value: 17659354661.571968 and parameters: {'max_depth': 12, 'n_estimators': 76}. Best is trial 21 with value: 17435973549.774467.
[I 2024-12-05 22:40:31,153] Trial 42 finished with value: 18313136279.55785 and parameters: {'max_depth': 11, 'n_estimators': 74}. Best is trial 21 with value: 17435973549.774467.
[I 2024-12-05 22:40:43,719] Trial 43 finished with value: 17878503531.04623 and parameters: {'max_depth': 12, 'n_estimators': 83}. Best is trial 21 with value: 17435973549.774467.
[I 2024-12-05 22:40:45,001] Trial 44 finished with value: 23088748540.252754 and parameters: {'max_depth': 10, 'n_estimators': 5}. Best is trial 21 with value: 17435973549.774467.
[I 2024-12-05 22:40:53,143] Trial 45 finished with value: 18118283844.46038 and parameters: {'max_depth': 11, 'n_estimators': 58}. Best is trial 21 with value: 17435973549.774467.
[I 2024-12-05 22:40:58,335] Trial 46 finished with value: 19844603786.94803 and parameters: {'max_depth': 9, 'n_estimators': 44}. Best is trial 21 with value: 17435973549.774467.
[I 2024-12-05 22:41:09,160] Trial 47 finished with value: 17702237454.216816 and parameters: {'max_depth': 12, 'n_estimators': 70}. Best is trial 21 with value: 17435973549.774467.
[I 2024-12-05 22:41:19,325] Trial 48 finished with value: 18229246090.73391 and parameters: {'max_depth': 11, 'n_estimators': 73}. Best is trial 21 with value: 17435973549.774467.
[I 2024-12-05 22:41:27,950] Trial 49 finished with value: 21311942698.223454 and parameters: {'max_depth': 8, 'n_estimators': 89}. Best is trial 21 with value: 17435973549.774467.
[I 2024-12-05 22:41:29,336] Trial 50 finished with value: 20520265656.389793 and parameters: {'max_depth': 10, 'n_estimators': 8}. Best is trial 21 with value: 17435973549.774467.
[I 2024-12-05 22:41:38,994] Trial 51 finished with value: 17924477789.715057 and parameters: {'max_depth': 12, 'n_estimators': 64}. Best is trial 21 with value: 17435973549.774467.
[I 2024-12-05 22:41:46,625] Trial 52 finished with value: 18048987490.670742 and parameters: {'max_depth': 11, 'n_estimators': 55}. Best is trial 21 with value: 17435973549.774467.
[I 2024-12-05 22:41:58,501] Trial 53 finished with value: 17735827824.935463 and parameters: {'max_depth': 12, 'n_estimators': 79}. Best is trial 21 with value: 17435973549.774467.
[I 2024-12-05 22:42:09,739] Trial 54 finished with value: 18723876422.14522 and parameters: {'max_depth': 10, 'n_estimators': 92}. Best is trial 21 with value: 17435973549.774467.
[I 2024-12-05 22:42:18,998] Trial 55 finished with value: 17916810432.003902 and parameters: {'max_depth': 11, 'n_estimators': 67}. Best is trial 21 with value: 17435973549.774467.
[I 2024-12-05 22:42:24,199] Trial 56 finished with value: 19768664412.706417 and parameters: {'max_depth': 9, 'n_estimators': 46}. Best is trial 21 with value: 17435973549.774467.
[I 2024-12-05 22:42:30,109] Trial 57 finished with value: 17987322616.44088 and parameters: {'max_depth': 12, 'n_estimators': 36}. Best is trial 21 with value: 17435973549.774467.
[I 2024-12-05 22:42:37,401] Trial 58 finished with value: 18979138261.843353 and parameters: {'max_depth': 10, 'n_estimators': 57}. Best is trial 21 with value: 17435973549.774467.
[I 2024-12-05 22:42:45,388] Trial 59 finished with value: 23600049110.275143 and parameters: {'max_depth': 7, 'n_estimators': 96}. Best is trial 21 with value: 17435973549.774467.
[I 2024-12-05 22:42:51,157] Trial 60 finished with value: 26579451655.124283 and parameters: {'max_depth': 6, 'n_estimators': 76}. Best is trial 21 with value: 17435973549.774467.
[I 2024-12-05 22:43:03,854] Trial 61 finished with value: 17676837971.936935 and parameters: {'max_depth': 12, 'n_estimators': 83}. Best is trial 21 with value: 17435973549.774467.
[I 2024-12-05 22:43:16,745] Trial 62 finished with value: 17700241343.681206 and parameters: {'max_depth': 12, 'n_estimators': 86}. Best is trial 21 with value: 17435973549.774467.
[I 2024-12-05 22:43:28,403] Trial 63 finished with value: 17957197587.017395 and parameters: {'max_depth': 11, 'n_estimators': 87}. Best is trial 21 with value: 17435973549.774467.
[I 2024-12-05 22:43:38,850] Trial 64 finished with value: 17690592611.280148 and parameters: {'max_depth': 12, 'n_estimators': 69}. Best is trial 21 with value: 17435973549.774467.
[I 2024-12-05 22:43:50,357] Trial 65 finished with value: 18063526035.186646 and parameters: {'max_depth': 11, 'n_estimators': 85}. Best is trial 21 with value: 17435973549.774467.
[I 2024-12-05 22:44:02,387] Trial 66 finished with value: 18703244849.543427 and parameters: {'max_depth': 10, 'n_estimators': 99}. Best is trial 21 with value: 17435973549.774467.
[I 2024-12-05 22:44:11,780] Trial 67 finished with value: 17596699713.61665 and parameters: {'max_depth': 12, 'n_estimators': 61}. Best is trial 21 with value: 17435973549.774467.
[I 2024-12-05 22:44:18,771] Trial 68 finished with value: 20127752676.672867 and parameters: {'max_depth': 9, 'n_estimators': 64}. Best is trial 21 with value: 17435973549.774467.
[I 2024-12-05 22:44:26,191] Trial 69 finished with value: 19148337103.86457 and parameters: {'max_depth': 10, 'n_estimators': 59}. Best is trial 21 with value: 17435973549.774467.
[I 2024-12-05 22:44:31,373] Trial 70 finished with value: 21541871161.944027 and parameters: {'max_depth': 8, 'n_estimators': 50}. Best is trial 21 with value: 17435973549.774467.
[I 2024-12-05 22:44:43,186] Trial 71 finished with value: 17647176206.368385 and parameters: {'max_depth': 12, 'n_estimators': 79}. Best is trial 21 with value: 17435973549.774467.
[I 2024-12-05 22:44:54,989] Trial 72 finished with value: 17574374694.633976 and parameters: {'max_depth': 12, 'n_estimators': 77}. Best is trial 21 with value: 17435973549.774467.
[I 2024-12-05 22:45:05,581] Trial 73 finished with value: 18228997822.23507 and parameters: {'max_depth': 11, 'n_estimators': 77}. Best is trial 21 with value: 17435973549.774467.
[I 2024-12-05 22:45:19,212] Trial 74 finished with value: 17899665574.47596 and parameters: {'max_depth': 12, 'n_estimators': 91}. Best is trial 21 with value: 17435973549.774467.
[I 2024-12-05 22:45:28,815] Trial 75 finished with value: 18117546159.63727 and parameters: {'max_depth': 11, 'n_estimators': 71}. Best is trial 21 with value: 17435973549.774467.
[I 2024-12-05 22:45:39,350] Trial 76 finished with value: 17931585777.88624 and parameters: {'max_depth': 11, 'n_estimators': 78}. Best is trial 21 with value: 17435973549.774467.
[I 2024-12-05 22:45:43,344] Trial 77 finished with value: 31168938494.49044 and parameters: {'max_depth': 5, 'n_estimators': 59}. Best is trial 21 with value: 17435973549.774467.
[I 2024-12-05 22:45:48,897] Trial 78 finished with value: 18776649072.05088 and parameters: {'max_depth': 10, 'n_estimators': 41}. Best is trial 21 with value: 17435973549.774467.
[I 2024-12-05 22:46:00,526] Trial 79 finished with value: 19541663060.96075 and parameters: {'max_depth': 9, 'n_estimators': 100}. Best is trial 21 with value: 17435973549.774467.
[I 2024-12-05 22:46:04,623] Trial 80 finished with value: 37891318277.46222 and parameters: {'max_depth': 4, 'n_estimators': 53}. Best is trial 21 with value: 17435973549.774467.
[I 2024-12-05 22:46:16,367] Trial 81 finished with value: 17941756688.746254 and parameters: {'max_depth': 12, 'n_estimators': 72}. Best is trial 21 with value: 17435973549.774467.
[I 2024-12-05 22:46:28,625] Trial 82 finished with value: 17741202531.195972 and parameters: {'max_depth': 12, 'n_estimators': 68}. Best is trial 21 with value: 17435973549.774467.
[I 2024-12-05 22:46:41,708] Trial 83 finished with value: 17647633796.272194 and parameters: {'max_depth': 12, 'n_estimators': 83}. Best is trial 21 with value: 17435973549.774467.
[I 2024-12-05 22:46:53,122] Trial 84 finished with value: 18123906559.953285 and parameters: {'max_depth': 11, 'n_estimators': 82}. Best is trial 21 with value: 17435973549.774467.
[I 2024-12-05 22:47:06,891] Trial 85 finished with value: 17932029456.96277 and parameters: {'max_depth': 12, 'n_estimators': 92}. Best is trial 21 with value: 17435973549.774467.
[I 2024-12-05 22:47:17,359] Trial 86 finished with value: 18313846787.412346 and parameters: {'max_depth': 11, 'n_estimators': 77}. Best is trial 21 with value: 17435973549.774467.
[I 2024-12-05 22:47:25,051] Trial 87 finished with value: 18506939315.797367 and parameters: {'max_depth': 10, 'n_estimators': 62}. Best is trial 21 with value: 17435973549.774467.
[I 2024-12-05 22:47:27,454] Trial 88 finished with value: 19254624223.49578 and parameters: {'max_depth': 12, 'n_estimators': 11}. Best is trial 21 with value: 17435973549.774467.
[I 2024-12-05 22:47:31,556] Trial 89 finished with value: 18830304597.486378 and parameters: {'max_depth': 11, 'n_estimators': 26}. Best is trial 21 with value: 17435973549.774467.
[I 2024-12-05 22:47:41,517] Trial 90 finished with value: 18688208838.52403 and parameters: {'max_depth': 10, 'n_estimators': 81}. Best is trial 21 with value: 17435973549.774467.
[I 2024-12-05 22:47:51,813] Trial 91 finished with value: 17739632237.212234 and parameters: {'max_depth': 12, 'n_estimators': 66}. Best is trial 21 with value: 17435973549.774467.
[I 2024-12-05 22:48:05,647] Trial 92 finished with value: 17693811763.737217 and parameters: {'max_depth': 12, 'n_estimators': 93}. Best is trial 21 with value: 17435973549.774467.
[I 2024-12-05 22:48:16,277] Trial 93 finished with value: 17790762284.311516 and parameters: {'max_depth': 12, 'n_estimators': 70}. Best is trial 21 with value: 17435973549.774467.
[I 2024-12-05 22:48:27,795] Trial 94 finished with value: 18034849996.9972 and parameters: {'max_depth': 11, 'n_estimators': 85}. Best is trial 21 with value: 17435973549.774467.
[I 2024-12-05 22:48:39,257] Trial 95 finished with value: 17645985678.895836 and parameters: {'max_depth': 12, 'n_estimators': 75}. Best is trial 21 with value: 17435973549.774467.
[I 2024-12-05 22:48:49,642] Trial 96 finished with value: 18346097301.924725 and parameters: {'max_depth': 11, 'n_estimators': 75}. Best is trial 21 with value: 17435973549.774467.
[I 2024-12-05 22:48:59,084] Trial 97 finished with value: 19692859918.311028 and parameters: {'max_depth': 9, 'n_estimators': 88}. Best is trial 21 with value: 17435973549.774467.
[I 2024-12-05 22:49:06,713] Trial 98 finished with value: 18843844359.965397 and parameters: {'max_depth': 10, 'n_estimators': 62}. Best is trial 21 with value: 17435973549.774467.
[I 2024-12-05 22:49:15,128] Trial 99 finished with value: 18003704216.014423 and parameters: {'max_depth': 12, 'n_estimators': 55}. Best is trial 21 with value: 17435973549.774467.
/home/mburu/.local/lib/python3.8/site-packages/sklearn/preprocessing/_encoders.py:975: FutureWarning: `sparse` was renamed to `sparse_output` in version 1.2 and will be removed in 1.4. `sparse_output` is ignored unless you leave `sparse` to its default value.
  warnings.warn(
[I 2024-12-05 22:49:25,987] A new study created in RDB with name: RandomForest_MIP
[I 2024-12-05 22:49:26,525] Trial 0 finished with value: 891375.3328827128 and parameters: {'max_depth': 3, 'n_estimators': 7}. Best is trial 0 with value: 891375.3328827128.
[I 2024-12-05 22:49:27,131] Trial 1 finished with value: 878651.2375093314 and parameters: {'max_depth': 3, 'n_estimators': 11}. Best is trial 1 with value: 878651.2375093314.
[I 2024-12-05 22:49:28,330] Trial 2 finished with value: 851384.7768105734 and parameters: {'max_depth': 4, 'n_estimators': 42}. Best is trial 2 with value: 851384.7768105734.
[I 2024-12-05 22:49:29,098] Trial 3 finished with value: 873854.1172699457 and parameters: {'max_depth': 3, 'n_estimators': 25}. Best is trial 2 with value: 851384.7768105734.
[I 2024-12-05 22:49:29,890] Trial 4 finished with value: 905483.7964791186 and parameters: {'max_depth': 2, 'n_estimators': 35}. Best is trial 2 with value: 851384.7768105734.
[I 2024-12-05 22:49:31,323] Trial 5 finished with value: 868955.854257181 and parameters: {'max_depth': 3, 'n_estimators': 79}. Best is trial 2 with value: 851384.7768105734.
[I 2024-12-05 22:49:32,689] Trial 6 finished with value: 877824.1919181235 and parameters: {'max_depth': 3, 'n_estimators': 77}. Best is trial 2 with value: 851384.7768105734.
[I 2024-12-05 22:49:33,181] Trial 7 finished with value: 935504.2461407699 and parameters: {'max_depth': 2, 'n_estimators': 8}. Best is trial 2 with value: 851384.7768105734.
[I 2024-12-05 22:49:33,789] Trial 8 finished with value: 866279.4807739779 and parameters: {'max_depth': 4, 'n_estimators': 13}. Best is trial 2 with value: 851384.7768105734.
[I 2024-12-05 22:49:35,298] Trial 9 finished with value: 809093.129848385 and parameters: {'max_depth': 5, 'n_estimators': 67}. Best is trial 9 with value: 809093.129848385.
[I 2024-12-05 22:49:38,437] Trial 10 finished with value: 735265.1627625243 and parameters: {'max_depth': 10, 'n_estimators': 97}. Best is trial 10 with value: 735265.1627625243.
[I 2024-12-05 22:49:41,932] Trial 11 finished with value: 723882.619721038 and parameters: {'max_depth': 11, 'n_estimators': 99}. Best is trial 11 with value: 723882.619721038.
[I 2024-12-05 22:49:45,188] Trial 12 finished with value: 732662.012268318 and parameters: {'max_depth': 11, 'n_estimators': 93}. Best is trial 11 with value: 723882.619721038.
[I 2024-12-05 22:49:47,067] Trial 13 finished with value: 743704.7400956961 and parameters: {'max_depth': 11, 'n_estimators': 47}. Best is trial 11 with value: 723882.619721038.
[I 2024-12-05 22:49:47,958] Trial 14 finished with value: 753570.1115518106 and parameters: {'max_depth': 8, 'n_estimators': 20}. Best is trial 11 with value: 723882.619721038.
[I 2024-12-05 22:49:49,596] Trial 15 finished with value: 782638.078883053 and parameters: {'max_depth': 7, 'n_estimators': 56}. Best is trial 11 with value: 723882.619721038.
[I 2024-12-05 22:49:53,134] Trial 16 finished with value: 730978.7454740437 and parameters: {'max_depth': 12, 'n_estimators': 97}. Best is trial 11 with value: 723882.619721038.
[I 2024-12-05 22:49:54,153] Trial 17 finished with value: 786633.7972076512 and parameters: {'max_depth': 7, 'n_estimators': 29}. Best is trial 11 with value: 723882.619721038.
[I 2024-12-05 22:49:55,069] Trial 18 finished with value: 762663.8274852593 and parameters: {'max_depth': 9, 'n_estimators': 17}. Best is trial 11 with value: 723882.619721038.
[I 2024-12-05 22:49:57,412] Trial 19 finished with value: 724217.8362213228 and parameters: {'max_depth': 12, 'n_estimators': 59}. Best is trial 11 with value: 723882.619721038.
[I 2024-12-05 22:49:57,972] Trial 20 finished with value: 881373.3633467015 and parameters: {'max_depth': 6, 'n_estimators': 5}. Best is trial 11 with value: 723882.619721038.
[I 2024-12-05 22:50:00,264] Trial 21 finished with value: 721477.8867096346 and parameters: {'max_depth': 12, 'n_estimators': 57}. Best is trial 21 with value: 721477.8867096346.
[I 2024-12-05 22:50:02,097] Trial 22 finished with value: 764093.5326547038 and parameters: {'max_depth': 9, 'n_estimators': 55}. Best is trial 21 with value: 721477.8867096346.
[I 2024-12-05 22:50:03,727] Trial 23 finished with value: 748687.4058251459 and parameters: {'max_depth': 12, 'n_estimators': 36}. Best is trial 21 with value: 721477.8867096346.
[I 2024-12-05 22:50:05,782] Trial 24 finished with value: 748708.2187963331 and parameters: {'max_depth': 9, 'n_estimators': 64}. Best is trial 21 with value: 721477.8867096346.
[I 2024-12-05 22:50:07,162] Trial 25 finished with value: 781952.7774316607 and parameters: {'max_depth': 7, 'n_estimators': 46}. Best is trial 21 with value: 721477.8867096346.
[I 2024-12-05 22:50:09,782] Trial 26 finished with value: 736368.1480534319 and parameters: {'max_depth': 10, 'n_estimators': 76}. Best is trial 21 with value: 721477.8867096346.
[I 2024-12-05 22:50:11,282] Trial 27 finished with value: 785160.2605414942 and parameters: {'max_depth': 6, 'n_estimators': 57}. Best is trial 21 with value: 721477.8867096346.
[I 2024-12-05 22:50:12,368] Trial 28 finished with value: 761769.0249323166 and parameters: {'max_depth': 8, 'n_estimators': 29}. Best is trial 21 with value: 721477.8867096346.
[I 2024-12-05 22:50:13,943] Trial 29 finished with value: 726271.3044325312 and parameters: {'max_depth': 12, 'n_estimators': 35}. Best is trial 21 with value: 721477.8867096346.
[I 2024-12-05 22:50:15,524] Trial 30 finished with value: 820535.1061481357 and parameters: {'max_depth': 5, 'n_estimators': 74}. Best is trial 21 with value: 721477.8867096346.
[I 2024-12-05 22:50:17,123] Trial 31 finished with value: 741672.594163704 and parameters: {'max_depth': 12, 'n_estimators': 38}. Best is trial 21 with value: 721477.8867096346.
[I 2024-12-05 22:50:18,910] Trial 32 finished with value: 738148.5390904587 and parameters: {'max_depth': 10, 'n_estimators': 50}. Best is trial 21 with value: 721477.8867096346.
[I 2024-12-05 22:50:20,238] Trial 33 finished with value: 755120.9526622848 and parameters: {'max_depth': 11, 'n_estimators': 31}. Best is trial 21 with value: 721477.8867096346.
[I 2024-12-05 22:50:21,602] Trial 34 finished with value: 772803.0697857114 and parameters: {'max_depth': 8, 'n_estimators': 41}. Best is trial 21 with value: 721477.8867096346.
[I 2024-12-05 22:50:22,828] Trial 35 finished with value: 756485.762556385 and parameters: {'max_depth': 12, 'n_estimators': 24}. Best is trial 21 with value: 721477.8867096346.
[I 2024-12-05 22:50:25,033] Trial 36 finished with value: 734955.0073326852 and parameters: {'max_depth': 10, 'n_estimators': 62}. Best is trial 21 with value: 721477.8867096346.
[I 2024-12-05 22:50:27,603] Trial 37 finished with value: 760317.8229387361 and parameters: {'max_depth': 9, 'n_estimators': 85}. Best is trial 21 with value: 721477.8867096346.
[I 2024-12-05 22:50:29,357] Trial 38 finished with value: 740980.3752780748 and parameters: {'max_depth': 11, 'n_estimators': 43}. Best is trial 21 with value: 721477.8867096346.
[I 2024-12-05 22:50:31,360] Trial 39 finished with value: 765687.5513186443 and parameters: {'max_depth': 8, 'n_estimators': 68}. Best is trial 21 with value: 721477.8867096346.
[I 2024-12-05 22:50:32,410] Trial 40 finished with value: 798795.8262455054 and parameters: {'max_depth': 6, 'n_estimators': 33}. Best is trial 21 with value: 721477.8867096346.
[I 2024-12-05 22:50:36,175] Trial 41 finished with value: 733890.2882537042 and parameters: {'max_depth': 12, 'n_estimators': 100}. Best is trial 21 with value: 721477.8867096346.
[I 2024-12-05 22:50:39,293] Trial 42 finished with value: 713568.9233647108 and parameters: {'max_depth': 12, 'n_estimators': 83}. Best is trial 42 with value: 713568.9233647108.
[I 2024-12-05 22:50:42,013] Trial 43 finished with value: 745816.7899831717 and parameters: {'max_depth': 10, 'n_estimators': 83}. Best is trial 42 with value: 713568.9233647108.
[I 2024-12-05 22:50:44,045] Trial 44 finished with value: 748904.4804405015 and parameters: {'max_depth': 11, 'n_estimators': 52}. Best is trial 42 with value: 713568.9233647108.
[I 2024-12-05 22:50:46,383] Trial 45 finished with value: 741673.7404651486 and parameters: {'max_depth': 10, 'n_estimators': 69}. Best is trial 42 with value: 713568.9233647108.
[I 2024-12-05 22:50:49,337] Trial 46 finished with value: 731171.0199352175 and parameters: {'max_depth': 11, 'n_estimators': 84}. Best is trial 42 with value: 713568.9233647108.
[I 2024-12-05 22:50:51,332] Trial 47 finished with value: 756546.6354306784 and parameters: {'max_depth': 9, 'n_estimators': 62}. Best is trial 42 with value: 713568.9233647108.
[I 2024-12-05 22:50:51,865] Trial 48 finished with value: 901809.1362255343 and parameters: {'max_depth': 2, 'n_estimators': 12}. Best is trial 42 with value: 713568.9233647108.
[I 2024-12-05 22:50:53,411] Trial 49 finished with value: 848111.9300094489 and parameters: {'max_depth': 4, 'n_estimators': 87}. Best is trial 42 with value: 713568.9233647108.
[I 2024-12-05 22:50:54,350] Trial 50 finished with value: 782559.5493314437 and parameters: {'max_depth': 12, 'n_estimators': 16}. Best is trial 42 with value: 713568.9233647108.
[I 2024-12-05 22:50:57,454] Trial 51 finished with value: 737849.9691145675 and parameters: {'max_depth': 11, 'n_estimators': 90}. Best is trial 42 with value: 713568.9233647108.
[I 2024-12-05 22:51:00,258] Trial 52 finished with value: 718044.2419669718 and parameters: {'max_depth': 12, 'n_estimators': 74}. Best is trial 42 with value: 713568.9233647108.
[I 2024-12-05 22:51:02,732] Trial 53 finished with value: 726600.9387655169 and parameters: {'max_depth': 10, 'n_estimators': 74}. Best is trial 42 with value: 713568.9233647108.
[I 2024-12-05 22:51:05,131] Trial 54 finished with value: 746061.455898775 and parameters: {'max_depth': 12, 'n_estimators': 59}. Best is trial 42 with value: 713568.9233647108.
[I 2024-12-05 22:51:06,954] Trial 55 finished with value: 740848.8704726691 and parameters: {'max_depth': 11, 'n_estimators': 48}. Best is trial 42 with value: 713568.9233647108.
[I 2024-12-05 22:51:07,661] Trial 56 finished with value: 774723.9137936085 and parameters: {'max_depth': 9, 'n_estimators': 9}. Best is trial 42 with value: 713568.9233647108.
[I 2024-12-05 22:51:10,356] Trial 57 finished with value: 727471.9073024706 and parameters: {'max_depth': 11, 'n_estimators': 73}. Best is trial 42 with value: 713568.9233647108.
[I 2024-12-05 22:51:11,509] Trial 58 finished with value: 759144.6073505955 and parameters: {'max_depth': 10, 'n_estimators': 26}. Best is trial 42 with value: 713568.9233647108.
[I 2024-12-05 22:51:13,182] Trial 59 finished with value: 750977.9779336735 and parameters: {'max_depth': 12, 'n_estimators': 40}. Best is trial 42 with value: 713568.9233647108.
[I 2024-12-05 22:51:15,504] Trial 60 finished with value: 765219.6336033957 and parameters: {'max_depth': 7, 'n_estimators': 93}. Best is trial 42 with value: 713568.9233647108.
[I 2024-12-05 22:51:18,044] Trial 61 finished with value: 731732.3990592372 and parameters: {'max_depth': 10, 'n_estimators': 78}. Best is trial 42 with value: 713568.9233647108.
[I 2024-12-05 22:51:20,243] Trial 62 finished with value: 756618.5881357349 and parameters: {'max_depth': 9, 'n_estimators': 70}. Best is trial 42 with value: 713568.9233647108.
[I 2024-12-05 22:51:22,292] Trial 63 finished with value: 740242.7814372105 and parameters: {'max_depth': 11, 'n_estimators': 53}. Best is trial 42 with value: 713568.9233647108.
[I 2024-12-05 22:51:25,246] Trial 64 finished with value: 732970.4380187528 and parameters: {'max_depth': 12, 'n_estimators': 78}. Best is trial 42 with value: 713568.9233647108.
[I 2024-12-05 22:51:27,458] Trial 65 finished with value: 731578.4145432285 and parameters: {'max_depth': 10, 'n_estimators': 64}. Best is trial 42 with value: 713568.9233647108.
[I 2024-12-05 22:51:29,318] Trial 66 finished with value: 774588.3682108946 and parameters: {'max_depth': 8, 'n_estimators': 58}. Best is trial 42 with value: 713568.9233647108.
[I 2024-12-05 22:51:32,954] Trial 67 finished with value: 717314.4061760583 and parameters: {'max_depth': 12, 'n_estimators': 98}. Best is trial 42 with value: 713568.9233647108.
[I 2024-12-05 22:51:34,959] Trial 68 finished with value: 812186.6032051992 and parameters: {'max_depth': 5, 'n_estimators': 100}. Best is trial 42 with value: 713568.9233647108.
[I 2024-12-05 22:51:35,613] Trial 69 finished with value: 839841.5938904744 and parameters: {'max_depth': 12, 'n_estimators': 5}. Best is trial 42 with value: 713568.9233647108.
[I 2024-12-05 22:51:37,415] Trial 70 finished with value: 730881.2394406777 and parameters: {'max_depth': 11, 'n_estimators': 44}. Best is trial 42 with value: 713568.9233647108.
[I 2024-12-05 22:51:40,720] Trial 71 finished with value: 738150.7938548985 and parameters: {'max_depth': 12, 'n_estimators': 89}. Best is trial 42 with value: 713568.9233647108.
[I 2024-12-05 22:51:43,417] Trial 72 finished with value: 743625.7276118451 and parameters: {'max_depth': 11, 'n_estimators': 79}. Best is trial 42 with value: 713568.9233647108.
[I 2024-12-05 22:51:45,627] Trial 73 finished with value: 756968.276501325 and parameters: {'max_depth': 9, 'n_estimators': 71}. Best is trial 42 with value: 713568.9233647108.
[I 2024-12-05 22:51:48,655] Trial 74 finished with value: 746490.0536380444 and parameters: {'max_depth': 10, 'n_estimators': 95}. Best is trial 42 with value: 713568.9233647108.
[I 2024-12-05 22:51:51,138] Trial 75 finished with value: 730717.9745015803 and parameters: {'max_depth': 12, 'n_estimators': 64}. Best is trial 42 with value: 713568.9233647108.
[I 2024-12-05 22:51:54,061] Trial 76 finished with value: 726606.4084157425 and parameters: {'max_depth': 11, 'n_estimators': 84}. Best is trial 42 with value: 713568.9233647108.
[I 2024-12-05 22:51:55,002] Trial 77 finished with value: 764440.5810297938 and parameters: {'max_depth': 8, 'n_estimators': 20}. Best is trial 42 with value: 713568.9233647108.
[I 2024-12-05 22:51:57,504] Trial 78 finished with value: 746175.1147992155 and parameters: {'max_depth': 10, 'n_estimators': 75}. Best is trial 42 with value: 713568.9233647108.
[I 2024-12-05 22:51:59,567] Trial 79 finished with value: 726335.8037561397 and parameters: {'max_depth': 11, 'n_estimators': 54}. Best is trial 42 with value: 713568.9233647108.
[I 2024-12-05 22:52:00,354] Trial 80 finished with value: 875483.246886974 and parameters: {'max_depth': 3, 'n_estimators': 35}. Best is trial 42 with value: 713568.9233647108.
[I 2024-12-05 22:52:02,528] Trial 81 finished with value: 722060.9051408665 and parameters: {'max_depth': 12, 'n_estimators': 54}. Best is trial 42 with value: 713568.9233647108.
[I 2024-12-05 22:52:04,587] Trial 82 finished with value: 724385.2289805008 and parameters: {'max_depth': 12, 'n_estimators': 51}. Best is trial 42 with value: 713568.9233647108.
[I 2024-12-05 22:52:06,693] Trial 83 finished with value: 719654.8359118358 and parameters: {'max_depth': 12, 'n_estimators': 50}. Best is trial 42 with value: 713568.9233647108.
[I 2024-12-05 22:52:09,023] Trial 84 finished with value: 738206.4403076626 and parameters: {'max_depth': 12, 'n_estimators': 58}. Best is trial 42 with value: 713568.9233647108.
[I 2024-12-05 22:52:10,779] Trial 85 finished with value: 736934.2009659053 and parameters: {'max_depth': 11, 'n_estimators': 44}. Best is trial 42 with value: 713568.9233647108.
[I 2024-12-05 22:52:12,798] Trial 86 finished with value: 738995.2803837431 and parameters: {'max_depth': 12, 'n_estimators': 50}. Best is trial 42 with value: 713568.9233647108.
[I 2024-12-05 22:52:15,401] Trial 87 finished with value: 724992.3773305048 and parameters: {'max_depth': 12, 'n_estimators': 66}. Best is trial 42 with value: 713568.9233647108.
[I 2024-12-05 22:52:17,316] Trial 88 finished with value: 718186.5943657451 and parameters: {'max_depth': 11, 'n_estimators': 47}. Best is trial 42 with value: 713568.9233647108.
[I 2024-12-05 22:52:18,948] Trial 89 finished with value: 755973.3831156538 and parameters: {'max_depth': 9, 'n_estimators': 46}. Best is trial 42 with value: 713568.9233647108.
[I 2024-12-05 22:52:21,271] Trial 90 finished with value: 731145.5334163498 and parameters: {'max_depth': 11, 'n_estimators': 60}. Best is trial 42 with value: 713568.9233647108.
[I 2024-12-05 22:52:23,117] Trial 91 finished with value: 753209.5032865859 and parameters: {'max_depth': 10, 'n_estimators': 50}. Best is trial 42 with value: 713568.9233647108.
[I 2024-12-05 22:52:25,251] Trial 92 finished with value: 738719.0456920188 and parameters: {'max_depth': 11, 'n_estimators': 55}. Best is trial 42 with value: 713568.9233647108.
[I 2024-12-05 22:52:28,312] Trial 93 finished with value: 718303.2653939355 and parameters: {'max_depth': 12, 'n_estimators': 81}. Best is trial 42 with value: 713568.9233647108.
[I 2024-12-05 22:52:31,250] Trial 94 finished with value: 718453.9674317971 and parameters: {'max_depth': 11, 'n_estimators': 84}. Best is trial 42 with value: 713568.9233647108.
[I 2024-12-05 22:52:34,177] Trial 95 finished with value: 745900.5375614746 and parameters: {'max_depth': 10, 'n_estimators': 90}. Best is trial 42 with value: 713568.9233647108.
[I 2024-12-05 22:52:37,057] Trial 96 finished with value: 735902.6673066845 and parameters: {'max_depth': 11, 'n_estimators': 82}. Best is trial 42 with value: 713568.9233647108.
[I 2024-12-05 22:52:39,715] Trial 97 finished with value: 743073.7524492147 and parameters: {'max_depth': 12, 'n_estimators': 69}. Best is trial 42 with value: 713568.9233647108.
[I 2024-12-05 22:52:40,385] Trial 98 finished with value: 838351.7904057011 and parameters: {'max_depth': 11, 'n_estimators': 6}. Best is trial 42 with value: 713568.9233647108.
[I 2024-12-05 22:52:43,400] Trial 99 finished with value: 739677.6457751867 and parameters: {'max_depth': 10, 'n_estimators': 94}. Best is trial 42 with value: 713568.9233647108.
