Namespace(batch_size=128, cat_dims=None, cat_idx=None, config='config/sat11.yml', data_parallel=False, dataset='SAT11', direction='minimize', dropna_idx=[116], early_stopping_rounds=20, epochs=1000, gpu_ids=[0, 1], logging_period=100, miss_cat_idx=None, miss_num_idx=None, model_name='RandomForest', n_trials=100, nominal_idx=[115], num_classes=1, num_features=117, num_splits=5, objective='regression', one_hot_encode=True, optimize_hyperparameters=True, ordinal_encode=False, ordinal_idx=None, scale=True, seed=221, shuffle=True, target_encode=False, use_gpu=True, val_batch_size=256)
Start hyperparameter optimization
Loading dataset SAT11...
Dataset loaded!
(4440, 106)
Scaling the data...
args.num_features: 120
New Shape: (4440, 120)
A new study created in RDB with name: RandomForest_SAT11
{'MSE - mean': 3417506.4718525754, 'MSE - std': 0.0, 'R2 - mean': 0.3184790098406386, 'R2 - std': 0.0}
{'MSE - mean': 3442223.099559327, 'MSE - std': 24716.627706751693, 'R2 - mean': 0.31460601941043953, 'R2 - std': 0.0038729904301990636}
{'MSE - mean': 3363657.039490554, 'MSE - std': 112927.08287322504, 'R2 - mean': 0.3293580918709873, 'R2 - std': 0.021100884349811336}
{'MSE - mean': 3396751.8430851335, 'MSE - std': 113358.69004881615, 'R2 - mean': 0.33096979656100356, 'R2 - std': 0.018485893710652616}
{'MSE - mean': 3396992.936663435, 'MSE - std': 101392.24128167228, 'R2 - mean': 0.33188463893285103, 'R2 - std': 0.016635214434642758}
Trial 0 finished with value: 3396992.936663435 and parameters: {'max_depth': 2, 'n_estimators': 33}. Best is trial 0 with value: 3396992.936663435.
{'MSE - mean': 1658224.592989897, 'MSE - std': 0.0, 'R2 - mean': 0.6693159542406188, 'R2 - std': 0.0}
{'MSE - mean': 1506970.168791619, 'MSE - std': 151254.424198278, 'R2 - mean': 0.699892137741768, 'R2 - std': 0.030576183501149046}
{'MSE - mean': 1512973.9752590999, 'MSE - std': 123790.24710062183, 'R2 - mean': 0.698289161939714, 'R2 - std': 0.025068061908357277}
{'MSE - mean': 1481482.8975431023, 'MSE - std': 120283.3441714594, 'R2 - mean': 0.7078390500378157, 'R2 - std': 0.0272929823203642}
{'MSE - mean': 1520693.0276462056, 'MSE - std': 133132.27827564956, 'R2 - mean': 0.7006643406449727, 'R2 - std': 0.028316626328691828}
Trial 1 finished with value: 1520693.0276462056 and parameters: {'max_depth': 11, 'n_estimators': 6}. Best is trial 1 with value: 1520693.0276462056.
{'MSE - mean': 2085750.0572422037, 'MSE - std': 0.0, 'R2 - mean': 0.5840585947841415, 'R2 - std': 0.0}
{'MSE - mean': 2174556.158113315, 'MSE - std': 88806.10087111092, 'R2 - mean': 0.5670382431344227, 'R2 - std': 0.017020351649718768}
{'MSE - mean': 2128733.5401425757, 'MSE - std': 97247.65808664942, 'R2 - mean': 0.5755883532767578, 'R2 - std': 0.01842110240310041}
{'MSE - mean': 2142031.690890753, 'MSE - std': 87311.81301786807, 'R2 - mean': 0.5780578552616301, 'R2 - std': 0.016516600148608018}
{'MSE - mean': 2190447.704397929, 'MSE - std': 124399.04987451399, 'R2 - mean': 0.569205716567975, 'R2 - std': 0.02305818514502002}
Trial 2 finished with value: 2190447.704397929 and parameters: {'max_depth': 5, 'n_estimators': 10}. Best is trial 1 with value: 1520693.0276462056.
{'MSE - mean': 2830250.6199044026, 'MSE - std': 0.0, 'R2 - mean': 0.43558988965695145, 'R2 - std': 0.0}
{'MSE - mean': 2867220.7320429063, 'MSE - std': 36970.1121385037, 'R2 - mean': 0.42910189217901895, 'R2 - std': 0.0064879974779324945}
{'MSE - mean': 2828237.02561832, 'MSE - std': 62854.20851106477, 'R2 - mean': 0.4360977628991421, 'R2 - std': 0.011222618015171805}
{'MSE - mean': 2855324.1457840423, 'MSE - std': 71861.84580346635, 'R2 - mean': 0.43759638807323487, 'R2 - std': 0.010059721595209178}
{'MSE - mean': 2874561.513856518, 'MSE - std': 74910.64829013657, 'R2 - mean': 0.4346460452934521, 'R2 - std': 0.010759948370292547}
Trial 3 finished with value: 2874561.513856518 and parameters: {'max_depth': 3, 'n_estimators': 95}. Best is trial 1 with value: 1520693.0276462056.
{'MSE - mean': 2472503.741148191, 'MSE - std': 0.0, 'R2 - mean': 0.5069319658298717, 'R2 - std': 0.0}
{'MSE - mean': 2548561.8076824774, 'MSE - std': 76058.06653428636, 'R2 - mean': 0.4925638713852637, 'R2 - std': 0.01436809444460796}
{'MSE - mean': 2495743.835963842, 'MSE - std': 97139.2261802462, 'R2 - mean': 0.5024102695603745, 'R2 - std': 0.01820799840798268}
{'MSE - mean': 2482173.299884566, 'MSE - std': 87347.01079950912, 'R2 - mean': 0.5108473152692852, 'R2 - std': 0.02149882846579255}
{'MSE - mean': 2524905.1195302857, 'MSE - std': 115791.33766143637, 'R2 - mean': 0.5032461575066869, 'R2 - std': 0.024512651787370682}
Trial 4 finished with value: 2524905.1195302857 and parameters: {'max_depth': 4, 'n_estimators': 10}. Best is trial 1 with value: 1520693.0276462056.
{'MSE - mean': 1916109.6106737829, 'MSE - std': 0.0, 'R2 - mean': 0.6178883844476308, 'R2 - std': 0.0}
{'MSE - mean': 1892939.7287662597, 'MSE - std': 23169.881907523028, 'R2 - mean': 0.6230784575655602, 'R2 - std': 0.005190073117929406}
{'MSE - mean': 1893177.4608656873, 'MSE - std': 18921.116550243674, 'R2 - mean': 0.6225083614491583, 'R2 - std': 0.004313690432044079}
{'MSE - mean': 1907535.619890733, 'MSE - std': 29782.153723269, 'R2 - mean': 0.6242345167629925, 'R2 - std': 0.004784849042557585}
{'MSE - mean': 1932892.2938353247, 'MSE - std': 57283.723678253446, 'R2 - mean': 0.6198271411780463, 'R2 - std': 0.00979875821087399}
Trial 5 finished with value: 1932892.2938353247 and parameters: {'max_depth': 6, 'n_estimators': 6}. Best is trial 1 with value: 1520693.0276462056.
{'MSE - mean': 1844212.1263176335, 'MSE - std': 0.0, 'R2 - mean': 0.6322262196886006, 'R2 - std': 0.0}
{'MSE - mean': 1767639.0095495018, 'MSE - std': 76573.11676813161, 'R2 - mean': 0.6480115624557922, 'R2 - std': 0.015785342767191568}
{'MSE - mean': 1746032.31847329, 'MSE - std': 69589.22095350905, 'R2 - mean': 0.6518493799536871, 'R2 - std': 0.013984838831610282}
{'MSE - mean': 1729026.3223581968, 'MSE - std': 67079.1060337489, 'R2 - mean': 0.6591878546336709, 'R2 - std': 0.01755680551085177}
{'MSE - mean': 1764030.6220052883, 'MSE - std': 92200.26652978282, 'R2 - mean': 0.6528846052500049, 'R2 - std': 0.020137451352329607}
Trial 6 finished with value: 1764030.6220052883 and parameters: {'max_depth': 7, 'n_estimators': 13}. Best is trial 1 with value: 1520693.0276462056.
{'MSE - mean': 1545951.270267998, 'MSE - std': 0.0, 'R2 - mean': 0.6917055610197484, 'R2 - std': 0.0}
{'MSE - mean': 1458199.1922913252, 'MSE - std': 87752.07797667291, 'R2 - mean': 0.7096225593731318, 'R2 - std': 0.017916998353383395}
{'MSE - mean': 1426030.9844069022, 'MSE - std': 84871.69918848263, 'R2 - mean': 0.7156590725184119, 'R2 - std': 0.016937872807303005}
{'MSE - mean': 1394190.053075862, 'MSE - std': 91890.90660364208, 'R2 - mean': 0.7250624199938438, 'R2 - std': 0.02191888415632536}
{'MSE - mean': 1418117.2879625068, 'MSE - std': 95106.2629401141, 'R2 - mean': 0.7208454896160893, 'R2 - std': 0.021341977260086385}
Trial 7 finished with value: 1418117.2879625068 and parameters: {'max_depth': 10, 'n_estimators': 56}. Best is trial 7 with value: 1418117.2879625068.
{'MSE - mean': 1757188.5455711181, 'MSE - std': 0.0, 'R2 - mean': 0.6495805092579274, 'R2 - std': 0.0}
{'MSE - mean': 1711053.9262359766, 'MSE - std': 46134.61933514138, 'R2 - mean': 0.6592878262719531, 'R2 - std': 0.009707317014025718}
{'MSE - mean': 1695866.7097368296, 'MSE - std': 43361.71688001839, 'R2 - mean': 0.6618546842733447, 'R2 - std': 0.008717732258973324}
{'MSE - mean': 1684276.1417771, 'MSE - std': 42581.717496767065, 'R2 - mean': 0.6680456623571986, 'R2 - std': 0.013114258298075334}
{'MSE - mean': 1723585.2545330294, 'MSE - std': 87357.81312860922, 'R2 - mean': 0.6608792048826825, 'R2 - std': 0.018520784743177136}
Trial 8 finished with value: 1723585.2545330294 and parameters: {'max_depth': 7, 'n_estimators': 70}. Best is trial 7 with value: 1418117.2879625068.
{'MSE - mean': 2560409.1634066887, 'MSE - std': 0.0, 'R2 - mean': 0.4894018189489757, 'R2 - std': 0.0}
{'MSE - mean': 2555755.6440203944, 'MSE - std': 4653.519386294298, 'R2 - mean': 0.4911068795033883, 'R2 - std': 0.0017050605544126074}
{'MSE - mean': 2472307.453799457, 'MSE - std': 118074.71249489422, 'R2 - mean': 0.507083923933933, 'R2 - std': 0.02263780139060923}
{'MSE - mean': 2475422.6009903206, 'MSE - std': 102397.95273405706, 'R2 - mean': 0.5122956647925929, 'R2 - std': 0.021583309921881254}
{'MSE - mean': 2515959.1154482476, 'MSE - std': 122315.61060180298, 'R2 - mean': 0.505098133695979, 'R2 - std': 0.024080889296163466}
Trial 9 finished with value: 2515959.1154482476 and parameters: {'max_depth': 4, 'n_estimators': 5}. Best is trial 7 with value: 1418117.2879625068.
{'MSE - mean': 1549680.4423924736, 'MSE - std': 0.0, 'R2 - mean': 0.6909618874964707, 'R2 - std': 0.0}
{'MSE - mean': 1472644.3139996408, 'MSE - std': 77036.1283928327, 'R2 - mean': 0.7067495693233692, 'R2 - std': 0.015787681826898547}
{'MSE - mean': 1446531.8630892355, 'MSE - std': 72938.9943966965, 'R2 - mean': 0.7115701532232866, 'R2 - std': 0.01458229485542461}
{'MSE - mean': 1420195.7120003414, 'MSE - std': 77915.66748884438, 'R2 - mean': 0.7199761880380036, 'R2 - std': 0.01927347286704204}
{'MSE - mean': 1439098.5888737275, 'MSE - std': 79284.02114264449, 'R2 - mean': 0.7167419366978665, 'R2 - std': 0.01841235813278679}
Trial 10 finished with value: 1439098.5888737275 and parameters: {'max_depth': 10, 'n_estimators': 40}. Best is trial 7 with value: 1418117.2879625068.
{'MSE - mean': 1549557.6326725022, 'MSE - std': 0.0, 'R2 - mean': 0.6909863782772916, 'R2 - std': 0.0}
{'MSE - mean': 1428811.0055525447, 'MSE - std': 120746.62711995735, 'R2 - mean': 0.7154641660018559, 'R2 - std': 0.024477787724564326}
{'MSE - mean': 1378785.1730819528, 'MSE - std': 121346.61018194465, 'R2 - mean': 0.7250827721609315, 'R2 - std': 0.024175950104998314}
{'MSE - mean': 1349100.8693169556, 'MSE - std': 116992.40796745966, 'R2 - mean': 0.73396446847583, 'R2 - std': 0.025980974017533826}
{'MSE - mean': 1380139.1075496026, 'MSE - std': 121668.68022611996, 'R2 - mean': 0.7283400015032093, 'R2 - std': 0.025817577803198617}
Trial 11 finished with value: 1380139.1075496026 and parameters: {'max_depth': 11, 'n_estimators': 40}. Best is trial 11 with value: 1380139.1075496026.
{'MSE - mean': 1478567.191041982, 'MSE - std': 0.0, 'R2 - mean': 0.705143330567028, 'R2 - std': 0.0}
{'MSE - mean': 1413968.1338408147, 'MSE - std': 64599.057201167336, 'R2 - mean': 0.7184367207200895, 'R2 - std': 0.013293390153061413}
{'MSE - mean': 1377052.7244896477, 'MSE - std': 74212.66978071594, 'R2 - mean': 0.7254323411542846, 'R2 - std': 0.014686282432698868}
{'MSE - mean': 1335448.1508846807, 'MSE - std': 96558.07527876442, 'R2 - mean': 0.736573604765237, 'R2 - std': 0.02311165146232408}
{'MSE - mean': 1365109.0204623456, 'MSE - std': 104775.1795877469, 'R2 - mean': 0.7312305951902941, 'R2 - std': 0.023270362092680994}
Trial 12 finished with value: 1365109.0204623456 and parameters: {'max_depth': 11, 'n_estimators': 44}. Best is trial 12 with value: 1365109.0204623456.
{'MSE - mean': 1533463.0533421545, 'MSE - std': 0.0, 'R2 - mean': 0.6941959679976795, 'R2 - std': 0.0}
{'MSE - mean': 1433880.8350176523, 'MSE - std': 99582.21832450235, 'R2 - mean': 0.7144611286865064, 'R2 - std': 0.020265160688826944}
{'MSE - mean': 1364724.0603508202, 'MSE - std': 127186.46849772937, 'R2 - mean': 0.7279013708753949, 'R2 - std': 0.025200490313112403}
{'MSE - mean': 1334476.1737794667, 'MSE - std': 121971.72726822106, 'R2 - mean': 0.7368533406653509, 'R2 - std': 0.026771474060589433}
{'MSE - mean': 1362344.0283485581, 'MSE - std': 122507.75924557087, 'R2 - mean': 0.7318430135036473, 'R2 - std': 0.025957329827443185}
Trial 13 finished with value: 1362344.0283485581 and parameters: {'max_depth': 12, 'n_estimators': 23}. Best is trial 13 with value: 1362344.0283485581.
{'MSE - mean': 1666098.1210388353, 'MSE - std': 0.0, 'R2 - mean': 0.6677458110159737, 'R2 - std': 0.0}
{'MSE - mean': 1619309.9492175658, 'MSE - std': 46788.171821269556, 'R2 - mean': 0.6775553159859917, 'R2 - std': 0.00980950497001798}
{'MSE - mean': 1602209.187894472, 'MSE - std': 45213.87055513615, 'R2 - mean': 0.6805302902372906, 'R2 - std': 0.009047202261638024}
{'MSE - mean': 1572484.8732341367, 'MSE - std': 64682.495421963235, 'R2 - mean': 0.6899458953948012, 'R2 - std': 0.018092809704926053}
{'MSE - mean': 1621501.7163894877, 'MSE - std': 113831.73469149531, 'R2 - mean': 0.6808731469371347, 'R2 - std': 0.024313347542436387}
Trial 14 finished with value: 1621501.7163894877 and parameters: {'max_depth': 8, 'n_estimators': 21}. Best is trial 13 with value: 1362344.0283485581.
{'MSE - mean': 1507054.7585987535, 'MSE - std': 0.0, 'R2 - mean': 0.6994623244274849, 'R2 - std': 0.0}
{'MSE - mean': 1423425.8215985945, 'MSE - std': 83628.93700015894, 'R2 - mean': 0.7165477478661991, 'R2 - std': 0.01708542343871422}
{'MSE - mean': 1380018.3308317545, 'MSE - std': 91820.22241966987, 'R2 - mean': 0.7248407555279958, 'R2 - std': 0.018225140553934902}
{'MSE - mean': 1349396.3597438554, 'MSE - std': 95584.15283833734, 'R2 - mean': 0.7339025284742144, 'R2 - std': 0.022259020597152738}
{'MSE - mean': 1374497.2216633821, 'MSE - std': 99142.71176173615, 'R2 - mean': 0.7294399216203504, 'R2 - std': 0.0218181263651165}
Trial 15 finished with value: 1374497.2216633821 and parameters: {'max_depth': 12, 'n_estimators': 26}. Best is trial 13 with value: 1362344.0283485581.
{'MSE - mean': 3384279.3541684453, 'MSE - std': 0.0, 'R2 - mean': 0.32510517963160745, 'R2 - std': 0.0}
{'MSE - mean': 3382506.2837066595, 'MSE - std': 1773.0704617861193, 'R2 - mean': 0.32648852106478193, 'R2 - std': 0.0013833414331744787}
{'MSE - mean': 3331962.3875740147, 'MSE - std': 71494.52234339456, 'R2 - mean': 0.33565687118968396, 'R2 - std': 0.013015108286375213}
{'MSE - mean': 3377321.633833868, 'MSE - std': 100029.91406383723, 'R2 - mean': 0.33486919722462943, 'R2 - std': 0.011353681059692877}
{'MSE - mean': 3375426.39697534, 'MSE - std': 89549.73287003496, 'R2 - mean': 0.3361818085580323, 'R2 - std': 0.010488882349158749}
Trial 16 finished with value: 3375426.39697534 and parameters: {'max_depth': 2, 'n_estimators': 20}. Best is trial 13 with value: 1362344.0283485581.
{'MSE - mean': 2823891.873299391, 'MSE - std': 0.0, 'R2 - mean': 0.4368579543462542, 'R2 - std': 0.0}
{'MSE - mean': 2925689.537279075, 'MSE - std': 101797.663979684, 'R2 - mean': 0.41747956686159304, 'R2 - std': 0.01937838748466114}
{'MSE - mean': 2862139.3376505263, 'MSE - std': 122416.36059014848, 'R2 - mean': 0.4293646595520686, 'R2 - std': 0.023083734335230623}
{'MSE - mean': 2880904.498505427, 'MSE - std': 110886.05769362453, 'R2 - mean': 0.4325173752865407, 'R2 - std': 0.020723487704819216}
{'MSE - mean': 2905544.0784679474, 'MSE - std': 110747.50487295316, 'R2 - mean': 0.4285260300059412, 'R2 - std': 0.020181518840694072}
Trial 17 finished with value: 2905544.0784679474 and parameters: {'max_depth': 3, 'n_estimators': 15}. Best is trial 13 with value: 1362344.0283485581.
{'MSE - mean': 1664145.2319001707, 'MSE - std': 0.0, 'R2 - mean': 0.668135257224903, 'R2 - std': 0.0}
{'MSE - mean': 1606194.197706378, 'MSE - std': 57951.0341937925, 'R2 - mean': 0.6801634711037927, 'R2 - std': 0.012028213878889693}
{'MSE - mean': 1573713.5126900456, 'MSE - std': 65945.97314732088, 'R2 - mean': 0.6862183984276596, 'R2 - std': 0.013029821278084736}
{'MSE - mean': 1569190.9050562636, 'MSE - std': 57645.602349076085, 'R2 - mean': 0.690777464623491, 'R2 - std': 0.013772706184263028}
{'MSE - mean': 1598381.1857670564, 'MSE - std': 77889.03856159616, 'R2 - mean': 0.6855442259197881, 'R2 - std': 0.016164686753233487}
Trial 18 finished with value: 1598381.1857670564 and parameters: {'max_depth': 8, 'n_estimators': 56}. Best is trial 13 with value: 1362344.0283485581.
{'MSE - mean': 1629073.7915312978, 'MSE - std': 0.0, 'R2 - mean': 0.6751292228438042, 'R2 - std': 0.0}
{'MSE - mean': 1553588.7109920513, 'MSE - std': 75485.08053924656, 'R2 - mean': 0.6906327215763703, 'R2 - std': 0.015503498732566179}
{'MSE - mean': 1521366.4549123335, 'MSE - std': 76649.93474499206, 'R2 - mean': 0.6966523444192773, 'R2 - std': 0.015254858252662139}
{'MSE - mean': 1506346.6133859064, 'MSE - std': 71296.53771920201, 'R2 - mean': 0.7030835343699824, 'R2 - std': 0.01728044090229649}
{'MSE - mean': 1530317.1930808278, 'MSE - std': 79780.39731813066, 'R2 - mean': 0.698867558272134, 'R2 - std': 0.017606496756956722}
Trial 19 finished with value: 1530317.1930808278 and parameters: {'max_depth': 9, 'n_estimators': 28}. Best is trial 13 with value: 1362344.0283485581.
{'MSE - mean': 2104809.9863981595, 'MSE - std': 0.0, 'R2 - mean': 0.5802576533966939, 'R2 - std': 0.0}
{'MSE - mean': 2130726.105382749, 'MSE - std': 25916.11898458912, 'R2 - mean': 0.5757463495712927, 'R2 - std': 0.004511303825401214}
{'MSE - mean': 2094978.2836136583, 'MSE - std': 54804.89945815318, 'R2 - mean': 0.5823005653307022, 'R2 - std': 0.009974136382589859}
{'MSE - mean': 2093115.419171813, 'MSE - std': 47571.982776102384, 'R2 - mean': 0.5875756322074915, 'R2 - std': 0.012573445792529545}
{'MSE - mean': 2131375.6592038255, 'MSE - std': 87554.88967172956, 'R2 - mean': 0.5807189295739621, 'R2 - std': 0.017735013822851652}
Trial 20 finished with value: 2131375.6592038255 and parameters: {'max_depth': 5, 'n_estimators': 46}. Best is trial 13 with value: 1362344.0283485581.
{'MSE - mean': 1452653.1360114685, 'MSE - std': 0.0, 'R2 - mean': 0.7103111254458088, 'R2 - std': 0.0}
{'MSE - mean': 1388956.1202216009, 'MSE - std': 63697.01578986761, 'R2 - mean': 0.7234172862331161, 'R2 - std': 0.013106160787307308}
{'MSE - mean': 1355549.4904162334, 'MSE - std': 70262.92794636074, 'R2 - mean': 0.7297181780185221, 'R2 - std': 0.013925400352280608}
{'MSE - mean': 1336184.3748742654, 'MSE - std': 69481.52547661804, 'R2 - mean': 0.7365841388594483, 'R2 - std': 0.01693699607474318}
{'MSE - mean': 1351841.546481923, 'MSE - std': 69589.75497192747, 'R2 - mean': 0.7339485925071989, 'R2 - std': 0.016039759572017087}
Trial 21 finished with value: 1351841.546481923 and parameters: {'max_depth': 12, 'n_estimators': 27}. Best is trial 21 with value: 1351841.546481923.
{'MSE - mean': 1529523.024346913, 'MSE - std': 0.0, 'R2 - mean': 0.6949816907122404, 'R2 - std': 0.0}
{'MSE - mean': 1432024.120342642, 'MSE - std': 97498.90400427091, 'R2 - mean': 0.7148314647529854, 'R2 - std': 0.019849774040745005}
{'MSE - mean': 1394989.0180664307, 'MSE - std': 95291.94678762148, 'R2 - mean': 0.721849350959729, 'R2 - std': 0.019004661005501477}
{'MSE - mean': 1367623.2989392981, 'MSE - std': 95168.60875292073, 'R2 - mean': 0.7303292832310653, 'R2 - std': 0.0220592522296172}
{'MSE - mean': 1401577.906580148, 'MSE - std': 108891.28887909015, 'R2 - mean': 0.7241371734181109, 'R2 - std': 0.023295007681618}
Trial 22 finished with value: 1401577.906580148 and parameters: {'max_depth': 12, 'n_estimators': 16}. Best is trial 21 with value: 1351841.546481923.
{'MSE - mean': 1657577.9202559702, 'MSE - std': 0.0, 'R2 - mean': 0.6694449140671954, 'R2 - std': 0.0}
{'MSE - mean': 1571074.3774504466, 'MSE - std': 86503.54280552373, 'R2 - mean': 0.6871476903867461, 'R2 - std': 0.01770277631955064}
{'MSE - mean': 1546616.885658427, 'MSE - std': 78644.21840236017, 'R2 - mean': 0.6916110352313667, 'R2 - std': 0.01577239425971947}
{'MSE - mean': 1505772.121584717, 'MSE - std': 98201.67550912587, 'R2 - mean': 0.7030096031992459, 'R2 - std': 0.02400746489465526}
{'MSE - mean': 1542090.2383406614, 'MSE - std': 113977.53145700856, 'R2 - mean': 0.6964163732556677, 'R2 - std': 0.025198599581922523}
Trial 23 finished with value: 1542090.2383406614 and parameters: {'max_depth': 9, 'n_estimators': 29}. Best is trial 21 with value: 1351841.546481923.
{'MSE - mean': 1489759.2773578768, 'MSE - std': 0.0, 'R2 - mean': 0.7029113986567944, 'R2 - std': 0.0}
{'MSE - mean': 1377103.0208011642, 'MSE - std': 112656.25655671267, 'R2 - mean': 0.7257625145937177, 'R2 - std': 0.022851115936923294}
{'MSE - mean': 1347687.438204104, 'MSE - std': 100952.99777601211, 'R2 - mean': 0.7312736628653628, 'R2 - std': 0.020220315945089794}
{'MSE - mean': 1321699.6055747871, 'MSE - std': 98334.80133849266, 'R2 - mean': 0.7393823889741201, 'R2 - std': 0.022447721488159357}
{'MSE - mean': 1348195.619050866, 'MSE - std': 102683.69609593766, 'R2 - mean': 0.7346341904306415, 'R2 - std': 0.022210396611522937}
Trial 24 finished with value: 1348195.619050866 and parameters: {'max_depth': 12, 'n_estimators': 22}. Best is trial 24 with value: 1348195.619050866.
{'MSE - mean': 1803896.1668684776, 'MSE - std': 0.0, 'R2 - mean': 0.6402660501408072, 'R2 - std': 0.0}
{'MSE - mean': 1744479.9494955111, 'MSE - std': 59416.217372966465, 'R2 - mean': 0.6526281265166511, 'R2 - std': 0.012362076375843911}
{'MSE - mean': 1711867.4846151888, 'MSE - std': 66937.80936372916, 'R2 - mean': 0.6586712048903168, 'R2 - std': 0.013225664974157766}
{'MSE - mean': 1690877.1310694846, 'MSE - std': 68427.24287688476, 'R2 - mean': 0.6666838952717273, 'R2 - std': 0.01799439584847315}
{'MSE - mean': 1722787.5471208293, 'MSE - std': 88424.70618817712, 'R2 - mean': 0.6609784156166956, 'R2 - std': 0.01972938463148719}
Trial 25 finished with value: 1722787.5471208293 and parameters: {'max_depth': 7, 'n_estimators': 20}. Best is trial 24 with value: 1348195.619050866.
{'MSE - mean': 1658451.4676963575, 'MSE - std': 0.0, 'R2 - mean': 0.6692707107638727, 'R2 - std': 0.0}
{'MSE - mean': 1581289.5907700453, 'MSE - std': 77161.87692631234, 'R2 - mean': 0.685116523947637, 'R2 - std': 0.015845813183764323}
{'MSE - mean': 1556548.2595634072, 'MSE - std': 72066.43074470047, 'R2 - mean': 0.6896328407061884, 'R2 - std': 0.01442870164280149}
{'MSE - mean': 1545478.0026191054, 'MSE - std': 65290.34841880622, 'R2 - mean': 0.695397538629893, 'R2 - std': 0.015994867919974412}
{'MSE - mean': 1588819.9640795854, 'MSE - std': 104519.69273914967, 'R2 - mean': 0.6874003758875469, 'R2 - std': 0.02145896287177481}
Trial 26 finished with value: 1588819.9640795854 and parameters: {'max_depth': 9, 'n_estimators': 12}. Best is trial 24 with value: 1348195.619050866.
{'MSE - mean': 1874987.3315668073, 'MSE - std': 0.0, 'R2 - mean': 0.6260890116023772, 'R2 - std': 0.0}
{'MSE - mean': 1830959.4424885758, 'MSE - std': 44027.88907823141, 'R2 - mean': 0.6354133676605147, 'R2 - std': 0.009324356058137528}
{'MSE - mean': 1837546.294679489, 'MSE - std': 37135.9204548181, 'R2 - mean': 0.6335930835935805, 'R2 - std': 0.00803674553335824}
{'MSE - mean': 1848517.8785521784, 'MSE - std': 37355.513636494245, 'R2 - mean': 0.6358337318028837, 'R2 - std': 0.007968906591843534}
{'MSE - mean': 1892063.1348380756, 'MSE - std': 93279.71322455353, 'R2 - mean': 0.6278579471573676, 'R2 - std': 0.017471558049075648}
Trial 27 finished with value: 1892063.1348380756 and parameters: {'max_depth': 6, 'n_estimators': 17}. Best is trial 24 with value: 1348195.619050866.
{'MSE - mean': 1539781.093919591, 'MSE - std': 0.0, 'R2 - mean': 0.6929360209264256, 'R2 - std': 0.0}
{'MSE - mean': 1427169.424074524, 'MSE - std': 112611.66984506708, 'R2 - mean': 0.7157935089190537, 'R2 - std': 0.022857487992628156}
{'MSE - mean': 1376957.2660595523, 'MSE - std': 116175.64467321556, 'R2 - mean': 0.7254489997266834, 'R2 - std': 0.023125026350137114}
{'MSE - mean': 1343885.9402799727, 'MSE - std': 115774.44915820229, 'R2 - mean': 0.7349694419620412, 'R2 - std': 0.025942081524836333}
{'MSE - mean': 1355901.5750550404, 'MSE - std': 106303.71761372882, 'R2 - mean': 0.7330677202899183, 'R2 - std': 0.02351296358066953}
Trial 28 finished with value: 1355901.5750550404 and parameters: {'max_depth': 12, 'n_estimators': 33}. Best is trial 24 with value: 1348195.619050866.
{'MSE - mean': 3441413.041063302, 'MSE - std': 0.0, 'R2 - mean': 0.313711548870484, 'R2 - std': 0.0}
{'MSE - mean': 3415866.893764658, 'MSE - std': 25546.147298644297, 'R2 - mean': 0.31983865046798515, 'R2 - std': 0.006127101597501128}
{'MSE - mean': 3342772.4045793302, 'MSE - std': 105454.63065412258, 'R2 - mean': 0.33350910596894967, 'R2 - std': 0.019969734346382845}
{'MSE - mean': 3375436.9747633636, 'MSE - std': 107431.0559415714, 'R2 - mean': 0.33515673790716116, 'R2 - std': 0.017528171336744485}
{'MSE - mean': 3377917.560230558, 'MSE - std': 96217.24711098868, 'R2 - mean': 0.3356298752001498, 'R2 - std': 0.015706204758638646}
Trial 29 finished with value: 3377917.560230558 and parameters: {'max_depth': 2, 'n_estimators': 31}. Best is trial 24 with value: 1348195.619050866.
{'MSE - mean': 1680006.6694726036, 'MSE - std': 0.0, 'R2 - mean': 0.6649721607600539, 'R2 - std': 0.0}
{'MSE - mean': 1615106.2856200903, 'MSE - std': 64900.383852513274, 'R2 - mean': 0.6783868155492992, 'R2 - std': 0.013414654789245306}
{'MSE - mean': 1597762.269189028, 'MSE - std': 58392.377025809605, 'R2 - mean': 0.6814134327812825, 'R2 - std': 0.011759654153685446}
{'MSE - mean': 1577376.5510251892, 'MSE - std': 61676.45244507518, 'R2 - mean': 0.689045269499977, 'R2 - std': 0.01668687791239444}
{'MSE - mean': 1616857.9689813026, 'MSE - std': 96324.02236342146, 'R2 - mean': 0.6818259484326064, 'R2 - std': 0.020766220220965918}
Trial 30 finished with value: 1616857.9689813026 and parameters: {'max_depth': 8, 'n_estimators': 37}. Best is trial 24 with value: 1348195.619050866.
{'MSE - mean': 1528608.7475066679, 'MSE - std': 0.0, 'R2 - mean': 0.6951640162945254, 'R2 - std': 0.0}
{'MSE - mean': 1403315.3729358106, 'MSE - std': 125293.37457085727, 'R2 - mean': 0.7205393680947515, 'R2 - std': 0.025375351800226098}
{'MSE - mean': 1348085.8241868543, 'MSE - std': 128709.85167264946, 'R2 - mean': 0.7312059777451075, 'R2 - std': 0.02562860593535329}
{'MSE - mean': 1310754.7447637655, 'MSE - std': 128862.32153300472, 'R2 - mean': 0.7414677520995187, 'R2 - std': 0.028434681646622512}
{'MSE - mean': 1336475.958121253, 'MSE - std': 126216.96239026662, 'R2 - mean': 0.7368820339004138, 'R2 - std': 0.027035904680299195}
Trial 31 finished with value: 1336475.958121253 and parameters: {'max_depth': 12, 'n_estimators': 24}. Best is trial 31 with value: 1336475.958121253.
{'MSE - mean': 1579262.834899354, 'MSE - std': 0.0, 'R2 - mean': 0.6850625507728614, 'R2 - std': 0.0}
{'MSE - mean': 1498624.3159426856, 'MSE - std': 80638.51895666844, 'R2 - mean': 0.7015754393863172, 'R2 - std': 0.016512888613455734}
{'MSE - mean': 1474047.0052321309, 'MSE - std': 74452.23679117786, 'R2 - mean': 0.706082236773575, 'R2 - std': 0.01491328621128995}
{'MSE - mean': 1434829.7134108199, 'MSE - std': 93655.43019921893, 'R2 - mean': 0.7170006092544619, 'R2 - std': 0.0229005928331354}
{'MSE - mean': 1454118.2073520222, 'MSE - std': 92223.94308811468, 'R2 - mean': 0.7137137446522923, 'R2 - std': 0.021511941738002655}
Trial 32 finished with value: 1454118.2073520222 and parameters: {'max_depth': 10, 'n_estimators': 25}. Best is trial 31 with value: 1336475.958121253.
{'MSE - mean': 1524183.678191429, 'MSE - std': 0.0, 'R2 - mean': 0.6960464660122023, 'R2 - std': 0.0}
{'MSE - mean': 1412865.6969446552, 'MSE - std': 111317.98124677385, 'R2 - mean': 0.7186420031304664, 'R2 - std': 0.02259553711826412}
{'MSE - mean': 1361539.8710874466, 'MSE - std': 116317.70902326258, 'R2 - mean': 0.7285240045197839, 'R2 - std': 0.023144764016054437}
{'MSE - mean': 1327952.7159869995, 'MSE - std': 116325.61213051822, 'R2 - mean': 0.738105964638457, 'R2 - std': 0.02602310425692247}
{'MSE - mean': 1350561.3196628478, 'MSE - std': 113445.64456477884, 'R2 - mean': 0.7341286635014294, 'R2 - std': 0.024597505187960222}
Trial 33 finished with value: 1350561.3196628478 and parameters: {'max_depth': 12, 'n_estimators': 32}. Best is trial 31 with value: 1336475.958121253.
{'MSE - mean': 1523377.4064347781, 'MSE - std': 0.0, 'R2 - mean': 0.6962072531622652, 'R2 - std': 0.0}
{'MSE - mean': 1464598.8161270637, 'MSE - std': 58778.5903077143, 'R2 - mean': 0.7083571174006962, 'R2 - std': 0.012149864238431007}
{'MSE - mean': 1439307.8800304523, 'MSE - std': 59854.36227205043, 'R2 - mean': 0.7130138184877853, 'R2 - std': 0.011907246982567624}
{'MSE - mean': 1420025.9084649966, 'MSE - std': 61662.726136609585, 'R2 - mean': 0.7200618598316985, 'R2 - std': 0.01598003624477816}
{'MSE - mean': 1439392.746418858, 'MSE - std': 67395.33429699195, 'R2 - mean': 0.7167263894023967, 'R2 - std': 0.01577310047665086}
Trial 34 finished with value: 1439392.746418858 and parameters: {'max_depth': 10, 'n_estimators': 18}. Best is trial 31 with value: 1336475.958121253.
{'MSE - mean': 1627126.944259313, 'MSE - std': 0.0, 'R2 - mean': 0.6755174641804103, 'R2 - std': 0.0}
{'MSE - mean': 1535993.9465633112, 'MSE - std': 91132.99769600178, 'R2 - mean': 0.6941313534631417, 'R2 - std': 0.018613889282731444}
{'MSE - mean': 1512082.851358825, 'MSE - std': 81733.08057611863, 'R2 - mean': 0.6984956453690087, 'R2 - std': 0.016403617604025218}
{'MSE - mean': 1486135.411880152, 'MSE - std': 83845.28127357506, 'R2 - mean': 0.7069830285662037, 'R2 - std': 0.0204429944842335}
{'MSE - mean': 1511637.1517415664, 'MSE - std': 90693.88015358539, 'R2 - mean': 0.7024781845892176, 'R2 - std': 0.020383996070787246}
Trial 35 finished with value: 1511637.1517415664 and parameters: {'max_depth': 9, 'n_estimators': 51}. Best is trial 31 with value: 1336475.958121253.
{'MSE - mean': 2834650.381618608, 'MSE - std': 0.0, 'R2 - mean': 0.43471248679476904, 'R2 - std': 0.0}
{'MSE - mean': 2880487.0386998276, 'MSE - std': 45836.65708121983, 'R2 - mean': 0.426463059683904, 'R2 - std': 0.008249427110865015}
{'MSE - mean': 2831421.930538753, 'MSE - std': 78838.0350209854, 'R2 - mean': 0.4354701060060801, 'R2 - std': 0.014409110497805494}
{'MSE - mean': 2851287.779587782, 'MSE - std': 76456.08347145459, 'R2 - mean': 0.43834630873549685, 'R2 - std': 0.01343631182377028}
{'MSE - mean': 2872318.554681155, 'MSE - std': 80284.49516530191, 'R2 - mean': 0.4350531475879412, 'R2 - std': 0.01370427749702812}
Trial 36 finished with value: 2872318.554681155 and parameters: {'max_depth': 3, 'n_estimators': 69}. Best is trial 31 with value: 1336475.958121253.
{'MSE - mean': 1514318.7636879473, 'MSE - std': 0.0, 'R2 - mean': 0.6980137326013438, 'R2 - std': 0.0}
{'MSE - mean': 1466599.1332545904, 'MSE - std': 47719.630433356855, 'R2 - mean': 0.7079621908683096, 'R2 - std': 0.00994845826696572}
{'MSE - mean': 1454238.7969901578, 'MSE - std': 42704.38592936105, 'R2 - mean': 0.7100317687958634, 'R2 - std': 0.008634090582654047}
{'MSE - mean': 1402775.0527568138, 'MSE - std': 96505.43686626131, 'R2 - mean': 0.7232302193000792, 'R2 - std': 0.02405219173544923}
{'MSE - mean': 1435031.4084587782, 'MSE - std': 107761.44676313967, 'R2 - mean': 0.7174152531967366, 'R2 - std': 0.02445529932254241}
Trial 37 finished with value: 1435031.4084587782 and parameters: {'max_depth': 11, 'n_estimators': 9}. Best is trial 31 with value: 1336475.958121253.
{'MSE - mean': 1930739.6824419654, 'MSE - std': 0.0, 'R2 - mean': 0.6149708476178763, 'R2 - std': 0.0}
{'MSE - mean': 1958184.6172537573, 'MSE - std': 27444.93481179187, 'R2 - mean': 0.6101025768912617, 'R2 - std': 0.004868270726614665}
{'MSE - mean': 1903314.6355437431, 'MSE - std': 80768.67843991402, 'R2 - mean': 0.6205279181646794, 'R2 - std': 0.015270085829693233}
{'MSE - mean': 1896020.7639937815, 'MSE - std': 71079.43619120575, 'R2 - mean': 0.6263812710545758, 'R2 - std': 0.016663338833967898}
{'MSE - mean': 1917914.003625014, 'MSE - std': 77195.10843058671, 'R2 - mean': 0.6226721404958047, 'R2 - std': 0.016648245759975373}
Trial 38 finished with value: 1917914.003625014 and parameters: {'max_depth': 6, 'n_estimators': 13}. Best is trial 31 with value: 1336475.958121253.
{'MSE - mean': 2122855.4285275056, 'MSE - std': 0.0, 'R2 - mean': 0.5766590215611296, 'R2 - std': 0.0}
{'MSE - mean': 2154757.889462537, 'MSE - std': 31902.460935031297, 'R2 - mean': 0.5709630615582035, 'R2 - std': 0.005695960002925993}
{'MSE - mean': 2107659.0152134425, 'MSE - std': 71520.06189551436, 'R2 - mean': 0.5797796240073797, 'R2 - std': 0.013307623895486915}
{'MSE - mean': 2090241.5309123537, 'MSE - std': 68894.45346535288, 'R2 - mean': 0.588037785743805, 'R2 - std': 0.018368760058933856}
{'MSE - mean': 2120782.7982831025, 'MSE - std': 86765.38840504285, 'R2 - mean': 0.5827104597372137, 'R2 - std': 0.01958189690515619}
Trial 39 finished with value: 2120782.7982831025 and parameters: {'max_depth': 5, 'n_estimators': 24}. Best is trial 31 with value: 1336475.958121253.
{'MSE - mean': 1662844.6256996274, 'MSE - std': 0.0, 'R2 - mean': 0.6683946248172987, 'R2 - std': 0.0}
{'MSE - mean': 1600784.5086023097, 'MSE - std': 62060.11709731771, 'R2 - mean': 0.6812393748613448, 'R2 - std': 0.012844750044046005}
{'MSE - mean': 1577321.2007565417, 'MSE - std': 60569.73160101569, 'R2 - mean': 0.6854932143241831, 'R2 - std': 0.012090576336437146}
{'MSE - mean': 1570144.585603452, 'MSE - std': 53907.61267975961, 'R2 - mean': 0.6905664468316963, 'R2 - std': 0.013669293739483236}
{'MSE - mean': 1601074.9013241183, 'MSE - std': 78431.89584719452, 'R2 - mean': 0.6849978576675155, 'R2 - std': 0.01653833166273872}
Trial 40 finished with value: 1601074.9013241183 and parameters: {'max_depth': 8, 'n_estimators': 35}. Best is trial 31 with value: 1336475.958121253.
{'MSE - mean': 1452911.2091187174, 'MSE - std': 0.0, 'R2 - mean': 0.710259660367093, 'R2 - std': 0.0}
{'MSE - mean': 1370022.5167543853, 'MSE - std': 82888.69236433203, 'R2 - mean': 0.7271814229099633, 'R2 - std': 0.016921762542870367}
{'MSE - mean': 1311947.8945731507, 'MSE - std': 106422.17985097007, 'R2 - mean': 0.7384218256073822, 'R2 - std': 0.021061592310138308}
{'MSE - mean': 1291622.6013632072, 'MSE - std': 98659.0741157887, 'R2 - mean': 0.7453652083788475, 'R2 - std': 0.021847761805551088}
{'MSE - mean': 1320302.5914381882, 'MSE - std': 105247.6016216607, 'R2 - mean': 0.7401696645471927, 'R2 - std': 0.02213220412783738}
Trial 41 finished with value: 1320302.5914381882 and parameters: {'max_depth': 12, 'n_estimators': 32}. Best is trial 41 with value: 1320302.5914381882.
{'MSE - mean': 1564559.3613872367, 'MSE - std': 0.0, 'R2 - mean': 0.6879947254181162, 'R2 - std': 0.0}
{'MSE - mean': 1461190.7983333992, 'MSE - std': 103368.56305383751, 'R2 - mean': 0.7090221262009164, 'R2 - std': 0.021027400782800132}
{'MSE - mean': 1407282.256036111, 'MSE - std': 113734.93343639206, 'R2 - mean': 0.7194063284598377, 'R2 - std': 0.022592720853452795}
{'MSE - mean': 1374446.3177034254, 'MSE - std': 113737.95695105122, 'R2 - mean': 0.7289523936879354, 'R2 - std': 0.025616505629941538}
{'MSE - mean': 1410255.3388555073, 'MSE - std': 124411.42336859721, 'R2 - mean': 0.7224061967514266, 'R2 - std': 0.0263889193768387}
Trial 42 finished with value: 1410255.3388555073 and parameters: {'max_depth': 11, 'n_estimators': 29}. Best is trial 41 with value: 1320302.5914381882.
{'MSE - mean': 1530520.6797197696, 'MSE - std': 0.0, 'R2 - mean': 0.6947827377378577, 'R2 - std': 0.0}
{'MSE - mean': 1478279.9836364253, 'MSE - std': 52240.6960833444, 'R2 - mean': 0.705634970198856, 'R2 - std': 0.010852232460998312}
{'MSE - mean': 1448983.3678323564, 'MSE - std': 59464.081147002915, 'R2 - mean': 0.7110881407222583, 'R2 - std': 0.011746833776510627}
{'MSE - mean': 1412073.0304974178, 'MSE - std': 82092.03199172203, 'R2 - mean': 0.7215071799823738, 'R2 - std': 0.020716182446126705}
{'MSE - mean': 1438905.00632267, 'MSE - std': 90945.59406574676, 'R2 - mean': 0.7167339000425764, 'R2 - std': 0.02084382348916948}
Trial 43 finished with value: 1438905.00632267 and parameters: {'max_depth': 10, 'n_estimators': 32}. Best is trial 41 with value: 1320302.5914381882.
{'MSE - mean': 1486827.2784894002, 'MSE - std': 0.0, 'R2 - mean': 0.7034960994579336, 'R2 - std': 0.0}
{'MSE - mean': 1370544.7082722075, 'MSE - std': 116282.57021719276, 'R2 - mean': 0.7270672746403727, 'R2 - std': 0.02357117518243912}
{'MSE - mean': 1340700.178980404, 'MSE - std': 103902.91597532864, 'R2 - mean': 0.732666376695459, 'R2 - std': 0.02081105685208468}
{'MSE - mean': 1307732.5302289817, 'MSE - std': 106571.38243320116, 'R2 - mean': 0.7420848549252779, 'R2 - std': 0.02430942742995486}
{'MSE - mean': 1326244.854670173, 'MSE - std': 102258.45817262563, 'R2 - mean': 0.7389035797181618, 'R2 - std': 0.022654815323710706}
Trial 44 finished with value: 1326244.854670173 and parameters: {'max_depth': 12, 'n_estimators': 22}. Best is trial 41 with value: 1320302.5914381882.
{'MSE - mean': 1587561.7158275463, 'MSE - std': 0.0, 'R2 - mean': 0.683407583446836, 'R2 - std': 0.0}
{'MSE - mean': 1512414.724401489, 'MSE - std': 75146.99142605742, 'R2 - mean': 0.6988312218513111, 'R2 - std': 0.015423638404475082}
{'MSE - mean': 1451322.5321900689, 'MSE - std': 105968.03973519291, 'R2 - mean': 0.7106347096214902, 'R2 - std': 0.020910214286392795}
{'MSE - mean': 1425966.4193925834, 'MSE - std': 101738.47085830408, 'R2 - mean': 0.7188608735448769, 'R2 - std': 0.023042072710814}
{'MSE - mean': 1457390.792444323, 'MSE - std': 110591.76302441502, 'R2 - mean': 0.7131754727610318, 'R2 - std': 0.02353815668526621}
Trial 45 finished with value: 1457390.792444323 and parameters: {'max_depth': 10, 'n_estimators': 19}. Best is trial 41 with value: 1320302.5914381882.
{'MSE - mean': 1575178.677202167, 'MSE - std': 0.0, 'R2 - mean': 0.6858770157111663, 'R2 - std': 0.0}
{'MSE - mean': 1471736.4541832535, 'MSE - std': 103442.22301891341, 'R2 - mean': 0.7069222955226722, 'R2 - std': 0.02104527981150578}
{'MSE - mean': 1415356.0469848898, 'MSE - std': 116150.89166153528, 'R2 - mean': 0.7177978250089222, 'R2 - std': 0.02306129841911846}
{'MSE - mean': 1364423.6559361708, 'MSE - std': 133793.11491682287, 'R2 - mean': 0.7308005988266805, 'R2 - std': 0.030101229118576933}
{'MSE - mean': 1387856.953569423, 'MSE - std': 128518.30932280132, 'R2 - mean': 0.7266967582774344, 'R2 - std': 0.02814663789111931}
Trial 46 finished with value: 1387856.953569423 and parameters: {'max_depth': 11, 'n_estimators': 22}. Best is trial 41 with value: 1320302.5914381882.
{'MSE - mean': 1758206.785409569, 'MSE - std': 0.0, 'R2 - mean': 0.6493774513182757, 'R2 - std': 0.0}
{'MSE - mean': 1702967.90922309, 'MSE - std': 55238.87618647923, 'R2 - mean': 0.6608951080876464, 'R2 - std': 0.011517656769370666}
{'MSE - mean': 1683710.200692242, 'MSE - std': 52687.1993050967, 'R2 - mean': 0.6642790188520986, 'R2 - std': 0.010551744678562455}
{'MSE - mean': 1679022.1663980354, 'MSE - std': 46345.32041740791, 'R2 - mean': 0.6691299233164223, 'R2 - std': 0.012413634004076506}
{'MSE - mean': 1712003.0305134188, 'MSE - std': 77905.45918524158, 'R2 - mean': 0.6631895540288664, 'R2 - std': 0.016261322099998036}
Trial 47 finished with value: 1712003.0305134188 and parameters: {'max_depth': 7, 'n_estimators': 99}. Best is trial 41 with value: 1320302.5914381882.
{'MSE - mean': 1628140.889398127, 'MSE - std': 0.0, 'R2 - mean': 0.6753152626920844, 'R2 - std': 0.0}
{'MSE - mean': 1543610.9757928085, 'MSE - std': 84529.91360531852, 'R2 - mean': 0.6926166927486865, 'R2 - std': 0.01730143005660212}
{'MSE - mean': 1503850.4061125477, 'MSE - std': 89024.39739763943, 'R2 - mean': 0.7001472703635466, 'R2 - std': 0.017691208356012865}
{'MSE - mean': 1476211.6827062157, 'MSE - std': 90750.782881498, 'R2 - mean': 0.7089340768548122, 'R2 - std': 0.021595324604338238}
{'MSE - mean': 1510359.2150231882, 'MSE - std': 106079.11919052944, 'R2 - mean': 0.7027364840966535, 'R2 - std': 0.022950535065599572}
Trial 48 finished with value: 1510359.2150231882 and parameters: {'max_depth': 9, 'n_estimators': 40}. Best is trial 41 with value: 1320302.5914381882.
{'MSE - mean': 1554654.2190736285, 'MSE - std': 0.0, 'R2 - mean': 0.6899700142589242, 'R2 - std': 0.0}
{'MSE - mean': 1463065.1846629623, 'MSE - std': 91589.03441066621, 'R2 - mean': 0.7086524939802235, 'R2 - std': 0.018682479721299272}
{'MSE - mean': 1434760.6365798637, 'MSE - std': 84821.35560829594, 'R2 - mean': 0.7139155168824557, 'R2 - std': 0.016973180388385717}
{'MSE - mean': 1423185.0808009766, 'MSE - std': 76144.44989749508, 'R2 - mean': 0.7194900060304162, 'R2 - std': 0.01758668323347809}
{'MSE - mean': 1440317.3821167003, 'MSE - std': 76239.39135148388, 'R2 - mean': 0.7165823079031619, 'R2 - std': 0.016770568723830225}
Trial 49 finished with value: 1440317.3821167003 and parameters: {'max_depth': 12, 'n_estimators': 10}. Best is trial 41 with value: 1320302.5914381882.
{'MSE - mean': 1524287.0179463527, 'MSE - std': 0.0, 'R2 - mean': 0.6960258579423484, 'R2 - std': 0.0}
{'MSE - mean': 1435158.6938102948, 'MSE - std': 89128.32413605787, 'R2 - mean': 0.7142098708289459, 'R2 - std': 0.018184012886597545}
{'MSE - mean': 1394377.1953448833, 'MSE - std': 92855.62275043002, 'R2 - mean': 0.7219751217981464, 'R2 - std': 0.018467190591315408}
{'MSE - mean': 1370623.6668545287, 'MSE - std': 90328.92866908091, 'R2 - mean': 0.7297664079717654, 'R2 - std': 0.0209258277487332}
{'MSE - mean': 1395838.5239576842, 'MSE - std': 95239.74148711955, 'R2 - mean': 0.725278552159835, 'R2 - std': 0.020757543513875366}
Trial 50 finished with value: 1395838.5239576842 and parameters: {'max_depth': 11, 'n_estimators': 23}. Best is trial 41 with value: 1320302.5914381882.
{'MSE - mean': 1603198.3973474987, 'MSE - std': 0.0, 'R2 - mean': 0.68028930795561, 'R2 - std': 0.0}
{'MSE - mean': 1432658.4906991567, 'MSE - std': 170539.90664834215, 'R2 - mean': 0.7146829035679619, 'R2 - std': 0.03439359561235189}
{'MSE - mean': 1399405.2509722523, 'MSE - std': 146972.0917195509, 'R2 - mean': 0.7209518545548376, 'R2 - std': 0.029448470911900133}
{'MSE - mean': 1366929.0439180057, 'MSE - std': 139157.13737428625, 'R2 - mean': 0.7304173232094339, 'R2 - std': 0.03031822257059608}
{'MSE - mean': 1375471.632394123, 'MSE - std': 125633.0783561954, 'R2 - mean': 0.729203968574357, 'R2 - std': 0.027225807862284124}
Trial 51 finished with value: 1375471.632394123 and parameters: {'max_depth': 12, 'n_estimators': 14}. Best is trial 41 with value: 1320302.5914381882.
{'MSE - mean': 1593251.3097302276, 'MSE - std': 0.0, 'R2 - mean': 0.6822729615515751, 'R2 - std': 0.0}
{'MSE - mean': 1485888.3201228632, 'MSE - std': 107362.98960736429, 'R2 - mean': 0.7041032391007576, 'R2 - std': 0.021830277549182375}
{'MSE - mean': 1441109.7409971561, 'MSE - std': 108142.42147274305, 'R2 - mean': 0.7126554817610528, 'R2 - std': 0.02154040515614093}
{'MSE - mean': 1416189.139090447, 'MSE - std': 103122.24148877551, 'R2 - mean': 0.7207787817853506, 'R2 - std': 0.023365697091512132}
{'MSE - mean': 1447214.600699294, 'MSE - std': 111165.07735752099, 'R2 - mean': 0.7151701858299881, 'R2 - std': 0.023718980475978858}
Trial 52 finished with value: 1447214.600699294 and parameters: {'max_depth': 10, 'n_estimators': 28}. Best is trial 41 with value: 1320302.5914381882.
{'MSE - mean': 1582370.6030907503, 'MSE - std': 0.0, 'R2 - mean': 0.6844427979582199, 'R2 - std': 0.0}
{'MSE - mean': 1440504.2447418112, 'MSE - std': 141866.3583489391, 'R2 - mean': 0.7131294226511321, 'R2 - std': 0.028686624692912166}
{'MSE - mean': 1404188.774328301, 'MSE - std': 126708.33649304797, 'R2 - mean': 0.7200055731680687, 'R2 - std': 0.025360951271153093}
{'MSE - mean': 1359190.166078434, 'MSE - std': 134595.23073237613, 'R2 - mean': 0.731859483218226, 'R2 - std': 0.030065410981142664}
{'MSE - mean': 1374813.8042988996, 'MSE - std': 124374.80932124968, 'R2 - mean': 0.7292756885268138, 'R2 - std': 0.027383336721471536}
Trial 53 finished with value: 1374813.8042988996 and parameters: {'max_depth': 12, 'n_estimators': 26}. Best is trial 41 with value: 1320302.5914381882.
{'MSE - mean': 1529055.211879006, 'MSE - std': 0.0, 'R2 - mean': 0.6950749821277689, 'R2 - std': 0.0}
{'MSE - mean': 1446204.8187364484, 'MSE - std': 82850.39314255735, 'R2 - mean': 0.7120123234405471, 'R2 - std': 0.016937341312778242}
{'MSE - mean': 1389345.3457227622, 'MSE - std': 105081.51330612725, 'R2 - mean': 0.7229886303377236, 'R2 - std': 0.02078960429395043}
{'MSE - mean': 1367478.8095682077, 'MSE - std': 98569.9220818636, 'R2 - mean': 0.730407033009691, 'R2 - std': 0.022119082929331402}
{'MSE - mean': 1400703.679685877, 'MSE - std': 110401.04894756974, 'R2 - mean': 0.7243477211421454, 'R2 - std': 0.02320051949721015}
Trial 54 finished with value: 1400703.679685877 and parameters: {'max_depth': 11, 'n_estimators': 37}. Best is trial 41 with value: 1320302.5914381882.
{'MSE - mean': 1539828.115522367, 'MSE - std': 0.0, 'R2 - mean': 0.6929266438529521, 'R2 - std': 0.0}
{'MSE - mean': 1470440.3462986068, 'MSE - std': 69387.76922376011, 'R2 - mean': 0.707190744090038, 'R2 - std': 0.014264100237085964}
{'MSE - mean': 1426368.0370196328, 'MSE - std': 84228.92556754457, 'R2 - mean': 0.7156021976670001, 'R2 - std': 0.016647766805306396}
{'MSE - mean': 1393390.726085862, 'MSE - std': 92646.60293807337, 'R2 - mean': 0.7252196503920623, 'R2 - std': 0.022030599071730127}
{'MSE - mean': 1405122.9935493944, 'MSE - std': 86123.74137318623, 'R2 - mean': 0.7233872085511572, 'R2 - std': 0.020042684669690617}
Trial 55 finished with value: 1405122.9935493944 and parameters: {'max_depth': 11, 'n_estimators': 21}. Best is trial 41 with value: 1320302.5914381882.
{'MSE - mean': 1589156.2474289362, 'MSE - std': 0.0, 'R2 - mean': 0.6830896010919321, 'R2 - std': 0.0}
{'MSE - mean': 1518762.635193212, 'MSE - std': 70393.61223572411, 'R2 - mean': 0.6975686994442611, 'R2 - std': 0.014479098352329078}
{'MSE - mean': 1466470.4437676144, 'MSE - std': 93661.37765328729, 'R2 - mean': 0.7076104030760558, 'R2 - std': 0.01847794585594431}
{'MSE - mean': 1433227.7996778265, 'MSE - std': 99471.40496733066, 'R2 - mean': 0.7173714980405541, 'R2 - std': 0.023279020318932385}
{'MSE - mean': 1454494.94169728, 'MSE - std': 98614.46974781215, 'R2 - mean': 0.7136861890013918, 'R2 - std': 0.022087467950490353}
Trial 56 finished with value: 1454494.94169728 and parameters: {'max_depth': 10, 'n_estimators': 26}. Best is trial 41 with value: 1320302.5914381882.
{'MSE - mean': 1602170.4020029623, 'MSE - std': 0.0, 'R2 - mean': 0.6804943113435649, 'R2 - std': 0.0}
{'MSE - mean': 1519272.3943991181, 'MSE - std': 82898.00760384405, 'R2 - mean': 0.6974633894801703, 'R2 - std': 0.016969078136605364}
{'MSE - mean': 1502559.598370313, 'MSE - std': 71693.94357493207, 'R2 - mean': 0.7003921977380211, 'R2 - std': 0.014461059579435716}
{'MSE - mean': 1490852.3658255334, 'MSE - std': 65316.1085840759, 'R2 - mean': 0.7061523337566583, 'R2 - std': 0.016011845114776626}
{'MSE - mean': 1517454.2365798985, 'MSE - std': 79016.41185843115, 'R2 - mean': 0.7014140268333525, 'R2 - std': 0.01717293094324508}
Trial 57 finished with value: 1517454.2365798985 and parameters: {'max_depth': 9, 'n_estimators': 43}. Best is trial 41 with value: 1320302.5914381882.
{'MSE - mean': 1471993.7490687144, 'MSE - std': 0.0, 'R2 - mean': 0.7064542099228608, 'R2 - std': 0.0}
{'MSE - mean': 1427094.0445100116, 'MSE - std': 44899.704558703, 'R2 - mean': 0.7158291429250144, 'R2 - std': 0.00937493300215364}
{'MSE - mean': 1392075.5956263829, 'MSE - std': 61616.3330949662, 'R2 - mean': 0.7224398302521086, 'R2 - std': 0.01208285092199353}
{'MSE - mean': 1351585.0411357123, 'MSE - std': 88124.25538373788, 'R2 - mean': 0.7334040437301346, 'R2 - std': 0.02168267502817682}
{'MSE - mean': 1364267.9238066385, 'MSE - std': 82801.74853786916, 'R2 - mean': 0.7313838190013939, 'R2 - std': 0.0198099961867861}
Trial 58 finished with value: 1364267.9238066385 and parameters: {'max_depth': 12, 'n_estimators': 18}. Best is trial 41 with value: 1320302.5914381882.
{'MSE - mean': 2489875.21627597, 'MSE - std': 0.0, 'R2 - mean': 0.5034677368585085, 'R2 - std': 0.0}
{'MSE - mean': 2558046.777737219, 'MSE - std': 68171.56146124867, 'R2 - mean': 0.4906728604083113, 'R2 - std': 0.012794876450197223}
{'MSE - mean': 2487055.3137874086, 'MSE - std': 114794.67366643918, 'R2 - mean': 0.5041511798159509, 'R2 - std': 0.021736361939369106}
{'MSE - mean': 2487392.1814948255, 'MSE - std': 99416.81581198977, 'R2 - mean': 0.5099234699200321, 'R2 - std': 0.021314550708529185}
{'MSE - mean': 2507466.005395266, 'MSE - std': 97564.31846171911, 'R2 - mean': 0.5067336492164376, 'R2 - std': 0.0201034296081413}
Trial 59 finished with value: 2507466.005395266 and parameters: {'max_depth': 4, 'n_estimators': 32}. Best is trial 41 with value: 1320302.5914381882.
{'MSE - mean': 1757638.3798822, 'MSE - std': 0.0, 'R2 - mean': 0.6494908030561628, 'R2 - std': 0.0}
{'MSE - mean': 1699503.6671604416, 'MSE - std': 58134.71272175829, 'R2 - mean': 0.6615840118658559, 'R2 - std': 0.012093208809693112}
{'MSE - mean': 1688526.28355838, 'MSE - std': 49940.98968103444, 'R2 - mean': 0.6633135441223905, 'R2 - std': 0.010172497064602513}
{'MSE - mean': 1678236.5520050537, 'MSE - std': 46778.33434464565, 'R2 - mean': 0.669241310654253, 'R2 - std': 0.013528674013583689}
{'MSE - mean': 1715487.031512787, 'MSE - std': 85445.67247948778, 'R2 - mean': 0.6624744836105018, 'R2 - std': 0.01815433307540718}
Trial 60 finished with value: 1715487.031512787 and parameters: {'max_depth': 7, 'n_estimators': 49}. Best is trial 41 with value: 1320302.5914381882.
{'MSE - mean': 1475482.9998692155, 'MSE - std': 0.0, 'R2 - mean': 0.7057583816398545, 'R2 - std': 0.0}
{'MSE - mean': 1406976.1290809065, 'MSE - std': 68506.87078830914, 'R2 - mean': 0.7198277500621286, 'R2 - std': 0.014069368422274131}
{'MSE - mean': 1349171.1381878338, 'MSE - std': 99053.6631045708, 'R2 - mean': 0.7310025330691815, 'R2 - std': 0.019537561321138024}
{'MSE - mean': 1320495.953317316, 'MSE - std': 99123.76008253756, 'R2 - mean': 0.7396191284823437, 'R2 - std': 0.022561568569700555}
{'MSE - mean': 1342333.679566206, 'MSE - std': 98832.99550861635, 'R2 - mean': 0.7357815639515135, 'R2 - std': 0.021589977007245312}
Trial 61 finished with value: 1342333.679566206 and parameters: {'max_depth': 12, 'n_estimators': 34}. Best is trial 41 with value: 1320302.5914381882.
{'MSE - mean': 1521867.4939481895, 'MSE - std': 0.0, 'R2 - mean': 0.6965083607275, 'R2 - std': 0.0}
{'MSE - mean': 1416467.7941483231, 'MSE - std': 105399.69979986653, 'R2 - mean': 0.7179265708173302, 'R2 - std': 0.021418210089830247}
{'MSE - mean': 1380868.0810433968, 'MSE - std': 99703.27790452754, 'R2 - mean': 0.724662570015611, 'R2 - std': 0.01991416211392985}
{'MSE - mean': 1340233.8117410552, 'MSE - std': 111395.6428406706, 'R2 - mean': 0.7356307176664159, 'R2 - std': 0.025657965199806534}
{'MSE - mean': 1374135.7767226868, 'MSE - std': 120517.90038650739, 'R2 - mean': 0.7294597943838157, 'R2 - std': 0.02605736209201787}
Trial 62 finished with value: 1374135.7767226868 and parameters: {'max_depth': 11, 'n_estimators': 23}. Best is trial 41 with value: 1320302.5914381882.
{'MSE - mean': 1554264.578523462, 'MSE - std': 0.0, 'R2 - mean': 0.6900477165883105, 'R2 - std': 0.0}
{'MSE - mean': 1411777.565005531, 'MSE - std': 142487.013517931, 'R2 - mean': 0.7188491736165878, 'R2 - std': 0.0288014570282773}
{'MSE - mean': 1357333.6242612898, 'MSE - std': 139510.99615573054, 'R2 - mean': 0.7293581017584069, 'R2 - std': 0.027818898121258588}
{'MSE - mean': 1339092.2540489128, 'MSE - std': 124882.87031433966, 'R2 - mean': 0.7360158469526572, 'R2 - std': 0.026709455867265725}
{'MSE - mean': 1362168.2236024004, 'MSE - std': 120857.71188340647, 'R2 - mean': 0.7319295201713281, 'R2 - std': 0.02524892656006515}
Trial 63 finished with value: 1362168.2236024004 and parameters: {'max_depth': 12, 'n_estimators': 29}. Best is trial 41 with value: 1320302.5914381882.
{'MSE - mean': 1584141.72560013, 'MSE - std': 0.0, 'R2 - mean': 0.6840895997488743, 'R2 - std': 0.0}
{'MSE - mean': 1491747.1810749224, 'MSE - std': 92394.54452520749, 'R2 - mean': 0.7029412057742113, 'R2 - std': 0.01885160602533703}
{'MSE - mean': 1458139.4741772308, 'MSE - std': 89163.46690875899, 'R2 - mean': 0.7092567121100565, 'R2 - std': 0.01779587799779906}
{'MSE - mean': 1430340.9493716694, 'MSE - std': 90999.26822501511, 'R2 - mean': 0.7179676180112864, 'R2 - std': 0.021567558975105573}
{'MSE - mean': 1457688.0917380815, 'MSE - std': 98062.01219853613, 'R2 - mean': 0.7130870692049164, 'R2 - std': 0.02161959080836557}
Trial 64 finished with value: 1457688.0917380815 and parameters: {'max_depth': 10, 'n_estimators': 35}. Best is trial 41 with value: 1320302.5914381882.
{'MSE - mean': 1485052.3330112263, 'MSE - std': 0.0, 'R2 - mean': 0.7038500600457852, 'R2 - std': 0.0}
{'MSE - mean': 1373999.757740884, 'MSE - std': 111052.57527034206, 'R2 - mean': 0.7263809122274174, 'R2 - std': 0.022530852181632255}
{'MSE - mean': 1346058.832557116, 'MSE - std': 98909.92661524513, 'R2 - mean': 0.7315979036342374, 'R2 - std': 0.019820701266555656}
{'MSE - mean': 1325626.7877702825, 'MSE - std': 92681.09596777757, 'R2 - mean': 0.7386474049134795, 'R2 - std': 0.02106493659809214}
{'MSE - mean': 1351481.261501215, 'MSE - std': 97701.81005203852, 'R2 - mean': 0.734018064800238, 'R2 - std': 0.020993056057696326}
Trial 65 finished with value: 1351481.261501215 and parameters: {'max_depth': 12, 'n_estimators': 16}. Best is trial 41 with value: 1320302.5914381882.
{'MSE - mean': 1608109.3792030166, 'MSE - std': 0.0, 'R2 - mean': 0.6793099572961765, 'R2 - std': 0.0}
{'MSE - mean': 1481790.7393740867, 'MSE - std': 126318.63982893003, 'R2 - mean': 0.704913358970144, 'R2 - std': 0.025603401673967408}
{'MSE - mean': 1407698.821666143, 'MSE - std': 147026.60887778795, 'R2 - mean': 0.7193298015164101, 'R2 - std': 0.02920086327888151}
{'MSE - mean': 1392519.1189182817, 'MSE - std': 130014.95265974906, 'R2 - mean': 0.7255207899976599, 'R2 - std': 0.027468214854606945}
{'MSE - mean': 1430160.0005264462, 'MSE - std': 138529.61490256447, 'R2 - mean': 0.7185958895699553, 'R2 - std': 0.02820317793394167}
Trial 66 finished with value: 1430160.0005264462 and parameters: {'max_depth': 11, 'n_estimators': 15}. Best is trial 41 with value: 1320302.5914381882.
{'MSE - mean': 1672028.509605104, 'MSE - std': 0.0, 'R2 - mean': 0.6665631697185829, 'R2 - std': 0.0}
{'MSE - mean': 1608892.203007217, 'MSE - std': 63136.30659788719, 'R2 - mean': 0.6796246758171831, 'R2 - std': 0.013061506098600186}
{'MSE - mean': 1594790.3243939888, 'MSE - std': 55273.755991362734, 'R2 - mean': 0.682004578626656, 'R2 - std': 0.011183164540545775}
{'MSE - mean': 1573161.617187056, 'MSE - std': 60784.81720277058, 'R2 - mean': 0.6898659347548453, 'R2 - std': 0.01670928297020392}
{'MSE - mean': 1616307.3498181964, 'MSE - std': 101990.451410957, 'R2 - mean': 0.6819307820538767, 'R2 - std': 0.021799695031202385}
Trial 67 finished with value: 1616307.3498181964 and parameters: {'max_depth': 8, 'n_estimators': 17}. Best is trial 41 with value: 1320302.5914381882.
{'MSE - mean': 1653938.7491892173, 'MSE - std': 0.0, 'R2 - mean': 0.670170639530834, 'R2 - std': 0.0}
{'MSE - mean': 1563867.6810655731, 'MSE - std': 90071.06812364422, 'R2 - mean': 0.6885815719049482, 'R2 - std': 0.018410932374114175}
{'MSE - mean': 1526834.170974742, 'MSE - std': 90285.62056746072, 'R2 - mean': 0.6955618252113491, 'R2 - std': 0.017983960252565212}
{'MSE - mean': 1519104.9115228576, 'MSE - std': 79327.44995247388, 'R2 - mean': 0.7006208461305379, 'R2 - std': 0.01787031610679437}
{'MSE - mean': 1543223.9605601786, 'MSE - std': 85797.37501012819, 'R2 - mean': 0.6963694090308545, 'R2 - std': 0.01810462448811522}
Trial 68 finished with value: 1543223.9605601786 and parameters: {'max_depth': 9, 'n_estimators': 21}. Best is trial 41 with value: 1320302.5914381882.
{'MSE - mean': 2838446.4411204625, 'MSE - std': 0.0, 'R2 - mean': 0.433955474554495, 'R2 - std': 0.0}
{'MSE - mean': 2897532.2747248365, 'MSE - std': 59085.8336043742, 'R2 - mean': 0.4230731170205131, 'R2 - std': 0.010882357533981923}
{'MSE - mean': 2862324.6668648, 'MSE - std': 69329.46793585038, 'R2 - mean': 0.4293033140759701, 'R2 - std': 0.01251324022910367}
{'MSE - mean': 2882102.5961383944, 'MSE - std': 69126.19476186295, 'R2 - mean': 0.4322701527343559, 'R2 - std': 0.011993426559916925}
{'MSE - mean': 2900975.2491730517, 'MSE - std': 72439.30405567292, 'R2 - mean': 0.42940909324145504, 'R2 - std': 0.012157979692620327}
Trial 69 finished with value: 2900975.2491730517 and parameters: {'max_depth': 3, 'n_estimators': 12}. Best is trial 41 with value: 1320302.5914381882.
{'MSE - mean': 1509922.8368396286, 'MSE - std': 0.0, 'R2 - mean': 0.6988903707124958, 'R2 - std': 0.0}
{'MSE - mean': 1417818.8472952181, 'MSE - std': 92103.98954441037, 'R2 - mean': 0.7176616043999152, 'R2 - std': 0.018771233687419397}
{'MSE - mean': 1364221.2809361152, 'MSE - std': 106774.66069204552, 'R2 - mean': 0.7279945110740124, 'R2 - std': 0.02117649790301373}
{'MSE - mean': 1341901.620249969, 'MSE - std': 100225.36048256549, 'R2 - mean': 0.7354408305241783, 'R2 - std': 0.022420438613885634}
{'MSE - mean': 1356937.114196408, 'MSE - std': 94553.4907866536, 'R2 - mean': 0.7329319156748323, 'R2 - std': 0.020671706968615013}
Trial 70 finished with value: 1356937.114196408 and parameters: {'max_depth': 12, 'n_estimators': 61}. Best is trial 41 with value: 1320302.5914381882.
{'MSE - mean': 1524281.5625944487, 'MSE - std': 0.0, 'R2 - mean': 0.6960269458515775, 'R2 - std': 0.0}
{'MSE - mean': 1427990.775640355, 'MSE - std': 96290.78695409361, 'R2 - mean': 0.7156349359858558, 'R2 - std': 0.019607990134278275}
{'MSE - mean': 1381701.1064368857, 'MSE - std': 102307.10655387369, 'R2 - mean': 0.7245042487406564, 'R2 - std': 0.02033826284508028}
{'MSE - mean': 1358595.3283144087, 'MSE - std': 97219.79729717938, 'R2 - mean': 0.7321422574755683, 'R2 - std': 0.022028418780530943}
{'MSE - mean': 1383279.6356538686, 'MSE - std': 99993.05628152068, 'R2 - mean': 0.727753396507491, 'R2 - std': 0.021569640459794485}
Trial 71 finished with value: 1383279.6356538686 and parameters: {'max_depth': 11, 'n_estimators': 26}. Best is trial 41 with value: 1320302.5914381882.
{'MSE - mean': 1464014.6175785612, 'MSE - std': 0.0, 'R2 - mean': 0.7080454126429051, 'R2 - std': 0.0}
{'MSE - mean': 1416846.1940059639, 'MSE - std': 47168.42357259733, 'R2 - mean': 0.717868962332922, 'R2 - std': 0.009823549690016808}
{'MSE - mean': 1385257.0985812033, 'MSE - std': 58982.896004338116, 'R2 - mean': 0.7237970298981932, 'R2 - std': 0.0116025308643557}
{'MSE - mean': 1349251.3597749171, 'MSE - std': 80613.12670250071, 'R2 - mean': 0.733893748286894, 'R2 - std': 0.02016916479445627}
{'MSE - mean': 1371692.2900179205, 'MSE - std': 84930.33826665315, 'R2 - mean': 0.7299587065362865, 'R2 - std': 0.019681828703676085}
Trial 72 finished with value: 1371692.2900179205 and parameters: {'max_depth': 12, 'n_estimators': 30}. Best is trial 41 with value: 1320302.5914381882.
{'MSE - mean': 1552961.4482384457, 'MSE - std': 0.0, 'R2 - mean': 0.6903075875349981, 'R2 - std': 0.0}
{'MSE - mean': 1494459.030077606, 'MSE - std': 58502.41816083959, 'R2 - mean': 0.7024115567698923, 'R2 - std': 0.012103969234894152}
{'MSE - mean': 1459049.6390243166, 'MSE - std': 69205.04728683719, 'R2 - mean': 0.7090831128544889, 'R2 - std': 0.013663456200366842}
{'MSE - mean': 1436174.6990654538, 'MSE - std': 71845.61616302526, 'R2 - mean': 0.7168587809399322, 'R2 - std': 0.017927648173406717}
{'MSE - mean': 1461651.596852876, 'MSE - std': 82010.50745458681, 'R2 - mean': 0.7123375649101867, 'R2 - std': 0.018408857454336215}
Trial 73 finished with value: 1461651.596852876 and parameters: {'max_depth': 10, 'n_estimators': 20}. Best is trial 41 with value: 1320302.5914381882.
{'MSE - mean': 1515148.0047732897, 'MSE - std': 0.0, 'R2 - mean': 0.6978483648953224, 'R2 - std': 0.0}
{'MSE - mean': 1431372.3006265326, 'MSE - std': 83775.70414675702, 'R2 - mean': 0.7149654324718406, 'R2 - std': 0.017117067576518263}
{'MSE - mean': 1395229.8738305275, 'MSE - std': 85390.06050432617, 'R2 - mean': 0.7218036175463073, 'R2 - std': 0.01699561370387599}
{'MSE - mean': 1369819.2905254983, 'MSE - std': 86056.31909630378, 'R2 - mean': 0.729912096576345, 'R2 - std': 0.02034405221238441}
{'MSE - mean': 1396447.331087545, 'MSE - std': 93598.94348666488, 'R2 - mean': 0.725150219542605, 'R2 - std': 0.020537922481936297}
Trial 74 finished with value: 1396447.331087545 and parameters: {'max_depth': 11, 'n_estimators': 40}. Best is trial 41 with value: 1320302.5914381882.
{'MSE - mean': 1509186.013881717, 'MSE - std': 0.0, 'R2 - mean': 0.6990373083455285, 'R2 - std': 0.0}
{'MSE - mean': 1415067.822074987, 'MSE - std': 94118.19180673022, 'R2 - mean': 0.7182087638732502, 'R2 - std': 0.019171455527721648}
{'MSE - mean': 1371019.2542263453, 'MSE - std': 98924.42575864875, 'R2 - mean': 0.726633336194821, 'R2 - std': 0.01967172189473244}
{'MSE - mean': 1328277.732505657, 'MSE - std': 113225.63555025427, 'R2 - mean': 0.7379769218309307, 'R2 - std': 0.02600506271822928}
{'MSE - mean': 1346499.7489561236, 'MSE - std': 107629.93621986172, 'R2 - mean': 0.7348704964728743, 'R2 - std': 0.024075093844135562}
Trial 75 finished with value: 1346499.7489561236 and parameters: {'max_depth': 12, 'n_estimators': 24}. Best is trial 41 with value: 1320302.5914381882.
{'MSE - mean': 1570936.9750935456, 'MSE - std': 0.0, 'R2 - mean': 0.6867228982412619, 'R2 - std': 0.0}
{'MSE - mean': 1495791.896632555, 'MSE - std': 75145.07846099068, 'R2 - mean': 0.7021410925120458, 'R2 - std': 0.015418194270783947}
{'MSE - mean': 1441425.9637394482, 'MSE - std': 98365.8029836311, 'R2 - mean': 0.7126042885306573, 'R2 - std': 0.019427748665989543}
{'MSE - mean': 1414408.9993283064, 'MSE - std': 97193.73691467788, 'R2 - mean': 0.7211236452688002, 'R2 - std': 0.02237892717193731}
{'MSE - mean': 1439817.0758957742, 'MSE - std': 100695.47862632619, 'R2 - mean': 0.7166141519310241, 'R2 - std': 0.021954389669204915}
Trial 76 finished with value: 1439817.0758957742 and parameters: {'max_depth': 10, 'n_estimators': 24}. Best is trial 41 with value: 1320302.5914381882.
{'MSE - mean': 1458357.0333170965, 'MSE - std': 0.0, 'R2 - mean': 0.7091736511581912, 'R2 - std': 0.0}
{'MSE - mean': 1387743.359356397, 'MSE - std': 70613.67396069947, 'R2 - mean': 0.7236566594800145, 'R2 - std': 0.01448300832182331}
{'MSE - mean': 1346805.4057209638, 'MSE - std': 81706.95235126824, 'R2 - mean': 0.7314644618321564, 'R2 - std': 0.016179057713813172}
{'MSE - mean': 1318754.1772692592, 'MSE - std': 85834.92179671672, 'R2 - mean': 0.7399593961090567, 'R2 - std': 0.020317803928740382}
{'MSE - mean': 1344826.865807799, 'MSE - std': 92807.58261257308, 'R2 - mean': 0.7352937686928765, 'R2 - std': 0.020428481146082245}
Trial 77 finished with value: 1344826.865807799 and parameters: {'max_depth': 12, 'n_estimators': 35}. Best is trial 41 with value: 1320302.5914381882.
{'MSE - mean': 1519518.9820849937, 'MSE - std': 0.0, 'R2 - mean': 0.6969767022342648, 'R2 - std': 0.0}
{'MSE - mean': 1415492.6709480104, 'MSE - std': 104026.31113698322, 'R2 - mean': 0.7181211517233771, 'R2 - std': 0.021144449489112316}
{'MSE - mean': 1379980.363533246, 'MSE - std': 98674.02678358204, 'R2 - mean': 0.7248398053022503, 'R2 - std': 0.019706321522738778}
{'MSE - mean': 1357155.9825636614, 'MSE - std': 94155.61465573646, 'R2 - mean': 0.7324221925211177, 'R2 - std': 0.02153444029406619}
{'MSE - mean': 1382398.4591732002, 'MSE - std': 98188.36142075135, 'R2 - mean': 0.727924488513741, 'R2 - std': 0.021258011675009705}
Trial 78 finished with value: 1382398.4591732002 and parameters: {'max_depth': 11, 'n_estimators': 34}. Best is trial 41 with value: 1320302.5914381882.
{'MSE - mean': 1503271.1385341547, 'MSE - std': 0.0, 'R2 - mean': 0.7002168559884492, 'R2 - std': 0.0}
{'MSE - mean': 1399398.2768759853, 'MSE - std': 103872.8616581693, 'R2 - mean': 0.7213258489658803, 'R2 - std': 0.02110899297743113}
{'MSE - mean': 1359196.063763067, 'MSE - std': 102105.25682381791, 'R2 - mean': 0.7289866865210021, 'R2 - std': 0.020357715665223427}
{'MSE - mean': 1315376.6395169175, 'MSE - std': 116531.27660454683, 'R2 - mean': 0.7405082778372706, 'R2 - std': 0.02662834278934582}
{'MSE - mean': 1342536.5117033436, 'MSE - std': 117534.10301014892, 'R2 - mean': 0.7356523725786702, 'R2 - std': 0.025721084255675056}
Trial 79 finished with value: 1342536.5117033436 and parameters: {'max_depth': 12, 'n_estimators': 38}. Best is trial 41 with value: 1320302.5914381882.
{'MSE - mean': 1611897.3532021288, 'MSE - std': 0.0, 'R2 - mean': 0.6785545574712353, 'R2 - std': 0.0}
{'MSE - mean': 1543878.0027216747, 'MSE - std': 68019.35048045393, 'R2 - mean': 0.6925685524656933, 'R2 - std': 0.01401399499445799}
{'MSE - mean': 1523709.9077480666, 'MSE - std': 62433.368238340176, 'R2 - mean': 0.6961799064967192, 'R2 - std': 0.012530434669686343}
{'MSE - mean': 1494724.1434914873, 'MSE - std': 73783.24803640792, 'R2 - mean': 0.7052712189920368, 'R2 - std': 0.019123669454919275}
{'MSE - mean': 1520220.3462982008, 'MSE - std': 83399.0382611571, 'R2 - mean': 0.7007739217445969, 'R2 - std': 0.01932548878719845}
Trial 80 finished with value: 1520220.3462982008 and parameters: {'max_depth': 9, 'n_estimators': 42}. Best is trial 41 with value: 1320302.5914381882.
{'MSE - mean': 1484754.7506701453, 'MSE - std': 0.0, 'R2 - mean': 0.7039094040772942, 'R2 - std': 0.0}
{'MSE - mean': 1375127.9762187116, 'MSE - std': 109626.77445143356, 'R2 - mean': 0.7261567002297376, 'R2 - std': 0.022247296152443308}
{'MSE - mean': 1332087.1778211507, 'MSE - std': 108245.27905555956, 'R2 - mean': 0.7343924211987151, 'R2 - std': 0.021578129139340534}
{'MSE - mean': 1306130.5844194423, 'MSE - std': 103966.41068838925, 'R2 - mean': 0.7424564773167921, 'R2 - std': 0.023330211016877492}
{'MSE - mean': 1335775.6289161027, 'MSE - std': 110283.84421109625, 'R2 - mean': 0.73708657265704, 'R2 - std': 0.023468755848849984}
Trial 81 finished with value: 1335775.6289161027 and parameters: {'max_depth': 12, 'n_estimators': 37}. Best is trial 41 with value: 1320302.5914381882.
{'MSE - mean': 1493514.1375003601, 'MSE - std': 0.0, 'R2 - mean': 0.7021626024150632, 'R2 - std': 0.0}
{'MSE - mean': 1419464.2120010513, 'MSE - std': 74049.92549930874, 'R2 - mean': 0.7173394852292299, 'R2 - std': 0.015176882814166626}
{'MSE - mean': 1378500.1017260132, 'MSE - std': 83735.95985130721, 'R2 - mean': 0.7251440702012739, 'R2 - std': 0.01659462587129766}
{'MSE - mean': 1340765.0057983538, 'MSE - std': 97624.7695166231, 'R2 - mean': 0.7355535130662578, 'R2 - std': 0.023056576244844987}
{'MSE - mean': 1370834.4006124914, 'MSE - std': 106024.29210559698, 'R2 - mean': 0.730126698832665, 'R2 - std': 0.023304201711519364}
Trial 82 finished with value: 1370834.4006124914 and parameters: {'max_depth': 11, 'n_estimators': 37}. Best is trial 41 with value: 1320302.5914381882.
{'MSE - mean': 1487568.1056788596, 'MSE - std': 0.0, 'R2 - mean': 0.7033483632988784, 'R2 - std': 0.0}
{'MSE - mean': 1392934.364455318, 'MSE - std': 94633.74122354166, 'R2 - mean': 0.7226157311938116, 'R2 - std': 0.01926736789493322}
{'MSE - mean': 1341591.857436219, 'MSE - std': 106030.51151746504, 'R2 - mean': 0.732504900949956, 'R2 - std': 0.021049441813600488}
{'MSE - mean': 1315587.3222866948, 'MSE - std': 102276.87702760579, 'R2 - mean': 0.7405985082766813, 'R2 - std': 0.022996275550092433}
{'MSE - mean': 1334272.1678846306, 'MSE - std': 98817.71845013832, 'R2 - mean': 0.7373735724406878, 'R2 - std': 0.021556061697947656}
Trial 83 finished with value: 1334272.1678846306 and parameters: {'max_depth': 12, 'n_estimators': 48}. Best is trial 41 with value: 1320302.5914381882.
{'MSE - mean': 1507543.272857836, 'MSE - std': 0.0, 'R2 - mean': 0.6993649046495565, 'R2 - std': 0.0}
{'MSE - mean': 1400378.382801611, 'MSE - std': 107164.890056225, 'R2 - mean': 0.7211296915115116, 'R2 - std': 0.021764786861955154}
{'MSE - mean': 1353458.0476025168, 'MSE - std': 109814.59291717967, 'R2 - mean': 0.7301338655936171, 'R2 - std': 0.021862165184764904}
{'MSE - mean': 1322305.4205995714, 'MSE - std': 109343.00215710368, 'R2 - mean': 0.7392346928559235, 'R2 - std': 0.024636169964088878}
{'MSE - mean': 1339267.0966262657, 'MSE - std': 103515.73557252466, 'R2 - mean': 0.7363567394623124, 'R2 - std': 0.02277461655753549}
Trial 84 finished with value: 1339267.0966262657 and parameters: {'max_depth': 12, 'n_estimators': 47}. Best is trial 41 with value: 1320302.5914381882.
{'MSE - mean': 1546857.8096414101, 'MSE - std': 0.0, 'R2 - mean': 0.6915247784472867, 'R2 - std': 0.0}
{'MSE - mean': 1476020.9028977058, 'MSE - std': 70836.90674370422, 'R2 - mean': 0.7060791248828646, 'R2 - std': 0.014554346435577903}
{'MSE - mean': 1434049.766938016, 'MSE - std': 82875.7950922403, 'R2 - mean': 0.7140690530104311, 'R2 - std': 0.016398086364326304}
{'MSE - mean': 1407042.4146889236, 'MSE - std': 85670.81933568708, 'R2 - mean': 0.7225707344860544, 'R2 - std': 0.02045748496389012}
{'MSE - mean': 1436627.953409949, 'MSE - std': 96813.26269768788, 'R2 - mean': 0.7172430392934739, 'R2 - std': 0.02117414218093399}
Trial 85 finished with value: 1436627.953409949 and parameters: {'max_depth': 10, 'n_estimators': 53}. Best is trial 41 with value: 1320302.5914381882.
{'MSE - mean': 1517498.7064839446, 'MSE - std': 0.0, 'R2 - mean': 0.6973795866879922, 'R2 - std': 0.0}
{'MSE - mean': 1409298.3580588861, 'MSE - std': 108200.3484250583, 'R2 - mean': 0.7193532668034355, 'R2 - std': 0.021973680115443317}
{'MSE - mean': 1352997.0439086102, 'MSE - std': 118930.87438914037, 'R2 - mean': 0.7302307790680599, 'R2 - std': 0.023633358303000233}
{'MSE - mean': 1331987.3471275584, 'MSE - std': 109236.60896750378, 'R2 - mean': 0.737402267469722, 'R2 - std': 0.023941438056098822}
{'MSE - mean': 1353380.9294399607, 'MSE - std': 106662.32159298609, 'R2 - mean': 0.7336455070214282, 'R2 - std': 0.022693764809274687}
Trial 86 finished with value: 1353380.9294399607 and parameters: {'max_depth': 11, 'n_estimators': 47}. Best is trial 41 with value: 1320302.5914381882.
{'MSE - mean': 1544728.7825265753, 'MSE - std': 0.0, 'R2 - mean': 0.6919493501867491, 'R2 - std': 0.0}
{'MSE - mean': 1463286.7243148948, 'MSE - std': 81442.0582116805, 'R2 - mean': 0.7086114726220334, 'R2 - std': 0.01666212243528431}
{'MSE - mean': 1425347.1281637922, 'MSE - std': 85444.12487733719, 'R2 - mean': 0.7157999109959845, 'R2 - std': 0.016983271432337636}
{'MSE - mean': 1395162.0230711154, 'MSE - std': 90603.23153954475, 'R2 - mean': 0.7248859470386765, 'R2 - std': 0.021540468525908078}
{'MSE - mean': 1432675.5690543496, 'MSE - std': 110436.50203294012, 'R2 - mean': 0.7180095534221815, 'R2 - std': 0.023671345211635084}
Trial 87 finished with value: 1432675.5690543496 and parameters: {'max_depth': 10, 'n_estimators': 62}. Best is trial 41 with value: 1320302.5914381882.
{'MSE - mean': 1508543.6422149183, 'MSE - std': 0.0, 'R2 - mean': 0.6991654104509708, 'R2 - std': 0.0}
{'MSE - mean': 1401020.8841961566, 'MSE - std': 107522.75801876152, 'R2 - mean': 0.7210016502336398, 'R2 - std': 0.021836239782668965}
{'MSE - mean': 1344908.408841235, 'MSE - std': 118341.23869367823, 'R2 - mean': 0.731843631144185, 'R2 - std': 0.02351548451609566}
{'MSE - mean': 1310913.677298884, 'MSE - std': 118196.4969852118, 'R2 - mean': 0.7414630509437456, 'R2 - std': 0.026312225691882903}
{'MSE - mean': 1330104.8672837638, 'MSE - std': 112470.15876134948, 'R2 - mean': 0.7381489753492754, 'R2 - std': 0.02444992770688537}
Trial 88 finished with value: 1330104.8672837638 and parameters: {'max_depth': 12, 'n_estimators': 78}. Best is trial 41 with value: 1320302.5914381882.
{'MSE - mean': 1856470.9018345708, 'MSE - std': 0.0, 'R2 - mean': 0.6297815680406066, 'R2 - std': 0.0}
{'MSE - mean': 1876394.767810214, 'MSE - std': 19923.865975643275, 'R2 - mean': 0.6263859492638275, 'R2 - std': 0.003395618776779019}
{'MSE - mean': 1846235.294436492, 'MSE - std': 45648.96448592695, 'R2 - mean': 0.6318939215811857, 'R2 - std': 0.008268151910536637}
{'MSE - mean': 1834855.8646021346, 'MSE - std': 44174.03353830461, 'R2 - mean': 0.6383930264317104, 'R2 - std': 0.013341170997559403}
{'MSE - mean': 1869457.103330097, 'MSE - std': 79687.25793545917, 'R2 - mean': 0.6321886568248583, 'R2 - std': 0.01721529214804723}
Trial 89 finished with value: 1869457.103330097 and parameters: {'max_depth': 6, 'n_estimators': 86}. Best is trial 41 with value: 1320302.5914381882.
{'MSE - mean': 2453888.876003429, 'MSE - std': 0.0, 'R2 - mean': 0.5106441523113399, 'R2 - std': 0.0}
{'MSE - mean': 2501893.575693371, 'MSE - std': 48004.69968994218, 'R2 - mean': 0.5018477156325462, 'R2 - std': 0.008796436678793706}
{'MSE - mean': 2450018.8033435256, 'MSE - std': 83176.2274185214, 'R2 - mean': 0.5115213125873909, 'R2 - std': 0.015451272490820244}
{'MSE - mean': 2452769.3280791915, 'MSE - std': 72190.09464357089, 'R2 - mean': 0.5167516074837178, 'R2 - std': 0.016159341579928842}
{'MSE - mean': 2483301.411596717, 'MSE - std': 88870.46926512074, 'R2 - mean': 0.5115051615385557, 'R2 - std': 0.017860577719085193}
Trial 90 finished with value: 2483301.411596717 and parameters: {'max_depth': 4, 'n_estimators': 45}. Best is trial 41 with value: 1320302.5914381882.
{'MSE - mean': 1479420.9799000302, 'MSE - std': 0.0, 'R2 - mean': 0.7049730675308885, 'R2 - std': 0.0}
{'MSE - mean': 1400338.0409473265, 'MSE - std': 79082.93895270361, 'R2 - mean': 0.7211462778426243, 'R2 - std': 0.016173210311735742}
{'MSE - mean': 1346769.935708564, 'MSE - std': 99541.4048859752, 'R2 - mean': 0.7314768192292885, 'R2 - std': 0.01969319658854095}
{'MSE - mean': 1319774.1601532125, 'MSE - std': 98069.79228340372, 'R2 - mean': 0.7397698284388737, 'R2 - std': 0.022297724080205732}
{'MSE - mean': 1336584.6224970804, 'MSE - std': 93938.88387492346, 'R2 - mean': 0.7369134125431008, 'R2 - std': 0.020745776591973724}
Trial 91 finished with value: 1336584.6224970804 and parameters: {'max_depth': 12, 'n_estimators': 74}. Best is trial 41 with value: 1320302.5914381882.
{'MSE - mean': 1523990.947506765, 'MSE - std': 0.0, 'R2 - mean': 0.6960849004696432, 'R2 - std': 0.0}
{'MSE - mean': 1433839.9219981101, 'MSE - std': 90151.02550865465, 'R2 - mean': 0.7144721478161938, 'R2 - std': 0.018387247346550617}
{'MSE - mean': 1383363.1850933814, 'MSE - std': 102537.50632787884, 'R2 - mean': 0.7241764103990928, 'R2 - std': 0.020340583436679594}
{'MSE - mean': 1347421.6612446432, 'MSE - std': 108447.38153898926, 'R2 - mean': 0.7342560376474728, 'R2 - std': 0.024801232979576947}
{'MSE - mean': 1367450.2943310726, 'MSE - std': 104944.0432962907, 'R2 - mean': 0.7307918103382179, 'R2 - std': 0.023239716204088084}
Trial 92 finished with value: 1367450.2943310726 and parameters: {'max_depth': 11, 'n_estimators': 85}. Best is trial 41 with value: 1320302.5914381882.
{'MSE - mean': 1485733.9548017501, 'MSE - std': 0.0, 'R2 - mean': 0.7037141306594277, 'R2 - std': 0.0}
{'MSE - mean': 1389643.375776818, 'MSE - std': 96090.57902493211, 'R2 - mean': 0.7232705757724809, 'R2 - std': 0.019556445113053267}
{'MSE - mean': 1351714.9093006316, 'MSE - std': 95040.71087364736, 'R2 - mean': 0.7304786974744051, 'R2 - std': 0.018944226928348015}
{'MSE - mean': 1318917.832753428, 'MSE - std': 100007.48588308552, 'R2 - mean': 0.7398885304275664, 'R2 - std': 0.02312569283402685}
{'MSE - mean': 1342536.0693115597, 'MSE - std': 101155.73230711085, 'R2 - mean': 0.7357106332891549, 'R2 - std': 0.022308236892224352}
Trial 93 finished with value: 1342536.0693115597 and parameters: {'max_depth': 12, 'n_estimators': 75}. Best is trial 41 with value: 1320302.5914381882.
{'MSE - mean': 1506170.242646698, 'MSE - std': 0.0, 'R2 - mean': 0.6996387150773409, 'R2 - std': 0.0}
{'MSE - mean': 1400911.6639660299, 'MSE - std': 105258.57868066814, 'R2 - mean': 0.7210240873810205, 'R2 - std': 0.02138537230367965}
{'MSE - mean': 1347259.798997328, 'MSE - std': 114644.19226381488, 'R2 - mean': 0.7313738749363835, 'R2 - std': 0.022784328764751553}
{'MSE - mean': 1315719.142824077, 'MSE - std': 113322.13857135171, 'R2 - mean': 0.7405328135058669, 'R2 - std': 0.02531803102739083}
{'MSE - mean': 1332107.7313765208, 'MSE - std': 106526.3770681839, 'R2 - mean': 0.7377648844613504, 'R2 - std': 0.023311968618395414}
Trial 94 finished with value: 1332107.7313765208 and parameters: {'max_depth': 12, 'n_estimators': 77}. Best is trial 41 with value: 1320302.5914381882.
{'MSE - mean': 1524058.9062181013, 'MSE - std': 0.0, 'R2 - mean': 0.6960713481066496, 'R2 - std': 0.0}
{'MSE - mean': 1430311.4098823133, 'MSE - std': 93747.49633578793, 'R2 - mean': 0.7151736353770716, 'R2 - std': 0.019102287270421958}
{'MSE - mean': 1374208.3641780193, 'MSE - std': 110245.93199183625, 'R2 - mean': 0.7260042099238477, 'R2 - std': 0.021860183195352482}
{'MSE - mean': 1352162.856900619, 'MSE - std': 102828.19318608662, 'R2 - mean': 0.7334216701151784, 'R2 - std': 0.022879179488580967}
{'MSE - mean': 1369052.7360898245, 'MSE - std': 97979.49748409576, 'R2 - mean': 0.7305526620883078, 'R2 - std': 0.021253007116395425}
Trial 95 finished with value: 1369052.7360898245 and parameters: {'max_depth': 11, 'n_estimators': 78}. Best is trial 41 with value: 1320302.5914381882.
{'MSE - mean': 1539299.2534136223, 'MSE - std': 0.0, 'R2 - mean': 0.6930321098208962, 'R2 - std': 0.0}
{'MSE - mean': 1457432.8085500812, 'MSE - std': 81866.44486354094, 'R2 - mean': 0.7097769513318355, 'R2 - std': 0.016744841510939246}
{'MSE - mean': 1421207.0426175816, 'MSE - std': 84218.10235645682, 'R2 - mean': 0.7166243794254342, 'R2 - std': 0.016754134449293287}
{'MSE - mean': 1400875.434553234, 'MSE - std': 80991.60100182433, 'R2 - mean': 0.7238289186473796, 'R2 - std': 0.019137448159574248}
{'MSE - mean': 1427654.6214835118, 'MSE - std': 90090.01585557664, 'R2 - mean': 0.7190395419976044, 'R2 - std': 0.01961494461939569}
Trial 96 finished with value: 1427654.6214835118 and parameters: {'max_depth': 10, 'n_estimators': 65}. Best is trial 41 with value: 1320302.5914381882.
{'MSE - mean': 1526865.9851179936, 'MSE - std': 0.0, 'R2 - mean': 0.6955115589132518, 'R2 - std': 0.0}
{'MSE - mean': 1429158.764131191, 'MSE - std': 97707.2209868026, 'R2 - mean': 0.715401939413608, 'R2 - std': 0.01989038050035624}
{'MSE - mean': 1377146.1616447428, 'MSE - std': 108513.08211517998, 'R2 - mean': 0.7254153603016148, 'R2 - std': 0.02154735915899467}
{'MSE - mean': 1344469.0087934816, 'MSE - std': 109702.80624485368, 'R2 - mean': 0.7348603535364993, 'R2 - std': 0.024816127954740794}
{'MSE - mean': 1374780.825272849, 'MSE - std': 115338.5860478275, 'R2 - mean': 0.7293799063082872, 'R2 - std': 0.024755067614888868}
Trial 97 finished with value: 1374780.825272849 and parameters: {'max_depth': 11, 'n_estimators': 57}. Best is trial 41 with value: 1320302.5914381882.
{'MSE - mean': 1488659.4317093303, 'MSE - std': 0.0, 'R2 - mean': 0.7031307304712602, 'R2 - std': 0.0}
{'MSE - mean': 1396662.2469238974, 'MSE - std': 91997.18478543276, 'R2 - mean': 0.7218742534312987, 'R2 - std': 0.01874352296003856}
{'MSE - mean': 1339441.5947872421, 'MSE - std': 110411.62710897622, 'R2 - mean': 0.7329374442244146, 'R2 - std': 0.02188610250864155}
{'MSE - mean': 1301703.5201019102, 'MSE - std': 115825.43931928674, 'R2 - mean': 0.743254243905869, 'R2 - std': 0.026049187689174663}
{'MSE - mean': 1326708.7372812103, 'MSE - std': 115036.81784342126, 'R2 - mean': 0.7388052229694718, 'R2 - std': 0.0249403947960469}
Trial 98 finished with value: 1326708.7372812103 and parameters: {'max_depth': 12, 'n_estimators': 73}. Best is trial 41 with value: 1320302.5914381882.
{'MSE - mean': 1540404.11055658, 'MSE - std': 0.0, 'R2 - mean': 0.6928117786115029, 'R2 - std': 0.0}
{'MSE - mean': 1428044.2980842115, 'MSE - std': 112359.81247236836, 'R2 - mean': 0.7156193842674182, 'R2 - std': 0.02280760565591533}
{'MSE - mean': 1381286.2813397236, 'MSE - std': 113088.9438995083, 'R2 - mean': 0.7245839587796642, 'R2 - std': 0.022528169985044314}
{'MSE - mean': 1350268.0224476692, 'MSE - std': 111705.9939229455, 'R2 - mean': 0.7337249967716791, 'R2 - std': 0.025125973789500513}
{'MSE - mean': 1372877.4208117647, 'MSE - std': 109669.15172552387, 'R2 - mean': 0.729751001299106, 'R2 - std': 0.02383741192245207}
Trial 99 finished with value: 1372877.4208117647 and parameters: {'max_depth': 11, 'n_estimators': 93}. Best is trial 41 with value: 1320302.5914381882.
Best parameters: {'max_depth': 12, 'n_estimators': 32}
{'MSE - mean': 1453348.5453273375, 'MSE - std': 0.0, 'R2 - mean': 0.710172446543685, 'R2 - std': 0.0}
{'MSE - mean': 1380273.9177074225, 'MSE - std': 73074.62761991494, 'R2 - mean': 0.7251431948263634, 'R2 - std': 0.014970748282678248}
{'MSE - mean': 1336356.7598184727, 'MSE - std': 86124.14091654026, 'R2 - mean': 0.7335490038137329, 'R2 - std': 0.017050829468381566}
{'MSE - mean': 1320155.7209023556, 'MSE - std': 79689.69018852864, 'R2 - mean': 0.7397677141386789, 'R2 - std': 0.018277449589224448}
{'MSE - mean': 1350442.7523713217, 'MSE - std': 93539.16013458485, 'R2 - mean': 0.7342615132450641, 'R2 - std': 0.019711040660317578}
Results: {'MSE - mean': 1350442.7523713217, 'MSE - std': 93539.16013458485, 'R2 - mean': 0.7342615132450641, 'R2 - std': 0.019711040660317578}
Train time: 3.6216183761999674
Inference time: 0.026196277799999734
