[I 2024-12-05 22:52:49,446] A new study created in RDB with name: RandomForest_Diamonds
[I 2024-12-05 22:52:53,802] Trial 0 finished with value: 626789.429596911 and parameters: {'max_depth': 6, 'n_estimators': 79}. Best is trial 0 with value: 626789.429596911.
[I 2024-12-05 22:52:59,083] Trial 1 finished with value: 488882.06050272874 and parameters: {'max_depth': 7, 'n_estimators': 85}. Best is trial 1 with value: 488882.06050272874.
[I 2024-12-05 22:53:04,249] Trial 2 finished with value: 316354.6872898426 and parameters: {'max_depth': 10, 'n_estimators': 56}. Best is trial 2 with value: 316354.6872898426.
[I 2024-12-05 22:53:06,447] Trial 3 finished with value: 2680815.170386245 and parameters: {'max_depth': 2, 'n_estimators': 80}. Best is trial 2 with value: 316354.6872898426.
[I 2024-12-05 22:53:10,660] Trial 4 finished with value: 632370.2015495102 and parameters: {'max_depth': 6, 'n_estimators': 73}. Best is trial 2 with value: 316354.6872898426.
[I 2024-12-05 22:53:11,527] Trial 5 finished with value: 2695245.5459451242 and parameters: {'max_depth': 2, 'n_estimators': 7}. Best is trial 2 with value: 316354.6872898426.
[I 2024-12-05 22:53:12,839] Trial 6 finished with value: 329767.99974030955 and parameters: {'max_depth': 12, 'n_estimators': 5}. Best is trial 2 with value: 316354.6872898426.
[I 2024-12-05 22:53:15,534] Trial 7 finished with value: 833814.4519896407 and parameters: {'max_depth': 5, 'n_estimators': 51}. Best is trial 2 with value: 316354.6872898426.
[I 2024-12-05 22:53:16,469] Trial 8 finished with value: 2681154.001348137 and parameters: {'max_depth': 2, 'n_estimators': 20}. Best is trial 2 with value: 316354.6872898426.
[I 2024-12-05 22:53:20,602] Trial 9 finished with value: 835358.6655894539 and parameters: {'max_depth': 5, 'n_estimators': 87}. Best is trial 2 with value: 316354.6872898426.
[I 2024-12-05 22:53:23,545] Trial 10 finished with value: 304992.76422875526 and parameters: {'max_depth': 11, 'n_estimators': 24}. Best is trial 10 with value: 304992.76422875526.
[I 2024-12-05 22:53:27,333] Trial 11 finished with value: 296820.91381634946 and parameters: {'max_depth': 12, 'n_estimators': 25}. Best is trial 11 with value: 296820.91381634946.
[I 2024-12-05 22:53:29,643] Trial 12 finished with value: 346974.1385599033 and parameters: {'max_depth': 9, 'n_estimators': 23}. Best is trial 11 with value: 296820.91381634946.
[I 2024-12-05 22:53:30,832] Trial 13 finished with value: 1670283.618311905 and parameters: {'max_depth': 3, 'n_estimators': 23}. Best is trial 11 with value: 296820.91381634946.
[I 2024-12-05 22:53:35,649] Trial 14 finished with value: 295628.8830232158 and parameters: {'max_depth': 12, 'n_estimators': 35}. Best is trial 14 with value: 295628.8830232158.
[I 2024-12-05 22:53:36,614] Trial 15 finished with value: 1670870.1347572878 and parameters: {'max_depth': 3, 'n_estimators': 14}. Best is trial 14 with value: 295628.8830232158.
[I 2024-12-05 22:53:39,611] Trial 16 finished with value: 398424.40969440975 and parameters: {'max_depth': 8, 'n_estimators': 37}. Best is trial 14 with value: 295628.8830232158.
[I 2024-12-05 22:53:41,783] Trial 17 finished with value: 305508.94011915906 and parameters: {'max_depth': 12, 'n_estimators': 12}. Best is trial 14 with value: 295628.8830232158.
[I 2024-12-05 22:53:44,611] Trial 18 finished with value: 397529.6468890394 and parameters: {'max_depth': 8, 'n_estimators': 35}. Best is trial 14 with value: 295628.8830232158.
[I 2024-12-05 22:53:46,228] Trial 19 finished with value: 1676984.2902543955 and parameters: {'max_depth': 3, 'n_estimators': 37}. Best is trial 14 with value: 295628.8830232158.
[I 2024-12-05 22:53:47,281] Trial 20 finished with value: 1214178.8920398203 and parameters: {'max_depth': 4, 'n_estimators': 15}. Best is trial 14 with value: 295628.8830232158.
[I 2024-12-05 22:53:50,783] Trial 21 finished with value: 318990.5568490533 and parameters: {'max_depth': 10, 'n_estimators': 31}. Best is trial 14 with value: 295628.8830232158.
[I 2024-12-05 22:53:52,828] Trial 22 finished with value: 309131.6222614904 and parameters: {'max_depth': 12, 'n_estimators': 10}. Best is trial 14 with value: 295628.8830232158.
[I 2024-12-05 22:53:55,896] Trial 23 finished with value: 318399.71667841787 and parameters: {'max_depth': 10, 'n_estimators': 28}. Best is trial 14 with value: 295628.8830232158.
[I 2024-12-05 22:53:59,752] Trial 24 finished with value: 397850.5038169467 and parameters: {'max_depth': 8, 'n_estimators': 50}. Best is trial 14 with value: 295628.8830232158.
[I 2024-12-05 22:54:01,981] Trial 25 finished with value: 322407.0581134025 and parameters: {'max_depth': 10, 'n_estimators': 17}. Best is trial 14 with value: 295628.8830232158.
[I 2024-12-05 22:54:05,865] Trial 26 finished with value: 298051.18500712654 and parameters: {'max_depth': 12, 'n_estimators': 27}. Best is trial 14 with value: 295628.8830232158.
[I 2024-12-05 22:54:08,995] Trial 27 finished with value: 487361.9905313266 and parameters: {'max_depth': 7, 'n_estimators': 46}. Best is trial 14 with value: 295628.8830232158.
[I 2024-12-05 22:54:11,017] Trial 28 finished with value: 347295.27102311153 and parameters: {'max_depth': 9, 'n_estimators': 18}. Best is trial 14 with value: 295628.8830232158.
[I 2024-12-05 22:54:12,149] Trial 29 finished with value: 640092.3422540625 and parameters: {'max_depth': 6, 'n_estimators': 10}. Best is trial 14 with value: 295628.8830232158.
[I 2024-12-05 22:54:16,191] Trial 30 finished with value: 487263.64043577027 and parameters: {'max_depth': 7, 'n_estimators': 62}. Best is trial 14 with value: 295628.8830232158.
[I 2024-12-05 22:54:20,006] Trial 31 finished with value: 299300.06931033346 and parameters: {'max_depth': 12, 'n_estimators': 25}. Best is trial 14 with value: 295628.8830232158.
[I 2024-12-05 22:54:24,144] Trial 32 finished with value: 297607.6055252062 and parameters: {'max_depth': 12, 'n_estimators': 29}. Best is trial 14 with value: 295628.8830232158.
[I 2024-12-05 22:54:27,952] Trial 33 finished with value: 346176.9812763877 and parameters: {'max_depth': 9, 'n_estimators': 42}. Best is trial 14 with value: 295628.8830232158.
[I 2024-12-05 22:54:31,540] Trial 34 finished with value: 303121.41390712454 and parameters: {'max_depth': 11, 'n_estimators': 30}. Best is trial 14 with value: 295628.8830232158.
[I 2024-12-05 22:54:38,362] Trial 35 finished with value: 302329.8250177796 and parameters: {'max_depth': 11, 'n_estimators': 62}. Best is trial 14 with value: 295628.8830232158.
[I 2024-12-05 22:54:41,143] Trial 36 finished with value: 347170.1023963503 and parameters: {'max_depth': 9, 'n_estimators': 28}. Best is trial 14 with value: 295628.8830232158.
[I 2024-12-05 22:54:42,901] Trial 37 finished with value: 498188.71796595166 and parameters: {'max_depth': 7, 'n_estimators': 20}. Best is trial 14 with value: 295628.8830232158.
[I 2024-12-05 22:54:46,583] Trial 38 finished with value: 318018.63026573334 and parameters: {'max_depth': 10, 'n_estimators': 34}. Best is trial 14 with value: 295628.8830232158.
[I 2024-12-05 22:54:51,087] Trial 39 finished with value: 302345.1203379719 and parameters: {'max_depth': 11, 'n_estimators': 39}. Best is trial 14 with value: 295628.8830232158.
[I 2024-12-05 22:54:53,496] Trial 40 finished with value: 399433.1068486016 and parameters: {'max_depth': 8, 'n_estimators': 26}. Best is trial 14 with value: 295628.8830232158.
[I 2024-12-05 22:54:56,589] Trial 41 finished with value: 298100.12307328277 and parameters: {'max_depth': 12, 'n_estimators': 19}. Best is trial 14 with value: 295628.8830232158.
[I 2024-12-05 22:54:59,717] Trial 42 finished with value: 298174.02419699274 and parameters: {'max_depth': 12, 'n_estimators': 21}. Best is trial 14 with value: 295628.8830232158.
[I 2024-12-05 22:55:01,968] Trial 43 finished with value: 319257.1979314991 and parameters: {'max_depth': 10, 'n_estimators': 18}. Best is trial 14 with value: 295628.8830232158.
[I 2024-12-05 22:55:05,595] Trial 44 finished with value: 303523.9905208681 and parameters: {'max_depth': 11, 'n_estimators': 31}. Best is trial 14 with value: 295628.8830232158.
[I 2024-12-05 22:55:08,372] Trial 45 finished with value: 627370.898180707 and parameters: {'max_depth': 6, 'n_estimators': 44}. Best is trial 14 with value: 295628.8830232158.
[I 2024-12-05 22:55:10,017] Trial 46 finished with value: 349560.7991265662 and parameters: {'max_depth': 9, 'n_estimators': 15}. Best is trial 14 with value: 295628.8830232158.
[I 2024-12-05 22:55:13,212] Trial 47 finished with value: 298705.37080406793 and parameters: {'max_depth': 12, 'n_estimators': 21}. Best is trial 14 with value: 295628.8830232158.
[I 2024-12-05 22:55:17,245] Trial 48 finished with value: 1186980.2480464545 and parameters: {'max_depth': 4, 'n_estimators': 99}. Best is trial 14 with value: 295628.8830232158.
[I 2024-12-05 22:55:19,209] Trial 49 finished with value: 312285.3252144976 and parameters: {'max_depth': 11, 'n_estimators': 12}. Best is trial 14 with value: 295628.8830232158.
[I 2024-12-05 22:55:20,055] Trial 50 finished with value: 865677.102082233 and parameters: {'max_depth': 5, 'n_estimators': 5}. Best is trial 14 with value: 295628.8830232158.
[I 2024-12-05 22:55:23,475] Trial 51 finished with value: 298717.49732886406 and parameters: {'max_depth': 12, 'n_estimators': 22}. Best is trial 14 with value: 295628.8830232158.
[I 2024-12-05 22:55:27,292] Trial 52 finished with value: 297031.1325091043 and parameters: {'max_depth': 12, 'n_estimators': 26}. Best is trial 14 with value: 295628.8830232158.
[I 2024-12-05 22:55:30,264] Trial 53 finished with value: 318104.34471928544 and parameters: {'max_depth': 10, 'n_estimators': 26}. Best is trial 14 with value: 295628.8830232158.
[I 2024-12-05 22:55:34,329] Trial 54 finished with value: 301538.4947755224 and parameters: {'max_depth': 11, 'n_estimators': 33}. Best is trial 14 with value: 295628.8830232158.
[I 2024-12-05 22:55:37,907] Trial 55 finished with value: 303072.64331495744 and parameters: {'max_depth': 11, 'n_estimators': 29}. Best is trial 14 with value: 295628.8830232158.
[I 2024-12-05 22:55:41,250] Trial 56 finished with value: 297797.06968580524 and parameters: {'max_depth': 12, 'n_estimators': 24}. Best is trial 14 with value: 295628.8830232158.
[I 2024-12-05 22:55:43,768] Trial 57 finished with value: 317334.85381648765 and parameters: {'max_depth': 10, 'n_estimators': 24}. Best is trial 14 with value: 295628.8830232158.
[I 2024-12-05 22:55:46,915] Trial 58 finished with value: 398860.9789991133 and parameters: {'max_depth': 8, 'n_estimators': 40}. Best is trial 14 with value: 295628.8830232158.
[I 2024-12-05 22:55:48,578] Trial 59 finished with value: 349381.56740224187 and parameters: {'max_depth': 9, 'n_estimators': 16}. Best is trial 14 with value: 295628.8830232158.
[I 2024-12-05 22:55:52,643] Trial 60 finished with value: 303882.30479858344 and parameters: {'max_depth': 11, 'n_estimators': 33}. Best is trial 14 with value: 295628.8830232158.
[I 2024-12-05 22:55:55,637] Trial 61 finished with value: 296100.3209637952 and parameters: {'max_depth': 12, 'n_estimators': 19}. Best is trial 14 with value: 295628.8830232158.
[I 2024-12-05 22:55:59,520] Trial 62 finished with value: 295744.1122773347 and parameters: {'max_depth': 12, 'n_estimators': 26}. Best is trial 14 with value: 295628.8830232158.
[I 2024-12-05 22:56:02,029] Trial 63 finished with value: 318802.86820948496 and parameters: {'max_depth': 10, 'n_estimators': 23}. Best is trial 14 with value: 295628.8830232158.
[I 2024-12-05 22:56:05,326] Trial 64 finished with value: 300133.66904836486 and parameters: {'max_depth': 12, 'n_estimators': 24}. Best is trial 14 with value: 295628.8830232158.
[I 2024-12-05 22:56:07,352] Trial 65 finished with value: 310838.41587766126 and parameters: {'max_depth': 11, 'n_estimators': 13}. Best is trial 14 with value: 295628.8830232158.
[I 2024-12-05 22:56:12,869] Trial 66 finished with value: 295454.55544477154 and parameters: {'max_depth': 12, 'n_estimators': 37}. Best is trial 66 with value: 295454.55544477154.
[I 2024-12-05 22:56:18,211] Trial 67 finished with value: 316543.2159187415 and parameters: {'max_depth': 10, 'n_estimators': 51}. Best is trial 66 with value: 295454.55544477154.
[I 2024-12-05 22:56:21,558] Trial 68 finished with value: 346736.07351332397 and parameters: {'max_depth': 9, 'n_estimators': 36}. Best is trial 66 with value: 295454.55544477154.
[I 2024-12-05 22:56:26,740] Trial 69 finished with value: 303296.1361354277 and parameters: {'max_depth': 11, 'n_estimators': 47}. Best is trial 66 with value: 295454.55544477154.
[I 2024-12-05 22:56:28,144] Trial 70 finished with value: 312784.1958904024 and parameters: {'max_depth': 12, 'n_estimators': 7}. Best is trial 66 with value: 295454.55544477154.
[I 2024-12-05 22:56:32,352] Trial 71 finished with value: 296452.11101071956 and parameters: {'max_depth': 12, 'n_estimators': 31}. Best is trial 66 with value: 295454.55544477154.
[I 2024-12-05 22:56:36,008] Trial 72 finished with value: 303253.0034337962 and parameters: {'max_depth': 11, 'n_estimators': 31}. Best is trial 66 with value: 295454.55544477154.
[I 2024-12-05 22:56:39,891] Trial 73 finished with value: 317119.6331032752 and parameters: {'max_depth': 10, 'n_estimators': 39}. Best is trial 66 with value: 295454.55544477154.
[I 2024-12-05 22:56:43,880] Trial 74 finished with value: 296516.0510625648 and parameters: {'max_depth': 12, 'n_estimators': 28}. Best is trial 66 with value: 295454.55544477154.
[I 2024-12-05 22:56:46,522] Trial 75 finished with value: 346250.82005101803 and parameters: {'max_depth': 9, 'n_estimators': 27}. Best is trial 66 with value: 295454.55544477154.
[I 2024-12-05 22:56:51,310] Trial 76 finished with value: 297670.9369354887 and parameters: {'max_depth': 12, 'n_estimators': 35}. Best is trial 66 with value: 295454.55544477154.
[I 2024-12-05 22:56:53,706] Trial 77 finished with value: 319722.6926887727 and parameters: {'max_depth': 10, 'n_estimators': 19}. Best is trial 66 with value: 295454.55544477154.
[I 2024-12-05 22:56:59,688] Trial 78 finished with value: 301483.4779658638 and parameters: {'max_depth': 11, 'n_estimators': 55}. Best is trial 66 with value: 295454.55544477154.
[I 2024-12-05 22:57:01,353] Trial 79 finished with value: 1175823.5490712249 and parameters: {'max_depth': 4, 'n_estimators': 32}. Best is trial 66 with value: 295454.55544477154.
[I 2024-12-05 22:57:02,505] Trial 80 finished with value: 2697095.911103828 and parameters: {'max_depth': 2, 'n_estimators': 28}. Best is trial 66 with value: 295454.55544477154.
[I 2024-12-05 22:57:06,656] Trial 81 finished with value: 297025.49668379396 and parameters: {'max_depth': 12, 'n_estimators': 29}. Best is trial 66 with value: 295454.55544477154.
[I 2024-12-05 22:57:09,932] Trial 82 finished with value: 300224.23927110864 and parameters: {'max_depth': 12, 'n_estimators': 22}. Best is trial 66 with value: 295454.55544477154.
[I 2024-12-05 22:57:13,262] Trial 83 finished with value: 303168.2790309495 and parameters: {'max_depth': 11, 'n_estimators': 26}. Best is trial 66 with value: 295454.55544477154.
[I 2024-12-05 22:57:18,312] Trial 84 finished with value: 296931.1780334144 and parameters: {'max_depth': 12, 'n_estimators': 37}. Best is trial 66 with value: 295454.55544477154.
[I 2024-12-05 22:57:22,664] Trial 85 finished with value: 303289.44421074464 and parameters: {'max_depth': 11, 'n_estimators': 37}. Best is trial 66 with value: 295454.55544477154.
[I 2024-12-05 22:57:26,966] Trial 86 finished with value: 316205.77072242124 and parameters: {'max_depth': 10, 'n_estimators': 43}. Best is trial 66 with value: 295454.55544477154.
[I 2024-12-05 22:57:31,087] Trial 87 finished with value: 297073.5890309099 and parameters: {'max_depth': 12, 'n_estimators': 30}. Best is trial 66 with value: 295454.55544477154.
[I 2024-12-05 22:57:36,689] Trial 88 finished with value: 296062.9919101664 and parameters: {'max_depth': 12, 'n_estimators': 41}. Best is trial 66 with value: 295454.55544477154.
[I 2024-12-05 22:57:40,696] Trial 89 finished with value: 344342.70764701127 and parameters: {'max_depth': 9, 'n_estimators': 46}. Best is trial 66 with value: 295454.55544477154.
[I 2024-12-05 22:57:45,155] Trial 90 finished with value: 302904.8959600339 and parameters: {'max_depth': 11, 'n_estimators': 40}. Best is trial 66 with value: 295454.55544477154.
[I 2024-12-05 22:57:49,900] Trial 91 finished with value: 297070.08040870854 and parameters: {'max_depth': 12, 'n_estimators': 34}. Best is trial 66 with value: 295454.55544477154.
[I 2024-12-05 22:57:54,987] Trial 92 finished with value: 296792.06900473137 and parameters: {'max_depth': 12, 'n_estimators': 38}. Best is trial 66 with value: 295454.55544477154.
[I 2024-12-05 22:57:59,312] Trial 93 finished with value: 316023.44608043524 and parameters: {'max_depth': 10, 'n_estimators': 42}. Best is trial 66 with value: 295454.55544477154.
[I 2024-12-05 22:58:06,994] Trial 94 finished with value: 295048.0523241884 and parameters: {'max_depth': 12, 'n_estimators': 59}. Best is trial 94 with value: 295048.0523241884.
[I 2024-12-05 22:58:13,716] Trial 95 finished with value: 300055.77775581245 and parameters: {'max_depth': 11, 'n_estimators': 63}. Best is trial 94 with value: 295048.0523241884.
[I 2024-12-05 22:58:17,361] Trial 96 finished with value: 835804.8684175835 and parameters: {'max_depth': 5, 'n_estimators': 73}. Best is trial 94 with value: 295048.0523241884.
[I 2024-12-05 22:58:23,878] Trial 97 finished with value: 294424.3705699277 and parameters: {'max_depth': 12, 'n_estimators': 49}. Best is trial 97 with value: 294424.3705699277.
[I 2024-12-05 22:58:30,437] Trial 98 finished with value: 302158.5911261265 and parameters: {'max_depth': 11, 'n_estimators': 57}. Best is trial 97 with value: 294424.3705699277.
[I 2024-12-05 22:58:37,401] Trial 99 finished with value: 295282.87319454853 and parameters: {'max_depth': 12, 'n_estimators': 55}. Best is trial 97 with value: 294424.3705699277.
/home/mburu/.local/lib/python3.8/site-packages/sklearn/preprocessing/_encoders.py:975: FutureWarning: `sparse` was renamed to `sparse_output` in version 1.2 and will be removed in 1.4. `sparse_output` is ignored unless you leave `sparse` to its default value.
  warnings.warn(
[I 2024-12-05 22:58:46,781] A new study created in RDB with name: RandomForest_House Prices Nominal
[I 2024-12-05 22:58:47,652] Trial 0 finished with value: 1081170621.185648 and parameters: {'max_depth': 5, 'n_estimators': 36}. Best is trial 0 with value: 1081170621.185648.
[I 2024-12-05 22:58:48,343] Trial 1 finished with value: 1552010651.3482728 and parameters: {'max_depth': 3, 'n_estimators': 22}. Best is trial 0 with value: 1081170621.185648.
[I 2024-12-05 22:58:49,355] Trial 2 finished with value: 938590419.7471883 and parameters: {'max_depth': 12, 'n_estimators': 20}. Best is trial 2 with value: 938590419.7471883.
[I 2024-12-05 22:58:50,168] Trial 3 finished with value: 2095101530.68514 and parameters: {'max_depth': 2, 'n_estimators': 49}. Best is trial 2 with value: 938590419.7471883.
[I 2024-12-05 22:58:51,030] Trial 4 finished with value: 2062226459.414463 and parameters: {'max_depth': 2, 'n_estimators': 53}. Best is trial 2 with value: 938590419.7471883.
[I 2024-12-05 22:58:51,697] Trial 5 finished with value: 1533935478.1373413 and parameters: {'max_depth': 3, 'n_estimators': 23}. Best is trial 2 with value: 938590419.7471883.
[I 2024-12-05 22:58:52,838] Trial 6 finished with value: 1077298798.987167 and parameters: {'max_depth': 5, 'n_estimators': 53}. Best is trial 2 with value: 938590419.7471883.
[I 2024-12-05 22:58:53,451] Trial 7 finished with value: 1261915166.8979962 and parameters: {'max_depth': 4, 'n_estimators': 17}. Best is trial 2 with value: 938590419.7471883.
[I 2024-12-05 22:58:55,731] Trial 8 finished with value: 901113565.7774994 and parameters: {'max_depth': 10, 'n_estimators': 82}. Best is trial 8 with value: 901113565.7774994.
[I 2024-12-05 22:58:57,029] Trial 9 finished with value: 1510978448.7028022 and parameters: {'max_depth': 3, 'n_estimators': 99}. Best is trial 8 with value: 901113565.7774994.
[I 2024-12-05 22:58:57,603] Trial 10 finished with value: 1095275354.3486972 and parameters: {'max_depth': 12, 'n_estimators': 5}. Best is trial 8 with value: 901113565.7774994.
[I 2024-12-05 22:58:58,300] Trial 11 finished with value: 934660051.4046253 and parameters: {'max_depth': 11, 'n_estimators': 10}. Best is trial 8 with value: 901113565.7774994.
[I 2024-12-05 22:58:58,875] Trial 12 finished with value: 961561584.7515692 and parameters: {'max_depth': 8, 'n_estimators': 7}. Best is trial 8 with value: 901113565.7774994.
[I 2024-12-05 22:58:59,460] Trial 13 finished with value: 974379558.7408308 and parameters: {'max_depth': 8, 'n_estimators': 8}. Best is trial 8 with value: 901113565.7774994.
[I 2024-12-05 22:59:00,180] Trial 14 finished with value: 984002582.2037394 and parameters: {'max_depth': 8, 'n_estimators': 12}. Best is trial 8 with value: 901113565.7774994.
[I 2024-12-05 22:59:01,003] Trial 15 finished with value: 998407582.1763874 and parameters: {'max_depth': 10, 'n_estimators': 13}. Best is trial 8 with value: 901113565.7774994.
[I 2024-12-05 22:59:02,617] Trial 16 finished with value: 961706027.5687563 and parameters: {'max_depth': 6, 'n_estimators': 82}. Best is trial 8 with value: 901113565.7774994.
[I 2024-12-05 22:59:03,206] Trial 17 finished with value: 988185555.4580297 and parameters: {'max_depth': 7, 'n_estimators': 9}. Best is trial 8 with value: 901113565.7774994.
[I 2024-12-05 22:59:03,786] Trial 18 finished with value: 1123384355.1965764 and parameters: {'max_depth': 10, 'n_estimators': 5}. Best is trial 8 with value: 901113565.7774994.
[I 2024-12-05 22:59:04,968] Trial 19 finished with value: 932214713.8455263 and parameters: {'max_depth': 10, 'n_estimators': 32}. Best is trial 8 with value: 901113565.7774994.
[I 2024-12-05 22:59:05,973] Trial 20 finished with value: 1018445252.2029493 and parameters: {'max_depth': 6, 'n_estimators': 35}. Best is trial 8 with value: 901113565.7774994.
[I 2024-12-05 22:59:07,358] Trial 21 finished with value: 901587947.4970165 and parameters: {'max_depth': 10, 'n_estimators': 32}. Best is trial 8 with value: 901113565.7774994.
[I 2024-12-05 22:59:08,443] Trial 22 finished with value: 884785338.1482553 and parameters: {'max_depth': 9, 'n_estimators': 33}. Best is trial 22 with value: 884785338.1482553.
[I 2024-12-05 22:59:10,271] Trial 23 finished with value: 900489613.0817293 and parameters: {'max_depth': 9, 'n_estimators': 69}. Best is trial 22 with value: 884785338.1482553.
[I 2024-12-05 22:59:11,827] Trial 24 finished with value: 936147011.1894605 and parameters: {'max_depth': 7, 'n_estimators': 74}. Best is trial 22 with value: 884785338.1482553.
[I 2024-12-05 22:59:13,598] Trial 25 finished with value: 876601865.1121076 and parameters: {'max_depth': 9, 'n_estimators': 69}. Best is trial 25 with value: 876601865.1121076.
[I 2024-12-05 22:59:14,692] Trial 26 finished with value: 1241145788.9950376 and parameters: {'max_depth': 4, 'n_estimators': 66}. Best is trial 25 with value: 876601865.1121076.
[I 2024-12-05 22:59:15,707] Trial 27 finished with value: 948860549.637776 and parameters: {'max_depth': 7, 'n_estimators': 43}. Best is trial 25 with value: 876601865.1121076.
[I 2024-12-05 22:59:16,688] Trial 28 finished with value: 958909763.1732279 and parameters: {'max_depth': 9, 'n_estimators': 26}. Best is trial 25 with value: 876601865.1121076.
[I 2024-12-05 22:59:17,799] Trial 29 finished with value: 1056247122.3432941 and parameters: {'max_depth': 5, 'n_estimators': 61}. Best is trial 25 with value: 876601865.1121076.
[I 2024-12-05 22:59:18,919] Trial 30 finished with value: 921991995.0066373 and parameters: {'max_depth': 8, 'n_estimators': 41}. Best is trial 25 with value: 876601865.1121076.
[I 2024-12-05 22:59:21,200] Trial 31 finished with value: 875881205.491265 and parameters: {'max_depth': 9, 'n_estimators': 93}. Best is trial 31 with value: 875881205.491265.
[I 2024-12-05 22:59:22,929] Trial 32 finished with value: 996082832.1632999 and parameters: {'max_depth': 6, 'n_estimators': 98}. Best is trial 31 with value: 875881205.491265.
[I 2024-12-05 22:59:24,698] Trial 33 finished with value: 880366316.2357353 and parameters: {'max_depth': 9, 'n_estimators': 64}. Best is trial 31 with value: 875881205.491265.
[I 2024-12-05 22:59:26,665] Trial 34 finished with value: 871823451.4606597 and parameters: {'max_depth': 12, 'n_estimators': 58}. Best is trial 34 with value: 871823451.4606597.
[I 2024-12-05 22:59:28,559] Trial 35 finished with value: 885762992.4672382 and parameters: {'max_depth': 12, 'n_estimators': 56}. Best is trial 34 with value: 871823451.4606597.
[I 2024-12-05 22:59:31,127] Trial 36 finished with value: 867233305.1191075 and parameters: {'max_depth': 12, 'n_estimators': 82}. Best is trial 36 with value: 867233305.1191075.
[I 2024-12-05 22:59:33,555] Trial 37 finished with value: 887365367.6769089 and parameters: {'max_depth': 11, 'n_estimators': 83}. Best is trial 36 with value: 867233305.1191075.
[I 2024-12-05 22:59:35,189] Trial 38 finished with value: 884244114.6138861 and parameters: {'max_depth': 12, 'n_estimators': 45}. Best is trial 36 with value: 867233305.1191075.
[I 2024-12-05 22:59:38,036] Trial 39 finished with value: 871808970.581221 and parameters: {'max_depth': 11, 'n_estimators': 98}. Best is trial 36 with value: 867233305.1191075.
[I 2024-12-05 22:59:40,741] Trial 40 finished with value: 870288060.388181 and parameters: {'max_depth': 11, 'n_estimators': 93}. Best is trial 36 with value: 867233305.1191075.
[I 2024-12-05 22:59:43,614] Trial 41 finished with value: 867644324.812907 and parameters: {'max_depth': 11, 'n_estimators': 100}. Best is trial 36 with value: 867233305.1191075.
[I 2024-12-05 22:59:46,037] Trial 42 finished with value: 874275690.8160061 and parameters: {'max_depth': 11, 'n_estimators': 84}. Best is trial 36 with value: 867233305.1191075.
[I 2024-12-05 22:59:48,950] Trial 43 finished with value: 875501921.3047943 and parameters: {'max_depth': 11, 'n_estimators': 100}. Best is trial 36 with value: 867233305.1191075.
[I 2024-12-05 22:59:50,822] Trial 44 finished with value: 875674641.5686715 and parameters: {'max_depth': 12, 'n_estimators': 54}. Best is trial 36 with value: 867233305.1191075.
[I 2024-12-05 22:59:53,179] Trial 45 finished with value: 893411562.2831366 and parameters: {'max_depth': 11, 'n_estimators': 77}. Best is trial 36 with value: 867233305.1191075.
[I 2024-12-05 22:59:55,893] Trial 46 finished with value: 874502066.8800281 and parameters: {'max_depth': 12, 'n_estimators': 86}. Best is trial 36 with value: 867233305.1191075.
[I 2024-12-05 22:59:56,804] Trial 47 finished with value: 2047599346.0623448 and parameters: {'max_depth': 2, 'n_estimators': 60}. Best is trial 36 with value: 867233305.1191075.
[I 2024-12-05 22:59:58,375] Trial 48 finished with value: 895162175.1538391 and parameters: {'max_depth': 10, 'n_estimators': 51}. Best is trial 36 with value: 867233305.1191075.
[I 2024-12-05 23:00:00,158] Trial 49 finished with value: 892880526.3440773 and parameters: {'max_depth': 8, 'n_estimators': 75}. Best is trial 36 with value: 867233305.1191075.
[I 2024-12-05 23:00:01,072] Trial 50 finished with value: 936943590.8962959 and parameters: {'max_depth': 11, 'n_estimators': 19}. Best is trial 36 with value: 867233305.1191075.
[I 2024-12-05 23:00:03,644] Trial 51 finished with value: 855398633.4735901 and parameters: {'max_depth': 11, 'n_estimators': 88}. Best is trial 51 with value: 855398633.4735901.
[I 2024-12-05 23:00:06,432] Trial 52 finished with value: 846258830.6679509 and parameters: {'max_depth': 12, 'n_estimators': 90}. Best is trial 52 with value: 846258830.6679509.
[I 2024-12-05 23:00:09,066] Trial 53 finished with value: 852215092.5653722 and parameters: {'max_depth': 11, 'n_estimators': 91}. Best is trial 52 with value: 846258830.6679509.
[I 2024-12-05 23:00:11,457] Trial 54 finished with value: 860391418.496747 and parameters: {'max_depth': 10, 'n_estimators': 88}. Best is trial 52 with value: 846258830.6679509.
[I 2024-12-05 23:00:13,545] Trial 55 finished with value: 884062299.7114384 and parameters: {'max_depth': 10, 'n_estimators': 74}. Best is trial 52 with value: 846258830.6679509.
[I 2024-12-05 23:00:14,727] Trial 56 finished with value: 1505916182.5613148 and parameters: {'max_depth': 3, 'n_estimators': 87}. Best is trial 52 with value: 846258830.6679509.
[I 2024-12-05 23:00:16,879] Trial 57 finished with value: 885615412.272459 and parameters: {'max_depth': 10, 'n_estimators': 79}. Best is trial 52 with value: 846258830.6679509.
[I 2024-12-05 23:00:18,501] Trial 58 finished with value: 894254771.9024534 and parameters: {'max_depth': 8, 'n_estimators': 69}. Best is trial 52 with value: 846258830.6679509.
[I 2024-12-05 23:00:19,764] Trial 59 finished with value: 947206966.6431284 and parameters: {'max_depth': 7, 'n_estimators': 49}. Best is trial 52 with value: 846258830.6679509.
[I 2024-12-05 23:00:21,206] Trial 60 finished with value: 1082086608.6527646 and parameters: {'max_depth': 5, 'n_estimators': 88}. Best is trial 52 with value: 846258830.6679509.
[I 2024-12-05 23:00:24,060] Trial 61 finished with value: 869836698.2201649 and parameters: {'max_depth': 11, 'n_estimators': 98}. Best is trial 52 with value: 846258830.6679509.
[I 2024-12-05 23:00:26,846] Trial 62 finished with value: 859650975.5311197 and parameters: {'max_depth': 12, 'n_estimators': 90}. Best is trial 52 with value: 846258830.6679509.
[I 2024-12-05 23:00:29,203] Trial 63 finished with value: 902330934.1549318 and parameters: {'max_depth': 12, 'n_estimators': 73}. Best is trial 52 with value: 846258830.6679509.
[I 2024-12-05 23:00:31,619] Trial 64 finished with value: 872336539.9101776 and parameters: {'max_depth': 10, 'n_estimators': 89}. Best is trial 52 with value: 846258830.6679509.
[I 2024-12-05 23:00:32,432] Trial 65 finished with value: 825691492.9123865 and parameters: {'max_depth': 12, 'n_estimators': 15}. Best is trial 65 with value: 825691492.9123865.
[I 2024-12-05 23:00:33,119] Trial 66 finished with value: 977787081.6678069 and parameters: {'max_depth': 9, 'n_estimators': 13}. Best is trial 65 with value: 825691492.9123865.
[I 2024-12-05 23:00:34,179] Trial 67 finished with value: 930542939.6267544 and parameters: {'max_depth': 12, 'n_estimators': 24}. Best is trial 65 with value: 825691492.9123865.
[I 2024-12-05 23:00:34,972] Trial 68 finished with value: 944620046.4530919 and parameters: {'max_depth': 10, 'n_estimators': 17}. Best is trial 65 with value: 825691492.9123865.
[I 2024-12-05 23:00:35,887] Trial 69 finished with value: 944507987.0837666 and parameters: {'max_depth': 12, 'n_estimators': 17}. Best is trial 65 with value: 825691492.9123865.
[I 2024-12-05 23:00:36,462] Trial 70 finished with value: 1080079380.7079015 and parameters: {'max_depth': 9, 'n_estimators': 6}. Best is trial 65 with value: 825691492.9123865.
[I 2024-12-05 23:00:38,390] Trial 71 finished with value: 839094477.8660872 and parameters: {'max_depth': 11, 'n_estimators': 64}. Best is trial 65 with value: 825691492.9123865.
[I 2024-12-05 23:00:39,095] Trial 72 finished with value: 1002108228.9003837 and parameters: {'max_depth': 10, 'n_estimators': 11}. Best is trial 65 with value: 825691492.9123865.
[I 2024-12-05 23:00:39,921] Trial 73 finished with value: 877173127.7455318 and parameters: {'max_depth': 12, 'n_estimators': 15}. Best is trial 65 with value: 825691492.9123865.
[I 2024-12-05 23:00:41,932] Trial 74 finished with value: 888068066.5746934 and parameters: {'max_depth': 11, 'n_estimators': 64}. Best is trial 65 with value: 825691492.9123865.
[I 2024-12-05 23:00:44,299] Trial 75 finished with value: 880919688.9235518 and parameters: {'max_depth': 11, 'n_estimators': 80}. Best is trial 65 with value: 825691492.9123865.
[I 2024-12-05 23:00:45,413] Trial 76 finished with value: 1218838633.9309113 and parameters: {'max_depth': 4, 'n_estimators': 70}. Best is trial 65 with value: 825691492.9123865.
[I 2024-12-05 23:00:47,875] Trial 77 finished with value: 849336409.4362795 and parameters: {'max_depth': 10, 'n_estimators': 90}. Best is trial 65 with value: 825691492.9123865.
[I 2024-12-05 23:00:50,169] Trial 78 finished with value: 861214603.9530258 and parameters: {'max_depth': 9, 'n_estimators': 92}. Best is trial 65 with value: 825691492.9123865.
[I 2024-12-05 23:00:52,050] Trial 79 finished with value: 894973075.8091463 and parameters: {'max_depth': 10, 'n_estimators': 64}. Best is trial 65 with value: 825691492.9123865.
[I 2024-12-05 23:00:52,647] Trial 80 finished with value: 1059577753.5836235 and parameters: {'max_depth': 8, 'n_estimators': 9}. Best is trial 65 with value: 825691492.9123865.
[I 2024-12-05 23:00:54,913] Trial 81 finished with value: 896872232.7971513 and parameters: {'max_depth': 9, 'n_estimators': 91}. Best is trial 65 with value: 825691492.9123865.
[I 2024-12-05 23:00:57,258] Trial 82 finished with value: 860616119.9776051 and parameters: {'max_depth': 11, 'n_estimators': 79}. Best is trial 65 with value: 825691492.9123865.
[I 2024-12-05 23:00:59,433] Trial 83 finished with value: 890999971.3119977 and parameters: {'max_depth': 10, 'n_estimators': 77}. Best is trial 65 with value: 825691492.9123865.
[I 2024-12-05 23:01:01,862] Trial 84 finished with value: 872532311.8920755 and parameters: {'max_depth': 11, 'n_estimators': 82}. Best is trial 65 with value: 825691492.9123865.
[I 2024-12-05 23:01:03,992] Trial 85 finished with value: 878059382.4292266 and parameters: {'max_depth': 11, 'n_estimators': 69}. Best is trial 65 with value: 825691492.9123865.
[I 2024-12-05 23:01:06,003] Trial 86 finished with value: 853315544.2769954 and parameters: {'max_depth': 12, 'n_estimators': 60}. Best is trial 65 with value: 825691492.9123865.
[I 2024-12-05 23:01:07,147] Trial 87 finished with value: 887323630.1370351 and parameters: {'max_depth': 12, 'n_estimators': 27}. Best is trial 65 with value: 825691492.9123865.
[I 2024-12-05 23:01:09,189] Trial 88 finished with value: 864921943.1846597 and parameters: {'max_depth': 12, 'n_estimators': 61}. Best is trial 65 with value: 825691492.9123865.
[I 2024-12-05 23:01:10,481] Trial 89 finished with value: 890692366.9713507 and parameters: {'max_depth': 10, 'n_estimators': 39}. Best is trial 65 with value: 825691492.9123865.
[I 2024-12-05 23:01:11,331] Trial 90 finished with value: 1999963378.7039657 and parameters: {'max_depth': 2, 'n_estimators': 48}. Best is trial 65 with value: 825691492.9123865.
[I 2024-12-05 23:01:13,982] Trial 91 finished with value: 876510714.3412931 and parameters: {'max_depth': 11, 'n_estimators': 92}. Best is trial 65 with value: 825691492.9123865.
[I 2024-12-05 23:01:15,887] Trial 92 finished with value: 858385507.5437706 and parameters: {'max_depth': 12, 'n_estimators': 56}. Best is trial 65 with value: 825691492.9123865.
[I 2024-12-05 23:01:17,807] Trial 93 finished with value: 872122205.6818192 and parameters: {'max_depth': 12, 'n_estimators': 57}. Best is trial 65 with value: 825691492.9123865.
[I 2024-12-05 23:01:20,046] Trial 94 finished with value: 863690163.0296332 and parameters: {'max_depth': 12, 'n_estimators': 72}. Best is trial 65 with value: 825691492.9123865.
[I 2024-12-05 23:01:20,865] Trial 95 finished with value: 971510220.8762023 and parameters: {'max_depth': 12, 'n_estimators': 15}. Best is trial 65 with value: 825691492.9123865.
[I 2024-12-05 23:01:22,591] Trial 96 finished with value: 868698179.1409241 and parameters: {'max_depth': 11, 'n_estimators': 53}. Best is trial 65 with value: 825691492.9123865.
[I 2024-12-05 23:01:24,885] Trial 97 finished with value: 885730265.1897291 and parameters: {'max_depth': 10, 'n_estimators': 85}. Best is trial 65 with value: 825691492.9123865.
[I 2024-12-05 23:01:26,783] Trial 98 finished with value: 846409173.880148 and parameters: {'max_depth': 10, 'n_estimators': 66}. Best is trial 65 with value: 825691492.9123865.
[I 2024-12-05 23:01:28,671] Trial 99 finished with value: 883544571.0613161 and parameters: {'max_depth': 11, 'n_estimators': 59}. Best is trial 65 with value: 825691492.9123865.
/home/mburu/.local/lib/python3.8/site-packages/sklearn/preprocessing/_encoders.py:975: FutureWarning: `sparse` was renamed to `sparse_output` in version 1.2 and will be removed in 1.4. `sparse_output` is ignored unless you leave `sparse` to its default value.
  warnings.warn(
[I 2024-12-05 23:01:32,793] A new study created in RDB with name: RandomForest_Mercedes Benz
[I 2024-12-05 23:01:35,525] Trial 0 finished with value: 70.2710698212335 and parameters: {'max_depth': 3, 'n_estimators': 80}. Best is trial 0 with value: 70.2710698212335.
[I 2024-12-05 23:01:36,876] Trial 1 finished with value: 78.327730651241 and parameters: {'max_depth': 2, 'n_estimators': 7}. Best is trial 0 with value: 70.2710698212335.
[I 2024-12-05 23:01:39,473] Trial 2 finished with value: 73.45072820394789 and parameters: {'max_depth': 10, 'n_estimators': 26}. Best is trial 0 with value: 70.2710698212335.
[I 2024-12-05 23:01:40,850] Trial 3 finished with value: 70.6542553005905 and parameters: {'max_depth': 4, 'n_estimators': 5}. Best is trial 0 with value: 70.2710698212335.
[I 2024-12-05 23:01:43,341] Trial 4 finished with value: 70.79609032135642 and parameters: {'max_depth': 6, 'n_estimators': 35}. Best is trial 0 with value: 70.2710698212335.
[I 2024-12-05 23:01:49,430] Trial 5 finished with value: 72.47410189642608 and parameters: {'max_depth': 9, 'n_estimators': 97}. Best is trial 0 with value: 70.2710698212335.
[I 2024-12-05 23:01:52,349] Trial 6 finished with value: 70.22348139239622 and parameters: {'max_depth': 4, 'n_estimators': 67}. Best is trial 6 with value: 70.22348139239622.
[I 2024-12-05 23:01:53,830] Trial 7 finished with value: 78.40570274925769 and parameters: {'max_depth': 2, 'n_estimators': 17}. Best is trial 6 with value: 70.22348139239622.
[I 2024-12-05 23:01:55,243] Trial 8 finished with value: 70.95348894777513 and parameters: {'max_depth': 4, 'n_estimators': 5}. Best is trial 6 with value: 70.22348139239622.
[I 2024-12-05 23:01:59,299] Trial 9 finished with value: 71.212097189854 and parameters: {'max_depth': 6, 'n_estimators': 87}. Best is trial 6 with value: 70.22348139239622.
[I 2024-12-05 23:02:01,515] Trial 10 finished with value: 70.31336759222197 and parameters: {'max_depth': 3, 'n_estimators': 43}. Best is trial 6 with value: 70.22348139239622.
[I 2024-12-05 23:02:03,985] Trial 11 finished with value: 70.3300245759979 and parameters: {'max_depth': 3, 'n_estimators': 56}. Best is trial 6 with value: 70.22348139239622.
[I 2024-12-05 23:02:05,530] Trial 12 finished with value: 70.37466994834806 and parameters: {'max_depth': 3, 'n_estimators': 15}. Best is trial 6 with value: 70.22348139239622.
[I 2024-12-05 23:02:08,399] Trial 13 finished with value: 70.62902069659874 and parameters: {'max_depth': 5, 'n_estimators': 55}. Best is trial 6 with value: 70.22348139239622.
[I 2024-12-05 23:02:11,092] Trial 14 finished with value: 70.29820990775639 and parameters: {'max_depth': 3, 'n_estimators': 69}. Best is trial 6 with value: 70.22348139239622.
[I 2024-12-05 23:02:13,478] Trial 15 finished with value: 71.48260437133898 and parameters: {'max_depth': 7, 'n_estimators': 30}. Best is trial 6 with value: 70.22348139239622.
[I 2024-12-05 23:02:14,883] Trial 16 finished with value: 77.93585396008868 and parameters: {'max_depth': 2, 'n_estimators': 11}. Best is trial 6 with value: 70.22348139239622.
[I 2024-12-05 23:02:17,331] Trial 17 finished with value: 70.42313362004772 and parameters: {'max_depth': 4, 'n_estimators': 45}. Best is trial 6 with value: 70.22348139239622.
[I 2024-12-05 23:02:20,677] Trial 18 finished with value: 70.19536363221684 and parameters: {'max_depth': 5, 'n_estimators': 72}. Best is trial 18 with value: 70.19536363221684.
[I 2024-12-05 23:02:23,264] Trial 19 finished with value: 76.48709587466753 and parameters: {'max_depth': 12, 'n_estimators': 22}. Best is trial 18 with value: 70.19536363221684.
[I 2024-12-05 23:02:26,340] Trial 20 finished with value: 70.48718380375922 and parameters: {'max_depth': 5, 'n_estimators': 62}. Best is trial 18 with value: 70.19536363221684.
[I 2024-12-05 23:02:29,946] Trial 21 finished with value: 70.59083714554241 and parameters: {'max_depth': 5, 'n_estimators': 79}. Best is trial 18 with value: 70.19536363221684.
[I 2024-12-05 23:02:35,297] Trial 22 finished with value: 71.70284298469707 and parameters: {'max_depth': 7, 'n_estimators': 100}. Best is trial 18 with value: 70.19536363221684.
[I 2024-12-05 23:02:37,548] Trial 23 finished with value: 70.57813895222573 and parameters: {'max_depth': 3, 'n_estimators': 46}. Best is trial 18 with value: 70.19536363221684.
[I 2024-12-05 23:02:40,606] Trial 24 finished with value: 70.38598682201913 and parameters: {'max_depth': 4, 'n_estimators': 72}. Best is trial 18 with value: 70.19536363221684.
[I 2024-12-05 23:02:42,944] Trial 25 finished with value: 70.53727275405836 and parameters: {'max_depth': 5, 'n_estimators': 35}. Best is trial 18 with value: 70.19536363221684.
[I 2024-12-05 23:02:46,070] Trial 26 finished with value: 70.83499618177277 and parameters: {'max_depth': 6, 'n_estimators': 54}. Best is trial 18 with value: 70.19536363221684.
[I 2024-12-05 23:02:50,344] Trial 27 finished with value: 71.36920345666172 and parameters: {'max_depth': 7, 'n_estimators': 78}. Best is trial 18 with value: 70.19536363221684.
[I 2024-12-05 23:02:52,629] Trial 28 finished with value: 70.44958954628716 and parameters: {'max_depth': 4, 'n_estimators': 40}. Best is trial 18 with value: 70.19536363221684.
[I 2024-12-05 23:02:54,869] Trial 29 finished with value: 77.63302685337646 and parameters: {'max_depth': 2, 'n_estimators': 63}. Best is trial 18 with value: 70.19536363221684.
[I 2024-12-05 23:02:56,557] Trial 30 finished with value: 72.56826545275564 and parameters: {'max_depth': 8, 'n_estimators': 9}. Best is trial 18 with value: 70.19536363221684.
[I 2024-12-05 23:02:59,227] Trial 31 finished with value: 70.46145184890086 and parameters: {'max_depth': 3, 'n_estimators': 70}. Best is trial 18 with value: 70.19536363221684.
[I 2024-12-05 23:03:02,309] Trial 32 finished with value: 70.30928422463877 and parameters: {'max_depth': 3, 'n_estimators': 83}. Best is trial 18 with value: 70.19536363221684.
[I 2024-12-05 23:03:04,905] Trial 33 finished with value: 70.10402213954794 and parameters: {'max_depth': 4, 'n_estimators': 52}. Best is trial 33 with value: 70.10402213954794.
[I 2024-12-05 23:03:07,418] Trial 34 finished with value: 70.28579081278711 and parameters: {'max_depth': 4, 'n_estimators': 49}. Best is trial 33 with value: 70.10402213954794.
[I 2024-12-05 23:03:09,703] Trial 35 finished with value: 70.58944570553788 and parameters: {'max_depth': 6, 'n_estimators': 29}. Best is trial 33 with value: 70.10402213954794.
[I 2024-12-05 23:03:12,018] Trial 36 finished with value: 70.79078049568511 and parameters: {'max_depth': 5, 'n_estimators': 36}. Best is trial 33 with value: 70.10402213954794.
[I 2024-12-05 23:03:15,764] Trial 37 finished with value: 70.32096654319426 and parameters: {'max_depth': 4, 'n_estimators': 98}. Best is trial 33 with value: 70.10402213954794.
[I 2024-12-05 23:03:19,161] Trial 38 finished with value: 71.08823876496251 and parameters: {'max_depth': 6, 'n_estimators': 63}. Best is trial 33 with value: 70.10402213954794.
[I 2024-12-05 23:03:21,445] Trial 39 finished with value: 73.11102491735718 and parameters: {'max_depth': 9, 'n_estimators': 21}. Best is trial 33 with value: 70.10402213954794.
[I 2024-12-05 23:03:25,207] Trial 40 finished with value: 70.51413591333191 and parameters: {'max_depth': 5, 'n_estimators': 84}. Best is trial 33 with value: 70.10402213954794.
[I 2024-12-05 23:03:27,732] Trial 41 finished with value: 70.51409619470888 and parameters: {'max_depth': 4, 'n_estimators': 50}. Best is trial 33 with value: 70.10402213954794.
[I 2024-12-05 23:03:30,353] Trial 42 finished with value: 70.21187041062821 and parameters: {'max_depth': 4, 'n_estimators': 51}. Best is trial 33 with value: 70.10402213954794.
[I 2024-12-05 23:03:33,395] Trial 43 finished with value: 70.48404780408386 and parameters: {'max_depth': 5, 'n_estimators': 59}. Best is trial 33 with value: 70.10402213954794.
[I 2024-12-05 23:03:35,668] Trial 44 finished with value: 70.28143133095575 and parameters: {'max_depth': 4, 'n_estimators': 40}. Best is trial 33 with value: 70.10402213954794.
[I 2024-12-05 23:03:39,940] Trial 45 finished with value: 71.23955744276441 and parameters: {'max_depth': 6, 'n_estimators': 87}. Best is trial 33 with value: 70.10402213954794.
[I 2024-12-05 23:03:42,691] Trial 46 finished with value: 70.38455721168145 and parameters: {'max_depth': 3, 'n_estimators': 69}. Best is trial 33 with value: 70.10402213954794.
[I 2024-12-05 23:03:45,246] Trial 47 finished with value: 70.31225434979754 and parameters: {'max_depth': 4, 'n_estimators': 52}. Best is trial 33 with value: 70.10402213954794.
[I 2024-12-05 23:03:47,153] Trial 48 finished with value: 70.55120468400831 and parameters: {'max_depth': 3, 'n_estimators': 33}. Best is trial 33 with value: 70.10402213954794.
[I 2024-12-05 23:03:51,400] Trial 49 finished with value: 72.18889111293984 and parameters: {'max_depth': 8, 'n_estimators': 72}. Best is trial 33 with value: 70.10402213954794.
[I 2024-12-05 23:03:53,350] Trial 50 finished with value: 70.8853616435208 and parameters: {'max_depth': 5, 'n_estimators': 23}. Best is trial 33 with value: 70.10402213954794.
[I 2024-12-05 23:03:55,746] Trial 51 finished with value: 70.4217492520676 and parameters: {'max_depth': 4, 'n_estimators': 45}. Best is trial 33 with value: 70.10402213954794.
[I 2024-12-05 23:03:58,498] Trial 52 finished with value: 70.24900090525267 and parameters: {'max_depth': 4, 'n_estimators': 59}. Best is trial 33 with value: 70.10402213954794.
[I 2024-12-05 23:04:01,564] Trial 53 finished with value: 70.33087515172909 and parameters: {'max_depth': 5, 'n_estimators': 61}. Best is trial 33 with value: 70.10402213954794.
[I 2024-12-05 23:04:04,209] Trial 54 finished with value: 70.34483871591243 and parameters: {'max_depth': 4, 'n_estimators': 55}. Best is trial 33 with value: 70.10402213954794.
[I 2024-12-05 23:04:10,447] Trial 55 finished with value: 73.77332293919785 and parameters: {'max_depth': 11, 'n_estimators': 89}. Best is trial 33 with value: 70.10402213954794.
[I 2024-12-05 23:04:11,831] Trial 56 finished with value: 71.11235460252833 and parameters: {'max_depth': 3, 'n_estimators': 6}. Best is trial 33 with value: 70.10402213954794.
[I 2024-12-05 23:04:15,481] Trial 57 finished with value: 70.46963877759782 and parameters: {'max_depth': 5, 'n_estimators': 77}. Best is trial 33 with value: 70.10402213954794.
[I 2024-12-05 23:04:16,941] Trial 58 finished with value: 76.91322966226137 and parameters: {'max_depth': 2, 'n_estimators': 16}. Best is trial 33 with value: 70.10402213954794.
[I 2024-12-05 23:04:19,527] Trial 59 finished with value: 71.25158391064326 and parameters: {'max_depth': 6, 'n_estimators': 40}. Best is trial 33 with value: 70.10402213954794.
[I 2024-12-05 23:04:22,452] Trial 60 finished with value: 70.43493577704834 and parameters: {'max_depth': 4, 'n_estimators': 66}. Best is trial 33 with value: 70.10402213954794.
[I 2024-12-05 23:04:24,671] Trial 61 finished with value: 70.06412610904142 and parameters: {'max_depth': 4, 'n_estimators': 39}. Best is trial 61 with value: 70.06412610904142.
[I 2024-12-05 23:04:27,156] Trial 62 finished with value: 70.04807717477266 and parameters: {'max_depth': 4, 'n_estimators': 48}. Best is trial 62 with value: 70.04807717477266.
[I 2024-12-05 23:04:29,726] Trial 63 finished with value: 70.34932821061957 and parameters: {'max_depth': 4, 'n_estimators': 49}. Best is trial 62 with value: 70.04807717477266.
[I 2024-12-05 23:04:32,282] Trial 64 finished with value: 70.81245014854736 and parameters: {'max_depth': 5, 'n_estimators': 42}. Best is trial 62 with value: 70.04807717477266.
[I 2024-12-05 23:04:35,085] Trial 65 finished with value: 70.1615687006146 and parameters: {'max_depth': 4, 'n_estimators': 58}. Best is trial 62 with value: 70.04807717477266.
[I 2024-12-05 23:04:37,265] Trial 66 finished with value: 70.20970991541182 and parameters: {'max_depth': 5, 'n_estimators': 31}. Best is trial 62 with value: 70.04807717477266.
[I 2024-12-05 23:04:39,595] Trial 67 finished with value: 71.62381985381316 and parameters: {'max_depth': 7, 'n_estimators': 27}. Best is trial 62 with value: 70.04807717477266.
[I 2024-12-05 23:04:42,148] Trial 68 finished with value: 71.28157156597914 and parameters: {'max_depth': 6, 'n_estimators': 37}. Best is trial 62 with value: 70.04807717477266.
[I 2024-12-05 23:04:44,259] Trial 69 finished with value: 70.30610991368174 and parameters: {'max_depth': 5, 'n_estimators': 30}. Best is trial 62 with value: 70.04807717477266.
[I 2024-12-05 23:04:46,440] Trial 70 finished with value: 70.7345795006572 and parameters: {'max_depth': 5, 'n_estimators': 32}. Best is trial 62 with value: 70.04807717477266.
[I 2024-12-05 23:04:48,890] Trial 71 finished with value: 70.37952987898134 and parameters: {'max_depth': 4, 'n_estimators': 46}. Best is trial 62 with value: 70.04807717477266.
[I 2024-12-05 23:04:51,504] Trial 72 finished with value: 70.58198157763866 and parameters: {'max_depth': 4, 'n_estimators': 53}. Best is trial 62 with value: 70.04807717477266.
[I 2024-12-05 23:04:54,192] Trial 73 finished with value: 70.35111766828611 and parameters: {'max_depth': 4, 'n_estimators': 57}. Best is trial 62 with value: 70.04807717477266.
[I 2024-12-05 23:04:56,576] Trial 74 finished with value: 71.02554660554316 and parameters: {'max_depth': 5, 'n_estimators': 38}. Best is trial 62 with value: 70.04807717477266.
[I 2024-12-05 23:04:59,477] Trial 75 finished with value: 71.25488790291232 and parameters: {'max_depth': 6, 'n_estimators': 48}. Best is trial 62 with value: 70.04807717477266.
[I 2024-12-05 23:05:01,482] Trial 76 finished with value: 70.5638151508663 and parameters: {'max_depth': 5, 'n_estimators': 25}. Best is trial 62 with value: 70.04807717477266.
[I 2024-12-05 23:05:04,641] Trial 77 finished with value: 72.48363597167364 and parameters: {'max_depth': 8, 'n_estimators': 44}. Best is trial 62 with value: 70.04807717477266.
[I 2024-12-05 23:05:07,770] Trial 78 finished with value: 70.4747351756588 and parameters: {'max_depth': 4, 'n_estimators': 75}. Best is trial 62 with value: 70.04807717477266.
[I 2024-12-05 23:05:10,698] Trial 79 finished with value: 70.30122089901182 and parameters: {'max_depth': 4, 'n_estimators': 66}. Best is trial 62 with value: 70.04807717477266.
[I 2024-12-05 23:05:12,287] Trial 80 finished with value: 70.39727093500169 and parameters: {'max_depth': 3, 'n_estimators': 18}. Best is trial 62 with value: 70.04807717477266.
[I 2024-12-05 23:05:15,030] Trial 81 finished with value: 70.28754202682019 and parameters: {'max_depth': 4, 'n_estimators': 58}. Best is trial 62 with value: 70.04807717477266.
[I 2024-12-05 23:05:17,895] Trial 82 finished with value: 70.17314002032582 and parameters: {'max_depth': 4, 'n_estimators': 64}. Best is trial 62 with value: 70.04807717477266.
[I 2024-12-05 23:05:21,103] Trial 83 finished with value: 70.34221224773192 and parameters: {'max_depth': 5, 'n_estimators': 66}. Best is trial 62 with value: 70.04807717477266.
[I 2024-12-05 23:05:23,171] Trial 84 finished with value: 70.35635129004245 and parameters: {'max_depth': 4, 'n_estimators': 33}. Best is trial 62 with value: 70.04807717477266.
[I 2024-12-05 23:05:25,523] Trial 85 finished with value: 70.26041566226581 and parameters: {'max_depth': 3, 'n_estimators': 52}. Best is trial 62 with value: 70.04807717477266.
[I 2024-12-05 23:05:27,187] Trial 86 finished with value: 71.25566578206166 and parameters: {'max_depth': 5, 'n_estimators': 13}. Best is trial 62 with value: 70.04807717477266.
[I 2024-12-05 23:05:29,531] Trial 87 finished with value: 70.27293002529333 and parameters: {'max_depth': 4, 'n_estimators': 42}. Best is trial 62 with value: 70.04807717477266.
[I 2024-12-05 23:05:34,036] Trial 88 finished with value: 70.55042924823691 and parameters: {'max_depth': 6, 'n_estimators': 94}. Best is trial 62 with value: 70.04807717477266.
[I 2024-12-05 23:05:36,895] Trial 89 finished with value: 70.31303702092983 and parameters: {'max_depth': 4, 'n_estimators': 62}. Best is trial 62 with value: 70.04807717477266.
[I 2024-12-05 23:05:39,594] Trial 90 finished with value: 70.20926821380942 and parameters: {'max_depth': 5, 'n_estimators': 48}. Best is trial 62 with value: 70.04807717477266.
[I 2024-12-05 23:05:42,497] Trial 91 finished with value: 70.58924966315186 and parameters: {'max_depth': 5, 'n_estimators': 54}. Best is trial 62 with value: 70.04807717477266.
[I 2024-12-05 23:05:44,947] Trial 92 finished with value: 70.28404584025877 and parameters: {'max_depth': 4, 'n_estimators': 47}. Best is trial 62 with value: 70.04807717477266.
[I 2024-12-05 23:05:49,951] Trial 93 finished with value: 72.35740693840475 and parameters: {'max_depth': 10, 'n_estimators': 73}. Best is trial 62 with value: 70.04807717477266.
[I 2024-12-05 23:05:52,712] Trial 94 finished with value: 70.58113050085328 and parameters: {'max_depth': 5, 'n_estimators': 50}. Best is trial 62 with value: 70.04807717477266.
[I 2024-12-05 23:05:55,987] Trial 95 finished with value: 70.37596426902465 and parameters: {'max_depth': 4, 'n_estimators': 79}. Best is trial 62 with value: 70.04807717477266.
[I 2024-12-05 23:05:58,408] Trial 96 finished with value: 70.62265466533748 and parameters: {'max_depth': 5, 'n_estimators': 39}. Best is trial 62 with value: 70.04807717477266.
[I 2024-12-05 23:06:00,997] Trial 97 finished with value: 70.53655890999777 and parameters: {'max_depth': 5, 'n_estimators': 43}. Best is trial 62 with value: 70.04807717477266.
[I 2024-12-05 23:06:04,579] Trial 98 finished with value: 70.81969229260767 and parameters: {'max_depth': 6, 'n_estimators': 68}. Best is trial 62 with value: 70.04807717477266.
[I 2024-12-05 23:06:06,748] Trial 99 finished with value: 70.31636312939006 and parameters: {'max_depth': 4, 'n_estimators': 36}. Best is trial 62 with value: 70.04807717477266.
/home/mburu/.local/lib/python3.8/site-packages/sklearn/preprocessing/_encoders.py:975: FutureWarning: `sparse` was renamed to `sparse_output` in version 1.2 and will be removed in 1.4. `sparse_output` is ignored unless you leave `sparse` to its default value.
  warnings.warn(
[I 2024-12-05 23:06:28,776] A new study created in RDB with name: RandomForest_Allstate Claims
[I 2024-12-05 23:09:36,289] Trial 0 finished with value: 5971123.373641575 and parameters: {'max_depth': 2, 'n_estimators': 44}. Best is trial 0 with value: 5971123.373641575.
[I 2024-12-05 23:14:34,034] Trial 1 finished with value: 4188841.364771058 and parameters: {'max_depth': 11, 'n_estimators': 17}. Best is trial 1 with value: 4188841.364771058.
[I 2024-12-05 23:16:48,389] Trial 2 finished with value: 5020404.459482969 and parameters: {'max_depth': 5, 'n_estimators': 12}. Best is trial 1 with value: 4188841.364771058.
[I 2024-12-05 23:18:17,303] Trial 3 finished with value: 5963512.312394102 and parameters: {'max_depth': 2, 'n_estimators': 13}. Best is trial 1 with value: 4188841.364771058.
[I 2024-12-05 23:23:44,839] Trial 4 finished with value: 5276375.655056333 and parameters: {'max_depth': 4, 'n_estimators': 46}. Best is trial 1 with value: 4188841.364771058.
[I 2024-12-05 23:25:01,826] Trial 5 finished with value: 5553043.274866162 and parameters: {'max_depth': 3, 'n_estimators': 7}. Best is trial 1 with value: 4188841.364771058.
[I 2024-12-05 23:43:05,870] Trial 6 finished with value: 4113011.5082842894 and parameters: {'max_depth': 12, 'n_estimators': 77}. Best is trial 6 with value: 4113011.5082842894.
[I 2024-12-05 23:56:16,122] Trial 7 finished with value: 4105487.453796573 and parameters: {'max_depth': 12, 'n_estimators': 56}. Best is trial 7 with value: 4105487.453796573.
[I 2024-12-06 00:00:22,901] Trial 8 finished with value: 5973143.460257048 and parameters: {'max_depth': 2, 'n_estimators': 63}. Best is trial 7 with value: 4105487.453796573.
[I 2024-12-06 00:02:07,818] Trial 9 finished with value: 4613289.814473553 and parameters: {'max_depth': 7, 'n_estimators': 6}. Best is trial 7 with value: 4105487.453796573.
[I 2024-12-06 00:08:13,644] Trial 10 finished with value: 4445363.233779723 and parameters: {'max_depth': 8, 'n_estimators': 30}. Best is trial 7 with value: 4105487.453796573.
[I 2024-12-06 00:30:10,823] Trial 11 finished with value: 4152389.608292345 and parameters: {'max_depth': 11, 'n_estimators': 99}. Best is trial 7 with value: 4105487.453796573.
[I 2024-12-06 00:48:12,911] Trial 12 finished with value: 4102815.118232815 and parameters: {'max_depth': 12, 'n_estimators': 77}. Best is trial 12 with value: 4102815.118232815.
[I 2024-12-06 00:54:12,265] Trial 13 finished with value: 4460041.359134557 and parameters: {'max_depth': 8, 'n_estimators': 30}. Best is trial 12 with value: 4102815.118232815.
[I 2024-12-06 01:02:30,160] Trial 14 finished with value: 4773099.880219178 and parameters: {'max_depth': 6, 'n_estimators': 53}. Best is trial 12 with value: 4102815.118232815.
[I 2024-12-06 01:09:12,570] Trial 15 finished with value: 4340420.475346159 and parameters: {'max_depth': 9, 'n_estimators': 32}. Best is trial 12 with value: 4102815.118232815.
[I 2024-12-06 01:19:54,163] Trial 16 finished with value: 5278286.264865124 and parameters: {'max_depth': 4, 'n_estimators': 99}. Best is trial 12 with value: 4102815.118232815.
[I 2024-12-06 01:25:56,918] Trial 17 finished with value: 5582669.303480243 and parameters: {'max_depth': 3, 'n_estimators': 68}. Best is trial 12 with value: 4102815.118232815.
[I 2024-12-06 01:31:12,316] Trial 18 finished with value: 4258267.572555667 and parameters: {'max_depth': 10, 'n_estimators': 22}. Best is trial 12 with value: 4102815.118232815.
[I 2024-12-06 01:38:07,661] Trial 19 finished with value: 4583019.609785665 and parameters: {'max_depth': 7, 'n_estimators': 39}. Best is trial 12 with value: 4102815.118232815.
[I 2024-12-06 01:49:24,822] Trial 20 finished with value: 4788293.646841361 and parameters: {'max_depth': 6, 'n_estimators': 74}. Best is trial 12 with value: 4102815.118232815.
[I 2024-12-06 02:07:32,235] Trial 21 finished with value: 4103231.724448691 and parameters: {'max_depth': 12, 'n_estimators': 78}. Best is trial 12 with value: 4102815.118232815.
[I 2024-12-06 02:20:30,287] Trial 22 finished with value: 4106993.626998215 and parameters: {'max_depth': 12, 'n_estimators': 55}. Best is trial 12 with value: 4102815.118232815.
[I 2024-12-06 02:38:17,067] Trial 23 finished with value: 4333321.56157002 and parameters: {'max_depth': 9, 'n_estimators': 90}. Best is trial 12 with value: 4102815.118232815.
[I 2024-12-06 02:50:57,770] Trial 24 finished with value: 4329421.948333517 and parameters: {'max_depth': 9, 'n_estimators': 64}. Best is trial 12 with value: 4102815.118232815.
[I 2024-12-06 02:56:55,133] Trial 25 finished with value: 4129168.143150132 and parameters: {'max_depth': 12, 'n_estimators': 23}. Best is trial 12 with value: 4102815.118232815.
[I 2024-12-06 03:05:23,108] Trial 26 finished with value: 4243613.607792855 and parameters: {'max_depth': 10, 'n_estimators': 38}. Best is trial 12 with value: 4102815.118232815.
[I 2024-12-06 03:18:43,665] Trial 27 finished with value: 4585576.699567342 and parameters: {'max_depth': 7, 'n_estimators': 80}. Best is trial 12 with value: 4102815.118232815.
[I 2024-12-06 03:26:06,065] Trial 28 finished with value: 5005703.384077473 and parameters: {'max_depth': 5, 'n_estimators': 54}. Best is trial 12 with value: 4102815.118232815.
[I 2024-12-06 03:36:07,049] Trial 29 finished with value: 4248577.235409243 and parameters: {'max_depth': 10, 'n_estimators': 46}. Best is trial 12 with value: 4102815.118232815.
[I 2024-12-06 03:43:22,024] Trial 30 finished with value: 5584457.539537593 and parameters: {'max_depth': 3, 'n_estimators': 83}. Best is trial 12 with value: 4102815.118232815.
[I 2024-12-06 03:56:30,727] Trial 31 finished with value: 4112636.7183037708 and parameters: {'max_depth': 12, 'n_estimators': 56}. Best is trial 12 with value: 4102815.118232815.
[I 2024-12-06 04:10:01,195] Trial 32 finished with value: 4176681.154326496 and parameters: {'max_depth': 11, 'n_estimators': 59}. Best is trial 12 with value: 4102815.118232815.
[I 2024-12-06 04:17:34,355] Trial 33 finished with value: 4445666.446623929 and parameters: {'max_depth': 8, 'n_estimators': 39}. Best is trial 12 with value: 4102815.118232815.
[I 2024-12-06 04:22:46,501] Trial 34 finished with value: 4149079.4498547204 and parameters: {'max_depth': 12, 'n_estimators': 18}. Best is trial 12 with value: 4102815.118232815.
[I 2024-12-06 04:33:45,729] Trial 35 finished with value: 4229741.7166581545 and parameters: {'max_depth': 10, 'n_estimators': 49}. Best is trial 12 with value: 4102815.118232815.
[I 2024-12-06 04:36:45,119] Trial 36 finished with value: 4385208.816897463 and parameters: {'max_depth': 9, 'n_estimators': 10}. Best is trial 12 with value: 4102815.118232815.
[I 2024-12-06 04:53:28,011] Trial 37 finished with value: 4155608.674036232 and parameters: {'max_depth': 11, 'n_estimators': 74}. Best is trial 12 with value: 4102815.118232815.
[I 2024-12-06 04:58:07,664] Trial 38 finished with value: 4793078.507162044 and parameters: {'max_depth': 6, 'n_estimators': 25}. Best is trial 12 with value: 4102815.118232815.
[I 2024-12-06 05:08:28,825] Trial 39 finished with value: 4108926.3962721094 and parameters: {'max_depth': 12, 'n_estimators': 41}. Best is trial 12 with value: 4102815.118232815.
[I 2024-12-06 05:20:50,862] Trial 40 finished with value: 4437830.2741373 and parameters: {'max_depth': 8, 'n_estimators': 65}. Best is trial 12 with value: 4102815.118232815.
[I 2024-12-06 05:30:58,279] Trial 41 finished with value: 4163535.3648423413 and parameters: {'max_depth': 11, 'n_estimators': 44}. Best is trial 12 with value: 4102815.118232815.
[I 2024-12-06 05:39:48,967] Trial 42 finished with value: 4135447.7706019953 and parameters: {'max_depth': 12, 'n_estimators': 35}. Best is trial 12 with value: 4102815.118232815.
[I 2024-12-06 05:57:54,776] Trial 43 finished with value: 4238671.050648345 and parameters: {'max_depth': 10, 'n_estimators': 87}. Best is trial 12 with value: 4102815.118232815.
[I 2024-12-06 06:08:45,887] Trial 44 finished with value: 4173350.110976926 and parameters: {'max_depth': 11, 'n_estimators': 48}. Best is trial 12 with value: 4102815.118232815.
[I 2024-12-06 06:22:36,224] Trial 45 finished with value: 4331892.425347969 and parameters: {'max_depth': 9, 'n_estimators': 70}. Best is trial 12 with value: 4102815.118232815.
[I 2024-12-06 06:29:32,962] Trial 46 finished with value: 4126490.2004913865 and parameters: {'max_depth': 12, 'n_estimators': 26}. Best is trial 12 with value: 4102815.118232815.
[I 2024-12-06 06:42:06,827] Trial 47 finished with value: 4236509.077616775 and parameters: {'max_depth': 10, 'n_estimators': 58}. Best is trial 12 with value: 4102815.118232815.
[I 2024-12-06 07:03:53,427] Trial 48 finished with value: 4156488.468290846 and parameters: {'max_depth': 11, 'n_estimators': 99}. Best is trial 12 with value: 4102815.118232815.
[I 2024-12-06 07:06:47,867] Trial 49 finished with value: 4447253.171553372 and parameters: {'max_depth': 8, 'n_estimators': 12}. Best is trial 12 with value: 4102815.118232815.
[I 2024-12-06 07:08:33,429] Trial 50 finished with value: 5972475.2212867085 and parameters: {'max_depth': 2, 'n_estimators': 18}. Best is trial 12 with value: 4102815.118232815.
[I 2024-12-06 07:22:20,766] Trial 51 finished with value: 4106626.2871127576 and parameters: {'max_depth': 12, 'n_estimators': 57}. Best is trial 12 with value: 4102815.118232815.
[I 2024-12-06 07:32:17,569] Trial 52 finished with value: 4178871.353802246 and parameters: {'max_depth': 11, 'n_estimators': 42}. Best is trial 12 with value: 4102815.118232815.
[I 2024-12-06 07:44:38,640] Trial 53 finished with value: 4115615.3078387156 and parameters: {'max_depth': 12, 'n_estimators': 52}. Best is trial 12 with value: 4102815.118232815.
[I 2024-12-06 07:58:08,255] Trial 54 finished with value: 4241429.00479008 and parameters: {'max_depth': 10, 'n_estimators': 64}. Best is trial 12 with value: 4102815.118232815.
[I 2024-12-06 08:13:06,050] Trial 55 finished with value: 4320668.6319233 and parameters: {'max_depth': 9, 'n_estimators': 75}. Best is trial 12 with value: 4102815.118232815.
[I 2024-12-06 08:21:27,062] Trial 56 finished with value: 4188431.3693699106 and parameters: {'max_depth': 11, 'n_estimators': 34}. Best is trial 12 with value: 4102815.118232815.
[I 2024-12-06 08:42:21,410] Trial 57 finished with value: 4104030.5492758704 and parameters: {'max_depth': 12, 'n_estimators': 89}. Best is trial 12 with value: 4102815.118232815.
[I 2024-12-06 09:01:32,482] Trial 58 finished with value: 4226508.307779907 and parameters: {'max_depth': 10, 'n_estimators': 91}. Best is trial 12 with value: 4102815.118232815.
[I 2024-12-06 09:17:18,146] Trial 59 finished with value: 4323123.22505462 and parameters: {'max_depth': 9, 'n_estimators': 80}. Best is trial 12 with value: 4102815.118232815.
[I 2024-12-06 09:26:38,239] Trial 60 finished with value: 4996987.30816599 and parameters: {'max_depth': 5, 'n_estimators': 70}. Best is trial 12 with value: 4102815.118232815.
[I 2024-12-06 09:28:49,080] Trial 61 finished with value: 4322381.24123351 and parameters: {'max_depth': 12, 'n_estimators': 5}. Best is trial 12 with value: 4102815.118232815.
[I 2024-12-06 09:42:15,738] Trial 62 finished with value: 4156567.0712402174 and parameters: {'max_depth': 11, 'n_estimators': 59}. Best is trial 12 with value: 4102815.118232815.
[I 2024-12-06 10:02:33,967] Trial 63 finished with value: 4092949.9948284873 and parameters: {'max_depth': 12, 'n_estimators': 88}. Best is trial 63 with value: 4092949.9948284873.
[I 2024-12-06 10:23:09,508] Trial 64 finished with value: 4163729.1622671 and parameters: {'max_depth': 11, 'n_estimators': 93}. Best is trial 63 with value: 4092949.9948284873.
[I 2024-12-06 10:40:54,087] Trial 65 finished with value: 4243816.118190656 and parameters: {'max_depth': 10, 'n_estimators': 84}. Best is trial 63 with value: 4092949.9948284873.
[I 2024-12-06 10:59:00,397] Trial 66 finished with value: 4105666.518266611 and parameters: {'max_depth': 12, 'n_estimators': 77}. Best is trial 63 with value: 4092949.9948284873.
[I 2024-12-06 11:16:59,919] Trial 67 finished with value: 4099447.969483915 and parameters: {'max_depth': 12, 'n_estimators': 77}. Best is trial 63 with value: 4092949.9948284873.
[I 2024-12-06 11:25:39,940] Trial 68 finished with value: 5284047.007950175 and parameters: {'max_depth': 4, 'n_estimators': 80}. Best is trial 63 with value: 4092949.9948284873.
[I 2024-12-06 11:43:57,758] Trial 69 finished with value: 4321720.075436549 and parameters: {'max_depth': 9, 'n_estimators': 94}. Best is trial 63 with value: 4092949.9948284873.
[I 2024-12-06 12:00:25,627] Trial 70 finished with value: 4594635.890458652 and parameters: {'max_depth': 7, 'n_estimators': 100}. Best is trial 63 with value: 4092949.9948284873.
[I 2024-12-06 12:16:53,189] Trial 71 finished with value: 4105200.7638180465 and parameters: {'max_depth': 12, 'n_estimators': 71}. Best is trial 63 with value: 4092949.9948284873.
[I 2024-12-06 12:32:27,358] Trial 72 finished with value: 4177077.8130771033 and parameters: {'max_depth': 11, 'n_estimators': 70}. Best is trial 63 with value: 4092949.9948284873.
[I 2024-12-06 12:50:03,470] Trial 73 finished with value: 4098124.745734392 and parameters: {'max_depth': 12, 'n_estimators': 76}. Best is trial 63 with value: 4092949.9948284873.
[I 2024-12-06 13:07:53,512] Trial 74 finished with value: 4226570.594040373 and parameters: {'max_depth': 10, 'n_estimators': 85}. Best is trial 63 with value: 4092949.9948284873.
[I 2024-12-06 13:21:49,692] Trial 75 finished with value: 4164804.7766725966 and parameters: {'max_depth': 11, 'n_estimators': 62}. Best is trial 63 with value: 4092949.9948284873.
[I 2024-12-06 13:37:42,600] Trial 76 finished with value: 4109444.9957964607 and parameters: {'max_depth': 12, 'n_estimators': 68}. Best is trial 63 with value: 4092949.9948284873.
[I 2024-12-06 13:57:56,718] Trial 77 finished with value: 4106000.6676394343 and parameters: {'max_depth': 12, 'n_estimators': 88}. Best is trial 63 with value: 4092949.9948284873.
[I 2024-12-06 14:14:39,407] Trial 78 finished with value: 4166293.926238063 and parameters: {'max_depth': 11, 'n_estimators': 75}. Best is trial 63 with value: 4092949.9948284873.
[I 2024-12-06 14:18:31,631] Trial 79 finished with value: 4268064.862618743 and parameters: {'max_depth': 10, 'n_estimators': 15}. Best is trial 63 with value: 4092949.9948284873.
[I 2024-12-06 14:21:50,294] Trial 80 finished with value: 4216313.756846556 and parameters: {'max_depth': 11, 'n_estimators': 10}. Best is trial 63 with value: 4092949.9948284873.
[I 2024-12-06 14:39:55,875] Trial 81 finished with value: 4103632.0147810383 and parameters: {'max_depth': 12, 'n_estimators': 78}. Best is trial 63 with value: 4092949.9948284873.
[I 2024-12-06 14:56:36,984] Trial 82 finished with value: 4114010.692002666 and parameters: {'max_depth': 12, 'n_estimators': 72}. Best is trial 63 with value: 4092949.9948284873.
[I 2024-12-06 15:12:08,974] Trial 83 finished with value: 4102750.2726507746 and parameters: {'max_depth': 12, 'n_estimators': 65}. Best is trial 63 with value: 4092949.9948284873.
[I 2024-12-06 15:25:38,143] Trial 84 finished with value: 4240084.674522342 and parameters: {'max_depth': 10, 'n_estimators': 64}. Best is trial 63 with value: 4092949.9948284873.
[I 2024-12-06 15:44:42,685] Trial 85 finished with value: 4106765.861923618 and parameters: {'max_depth': 12, 'n_estimators': 81}. Best is trial 63 with value: 4092949.9948284873.
[I 2024-12-06 16:05:04,256] Trial 86 finished with value: 4151311.9185043797 and parameters: {'max_depth': 11, 'n_estimators': 92}. Best is trial 63 with value: 4092949.9948284873.
[I 2024-12-06 16:11:11,465] Trial 87 finished with value: 5275342.774349496 and parameters: {'max_depth': 4, 'n_estimators': 52}. Best is trial 63 with value: 4092949.9948284873.
[I 2024-12-06 16:31:03,070] Trial 88 finished with value: 4106215.8804448335 and parameters: {'max_depth': 12, 'n_estimators': 85}. Best is trial 63 with value: 4092949.9948284873.
[I 2024-12-06 16:45:22,966] Trial 89 finished with value: 4240042.413070383 and parameters: {'max_depth': 10, 'n_estimators': 66}. Best is trial 63 with value: 4092949.9948284873.
[I 2024-12-06 16:59:20,014] Trial 90 finished with value: 4172916.379330943 and parameters: {'max_depth': 11, 'n_estimators': 61}. Best is trial 63 with value: 4092949.9948284873.
[I 2024-12-06 17:17:14,494] Trial 91 finished with value: 4110197.8258157 and parameters: {'max_depth': 12, 'n_estimators': 76}. Best is trial 63 with value: 4092949.9948284873.
[I 2024-12-06 17:32:54,839] Trial 92 finished with value: 4161667.7110247584 and parameters: {'max_depth': 11, 'n_estimators': 71}. Best is trial 63 with value: 4092949.9948284873.
[I 2024-12-06 17:54:42,188] Trial 93 finished with value: 4094564.672431053 and parameters: {'max_depth': 12, 'n_estimators': 95}. Best is trial 63 with value: 4092949.9948284873.
[I 2024-12-06 18:17:27,942] Trial 94 finished with value: 4091391.3494515223 and parameters: {'max_depth': 12, 'n_estimators': 99}. Best is trial 94 with value: 4091391.3494515223.
[I 2024-12-06 18:39:24,694] Trial 95 finished with value: 4156775.0854069903 and parameters: {'max_depth': 11, 'n_estimators': 100}. Best is trial 94 with value: 4091391.3494515223.
[I 2024-12-06 18:51:27,052] Trial 96 finished with value: 5006888.208639665 and parameters: {'max_depth': 5, 'n_estimators': 93}. Best is trial 94 with value: 4091391.3494515223.
[I 2024-12-06 19:11:09,848] Trial 97 finished with value: 4098783.4815831827 and parameters: {'max_depth': 12, 'n_estimators': 85}. Best is trial 94 with value: 4091391.3494515223.
[I 2024-12-06 19:26:39,369] Trial 98 finished with value: 4326989.669144675 and parameters: {'max_depth': 9, 'n_estimators': 79}. Best is trial 94 with value: 4091391.3494515223.
[I 2024-12-06 19:44:12,210] Trial 99 finished with value: 4230826.580544755 and parameters: {'max_depth': 10, 'n_estimators': 83}. Best is trial 94 with value: 4091391.3494515223.
